* Radex version        : 30nov2011
* Geometry             : Uniform sphere
* Molecular data file  : ./data/co.dat                                                                   
* T(kin)            [K]:  155.000
* Density of H2  [cm-3]:  5.012E+03
* Density of pH2 [cm-3]:  1.253E+03
* Density of oH2 [cm-3]:  3.759E+03
* T(background)     [K]:    2.725
* Column density [cm-2]:  4.949E+19
* Line width     [km/s]:   50.000
Calculation finished in   40 iterations
      LINE         E_UP       FREQ        WAVEL     T_EX      TAU        T_R       POP        POP       FLUX        FLUX
                   (K)        (GHz)       (um)      (K)                  (K)        UP        LOW      (K*km/s) (erg/cm2/s)
1      -- 0          5.5    115.2712   2600.7576  170.029  1.274E+00  1.199E+02  8.217E-02  2.830E-02  6.381E+03  1.259E-04
2      -- 1         16.6    230.5380   1300.4037  117.101  6.942E+00  1.114E+02  1.246E-01  8.217E-02  5.927E+03  9.352E-04
3      -- 2         33.2    345.7960    866.9634  114.797  1.414E+01  1.067E+02  1.510E-01  1.246E-01  5.677E+03  3.023E-03
4      -- 3         55.3    461.0408    650.2515  110.845  2.189E+01  1.001E+02  1.590E-01  1.510E-01  5.330E+03  6.727E-03
5      -- 4         83.0    576.2679    520.2310  104.764  2.867E+01  9.154E+01  1.492E-01  1.590E-01  4.872E+03  1.201E-02
6      -- 5        116.2    691.4731    433.5562   96.208  3.315E+01  8.057E+01  1.249E-01  1.492E-01  4.288E+03  1.826E-02
7      -- 6        154.9    806.6518    371.6504   84.890  3.430E+01  6.700E+01  9.134E-02  1.249E-01  3.566E+03  2.410E-02
8      -- 7        199.1    921.7997    325.2252   71.020  3.136E+01  5.118E+01  5.553E-02  9.134E-02  2.724E+03  2.748E-02
9      -- 8        248.9   1036.9124    289.1203   55.678  2.403E+01  3.445E+01  2.539E-02  5.553E-02  1.834E+03  2.633E-02
10     -- 9        304.2   1151.9855    260.2398   41.074  1.362E+01  1.945E+01  7.304E-03  2.539E-02  1.035E+03  2.038E-02
11     -- 10       365.0   1267.0145    236.6133   30.497  4.535E+00  9.482E+00  1.089E-03  7.304E-03  5.047E+02  1.322E-02
12     -- 11       431.3   1381.9951    216.9273   31.774  6.796E-01  4.631E+00  1.468E-04  1.089E-03  2.465E+02  8.378E-03
13     -- 12       503.1   1496.9229    200.2725   52.054  7.760E-02  1.803E+00  3.989E-05  1.468E-04  9.595E+01  4.145E-03
14     -- 13       580.5   1611.7935    185.9993   63.479  1.968E-02  6.327E-01  1.267E-05  3.989E-05  3.367E+01  1.816E-03
15     -- 14       663.4   1726.6025    173.6314   67.049  6.239E-03  2.111E-01  3.934E-06  1.267E-05  1.124E+01  7.449E-04
16     -- 15       751.7   1841.3455    162.8116   71.706  1.919E-03  6.973E-02  1.221E-06  3.934E-06  3.711E+00  2.984E-04
