* Radex version        : 30nov2011
* Geometry             : Uniform sphere
* Molecular data file  : ./data/co.dat                                                                   
* T(kin)            [K]:  180.000
* Density of H2  [cm-3]:  7.943E+04
* Density of pH2 [cm-3]:  1.986E+04
* Density of oH2 [cm-3]:  5.957E+04
* T(background)     [K]:   13.800
* Column density [cm-2]:  1.226E+20
* Line width     [km/s]:   50.000
Calculation finished in   40 iterations
      LINE         E_UP       FREQ        WAVEL     T_EX      TAU        T_R       POP        POP       FLUX        FLUX
                   (K)        (GHz)       (um)      (K)                  (K)        UP        LOW      (K*km/s) (erg/cm2/s)
1      -- 0          5.5    115.2712   2600.7576  186.018  1.663E+00  1.394E+02  4.747E-02  1.630E-02  7.422E+03  1.464E-04
2      -- 1         16.6    230.5380   1300.4037  176.446  6.694E+00  1.618E+02  7.430E-02  4.747E-02  8.610E+03  1.359E-03
3      -- 2         33.2    345.7960    866.9634  176.635  1.391E+01  1.613E+02  9.469E-02  7.430E-02  8.587E+03  4.573E-03
4      -- 3         55.3    461.0408    650.2515  176.300  2.216E+01  1.599E+02  1.074E-01  9.469E-02  8.510E+03  1.074E-02
5      -- 4         83.0    576.2679    520.2310  175.813  3.009E+01  1.580E+02  1.121E-01  1.074E-01  8.412E+03  2.073E-02
6      -- 5        116.2    691.4731    433.5562  175.119  3.651E+01  1.558E+02  1.097E-01  1.121E-01  8.290E+03  3.530E-02
7      -- 6        154.9    806.6518    371.6504  174.069  4.061E+01  1.529E+02  1.013E-01  1.097E-01  8.140E+03  5.502E-02
8      -- 7        199.1    921.7997    325.2252  172.542  4.202E+01  1.495E+02  8.884E-02  1.013E-01  7.957E+03  8.026E-02
9      -- 8        248.9   1036.9124    289.1203  170.283  4.084E+01  1.452E+02  7.413E-02  8.884E-02  7.729E+03  1.110E-01
10     -- 9        304.2   1151.9855    260.2398  166.716  3.757E+01  1.396E+02  5.881E-02  7.413E-02  7.429E+03  1.463E-01
11     -- 10       365.0   1267.0145    236.6133  161.491  3.284E+01  1.322E+02  4.420E-02  5.881E-02  7.038E+03  1.844E-01
12     -- 11       431.3   1381.9951    216.9273  153.296  2.738E+01  1.220E+02  3.117E-02  4.420E-02  6.492E+03  2.207E-01
13     -- 12       503.1   1496.9229    200.2725  140.822  2.178E+01  1.075E+02  2.021E-02  3.117E-02  5.724E+03  2.473E-01
14     -- 13       580.5   1611.7935    185.9993  122.920  1.637E+01  8.799E+01  1.157E-02  2.021E-02  4.683E+03  2.525E-01
15     -- 14       663.4   1726.6025    173.6314  100.612  1.116E+01  6.460E+01  5.427E-03  1.157E-02  3.438E+03  2.279E-01
16     -- 15       751.7   1841.3455    162.8116   77.467  6.296E+00  4.128E+01  1.846E-03  5.427E-03  2.197E+03  1.767E-01
