* Radex version        : 30nov2011
* Geometry             : Uniform sphere
* Molecular data file  : ./data/co.dat                                                                   
* T(kin)            [K]:  185.000
* Density of H2  [cm-3]:  2.512E+05
* Density of pH2 [cm-3]:  6.280E+04
* Density of oH2 [cm-3]:  1.884E+05
* T(background)     [K]:   13.800
* Column density [cm-2]:  3.876E+20
* Line width     [km/s]:   50.000
Calculation finished in   39 iterations
      LINE         E_UP       FREQ        WAVEL     T_EX      TAU        T_R       POP        POP       FLUX        FLUX
                   (K)        (GHz)       (um)      (K)                  (K)        UP        LOW      (K*km/s) (erg/cm2/s)
1      -- 0          5.5    115.2712   2600.7576  184.907  4.884E+00  1.696E+02  4.380E-02  1.504E-02  9.029E+03  1.781E-04
2      -- 1         16.6    230.5380   1300.4037  184.598  1.870E+01  1.701E+02  6.875E-02  4.380E-02  9.055E+03  1.429E-03
3      -- 2         33.2    345.7960    866.9634  184.603  3.901E+01  1.693E+02  8.798E-02  6.875E-02  9.011E+03  4.799E-03
4      -- 3         55.3    461.0408    650.2515  184.565  6.236E+01  1.681E+02  1.003E-01  8.798E-02  8.950E+03  1.130E-02
5      -- 4         83.0    576.2679    520.2310  184.509  8.503E+01  1.667E+02  1.056E-01  1.003E-01  8.874E+03  2.187E-02
6      -- 5        116.2    691.4731    433.5562  184.430  1.037E+02  1.650E+02  1.042E-01  1.056E-01  8.784E+03  3.740E-02
7      -- 6        154.9    806.6518    371.6504  184.312  1.159E+02  1.631E+02  9.746E-02  1.042E-01  8.683E+03  5.869E-02
8      -- 7        199.1    921.7997    325.2252  184.142  1.207E+02  1.610E+02  8.687E-02  9.746E-02  8.571E+03  8.646E-02
9      -- 8        248.9   1036.9124    289.1203  183.901  1.181E+02  1.588E+02  7.407E-02  8.687E-02  8.450E+03  1.213E-01
10     -- 9        304.2   1151.9855    260.2398  183.513  1.094E+02  1.562E+02  6.057E-02  7.407E-02  8.315E+03  1.637E-01
11     -- 10       365.0   1267.0145    236.6133  182.995  9.639E+01  1.535E+02  4.758E-02  6.057E-02  8.171E+03  2.140E-01
12     -- 11       431.3   1381.9951    216.9273  182.175  8.099E+01  1.505E+02  3.594E-02  4.758E-02  8.009E+03  2.722E-01
13     -- 12       503.1   1496.9229    200.2725  180.900  6.514E+01  1.470E+02  2.609E-02  3.594E-02  7.822E+03  3.379E-01
14     -- 13       580.5   1611.7935    185.9993  178.568  5.031E+01  1.424E+02  1.817E-02  2.609E-02  7.579E+03  4.087E-01
15     -- 14       663.4   1726.6025    173.6314  174.652  3.733E+01  1.363E+02  1.209E-02  1.817E-02  7.253E+03  4.808E-01
16     -- 15       751.7   1841.3455    162.8116  167.364  2.673E+01  1.269E+02  7.589E-03  1.209E-02  6.754E+03  5.431E-01
