* Radex version        : 30nov2011
* Geometry             : Uniform sphere
* Molecular data file  : ./data/co.dat                                                                   
* T(kin)            [K]:  130.000
* Density of H2  [cm-3]:  2.512E+04
* Density of pH2 [cm-3]:  6.280E+03
* Density of oH2 [cm-3]:  1.884E+04
* T(background)     [K]:    2.725
* Column density [cm-2]:  2.481E+20
* Line width     [km/s]:   50.000
Calculation finished in   43 iterations
      LINE         E_UP       FREQ        WAVEL     T_EX      TAU        T_R       POP        POP       FLUX        FLUX
                   (K)        (GHz)       (um)      (K)                  (K)        UP        LOW      (K*km/s) (erg/cm2/s)
1      -- 0          5.5    115.2712   2600.7576  128.498  6.628E+00  1.248E+02  6.412E-02  2.231E-02  6.640E+03  1.310E-04
2      -- 1         16.6    230.5380   1300.4037  127.881  2.496E+01  1.222E+02  9.801E-02  6.412E-02  6.506E+03  1.027E-03
3      -- 2         33.2    345.7960    866.9634  127.835  5.041E+01  1.197E+02  1.205E-01  9.801E-02  6.370E+03  3.392E-03
4      -- 3         55.3    461.0408    650.2515  127.587  7.705E+01  1.168E+02  1.303E-01  1.205E-01  6.219E+03  7.848E-03
5      -- 4         83.0    576.2679    520.2310  127.171  9.921E+01  1.138E+02  1.281E-01  1.303E-01  6.059E+03  1.493E-02
6      -- 5        116.2    691.4731    433.5562  126.494  1.128E+02  1.106E+02  1.165E-01  1.281E-01  5.888E+03  2.507E-02
7      -- 6        154.9    806.6518    371.6504  125.445  1.162E+02  1.071E+02  9.870E-02  1.165E-01  5.699E+03  3.853E-02
8      -- 7        199.1    921.7997    325.2252  123.715  1.101E+02  1.029E+02  7.823E-02  9.870E-02  5.477E+03  5.525E-02
9      -- 8        248.9   1036.9124    289.1203  120.893  9.691E+01  9.771E+01  5.793E-02  7.823E-02  5.201E+03  7.467E-02
10     -- 9        304.2   1151.9855    260.2398  115.845  7.989E+01  9.039E+01  3.973E-02  5.793E-02  4.811E+03  9.472E-02
11     -- 10       365.0   1267.0145    236.6133  107.650  6.176E+01  8.009E+01  2.473E-02  3.973E-02  4.263E+03  1.117E-01
12     -- 11       431.3   1381.9951    216.9273   94.771  4.444E+01  6.544E+01  1.335E-02  2.473E-02  3.483E+03  1.184E-01
13     -- 12       503.1   1496.9229    200.2725   77.237  2.861E+01  4.681E+01  5.689E-03  1.335E-02  2.491E+03  1.076E-01
14     -- 13       580.5   1611.7935    185.9993   57.411  1.478E+01  2.717E+01  1.588E-03  5.689E-03  1.446E+03  7.797E-02
15     -- 14       663.4   1726.6025    173.6314   40.990  4.795E+00  1.255E+01  2.248E-04  1.588E-03  6.677E+02  4.426E-02
16     -- 15       751.7   1841.3455    162.8116   39.602  6.925E-01  5.311E+00  2.570E-05  2.248E-04  2.827E+02  2.273E-02
