* Radex version        : 30nov2011
* Geometry             : Uniform sphere
* Molecular data file  : ./data/co.dat                                                                   
* T(kin)            [K]:  180.000
* Density of H2  [cm-3]:  3.162E+04
* Density of pH2 [cm-3]:  7.906E+03
* Density of oH2 [cm-3]:  2.372E+04
* T(background)     [K]:   13.800
* Column density [cm-2]:  4.879E+19
* Line width     [km/s]:   50.000
Calculation finished in   38 iterations
      LINE         E_UP       FREQ        WAVEL     T_EX      TAU        T_R       POP        POP       FLUX        FLUX
                   (K)        (GHz)       (um)      (K)                  (K)        UP        LOW      (K*km/s) (erg/cm2/s)
1      -- 0          5.5    115.2712   2600.7576  242.276  5.888E-01  1.016E+02  5.516E-02  1.881E-02  5.408E+03  1.067E-04
2      -- 1         16.6    230.5380   1300.4037  167.863  3.250E+00  1.474E+02  8.607E-02  5.516E-02  7.848E+03  1.238E-03
3      -- 2         33.2    345.7960    866.9634  163.972  6.884E+00  1.485E+02  1.089E-01  8.607E-02  7.906E+03  4.210E-03
4      -- 3         55.3    461.0408    650.2515  162.237  1.097E+01  1.458E+02  1.222E-01  1.089E-01  7.763E+03  9.797E-03
5      -- 4         83.0    576.2679    520.2310  159.815  1.488E+01  1.421E+02  1.256E-01  1.222E-01  7.562E+03  1.864E-02
6      -- 5        116.2    691.4731    433.5562  156.324  1.803E+01  1.370E+02  1.200E-01  1.256E-01  7.293E+03  3.105E-02
7      -- 6        154.9    806.6518    371.6504  151.197  2.005E+01  1.302E+02  1.072E-01  1.200E-01  6.928E+03  4.683E-02
8      -- 7        199.1    921.7997    325.2252  143.900  2.072E+01  1.210E+02  8.934E-02  1.072E-01  6.443E+03  6.499E-02
9      -- 8        248.9   1036.9124    289.1203  133.735  2.005E+01  1.090E+02  6.883E-02  8.934E-02  5.802E+03  8.330E-02
10     -- 9        304.2   1151.9855    260.2398  119.957  1.817E+01  9.340E+01  4.798E-02  6.883E-02  4.971E+03  9.788E-02
11     -- 10       365.0   1267.0145    236.6133  103.017  1.516E+01  7.484E+01  2.912E-02  4.798E-02  3.983E+03  1.043E-01
12     -- 11       431.3   1381.9951    216.9273   83.486  1.121E+01  5.412E+01  1.430E-02  2.912E-02  2.881E+03  9.792E-02
13     -- 12       503.1   1496.9229    200.2725   64.102  6.711E+00  3.432E+01  5.036E-03  1.430E-02  1.826E+03  7.890E-02
14     -- 13       580.5   1611.7935    185.9993   50.066  2.736E+00  1.935E+01  1.154E-03  5.036E-03  1.030E+03  5.553E-02
15     -- 14       663.4   1726.6025    173.6314   51.230  6.332E-01  9.524E+00  2.447E-04  1.154E-03  5.069E+02  3.360E-02
16     -- 15       751.7   1841.3455    162.8116   69.331  1.196E-01  3.850E+00  7.281E-05  2.447E-04  2.049E+02  1.648E-02
