* Radex version        : 30nov2011
* Geometry             : Uniform sphere
* Molecular data file  : ./data/co.dat                                                                   
* T(kin)            [K]:  195.000
* Density of H2  [cm-3]:  5.012E+04
* Density of pH2 [cm-3]:  1.253E+04
* Density of oH2 [cm-3]:  3.759E+04
* T(background)     [K]:   13.800
* Column density [cm-2]:  7.733E+19
* Line width     [km/s]:   50.000
Calculation finished in   40 iterations
      LINE         E_UP       FREQ        WAVEL     T_EX      TAU        T_R       POP        POP       FLUX        FLUX
                   (K)        (GHz)       (um)      (K)                  (K)        UP        LOW      (K*km/s) (erg/cm2/s)
1      -- 0          5.5    115.2712   2600.7576  226.753  8.542E-01  1.222E+02  4.721E-02  1.613E-02  6.505E+03  1.283E-04
2      -- 1         16.6    230.5380   1300.4037  186.881  3.974E+00  1.692E+02  7.417E-02  4.721E-02  9.004E+03  1.421E-03
3      -- 2         33.2    345.7960    866.9634  185.487  8.359E+00  1.701E+02  9.495E-02  7.417E-02  9.056E+03  4.822E-03
4      -- 3         55.3    461.0408    650.2515  184.659  1.342E+01  1.682E+02  1.083E-01  9.495E-02  8.955E+03  1.130E-02
5      -- 4         83.0    576.2679    520.2310  183.396  1.841E+01  1.656E+02  1.138E-01  1.083E-01  8.814E+03  2.172E-02
6      -- 5        116.2    691.4731    433.5562  181.615  2.262E+01  1.622E+02  1.121E-01  1.138E-01  8.635E+03  3.677E-02
7      -- 6        154.9    806.6518    371.6504  178.943  2.554E+01  1.578E+02  1.041E-01  1.121E-01  8.398E+03  5.677E-02
8      -- 7        199.1    921.7997    325.2252  175.116  2.690E+01  1.521E+02  9.168E-02  1.041E-01  8.093E+03  8.164E-02
9      -- 8        248.9   1036.9124    289.1203  169.562  2.669E+01  1.445E+02  7.640E-02  9.168E-02  7.691E+03  1.104E-01
10     -- 9        304.2   1151.9855    260.2398  161.400  2.511E+01  1.343E+02  5.995E-02  7.640E-02  7.148E+03  1.407E-01
11     -- 10       365.0   1267.0145    236.6133  150.287  2.241E+01  1.212E+02  4.381E-02  5.995E-02  6.450E+03  1.689E-01
12     -- 11       431.3   1381.9951    216.9273  135.090  1.892E+01  1.041E+02  2.915E-02  4.381E-02  5.540E+03  1.883E-01
13     -- 12       503.1   1496.9229    200.2725  115.689  1.488E+01  8.307E+01  1.692E-02  2.915E-02  4.421E+03  1.910E-01
14     -- 13       580.5   1611.7935    185.9993   92.992  1.046E+01  5.933E+01  7.908E-03  1.692E-02  3.158E+03  1.703E-01
15     -- 14       663.4   1726.6025    173.6314   70.925  5.913E+00  3.708E+01  2.628E-03  7.908E-03  1.973E+03  1.308E-01
16     -- 15       751.7   1841.3455    162.8116   56.962  2.228E+00  2.108E+01  5.930E-04  2.628E-03  1.122E+03  9.019E-02
