* Radex version        : 30nov2011
* Geometry             : Uniform sphere
* Molecular data file  : ./data/co.dat                                                                   
* T(kin)            [K]:  175.000
* Density of H2  [cm-3]:  7.943E+02
* Density of pH2 [cm-3]:  1.986E+02
* Density of oH2 [cm-3]:  5.957E+02
* T(background)     [K]:   13.800
* Column density [cm-2]:  1.226E+18
* Line width     [km/s]:   50.000
Calculation finished in   28 iterations
      LINE         E_UP       FREQ        WAVEL     T_EX      TAU        T_R       POP        POP       FLUX        FLUX
                   (K)        (GHz)       (um)      (K)                  (K)        UP        LOW      (K*km/s) (erg/cm2/s)
1      -- 0          5.5    115.2712   2600.7576   85.070  2.136E-01  1.368E+01  2.738E-01  9.740E-02  7.279E+02  1.436E-05
2      -- 1         16.6    230.5380   1300.4037   27.488  2.105E+00  1.170E+01  3.051E-01  2.738E-01  6.229E+02  9.829E-05
3      -- 2         33.2    345.7960    866.9634   22.857  3.287E+00  8.113E+00  2.067E-01  3.051E-01  4.318E+02  2.299E-04
4      -- 3         55.3    461.0408    650.2515   19.821  2.758E+00  4.871E+00  8.702E-02  2.067E-01  2.593E+02  3.272E-04
5      -- 4         83.0    576.2679    520.2310   18.321  1.305E+00  2.579E+00  2.350E-02  8.702E-02  1.372E+02  3.382E-04
6      -- 5        116.2    691.4731    433.5562   19.223  3.644E-01  1.188E+00  4.942E-03  2.350E-02  6.321E+01  2.691E-04
7      -- 6        154.9    806.6518    371.6504   23.611  7.398E-02  4.869E-01  1.107E-03  4.942E-03  2.592E+01  1.752E-04
8      -- 7        199.1    921.7997    325.2252   31.764  1.525E-02  1.930E-01  3.115E-04  1.107E-03  1.027E+01  1.036E-04
9      -- 8        248.9   1036.9124    289.1203   40.082  4.019E-03  7.553E-02  1.006E-04  3.115E-04  4.020E+00  5.772E-05
10     -- 9        304.2   1151.9855    260.2398   46.696  1.254E-03  2.926E-02  3.403E-05  1.006E-04  1.558E+00  3.066E-05
11     -- 10       365.0   1267.0145    236.6133   52.496  4.155E-04  1.125E-02  1.170E-05  3.403E-05  5.989E-01  1.569E-05
12     -- 11       431.3   1381.9951    216.9273   57.779  1.409E-04  4.267E-03  4.037E-06  1.170E-05  2.271E-01  7.720E-06
13     -- 12       503.1   1496.9229    200.2725   64.070  4.759E-05  1.634E-03  1.421E-06  4.037E-06  8.695E-02  3.756E-06
14     -- 13       580.5   1611.7935    185.9993   65.153  1.712E-05  5.765E-04  4.655E-07  1.421E-06  3.069E-02  1.655E-06
15     -- 14       663.4   1726.6025    173.6314   66.179  5.716E-06  1.884E-04  1.423E-07  4.655E-07  1.003E-02  6.649E-07
16     -- 15       751.7   1841.3455    162.8116   73.485  1.697E-06  6.413E-05  4.549E-08  1.423E-07  3.414E-03  2.745E-07
