* Radex version        : 30nov2011
* Geometry             : Uniform sphere
* Molecular data file  : ./data/co.dat                                                                   
* T(kin)            [K]:  155.000
* Density of H2  [cm-3]:  1.585E+02
* Density of pH2 [cm-3]:  3.962E+01
* Density of oH2 [cm-3]:  1.189E+02
* T(background)     [K]:   13.800
* Column density [cm-2]:  2.445E+17
* Line width     [km/s]:   50.000
Calculation finished in   19 iterations
      LINE         E_UP       FREQ        WAVEL     T_EX      TAU        T_R       POP        POP       FLUX        FLUX
                   (K)        (GHz)       (um)      (K)                  (K)        UP        LOW      (K*km/s) (erg/cm2/s)
1      -- 0          5.5    115.2712   2600.7576   18.757  2.884E-01  1.230E+00  3.629E-01  1.625E-01  6.545E+01  1.291E-06
2      -- 1         16.6    230.5380   1300.4037   15.362  8.626E-01  8.602E-01  2.944E-01  3.629E-01  4.579E+01  7.225E-06
3      -- 2         33.2    345.7960    866.9634   14.758  8.277E-01  4.823E-01  1.338E-01  2.944E-01  2.567E+01  1.367E-05
4      -- 3         55.3    461.0408    650.2515   14.616  4.133E-01  2.266E-01  3.787E-02  1.338E-01  1.206E+01  1.522E-05
5      -- 4         83.0    576.2679    520.2310   14.876  1.228E-01  9.200E-02  7.212E-03  3.787E-02  4.897E+00  1.207E-05
6      -- 5        116.2    691.4731    433.5562   16.008  2.372E-02  3.474E-02  1.072E-03  7.212E-03  1.849E+00  7.873E-06
7      -- 6        154.9    806.6518    371.6504   19.634  3.420E-03  1.287E-02  1.722E-04  1.072E-03  6.848E-01  4.629E-06
8      -- 7        199.1    921.7997    325.2252   27.844  5.016E-04  4.754E-03  3.985E-05  1.722E-04  2.530E-01  2.552E-06
9      -- 8        248.9   1036.9124    289.1203   37.220  1.064E-04  1.737E-03  1.170E-05  3.985E-05  9.247E-02  1.328E-06
10     -- 9        304.2   1151.9855    260.2398   43.841  3.003E-05  6.257E-04  3.664E-06  1.170E-05  3.330E-02  6.557E-07
11     -- 10       365.0   1267.0145    236.6133   49.205  9.230E-06  2.230E-04  1.166E-06  3.664E-06  1.187E-02  3.109E-07
12     -- 11       431.3   1381.9951    216.9273   53.817  2.907E-06  7.777E-05  3.696E-07  1.166E-06  4.139E-03  1.407E-07
13     -- 12       503.1   1496.9229    200.2725   60.052  8.996E-07  2.765E-05  1.207E-07  3.696E-07  1.472E-03  6.357E-08
14     -- 13       580.5   1611.7935    185.9993   60.744  3.007E-07  8.954E-06  3.627E-08  1.207E-07  4.766E-04  2.570E-08
15     -- 14       663.4   1726.6025    173.6314   61.270  9.226E-08  2.648E-06  1.003E-08  3.627E-08  1.409E-04  9.342E-09
16     -- 15       751.7   1841.3455    162.8116   68.323  2.475E-08  8.232E-07  2.928E-09  1.003E-08  4.381E-05  3.523E-09
