* Radex version        : 30nov2011
* Geometry             : Uniform sphere
* Molecular data file  : ./data/co.dat                                                                   
* T(kin)            [K]:  160.000
* Density of H2  [cm-3]:  6.310E+05
* Density of pH2 [cm-3]:  1.577E+05
* Density of oH2 [cm-3]:  4.732E+05
* T(background)     [K]:   13.800
* Column density [cm-2]:  9.736E+20
* Line width     [km/s]:   50.000
Calculation finished in   36 iterations
      LINE         E_UP       FREQ        WAVEL     T_EX      TAU        T_R       POP        POP       FLUX        FLUX
                   (K)        (GHz)       (um)      (K)                  (K)        UP        LOW      (K*km/s) (erg/cm2/s)
1      -- 0          5.5    115.2712   2600.7576  159.964  1.619E+01  1.460E+02  4.989E-02  1.721E-02  7.771E+03  1.533E-04
2      -- 1         16.6    230.5380   1300.4037  159.961  6.145E+01  1.455E+02  7.759E-02  4.989E-02  7.744E+03  1.222E-03
3      -- 2         33.2    345.7960    866.9634  159.959  1.268E+02  1.447E+02  9.792E-02  7.759E-02  7.700E+03  4.101E-03
4      -- 3         55.3    461.0408    650.2515  159.954  1.994E+02  1.436E+02  1.096E-01  9.792E-02  7.642E+03  9.644E-03
5      -- 4         83.0    576.2679    520.2310  159.947  2.662E+02  1.422E+02  1.127E-01  1.096E-01  7.569E+03  1.865E-02
6      -- 5        116.2    691.4731    433.5562  159.937  3.164E+02  1.406E+02  1.083E-01  1.127E-01  7.485E+03  3.187E-02
7      -- 6        154.9    806.6518    371.6504  159.922  3.433E+02  1.389E+02  9.805E-02  1.083E-01  7.390E+03  4.996E-02
8      -- 7        199.1    921.7997    325.2252  159.899  3.452E+02  1.369E+02  8.426E-02  9.805E-02  7.288E+03  7.352E-02
9      -- 8        248.9   1036.9124    289.1203  159.865  3.248E+02  1.349E+02  6.899E-02  8.426E-02  7.179E+03  1.031E-01
10     -- 9        304.2   1151.9855    260.2398  159.809  2.878E+02  1.327E+02  5.395E-02  6.899E-02  7.065E+03  1.391E-01
11     -- 10       365.0   1267.0145    236.6133  159.730  2.415E+02  1.305E+02  4.038E-02  5.395E-02  6.946E+03  1.819E-01
12     -- 11       431.3   1381.9951    216.9273  159.600  1.924E+02  1.282E+02  2.897E-02  4.038E-02  6.822E+03  2.319E-01
13     -- 12       503.1   1496.9229    200.2725  159.390  1.460E+02  1.258E+02  1.993E-02  2.897E-02  6.694E+03  2.892E-01
14     -- 13       580.5   1611.7935    185.9993  158.997  1.058E+02  1.232E+02  1.316E-02  1.993E-02  6.555E+03  3.535E-01
15     -- 14       663.4   1726.6025    173.6314  158.326  7.326E+01  1.203E+02  8.336E-03  1.316E-02  6.402E+03  4.244E-01
16     -- 15       751.7   1841.3455    162.8116  156.984  4.859E+01  1.168E+02  5.054E-03  8.336E-03  6.215E+03  4.997E-01
