* Radex version        : 30nov2011
* Geometry             : Uniform sphere
* Molecular data file  : ./data/co.dat                                                                   
* T(kin)            [K]:  145.000
* Density of H2  [cm-3]:  1.585E+04
* Density of pH2 [cm-3]:  3.962E+03
* Density of oH2 [cm-3]:  1.189E+04
* T(background)     [K]:   13.800
* Column density [cm-2]:  2.445E+19
* Line width     [km/s]:   50.000
Calculation finished in   37 iterations
      LINE         E_UP       FREQ        WAVEL     T_EX      TAU        T_R       POP        POP       FLUX        FLUX
                   (K)        (GHz)       (um)      (K)                  (K)        UP        LOW      (K*km/s) (erg/cm2/s)
1      -- 0          5.5    115.2712   2600.7576  239.883  4.176E-01  7.712E+01  7.727E-02  2.636E-02  4.105E+03  8.097E-05
2      -- 1         16.6    230.5380   1300.4037  125.680  3.015E+00  1.058E+02  1.179E-01  7.727E-02  5.630E+03  8.883E-04
3      -- 2         33.2    345.7960    866.9634  119.953  6.346E+00  1.045E+02  1.438E-01  1.179E-01  5.564E+03  2.963E-03
4      -- 3         55.3    461.0408    650.2515  116.402  9.854E+00  1.001E+02  1.529E-01  1.438E-01  5.328E+03  6.725E-03
5      -- 4         83.0    576.2679    520.2310  111.498  1.290E+01  9.393E+01  1.458E-01  1.529E-01  5.000E+03  1.232E-02
6      -- 5        116.2    691.4731    433.5562  104.503  1.492E+01  8.549E+01  1.254E-01  1.458E-01  4.550E+03  1.937E-02
7      -- 6        154.9    806.6518    371.6504   94.856  1.557E+01  7.432E+01  9.622E-02  1.254E-01  3.956E+03  2.674E-02
8      -- 7        199.1    921.7997    325.2252   82.308  1.464E+01  6.029E+01  6.371E-02  9.622E-02  3.209E+03  3.237E-02
9      -- 8        248.9   1036.9124    289.1203   67.344  1.205E+01  4.411E+01  3.401E-02  6.371E-02  2.348E+03  3.371E-02
10     -- 9        304.2   1151.9855    260.2398   51.709  8.001E+00  2.787E+01  1.290E-02  3.401E-02  1.483E+03  2.920E-02
11     -- 10       365.0   1267.0145    236.6133   39.324  3.606E+00  1.528E+01  3.010E-03  1.290E-02  8.134E+02  2.131E-02
12     -- 11       431.3   1381.9951    216.9273   37.146  8.818E-01  7.511E+00  5.488E-04  3.010E-03  3.998E+02  1.359E-02
13     -- 12       503.1   1496.9229    200.2725   49.682  1.464E-01  2.960E+00  1.396E-04  5.488E-04  1.575E+02  6.805E-03
14     -- 13       580.5   1611.7935    185.9993   60.939  3.473E-02  1.022E+00  4.213E-05  1.396E-04  5.441E+01  2.934E-03
15     -- 14       663.4   1726.6025    173.6314   65.390  1.038E-02  3.334E-01  1.268E-05  4.213E-05  1.775E+01  1.176E-03
16     -- 15       751.7   1841.3455    162.8116   69.756  3.099E-03  1.068E-01  3.803E-06  1.268E-05  5.683E+00  4.569E-04
