* Radex version        : 30nov2011
* Geometry             : Uniform sphere
* Molecular data file  : ./data/co.dat                                                                   
* T(kin)            [K]:  160.000
* Density of H2  [cm-3]:  3.162E+02
* Density of pH2 [cm-3]:  7.906E+01
* Density of oH2 [cm-3]:  2.372E+02
* T(background)     [K]:   13.800
* Column density [cm-2]:  4.879E+17
* Line width     [km/s]:   50.000
Calculation finished in   24 iterations
      LINE         E_UP       FREQ        WAVEL     T_EX      TAU        T_R       POP        POP       FLUX        FLUX
                   (K)        (GHz)       (um)      (K)                  (K)        UP        LOW      (K*km/s) (erg/cm2/s)
1      -- 0          5.5    115.2712   2600.7576   26.566  3.659E-01  3.885E+00  3.420E-01  1.404E-01  2.068E+02  4.079E-06
2      -- 1         16.6    230.5380   1300.4037   17.690  1.469E+00  2.873E+00  3.050E-01  3.420E-01  1.529E+02  2.413E-05
3      -- 2         33.2    345.7960    866.9634   16.170  1.626E+00  1.719E+00  1.530E-01  3.050E-01  9.150E+01  4.873E-05
4      -- 3         55.3    461.0408    650.2515   15.562  9.168E-01  8.774E-01  4.745E-02  1.530E-01  4.670E+01  5.894E-05
5      -- 4         83.0    576.2679    520.2310   15.762  3.008E-01  3.834E-01  1.003E-02  4.745E-02  2.041E+01  5.029E-05
6      -- 5        116.2    691.4731    433.5562   17.305  6.425E-02  1.508E-01  1.742E-03  1.003E-02  8.025E+00  3.417E-05
7      -- 6        154.9    806.6518    371.6504   21.743  1.071E-02  5.705E-02  3.388E-04  1.742E-03  3.037E+00  2.053E-05
8      -- 7        199.1    921.7997    325.2252   30.004  1.908E-03  2.147E-02  8.790E-05  3.388E-04  1.143E+00  1.153E-05
9      -- 8        248.9   1036.9124    289.1203   38.366  4.613E-04  7.992E-03  2.685E-05  8.790E-05  4.254E-01  6.108E-06
10     -- 9        304.2   1151.9855    260.2398   44.659  1.363E-04  2.937E-03  8.606E-06  2.685E-05  1.563E-01  3.078E-06
11     -- 10       365.0   1267.0145    236.6133   50.080  4.288E-05  1.069E-03  2.799E-06  8.606E-06  5.690E-02  1.490E-06
12     -- 11       431.3   1381.9951    216.9273   54.867  1.379E-05  3.816E-04  9.083E-07  2.799E-06  2.031E-02  6.905E-07
13     -- 12       503.1   1496.9229    200.2725   61.103  4.372E-06  1.385E-04  3.027E-07  9.083E-07  7.369E-03  3.183E-07
14     -- 13       580.5   1611.7935    185.9993   61.893  1.491E-06  4.591E-05  9.317E-08  3.027E-07  2.444E-03  1.318E-07
15     -- 14       663.4   1726.6025    173.6314   62.537  4.683E-07  1.395E-05  2.647E-08  9.317E-08  7.426E-04  4.923E-08
16     -- 15       751.7   1841.3455    162.8116   69.672  1.291E-07  4.447E-06  7.927E-09  2.647E-08  2.367E-04  1.903E-08
