* Radex version        : 30nov2011
* Geometry             : Uniform sphere
* Molecular data file  : ./data/co.dat                                                                   
* T(kin)            [K]:  100.000
* Density of H2  [cm-3]:  1.585E+05
* Density of pH2 [cm-3]:  3.962E+04
* Density of oH2 [cm-3]:  1.189E+05
* T(background)     [K]:   13.800
* Column density [cm-2]:  2.445E+20
* Line width     [km/s]:   50.000
Calculation finished in   38 iterations
      LINE         E_UP       FREQ        WAVEL     T_EX      TAU        T_R       POP        POP       FLUX        FLUX
                   (K)        (GHz)       (um)      (K)                  (K)        UP        LOW      (K*km/s) (erg/cm2/s)
1      -- 0          5.5    115.2712   2600.7576   99.885  1.034E+01  8.592E+01  7.837E-02  2.761E-02  4.573E+03  9.021E-05
2      -- 1         16.6    230.5380   1300.4037   99.863  3.805E+01  8.543E+01  1.169E-01  7.837E-02  4.547E+03  7.175E-04
3      -- 2         33.2    345.7960    866.9634   99.850  7.456E+01  8.466E+01  1.386E-01  1.169E-01  4.506E+03  2.399E-03
4      -- 3         55.3    461.0408    650.2515   99.821  1.091E+02  8.359E+01  1.428E-01  1.386E-01  4.449E+03  5.615E-03
5      -- 4         83.0    576.2679    520.2310   99.774  1.328E+02  8.228E+01  1.323E-01  1.428E-01  4.379E+03  1.079E-02
6      -- 5        116.2    691.4731    433.5562   99.695  1.409E+02  8.073E+01  1.121E-01  1.323E-01  4.297E+03  1.829E-02
7      -- 6        154.9    806.6518    371.6504   99.569  1.338E+02  7.897E+01  8.765E-02  1.121E-01  4.203E+03  2.841E-02
8      -- 7        199.1    921.7997    325.2252   99.342  1.153E+02  7.699E+01  6.364E-02  8.765E-02  4.098E+03  4.134E-02
9      -- 8        248.9   1036.9124    289.1203   98.953  9.104E+01  7.476E+01  4.301E-02  6.364E-02  3.979E+03  5.713E-02
10     -- 9        304.2   1151.9855    260.2398   98.158  6.636E+01  7.207E+01  2.707E-02  4.301E-02  3.836E+03  7.552E-02
11     -- 10       365.0   1267.0145    236.6133   96.589  4.491E+01  6.860E+01  1.580E-02  2.707E-02  3.651E+03  9.565E-02
12     -- 11       431.3   1381.9951    216.9273   93.083  2.833E+01  6.328E+01  8.420E-03  1.580E-02  3.368E+03  1.145E-01
13     -- 12       503.1   1496.9229    200.2725   85.343  1.672E+01  5.401E+01  3.919E-03  8.420E-03  2.875E+03  1.242E-01
14     -- 13       580.5   1611.7935    185.9993   71.330  8.977E+00  3.922E+01  1.423E-03  3.919E-03  2.087E+03  1.126E-01
15     -- 14       663.4   1726.6025    173.6314   54.623  3.811E+00  2.257E+01  3.337E-04  1.423E-03  1.201E+03  7.963E-02
16     -- 15       751.7   1841.3455    162.8116   47.089  9.613E-01  9.776E+00  5.438E-05  3.337E-04  5.203E+02  4.183E-02
