* Radex version        : 30nov2011
* Geometry             : Uniform sphere
* Molecular data file  : ./data/co.dat                                                                   
* T(kin)            [K]:  135.000
* Density of H2  [cm-3]:  3.162E+04
* Density of pH2 [cm-3]:  7.906E+03
* Density of oH2 [cm-3]:  2.372E+04
* T(background)     [K]:   13.800
* Column density [cm-2]:  4.879E+19
* Line width     [km/s]:   50.000
Calculation finished in   39 iterations
      LINE         E_UP       FREQ        WAVEL     T_EX      TAU        T_R       POP        POP       FLUX        FLUX
                   (K)        (GHz)       (um)      (K)                  (K)        UP        LOW      (K*km/s) (erg/cm2/s)
1      -- 0          5.5    115.2712   2600.7576  148.082  1.194E+00  9.349E+01  6.789E-02  2.349E-02  4.976E+03  9.816E-05
2      -- 1         16.6    230.5380   1300.4037  127.797  5.201E+00  1.127E+02  1.038E-01  6.789E-02  6.000E+03  9.467E-04
3      -- 2         33.2    345.7960    866.9634  127.353  1.053E+01  1.121E+02  1.275E-01  1.038E-01  5.967E+03  3.177E-03
4      -- 3         55.3    461.0408    650.2515  126.289  1.619E+01  1.100E+02  1.376E-01  1.275E-01  5.853E+03  7.387E-03
5      -- 4         83.0    576.2679    520.2310  124.648  2.099E+01  1.070E+02  1.347E-01  1.376E-01  5.696E+03  1.404E-02
6      -- 5        116.2    691.4731    433.5562  122.087  2.407E+01  1.030E+02  1.213E-01  1.347E-01  5.480E+03  2.333E-02
7      -- 6        154.9    806.6518    371.6504  118.115  2.507E+01  9.732E+01  1.009E-01  1.213E-01  5.180E+03  3.501E-02
8      -- 7        199.1    921.7997    325.2252  111.936  2.404E+01  8.940E+01  7.699E-02  1.009E-01  4.758E+03  4.800E-02
9      -- 8        248.9   1036.9124    289.1203  102.676  2.136E+01  7.841E+01  5.300E-02  7.699E-02  4.173E+03  5.992E-02
10     -- 9        304.2   1151.9855    260.2398   89.471  1.746E+01  6.363E+01  3.158E-02  5.300E-02  3.387E+03  6.668E-02
11     -- 10       365.0   1267.0145    236.6133   73.141  1.263E+01  4.615E+01  1.506E-02  3.158E-02  2.456E+03  6.434E-02
12     -- 11       431.3   1381.9951    216.9273   55.800  7.353E+00  2.849E+01  4.986E-03  1.506E-02  1.516E+03  5.155E-02
13     -- 12       503.1   1496.9229    200.2725   42.898  2.821E+00  1.521E+01  1.009E-03  4.986E-03  8.093E+02  3.496E-02
14     -- 13       580.5   1611.7935    185.9993   43.321  5.799E-01  6.733E+00  1.817E-04  1.009E-03  3.584E+02  1.932E-02
15     -- 14       663.4   1726.6025    173.6314   57.158  9.523E-02  2.289E+00  4.558E-05  1.817E-04  1.218E+02  8.075E-03
16     -- 15       751.7   1841.3455    162.8116   66.769  2.270E-02  7.163E-01  1.292E-05  4.558E-05  3.812E+01  3.065E-03
