* Radex version        : 30nov2011
* Geometry             : Uniform sphere
* Molecular data file  : ./data/co.dat                                                                   
* T(kin)            [K]:  150.000
* Density of H2  [cm-3]:  1.000E+03
* Density of pH2 [cm-3]:  2.500E+02
* Density of oH2 [cm-3]:  7.500E+02
* T(background)     [K]:   13.800
* Column density [cm-2]:  1.543E+18
* Line width     [km/s]:   50.000
Calculation finished in   29 iterations
      LINE         E_UP       FREQ        WAVEL     T_EX      TAU        T_R       POP        POP       FLUX        FLUX
                   (K)        (GHz)       (um)      (K)                  (K)        UP        LOW      (K*km/s) (erg/cm2/s)
1      -- 0          5.5    115.2712   2600.7576  101.355  2.119E-01  1.669E+01  2.585E-01  9.099E-02  8.884E+02  1.752E-05
2      -- 1         16.6    230.5380   1300.4037   30.416  2.303E+00  1.460E+01  2.994E-01  2.585E-01  7.769E+02  1.226E-04
3      -- 2         33.2    345.7960    866.9634   25.162  3.799E+00  1.041E+01  2.168E-01  2.994E-01  5.538E+02  2.949E-04
4      -- 3         55.3    461.0408    650.2515   21.346  3.494E+00  6.386E+00  9.884E-02  2.168E-01  3.399E+02  4.290E-04
5      -- 4         83.0    576.2679    520.2310   18.954  1.839E+00  3.420E+00  2.808E-02  9.884E-02  1.820E+02  4.486E-04
6      -- 5        116.2    691.4731    433.5562   19.044  5.499E-01  1.586E+00  5.809E-03  2.808E-02  8.440E+01  3.594E-04
7      -- 6        154.9    806.6518    371.6504   22.542  1.114E-01  6.304E-01  1.203E-03  5.809E-03  3.355E+01  2.268E-04
8      -- 7        199.1    921.7997    325.2252   29.778  2.149E-02  2.355E-01  3.087E-04  1.203E-03  1.254E+01  1.264E-04
9      -- 8        248.9   1036.9124    289.1203   37.614  5.173E-03  8.604E-02  9.189E-05  3.087E-04  4.579E+00  6.575E-05
10     -- 9        304.2   1151.9855    260.2398   43.704  1.491E-03  3.086E-02  2.867E-05  9.189E-05  1.643E+00  3.234E-05
11     -- 10       365.0   1267.0145    236.6133   48.831  4.574E-04  1.090E-02  9.038E-06  2.867E-05  5.801E-01  1.519E-05
12     -- 11       431.3   1381.9951    216.9273   53.534  1.426E-04  3.778E-03  2.846E-06  9.038E-06  2.011E-01  6.835E-06
13     -- 12       503.1   1496.9229    200.2725   59.262  4.401E-05  1.322E-03  9.144E-07  2.846E-06  7.035E-02  3.039E-06
14     -- 13       580.5   1611.7935    185.9993   60.499  1.441E-05  4.259E-04  2.735E-07  9.144E-07  2.267E-02  1.222E-06
15     -- 14       663.4   1726.6025    173.6314   61.361  4.386E-06  1.262E-04  7.575E-08  2.735E-07  6.718E-03  4.453E-07
16     -- 15       751.7   1841.3455    162.8116   67.657  1.185E-06  3.874E-05  2.184E-08  7.575E-08  2.062E-03  1.658E-07
