* Radex version        : 30nov2011
* Geometry             : Uniform sphere
* Molecular data file  : ./data/co.dat                                                                   
* T(kin)            [K]:  100.000
* Density of H2  [cm-3]:  1.000E+02
* Density of pH2 [cm-3]:  2.500E+01
* Density of oH2 [cm-3]:  7.500E+01
* T(background)     [K]:   13.800
* Column density [cm-2]:  1.543E+17
* Line width     [km/s]:   50.000
Calculation finished in   13 iterations
      LINE         E_UP       FREQ        WAVEL     T_EX      TAU        T_R       POP        POP       FLUX        FLUX
                   (K)        (GHz)       (um)      (K)                  (K)        UP        LOW      (K*km/s) (erg/cm2/s)
1      -- 0          5.5    115.2712   2600.7576   15.965  2.245E-01  4.304E-01  3.710E-01  1.749E-01  2.291E+01  4.518E-07
2      -- 1         16.6    230.5380   1300.4037   14.491  5.787E-01  2.883E-01  2.881E-01  3.710E-01  1.534E+01  2.421E-06
3      -- 2         33.2    345.7960    866.9634   14.217  5.214E-01  1.509E-01  1.255E-01  2.881E-01  8.030E+00  4.276E-06
4      -- 3         55.3    461.0408    650.2515   14.155  2.479E-01  6.351E-02  3.380E-02  1.255E-01  3.380E+00  4.266E-06
5      -- 4         83.0    576.2679    520.2310   14.252  7.017E-02  2.234E-02  5.934E-03  3.380E-02  1.189E+00  2.931E-06
6      -- 5        116.2    691.4731    433.5562   14.673  1.262E-02  7.090E-03  7.305E-04  5.934E-03  3.774E-01  1.607E-06
7      -- 6        154.9    806.6518    371.6504   16.156  1.553E-03  2.150E-03  7.676E-05  7.305E-04  1.145E-01  7.737E-07
8      -- 7        199.1    921.7997    325.2252   20.716  1.563E-04  6.346E-04  1.028E-05  7.676E-05  3.378E-02  3.407E-07
9      -- 8        248.9   1036.9124    289.1203   28.811  1.931E-05  1.809E-04  2.043E-06  1.028E-05  9.630E-03  1.383E-07
10     -- 9        304.2   1151.9855    260.2398   35.242  3.656E-06  4.944E-05  4.704E-07  2.043E-06  2.631E-03  5.181E-08
11     -- 10       365.0   1267.0145    236.6133   39.382  8.290E-07  1.306E-05  1.100E-07  4.704E-07  6.952E-04  1.821E-08
12     -- 11       431.3   1381.9951    216.9273   42.835  1.923E-07  3.339E-06  2.542E-08  1.100E-07  1.777E-04  6.041E-09
13     -- 12       503.1   1496.9229    200.2725   48.024  4.342E-08  8.834E-07  6.150E-09  2.542E-08  4.702E-05  2.031E-09
14     -- 13       580.5   1611.7935    185.9993   48.727  1.068E-08  2.093E-07  1.350E-09  6.150E-09  1.114E-05  6.008E-10
15     -- 14       663.4   1726.6025    173.6314   48.170  2.400E-09  4.288E-08  2.584E-10  1.350E-09  2.282E-06  1.513E-10
16     -- 15       751.7   1841.3455    162.8116   53.651  4.478E-10  9.375E-09  5.298E-11  2.584E-10  4.990E-07  4.012E-11
