* Radex version        : 30nov2011
* Geometry             : Uniform sphere
* Molecular data file  : ./data/co.dat                                                                   
* T(kin)            [K]:  190.000
* Density of H2  [cm-3]:  3.981E+03
* Density of pH2 [cm-3]:  9.953E+02
* Density of oH2 [cm-3]:  2.986E+03
* T(background)     [K]:   13.800
* Column density [cm-2]:  6.143E+18
* Line width     [km/s]:   50.000
Calculation finished in   33 iterations
      LINE         E_UP       FREQ        WAVEL     T_EX      TAU        T_R       POP        POP       FLUX        FLUX
                   (K)        (GHz)       (um)      (K)                  (K)        UP        LOW      (K*km/s) (erg/cm2/s)
1      -- 0          5.5    115.2712   2600.7576 -161.501 -2.478E-01  4.935E+01  1.265E-01  4.073E-02  2.627E+03  5.181E-05
2      -- 1         16.6    230.5380   1300.4037   90.766  1.688E+00  6.223E+01  1.866E-01  1.265E-01  3.312E+03  5.226E-04
3      -- 2         33.2    345.7960    866.9634   72.172  4.009E+00  5.603E+01  2.075E-01  1.866E-01  2.982E+03  1.588E-03
4      -- 3         55.3    461.0408    650.2515   63.135  6.102E+00  4.704E+01  1.880E-01  2.075E-01  2.504E+03  3.160E-03
5      -- 4         83.0    576.2679    520.2310   53.662  7.304E+00  3.668E+01  1.372E-01  1.880E-01  1.952E+03  4.812E-03
6      -- 5        116.2    691.4731    433.5562   43.620  6.908E+00  2.579E+01  7.577E-02  1.372E-01  1.373E+03  5.845E-03
7      -- 6        154.9    806.6518    371.6504   34.423  4.762E+00  1.599E+01  2.840E-02  7.577E-02  8.511E+02  5.753E-03
8      -- 7        199.1    921.7997    325.2252   28.990  2.043E+00  9.069E+00  6.996E-03  2.840E-02  4.827E+02  4.869E-03
9      -- 8        248.9   1036.9124    289.1203   31.456  5.053E-01  4.557E+00  1.607E-03  6.996E-03  2.425E+02  3.482E-03
10     -- 9        304.2   1151.9855    260.2398   42.565  1.052E-01  1.969E+00  4.847E-04  1.607E-03  1.048E+02  2.063E-03
11     -- 10       365.0   1267.0145    236.6133   53.489  2.937E-02  8.096E-01  1.703E-04  4.847E-04  4.309E+01  1.129E-03
12     -- 11       431.3   1381.9951    216.9273   61.022  9.978E-03  3.297E-01  6.243E-05  1.703E-04  1.755E+01  5.965E-04
13     -- 12       503.1   1496.9229    200.2725   67.446  3.586E-03  1.338E-01  2.324E-05  6.243E-05  7.123E+00  3.077E-04
14     -- 13       580.5   1611.7935    185.9993   70.027  1.351E-03  5.136E-02  8.271E-06  2.324E-05  2.734E+00  1.474E-04
15     -- 14       663.4   1726.6025    173.6314   72.169  4.867E-04  1.863E-02  2.805E-06  8.271E-06  9.917E-01  6.574E-05
16     -- 15       751.7   1841.3455    162.8116   78.643  1.617E-04  6.860E-03  9.705E-07  2.805E-06  3.651E-01  2.935E-05
