* Radex version        : 30nov2011
* Geometry             : Uniform sphere
* Molecular data file  : ./data/co.dat                                                                   
* T(kin)            [K]:  160.000
* Density of H2  [cm-3]:  1.585E+06
* Density of pH2 [cm-3]:  3.962E+05
* Density of oH2 [cm-3]:  1.189E+06
* T(background)     [K]:   13.800
* Column density [cm-2]:  2.445E+21
* Line width     [km/s]:   50.000
Calculation finished in   33 iterations
      LINE         E_UP       FREQ        WAVEL     T_EX      TAU        T_R       POP        POP       FLUX        FLUX
                   (K)        (GHz)       (um)      (K)                  (K)        UP        LOW      (K*km/s) (erg/cm2/s)
1      -- 0          5.5    115.2712   2600.7576  159.994  4.060E+01  1.460E+02  4.981E-02  1.719E-02  7.772E+03  1.533E-04
2      -- 1         16.6    230.5380   1300.4037  159.994  1.541E+02  1.455E+02  7.748E-02  4.981E-02  7.746E+03  1.222E-03
3      -- 2         33.2    345.7960    866.9634  159.993  3.179E+02  1.447E+02  9.778E-02  7.748E-02  7.702E+03  4.102E-03
4      -- 3         55.3    461.0408    650.2515  159.993  5.000E+02  1.436E+02  1.095E-01  9.778E-02  7.644E+03  9.647E-03
5      -- 4         83.0    576.2679    520.2310  159.992  6.676E+02  1.423E+02  1.126E-01  1.095E-01  7.571E+03  1.866E-02
6      -- 5        116.2    691.4731    433.5562  159.990  7.934E+02  1.407E+02  1.081E-01  1.126E-01  7.488E+03  3.188E-02
7      -- 6        154.9    806.6518    371.6504  159.988  8.610E+02  1.389E+02  9.793E-02  1.081E-01  7.394E+03  4.998E-02
8      -- 7        199.1    921.7997    325.2252  159.984  8.657E+02  1.370E+02  8.418E-02  9.793E-02  7.293E+03  7.356E-02
9      -- 8        248.9   1036.9124    289.1203  159.979  8.145E+02  1.350E+02  6.893E-02  8.418E-02  7.185E+03  1.032E-01
10     -- 9        304.2   1151.9855    260.2398  159.970  7.216E+02  1.329E+02  5.392E-02  6.893E-02  7.073E+03  1.393E-01
11     -- 10       365.0   1267.0145    236.6133  159.957  6.056E+02  1.307E+02  4.038E-02  5.392E-02  6.958E+03  1.823E-01
12     -- 11       431.3   1381.9951    216.9273  159.936  4.824E+02  1.285E+02  2.899E-02  4.038E-02  6.840E+03  2.325E-01
13     -- 12       503.1   1496.9229    200.2725  159.903  3.661E+02  1.263E+02  1.998E-02  2.899E-02  6.721E+03  2.903E-01
14     -- 13       580.5   1611.7935    185.9993  159.841  2.653E+02  1.240E+02  1.323E-02  1.998E-02  6.599E+03  3.559E-01
15     -- 14       663.4   1726.6025    173.6314  159.737  1.837E+02  1.217E+02  8.416E-03  1.323E-02  6.476E+03  4.293E-01
16     -- 15       751.7   1841.3455    162.8116  159.537  1.218E+02  1.193E+02  5.149E-03  8.416E-03  6.348E+03  5.104E-01
