* Radex version        : 30nov2011
* Geometry             : Uniform sphere
* Molecular data file  : ./data/co.dat                                                                   
* T(kin)            [K]:  100.000
* Density of H2  [cm-3]:  1.000E+04
* Density of pH2 [cm-3]:  2.500E+03
* Density of oH2 [cm-3]:  7.500E+03
* T(background)     [K]:   13.800
* Column density [cm-2]:  1.543E+19
* Line width     [km/s]:   50.000
Calculation finished in   36 iterations
      LINE         E_UP       FREQ        WAVEL     T_EX      TAU        T_R       POP        POP       FLUX        FLUX
                   (K)        (GHz)       (um)      (K)                  (K)        UP        LOW      (K*km/s) (erg/cm2/s)
1      -- 0          5.5    115.2712   2600.7576  128.283  7.114E-01  5.819E+01  1.105E-01  3.844E-02  3.097E+03  6.110E-05
2      -- 1         16.6    230.5380   1300.4037   83.596  4.000E+00  6.792E+01  1.613E-01  1.105E-01  3.615E+03  5.704E-04
3      -- 2         33.2    345.7960    866.9634   80.469  7.897E+00  6.531E+01  1.837E-01  1.613E-01  3.476E+03  1.851E-03
4      -- 3         55.3    461.0408    650.2515   76.572  1.152E+01  6.047E+01  1.769E-01  1.837E-01  3.218E+03  4.062E-03
5      -- 4         83.0    576.2679    520.2310   70.728  1.388E+01  5.349E+01  1.463E-01  1.769E-01  2.847E+03  7.017E-03
6      -- 5        116.2    691.4731    433.5562   62.423  1.432E+01  4.400E+01  1.016E-01  1.463E-01  2.342E+03  9.972E-03
7      -- 6        154.9    806.6518    371.6504   51.725  1.251E+01  3.227E+01  5.545E-02  1.016E-01  1.717E+03  1.161E-02
8      -- 7        199.1    921.7997    325.2252   39.881  8.579E+00  1.990E+01  2.072E-02  5.545E-02  1.059E+03  1.068E-02
9      -- 8        248.9   1036.9124    289.1203   30.003  3.832E+00  1.009E+01  4.410E-03  2.072E-02  5.371E+02  7.711E-03
10     -- 9        304.2   1151.9855    260.2398   27.391  8.644E-01  4.309E+00  6.476E-04  4.410E-03  2.294E+02  4.516E-03
11     -- 10       365.0   1267.0145    236.6133   34.993  1.196E-01  1.379E+00  1.248E-04  6.476E-04  7.338E+01  1.922E-03
12     -- 11       431.3   1381.9951    216.9273   43.857  2.160E-02  3.890E-01  2.989E-05  1.248E-04  2.071E+01  7.039E-04
13     -- 12       503.1   1496.9229    200.2725   49.003  5.062E-03  1.069E-01  7.453E-06  2.989E-05  5.688E+00  2.457E-04
14     -- 13       580.5   1611.7935    185.9993   50.760  1.273E-03  2.704E-02  1.744E-06  7.453E-06  1.439E+00  7.762E-05
15     -- 14       663.4   1726.6025    173.6314   51.880  3.011E-04  6.271E-03  3.774E-07  1.744E-06  3.338E-01  2.213E-05
16     -- 15       751.7   1841.3455    162.8116   55.191  6.467E-05  1.434E-03  8.102E-08  3.774E-07  7.632E-02  6.137E-06
