* Radex version        : 30nov2011
* Geometry             : Uniform sphere
* Molecular data file  : ./data/co.dat                                                                   
* T(kin)            [K]:  140.000
* Density of H2  [cm-3]:  1.585E+02
* Density of pH2 [cm-3]:  3.962E+01
* Density of oH2 [cm-3]:  1.189E+02
* T(background)     [K]:   13.800
* Column density [cm-2]:  2.445E+17
* Line width     [km/s]:   50.000
Calculation finished in   19 iterations
      LINE         E_UP       FREQ        WAVEL     T_EX      TAU        T_R       POP        POP       FLUX        FLUX
                   (K)        (GHz)       (um)      (K)                  (K)        UP        LOW      (K*km/s) (erg/cm2/s)
1      -- 0          5.5    115.2712   2600.7576   18.430  2.950E-01  1.171E+00  3.638E-01  1.637E-01  6.234E+01  1.230E-06
2      -- 1         16.6    230.5380   1300.4037   15.272  8.682E-01  8.138E-01  2.938E-01  3.638E-01  4.331E+01  6.834E-06
3      -- 2         33.2    345.7960    866.9634   14.698  8.280E-01  4.518E-01  1.330E-01  2.938E-01  2.405E+01  1.281E-05
4      -- 3         55.3    461.0408    650.2515   14.555  4.114E-01  2.086E-01  3.739E-02  1.330E-01  1.110E+01  1.401E-05
5      -- 4         83.0    576.2679    520.2310   14.776  1.215E-01  8.248E-02  7.031E-03  3.739E-02  4.390E+00  1.082E-05
6      -- 5        116.2    691.4731    433.5562   15.762  2.324E-02  3.006E-02  1.012E-03  7.031E-03  1.600E+00  6.813E-06
7      -- 6        154.9    806.6518    371.6504   18.955  3.264E-03  1.068E-02  1.515E-04  1.012E-03  5.685E-01  3.843E-06
8      -- 7        199.1    921.7997    325.2252   26.467  4.501E-04  3.768E-03  3.227E-05  1.515E-04  2.005E-01  2.023E-06
9      -- 8        248.9   1036.9124    289.1203   35.507  8.805E-05  1.309E-03  8.881E-06  3.227E-05  6.967E-02  1.000E-06
10     -- 9        304.2   1151.9855    260.2398   41.879  2.332E-05  4.459E-04  2.622E-06  8.881E-06  2.374E-02  4.673E-07
11     -- 10       365.0   1267.0145    236.6133   46.884  6.766E-06  1.497E-04  7.849E-07  2.622E-06  7.967E-03  2.087E-07
12     -- 11       431.3   1381.9951    216.9273   51.206  2.006E-06  4.907E-05  2.336E-07  7.849E-07  2.612E-03  8.879E-08
13     -- 12       503.1   1496.9229    200.2725   57.188  5.831E-07  1.644E-05  7.184E-08  2.336E-07  8.752E-04  3.781E-08
14     -- 13       580.5   1611.7935    185.9993   57.894  1.833E-07  5.003E-06  2.028E-08  7.184E-08  2.663E-04  1.436E-08
15     -- 14       663.4   1726.6025    173.6314   58.207  5.283E-08  1.378E-06  5.222E-09  2.028E-08  7.335E-05  4.862E-09
16     -- 15       751.7   1841.3455    162.8116   64.813  1.322E-08  3.995E-07  1.422E-09  5.222E-09  2.127E-05  1.710E-09
