* Radex version        : 30nov2011
* Geometry             : Uniform sphere
* Molecular data file  : ./data/co.dat                                                                   
* T(kin)            [K]:  190.000
* Density of H2  [cm-3]:  5.012E+02
* Density of pH2 [cm-3]:  1.253E+02
* Density of oH2 [cm-3]:  3.759E+02
* T(background)     [K]:   13.800
* Column density [cm-2]:  7.733E+17
* Line width     [km/s]:   50.000
Calculation finished in   26 iterations
      LINE         E_UP       FREQ        WAVEL     T_EX      TAU        T_R       POP        POP       FLUX        FLUX
                   (K)        (GHz)       (um)      (K)                  (K)        UP        LOW      (K*km/s) (erg/cm2/s)
1      -- 0          5.5    115.2712   2600.7576   45.336  2.946E-01  8.014E+00  3.099E-01  1.167E-01  4.266E+02  8.414E-06
2      -- 1         16.6    230.5380   1300.4037   21.726  1.810E+00  6.409E+00  3.104E-01  3.099E-01  3.411E+02  5.383E-05
3      -- 2         33.2    345.7960    866.9634   18.782  2.398E+00  4.149E+00  1.796E-01  3.104E-01  2.208E+02  1.176E-04
4      -- 3         55.3    461.0408    650.2515   17.238  1.625E+00  2.333E+00  6.397E-02  1.796E-01  1.242E+02  1.567E-04
5      -- 4         83.0    576.2679    520.2310   17.018  6.240E-01  1.147E+00  1.539E-02  6.397E-02  6.107E+01  1.505E-04
6      -- 5        116.2    691.4731    433.5562   18.778  1.519E-01  4.991E-01  3.107E-03  1.539E-02  2.656E+01  1.131E-04
7      -- 6        154.9    806.6518    371.6504   23.950  2.918E-02  2.042E-01  7.120E-04  3.107E-03  1.087E+01  7.347E-05
8      -- 7        199.1    921.7997    325.2252   32.799  6.101E-03  8.295E-02  2.095E-04  7.120E-04  4.415E+00  4.454E-05
9      -- 8        248.9   1036.9124    289.1203   41.368  1.677E-03  3.347E-02  7.030E-05  2.095E-04  1.781E+00  2.558E-05
10     -- 9        304.2   1151.9855    260.2398   48.206  5.435E-04  1.343E-02  2.468E-05  7.030E-05  7.146E-01  1.407E-05
11     -- 10       365.0   1267.0145    236.6133   54.346  1.866E-04  5.365E-03  8.829E-06  2.468E-05  2.855E-01  7.479E-06
12     -- 11       431.3   1381.9951    216.9273   59.830  6.583E-05  2.115E-03  3.167E-06  8.829E-06  1.126E-01  3.826E-06
13     -- 12       503.1   1496.9229    200.2725   66.441  2.309E-05  8.424E-04  1.160E-06  3.167E-06  4.483E-02  1.937E-06
14     -- 13       580.5   1611.7935    185.9993   67.292  8.675E-06  3.087E-04  3.948E-07  1.160E-06  1.643E-02  8.859E-07
15     -- 14       663.4   1726.6025    173.6314   68.295  3.010E-06  1.049E-04  1.254E-07  3.948E-07  5.581E-03  3.700E-07
16     -- 15       751.7   1841.3455    162.8116   76.269  9.256E-07  3.729E-05  4.191E-08  1.254E-07  1.985E-03  1.596E-07
