* Radex version        : 30nov2011
* Geometry             : Uniform sphere
* Molecular data file  : ./data/co.dat                                                                   
* T(kin)            [K]:  130.000
* Density of H2  [cm-3]:  3.162E+03
* Density of pH2 [cm-3]:  7.906E+02
* Density of oH2 [cm-3]:  2.372E+03
* T(background)     [K]:    2.725
* Column density [cm-2]:  3.123E+19
* Line width     [km/s]:   50.000
Calculation finished in   38 iterations
      LINE         E_UP       FREQ        WAVEL     T_EX      TAU        T_R       POP        POP       FLUX        FLUX
                   (K)        (GHz)       (um)      (K)                  (K)        UP        LOW      (K*km/s) (erg/cm2/s)
1      -- 0          5.5    115.2712   2600.7576  123.129  1.477E+00  9.225E+01  1.087E-01  3.788E-02  4.910E+03  9.686E-05
2      -- 1         16.6    230.5380   1300.4037   87.919  7.597E+00  8.227E+01  1.597E-01  1.087E-01  4.379E+03  6.909E-04
3      -- 2         33.2    345.7960    866.9634   84.878  1.508E+01  7.681E+01  1.839E-01  1.597E-01  4.088E+03  2.177E-03
4      -- 3         55.3    461.0408    650.2515   79.737  2.252E+01  6.918E+01  1.791E-01  1.839E-01  3.682E+03  4.647E-03
5      -- 4         83.0    576.2679    520.2310   72.151  2.797E+01  5.920E+01  1.492E-01  1.791E-01  3.151E+03  7.766E-03
6      -- 5        116.2    691.4731    433.5562   62.098  2.968E+01  4.698E+01  1.033E-01  1.492E-01  2.500E+03  1.065E-02
7      -- 6        154.9    806.6518    371.6504   50.087  2.632E+01  3.320E+01  5.505E-02  1.033E-01  1.767E+03  1.194E-02
8      -- 7        199.1    921.7997    325.2252   37.655  1.778E+01  1.977E+01  1.927E-02  5.505E-02  1.052E+03  1.061E-02
9      -- 8        248.9   1036.9124    289.1203   27.298  7.467E+00  9.582E+00  3.479E-03  1.927E-02  5.100E+02  7.323E-03
10     -- 9        304.2   1151.9855    260.2398   23.531  1.440E+00  4.450E+00  3.669E-04  3.479E-03  2.368E+02  4.663E-03
11     -- 10       365.0   1267.0145    236.6133   35.448  1.365E-01  1.701E+00  7.228E-05  3.669E-04  9.055E+01  2.372E-03
12     -- 11       431.3   1381.9951    216.9273   50.000  2.386E-02  5.651E-01  2.085E-05  7.228E-05  3.008E+01  1.022E-03
13     -- 12       503.1   1496.9229    200.2725   56.130  6.707E-03  1.850E-01  6.262E-06  2.085E-05  9.845E+00  4.253E-04
14     -- 13       580.5   1611.7935    185.9993   58.320  2.033E-03  5.676E-02  1.785E-06  6.262E-06  3.021E+00  1.629E-04
15     -- 14       663.4   1726.6025    173.6314   60.005  5.856E-04  1.629E-02  4.797E-07  1.785E-06  8.668E-01  5.746E-05
16     -- 15       751.7   1841.3455    162.8116   64.293  1.556E-04  4.657E-03  1.292E-07  4.797E-07  2.479E-01  1.993E-05
