* Radex version        : 30nov2011
* Geometry             : Uniform sphere
* Molecular data file  : ./data/co.dat                                                                   
* T(kin)            [K]:  100.000
* Density of H2  [cm-3]:  7.943E+04
* Density of pH2 [cm-3]:  1.986E+04
* Density of oH2 [cm-3]:  5.957E+04
* T(background)     [K]:   13.800
* Column density [cm-2]:  1.226E+20
* Line width     [km/s]:   50.000
Calculation finished in   39 iterations
      LINE         E_UP       FREQ        WAVEL     T_EX      TAU        T_R       POP        POP       FLUX        FLUX
                   (K)        (GHz)       (um)      (K)                  (K)        UP        LOW      (K*km/s) (erg/cm2/s)
1      -- 0          5.5    115.2712   2600.7576   99.725  5.274E+00  8.533E+01  7.963E-02  2.806E-02  4.542E+03  8.958E-05
2      -- 1         16.6    230.5380   1300.4037   99.453  1.946E+01  8.502E+01  1.187E-01  7.963E-02  4.525E+03  7.141E-04
3      -- 2         33.2    345.7960    866.9634   99.419  3.810E+01  8.423E+01  1.407E-01  1.187E-01  4.483E+03  2.387E-03
4      -- 3         55.3    461.0408    650.2515   99.305  5.576E+01  8.308E+01  1.448E-01  1.407E-01  4.422E+03  5.581E-03
5      -- 4         83.0    576.2679    520.2310   99.122  6.785E+01  8.163E+01  1.338E-01  1.448E-01  4.345E+03  1.071E-02
6      -- 5        116.2    691.4731    433.5562   98.815  7.200E+01  7.986E+01  1.131E-01  1.338E-01  4.250E+03  1.810E-02
7      -- 6        154.9    806.6518    371.6504   98.315  6.834E+01  7.773E+01  8.799E-02  1.131E-01  4.137E+03  2.797E-02
8      -- 7        199.1    921.7997    325.2252   97.411  5.890E+01  7.509E+01  6.332E-02  8.799E-02  3.997E+03  4.032E-02
9      -- 8        248.9   1036.9124    289.1203   95.769  4.655E+01  7.164E+01  4.209E-02  6.332E-02  3.813E+03  5.475E-02
10     -- 9        304.2   1151.9855    260.2398   92.318  3.405E+01  6.639E+01  2.556E-02  4.209E-02  3.534E+03  6.957E-02
11     -- 10       365.0   1267.0145    236.6133   85.691  2.312E+01  5.810E+01  1.377E-02  2.556E-02  3.093E+03  8.101E-02
12     -- 11       431.3   1381.9951    216.9273   74.051  1.437E+01  4.523E+01  6.111E-03  1.377E-02  2.407E+03  8.183E-02
13     -- 12       503.1   1496.9229    200.2725   58.286  7.571E+00  2.915E+01  1.924E-03  6.111E-03  1.552E+03  6.703E-02
14     -- 13       580.5   1611.7935    185.9993   44.072  2.761E+00  1.488E+01  3.573E-04  1.924E-03  7.919E+02  4.270E-02
15     -- 14       663.4   1726.6025    173.6314   42.472  5.271E-01  5.540E+00  5.428E-05  3.573E-04  2.949E+02  1.955E-02
16     -- 15       751.7   1841.3455    162.8116   53.524  7.479E-02  1.501E+00  1.109E-05  5.428E-05  7.990E+01  6.424E-03
