* Radex version        : 30nov2011
* Geometry             : Uniform sphere
* Molecular data file  : ./data/co.dat                                                                   
* T(kin)            [K]:  160.000
* Density of H2  [cm-3]:  5.012E+02
* Density of pH2 [cm-3]:  1.253E+02
* Density of oH2 [cm-3]:  3.759E+02
* T(background)     [K]:   13.800
* Column density [cm-2]:  7.733E+17
* Line width     [km/s]:   50.000
Calculation finished in   26 iterations
      LINE         E_UP       FREQ        WAVEL     T_EX      TAU        T_R       POP        POP       FLUX        FLUX
                   (K)        (GHz)       (um)      (K)                  (K)        UP        LOW      (K*km/s) (erg/cm2/s)
1      -- 0          5.5    115.2712   2600.7576   39.643  3.460E-01  7.524E+00  3.154E-01  1.209E-01  4.004E+02  7.899E-06
2      -- 1         16.6    230.5380   1300.4037   20.988  1.892E+00  5.894E+00  3.103E-01  3.154E-01  3.137E+02  4.950E-05
3      -- 2         33.2    345.7960    866.9634   18.293  2.437E+00  3.747E+00  1.753E-01  3.103E-01  1.995E+02  1.062E-04
4      -- 3         55.3    461.0408    650.2515   16.847  1.605E+00  2.049E+00  6.062E-02  1.753E-01  1.091E+02  1.376E-04
5      -- 4         83.0    576.2679    520.2310   16.616  5.970E-01  9.661E-01  1.403E-02  6.062E-02  5.142E+01  1.267E-04
6      -- 5        116.2    691.4731    433.5562   18.118  1.402E-01  3.969E-01  2.655E-03  1.403E-02  2.112E+01  8.994E-05
7      -- 6        154.9    806.6518    371.6504   22.634  2.548E-02  1.523E-01  5.538E-04  2.655E-03  8.104E+00  5.478E-05
8      -- 7        199.1    921.7997    325.2252   30.623  4.897E-03  5.756E-02  1.480E-04  5.538E-04  3.064E+00  3.090E-05
9      -- 8        248.9   1036.9124    289.1203   38.590  1.228E-03  2.150E-02  4.556E-05  1.480E-04  1.144E+00  1.643E-05
10     -- 9        304.2   1151.9855    260.2398   44.789  3.659E-04  7.927E-03  1.465E-05  4.556E-05  4.219E-01  8.307E-06
11     -- 10       365.0   1267.0145    236.6133   50.171  1.156E-04  2.891E-03  4.776E-06  1.465E-05  1.539E-01  4.031E-06
12     -- 11       431.3   1381.9951    216.9273   55.024  3.723E-05  1.036E-03  1.555E-06  4.776E-06  5.513E-02  1.874E-06
13     -- 12       503.1   1496.9229    200.2725   61.160  1.186E-05  3.761E-04  5.189E-07  1.555E-06  2.002E-02  8.648E-07
14     -- 13       580.5   1611.7935    185.9993   62.088  4.045E-06  1.252E-04  1.603E-07  5.189E-07  6.665E-03  3.594E-07
15     -- 14       663.4   1726.6025    173.6314   62.824  1.274E-06  3.828E-05  4.583E-08  1.603E-07  2.038E-03  1.351E-07
16     -- 15       751.7   1841.3455    162.8116   69.825  3.539E-07  1.224E-05  1.376E-08  4.583E-08  6.513E-04  5.237E-08
