* Radex version        : 30nov2011
* Geometry             : Uniform sphere
* Molecular data file  : ./data/co.dat                                                                   
* T(kin)            [K]:  155.000
* Density of H2  [cm-3]:  1.585E+03
* Density of pH2 [cm-3]:  3.962E+02
* Density of oH2 [cm-3]:  1.189E+03
* T(background)     [K]:    2.725
* Column density [cm-2]:  1.565E+19
* Line width     [km/s]:   50.000
Calculation finished in   37 iterations
      LINE         E_UP       FREQ        WAVEL     T_EX      TAU        T_R       POP        POP       FLUX        FLUX
                   (K)        (GHz)       (um)      (K)                  (K)        UP        LOW      (K*km/s) (erg/cm2/s)
1      -- 0          5.5    115.2712   2600.7576  118.134  1.021E+00  7.327E+01  1.436E-01  5.016E-02  3.900E+03  7.693E-05
2      -- 1         16.6    230.5380   1300.4037   66.670  6.507E+00  6.101E+01  2.027E-01  1.436E-01  3.247E+03  5.123E-04
3      -- 2         33.2    345.7960    866.9634   61.606  1.276E+01  5.364E+01  2.168E-01  2.027E-01  2.855E+03  1.520E-03
4      -- 3         55.3    461.0408    650.2515   54.667  1.828E+01  4.434E+01  1.860E-01  2.168E-01  2.360E+03  2.979E-03
5      -- 4         83.0    576.2679    520.2310   45.740  2.074E+01  3.330E+01  1.242E-01  1.860E-01  1.772E+03  4.368E-03
6      -- 5        116.2    691.4731    433.5562   35.856  1.805E+01  2.179E+01  5.816E-02  1.242E-01  1.160E+03  4.937E-03
7      -- 6        154.9    806.6518    371.6504   26.733  1.055E+01  1.189E+01  1.577E-02  5.816E-02  6.330E+02  4.279E-03
8      -- 7        199.1    921.7997    325.2252   20.918  3.247E+00  5.833E+00  2.156E-03  1.577E-02  3.105E+02  3.132E-03
9      -- 8        248.9   1036.9124    289.1203   25.052  4.309E-01  2.770E+00  3.306E-04  2.156E-03  1.474E+02  2.117E-03
10     -- 9        304.2   1151.9855    260.2398   41.105  5.605E-02  1.062E+00  9.520E-05  3.306E-04  5.651E+01  1.113E-03
11     -- 10       365.0   1267.0145    236.6133   50.157  1.520E-02  3.885E-01  3.102E-05  9.520E-05  2.068E+01  5.416E-04
12     -- 11       431.3   1381.9951    216.9273   55.668  4.864E-03  1.404E-01  1.024E-05  3.102E-05  7.474E+00  2.541E-04
13     -- 12       503.1   1496.9229    200.2725   61.073  1.582E-03  5.064E-02  3.412E-06  1.024E-05  2.695E+00  1.164E-04
14     -- 13       580.5   1611.7935    185.9993   63.037  5.341E-04  1.713E-02  1.074E-06  3.412E-06  9.117E-01  4.916E-05
15     -- 14       663.4   1726.6025    173.6314   64.445  1.707E-04  5.402E-03  3.174E-07  1.074E-06  2.875E-01  1.906E-05
16     -- 15       751.7   1841.3455    162.8116   70.108  4.951E-05  1.731E-03  9.579E-08  3.174E-07  9.214E-02  7.408E-06
