* Radex version        : 30nov2011
* Geometry             : Uniform sphere
* Molecular data file  : ./data/co.dat                                                                   
* T(kin)            [K]:  100.000
* Density of H2  [cm-3]:  1.000E+03
* Density of pH2 [cm-3]:  2.500E+02
* Density of oH2 [cm-3]:  7.500E+02
* T(background)     [K]:   13.800
* Column density [cm-2]:  1.543E+18
* Line width     [km/s]:   50.000
Calculation finished in   28 iterations
      LINE         E_UP       FREQ        WAVEL     T_EX      TAU        T_R       POP        POP       FLUX        FLUX
                   (K)        (GHz)       (um)      (K)                  (K)        UP        LOW      (K*km/s) (erg/cm2/s)
1      -- 0          5.5    115.2712   2600.7576   56.576  4.141E-01  1.446E+01  2.758E-01  1.014E-01  7.695E+02  1.518E-05
2      -- 1         16.6    230.5380   1300.4037   27.035  2.706E+00  1.202E+01  3.053E-01  2.758E-01  6.397E+02  1.009E-04
3      -- 2         33.2    345.7960    866.9634   22.802  4.148E+00  8.243E+00  2.064E-01  3.053E-01  4.387E+02  2.336E-04
4      -- 3         55.3    461.0408    650.2515   19.454  3.503E+00  4.723E+00  8.510E-02  2.064E-01  2.514E+02  3.173E-04
5      -- 4         83.0    576.2679    520.2310   17.468  1.639E+00  2.286E+00  2.136E-02  8.510E-02  1.217E+02  2.999E-04
6      -- 5        116.2    691.4731    433.5562   17.537  4.306E-01  9.083E-01  3.804E-03  2.136E-02  4.834E+01  2.058E-04
7      -- 6        154.9    806.6518    371.6504   20.068  7.602E-02  2.992E-01  6.377E-04  3.804E-03  1.593E+01  1.077E-04
8      -- 7        199.1    921.7997    325.2252   25.416  1.214E-02  9.101E-02  1.268E-04  6.377E-04  4.844E+00  4.886E-05
9      -- 8        248.9   1036.9124    289.1203   31.541  2.298E-03  2.652E-02  2.925E-05  1.268E-04  1.412E+00  2.027E-05
10     -- 9        304.2   1151.9855    260.2398   36.192  5.177E-04  7.402E-03  7.017E-06  2.925E-05  3.940E-01  7.756E-06
11     -- 10       365.0   1267.0145    236.6133   39.909  1.230E-04  1.991E-03  1.675E-06  7.017E-06  1.060E-01  2.776E-06
12     -- 11       431.3   1381.9951    216.9273   43.377  2.913E-05  5.187E-04  3.946E-07  1.675E-06  2.761E-02  9.384E-07
13     -- 12       503.1   1496.9229    200.2725   48.043  6.739E-06  1.372E-04  9.553E-08  3.946E-07  7.304E-03  3.155E-07
14     -- 13       580.5   1611.7935    185.9993   49.062  1.655E-06  3.287E-05  2.120E-08  9.553E-08  1.750E-03  9.435E-08
15     -- 14       663.4   1726.6025    173.6314   48.900  3.747E-07  6.910E-06  4.163E-09  2.120E-08  3.678E-04  2.438E-08
16     -- 15       751.7   1841.3455    162.8116   53.854  7.204E-08  1.520E-06  8.589E-10  4.163E-09  8.089E-05  6.504E-09
