* Radex version        : 30nov2011
* Geometry             : Uniform sphere
* Molecular data file  : ./data/co.dat                                                                   
* T(kin)            [K]:  170.000
* Density of H2  [cm-3]:  5.012E+04
* Density of pH2 [cm-3]:  1.253E+04
* Density of oH2 [cm-3]:  3.759E+04
* T(background)     [K]:   13.800
* Column density [cm-2]:  7.733E+19
* Line width     [km/s]:   50.000
Calculation finished in   39 iterations
      LINE         E_UP       FREQ        WAVEL     T_EX      TAU        T_R       POP        POP       FLUX        FLUX
                   (K)        (GHz)       (um)      (K)                  (K)        UP        LOW      (K*km/s) (erg/cm2/s)
1      -- 0          5.5    115.2712   2600.7576  185.256  1.168E+00  1.180E+02  5.262E-02  1.807E-02  6.283E+03  1.239E-04
2      -- 1         16.6    230.5380   1300.4037  163.687  5.036E+00  1.482E+02  8.197E-02  5.262E-02  7.890E+03  1.245E-03
3      -- 2         33.2    345.7960    866.9634  163.423  1.042E+01  1.481E+02  1.037E-01  8.197E-02  7.884E+03  4.199E-03
4      -- 3         55.3    461.0408    650.2515  162.749  1.650E+01  1.464E+02  1.164E-01  1.037E-01  7.790E+03  9.832E-03
5      -- 4         83.0    576.2679    520.2310  161.722  2.222E+01  1.440E+02  1.199E-01  1.164E-01  7.663E+03  1.889E-02
6      -- 5        116.2    691.4731    433.5562  160.216  2.668E+01  1.409E+02  1.152E-01  1.199E-01  7.500E+03  3.193E-02
7      -- 6        154.9    806.6518    371.6504  157.942  2.933E+01  1.369E+02  1.040E-01  1.152E-01  7.286E+03  4.925E-02
8      -- 7        199.1    921.7997    325.2252  154.546  2.995E+01  1.316E+02  8.851E-02  1.040E-01  7.005E+03  7.066E-02
9      -- 8        248.9   1036.9124    289.1203  149.459  2.869E+01  1.246E+02  7.091E-02  8.851E-02  6.630E+03  9.519E-02
10     -- 9        304.2   1151.9855    260.2398  141.632  2.596E+01  1.148E+02  5.304E-02  7.091E-02  6.108E+03  1.203E-01
11     -- 10       365.0   1267.0145    236.6133  130.599  2.218E+01  1.018E+02  3.647E-02  5.304E-02  5.418E+03  1.419E-01
12     -- 11       431.3   1381.9951    216.9273  115.260  1.776E+01  8.471E+01  2.230E-02  3.647E-02  4.509E+03  1.533E-01
13     -- 12       503.1   1496.9229    200.2725   95.893  1.297E+01  6.402E+01  1.138E-02  2.230E-02  3.407E+03  1.472E-01
14     -- 13       580.5   1611.7935    185.9993   74.420  8.053E+00  4.203E+01  4.324E-03  1.138E-02  2.237E+03  1.206E-01
15     -- 14       663.4   1726.6025    173.6314   56.458  3.611E+00  2.394E+01  1.065E-03  4.324E-03  1.274E+03  8.448E-02
16     -- 15       751.7   1841.3455    162.8116   52.430  9.335E-01  1.211E+01  2.102E-04  1.065E-03  6.446E+02  5.183E-02
