* Radex version        : 30nov2011
* Geometry             : Uniform sphere
* Molecular data file  : ./data/co.dat                                                                   
* T(kin)            [K]:  110.000
* Density of H2  [cm-3]:  3.162E+03
* Density of pH2 [cm-3]:  7.906E+02
* Density of oH2 [cm-3]:  2.372E+03
* T(background)     [K]:   13.800
* Column density [cm-2]:  4.879E+18
* Line width     [km/s]:   50.000
Calculation finished in   32 iterations
      LINE         E_UP       FREQ        WAVEL     T_EX      TAU        T_R       POP        POP       FLUX        FLUX
                   (K)        (GHz)       (um)      (K)                  (K)        UP        LOW      (K*km/s) (erg/cm2/s)
1      -- 0          5.5    115.2712   2600.7576  239.324  1.828E-01  3.764E+01  1.691E-01  5.768E-02  2.003E+03  3.952E-05
2      -- 1         16.6    230.5380   1300.4037   56.358  2.784E+00  3.941E+01  2.316E-01  1.691E-01  2.098E+03  3.310E-04
3      -- 2         33.2    345.7960    866.9634   48.779  5.549E+00  3.369E+01  2.307E-01  2.316E-01  1.793E+03  9.550E-04
4      -- 3         55.3    461.0408    650.2515   41.908  7.476E+00  2.623E+01  1.750E-01  2.307E-01  1.396E+03  1.762E-03
5      -- 4         83.0    576.2679    520.2310   34.150  7.443E+00  1.785E+01  9.514E-02  1.750E-01  9.500E+02  2.341E-03
6      -- 5        116.2    691.4731    433.5562   26.837  5.069E+00  1.022E+01  3.265E-02  9.514E-02  5.440E+02  2.316E-03
7      -- 6        154.9    806.6518    371.6504   22.393  1.986E+00  5.057E+00  6.687E-03  3.265E-02  2.691E+02  1.819E-03
8      -- 7        199.1    921.7997    325.2252   23.527  4.137E-01  2.065E+00  1.156E-03  6.687E-03  1.099E+02  1.109E-03
9      -- 8        248.9   1036.9124    289.1203   30.293  6.733E-02  6.868E-01  2.499E-04  1.156E-03  3.655E+01  5.248E-04
10     -- 9        304.2   1151.9855    260.2398   37.632  1.375E-02  2.117E-01  6.357E-05  2.499E-04  1.127E+01  2.219E-04
11     -- 10       365.0   1267.0145    236.6133   42.524  3.427E-03  6.287E-02  1.666E-05  6.357E-05  3.346E+00  8.766E-05
12     -- 11       431.3   1381.9951    216.9273   46.587  8.883E-04  1.819E-02  4.362E-06  1.666E-05  9.684E-01  3.292E-05
13     -- 12       503.1   1496.9229    200.2725   51.027  2.294E-04  5.245E-03  1.152E-06  4.362E-06  2.792E-01  1.206E-05
14     -- 13       580.5   1611.7935    185.9993   52.467  6.136E-05  1.392E-03  2.834E-07  1.152E-06  7.407E-02  3.994E-06
15     -- 14       663.4   1726.6025    173.6314   53.105  1.532E-05  3.345E-04  6.363E-08  2.834E-07  1.780E-02  1.180E-06
16     -- 15       751.7   1841.3455    162.8116   57.593  3.387E-06  8.178E-05  1.460E-08  6.363E-08  4.353E-03  3.500E-07
