* Radex version        : 30nov2011
* Geometry             : Uniform sphere
* Molecular data file  : ./data/co.dat                                                                   
* T(kin)            [K]:  110.000
* Density of H2  [cm-3]:  1.259E+05
* Density of pH2 [cm-3]:  3.147E+04
* Density of oH2 [cm-3]:  9.442E+04
* T(background)     [K]:   13.800
* Column density [cm-2]:  1.943E+20
* Line width     [km/s]:   50.000
Calculation finished in   38 iterations
      LINE         E_UP       FREQ        WAVEL     T_EX      TAU        T_R       POP        POP       FLUX        FLUX
                   (K)        (GHz)       (um)      (K)                  (K)        UP        LOW      (K*km/s) (erg/cm2/s)
1      -- 0          5.5    115.2712   2600.7576  109.801  6.854E+00  9.574E+01  7.209E-02  2.527E-02  5.096E+03  1.005E-04
2      -- 1         16.6    230.5380   1300.4037  109.702  2.543E+01  9.526E+01  1.086E-01  7.209E-02  5.070E+03  8.001E-04
3      -- 2         33.2    345.7960    866.9634  109.682  5.045E+01  9.447E+01  1.307E-01  1.086E-01  5.028E+03  2.677E-03
4      -- 3         55.3    461.0408    650.2515  109.627  7.513E+01  9.336E+01  1.373E-01  1.307E-01  4.969E+03  6.271E-03
5      -- 4         83.0    576.2679    520.2310  109.540  9.350E+01  9.198E+01  1.304E-01  1.373E-01  4.896E+03  1.207E-02
6      -- 5        116.2    691.4731    433.5562  109.397  1.020E+02  9.035E+01  1.138E-01  1.304E-01  4.809E+03  2.048E-02
7      -- 6        154.9    806.6518    371.6504  109.174  9.999E+01  8.847E+01  9.210E-02  1.138E-01  4.709E+03  3.183E-02
8      -- 7        199.1    921.7997    325.2252  108.789  8.944E+01  8.630E+01  6.950E-02  9.210E-02  4.593E+03  4.633E-02
9      -- 8        248.9   1036.9124    289.1203  108.145  7.370E+01  8.377E+01  4.903E-02  6.950E-02  4.459E+03  6.402E-02
10     -- 9        304.2   1151.9855    260.2398  106.885  5.635E+01  8.059E+01  3.231E-02  4.903E-02  4.289E+03  8.445E-02
11     -- 10       365.0   1267.0145    236.6133  104.522  4.020E+01  7.630E+01  1.978E-02  3.231E-02  4.061E+03  1.064E-01
12     -- 11       431.3   1381.9951    216.9273   99.632  2.687E+01  6.957E+01  1.105E-02  1.978E-02  3.703E+03  1.259E-01
13     -- 12       503.1   1496.9229    200.2725   90.042  1.683E+01  5.845E+01  5.372E-03  1.105E-02  3.111E+03  1.344E-01
14     -- 13       580.5   1611.7935    185.9993   74.384  9.548E+00  4.200E+01  2.040E-03  5.372E-03  2.236E+03  1.206E-01
15     -- 14       663.4   1726.6025    173.6314   56.513  4.276E+00  2.431E+01  5.031E-04  2.040E-03  1.294E+03  8.578E-02
16     -- 15       751.7   1841.3455    162.8116   47.712  1.146E+00  1.112E+01  8.403E-05  5.031E-04  5.918E+02  4.758E-02
