* Radex version        : 30nov2011
* Geometry             : Uniform sphere
* Molecular data file  : ./data/co.dat                                                                   
* T(kin)            [K]:  180.000
* Density of H2  [cm-3]:  1.000E+05
* Density of pH2 [cm-3]:  2.500E+04
* Density of oH2 [cm-3]:  7.500E+04
* T(background)     [K]:   13.800
* Column density [cm-2]:  1.543E+20
* Line width     [km/s]:   50.000
Calculation finished in   40 iterations
      LINE         E_UP       FREQ        WAVEL     T_EX      TAU        T_R       POP        POP       FLUX        FLUX
                   (K)        (GHz)       (um)      (K)                  (K)        UP        LOW      (K*km/s) (erg/cm2/s)
1      -- 0          5.5    115.2712   2600.7576  182.851  2.091E+00  1.480E+02  4.658E-02  1.600E-02  7.878E+03  1.554E-04
2      -- 1         16.6    230.5380   1300.4037  177.639  8.217E+00  1.631E+02  7.295E-02  4.658E-02  8.682E+03  1.370E-03
3      -- 2         33.2    345.7960    866.9634  177.817  1.708E+01  1.625E+02  9.303E-02  7.295E-02  8.650E+03  4.606E-03
4      -- 3         55.3    461.0408    650.2515  177.594  2.722E+01  1.612E+02  1.056E-01  9.303E-02  8.579E+03  1.083E-02
5      -- 4         83.0    576.2679    520.2310  177.277  3.697E+01  1.595E+02  1.104E-01  1.056E-01  8.489E+03  2.092E-02
6      -- 5        116.2    691.4731    433.5562  176.828  4.486E+01  1.575E+02  1.082E-01  1.104E-01  8.381E+03  3.568E-02
7      -- 6        154.9    806.6518    371.6504  176.148  4.990E+01  1.550E+02  1.002E-01  1.082E-01  8.250E+03  5.577E-02
8      -- 7        199.1    921.7997    325.2252  175.164  5.162E+01  1.521E+02  8.820E-02  1.002E-01  8.096E+03  8.166E-02
9      -- 8        248.9   1036.9124    289.1203  173.721  5.017E+01  1.486E+02  7.402E-02  8.820E-02  7.911E+03  1.136E-01
10     -- 9        304.2   1151.9855    260.2398  171.433  4.613E+01  1.442E+02  5.926E-02  7.402E-02  7.678E+03  1.512E-01
11     -- 10       365.0   1267.0145    236.6133  168.108  4.031E+01  1.388E+02  4.521E-02  5.926E-02  7.387E+03  1.935E-01
12     -- 11       431.3   1381.9951    216.9273  162.743  3.360E+01  1.313E+02  3.269E-02  4.521E-02  6.987E+03  2.375E-01
13     -- 12       503.1   1496.9229    200.2725  154.065  2.682E+01  1.205E+02  2.215E-02  3.269E-02  6.415E+03  2.771E-01
14     -- 13       580.5   1611.7935    185.9993  140.306  2.050E+01  1.049E+02  1.371E-02  2.215E-02  5.582E+03  3.010E-01
15     -- 14       663.4   1726.6025    173.6314  121.099  1.470E+01  8.415E+01  7.391E-03  1.371E-02  4.479E+03  2.969E-01
16     -- 15       751.7   1841.3455    162.8116   97.726  9.441E+00  5.996E+01  3.185E-03  7.391E-03  3.191E+03  2.566E-01
