* Radex version        : 30nov2011
* Geometry             : Uniform sphere
* Molecular data file  : ./data/co.dat                                                                   
* T(kin)            [K]:  105.000
* Density of H2  [cm-3]:  1.259E+02
* Density of pH2 [cm-3]:  3.147E+01
* Density of oH2 [cm-3]:  9.442E+01
* T(background)     [K]:   13.800
* Column density [cm-2]:  1.943E+17
* Line width     [km/s]:   50.000
Calculation finished in   16 iterations
      LINE         E_UP       FREQ        WAVEL     T_EX      TAU        T_R       POP        POP       FLUX        FLUX
                   (K)        (GHz)       (um)      (K)                  (K)        UP        LOW      (K*km/s) (erg/cm2/s)
1      -- 0          5.5    115.2712   2600.7576   16.714  2.662E-01  6.736E-01  3.688E-01  1.712E-01  3.585E+01  7.072E-07
2      -- 1         16.6    230.5380   1300.4037   14.736  7.161E-01  4.554E-01  2.901E-01  3.688E-01  2.424E+01  3.825E-06
3      -- 2         33.2    345.7960    866.9634   14.364  6.574E-01  2.422E-01  1.279E-01  2.901E-01  1.289E+01  6.865E-06
4      -- 3         55.3    461.0408    650.2515   14.271  3.169E-01  1.043E-01  3.489E-02  1.279E-01  5.554E+00  7.009E-06
5      -- 4         83.0    576.2679    520.2310   14.391  9.087E-02  3.760E-02  6.240E-03  3.489E-02  2.001E+00  4.932E-06
6      -- 5        116.2    691.4731    433.5562   14.936  1.663E-02  1.222E-02  7.994E-04  6.240E-03  6.505E-01  2.770E-06
7      -- 6        154.9    806.6518    371.6504   16.796  2.118E-03  3.804E-03  9.202E-05  7.994E-04  2.025E-01  1.369E-06
8      -- 7        199.1    921.7997    325.2252   22.031  2.316E-04  1.156E-03  1.400E-05  9.202E-05  6.151E-02  6.205E-07
9      -- 8        248.9   1036.9124    289.1203   30.199  3.251E-05  3.404E-04  3.012E-06  1.400E-05  1.812E-02  2.601E-07
10     -- 9        304.2   1151.9855    260.2398   36.310  6.701E-06  9.650E-05  7.261E-07  3.012E-06  5.136E-03  1.011E-07
11     -- 10       365.0   1267.0145    236.6133   40.492  1.592E-06  2.655E-05  1.771E-07  7.261E-07  1.413E-03  3.702E-08
12     -- 11       431.3   1381.9951    216.9273   44.074  3.853E-07  7.083E-06  4.276E-08  1.771E-07  3.770E-04  1.281E-08
13     -- 12       503.1   1496.9229    200.2725   49.379  9.084E-08  1.951E-06  1.078E-08  4.276E-08  1.039E-04  4.486E-09
14     -- 13       580.5   1611.7935    185.9993   50.080  2.331E-08  4.824E-07  2.470E-09  1.078E-08  2.568E-05  1.385E-09
15     -- 14       663.4   1726.6025    173.6314   49.659  5.464E-09  1.040E-07  4.978E-10  2.470E-09  5.538E-06  3.671E-10
16     -- 15       751.7   1841.3455    162.8116   55.294  1.073E-09  2.388E-08  1.072E-10  4.978E-10  1.271E-06  1.022E-10
