* Radex version        : 30nov2011
* Geometry             : Uniform sphere
* Molecular data file  : ./data/co.dat                                                                   
* T(kin)            [K]:  195.000
* Density of H2  [cm-3]:  5.012E+05
* Density of pH2 [cm-3]:  1.253E+05
* Density of oH2 [cm-3]:  3.759E+05
* T(background)     [K]:   13.800
* Column density [cm-2]:  7.733E+20
* Line width     [km/s]:   50.000
Calculation finished in   37 iterations
      LINE         E_UP       FREQ        WAVEL     T_EX      TAU        T_R       POP        POP       FLUX        FLUX
                   (K)        (GHz)       (um)      (K)                  (K)        UP        LOW      (K*km/s) (erg/cm2/s)
1      -- 0          5.5    115.2712   2600.7576  194.917  8.713E+00  1.809E+02  4.132E-02  1.417E-02  9.629E+03  1.899E-04
2      -- 1         16.6    230.5380   1300.4037  194.885  3.339E+01  1.804E+02  6.506E-02  4.132E-02  9.602E+03  1.515E-03
3      -- 2         33.2    345.7960    866.9634  194.882  6.994E+01  1.796E+02  8.365E-02  6.506E-02  9.558E+03  5.090E-03
4      -- 3         55.3    461.0408    650.2515  194.871  1.124E+02  1.784E+02  9.600E-02  8.365E-02  9.498E+03  1.199E-02
5      -- 4         83.0    576.2679    520.2310  194.856  1.543E+02  1.770E+02  1.018E-01  9.600E-02  9.423E+03  2.322E-02
6      -- 5        116.2    691.4731    433.5562  194.834  1.897E+02  1.754E+02  1.015E-01  1.018E-01  9.337E+03  3.975E-02
7      -- 6        154.9    806.6518    371.6504  194.801  2.143E+02  1.736E+02  9.599E-02  1.015E-01  9.239E+03  6.245E-02
8      -- 7        199.1    921.7997    325.2252  194.755  2.257E+02  1.716E+02  8.668E-02  9.599E-02  9.134E+03  9.213E-02
9      -- 8        248.9   1036.9124    289.1203  194.690  2.238E+02  1.695E+02  7.503E-02  8.668E-02  9.020E+03  1.295E-01
10     -- 9        304.2   1151.9855    260.2398  194.587  2.102E+02  1.672E+02  6.241E-02  7.503E-02  8.901E+03  1.752E-01
11     -- 10       365.0   1267.0145    236.6133  194.452  1.882E+02  1.649E+02  5.000E-02  6.241E-02  8.776E+03  2.299E-01
12     -- 11       431.3   1381.9951    216.9273  194.244  1.610E+02  1.624E+02  3.863E-02  5.000E-02  8.645E+03  2.939E-01
13     -- 12       503.1   1496.9229    200.2725  193.937  1.319E+02  1.598E+02  2.880E-02  3.863E-02  8.507E+03  3.675E-01
14     -- 13       580.5   1611.7935    185.9993  193.387  1.039E+02  1.570E+02  2.074E-02  2.880E-02  8.356E+03  4.506E-01
15     -- 14       663.4   1726.6025    173.6314  192.557  7.869E+01  1.539E+02  1.442E-02  2.074E-02  8.190E+03  5.429E-01
16     -- 15       751.7   1841.3455    162.8116  191.048  5.743E+01  1.501E+02  9.663E-03  1.442E-02  7.990E+03  6.424E-01
