* Radex version        : 30nov2011
* Geometry             : Uniform sphere
* Molecular data file  : ./data/co.dat                                                                   
* T(kin)            [K]:  115.000
* Density of H2  [cm-3]:  3.981E+04
* Density of pH2 [cm-3]:  9.953E+03
* Density of oH2 [cm-3]:  2.986E+04
* T(background)     [K]:   13.800
* Column density [cm-2]:  6.143E+19
* Line width     [km/s]:   50.000
Calculation finished in   39 iterations
      LINE         E_UP       FREQ        WAVEL     T_EX      TAU        T_R       POP        POP       FLUX        FLUX
                   (K)        (GHz)       (um)      (K)                  (K)        UP        LOW      (K*km/s) (erg/cm2/s)
1      -- 0          5.5    115.2712   2600.7576  117.157  2.089E+00  9.042E+01  7.425E-02  2.595E-02  4.813E+03  9.493E-05
2      -- 1         16.6    230.5380   1300.4037  111.754  8.140E+00  9.728E+01  1.121E-01  7.425E-02  5.178E+03  8.170E-04
3      -- 2         33.2    345.7960    866.9634  111.750  1.618E+01  9.653E+01  1.353E-01  1.121E-01  5.138E+03  2.736E-03
4      -- 3         55.3    461.0408    650.2515  111.193  2.427E+01  9.492E+01  1.425E-01  1.353E-01  5.052E+03  6.376E-03
5      -- 4         83.0    576.2679    520.2310  110.338  3.049E+01  9.278E+01  1.356E-01  1.425E-01  4.938E+03  1.217E-02
6      -- 5        116.2    691.4731    433.5562  108.941  3.365E+01  8.990E+01  1.182E-01  1.356E-01  4.785E+03  2.037E-02
7      -- 6        154.9    806.6518    371.6504  106.676  3.347E+01  8.600E+01  9.485E-02  1.182E-01  4.577E+03  3.094E-02
8      -- 7        199.1    921.7997    325.2252  102.817  3.048E+01  8.041E+01  6.991E-02  9.485E-02  4.280E+03  4.317E-02
9      -- 8        248.9   1036.9124    289.1203   96.354  2.564E+01  7.221E+01  4.661E-02  6.991E-02  3.844E+03  5.519E-02
10     -- 9        304.2   1151.9855    260.2398   85.880  1.991E+01  6.016E+01  2.706E-02  4.661E-02  3.202E+03  6.304E-02
11     -- 10       365.0   1267.0145    236.6133   71.474  1.383E+01  4.458E+01  1.266E-02  2.706E-02  2.373E+03  6.215E-02
12     -- 11       431.3   1381.9951    216.9273   54.869  7.850E+00  2.767E+01  4.108E-03  1.266E-02  1.473E+03  5.007E-02
13     -- 12       503.1   1496.9229    200.2725   41.631  2.960E+00  1.438E+01  7.900E-04  4.108E-03  7.654E+02  3.306E-02
14     -- 13       580.5   1611.7935    185.9993   40.900  5.831E-01  5.947E+00  1.280E-04  7.900E-04  3.165E+02  1.707E-02
15     -- 14       663.4   1726.6025    173.6314   52.909  8.729E-02  1.811E+00  2.858E-05  1.280E-04  9.641E+01  6.391E-03
16     -- 15       751.7   1841.3455    162.8116   61.129  1.867E-02  5.010E-01  7.168E-06  2.858E-05  2.667E+01  2.144E-03
