* Radex version        : 30nov2011
* Geometry             : Uniform sphere
* Molecular data file  : ./data/co.dat                                                                   
* T(kin)            [K]:  140.000
* Density of H2  [cm-3]:  3.981E+02
* Density of pH2 [cm-3]:  9.953E+01
* Density of oH2 [cm-3]:  2.986E+02
* T(background)     [K]:   13.800
* Column density [cm-2]:  6.143E+17
* Line width     [km/s]:   50.000
Calculation finished in   25 iterations
      LINE         E_UP       FREQ        WAVEL     T_EX      TAU        T_R       POP        POP       FLUX        FLUX
                   (K)        (GHz)       (um)      (K)                  (K)        UP        LOW      (K*km/s) (erg/cm2/s)
1      -- 0          5.5    115.2712   2600.7576   29.701  3.973E-01  5.181E+00  3.335E-01  1.339E-01  2.758E+02  5.440E-06
2      -- 1         16.6    230.5380   1300.4037   18.705  1.732E+00  3.881E+00  3.077E-01  3.335E-01  2.066E+02  3.259E-05
3      -- 2         33.2    345.7960    866.9634   16.795  2.020E+00  2.355E+00  1.603E-01  3.077E-01  1.254E+02  6.675E-05
4      -- 3         55.3    461.0408    650.2515   15.888  1.198E+00  1.214E+00  5.121E-02  1.603E-01  6.464E+01  8.158E-05
5      -- 4         83.0    576.2679    520.2310   15.902  4.073E-01  5.304E-01  1.099E-02  5.121E-02  2.823E+01  6.958E-05
6      -- 5        116.2    691.4731    433.5562   17.258  8.873E-02  2.027E-01  1.899E-03  1.099E-02  1.079E+01  4.594E-05
7      -- 6        154.9    806.6518    371.6504   21.238  1.482E-02  7.310E-02  3.541E-04  1.899E-03  3.890E+00  2.630E-05
8      -- 7        199.1    921.7997    325.2252   28.660  2.560E-03  2.594E-02  8.573E-05  3.541E-04  1.381E+00  1.393E-05
9      -- 8        248.9   1036.9124    289.1203   36.347  5.812E-04  9.054E-03  2.437E-05  8.573E-05  4.819E-01  6.919E-06
10     -- 9        304.2   1151.9855    260.2398   42.134  1.602E-04  3.100E-03  7.251E-06  2.437E-05  1.650E-01  3.248E-06
11     -- 10       365.0   1267.0145    236.6133   47.013  4.694E-05  1.044E-03  2.179E-06  7.251E-06  5.556E-02  1.455E-06
12     -- 11       431.3   1381.9951    216.9273   51.398  1.396E-05  3.439E-04  6.516E-07  2.179E-06  1.830E-02  6.221E-07
13     -- 12       503.1   1496.9229    200.2725   57.231  4.083E-06  1.153E-04  2.006E-07  6.516E-07  6.137E-03  2.651E-07
14     -- 13       580.5   1611.7935    185.9993   58.100  1.283E-06  3.525E-05  5.689E-08  2.006E-07  1.876E-03  1.012E-07
15     -- 14       663.4   1726.6025    173.6314   58.524  3.713E-07  9.785E-06  1.476E-08  5.689E-08  5.208E-04  3.452E-08
16     -- 15       751.7   1841.3455    162.8116   64.969  9.375E-08  2.846E-06  4.032E-09  1.476E-08  1.515E-04  1.218E-08
