* Radex version        : 30nov2011
* Geometry             : Uniform sphere
* Molecular data file  : ./data/co.dat                                                                   
* T(kin)            [K]:  190.000
* Density of H2  [cm-3]:  7.943E+03
* Density of pH2 [cm-3]:  1.986E+03
* Density of oH2 [cm-3]:  5.957E+03
* T(background)     [K]:   13.800
* Column density [cm-2]:  1.226E+19
* Line width     [km/s]:   50.000
Calculation finished in   35 iterations
      LINE         E_UP       FREQ        WAVEL     T_EX      TAU        T_R       POP        POP       FLUX        FLUX
                   (K)        (GHz)       (um)      (K)                  (K)        UP        LOW      (K*km/s) (erg/cm2/s)
1      -- 0          5.5    115.2712   2600.7576 -322.890 -1.761E-01  6.489E+01  8.932E-02  2.927E-02  3.454E+03  6.812E-05
2      -- 1         16.6    230.5380   1300.4037  133.741  1.646E+00  9.627E+01  1.370E-01  8.932E-02  5.124E+03  8.086E-04
3      -- 2         33.2    345.7960    866.9634  109.921  4.008E+00  9.298E+01  1.650E-01  1.370E-01  4.949E+03  2.635E-03
4      -- 3         55.3    461.0408    650.2515  100.974  6.441E+00  8.461E+01  1.704E-01  1.650E-01  4.503E+03  5.683E-03
5      -- 4         83.0    576.2679    520.2310   91.679  8.541E+00  7.422E+01  1.540E-01  1.704E-01  3.950E+03  9.736E-03
6      -- 5        116.2    691.4731    433.5562   80.502  9.811E+00  6.175E+01  1.205E-01  1.540E-01  3.287E+03  1.399E-02
7      -- 6        154.9    806.6518    371.6504   67.465  9.772E+00  4.745E+01  7.834E-02  1.205E-01  2.526E+03  1.707E-02
8      -- 7        199.1    921.7997    325.2252   53.743  8.059E+00  3.275E+01  3.898E-02  7.834E-02  1.743E+03  1.758E-02
9      -- 8        248.9   1036.9124    289.1203   41.520  4.938E+00  1.996E+01  1.314E-02  3.898E-02  1.062E+03  1.525E-02
10     -- 9        304.2   1151.9855    260.2398   34.927  1.875E+00  1.123E+01  2.983E-03  1.314E-02  5.977E+02  1.177E-02
11     -- 10       365.0   1267.0145    236.6133   40.073  4.145E-01  5.541E+00  7.163E-04  2.983E-03  2.949E+02  7.725E-03
12     -- 11       431.3   1381.9951    216.9273   55.289  8.828E-02  2.371E+00  2.346E-04  7.163E-04  1.262E+02  4.289E-03
13     -- 12       503.1   1496.9229    200.2725   66.546  2.709E-02  9.773E-01  8.608E-05  2.346E-04  5.202E+01  2.247E-03
14     -- 13       580.5   1611.7935    185.9993   70.969  9.911E-03  3.836E-01  3.109E-05  8.608E-05  2.042E+01  1.101E-03
15     -- 14       663.4   1726.6025    173.6314   74.055  3.600E-03  1.437E-01  1.085E-05  3.109E-05  7.648E+00  5.070E-04
16     -- 15       751.7   1841.3455    162.8116   79.961  1.238E-03  5.394E-02  3.826E-06  1.085E-05  2.871E+00  2.308E-04
