* Radex version        : 30nov2011
* Geometry             : Uniform sphere
* Molecular data file  : ./data/co.dat                                                                   
* T(kin)            [K]:  155.000
* Density of H2  [cm-3]:  7.943E+02
* Density of pH2 [cm-3]:  1.986E+02
* Density of oH2 [cm-3]:  5.957E+02
* T(background)     [K]:    2.725
* Column density [cm-2]:  7.844E+18
* Line width     [km/s]:   50.000
Calculation finished in   35 iterations
      LINE         E_UP       FREQ        WAVEL     T_EX      TAU        T_R       POP        POP       FLUX        FLUX
                   (K)        (GHz)       (um)      (K)                  (K)        UP        LOW      (K*km/s) (erg/cm2/s)
1      -- 0          5.5    115.2712   2600.7576   63.253  1.429E+00  4.539E+01  2.104E-01  7.655E-02  2.416E+03  4.766E-05
2      -- 1         16.6    230.5380   1300.4037   41.064  7.381E+00  3.556E+01  2.679E-01  2.104E-01  1.893E+03  2.987E-04
3      -- 2         33.2    345.7960    866.9634   36.124  1.318E+01  2.842E+01  2.369E-01  2.679E-01  1.513E+03  8.056E-04
4      -- 3         55.3    461.0408    650.2515   29.710  1.580E+01  2.000E+01  1.446E-01  2.369E-01  1.065E+03  1.344E-03
5      -- 4         83.0    576.2679    520.2310   22.878  1.250E+01  1.177E+01  5.277E-02  1.446E-01  6.264E+02  1.544E-03
6      -- 5        116.2    691.4731    433.5562   17.478  5.415E+00  5.819E+00  9.340E-03  5.277E-02  3.097E+02  1.319E-03
7      -- 6        154.9    806.6518    371.6504   17.215  9.929E-01  2.875E+00  1.137E-03  9.340E-03  1.530E+02  1.034E-03
8      -- 7        199.1    921.7997    325.2252   28.321  1.055E-01  1.175E+00  2.703E-04  1.137E-03  6.255E+01  6.310E-04
9      -- 8        248.9   1036.9124    289.1203   39.549  2.246E-02  4.388E-01  8.583E-05  2.703E-04  2.335E+01  3.353E-04
10     -- 9        304.2   1151.9855    260.2398   45.409  6.944E-03  1.608E-01  2.808E-05  8.583E-05  8.561E+00  1.685E-04
11     -- 10       365.0   1267.0145    236.6133   50.299  2.244E-03  5.800E-02  9.180E-06  2.808E-05  3.087E+00  8.086E-05
12     -- 11       431.3   1381.9951    216.9273   55.183  7.248E-04  2.066E-02  3.000E-06  9.180E-06  1.099E+00  3.737E-05
13     -- 12       503.1   1496.9229    200.2725   60.659  2.330E-04  7.378E-03  9.911E-07  3.000E-06  3.927E-01  1.696E-05
14     -- 13       580.5   1611.7935    185.9993   62.004  7.843E-05  2.444E-03  3.057E-07  9.911E-07  1.301E-01  7.015E-06
15     -- 14       663.4   1726.6025    173.6314   62.905  2.464E-05  7.468E-04  8.754E-08  3.057E-07  3.975E-02  2.635E-06
16     -- 15       751.7   1841.3455    162.8116   69.269  6.885E-06  2.357E-04  2.602E-08  8.754E-08  1.254E-02  1.009E-06
