* Radex version        : 30nov2011
* Geometry             : Uniform sphere
* Molecular data file  : ./data/co.dat                                                                   
* T(kin)            [K]:  195.000
* Density of H2  [cm-3]:  2.512E+06
* Density of pH2 [cm-3]:  6.280E+05
* Density of oH2 [cm-3]:  1.884E+06
* T(background)     [K]:   13.800
* Column density [cm-2]:  3.876E+21
* Line width     [km/s]:   50.000
Calculation finished in   32 iterations
      LINE         E_UP       FREQ        WAVEL     T_EX      TAU        T_R       POP        POP       FLUX        FLUX
                   (K)        (GHz)       (um)      (K)                  (K)        UP        LOW      (K*km/s) (erg/cm2/s)
1      -- 0          5.5    115.2712   2600.7576  194.996  4.349E+01  1.810E+02  4.116E-02  1.412E-02  9.635E+03  1.901E-04
2      -- 1         16.6    230.5380   1300.4037  194.996  1.666E+02  1.805E+02  6.482E-02  4.116E-02  9.608E+03  1.516E-03
3      -- 2         33.2    345.7960    866.9634  194.995  3.490E+02  1.797E+02  8.334E-02  6.482E-02  9.564E+03  5.093E-03
4      -- 3         55.3    461.0408    650.2515  194.995  5.609E+02  1.786E+02  9.566E-02  8.334E-02  9.504E+03  1.199E-02
5      -- 4         83.0    576.2679    520.2310  194.994  7.701E+02  1.772E+02  1.015E-01  9.566E-02  9.431E+03  2.324E-02
6      -- 5        116.2    691.4731    433.5562  194.993  9.468E+02  1.756E+02  1.011E-01  1.015E-01  9.345E+03  3.979E-02
7      -- 6        154.9    806.6518    371.6504  194.992  1.070E+03  1.738E+02  9.568E-02  1.011E-01  9.250E+03  6.252E-02
8      -- 7        199.1    921.7997    325.2252  194.990  1.126E+03  1.718E+02  8.643E-02  9.568E-02  9.146E+03  9.226E-02
9      -- 8        248.9   1036.9124    289.1203  194.988  1.117E+03  1.698E+02  7.484E-02  8.643E-02  9.036E+03  1.297E-01
10     -- 9        304.2   1151.9855    260.2398  194.983  1.049E+03  1.676E+02  6.230E-02  7.484E-02  8.922E+03  1.756E-01
11     -- 10       365.0   1267.0145    236.6133  194.978  9.395E+02  1.654E+02  4.995E-02  6.230E-02  8.803E+03  2.306E-01
12     -- 11       431.3   1381.9951    216.9273  194.970  8.034E+02  1.631E+02  3.864E-02  4.995E-02  8.683E+03  2.952E-01
13     -- 12       503.1   1496.9229    200.2725  194.957  6.585E+02  1.608E+02  2.887E-02  3.864E-02  8.561E+03  3.698E-01
14     -- 13       580.5   1611.7935    185.9993  194.935  5.186E+02  1.585E+02  2.085E-02  2.887E-02  8.437E+03  4.550E-01
15     -- 14       663.4   1726.6025    173.6314  194.903  3.926E+02  1.562E+02  1.457E-02  2.085E-02  8.313E+03  5.511E-01
16     -- 15       751.7   1841.3455    162.8116  194.845  2.864E+02  1.538E+02  9.853E-03  1.457E-02  8.188E+03  6.584E-01
