* Radex version        : 30nov2011
* Geometry             : Uniform sphere
* Molecular data file  : ./data/co.dat                                                                   
* T(kin)            [K]:  140.000
* Density of H2  [cm-3]:  1.995E+06
* Density of pH2 [cm-3]:  4.988E+05
* Density of oH2 [cm-3]:  1.496E+06
* T(background)     [K]:   13.800
* Column density [cm-2]:  3.079E+21
* Line width     [km/s]:   50.000
Calculation finished in   32 iterations
      LINE         E_UP       FREQ        WAVEL     T_EX      TAU        T_R       POP        POP       FLUX        FLUX
                   (K)        (GHz)       (um)      (K)                  (K)        UP        LOW      (K*km/s) (erg/cm2/s)
1      -- 0          5.5    115.2712   2600.7576  139.997  6.652E+01  1.260E+02  5.659E-02  1.963E-02  6.708E+03  1.323E-04
2      -- 1         16.6    230.5380   1300.4037  139.997  2.507E+02  1.255E+02  8.716E-02  5.659E-02  6.682E+03  1.054E-03
3      -- 2         33.2    345.7960    866.9634  139.997  5.108E+02  1.247E+02  1.084E-01  8.716E-02  6.639E+03  3.535E-03
4      -- 3         55.3    461.0408    650.2515  139.997  7.897E+02  1.237E+02  1.190E-01  1.084E-01  6.581E+03  8.306E-03
5      -- 4         83.0    576.2679    520.2310  139.996  1.031E+03  1.223E+02  1.193E-01  1.190E-01  6.510E+03  1.604E-02
6      -- 5        116.2    691.4731    433.5562  139.996  1.193E+03  1.208E+02  1.113E-01  1.193E-01  6.428E+03  2.737E-02
7      -- 6        154.9    806.6518    371.6504  139.994  1.254E+03  1.190E+02  9.738E-02  1.113E-01  6.336E+03  4.283E-02
8      -- 7        199.1    921.7997    325.2252  139.992  1.215E+03  1.172E+02  8.046E-02  9.738E-02  6.236E+03  6.291E-02
9      -- 8        248.9   1036.9124    289.1203  139.989  1.097E+03  1.152E+02  6.302E-02  8.046E-02  6.131E+03  8.803E-02
10     -- 9        304.2   1151.9855    260.2398  139.984  9.274E+02  1.131E+02  4.693E-02  6.302E-02  6.021E+03  1.185E-01
11     -- 10       365.0   1267.0145    236.6133  139.976  7.393E+02  1.110E+02  3.329E-02  4.693E-02  5.909E+03  1.548E-01
12     -- 11       431.3   1381.9951    216.9273  139.963  5.566E+02  1.089E+02  2.253E-02  3.329E-02  5.794E+03  1.970E-01
13     -- 12       503.1   1496.9229    200.2725  139.940  3.973E+02  1.067E+02  1.456E-02  2.253E-02  5.678E+03  2.453E-01
14     -- 13       580.5   1611.7935    185.9993  139.894  2.694E+02  1.045E+02  8.996E-03  1.456E-02  5.561E+03  2.999E-01
15     -- 14       663.4   1726.6025    173.6314  139.811  1.738E+02  1.022E+02  5.316E-03  8.996E-03  5.442E+03  3.607E-01
16     -- 15       751.7   1841.3455    162.8116  139.641  1.068E+02  9.994E+01  3.006E-03  5.316E-03  5.319E+03  4.277E-01
