* Radex version        : 30nov2011
* Geometry             : Uniform sphere
* Molecular data file  : ./data/co.dat                                                                   
* T(kin)            [K]:  195.000
* Density of H2  [cm-3]:  1.259E+04
* Density of pH2 [cm-3]:  3.147E+03
* Density of oH2 [cm-3]:  9.442E+03
* T(background)     [K]:   13.800
* Column density [cm-2]:  1.943E+19
* Line width     [km/s]:   50.000
Calculation finished in   37 iterations
      LINE         E_UP       FREQ        WAVEL     T_EX      TAU        T_R       POP        POP       FLUX        FLUX
                   (K)        (GHz)       (um)      (K)                  (K)        UP        LOW      (K*km/s) (erg/cm2/s)
1      -- 0          5.5    115.2712   2600.7576 -1.581E+03 -4.605E-02  7.519E+01  7.167E-02  2.381E-02  4.002E+03  7.894E-05
2      -- 1         16.6    230.5380   1300.4037  160.628  1.754E+00  1.209E+02  1.115E-01  7.167E-02  6.433E+03  1.015E-03
3      -- 2         33.2    345.7960    866.9634  137.917  4.181E+00  1.208E+02  1.384E-01  1.115E-01  6.429E+03  3.423E-03
4      -- 3         55.3    461.0408    650.2515  130.440  6.790E+00  1.140E+02  1.502E-01  1.384E-01  6.067E+03  7.657E-03
5      -- 4         83.0    576.2679    520.2310  122.812  9.240E+00  1.052E+02  1.465E-01  1.502E-01  5.598E+03  1.380E-02
6      -- 5        116.2    691.4731    433.5562  113.177  1.113E+01  9.410E+01  1.292E-01  1.465E-01  5.008E+03  2.133E-02
7      -- 6        154.9    806.6518    371.6504  100.929  1.211E+01  8.031E+01  1.016E-01  1.292E-01  4.275E+03  2.889E-02
8      -- 7        199.1    921.7997    325.2252   86.316  1.184E+01  6.421E+01  6.894E-02  1.016E-01  3.417E+03  3.447E-02
9      -- 8        248.9   1036.9124    289.1203   70.107  1.007E+01  4.675E+01  3.789E-02  6.894E-02  2.488E+03  3.573E-02
10     -- 9        304.2   1151.9855    260.2398   54.253  6.891E+00  3.017E+01  1.512E-02  3.789E-02  1.606E+03  3.161E-02
11     -- 10       365.0   1267.0145    236.6133   42.486  3.245E+00  1.763E+01  3.957E-03  1.512E-02  9.385E+02  2.458E-02
12     -- 11       431.3   1381.9951    216.9273   41.546  8.820E-01  9.557E+00  8.714E-04  3.957E-03  5.086E+02  1.729E-02
13     -- 12       503.1   1496.9229    200.2725   56.072  1.745E-01  4.358E+00  2.614E-04  8.714E-04  2.320E+02  1.002E-02
14     -- 13       580.5   1611.7935    185.9993   69.758  4.814E-02  1.777E+00  9.262E-05  2.614E-04  9.457E+01  5.100E-03
15     -- 14       663.4   1726.6025    173.6314   75.736  1.679E-02  6.911E-01  3.315E-05  9.262E-05  3.678E+01  2.438E-03
16     -- 15       751.7   1841.3455    162.8116   81.757  5.918E-03  2.669E-01  1.197E-05  3.315E-05  1.421E+01  1.142E-03
