* Radex version        : 30nov2011
* Geometry             : Uniform sphere
* Molecular data file  : ./data/co.dat                                                                   
* T(kin)            [K]:  110.000
* Density of H2  [cm-3]:  1.000E+05
* Density of pH2 [cm-3]:  2.500E+04
* Density of oH2 [cm-3]:  7.500E+04
* T(background)     [K]:   13.800
* Column density [cm-2]:  1.543E+20
* Line width     [km/s]:   50.000
Calculation finished in   39 iterations
      LINE         E_UP       FREQ        WAVEL     T_EX      TAU        T_R       POP        POP       FLUX        FLUX
                   (K)        (GHz)       (um)      (K)                  (K)        UP        LOW      (K*km/s) (erg/cm2/s)
1      -- 0          5.5    115.2712   2600.7576  109.756  5.480E+00  9.540E+01  7.253E-02  2.543E-02  5.077E+03  1.002E-04
2      -- 1         16.6    230.5380   1300.4037  109.525  2.036E+01  9.509E+01  1.093E-01  7.253E-02  5.061E+03  7.986E-04
3      -- 2         33.2    345.7960    866.9634  109.501  4.037E+01  9.429E+01  1.315E-01  1.093E-01  5.018E+03  2.672E-03
4      -- 3         55.3    461.0408    650.2515  109.414  6.012E+01  9.315E+01  1.381E-01  1.315E-01  4.958E+03  6.257E-03
5      -- 4         83.0    576.2679    520.2310  109.277  7.482E+01  9.172E+01  1.310E-01  1.381E-01  4.882E+03  1.203E-02
6      -- 5        116.2    691.4731    433.5562  109.054  8.161E+01  9.001E+01  1.142E-01  1.310E-01  4.791E+03  2.040E-02
7      -- 6        154.9    806.6518    371.6504  108.700  8.001E+01  8.800E+01  9.230E-02  1.142E-01  4.684E+03  3.166E-02
8      -- 7        199.1    921.7997    325.2252  108.091  7.157E+01  8.561E+01  6.947E-02  9.230E-02  4.556E+03  4.596E-02
9      -- 8        248.9   1036.9124    289.1203  107.057  5.898E+01  8.271E+01  4.878E-02  6.947E-02  4.402E+03  6.320E-02
10     -- 9        304.2   1151.9855    260.2398  105.009  4.513E+01  7.876E+01  3.185E-02  4.878E-02  4.192E+03  8.253E-02
11     -- 10       365.0   1267.0145    236.6133  101.134  3.225E+01  7.301E+01  1.912E-02  3.185E-02  3.886E+03  1.018E-01
12     -- 11       431.3   1381.9951    216.9273   93.559  2.156E+01  6.374E+01  1.023E-02  1.912E-02  3.392E+03  1.153E-01
13     -- 12       503.1   1496.9229    200.2725   80.598  1.328E+01  4.955E+01  4.530E-03  1.023E-02  2.637E+03  1.139E-01
14     -- 13       580.5   1611.7935    185.9993   63.056  6.991E+00  3.178E+01  1.427E-03  4.530E-03  1.692E+03  9.122E-02
15     -- 14       663.4   1726.6025    173.6314   48.010  2.539E+00  1.634E+01  2.715E-04  1.427E-03  8.696E+02  5.764E-02
16     -- 15       751.7   1841.3455    162.8116   47.670  4.914E-01  6.315E+00  4.527E-05  2.715E-04  3.361E+02  2.702E-02
