* Radex version        : 30nov2011
* Geometry             : Uniform sphere
* Molecular data file  : ./data/co.dat                                                                   
* T(kin)            [K]:  190.000
* Density of H2  [cm-3]:  2.512E+04
* Density of pH2 [cm-3]:  6.280E+03
* Density of oH2 [cm-3]:  1.884E+04
* T(background)     [K]:   13.800
* Column density [cm-2]:  3.876E+19
* Line width     [km/s]:   50.000
Calculation finished in   38 iterations
      LINE         E_UP       FREQ        WAVEL     T_EX      TAU        T_R       POP        POP       FLUX        FLUX
                   (K)        (GHz)       (um)      (K)                  (K)        UP        LOW      (K*km/s) (erg/cm2/s)
1      -- 0          5.5    115.2712   2600.7576  338.249  3.427E-01  9.409E+01  5.661E-02  1.918E-02  5.008E+03  9.878E-05
2      -- 1         16.6    230.5380   1300.4037  173.949  2.560E+00  1.471E+02  8.853E-02  5.661E-02  7.832E+03  1.236E-03
3      -- 2         33.2    345.7960    866.9634  165.033  5.590E+00  1.492E+02  1.121E-01  8.853E-02  7.941E+03  4.228E-03
4      -- 3         55.3    461.0408    650.2515  162.015  8.978E+00  1.456E+02  1.257E-01  1.121E-01  7.750E+03  9.781E-03
5      -- 4         83.0    576.2679    520.2310  158.364  1.226E+01  1.406E+02  1.290E-01  1.257E-01  7.485E+03  1.845E-02
6      -- 5        116.2    691.4731    433.5562  153.288  1.498E+01  1.340E+02  1.228E-01  1.290E-01  7.132E+03  3.037E-02
7      -- 6        154.9    806.6518    371.6504  146.084  1.679E+01  1.251E+02  1.087E-01  1.228E-01  6.658E+03  4.500E-02
8      -- 7        199.1    921.7997    325.2252  136.294  1.747E+01  1.135E+02  8.906E-02  1.087E-01  6.041E+03  6.094E-02
9      -- 8        248.9   1036.9124    289.1203  123.380  1.696E+01  9.878E+01  6.650E-02  8.906E-02  5.257E+03  7.549E-02
10     -- 9        304.2   1151.9855    260.2398  107.104  1.522E+01  8.080E+01  4.386E-02  6.650E-02  4.301E+03  8.467E-02
11     -- 10       365.0   1267.0145    236.6133   88.542  1.227E+01  6.084E+01  2.417E-02  4.386E-02  3.238E+03  8.482E-02
12     -- 11       431.3   1381.9951    216.9273   69.254  8.309E+00  4.075E+01  1.008E-02  2.417E-02  2.169E+03  7.372E-02
13     -- 12       503.1   1496.9229    200.2725   53.134  4.134E+00  2.428E+01  2.817E-03  1.008E-02  1.292E+03  5.582E-02
14     -- 13       580.5   1611.7935    185.9993   47.431  1.243E+00  1.319E+01  5.924E-04  2.817E-03  7.021E+02  3.786E-02
15     -- 14       663.4   1726.6025    173.6314   59.771  2.416E-01  5.884E+00  1.583E-04  5.924E-04  3.132E+02  2.076E-02
16     -- 15       751.7   1841.3455    162.8116   77.347  5.811E-02  2.329E+00  5.376E-05  1.583E-04  1.240E+02  9.967E-03
