* Radex version        : 30nov2011
* Geometry             : Uniform sphere
* Molecular data file  : ./data/co.dat                                                                   
* T(kin)            [K]:  145.000
* Density of H2  [cm-3]:  7.943E+03
* Density of pH2 [cm-3]:  1.986E+03
* Density of oH2 [cm-3]:  5.957E+03
* T(background)     [K]:   13.800
* Column density [cm-2]:  1.226E+19
* Line width     [km/s]:   50.000
Calculation finished in   36 iterations
      LINE         E_UP       FREQ        WAVEL     T_EX      TAU        T_R       POP        POP       FLUX        FLUX
                   (K)        (GHz)       (um)      (K)                  (K)        UP        LOW      (K*km/s) (erg/cm2/s)
1      -- 0          5.5    115.2712   2600.7576  930.389  6.977E-02  6.175E+01  1.008E-01  3.379E-02  3.287E+03  6.483E-05
2      -- 1         16.6    230.5380   1300.4037  105.011  2.338E+00  8.184E+01  1.511E-01  1.008E-01  4.356E+03  6.873E-04
3      -- 2         33.2    345.7960    866.9634   93.557  5.128E+00  7.791E+01  1.772E-01  1.511E-01  4.147E+03  2.208E-03
4      -- 3         55.3    461.0408    650.2515   86.864  7.907E+00  7.067E+01  1.766E-01  1.772E-01  3.761E+03  4.747E-03
5      -- 4         83.0    576.2679    520.2310   78.631  1.008E+01  6.130E+01  1.518E-01  1.766E-01  3.263E+03  8.041E-03
6      -- 5        116.2    691.4731    433.5562   68.244  1.103E+01  4.970E+01  1.103E-01  1.518E-01  2.645E+03  1.126E-02
7      -- 6        154.9    806.6518    371.6504   56.067  1.022E+01  3.643E+01  6.383E-02  1.103E-01  1.939E+03  1.311E-02
8      -- 7        199.1    921.7997    325.2252   43.544  7.468E+00  2.322E+01  2.619E-02  6.383E-02  1.236E+03  1.247E-02
9      -- 8        248.9   1036.9124    289.1203   33.519  3.675E+00  1.286E+01  6.632E-03  2.619E-02  6.842E+02  9.824E-03
10     -- 9        304.2   1151.9855    260.2398   31.006  9.907E-01  6.380E+00  1.232E-03  6.632E-03  3.396E+02  6.685E-03
11     -- 10       365.0   1267.0145    236.6133   40.014  1.714E-01  2.564E+00  2.953E-04  1.232E-03  1.365E+02  3.574E-03
12     -- 11       431.3   1381.9951    216.9273   51.999  3.754E-02  9.268E-01  8.965E-05  2.953E-04  4.933E+01  1.677E-03
13     -- 12       503.1   1496.9229    200.2725   59.152  1.102E-02  3.282E-01  2.874E-05  8.965E-05  1.747E+01  7.545E-04
14     -- 13       580.5   1611.7935    185.9993   62.041  3.552E-03  1.096E-01  8.873E-06  2.874E-05  5.835E+00  3.146E-04
15     -- 14       663.4   1726.6025    173.6314   64.171  1.106E-03  3.451E-02  2.607E-06  8.873E-06  1.837E+00  1.218E-04
16     -- 15       751.7   1841.3455    162.8116   68.724  3.216E-04  1.081E-02  7.672E-07  2.607E-06  5.753E-01  4.626E-05
