* Radex version        : 30nov2011
* Geometry             : Uniform sphere
* Molecular data file  : ./data/co.dat                                                                   
* T(kin)            [K]:  170.000
* Density of H2  [cm-3]:  2.512E+04
* Density of pH2 [cm-3]:  6.280E+03
* Density of oH2 [cm-3]:  1.884E+04
* T(background)     [K]:   13.800
* Column density [cm-2]:  3.876E+19
* Line width     [km/s]:   50.000
Calculation finished in   38 iterations
      LINE         E_UP       FREQ        WAVEL     T_EX      TAU        T_R       POP        POP       FLUX        FLUX
                   (K)        (GHz)       (um)      (K)                  (K)        UP        LOW      (K*km/s) (erg/cm2/s)
1      -- 0          5.5    115.2712   2600.7576  249.112  5.020E-01  9.280E+01  6.089E-02  2.075E-02  4.939E+03  9.743E-05
2      -- 1         16.6    230.5380   1300.4037  155.490  3.069E+00  1.345E+02  9.451E-02  6.089E-02  7.157E+03  1.129E-03
3      -- 2         33.2    345.7960    866.9634  150.508  6.513E+00  1.350E+02  1.185E-01  9.451E-02  7.187E+03  3.827E-03
4      -- 3         55.3    461.0408    650.2515  148.170  1.031E+01  1.318E+02  1.312E-01  1.185E-01  7.015E+03  8.854E-03
5      -- 4         83.0    576.2679    520.2310  144.974  1.387E+01  1.273E+02  1.325E-01  1.312E-01  6.774E+03  1.670E-02
6      -- 5        116.2    691.4731    433.5562  140.365  1.664E+01  1.211E+02  1.236E-01  1.325E-01  6.447E+03  2.745E-02
7      -- 6        154.9    806.6518    371.6504  133.702  1.826E+01  1.128E+02  1.068E-01  1.236E-01  6.003E+03  4.058E-02
8      -- 7        199.1    921.7997    325.2252  124.406  1.854E+01  1.017E+02  8.482E-02  1.068E-01  5.414E+03  5.462E-02
9      -- 8        248.9   1036.9124    289.1203  111.921  1.747E+01  8.749E+01  6.077E-02  8.482E-02  4.656E+03  6.686E-02
10     -- 9        304.2   1151.9855    260.2398   96.005  1.511E+01  6.998E+01  3.776E-02  6.077E-02  3.724E+03  7.333E-02
11     -- 10       365.0   1267.0145    236.6133   77.932  1.151E+01  5.069E+01  1.895E-02  3.776E-02  2.698E+03  7.067E-02
12     -- 11       431.3   1381.9951    216.9273   59.813  7.084E+00  3.208E+01  6.798E-03  1.895E-02  1.708E+03  5.805E-02
13     -- 12       503.1   1496.9229    200.2725   46.567  2.955E+00  1.814E+01  1.570E-03  6.798E-03  9.657E+02  4.171E-02
14     -- 13       580.5   1611.7935    185.9993   46.639  6.970E-01  8.988E+00  3.210E-04  1.570E-03  4.784E+02  2.580E-02
15     -- 14       663.4   1726.6025    173.6314   62.239  1.285E-01  3.560E+00  9.062E-05  3.210E-04  1.895E+02  1.256E-02
16     -- 15       751.7   1841.3455    162.8116   75.036  3.381E-02  1.303E+00  2.971E-05  9.062E-05  6.933E+01  5.574E-03
