* Radex version        : 30nov2011
* Geometry             : Uniform sphere
* Molecular data file  : ./data/co.dat                                                                   
* T(kin)            [K]:  165.000
* Density of H2  [cm-3]:  6.310E+03
* Density of pH2 [cm-3]:  1.577E+03
* Density of oH2 [cm-3]:  4.732E+03
* T(background)     [K]:   13.800
* Column density [cm-2]:  9.736E+18
* Line width     [km/s]:   50.000
Calculation finished in   35 iterations
      LINE         E_UP       FREQ        WAVEL     T_EX      TAU        T_R       POP        POP       FLUX        FLUX
                   (K)        (GHz)       (um)      (K)                  (K)        UP        LOW      (K*km/s) (erg/cm2/s)
1      -- 0          5.5    115.2712   2600.7576 -479.249 -1.121E-01  5.850E+01  1.059E-01  3.489E-02  3.114E+03  6.142E-05
2      -- 1         16.6    230.5380   1300.4037  106.008  1.934E+00  7.834E+01  1.590E-01  1.059E-01  4.170E+03  6.579E-04
3      -- 2         33.2    345.7960    866.9634   89.552  4.459E+00  7.352E+01  1.849E-01  1.590E-01  3.913E+03  2.084E-03
4      -- 3         55.3    461.0408    650.2515   81.378  6.939E+00  6.518E+01  1.812E-01  1.849E-01  3.469E+03  4.378E-03
5      -- 4         83.0    576.2679    520.2310   72.146  8.822E+00  5.488E+01  1.509E-01  1.812E-01  2.921E+03  7.199E-03
6      -- 5        116.2    691.4731    433.5562   61.197  9.463E+00  4.280E+01  1.037E-01  1.509E-01  2.278E+03  9.699E-03
7      -- 6        154.9    806.6518    371.6504   49.195  8.334E+00  2.985E+01  5.447E-02  1.037E-01  1.589E+03  1.074E-02
8      -- 7        199.1    921.7997    325.2252   38.039  5.455E+00  1.817E+01  1.930E-02  5.447E-02  9.669E+02  9.754E-03
9      -- 8        248.9   1036.9124    289.1203   31.107  2.219E+00  9.985E+00  4.355E-03  1.930E-02  5.315E+02  7.631E-03
10     -- 9        304.2   1151.9855    260.2398   33.577  5.014E-01  4.800E+00  9.276E-04  4.355E-03  2.555E+02  5.030E-03
11     -- 10       365.0   1267.0145    236.6133   45.679  9.651E-02  1.939E+00  2.684E-04  9.276E-04  1.032E+02  2.704E-03
12     -- 11       431.3   1381.9951    216.9273   56.356  2.601E-02  7.448E-01  8.992E-05  2.684E-04  3.964E+01  1.347E-03
13     -- 12       503.1   1496.9229    200.2725   63.104  8.489E-03  2.829E-01  3.111E-05  8.992E-05  1.505E+01  6.503E-04
14     -- 13       580.5   1611.7935    185.9993   66.008  2.958E-03  1.017E-01  1.035E-05  3.111E-05  5.413E+00  2.919E-04
15     -- 14       663.4   1726.6025    173.6314   68.311  9.934E-04  3.460E-02  3.289E-06  1.035E-05  1.842E+00  1.221E-04
16     -- 15       751.7   1841.3455    162.8116   73.572  3.114E-04  1.179E-02  1.053E-06  3.289E-06  6.277E-01  5.047E-05
