* Radex version        : 30nov2011
* Geometry             : Uniform sphere
* Molecular data file  : ./data/co.dat                                                                   
* T(kin)            [K]:  120.000
* Density of H2  [cm-3]:  1.259E+06
* Density of pH2 [cm-3]:  3.147E+05
* Density of oH2 [cm-3]:  9.442E+05
* T(background)     [K]:   13.800
* Column density [cm-2]:  1.943E+21
* Line width     [km/s]:   50.000
Calculation finished in   33 iterations
      LINE         E_UP       FREQ        WAVEL     T_EX      TAU        T_R       POP        POP       FLUX        FLUX
                   (K)        (GHz)       (um)      (K)                  (K)        UP        LOW      (K*km/s) (erg/cm2/s)
1      -- 0          5.5    115.2712   2600.7576  119.996  5.689E+01  1.060E+02  6.553E-02  2.287E-02  5.644E+03  1.113E-04
2      -- 1         16.6    230.5380   1300.4037  119.996  2.123E+02  1.055E+02  9.960E-02  6.553E-02  5.618E+03  8.865E-04
3      -- 2         33.2    345.7960    866.9634  119.996  4.256E+02  1.048E+02  1.214E-01  9.960E-02  5.576E+03  2.969E-03
4      -- 3         55.3    461.0408    650.2515  119.995  6.430E+02  1.037E+02  1.298E-01  1.214E-01  5.519E+03  6.966E-03
5      -- 4         83.0    576.2679    520.2310  119.994  8.155E+02  1.024E+02  1.260E-01  1.298E-01  5.450E+03  1.343E-02
6      -- 5        116.2    691.4731    433.5562  119.992  9.100E+02  1.009E+02  1.129E-01  1.260E-01  5.369E+03  2.286E-02
7      -- 6        154.9    806.6518    371.6504  119.990  9.168E+02  9.918E+01  9.439E-02  1.129E-01  5.279E+03  3.568E-02
8      -- 7        199.1    921.7997    325.2252  119.986  8.460E+02  9.735E+01  7.398E-02  9.439E-02  5.182E+03  5.227E-02
9      -- 8        248.9   1036.9124    289.1203  119.979  7.222E+02  9.542E+01  5.461E-02  7.398E-02  5.079E+03  7.292E-02
10     -- 9        304.2   1151.9855    260.2398  119.966  5.739E+02  9.341E+01  3.807E-02  5.461E-02  4.972E+03  9.789E-02
11     -- 10       365.0   1267.0145    236.6133  119.946  4.271E+02  9.135E+01  2.512E-02  3.807E-02  4.862E+03  1.274E-01
12     -- 11       431.3   1381.9951    216.9273  119.909  2.983E+02  8.924E+01  1.570E-02  2.512E-02  4.750E+03  1.615E-01
13     -- 12       503.1   1496.9229    200.2725  119.840  1.962E+02  8.709E+01  9.312E-03  1.570E-02  4.635E+03  2.002E-01
14     -- 13       580.5   1611.7935    185.9993  119.695  1.218E+02  8.487E+01  5.241E-03  9.312E-03  4.517E+03  2.436E-01
15     -- 14       663.4   1726.6025    173.6314  119.390  7.148E+01  8.251E+01  2.799E-03  5.241E-03  4.391E+03  2.911E-01
16     -- 15       751.7   1841.3455    162.8116  118.673  3.971E+01  7.978E+01  1.415E-03  2.799E-03  4.246E+03  3.414E-01
