* Radex version        : 30nov2011
* Geometry             : Uniform sphere
* Molecular data file  : ./data/co.dat                                                                   
* T(kin)            [K]:  170.000
* Density of H2  [cm-3]:  1.995E+04
* Density of pH2 [cm-3]:  4.988E+03
* Density of oH2 [cm-3]:  1.496E+04
* T(background)     [K]:   13.800
* Column density [cm-2]:  3.079E+19
* Line width     [km/s]:   50.000
Calculation finished in   38 iterations
      LINE         E_UP       FREQ        WAVEL     T_EX      TAU        T_R       POP        POP       FLUX        FLUX
                   (K)        (GHz)       (um)      (K)                  (K)        UP        LOW      (K*km/s) (erg/cm2/s)
1      -- 0          5.5    115.2712   2600.7576  310.096  3.423E-01  8.584E+01  6.521E-02  2.213E-02  4.569E+03  9.012E-05
2      -- 1         16.6    230.5380   1300.4037  151.429  2.678E+00  1.276E+02  1.010E-01  6.521E-02  6.789E+03  1.071E-03
3      -- 2         33.2    345.7960    866.9634  143.538  5.783E+00  1.279E+02  1.260E-01  1.010E-01  6.806E+03  3.624E-03
4      -- 3         55.3    461.0408    650.2515  140.138  9.172E+00  1.238E+02  1.383E-01  1.260E-01  6.588E+03  8.315E-03
5      -- 4         83.0    576.2679    520.2310  135.782  1.233E+01  1.181E+02  1.379E-01  1.383E-01  6.287E+03  1.549E-02
6      -- 5        116.2    691.4731    433.5562  129.658  1.475E+01  1.105E+02  1.262E-01  1.379E-01  5.880E+03  2.504E-02
7      -- 6        154.9    806.6518    371.6504  121.097  1.611E+01  1.003E+02  1.058E-01  1.262E-01  5.337E+03  3.608E-02
8      -- 7        199.1    921.7997    325.2252  109.660  1.617E+01  8.715E+01  8.007E-02  1.058E-01  4.639E+03  4.679E-02
9      -- 8        248.9   1036.9124    289.1203   95.151  1.486E+01  7.104E+01  5.305E-02  8.007E-02  3.781E+03  5.429E-02
10     -- 9        304.2   1151.9855    260.2398   78.070  1.214E+01  5.264E+01  2.888E-02  5.305E-02  2.802E+03  5.516E-02
11     -- 10       365.0   1267.0145    236.6133   60.586  8.179E+00  3.442E+01  1.159E-02  2.888E-02  1.832E+03  4.799E-02
12     -- 11       431.3   1381.9951    216.9273   46.309  3.910E+00  1.985E+01  3.009E-03  1.159E-02  1.057E+03  3.592E-02
13     -- 12       503.1   1496.9229    200.2725   42.578  1.077E+00  1.049E+01  6.012E-04  3.009E-03  5.585E+02  2.413E-02
14     -- 13       580.5   1611.7935    185.9993   55.009  1.978E-01  4.454E+00  1.583E-04  6.012E-04  2.371E+02  1.278E-02
15     -- 14       663.4   1726.6025    173.6314   68.822  4.785E-02  1.650E+00  5.075E-05  1.583E-04  8.780E+01  5.820E-03
16     -- 15       751.7   1841.3455    162.8116   76.275  1.491E-02  5.963E-01  1.696E-05  5.075E-05  3.174E+01  2.552E-03
