* Radex version        : 30nov2011
* Geometry             : Uniform sphere
* Molecular data file  : ./data/co.dat                                                                   
* T(kin)            [K]:  125.000
* Density of H2  [cm-3]:  1.995E+06
* Density of pH2 [cm-3]:  4.988E+05
* Density of oH2 [cm-3]:  1.496E+06
* T(background)     [K]:   13.800
* Column density [cm-2]:  3.079E+21
* Line width     [km/s]:   50.000
Calculation finished in   31 iterations
      LINE         E_UP       FREQ        WAVEL     T_EX      TAU        T_R       POP        POP       FLUX        FLUX
                   (K)        (GHz)       (um)      (K)                  (K)        UP        LOW      (K*km/s) (erg/cm2/s)
1      -- 0          5.5    115.2712   2600.7576  124.998  8.319E+01  1.110E+02  6.304E-02  2.196E-02  5.910E+03  1.166E-04
2      -- 1         16.6    230.5380   1300.4037  124.998  3.112E+02  1.105E+02  9.616E-02  6.304E-02  5.884E+03  9.284E-04
3      -- 2         33.2    345.7960    866.9634  124.998  6.268E+02  1.098E+02  1.179E-01  9.616E-02  5.842E+03  3.111E-03
4      -- 3         55.3    461.0408    650.2515  124.998  9.532E+02  1.087E+02  1.270E-01  1.179E-01  5.785E+03  7.301E-03
5      -- 4         83.0    576.2679    520.2310  124.997  1.219E+03  1.074E+02  1.244E-01  1.270E-01  5.715E+03  1.408E-02
6      -- 5        116.2    691.4731    433.5562  124.997  1.374E+03  1.058E+02  1.127E-01  1.244E-01  5.634E+03  2.399E-02
7      -- 6        154.9    806.6518    371.6504  124.996  1.401E+03  1.041E+02  9.543E-02  1.127E-01  5.543E+03  3.747E-02
8      -- 7        199.1    921.7997    325.2252  124.994  1.310E+03  1.023E+02  7.591E-02  9.543E-02  5.445E+03  5.493E-02
9      -- 8        248.9   1036.9124    289.1203  124.991  1.136E+03  1.004E+02  5.698E-02  7.591E-02  5.342E+03  7.670E-02
10     -- 9        304.2   1151.9855    260.2398  124.986  9.187E+02  9.835E+01  4.046E-02  5.698E-02  5.235E+03  1.031E-01
11     -- 10       365.0   1267.0145    236.6133  124.978  6.970E+02  9.628E+01  2.724E-02  4.046E-02  5.124E+03  1.342E-01
12     -- 11       431.3   1381.9951    216.9273  124.964  4.971E+02  9.417E+01  1.742E-02  2.724E-02  5.012E+03  1.704E-01
13     -- 12       503.1   1496.9229    200.2725  124.938  3.346E+02  9.204E+01  1.058E-02  1.742E-02  4.899E+03  2.116E-01
14     -- 13       580.5   1611.7935    185.9993  124.884  2.129E+02  8.989E+01  6.120E-03  1.058E-02  4.784E+03  2.580E-01
15     -- 14       663.4   1726.6025    173.6314  124.776  1.283E+02  8.769E+01  3.367E-03  6.120E-03  4.667E+03  3.094E-01
16     -- 15       751.7   1841.3455    162.8116  124.541  7.327E+01  8.539E+01  1.763E-03  3.367E-03  4.545E+03  3.654E-01
