* Radex version        : 30nov2011
* Geometry             : Uniform sphere
* Molecular data file  : ./data/co.dat                                                                   
* T(kin)            [K]:  190.000
* Density of H2  [cm-3]:  3.162E+02
* Density of pH2 [cm-3]:  7.906E+01
* Density of oH2 [cm-3]:  2.372E+02
* T(background)     [K]:   13.800
* Column density [cm-2]:  4.879E+17
* Line width     [km/s]:   50.000
Calculation finished in   24 iterations
      LINE         E_UP       FREQ        WAVEL     T_EX      TAU        T_R       POP        POP       FLUX        FLUX
                   (K)        (GHz)       (um)      (K)                  (K)        UP        LOW      (K*km/s) (erg/cm2/s)
1      -- 0          5.5    115.2712   2600.7576   28.598  3.337E-01  4.172E+00  3.383E-01  1.368E-01  2.220E+02  4.380E-06
2      -- 1         16.6    230.5380   1300.4037   18.098  1.429E+00  3.138E+00  3.059E-01  3.383E-01  1.670E+02  2.636E-05
3      -- 2         33.2    345.7960    866.9634   16.438  1.616E+00  1.912E+00  1.561E-01  3.059E-01  1.018E+02  5.419E-05
4      -- 3         55.3    461.0408    650.2515   15.794  9.290E-01  1.004E+00  4.943E-02  1.561E-01  5.344E+01  6.745E-05
5      -- 4         83.0    576.2679    520.2310   16.063  3.111E-01  4.577E-01  1.080E-02  4.943E-02  2.436E+01  6.004E-05
6      -- 5        116.2    691.4731    433.5562   17.917  6.836E-02  1.904E-01  2.003E-03  1.080E-02  1.014E+01  4.316E-05
7      -- 6        154.9    806.6518    371.6504   23.106  1.203E-02  7.686E-02  4.326E-04  2.003E-03  4.091E+00  2.765E-05
8      -- 7        199.1    921.7997    325.2252   32.301  2.356E-03  3.108E-02  1.246E-04  4.326E-04  1.654E+00  1.669E-05
9      -- 8        248.9   1036.9124    289.1203   41.205  6.311E-04  1.251E-02  4.164E-05  1.246E-04  6.657E-01  9.559E-06
10     -- 9        304.2   1151.9855    260.2398   48.093  2.033E-04  5.003E-03  1.458E-05  4.164E-05  2.663E-01  5.243E-06
11     -- 10       365.0   1267.0145    236.6133   54.264  6.962E-05  1.996E-03  5.206E-06  1.458E-05  1.062E-01  2.783E-06
12     -- 11       431.3   1381.9951    216.9273   59.660  2.453E-05  7.843E-04  1.862E-06  5.206E-06  4.175E-02  1.419E-06
13     -- 12       503.1   1496.9229    200.2725   66.354  8.572E-06  3.120E-04  6.810E-07  1.862E-06  1.660E-02  7.173E-07
14     -- 13       580.5   1611.7935    185.9993   67.042  3.219E-06  1.138E-04  2.307E-07  6.810E-07  6.058E-03  3.267E-07
15     -- 14       663.4   1726.6025    173.6314   67.936  1.113E-06  3.842E-05  7.283E-08  2.307E-07  2.045E-03  1.356E-07
16     -- 15       751.7   1841.3455    162.8116   76.060  3.396E-07  1.362E-05  2.426E-08  7.283E-08  7.249E-04  5.828E-08
