* Radex version        : 30nov2011
* Geometry             : Uniform sphere
* Molecular data file  : ./data/co.dat                                                                   
* T(kin)            [K]:  145.000
* Density of H2  [cm-3]:  1.585E+06
* Density of pH2 [cm-3]:  3.962E+05
* Density of oH2 [cm-3]:  1.189E+06
* T(background)     [K]:   13.800
* Column density [cm-2]:  2.445E+21
* Line width     [km/s]:   50.000
Calculation finished in   33 iterations
      LINE         E_UP       FREQ        WAVEL     T_EX      TAU        T_R       POP        POP       FLUX        FLUX
                   (K)        (GHz)       (um)      (K)                  (K)        UP        LOW      (K*km/s) (erg/cm2/s)
1      -- 0          5.5    115.2712   2600.7576  144.996  4.931E+01  1.310E+02  5.474E-02  1.895E-02  6.974E+03  1.376E-04
2      -- 1         16.6    230.5380   1300.4037  144.995  1.862E+02  1.305E+02  8.452E-02  5.474E-02  6.948E+03  1.096E-03
3      -- 2         33.2    345.7960    866.9634  144.995  3.807E+02  1.297E+02  1.055E-01  8.452E-02  6.905E+03  3.677E-03
4      -- 3         55.3    461.0408    650.2515  144.995  5.913E+02  1.286E+02  1.165E-01  1.055E-01  6.847E+03  8.641E-03
5      -- 4         83.0    576.2679    520.2310  144.994  7.770E+02  1.273E+02  1.176E-01  1.165E-01  6.775E+03  1.670E-02
6      -- 5        116.2    691.4731    433.5562  144.992  9.056E+02  1.257E+02  1.106E-01  1.176E-01  6.692E+03  2.850E-02
7      -- 6        154.9    806.6518    371.6504  144.990  9.603E+02  1.240E+02  9.771E-02  1.106E-01  6.600E+03  4.461E-02
8      -- 7        199.1    921.7997    325.2252  144.987  9.402E+02  1.221E+02  8.161E-02  9.771E-02  6.500E+03  6.557E-02
9      -- 8        248.9   1036.9124    289.1203  144.982  8.583E+02  1.201E+02  6.471E-02  8.161E-02  6.394E+03  9.180E-02
10     -- 9        304.2   1151.9855    260.2398  144.974  7.351E+02  1.181E+02  4.885E-02  6.471E-02  6.284E+03  1.237E-01
11     -- 10       365.0   1267.0145    236.6133  144.961  5.944E+02  1.159E+02  3.517E-02  4.885E-02  6.170E+03  1.616E-01
12     -- 11       431.3   1381.9951    216.9273  144.940  4.545E+02  1.138E+02  2.419E-02  3.517E-02  6.054E+03  2.058E-01
13     -- 12       503.1   1496.9229    200.2725  144.904  3.299E+02  1.115E+02  1.591E-02  2.419E-02  5.937E+03  2.565E-01
14     -- 13       580.5   1611.7935    185.9993  144.836  2.279E+02  1.093E+02  1.002E-02  1.591E-02  5.817E+03  3.137E-01
15     -- 14       663.4   1726.6025    173.6314  144.712  1.499E+02  1.070E+02  6.041E-03  1.002E-02  5.696E+03  3.775E-01
16     -- 15       751.7   1841.3455    162.8116  144.464  9.403E+01  1.046E+02  3.488E-03  6.041E-03  5.568E+03  4.477E-01
