* Radex version        : 30nov2011
* Geometry             : Uniform sphere
* Molecular data file  : ./data/co.dat                                                                   
* T(kin)            [K]:  190.000
* Density of H2  [cm-3]:  1.259E+04
* Density of pH2 [cm-3]:  3.147E+03
* Density of oH2 [cm-3]:  9.442E+03
* T(background)     [K]:   13.800
* Column density [cm-2]:  1.943E+19
* Line width     [km/s]:   50.000
Calculation finished in   37 iterations
      LINE         E_UP       FREQ        WAVEL     T_EX      TAU        T_R       POP        POP       FLUX        FLUX
                   (K)        (GHz)       (um)      (K)                  (K)        UP        LOW      (K*km/s) (erg/cm2/s)
1      -- 0          5.5    115.2712   2600.7576 -3.287E+03 -2.248E-02  7.503E+01  7.264E-02  2.417E-02  3.994E+03  7.878E-05
2      -- 1         16.6    230.5380   1300.4037  156.173  1.827E+00  1.189E+02  1.128E-01  7.264E-02  6.329E+03  9.987E-04
3      -- 2         33.2    345.7960    866.9634  135.424  4.303E+00  1.185E+02  1.397E-01  1.128E-01  6.309E+03  3.360E-03
4      -- 3         55.3    461.0408    650.2515  128.291  6.959E+00  1.119E+02  1.511E-01  1.397E-01  5.954E+03  7.514E-03
5      -- 4         83.0    576.2679    520.2310  120.811  9.436E+00  1.032E+02  1.469E-01  1.511E-01  5.492E+03  1.354E-02
6      -- 5        116.2    691.4731    433.5562  111.283  1.132E+01  9.222E+01  1.289E-01  1.469E-01  4.908E+03  2.090E-02
7      -- 6        154.9    806.6518    371.6504   99.136  1.226E+01  7.854E+01  1.006E-01  1.289E-01  4.180E+03  2.826E-02
8      -- 7        199.1    921.7997    325.2252   84.617  1.191E+01  6.255E+01  6.761E-02  1.006E-01  3.329E+03  3.358E-02
9      -- 8        248.9   1036.9124    289.1203   68.531  1.004E+01  4.524E+01  3.656E-02  6.761E-02  2.408E+03  3.457E-02
10     -- 9        304.2   1151.9855    260.2398   52.882  6.746E+00  2.891E+01  1.420E-02  3.656E-02  1.539E+03  3.030E-02
11     -- 10       365.0   1267.0145    236.6133   41.529  3.080E+00  1.674E+01  3.597E-03  1.420E-02  8.908E+02  2.333E-02
12     -- 11       431.3   1381.9951    216.9273   41.359  8.034E-01  8.920E+00  7.866E-04  3.597E-03  4.748E+02  1.614E-02
13     -- 12       503.1   1496.9229    200.2725   56.288  1.572E-01  3.987E+00  2.371E-04  7.866E-04  2.122E+02  9.167E-03
14     -- 13       580.5   1611.7935    185.9993   69.228  4.385E-02  1.601E+00  8.330E-05  2.371E-04  8.523E+01  4.596E-03
15     -- 14       663.4   1726.6025    173.6314   74.819  1.520E-02  6.137E-01  2.942E-05  8.330E-05  3.266E+01  2.165E-03
16     -- 15       751.7   1841.3455    162.8116   80.653  5.291E-03  2.334E-01  1.047E-05  2.942E-05  1.242E+01  9.989E-04
