* Radex version        : 30nov2011
* Geometry             : Uniform sphere
* Molecular data file  : ./data/co.dat                                                                   
* T(kin)            [K]:  130.000
* Density of H2  [cm-3]:  3.981E+03
* Density of pH2 [cm-3]:  9.953E+02
* Density of oH2 [cm-3]:  2.986E+03
* T(background)     [K]:   13.800
* Column density [cm-2]:  6.143E+18
* Line width     [km/s]:   50.000
Calculation finished in   34 iterations
      LINE         E_UP       FREQ        WAVEL     T_EX      TAU        T_R       POP        POP       FLUX        FLUX
                   (K)        (GHz)       (um)      (K)                  (K)        UP        LOW      (K*km/s) (erg/cm2/s)
1      -- 0          5.5    115.2712   2600.7576  1.170E+03  3.974E-02  4.504E+01  1.441E-01  4.826E-02  2.397E+03  4.729E-05
2      -- 1         16.6    230.5380   1300.4037   70.444  2.436E+00  5.115E+01  2.053E-01  1.441E-01  2.723E+03  4.296E-04
3      -- 2         33.2    345.7960    866.9634   60.628  5.142E+00  4.531E+01  2.186E-01  2.053E-01  2.412E+03  1.284E-03
4      -- 3         55.3    461.0408    650.2515   53.210  7.394E+00  3.731E+01  1.854E-01  2.186E-01  1.986E+03  2.507E-03
5      -- 4         83.0    576.2679    520.2310   44.591  8.268E+00  2.787E+01  1.219E-01  1.854E-01  1.483E+03  3.655E-03
6      -- 5        116.2    691.4731    433.5562   35.447  7.002E+00  1.810E+01  5.648E-02  1.219E-01  9.632E+02  4.101E-03
7      -- 6        154.9    806.6518    371.6504   27.737  3.955E+00  1.005E+01  1.614E-02  5.648E-02  5.351E+02  3.617E-03
8      -- 7        199.1    921.7997    325.2252   24.717  1.236E+00  4.965E+00  3.054E-03  1.614E-02  2.643E+02  2.666E-03
9      -- 8        248.9   1036.9124    289.1203   29.401  2.266E-01  1.994E+00  6.282E-04  3.054E-03  1.061E+02  1.524E-03
10     -- 9        304.2   1151.9855    260.2398   38.862  4.290E-02  6.945E-01  1.674E-04  6.282E-04  3.696E+01  7.278E-04
11     -- 10       365.0   1267.0145    236.6133   45.924  1.096E-02  2.321E-01  4.877E-05  1.674E-04  1.235E+01  3.235E-04
12     -- 11       431.3   1381.9951    216.9273   50.974  3.138E-03  7.601E-02  1.443E-05  4.877E-05  4.046E+00  1.375E-04
13     -- 12       503.1   1496.9229    200.2725   55.885  9.151E-04  2.475E-02  4.310E-06  1.443E-05  1.317E+00  5.691E-05
14     -- 13       580.5   1611.7935    185.9993   57.754  2.765E-04  7.513E-03  1.213E-06  4.310E-06  3.999E-01  2.156E-05
15     -- 14       663.4   1726.6025    173.6314   58.914  7.892E-05  2.106E-03  3.176E-07  1.213E-06  1.121E-01  7.429E-06
16     -- 15       751.7   1841.3455    162.8116   63.776  2.035E-05  5.970E-04  8.458E-08  3.176E-07  3.177E-02  2.555E-06
