* Radex version        : 30nov2011
* Geometry             : Uniform sphere
* Molecular data file  : ./data/co.dat                                                                   
* T(kin)            [K]:  110.000
* Density of H2  [cm-3]:  1.585E+03
* Density of pH2 [cm-3]:  3.962E+02
* Density of oH2 [cm-3]:  1.189E+03
* T(background)     [K]:   13.800
* Column density [cm-2]:  2.445E+18
* Line width     [km/s]:   50.000
Calculation finished in   30 iterations
      LINE         E_UP       FREQ        WAVEL     T_EX      TAU        T_R       POP        POP       FLUX        FLUX
                   (K)        (GHz)       (um)      (K)                  (K)        UP        LOW      (K*km/s) (erg/cm2/s)
1      -- 0          5.5    115.2712   2600.7576  113.996  2.633E-01  2.316E+01  2.286E-01  7.998E-02  1.232E+03  2.431E-05
2      -- 1         16.6    230.5380   1300.4037   36.946  2.739E+00  2.122E+01  2.824E-01  2.286E-01  1.130E+03  1.782E-04
3      -- 2         33.2    345.7960    866.9634   30.945  4.881E+00  1.613E+01  2.312E-01  2.824E-01  8.588E+02  4.573E-04
4      -- 3         55.3    461.0408    650.2515   25.680  5.286E+00  1.056E+01  1.256E-01  2.312E-01  5.620E+02  7.093E-04
5      -- 4         83.0    576.2679    520.2310   21.209  3.515E+00  5.818E+00  4.167E-02  1.256E-01  3.096E+02  7.631E-04
6      -- 5        116.2    691.4731    433.5562   19.129  1.291E+00  2.766E+00  8.687E-03  4.167E-02  1.472E+02  6.269E-04
7      -- 6        154.9    806.6518    371.6504   20.590  2.728E-01  1.069E+00  1.529E-03  8.687E-03  5.689E+01  3.846E-04
8      -- 7        199.1    921.7997    325.2252   25.880  4.583E-02  3.542E-01  3.137E-04  1.529E-03  1.885E+01  1.902E-04
9      -- 8        248.9   1036.9124    289.1203   32.771  8.866E-03  1.109E-01  7.679E-05  3.137E-04  5.905E+00  8.478E-05
10     -- 9        304.2   1151.9855    260.2398   38.088  2.107E-03  3.343E-02  1.988E-05  7.679E-05  1.779E+00  3.503E-05
11     -- 10       365.0   1267.0145    236.6133   42.207  5.388E-04  9.756E-03  5.154E-06  1.988E-05  5.193E-01  1.360E-05
12     -- 11       431.3   1381.9951    216.9273   46.060  1.384E-04  2.775E-03  1.327E-06  5.154E-06  1.477E-01  5.020E-06
13     -- 12       503.1   1496.9229    200.2725   50.754  3.507E-05  7.940E-04  3.481E-07  1.327E-06  4.226E-02  1.826E-06
14     -- 13       580.5   1611.7935    185.9993   51.997  9.325E-06  2.078E-04  8.446E-08  3.481E-07  1.106E-02  5.965E-07
15     -- 14       663.4   1726.6025    173.6314   52.234  2.305E-06  4.867E-05  1.848E-08  8.446E-08  2.590E-03  1.717E-07
16     -- 15       751.7   1841.3455    162.8116   57.265  4.942E-07  1.180E-05  4.203E-09  1.848E-08  6.279E-04  5.048E-08
