* Radex version        : 30nov2011
* Geometry             : Uniform sphere
* Molecular data file  : ./data/co.dat                                                                   
* T(kin)            [K]:  130.000
* Density of H2  [cm-3]:  1.000E+04
* Density of pH2 [cm-3]:  2.500E+03
* Density of oH2 [cm-3]:  7.500E+03
* T(background)     [K]:    2.725
* Column density [cm-2]:  9.875E+19
* Line width     [km/s]:   50.000
Calculation finished in   41 iterations
      LINE         E_UP       FREQ        WAVEL     T_EX      TAU        T_R       POP        POP       FLUX        FLUX
                   (K)        (GHz)       (um)      (K)                  (K)        UP        LOW      (K*km/s) (erg/cm2/s)
1      -- 0          5.5    115.2712   2600.7576  127.818  3.036E+00  1.183E+02  7.337E-02  2.554E-02  6.295E+03  1.242E-04
2      -- 1         16.6    230.5380   1300.4037  119.469  1.213E+01  1.138E+02  1.115E-01  7.337E-02  6.058E+03  9.560E-04
3      -- 2         33.2    345.7960    866.9634  119.226  2.436E+01  1.111E+02  1.358E-01  1.115E-01  5.912E+03  3.148E-03
4      -- 3         55.3    461.0408    650.2515  117.930  3.713E+01  1.072E+02  1.447E-01  1.358E-01  5.706E+03  7.201E-03
5      -- 4         83.0    576.2679    520.2310  115.740  4.771E+01  1.025E+02  1.393E-01  1.447E-01  5.453E+03  1.344E-02
6      -- 5        116.2    691.4731    433.5562  112.237  5.416E+01  9.646E+01  1.225E-01  1.393E-01  5.134E+03  2.186E-02
7      -- 6        154.9    806.6518    371.6504  106.813  5.571E+01  8.862E+01  9.834E-02  1.225E-01  4.717E+03  3.188E-02
8      -- 7        199.1    921.7997    325.2252   98.595  5.253E+01  7.812E+01  7.116E-02  9.834E-02  4.158E+03  4.194E-02
9      -- 8        248.9   1036.9124    289.1203   86.913  4.534E+01  6.439E+01  4.486E-02  7.116E-02  3.427E+03  4.921E-02
10     -- 9        304.2   1151.9855    260.2398   71.659  3.490E+01  4.754E+01  2.292E-02  4.486E-02  2.530E+03  4.981E-02
11     -- 10       365.0   1267.0145    236.6133   54.774  2.204E+01  2.988E+01  8.272E-03  2.292E-02  1.591E+03  4.166E-02
12     -- 11       431.3   1381.9951    216.9273   39.437  9.569E+00  1.516E+01  1.673E-03  8.272E-03  8.068E+02  2.742E-02
13     -- 12       503.1   1496.9229    200.2725   31.138  2.122E+00  6.991E+00  1.798E-04  1.673E-03  3.721E+02  1.607E-02
14     -- 13       580.5   1611.7935    185.9993   41.326  2.127E-01  2.694E+00  2.971E-05  1.798E-04  1.434E+02  7.733E-03
15     -- 14       663.4   1726.6025    173.6314   58.856  3.110E-02  8.218E-01  7.771E-06  2.971E-05  4.374E+01  2.900E-03
16     -- 15       751.7   1841.3455    162.8116   65.401  7.911E-03  2.433E-01  2.142E-06  7.771E-06  1.295E+01  1.041E-03
