* Radex version        : 30nov2011
* Geometry             : Uniform sphere
* Molecular data file  : ./data/co.dat                                                                   
* T(kin)            [K]:  185.000
* Density of H2  [cm-3]:  6.310E+04
* Density of pH2 [cm-3]:  1.577E+04
* Density of oH2 [cm-3]:  4.732E+04
* T(background)     [K]:   13.800
* Column density [cm-2]:  9.736E+19
* Line width     [km/s]:   50.000
Calculation finished in   39 iterations
      LINE         E_UP       FREQ        WAVEL     T_EX      TAU        T_R       POP        POP       FLUX        FLUX
                   (K)        (GHz)       (um)      (K)                  (K)        UP        LOW      (K*km/s) (erg/cm2/s)
1      -- 0          5.5    115.2712   2600.7576  198.515  1.240E+00  1.311E+02  4.758E-02  1.631E-02  6.980E+03  1.377E-04
2      -- 1         16.6    230.5380   1300.4037  179.540  5.241E+00  1.642E+02  7.456E-02  4.758E-02  8.739E+03  1.379E-03
3      -- 2         33.2    345.7960    866.9634  179.461  1.092E+01  1.642E+02  9.516E-02  7.456E-02  8.737E+03  4.653E-03
4      -- 3         55.3    461.0408    650.2515  178.952  1.744E+01  1.625E+02  1.081E-01  9.516E-02  8.651E+03  1.092E-02
5      -- 4         83.0    576.2679    520.2310  178.175  2.377E+01  1.604E+02  1.131E-01  1.081E-01  8.537E+03  2.104E-02
6      -- 5        116.2    691.4731    433.5562  177.073  2.896E+01  1.577E+02  1.109E-01  1.131E-01  8.394E+03  3.574E-02
7      -- 6        154.9    806.6518    371.6504  175.407  3.239E+01  1.543E+02  1.026E-01  1.109E-01  8.211E+03  5.550E-02
8      -- 7        199.1    921.7997    325.2252  172.990  3.372E+01  1.499E+02  9.003E-02  1.026E-01  7.981E+03  8.050E-02
9      -- 8        248.9   1036.9124    289.1203  169.418  3.302E+01  1.444E+02  7.501E-02  9.003E-02  7.684E+03  1.103E-01
10     -- 9        304.2   1151.9855    260.2398  163.913  3.063E+01  1.368E+02  5.917E-02  7.501E-02  7.281E+03  1.433E-01
11     -- 10       365.0   1267.0145    236.6133  156.038  2.700E+01  1.269E+02  4.389E-02  5.917E-02  6.752E+03  1.769E-01
12     -- 11       431.3   1381.9951    216.9273  144.407  2.265E+01  1.132E+02  3.014E-02  4.389E-02  6.026E+03  2.049E-01
13     -- 12       503.1   1496.9229    200.2725  128.153  1.796E+01  9.517E+01  1.858E-02  3.014E-02  5.066E+03  2.188E-01
14     -- 13       580.5   1611.7935    185.9993  107.120  1.317E+01  7.277E+01  9.694E-03  1.858E-02  3.873E+03  2.089E-01
15     -- 14       663.4   1726.6025    173.6314   83.876  8.311E+00  4.894E+01  3.858E-03  9.694E-03  2.605E+03  1.727E-01
16     -- 15       751.7   1841.3455    162.8116   63.976  3.912E+00  2.892E+01  1.032E-03  3.858E-03  1.539E+03  1.237E-01
