* Radex version        : 30nov2011
* Geometry             : Uniform sphere
* Molecular data file  : ./data/co.dat                                                                   
* T(kin)            [K]:  100.000
* Density of H2  [cm-3]:  6.310E+05
* Density of pH2 [cm-3]:  1.577E+05
* Density of oH2 [cm-3]:  4.732E+05
* T(background)     [K]:   13.800
* Column density [cm-2]:  9.736E+20
* Line width     [km/s]:   50.000
Calculation finished in   33 iterations
      LINE         E_UP       FREQ        WAVEL     T_EX      TAU        T_R       POP        POP       FLUX        FLUX
                   (K)        (GHz)       (um)      (K)                  (K)        UP        LOW      (K*km/s) (erg/cm2/s)
1      -- 0          5.5    115.2712   2600.7576   99.992  4.083E+01  8.603E+01  7.783E-02  2.742E-02  4.579E+03  9.032E-05
2      -- 1         16.6    230.5380   1300.4037   99.991  1.503E+02  8.556E+01  1.161E-01  7.783E-02  4.554E+03  7.186E-04
3      -- 2         33.2    345.7960    866.9634   99.990  2.944E+02  8.480E+01  1.377E-01  1.161E-01  4.513E+03  2.403E-03
4      -- 3         55.3    461.0408    650.2515   99.989  4.309E+02  8.376E+01  1.419E-01  1.377E-01  4.458E+03  5.626E-03
5      -- 4         83.0    576.2679    520.2310   99.986  5.244E+02  8.249E+01  1.315E-01  1.419E-01  4.390E+03  1.082E-02
6      -- 5        116.2    691.4731    433.5562   99.981  5.566E+02  8.101E+01  1.115E-01  1.315E-01  4.312E+03  1.836E-02
7      -- 6        154.9    806.6518    371.6504   99.972  5.283E+02  7.937E+01  8.738E-02  1.115E-01  4.224E+03  2.856E-02
8      -- 7        199.1    921.7997    325.2252   99.958  4.552E+02  7.760E+01  6.362E-02  8.738E-02  4.130E+03  4.166E-02
9      -- 8        248.9   1036.9124    289.1203   99.934  3.596E+02  7.572E+01  4.321E-02  6.362E-02  4.030E+03  5.786E-02
10     -- 9        304.2   1151.9855    260.2398   99.885  2.620E+02  7.375E+01  2.746E-02  4.321E-02  3.926E+03  7.729E-02
11     -- 10       365.0   1267.0145    236.6133   99.795  1.772E+02  7.171E+01  1.635E-02  2.746E-02  3.817E+03  9.998E-02
12     -- 11       431.3   1381.9951    216.9273   99.615  1.114E+02  6.956E+01  9.133E-03  1.635E-02  3.702E+03  1.258E-01
13     -- 12       503.1   1496.9229    200.2725   99.231  6.536E+01  6.721E+01  4.782E-03  9.133E-03  3.577E+03  1.545E-01
14     -- 13       580.5   1611.7935    185.9993   98.257  3.590E+01  6.432E+01  2.338E-03  4.782E-03  3.423E+03  1.846E-01
15     -- 14       663.4   1726.6025    173.6314   95.440  1.853E+01  5.972E+01  1.049E-03  2.338E-03  3.179E+03  2.107E-01
16     -- 15       751.7   1841.3455    162.8116   87.765  9.013E+00  5.072E+01  4.079E-04  1.049E-03  2.700E+03  2.170E-01
