* Radex version        : 30nov2011
* Geometry             : Uniform sphere
* Molecular data file  : ./data/co.dat                                                                   
* T(kin)            [K]:  190.000
* Density of H2  [cm-3]:  6.310E+02
* Density of pH2 [cm-3]:  1.577E+02
* Density of oH2 [cm-3]:  4.732E+02
* T(background)     [K]:   13.800
* Column density [cm-2]:  9.736E+17
* Line width     [km/s]:   50.000
Calculation finished in   27 iterations
      LINE         E_UP       FREQ        WAVEL     T_EX      TAU        T_R       POP        POP       FLUX        FLUX
                   (K)        (GHz)       (um)      (K)                  (K)        UP        LOW      (K*km/s) (erg/cm2/s)
1      -- 0          5.5    115.2712   2600.7576   63.268  2.454E-01  1.073E+01  2.912E-01  1.060E-01  5.713E+02  1.127E-05
2      -- 1         16.6    230.5380   1300.4037   24.508  1.950E+00  8.914E+00  3.091E-01  2.912E-01  4.744E+02  7.486E-05
3      -- 2         33.2    345.7960    866.9634   20.689  2.827E+00  5.986E+00  1.940E-01  3.091E-01  3.186E+02  1.696E-04
4      -- 3         55.3    461.0408    650.2515   18.438  2.137E+00  3.495E+00  7.513E-02  1.940E-01  1.860E+02  2.347E-04
5      -- 4         83.0    576.2679    520.2310   17.685  9.084E-01  1.799E+00  1.922E-02  7.513E-02  9.573E+01  2.359E-04
6      -- 5        116.2    691.4731    433.5562   19.167  2.370E-01  8.112E-01  4.021E-03  1.922E-02  4.318E+01  1.838E-04
7      -- 6        154.9    806.6518    371.6504   24.151  4.738E-02  3.362E-01  9.340E-04  4.021E-03  1.789E+01  1.209E-04
8      -- 7        199.1    921.7997    325.2252   32.847  1.007E-02  1.370E-01  2.753E-04  9.340E-04  7.294E+00  7.358E-05
9      -- 8        248.9   1036.9124    289.1203   41.395  2.775E-03  5.540E-02  9.247E-05  2.753E-04  2.949E+00  4.234E-05
10     -- 9        304.2   1151.9855    260.2398   48.263  8.994E-04  2.226E-02  3.251E-05  9.247E-05  1.185E+00  2.333E-05
11     -- 10       365.0   1267.0145    236.6133   54.403  3.093E-04  8.906E-03  1.164E-05  3.251E-05  4.740E-01  1.242E-05
12     -- 11       431.3   1381.9951    216.9273   59.939  1.092E-04  3.518E-03  4.185E-06  1.164E-05  1.873E-01  6.365E-06
13     -- 12       503.1   1496.9229    200.2725   66.505  3.840E-05  1.403E-03  1.535E-06  4.185E-06  7.466E-02  3.225E-06
14     -- 13       580.5   1611.7935    185.9993   67.457  1.443E-05  5.154E-04  5.236E-07  1.535E-06  2.743E-02  1.479E-06
15     -- 14       663.4   1726.6025    173.6314   68.535  5.018E-06  1.759E-04  1.671E-07  5.236E-07  9.360E-03  6.205E-07
16     -- 15       751.7   1841.3455    162.8116   76.407  1.551E-06  6.266E-05  5.594E-08  1.671E-07  3.335E-03  2.682E-07
