* Radex version        : 30nov2011
* Geometry             : Uniform sphere
* Molecular data file  : ./data/co.dat                                                                   
* T(kin)            [K]:  185.000
* Density of H2  [cm-3]:  1.585E+06
* Density of pH2 [cm-3]:  3.962E+05
* Density of oH2 [cm-3]:  1.189E+06
* T(background)     [K]:   13.800
* Column density [cm-2]:  2.445E+21
* Line width     [km/s]:   50.000
Calculation finished in   34 iterations
      LINE         E_UP       FREQ        WAVEL     T_EX      TAU        T_R       POP        POP       FLUX        FLUX
                   (K)        (GHz)       (um)      (K)                  (K)        UP        LOW      (K*km/s) (erg/cm2/s)
1      -- 0          5.5    115.2712   2600.7576  184.991  3.046E+01  1.710E+02  4.332E-02  1.488E-02  9.103E+03  1.796E-04
2      -- 1         16.6    230.5380   1300.4037  184.990  1.164E+02  1.705E+02  6.801E-02  4.332E-02  9.076E+03  1.432E-03
3      -- 2         33.2    345.7960    866.9634  184.990  2.430E+02  1.697E+02  8.704E-02  6.801E-02  9.032E+03  4.810E-03
4      -- 3         55.3    461.0408    650.2515  184.989  3.885E+02  1.686E+02  9.930E-02  8.704E-02  8.972E+03  1.132E-02
5      -- 4         83.0    576.2679    520.2310  184.987  5.297E+02  1.672E+02  1.045E-01  9.930E-02  8.899E+03  2.193E-02
6      -- 5        116.2    691.4731    433.5562  184.985  6.458E+02  1.656E+02  1.032E-01  1.045E-01  8.814E+03  3.753E-02
7      -- 6        154.9    806.6518    371.6504  184.982  7.223E+02  1.638E+02  9.662E-02  1.032E-01  8.719E+03  5.893E-02
8      -- 7        199.1    921.7997    325.2252  184.978  7.520E+02  1.619E+02  8.621E-02  9.662E-02  8.616E+03  8.691E-02
9      -- 8        248.9   1036.9124    289.1203  184.972  7.360E+02  1.598E+02  7.362E-02  8.621E-02  8.506E+03  1.221E-01
10     -- 9        304.2   1151.9855    260.2398  184.962  6.815E+02  1.577E+02  6.035E-02  7.362E-02  8.392E+03  1.652E-01
11     -- 10       365.0   1267.0145    236.6133  184.949  6.005E+02  1.555E+02  4.757E-02  6.035E-02  8.274E+03  2.167E-01
12     -- 11       431.3   1381.9951    216.9273  184.928  5.046E+02  1.532E+02  3.613E-02  4.757E-02  8.154E+03  2.772E-01
13     -- 12       503.1   1496.9229    200.2725  184.897  4.058E+02  1.509E+02  2.645E-02  3.613E-02  8.032E+03  3.469E-01
14     -- 13       580.5   1611.7935    185.9993  184.841  3.131E+02  1.486E+02  1.870E-02  2.645E-02  7.908E+03  4.264E-01
15     -- 14       663.4   1726.6025    173.6314  184.754  2.319E+02  1.462E+02  1.276E-02  1.870E-02  7.782E+03  5.158E-01
16     -- 15       751.7   1841.3455    162.8116  184.598  1.652E+02  1.438E+02  8.418E-03  1.276E-02  7.653E+03  6.153E-01
