* Radex version        : 30nov2011
* Geometry             : Uniform sphere
* Molecular data file  : ./data/co.dat                                                                   
* T(kin)            [K]:  100.000
* Density of H2  [cm-3]:  1.259E+06
* Density of pH2 [cm-3]:  3.147E+05
* Density of oH2 [cm-3]:  9.442E+05
* T(background)     [K]:   13.800
* Column density [cm-2]:  1.943E+21
* Line width     [km/s]:   50.000
Calculation finished in   31 iterations
      LINE         E_UP       FREQ        WAVEL     T_EX      TAU        T_R       POP        POP       FLUX        FLUX
                   (K)        (GHz)       (um)      (K)                  (K)        UP        LOW      (K*km/s) (erg/cm2/s)
1      -- 0          5.5    115.2712   2600.7576   99.998  8.142E+01  8.604E+01  7.779E-02  2.741E-02  4.579E+03  9.033E-05
2      -- 1         16.6    230.5380   1300.4037   99.998  2.997E+02  8.557E+01  1.161E-01  7.779E-02  4.554E+03  7.186E-04
3      -- 2         33.2    345.7960    866.9634   99.998  5.872E+02  8.480E+01  1.377E-01  1.161E-01  4.514E+03  2.404E-03
4      -- 3         55.3    461.0408    650.2515   99.997  8.593E+02  8.377E+01  1.419E-01  1.377E-01  4.459E+03  5.627E-03
5      -- 4         83.0    576.2679    520.2310   99.996  1.046E+03  8.250E+01  1.315E-01  1.419E-01  4.391E+03  1.082E-02
6      -- 5        116.2    691.4731    433.5562   99.995  1.110E+03  8.102E+01  1.115E-01  1.315E-01  4.313E+03  1.836E-02
7      -- 6        154.9    806.6518    371.6504   99.993  1.054E+03  7.939E+01  8.736E-02  1.115E-01  4.226E+03  2.856E-02
8      -- 7        199.1    921.7997    325.2252   99.989  9.078E+02  7.763E+01  6.361E-02  8.736E-02  4.132E+03  4.168E-02
9      -- 8        248.9   1036.9124    289.1203   99.983  7.170E+02  7.577E+01  4.322E-02  6.361E-02  4.033E+03  5.790E-02
10     -- 9        304.2   1151.9855    260.2398   99.971  5.224E+02  7.384E+01  2.748E-02  4.322E-02  3.930E+03  7.737E-02
11     -- 10       365.0   1267.0145    236.6133   99.948  3.533E+02  7.186E+01  1.638E-02  2.748E-02  3.825E+03  1.002E-01
12     -- 11       431.3   1381.9951    216.9273   99.903  2.221E+02  6.984E+01  9.165E-03  1.638E-02  3.717E+03  1.264E-01
13     -- 12       503.1   1496.9229    200.2725   99.810  1.303E+02  6.777E+01  4.819E-03  9.165E-03  3.607E+03  1.558E-01
14     -- 13       580.5   1611.7935    185.9993   99.586  7.155E+01  6.558E+01  2.380E-03  4.819E-03  3.491E+03  1.882E-01
15     -- 14       663.4   1726.6025    173.6314   99.017  3.678E+01  6.309E+01  1.102E-03  2.380E-03  3.358E+03  2.226E-01
16     -- 15       751.7   1841.3455    162.8116   97.316  1.777E+01  5.958E+01  4.731E-04  1.102E-03  3.171E+03  2.550E-01
