* Radex version        : 30nov2011
* Geometry             : Uniform sphere
* Molecular data file  : ./data/co.dat                                                                   
* T(kin)            [K]:  185.000
* Density of H2  [cm-3]:  2.512E+02
* Density of pH2 [cm-3]:  6.280E+01
* Density of oH2 [cm-3]:  1.884E+02
* T(background)     [K]:   13.800
* Column density [cm-2]:  3.876E+17
* Line width     [km/s]:   50.000
Calculation finished in   23 iterations
      LINE         E_UP       FREQ        WAVEL     T_EX      TAU        T_R       POP        POP       FLUX        FLUX
                   (K)        (GHz)       (um)      (K)                  (K)        UP        LOW      (K*km/s) (erg/cm2/s)
1      -- 0          5.5    115.2712   2600.7576   24.151  3.295E-01  2.883E+00  3.486E-01  1.461E-01  1.535E+02  3.027E-06
2      -- 1         16.6    230.5380   1300.4037   16.923  1.228E+00  2.114E+00  3.022E-01  3.486E-01  1.125E+02  1.775E-05
3      -- 2         33.2    345.7960    866.9634   15.712  1.301E+00  1.253E+00  1.471E-01  3.022E-01  6.670E+01  3.552E-05
4      -- 3         55.3    461.0408    650.2515   15.319  7.053E-01  6.359E-01  4.461E-02  1.471E-01  3.385E+01  4.272E-05
5      -- 4         83.0    576.2679    520.2310   15.651  2.252E-01  2.802E-01  9.315E-03  4.461E-02  1.491E+01  3.675E-05
6      -- 5        116.2    691.4731    433.5562   17.365  4.733E-02  1.141E-01  1.628E-03  9.315E-03  6.071E+00  2.585E-05
7      -- 6        154.9    806.6518    371.6504   22.299  7.878E-03  4.542E-02  3.311E-04  1.628E-03  2.417E+00  1.634E-05
8      -- 7        199.1    921.7997    325.2252   31.517  1.448E-03  1.815E-02  9.219E-05  3.311E-04  9.661E-01  9.745E-06
9      -- 8        248.9   1036.9124    289.1203   40.639  3.734E-04  7.215E-03  3.028E-05  9.219E-05  3.840E-01  5.513E-06
10     -- 9        304.2   1151.9855    260.2398   47.515  1.182E-04  2.848E-03  1.045E-05  3.028E-05  1.516E-01  2.984E-06
11     -- 10       365.0   1267.0145    236.6133   53.596  3.992E-05  1.121E-03  3.682E-06  1.045E-05  5.965E-02  1.562E-06
12     -- 11       431.3   1381.9951    216.9273   58.873  1.388E-05  4.339E-04  1.297E-06  3.682E-06  2.310E-02  7.851E-07
13     -- 12       503.1   1496.9229    200.2725   65.534  4.777E-06  1.703E-04  4.681E-07  1.297E-06  9.065E-03  3.916E-07
14     -- 13       580.5   1611.7935    185.9993   66.176  1.770E-06  6.121E-05  1.562E-07  4.681E-07  3.258E-03  1.757E-07
15     -- 14       663.4   1726.6025    173.6314   66.991  6.029E-07  2.031E-05  4.847E-08  1.562E-07  1.081E-03  7.166E-08
16     -- 15       751.7   1841.3455    162.8116   75.020  1.809E-07  7.084E-06  1.589E-08  4.847E-08  3.771E-04  3.032E-08
