* Radex version        : 30nov2011
* Geometry             : Uniform sphere
* Molecular data file  : ./data/co.dat                                                                   
* T(kin)            [K]:  130.000
* Density of H2  [cm-3]:  1.585E+05
* Density of pH2 [cm-3]:  3.962E+04
* Density of oH2 [cm-3]:  1.189E+05
* T(background)     [K]:    2.725
* Column density [cm-2]:  1.565E+21
* Line width     [km/s]:   50.000
Calculation finished in   40 iterations
      LINE         E_UP       FREQ        WAVEL     T_EX      TAU        T_R       POP        POP       FLUX        FLUX
                   (K)        (GHz)       (um)      (K)                  (K)        UP        LOW      (K*km/s) (erg/cm2/s)
1      -- 0          5.5    115.2712   2600.7576  129.943  3.926E+01  1.264E+02  6.089E-02  2.118E-02  6.725E+03  1.327E-04
2      -- 1         16.6    230.5380   1300.4037  129.944  1.473E+02  1.243E+02  9.320E-02  6.089E-02  6.616E+03  1.044E-03
3      -- 2         33.2    345.7960    866.9634  129.941  2.978E+02  1.218E+02  1.148E-01  9.320E-02  6.482E+03  3.452E-03
4      -- 3         55.3    461.0408    650.2515  129.935  4.556E+02  1.192E+02  1.245E-01  1.148E-01  6.343E+03  8.006E-03
5      -- 4         83.0    576.2679    520.2310  129.923  5.870E+02  1.166E+02  1.230E-01  1.245E-01  6.205E+03  1.529E-02
6      -- 5        116.2    691.4731    433.5562  129.905  6.678E+02  1.140E+02  1.126E-01  1.230E-01  6.069E+03  2.584E-02
7      -- 6        154.9    806.6518    371.6504  129.877  6.883E+02  1.115E+02  9.644E-02  1.126E-01  5.934E+03  4.011E-02
8      -- 7        199.1    921.7997    325.2252  129.832  6.522E+02  1.090E+02  7.774E-02  9.644E-02  5.800E+03  5.850E-02
9      -- 8        248.9   1036.9124    289.1203  129.762  5.736E+02  1.065E+02  5.921E-02  7.774E-02  5.667E+03  8.136E-02
10     -- 9        304.2   1151.9855    260.2398  129.637  4.713E+02  1.040E+02  4.272E-02  5.921E-02  5.533E+03  1.089E-01
11     -- 10       365.0   1267.0145    236.6133  129.440  3.640E+02  1.014E+02  2.925E-02  4.272E-02  5.397E+03  1.414E-01
12     -- 11       431.3   1381.9951    216.9273  129.092  2.647E+02  9.876E+01  1.902E-02  2.925E-02  5.256E+03  1.787E-01
13     -- 12       503.1   1496.9229    200.2725  128.458  1.819E+02  9.587E+01  1.174E-02  1.902E-02  5.103E+03  2.204E-01
14     -- 13       580.5   1611.7935    185.9993  127.114  1.186E+02  9.234E+01  6.863E-03  1.174E-02  4.915E+03  2.650E-01
15     -- 14       663.4   1726.6025    173.6314  124.184  7.337E+01  8.733E+01  3.764E-03  6.863E-03  4.648E+03  3.081E-01
16     -- 15       751.7   1841.3455    162.8116  117.441  4.333E+01  7.874E+01  1.888E-03  3.764E-03  4.191E+03  3.370E-01
