* Radex version        : 30nov2011
* Geometry             : Uniform sphere
* Molecular data file  : ./data/co.dat                                                                   
* T(kin)            [K]:  110.000
* Density of H2  [cm-3]:  1.585E+05
* Density of pH2 [cm-3]:  3.962E+04
* Density of oH2 [cm-3]:  1.189E+05
* T(background)     [K]:   13.800
* Column density [cm-2]:  2.445E+20
* Line width     [km/s]:   50.000
Calculation finished in   38 iterations
      LINE         E_UP       FREQ        WAVEL     T_EX      TAU        T_R       POP        POP       FLUX        FLUX
                   (K)        (GHz)       (um)      (K)                  (K)        UP        LOW      (K*km/s) (erg/cm2/s)
1      -- 0          5.5    115.2712   2600.7576  109.854  8.588E+00  9.588E+01  7.178E-02  2.516E-02  5.103E+03  1.007E-04
2      -- 1         16.6    230.5380   1300.4037  109.812  3.185E+01  9.537E+01  1.082E-01  7.178E-02  5.076E+03  8.010E-04
3      -- 2         33.2    345.7960    866.9634  109.798  6.319E+01  9.458E+01  1.302E-01  1.082E-01  5.034E+03  2.681E-03
4      -- 3         55.3    461.0408    650.2515  109.764  9.410E+01  9.350E+01  1.368E-01  1.302E-01  4.976E+03  6.281E-03
5      -- 4         83.0    576.2679    520.2310  109.708  1.171E+02  9.215E+01  1.300E-01  1.368E-01  4.905E+03  1.209E-02
6      -- 5        116.2    691.4731    433.5562  109.617  1.277E+02  9.057E+01  1.135E-01  1.300E-01  4.820E+03  2.052E-02
7      -- 6        154.9    806.6518    371.6504  109.475  1.252E+02  8.876E+01  9.194E-02  1.135E-01  4.725E+03  3.194E-02
8      -- 7        199.1    921.7997    325.2252  109.232  1.120E+02  8.673E+01  6.949E-02  9.194E-02  4.616E+03  4.657E-02
9      -- 8        248.9   1036.9124    289.1203  108.829  9.231E+01  8.445E+01  4.917E-02  6.949E-02  4.495E+03  6.453E-02
10     -- 9        304.2   1151.9855    260.2398  108.048  7.055E+01  8.173E+01  3.258E-02  4.917E-02  4.350E+03  8.564E-02
11     -- 10       365.0   1267.0145    236.6133  106.616  5.029E+01  7.834E+01  2.017E-02  3.258E-02  4.169E+03  1.092E-01
12     -- 11       431.3   1381.9951    216.9273  103.636  3.356E+01  7.344E+01  1.156E-02  2.017E-02  3.909E+03  1.329E-01
13     -- 12       503.1   1496.9229    200.2725   97.208  2.107E+01  6.528E+01  5.963E-03  1.156E-02  3.474E+03  1.501E-01
14     -- 13       580.5   1611.7935    185.9993   84.765  1.235E+01  5.160E+01  2.571E-03  5.963E-03  2.747E+03  1.481E-01
15     -- 14       663.4   1726.6025    173.6314   67.031  6.260E+00  3.366E+01  7.984E-04  2.571E-03  1.791E+03  1.187E-01
16     -- 15       751.7   1841.3455    162.8116   52.275  2.215E+00  1.767E+01  1.568E-04  7.984E-04  9.406E+02  7.563E-02
