* Radex version        : 30nov2011
* Geometry             : Uniform sphere
* Molecular data file  : ./data/co.dat                                                                   
* T(kin)            [K]:  160.000
* Density of H2  [cm-3]:  1.259E+02
* Density of pH2 [cm-3]:  3.147E+01
* Density of oH2 [cm-3]:  9.442E+01
* T(background)     [K]:   13.800
* Column density [cm-2]:  1.943E+17
* Line width     [km/s]:   50.000
Calculation finished in   17 iterations
      LINE         E_UP       FREQ        WAVEL     T_EX      TAU        T_R       POP        POP       FLUX        FLUX
                   (K)        (GHz)       (um)      (K)                  (K)        UP        LOW      (K*km/s) (erg/cm2/s)
1      -- 0          5.5    115.2712   2600.7576   17.613  2.487E-01  8.306E-01  3.662E-01  1.671E-01  4.421E+01  8.720E-07
2      -- 1         16.6    230.5380   1300.4037   14.999  7.027E-01  5.760E-01  2.919E-01  3.662E-01  3.066E+01  4.838E-06
3      -- 2         33.2    345.7960    866.9634   14.543  6.571E-01  3.193E-01  1.305E-01  2.919E-01  1.700E+01  9.051E-06
4      -- 3         55.3    461.0408    650.2515   14.458  3.216E-01  1.481E-01  3.633E-02  1.305E-01  7.885E+00  9.951E-06
5      -- 4         83.0    576.2679    520.2310   14.705  9.394E-02  5.985E-02  6.770E-03  3.633E-02  3.186E+00  7.851E-06
6      -- 5        116.2    691.4731    433.5562   15.735  1.778E-02  2.272E-02  9.709E-04  6.770E-03  1.209E+00  5.150E-06
7      -- 6        154.9    806.6518    371.6504   19.178  2.478E-03  8.510E-03  1.488E-04  9.709E-04  4.529E-01  3.062E-06
8      -- 7        199.1    921.7997    325.2252   27.520  3.459E-04  3.188E-03  3.380E-05  1.488E-04  1.697E-01  1.711E-06
9      -- 8        248.9   1036.9124    289.1203   37.487  7.141E-05  1.183E-03  1.002E-05  3.380E-05  6.296E-02  9.040E-07
10     -- 9        304.2   1151.9855    260.2398   44.432  2.029E-05  4.332E-04  3.190E-06  1.002E-05  2.306E-02  4.540E-07
11     -- 10       365.0   1267.0145    236.6133   49.979  6.333E-06  1.573E-04  1.035E-06  3.190E-06  8.374E-03  2.193E-07
12     -- 11       431.3   1381.9951    216.9273   54.701  2.032E-06  5.596E-05  3.346E-07  1.035E-06  2.979E-03  1.012E-07
13     -- 12       503.1   1496.9229    200.2725   61.050  6.414E-07  2.028E-05  1.114E-07  3.346E-07  1.080E-03  4.663E-08
14     -- 13       580.5   1611.7935    185.9993   61.688  2.188E-07  6.697E-06  3.414E-08  1.114E-07  3.565E-04  1.922E-08
15     -- 14       663.4   1726.6025    173.6314   62.237  6.848E-08  2.022E-06  9.639E-09  3.414E-08  1.076E-04  7.135E-09
16     -- 15       751.7   1841.3455    162.8116   69.511  1.874E-08  6.427E-07  2.878E-09  9.639E-09  3.421E-05  2.751E-09
