* Radex version        : 30nov2011
* Geometry             : Uniform sphere
* Molecular data file  : ./data/co.dat                                                                   
* T(kin)            [K]:  125.000
* Density of H2  [cm-3]:  7.943E+02
* Density of pH2 [cm-3]:  1.986E+02
* Density of oH2 [cm-3]:  5.957E+02
* T(background)     [K]:   13.800
* Column density [cm-2]:  1.226E+18
* Line width     [km/s]:   50.000
Calculation finished in   28 iterations
      LINE         E_UP       FREQ        WAVEL     T_EX      TAU        T_R       POP        POP       FLUX        FLUX
                   (K)        (GHz)       (um)      (K)                  (K)        UP        LOW      (K*km/s) (erg/cm2/s)
1      -- 0          5.5    115.2712   2600.7576   54.789  3.543E-01  1.219E+01  2.872E-01  1.059E-01  6.487E+02  1.280E-05
2      -- 1         16.6    230.5380   1300.4037   25.149  2.372E+00  9.994E+00  3.084E-01  2.872E-01  5.319E+02  8.394E-05
3      -- 2         33.2    345.7960    866.9634   21.267  3.487E+00  6.699E+00  1.978E-01  3.084E-01  3.566E+02  1.899E-04
4      -- 3         55.3    461.0408    650.2515   18.561  2.734E+00  3.807E+00  7.721E-02  1.978E-01  2.026E+02  2.557E-04
5      -- 4         83.0    576.2679    520.2310   17.267  1.187E+00  1.857E+00  1.902E-02  7.721E-02  9.886E+01  2.436E-04
6      -- 5        116.2    691.4731    433.5562   17.952  3.022E-01  7.585E-01  3.540E-03  1.902E-02  4.037E+01  1.719E-04
7      -- 6        154.9    806.6518    371.6504   21.352  5.501E-02  2.705E-01  6.663E-04  3.540E-03  1.440E+01  9.734E-05
8      -- 7        199.1    921.7997    325.2252   27.889  9.718E-03  9.204E-02  1.546E-04  6.663E-04  4.899E+00  4.942E-05
9      -- 8        248.9   1036.9124    289.1203   34.874  2.131E-03  3.050E-02  4.147E-05  1.546E-04  1.623E+00  2.331E-05
10     -- 9        304.2   1151.9855    260.2398   40.239  5.561E-04  9.846E-03  1.160E-05  4.147E-05  5.241E-01  1.032E-05
11     -- 10       365.0   1267.0145    236.6133   44.713  1.535E-04  3.107E-03  3.261E-06  1.160E-05  1.654E-01  4.332E-06
12     -- 11       431.3   1381.9951    216.9273   48.857  4.272E-05  9.582E-04  9.120E-07  3.261E-06  5.100E-02  1.734E-06
13     -- 12       503.1   1496.9229    200.2725   54.218  1.171E-05  2.999E-04  2.618E-07  9.120E-07  1.596E-02  6.895E-07
14     -- 13       580.5   1611.7935    185.9993   55.254  3.421E-06  8.564E-05  6.934E-08  2.618E-07  4.558E-03  2.458E-07
15     -- 14       663.4   1726.6025    173.6314   55.565  9.240E-07  2.205E-05  1.668E-08  6.934E-08  1.174E-03  7.780E-08
16     -- 15       751.7   1841.3455    162.8116   61.382  2.170E-07  5.925E-06  4.209E-09  1.668E-08  3.154E-04  2.536E-08
