* Radex version        : 30nov2011
* Geometry             : Uniform sphere
* Molecular data file  : ./data/co.dat                                                                   
* T(kin)            [K]:  125.000
* Density of H2  [cm-3]:  7.943E+04
* Density of pH2 [cm-3]:  1.986E+04
* Density of oH2 [cm-3]:  5.957E+04
* T(background)     [K]:   13.800
* Column density [cm-2]:  1.226E+20
* Line width     [km/s]:   50.000
Calculation finished in   39 iterations
      LINE         E_UP       FREQ        WAVEL     T_EX      TAU        T_R       POP        POP       FLUX        FLUX
                   (K)        (GHz)       (um)      (K)                  (K)        UP        LOW      (K*km/s) (erg/cm2/s)
1      -- 0          5.5    115.2712   2600.7576  125.042  3.430E+00  1.075E+02  6.531E-02  2.275E-02  5.721E+03  1.128E-04
2      -- 1         16.6    230.5380   1300.4037  123.843  1.295E+01  1.094E+02  9.954E-02  6.531E-02  5.822E+03  9.187E-04
3      -- 2         33.2    345.7960    866.9634  123.851  2.605E+01  1.086E+02  1.219E-01  9.954E-02  5.781E+03  3.078E-03
4      -- 3         55.3    461.0408    650.2515  123.674  3.962E+01  1.074E+02  1.310E-01  1.219E-01  5.715E+03  7.212E-03
5      -- 4         83.0    576.2679    520.2310  123.409  5.065E+01  1.058E+02  1.280E-01  1.310E-01  5.631E+03  1.388E-02
6      -- 5        116.2    691.4731    433.5562  122.989  5.708E+01  1.038E+02  1.155E-01  1.280E-01  5.527E+03  2.353E-02
7      -- 6        154.9    806.6518    371.6504  122.339  5.819E+01  1.015E+02  9.712E-02  1.155E-01  5.403E+03  3.652E-02
8      -- 7        199.1    921.7997    325.2252  121.267  5.444E+01  9.862E+01  7.642E-02  9.712E-02  5.249E+03  5.295E-02
9      -- 8        248.9   1036.9124    289.1203  119.510  4.722E+01  9.496E+01  5.632E-02  7.642E-02  5.054E+03  7.257E-02
10     -- 9        304.2   1151.9855    260.2398  116.257  3.827E+01  8.977E+01  3.869E-02  5.632E-02  4.778E+03  9.407E-02
11     -- 10       365.0   1267.0145    236.6133  110.644  2.912E+01  8.226E+01  2.446E-02  3.869E-02  4.378E+03  1.147E-01
12     -- 11       431.3   1381.9951    216.9273  100.888  2.079E+01  7.079E+01  1.378E-02  2.446E-02  3.768E+03  1.281E-01
13     -- 12       503.1   1496.9229    200.2725   85.934  1.365E+01  5.456E+01  6.449E-03  1.378E-02  2.904E+03  1.255E-01
14     -- 13       580.5   1611.7935    185.9993   67.016  7.659E+00  3.532E+01  2.184E-03  6.449E-03  1.880E+03  1.014E-01
15     -- 14       663.4   1726.6025    173.6314   50.597  3.025E+00  1.883E+01  4.539E-04  2.184E-03  1.002E+03  6.645E-02
16     -- 15       751.7   1841.3455    162.8116   48.515  6.486E-01  8.070E+00  7.816E-05  4.539E-04  4.295E+02  3.453E-02
