* Radex version        : 30nov2011
* Geometry             : Uniform sphere
* Molecular data file  : ./data/co.dat                                                                   
* T(kin)            [K]:  115.000
* Density of H2  [cm-3]:  5.012E+05
* Density of pH2 [cm-3]:  1.253E+05
* Density of oH2 [cm-3]:  3.759E+05
* T(background)     [K]:   13.800
* Column density [cm-2]:  7.733E+20
* Line width     [km/s]:   50.000
Calculation finished in   35 iterations
      LINE         E_UP       FREQ        WAVEL     T_EX      TAU        T_R       POP        POP       FLUX        FLUX
                   (K)        (GHz)       (um)      (K)                  (K)        UP        LOW      (K*km/s) (erg/cm2/s)
1      -- 0          5.5    115.2712   2600.7576  114.979  2.466E+01  1.010E+02  6.830E-02  2.389E-02  5.377E+03  1.061E-04
2      -- 1         16.6    230.5380   1300.4037  114.978  9.174E+01  1.005E+02  1.034E-01  6.830E-02  5.351E+03  8.443E-04
3      -- 2         33.2    345.7960    866.9634  114.976  1.830E+02  9.975E+01  1.253E-01  1.034E-01  5.309E+03  2.827E-03
4      -- 3         55.3    461.0408    650.2515  114.973  2.746E+02  9.869E+01  1.329E-01  1.253E-01  5.253E+03  6.629E-03
5      -- 4         83.0    576.2679    520.2310  114.967  3.451E+02  9.738E+01  1.277E-01  1.329E-01  5.183E+03  1.277E-02
6      -- 5        116.2    691.4731    433.5562  114.957  3.810E+02  9.587E+01  1.131E-01  1.277E-01  5.103E+03  2.173E-02
7      -- 6        154.9    806.6518    371.6504  114.942  3.789E+02  9.418E+01  9.315E-02  1.131E-01  5.013E+03  3.388E-02
8      -- 7        199.1    921.7997    325.2252  114.916  3.444E+02  9.234E+01  7.184E-02  9.315E-02  4.915E+03  4.958E-02
9      -- 8        248.9   1036.9124    289.1203  114.875  2.891E+02  9.039E+01  5.206E-02  7.184E-02  4.811E+03  6.908E-02
10     -- 9        304.2   1151.9855    260.2398  114.798  2.254E+02  8.834E+01  3.555E-02  5.206E-02  4.702E+03  9.257E-02
11     -- 10       365.0   1267.0145    236.6133  114.667  1.643E+02  8.619E+01  2.291E-02  3.555E-02  4.587E+03  1.202E-01
12     -- 11       431.3   1381.9951    216.9273  114.423  1.122E+02  8.390E+01  1.395E-02  2.291E-02  4.466E+03  1.518E-01
13     -- 12       503.1   1496.9229    200.2725  113.950  7.197E+01  8.138E+01  8.019E-03  1.395E-02  4.332E+03  1.871E-01
14     -- 13       580.5   1611.7935    185.9993  112.865  4.354E+01  7.829E+01  4.340E-03  8.019E-03  4.167E+03  2.247E-01
15     -- 14       663.4   1726.6025    173.6314  110.191  2.489E+01  7.370E+01  2.187E-03  4.340E-03  3.923E+03  2.600E-01
16     -- 15       751.7   1841.3455    162.8116  103.441  1.351E+01  6.533E+01  9.909E-04  2.187E-03  3.477E+03  2.796E-01
