* Radex version        : 30nov2011
* Geometry             : Uniform sphere
* Molecular data file  : ./data/co.dat                                                                   
* T(kin)            [K]:  195.000
* Density of H2  [cm-3]:  1.259E+06
* Density of pH2 [cm-3]:  3.147E+05
* Density of oH2 [cm-3]:  9.442E+05
* T(background)     [K]:   13.800
* Column density [cm-2]:  1.943E+21
* Line width     [km/s]:   50.000
Calculation finished in   35 iterations
      LINE         E_UP       FREQ        WAVEL     T_EX      TAU        T_R       POP        POP       FLUX        FLUX
                   (K)        (GHz)       (um)      (K)                  (K)        UP        LOW      (K*km/s) (erg/cm2/s)
1      -- 0          5.5    115.2712   2600.7576  194.983  2.181E+01  1.810E+02  4.118E-02  1.412E-02  9.634E+03  1.900E-04
2      -- 1         16.6    230.5380   1300.4037  194.982  8.355E+01  1.805E+02  6.485E-02  4.118E-02  9.607E+03  1.516E-03
3      -- 2         33.2    345.7960    866.9634  194.981  1.750E+02  1.797E+02  8.339E-02  6.485E-02  9.563E+03  5.093E-03
4      -- 3         55.3    461.0408    650.2515  194.980  2.813E+02  1.786E+02  9.571E-02  8.339E-02  9.503E+03  1.199E-02
5      -- 4         83.0    576.2679    520.2310  194.977  3.862E+02  1.772E+02  1.015E-01  9.571E-02  9.430E+03  2.324E-02
6      -- 5        116.2    691.4731    433.5562  194.974  4.748E+02  1.756E+02  1.012E-01  1.015E-01  9.344E+03  3.979E-02
7      -- 6        154.9    806.6518    371.6504  194.968  5.364E+02  1.738E+02  9.573E-02  1.012E-01  9.248E+03  6.251E-02
8      -- 7        199.1    921.7997    325.2252  194.961  5.649E+02  1.718E+02  8.647E-02  9.573E-02  9.144E+03  9.224E-02
9      -- 8        248.9   1036.9124    289.1203  194.951  5.601E+02  1.697E+02  7.487E-02  8.647E-02  9.034E+03  1.297E-01
10     -- 9        304.2   1151.9855    260.2398  194.934  5.261E+02  1.676E+02  6.232E-02  7.487E-02  8.919E+03  1.756E-01
11     -- 10       365.0   1267.0145    236.6133  194.913  4.711E+02  1.653E+02  4.996E-02  6.232E-02  8.800E+03  2.305E-01
12     -- 11       431.3   1381.9951    216.9273  194.879  4.029E+02  1.630E+02  3.864E-02  4.996E-02  8.678E+03  2.950E-01
13     -- 12       503.1   1496.9229    200.2725  194.831  3.303E+02  1.607E+02  2.886E-02  3.864E-02  8.554E+03  3.695E-01
14     -- 13       580.5   1611.7935    185.9993  194.744  2.601E+02  1.583E+02  2.084E-02  2.886E-02  8.427E+03  4.544E-01
15     -- 14       663.4   1726.6025    173.6314  194.614  1.969E+02  1.559E+02  1.455E-02  2.084E-02  8.298E+03  5.501E-01
16     -- 15       751.7   1841.3455    162.8116  194.384  1.436E+02  1.534E+02  9.831E-03  1.455E-02  8.164E+03  6.564E-01
