* Radex version        : 30nov2011
* Geometry             : Uniform sphere
* Molecular data file  : ./data/co.dat                                                                   
* T(kin)            [K]:  120.000
* Density of H2  [cm-3]:  1.000E+05
* Density of pH2 [cm-3]:  2.500E+04
* Density of oH2 [cm-3]:  7.500E+04
* T(background)     [K]:   13.800
* Column density [cm-2]:  1.543E+20
* Line width     [km/s]:   50.000
Calculation finished in   39 iterations
      LINE         E_UP       FREQ        WAVEL     T_EX      TAU        T_R       POP        POP       FLUX        FLUX
                   (K)        (GHz)       (um)      (K)                  (K)        UP        LOW      (K*km/s) (erg/cm2/s)
1      -- 0          5.5    115.2712   2600.7576  119.785  4.631E+00  1.048E+02  6.704E-02  2.340E-02  5.578E+03  1.100E-04
2      -- 1         16.6    230.5380   1300.4037  119.364  1.734E+01  1.049E+02  1.018E-01  6.704E-02  5.584E+03  8.811E-04
3      -- 2         33.2    345.7960    866.9634  119.348  3.474E+01  1.041E+02  1.241E-01  1.018E-01  5.542E+03  2.951E-03
4      -- 3         55.3    461.0408    650.2515  119.245  5.248E+01  1.029E+02  1.325E-01  1.241E-01  5.480E+03  6.915E-03
5      -- 4         83.0    576.2679    520.2310  119.087  6.655E+01  1.015E+02  1.284E-01  1.325E-01  5.402E+03  1.331E-02
6      -- 5        116.2    691.4731    433.5562  118.833  7.426E+01  9.972E+01  1.148E-01  1.284E-01  5.307E+03  2.260E-02
7      -- 6        154.9    806.6518    371.6504  118.440  7.481E+01  9.764E+01  9.549E-02  1.148E-01  5.197E+03  3.513E-02
8      -- 7        199.1    921.7997    325.2252  117.785  6.903E+01  9.518E+01  7.434E-02  9.549E-02  5.066E+03  5.110E-02
9      -- 8        248.9   1036.9124    289.1203  116.712  5.893E+01  9.220E+01  5.424E-02  7.434E-02  4.908E+03  7.046E-02
10     -- 9        304.2   1151.9855    260.2398  114.687  4.690E+01  8.823E+01  3.702E-02  5.424E-02  4.696E+03  9.246E-02
11     -- 10       365.0   1267.0145    236.6133  111.065  3.498E+01  8.267E+01  2.345E-02  3.702E-02  4.400E+03  1.153E-01
12     -- 11       431.3   1381.9951    216.9273  104.181  2.452E+01  7.397E+01  1.349E-02  2.345E-02  3.937E+03  1.338E-01
13     -- 12       503.1   1496.9229    200.2725   92.205  1.607E+01  6.051E+01  6.683E-03  1.349E-02  3.220E+03  1.391E-01
14     -- 13       580.5   1611.7935    185.9993   74.721  9.410E+00  4.231E+01  2.549E-03  6.683E-03  2.252E+03  1.214E-01
15     -- 14       663.4   1726.6025    173.6314   56.306  4.252E+00  2.413E+01  6.255E-04  2.549E-03  1.285E+03  8.515E-02
16     -- 15       751.7   1841.3455    162.8116   48.074  1.129E+00  1.121E+01  1.059E-04  6.255E-04  5.968E+02  4.799E-02
