* Radex version        : 30nov2011
* Geometry             : Uniform sphere
* Molecular data file  : ./data/co.dat                                                                   
* T(kin)            [K]:  170.000
* Density of H2  [cm-3]:  5.012E+03
* Density of pH2 [cm-3]:  1.253E+03
* Density of oH2 [cm-3]:  3.759E+03
* T(background)     [K]:   13.800
* Column density [cm-2]:  7.733E+18
* Line width     [km/s]:   50.000
Calculation finished in   34 iterations
      LINE         E_UP       FREQ        WAVEL     T_EX      TAU        T_R       POP        POP       FLUX        FLUX
                   (K)        (GHz)       (um)      (K)                  (K)        UP        LOW      (K*km/s) (erg/cm2/s)
1      -- 0          5.5    115.2712   2600.7576 -282.556 -1.663E-01  5.366E+01  1.171E-01  3.828E-02  2.856E+03  5.634E-05
2      -- 1         16.6    230.5380   1300.4037   96.233  1.862E+00  6.910E+01  1.740E-01  1.171E-01  3.678E+03  5.803E-04
3      -- 2         33.2    345.7960    866.9634   79.461  4.318E+00  6.347E+01  1.977E-01  1.740E-01  3.378E+03  1.799E-03
4      -- 3         55.3    461.0408    650.2515   70.882  6.635E+00  5.475E+01  1.860E-01  1.977E-01  2.914E+03  3.678E-03
5      -- 4         83.0    576.2679    520.2310   61.426  8.190E+00  4.431E+01  1.449E-01  1.860E-01  2.358E+03  5.812E-03
6      -- 5        116.2    691.4731    433.5562   50.757  8.275E+00  3.266E+01  8.906E-02  1.449E-01  1.738E+03  7.401E-03
7      -- 6        154.9    806.6518    371.6504   39.984  6.473E+00  2.118E+01  3.903E-02  8.906E-02  1.127E+03  7.619E-03
8      -- 7        199.1    921.7997    325.2252   31.561  3.404E+00  1.216E+01  1.089E-02  3.903E-02  6.472E+02  6.529E-03
9      -- 8        248.9   1036.9124    289.1203   29.586  1.014E+00  6.362E+00  2.263E-03  1.089E-02  3.386E+02  4.862E-03
10     -- 9        304.2   1151.9855    260.2398   37.650  1.974E-01  2.779E+00  5.761E-04  2.263E-03  1.479E+02  2.912E-03
11     -- 10       365.0   1267.0145    236.6133   49.662  4.568E-02  1.097E+00  1.855E-04  5.761E-04  5.838E+01  1.529E-03
12     -- 11       431.3   1381.9951    216.9273   57.875  1.408E-02  4.245E-01  6.408E-05  1.855E-04  2.259E+01  7.680E-04
13     -- 12       503.1   1496.9229    200.2725   64.010  4.769E-03  1.631E-01  2.253E-05  6.408E-05  8.680E+00  3.749E-04
14     -- 13       580.5   1611.7935    185.9993   66.713  1.692E-03  5.929E-02  7.590E-06  2.253E-05  3.155E+00  1.702E-04
15     -- 14       663.4   1726.6025    173.6314   68.767  5.767E-04  2.033E-02  2.431E-06  7.590E-06  1.082E+00  7.171E-05
16     -- 15       751.7   1841.3455    162.8116   74.463  1.817E-04  7.027E-03  7.900E-07  2.431E-06  3.740E-01  3.007E-05
