* Radex version        : 30nov2011
* Geometry             : Uniform sphere
* Molecular data file  : ./data/co.dat                                                                   
* T(kin)            [K]:  105.000
* Density of H2  [cm-3]:  5.012E+02
* Density of pH2 [cm-3]:  1.253E+02
* Density of oH2 [cm-3]:  3.759E+02
* T(background)     [K]:    2.725
* Column density [cm-2]:  4.949E+18
* Line width     [km/s]:   50.000
Calculation finished in   35 iterations
      LINE         E_UP       FREQ        WAVEL     T_EX      TAU        T_R       POP        POP       FLUX        FLUX
                   (K)        (GHz)       (um)      (K)                  (K)        UP        LOW      (K*km/s) (erg/cm2/s)
1      -- 0          5.5    115.2712   2600.7576   32.533  2.536E+00  2.671E+01  2.918E-01  1.153E-01  1.422E+03  2.804E-05
2      -- 1         16.6    230.5380   1300.4037   25.417  9.650E+00  2.009E+01  3.147E-01  2.918E-01  1.069E+03  1.687E-04
3      -- 2         33.2    345.7960    866.9634   21.217  1.439E+01  1.395E+01  2.015E-01  3.147E-01  7.426E+02  3.954E-04
4      -- 3         55.3    461.0408    650.2515   16.313  1.199E+01  7.670E+00  6.673E-02  2.015E-01  4.083E+02  5.152E-04
5      -- 4         83.0    576.2679    520.2310   12.482  4.622E+00  3.352E+00  8.897E-03  6.673E-02  1.784E+02  4.397E-04
6      -- 5        116.2    691.4731    433.5562   13.389  6.207E-01  1.405E+00  8.817E-04  8.897E-03  7.476E+01  3.183E-04
7      -- 6        154.9    806.6518    371.6504   22.912  5.392E-02  4.600E-01  1.878E-04  8.817E-04  2.448E+01  1.655E-04
8      -- 7        199.1    921.7997    325.2252   30.217  1.069E-02  1.415E-01  4.923E-05  1.878E-04  7.534E+00  7.599E-05
9      -- 8        248.9   1036.9124    289.1203   34.397  2.757E-03  4.217E-02  1.295E-05  4.923E-05  2.245E+00  3.223E-05
10     -- 9        304.2   1151.9855    260.2398   37.896  7.205E-04  1.206E-02  3.327E-06  1.295E-05  6.420E-01  1.264E-05
11     -- 10       365.0   1267.0145    236.6133   41.423  1.840E-04  3.350E-03  8.395E-07  3.327E-06  1.783E-01  4.671E-06
12     -- 11       431.3   1381.9951    216.9273   44.685  4.624E-05  8.989E-04  2.068E-07  8.395E-07  4.785E-02  1.626E-06
13     -- 12       503.1   1496.9229    200.2725   49.750  1.116E-05  2.476E-04  5.271E-08  2.068E-07  1.318E-02  5.693E-07
14     -- 13       580.5   1611.7935    185.9993   50.332  2.898E-06  6.142E-05  1.218E-08  5.271E-08  3.269E-03  1.763E-07
15     -- 14       663.4   1726.6025    173.6314   50.103  6.837E-07  1.340E-05  2.490E-09  1.218E-08  7.133E-04  4.729E-08
16     -- 15       751.7   1841.3455    162.8116   55.488  1.365E-07  3.081E-06  5.391E-10  2.490E-09  1.640E-04  1.318E-08
