* Radex version        : 30nov2011
* Geometry             : Uniform sphere
* Molecular data file  : ./data/co.dat                                                                   
* T(kin)            [K]:  110.000
* Density of H2  [cm-3]:  1.585E+06
* Density of pH2 [cm-3]:  3.962E+05
* Density of oH2 [cm-3]:  1.189E+06
* T(background)     [K]:   13.800
* Column density [cm-2]:  2.445E+21
* Line width     [km/s]:   50.000
Calculation finished in   31 iterations
      LINE         E_UP       FREQ        WAVEL     T_EX      TAU        T_R       POP        POP       FLUX        FLUX
                   (K)        (GHz)       (um)      (K)                  (K)        UP        LOW      (K*km/s) (erg/cm2/s)
1      -- 0          5.5    115.2712   2600.7576  109.998  8.499E+01  9.604E+01  7.113E-02  2.493E-02  5.112E+03  1.008E-04
2      -- 1         16.6    230.5380   1300.4037  109.998  3.152E+02  9.556E+01  1.072E-01  7.113E-02  5.086E+03  8.025E-04
3      -- 2         33.2    345.7960    866.9634  109.998  6.252E+02  9.478E+01  1.291E-01  1.072E-01  5.045E+03  2.686E-03
4      -- 3         55.3    461.0408    650.2515  109.998  9.311E+02  9.373E+01  1.357E-01  1.291E-01  4.989E+03  6.296E-03
5      -- 4         83.0    576.2679    520.2310  109.997  1.159E+03  9.244E+01  1.290E-01  1.357E-01  4.920E+03  1.213E-02
6      -- 5        116.2    691.4731    433.5562  109.996  1.264E+03  9.094E+01  1.127E-01  1.290E-01  4.840E+03  2.061E-02
7      -- 6        154.9    806.6518    371.6504  109.995  1.240E+03  8.928E+01  9.150E-02  1.127E-01  4.752E+03  3.212E-02
8      -- 7        199.1    921.7997    325.2252  109.992  1.109E+03  8.748E+01  6.936E-02  9.150E-02  4.656E+03  4.697E-02
9      -- 8        248.9   1036.9124    289.1203  109.988  9.136E+02  8.559E+01  4.931E-02  6.936E-02  4.555E+03  6.541E-02
10     -- 9        304.2   1151.9855    260.2398  109.980  6.979E+02  8.362E+01  3.296E-02  4.931E-02  4.451E+03  8.762E-02
11     -- 10       365.0   1267.0145    236.6133  109.967  4.973E+02  8.160E+01  2.077E-02  3.296E-02  4.343E+03  1.138E-01
12     -- 11       431.3   1381.9951    216.9273  109.942  3.311E+02  7.955E+01  1.235E-02  2.077E-02  4.234E+03  1.439E-01
13     -- 12       503.1   1496.9229    200.2725  109.892  2.068E+02  7.746E+01  6.936E-03  1.235E-02  4.123E+03  1.781E-01
14     -- 13       580.5   1611.7935    185.9993  109.783  1.214E+02  7.533E+01  3.683E-03  6.936E-03  4.009E+03  2.162E-01
15     -- 14       663.4   1726.6025    173.6314  109.535  6.705E+01  7.307E+01  1.847E-03  3.683E-03  3.889E+03  2.578E-01
16     -- 15       751.7   1841.3455    162.8116  108.917  3.492E+01  7.050E+01  8.737E-04  1.847E-03  3.752E+03  3.017E-01
