* Radex version        : 30nov2011
* Geometry             : Uniform sphere
* Molecular data file  : ./data/co.dat                                                                   
* T(kin)            [K]:  180.000
* Density of H2  [cm-3]:  1.995E+03
* Density of pH2 [cm-3]:  4.988E+02
* Density of oH2 [cm-3]:  1.496E+03
* T(background)     [K]:   13.800
* Column density [cm-2]:  3.079E+18
* Line width     [km/s]:   50.000
Calculation finished in   31 iterations
      LINE         E_UP       FREQ        WAVEL     T_EX      TAU        T_R       POP        POP       FLUX        FLUX
                   (K)        (GHz)       (um)      (K)                  (K)        UP        LOW      (K*km/s) (erg/cm2/s)
1      -- 0          5.5    115.2712   2600.7576 -299.988 -9.771E-02  3.223E+01  1.834E-01  6.000E-02  1.715E+03  3.383E-05
2      -- 1         16.6    230.5380   1300.4037   53.286  2.004E+00  3.370E+01  2.483E-01  1.834E-01  1.793E+03  2.830E-04
3      -- 2         33.2    345.7960    866.9634   42.854  4.180E+00  2.754E+01  2.360E-01  2.483E-01  1.466E+03  7.804E-04
4      -- 3         55.3    461.0408    650.2515   35.900  5.412E+00  2.030E+01  1.638E-01  2.360E-01  1.081E+03  1.364E-03
5      -- 4         83.0    576.2679    520.2310   29.275  4.842E+00  1.318E+01  7.785E-02  1.638E-01  7.015E+02  1.729E-03
6      -- 5        116.2    691.4731    433.5562   24.364  2.743E+00  7.609E+00  2.356E-02  7.785E-02  4.050E+02  1.724E-03
7      -- 6        154.9    806.6518    371.6504   23.469  8.881E-01  3.952E+00  5.224E-03  2.356E-02  2.103E+02  1.422E-03
8      -- 7        199.1    921.7997    325.2252   28.709  1.891E-01  1.756E+00  1.268E-03  5.224E-03  9.344E+01  9.425E-04
9      -- 8        248.9   1036.9124    289.1203   38.474  4.193E-02  7.155E-01  3.888E-04  1.268E-03  3.808E+01  5.468E-04
10     -- 9        304.2   1151.9855    260.2398   47.013  1.213E-02  2.849E-01  1.326E-04  3.888E-04  1.517E+01  2.986E-04
11     -- 10       365.0   1267.0145    236.6133   53.414  4.029E-03  1.122E-01  4.651E-05  1.326E-04  5.972E+00  1.564E-04
12     -- 11       431.3   1381.9951    216.9273   59.258  1.388E-03  4.384E-02  1.651E-05  4.651E-05  2.333E+00  7.931E-05
13     -- 12       503.1   1496.9229    200.2725   65.339  4.836E-04  1.715E-02  5.937E-06  1.651E-05  9.129E-01  3.944E-05
14     -- 13       580.5   1611.7935    185.9993   67.097  1.770E-04  6.266E-03  2.013E-06  5.937E-06  3.335E-01  1.799E-05
15     -- 14       663.4   1726.6025    173.6314   68.614  6.097E-05  2.141E-03  6.433E-07  2.013E-06  1.140E-01  7.555E-06
16     -- 15       751.7   1841.3455    162.8116   75.437  1.901E-05  7.517E-04  2.122E-07  6.433E-07  4.001E-02  3.217E-06
