* Radex version        : 30nov2011
* Geometry             : Uniform sphere
* Molecular data file  : ./data/co.dat                                                                   
* T(kin)            [K]:  170.000
* Density of H2  [cm-3]:  3.162E+02
* Density of pH2 [cm-3]:  7.906E+01
* Density of oH2 [cm-3]:  2.372E+02
* T(background)     [K]:   13.800
* Column density [cm-2]:  4.879E+17
* Line width     [km/s]:   50.000
Calculation finished in   24 iterations
      LINE         E_UP       FREQ        WAVEL     T_EX      TAU        T_R       POP        POP       FLUX        FLUX
                   (K)        (GHz)       (um)      (K)                  (K)        UP        LOW      (K*km/s) (erg/cm2/s)
1      -- 0          5.5    115.2712   2600.7576   27.229  3.548E-01  3.984E+00  3.407E-01  1.392E-01  2.120E+02  4.182E-06
2      -- 1         16.6    230.5380   1300.4037   17.828  1.455E+00  2.963E+00  3.053E-01  3.407E-01  1.577E+02  2.489E-05
3      -- 2         33.2    345.7960    866.9634   16.261  1.623E+00  1.785E+00  1.540E-01  3.053E-01  9.500E+01  5.059E-05
4      -- 3         55.3    461.0408    650.2515   15.641  9.211E-01  9.202E-01  4.812E-02  1.540E-01  4.898E+01  6.182E-05
5      -- 4         83.0    576.2679    520.2310   15.865  3.043E-01  4.082E-01  1.029E-02  4.812E-02  2.173E+01  5.355E-05
6      -- 5        116.2    691.4731    433.5562   17.515  6.564E-02  1.638E-01  1.829E-03  1.029E-02  8.721E+00  3.713E-05
7      -- 6        154.9    806.6518    371.6504   22.216  1.115E-02  6.347E-02  3.694E-04  1.829E-03  3.378E+00  2.284E-05
8      -- 7        199.1    921.7997    325.2252   30.816  2.055E-03  2.453E-02  9.962E-05  3.694E-04  1.305E+00  1.317E-05
9      -- 8        248.9   1036.9124    289.1203   39.376  5.162E-04  9.397E-03  3.146E-05  9.962E-05  5.002E-01  7.181E-06
10     -- 9        304.2   1151.9855    260.2398   45.881  1.575E-04  3.565E-03  1.042E-05  3.146E-05  1.897E-01  3.735E-06
11     -- 10       365.0   1267.0145    236.6133   51.574  5.113E-05  1.343E-03  3.511E-06  1.042E-05  7.147E-02  1.872E-06
12     -- 11       431.3   1381.9951    216.9273   56.586  1.702E-05  4.971E-04  1.182E-06  3.511E-06  2.646E-02  8.993E-07
13     -- 12       503.1   1496.9229    200.2725   62.995  5.597E-06  1.867E-04  4.080E-07  1.182E-06  9.939E-03  4.293E-07
14     -- 13       580.5   1611.7935    185.9993   63.744  1.980E-06  6.420E-05  1.302E-07  4.080E-07  3.417E-03  1.843E-07
15     -- 14       663.4   1726.6025    173.6314   64.471  6.449E-07  2.030E-05  3.850E-08  1.302E-07  1.080E-03  7.162E-08
16     -- 15       751.7   1841.3455    162.8116   71.967  1.848E-07  6.736E-06  1.200E-08  3.850E-08  3.585E-04  2.883E-08
