* Radex version        : 30nov2011
* Geometry             : Uniform sphere
* Molecular data file  : ./data/co.dat                                                                   
* T(kin)            [K]:  175.000
* Density of H2  [cm-3]:  3.981E+04
* Density of pH2 [cm-3]:  9.953E+03
* Density of oH2 [cm-3]:  2.986E+04
* T(background)     [K]:   13.800
* Column density [cm-2]:  6.143E+19
* Line width     [km/s]:   50.000
Calculation finished in   39 iterations
      LINE         E_UP       FREQ        WAVEL     T_EX      TAU        T_R       POP        POP       FLUX        FLUX
                   (K)        (GHz)       (um)      (K)                  (K)        UP        LOW      (K*km/s) (erg/cm2/s)
1      -- 0          5.5    115.2712   2600.7576  206.339  8.464E-01  1.098E+02  5.353E-02  1.833E-02  5.847E+03  1.153E-04
2      -- 1         16.6    230.5380   1300.4037  165.994  4.014E+00  1.488E+02  8.346E-02  5.353E-02  7.919E+03  1.250E-03
3      -- 2         33.2    345.7960    866.9634  164.535  8.377E+00  1.492E+02  1.056E-01  8.346E-02  7.942E+03  4.229E-03
4      -- 3         55.3    461.0408    650.2515  163.474  1.330E+01  1.471E+02  1.186E-01  1.056E-01  7.829E+03  9.880E-03
5      -- 4         83.0    576.2679    520.2310  161.876  1.798E+01  1.441E+02  1.222E-01  1.186E-01  7.671E+03  1.891E-02
6      -- 5        116.2    691.4731    433.5562  159.542  2.169E+01  1.402E+02  1.173E-01  1.222E-01  7.464E+03  3.178E-02
7      -- 6        154.9    806.6518    371.6504  156.049  2.399E+01  1.350E+02  1.056E-01  1.173E-01  7.185E+03  4.857E-02
8      -- 7        199.1    921.7997    325.2252  150.922  2.467E+01  1.280E+02  8.929E-02  1.056E-01  6.813E+03  6.873E-02
9      -- 8        248.9   1036.9124    289.1203  143.465  2.380E+01  1.186E+02  7.055E-02  8.929E-02  6.314E+03  9.066E-02
10     -- 9        304.2   1151.9855    260.2398  132.656  2.164E+01  1.059E+02  5.140E-02  7.055E-02  5.637E+03  1.110E-01
11     -- 10       365.0   1267.0145    236.6133  118.385  1.842E+01  8.982E+01  3.368E-02  5.140E-02  4.781E+03  1.252E-01
12     -- 11       431.3   1381.9951    216.9273  100.273  1.441E+01  7.019E+01  1.889E-02  3.368E-02  3.736E+03  1.270E-01
13     -- 12       503.1   1496.9229    200.2725   79.789  9.830E+00  4.879E+01  8.293E-03  1.889E-02  2.597E+03  1.122E-01
14     -- 13       580.5   1611.7935    185.9993   60.350  5.208E+00  2.927E+01  2.472E-03  8.293E-03  1.558E+03  8.401E-02
15     -- 14       663.4   1726.6025    173.6314   49.827  1.727E+00  1.577E+01  5.009E-04  2.472E-03  8.392E+02  5.563E-02
16     -- 15       751.7   1841.3455    162.8116   58.602  3.333E-01  7.079E+00  1.180E-04  5.009E-04  3.768E+02  3.029E-02
