* Radex version        : 30nov2011
* Geometry             : Uniform sphere
* Molecular data file  : ./data/co.dat                                                                   
* T(kin)            [K]:  110.000
* Density of H2  [cm-3]:  3.981E+05
* Density of pH2 [cm-3]:  9.953E+04
* Density of oH2 [cm-3]:  2.986E+05
* T(background)     [K]:   13.800
* Column density [cm-2]:  6.143E+20
* Line width     [km/s]:   50.000
Calculation finished in   35 iterations
      LINE         E_UP       FREQ        WAVEL     T_EX      TAU        T_R       POP        POP       FLUX        FLUX
                   (K)        (GHz)       (um)      (K)                  (K)        UP        LOW      (K*km/s) (erg/cm2/s)
1      -- 0          5.5    115.2712   2600.7576  109.972  2.139E+01  9.601E+01  7.126E-02  2.498E-02  5.110E+03  1.008E-04
2      -- 1         16.6    230.5380   1300.4037  109.970  7.932E+01  9.553E+01  1.074E-01  7.126E-02  5.085E+03  8.023E-04
3      -- 2         33.2    345.7960    866.9634  109.968  1.574E+02  9.475E+01  1.293E-01  1.074E-01  5.043E+03  2.686E-03
4      -- 3         55.3    461.0408    650.2515  109.962  2.343E+02  9.370E+01  1.359E-01  1.293E-01  4.987E+03  6.294E-03
5      -- 4         83.0    576.2679    520.2310  109.953  2.917E+02  9.240E+01  1.292E-01  1.359E-01  4.918E+03  1.212E-02
6      -- 5        116.2    691.4731    433.5562  109.939  3.182E+02  9.089E+01  1.129E-01  1.292E-01  4.837E+03  2.060E-02
7      -- 6        154.9    806.6518    371.6504  109.916  3.120E+02  8.920E+01  9.160E-02  1.129E-01  4.748E+03  3.209E-02
8      -- 7        199.1    921.7997    325.2252  109.877  2.790E+02  8.737E+01  6.940E-02  9.160E-02  4.650E+03  4.691E-02
9      -- 8        248.9   1036.9124    289.1203  109.813  2.299E+02  8.541E+01  4.930E-02  6.940E-02  4.546E+03  6.527E-02
10     -- 9        304.2   1151.9855    260.2398  109.692  1.757E+02  8.334E+01  3.292E-02  4.930E-02  4.436E+03  8.733E-02
11     -- 10       365.0   1267.0145    236.6133  109.478  1.252E+02  8.112E+01  2.069E-02  3.292E-02  4.318E+03  1.131E-01
12     -- 11       431.3   1381.9951    216.9273  109.072  8.333E+01  7.870E+01  1.224E-02  2.069E-02  4.189E+03  1.424E-01
13     -- 12       503.1   1496.9229    200.2725  108.233  5.205E+01  7.586E+01  6.808E-03  1.224E-02  4.038E+03  1.744E-01
14     -- 13       580.5   1611.7935    185.9993  106.170  3.062E+01  7.186E+01  3.529E-03  6.808E-03  3.825E+03  2.063E-01
15     -- 14       663.4   1726.6025    173.6314  100.852  1.704E+01  6.483E+01  1.659E-03  3.529E-03  3.450E+03  2.287E-01
16     -- 15       751.7   1841.3455    162.8116   89.324  8.902E+00  5.215E+01  6.565E-04  1.659E-03  2.776E+03  2.232E-01
