* Radex version        : 30nov2011
* Geometry             : Uniform sphere
* Molecular data file  : ./data/co.dat                                                                   
* T(kin)            [K]:  110.000
* Density of H2  [cm-3]:  1.000E+06
* Density of pH2 [cm-3]:  2.500E+05
* Density of oH2 [cm-3]:  7.500E+05
* T(background)     [K]:   13.800
* Column density [cm-2]:  1.543E+21
* Line width     [km/s]:   50.000
Calculation finished in   33 iterations
      LINE         E_UP       FREQ        WAVEL     T_EX      TAU        T_R       POP        POP       FLUX        FLUX
                   (K)        (GHz)       (um)      (K)                  (K)        UP        LOW      (K*km/s) (erg/cm2/s)
1      -- 0          5.5    115.2712   2600.7576  109.995  5.364E+01  9.603E+01  7.115E-02  2.494E-02  5.111E+03  1.008E-04
2      -- 1         16.6    230.5380   1300.4037  109.995  1.989E+02  9.556E+01  1.072E-01  7.115E-02  5.086E+03  8.025E-04
3      -- 2         33.2    345.7960    866.9634  109.995  3.946E+02  9.478E+01  1.291E-01  1.072E-01  5.045E+03  2.686E-03
4      -- 3         55.3    461.0408    650.2515  109.994  5.876E+02  9.373E+01  1.357E-01  1.291E-01  4.989E+03  6.296E-03
5      -- 4         83.0    576.2679    520.2310  109.993  7.314E+02  9.243E+01  1.290E-01  1.357E-01  4.920E+03  1.212E-02
6      -- 5        116.2    691.4731    433.5562  109.990  7.978E+02  9.094E+01  1.128E-01  1.290E-01  4.840E+03  2.061E-02
7      -- 6        154.9    806.6518    371.6504  109.987  7.823E+02  8.927E+01  9.151E-02  1.128E-01  4.751E+03  3.212E-02
8      -- 7        199.1    921.7997    325.2252  109.980  6.997E+02  8.747E+01  6.936E-02  9.151E-02  4.656E+03  4.696E-02
9      -- 8        248.9   1036.9124    289.1203  109.970  5.766E+02  8.557E+01  4.931E-02  6.936E-02  4.554E+03  6.539E-02
10     -- 9        304.2   1151.9855    260.2398  109.951  4.405E+02  8.359E+01  3.296E-02  4.931E-02  4.449E+03  8.759E-02
11     -- 10       365.0   1267.0145    236.6133  109.917  3.138E+02  8.155E+01  2.076E-02  3.296E-02  4.341E+03  1.137E-01
12     -- 11       431.3   1381.9951    216.9273  109.854  2.090E+02  7.946E+01  1.234E-02  2.076E-02  4.229E+03  1.438E-01
13     -- 12       503.1   1496.9229    200.2725  109.729  1.305E+02  7.730E+01  6.924E-03  1.234E-02  4.115E+03  1.777E-01
14     -- 13       580.5   1611.7935    185.9993  109.450  7.661E+01  7.501E+01  3.668E-03  6.924E-03  3.992E+03  2.153E-01
15     -- 14       663.4   1726.6025    173.6314  108.795  4.233E+01  7.237E+01  1.831E-03  3.668E-03  3.852E+03  2.553E-01
16     -- 15       751.7   1841.3455    162.8116  107.042  2.208E+01  6.872E+01  8.535E-04  1.831E-03  3.658E+03  2.941E-01
