* Radex version        : 30nov2011
* Geometry             : Uniform sphere
* Molecular data file  : ./data/co.dat                                                                   
* T(kin)            [K]:  140.000
* Density of H2  [cm-3]:  1.000E+05
* Density of pH2 [cm-3]:  2.500E+04
* Density of oH2 [cm-3]:  7.500E+04
* T(background)     [K]:   13.800
* Column density [cm-2]:  1.543E+20
* Line width     [km/s]:   50.000
Calculation finished in   39 iterations
      LINE         E_UP       FREQ        WAVEL     T_EX      TAU        T_R       POP        POP       FLUX        FLUX
                   (K)        (GHz)       (um)      (K)                  (K)        UP        LOW      (K*km/s) (erg/cm2/s)
1      -- 0          5.5    115.2712   2600.7576  140.110  3.434E+00  1.221E+02  5.833E-02  2.023E-02  6.497E+03  1.282E-04
2      -- 1         16.6    230.5380   1300.4037  138.937  1.304E+01  1.245E+02  8.978E-02  5.833E-02  6.625E+03  1.045E-03
3      -- 2         33.2    345.7960    866.9634  138.960  2.656E+01  1.237E+02  1.115E-01  8.978E-02  6.584E+03  3.506E-03
4      -- 3         55.3    461.0408    650.2515  138.819  4.105E+01  1.225E+02  1.223E-01  1.115E-01  6.519E+03  8.227E-03
5      -- 4         83.0    576.2679    520.2310  138.613  5.361E+01  1.209E+02  1.224E-01  1.223E-01  6.437E+03  1.586E-02
6      -- 5        116.2    691.4731    433.5562  138.296  6.201E+01  1.191E+02  1.138E-01  1.224E-01  6.338E+03  2.698E-02
7      -- 6        154.9    806.6518    371.6504  137.816  6.517E+01  1.169E+02  9.916E-02  1.138E-01  6.220E+03  4.205E-02
8      -- 7        199.1    921.7997    325.2252  137.058  6.316E+01  1.143E+02  8.138E-02  9.916E-02  6.081E+03  6.134E-02
9      -- 8        248.9   1036.9124    289.1203  135.883  5.699E+01  1.111E+02  6.306E-02  8.138E-02  5.915E+03  8.492E-02
10     -- 9        304.2   1151.9855    260.2398  133.823  4.824E+01  1.071E+02  4.611E-02  6.306E-02  5.698E+03  1.122E-01
11     -- 10       365.0   1267.0145    236.6133  130.457  3.850E+01  1.017E+02  3.169E-02  4.611E-02  5.411E+03  1.417E-01
12     -- 11       431.3   1381.9951    216.9273  124.437  2.907E+01  9.366E+01  2.021E-02  3.169E-02  4.985E+03  1.695E-01
13     -- 12       503.1   1496.9229    200.2725  114.029  2.080E+01  8.146E+01  1.163E-02  2.021E-02  4.336E+03  1.873E-01
14     -- 13       580.5   1611.7935    185.9993   97.802  1.388E+01  6.389E+01  5.662E-03  1.163E-02  3.400E+03  1.834E-01
15     -- 14       663.4   1726.6025    173.6314   77.249  8.064E+00  4.287E+01  2.071E-03  5.662E-03  2.282E+03  1.512E-01
16     -- 15       751.7   1841.3455    162.8116   58.701  3.458E+00  2.427E+01  4.891E-04  2.071E-03  1.292E+03  1.039E-01
