* Radex version        : 30nov2011
* Geometry             : Uniform sphere
* Molecular data file  : ./data/co.dat                                                                   
* T(kin)            [K]:  110.000
* Density of H2  [cm-3]:  5.012E+04
* Density of pH2 [cm-3]:  1.253E+04
* Density of oH2 [cm-3]:  3.759E+04
* T(background)     [K]:   13.800
* Column density [cm-2]:  7.733E+19
* Line width     [km/s]:   50.000
Calculation finished in   39 iterations
      LINE         E_UP       FREQ        WAVEL     T_EX      TAU        T_R       POP        POP       FLUX        FLUX
                   (K)        (GHz)       (um)      (K)                  (K)        UP        LOW      (K*km/s) (erg/cm2/s)
1      -- 0          5.5    115.2712   2600.7576  110.389  2.834E+00  9.076E+01  7.528E-02  2.638E-02  4.831E+03  9.529E-05
2      -- 1         16.6    230.5380   1300.4037  108.142  1.072E+01  9.370E+01  1.133E-01  7.528E-02  4.987E+03  7.870E-04
3      -- 2         33.2    345.7960    866.9634  108.134  2.122E+01  9.292E+01  1.360E-01  1.133E-01  4.946E+03  2.634E-03
4      -- 3         55.3    461.0408    650.2515  107.797  3.159E+01  9.154E+01  1.424E-01  1.360E-01  4.872E+03  6.149E-03
5      -- 4         83.0    576.2679    520.2310  107.279  3.931E+01  8.974E+01  1.345E-01  1.424E-01  4.776E+03  1.177E-02
6      -- 5        116.2    691.4731    433.5562  106.426  4.287E+01  8.740E+01  1.164E-01  1.345E-01  4.652E+03  1.981E-02
7      -- 6        154.9    806.6518    371.6504  105.041  4.204E+01  8.438E+01  9.289E-02  1.164E-01  4.491E+03  3.036E-02
8      -- 7        199.1    921.7997    325.2252  102.614  3.764E+01  8.021E+01  6.840E-02  9.289E-02  4.269E+03  4.306E-02
9      -- 8        248.9   1036.9124    289.1203   98.331  3.109E+01  7.415E+01  4.609E-02  6.840E-02  3.947E+03  5.666E-02
10     -- 9        304.2   1151.9855    260.2398   90.601  2.385E+01  6.473E+01  2.767E-02  4.609E-02  3.445E+03  6.783E-02
11     -- 10       365.0   1267.0145    236.6133   78.644  1.673E+01  5.137E+01  1.399E-02  2.767E-02  2.734E+03  7.162E-02
12     -- 11       431.3   1381.9951    216.9273   62.755  1.016E+01  3.478E+01  5.284E-03  1.399E-02  1.851E+03  6.293E-02
13     -- 12       503.1   1496.9229    200.2725   47.019  4.565E+00  1.931E+01  1.238E-03  5.284E-03  1.028E+03  4.440E-02
14     -- 13       580.5   1611.7935    185.9993   39.864  1.160E+00  8.713E+00  1.910E-04  1.238E-03  4.638E+02  2.501E-02
15     -- 14       663.4   1726.6025    173.6314   48.274  1.700E-01  2.806E+00  3.669E-05  1.910E-04  1.494E+02  9.900E-03
16     -- 15       751.7   1841.3455    162.8116   58.923  3.066E-02  7.622E-01  8.718E-06  3.669E-05  4.057E+01  3.262E-03
