* Radex version        : 30nov2011
* Geometry             : Uniform sphere
* Molecular data file  : ./data/co.dat                                                                   
* T(kin)            [K]:  185.000
* Density of H2  [cm-3]:  5.012E+03
* Density of pH2 [cm-3]:  1.253E+03
* Density of oH2 [cm-3]:  3.759E+03
* T(background)     [K]:   13.800
* Column density [cm-2]:  7.733E+18
* Line width     [km/s]:   50.000
Calculation finished in   34 iterations
      LINE         E_UP       FREQ        WAVEL     T_EX      TAU        T_R       POP        POP       FLUX        FLUX
                   (K)        (GHz)       (um)      (K)                  (K)        UP        LOW      (K*km/s) (erg/cm2/s)
1      -- 0          5.5    115.2712   2600.7576 -198.878 -2.279E-01  5.449E+01  1.134E-01  3.676E-02  2.900E+03  5.720E-05
2      -- 1         16.6    230.5380   1300.4037  102.902  1.693E+00  7.219E+01  1.697E-01  1.134E-01  3.842E+03  6.063E-04
3      -- 2         33.2    345.7960    866.9634   82.927  4.054E+00  6.660E+01  1.945E-01  1.697E-01  3.545E+03  1.888E-03
4      -- 3         55.3    461.0408    650.2515   73.811  6.308E+00  5.762E+01  1.853E-01  1.945E-01  3.067E+03  3.871E-03
5      -- 4         83.0    576.2679    520.2310   64.118  7.887E+00  4.696E+01  1.472E-01  1.853E-01  2.499E+03  6.159E-03
6      -- 5        116.2    691.4731    433.5562   53.258  8.120E+00  3.507E+01  9.326E-02  1.472E-01  1.867E+03  7.948E-03
7      -- 6        154.9    806.6518    371.6504   42.197  6.562E+00  2.323E+01  4.300E-02  9.326E-02  1.237E+03  8.359E-03
8      -- 7        199.1    921.7997    325.2252   33.277  3.659E+00  1.369E+01  1.289E-02  4.300E-02  7.286E+02  7.350E-03
9      -- 8        248.9   1036.9124    289.1203   30.464  1.188E+00  7.426E+00  2.814E-03  1.289E-02  3.953E+02  5.675E-03
10     -- 9        304.2   1151.9855    260.2398   37.943  2.445E-01  3.419E+00  7.243E-04  2.814E-03  1.820E+02  3.583E-03
11     -- 10       365.0   1267.0145    236.6133   50.831  5.676E-02  1.412E+00  2.398E-04  7.243E-04  7.518E+01  1.969E-03
12     -- 11       431.3   1381.9951    216.9273   60.012  1.785E-02  5.714E-01  8.633E-05  2.398E-04  3.041E+01  1.034E-03
13     -- 12       503.1   1496.9229    200.2725   66.651  6.284E-03  2.297E-01  3.173E-05  8.633E-05  1.222E+01  5.281E-04
14     -- 13       580.5   1611.7935    185.9993   69.531  2.331E-03  8.753E-02  1.120E-05  3.173E-05  4.659E+00  2.512E-04
15     -- 14       663.4   1726.6025    173.6314   71.853  8.319E-04  3.161E-02  3.780E-06  1.120E-05  1.682E+00  1.115E-04
16     -- 15       751.7   1841.3455    162.8116   77.942  2.757E-04  1.152E-02  1.295E-06  3.780E-06  6.132E-01  4.930E-05
