* Radex version        : 30nov2011
* Geometry             : Uniform sphere
* Molecular data file  : ./data/co.dat                                                                   
* T(kin)            [K]:  190.000
* Density of H2  [cm-3]:  3.981E+02
* Density of pH2 [cm-3]:  9.953E+01
* Density of oH2 [cm-3]:  2.986E+02
* T(background)     [K]:   13.800
* Column density [cm-2]:  6.143E+17
* Line width     [km/s]:   50.000
Calculation finished in   26 iterations
      LINE         E_UP       FREQ        WAVEL     T_EX      TAU        T_R       POP        POP       FLUX        FLUX
                   (K)        (GHz)       (um)      (K)                  (K)        UP        LOW      (K*km/s) (erg/cm2/s)
1      -- 0          5.5    115.2712   2600.7576   35.027  3.242E-01  5.846E+00  3.256E-01  1.271E-01  3.112E+02  6.138E-06
2      -- 1         16.6    230.5380   1300.4037   19.639  1.631E+00  4.523E+00  3.089E-01  3.256E-01  2.408E+02  3.799E-05
3      -- 2         33.2    345.7960    866.9634   17.412  1.986E+00  2.835E+00  1.668E-01  3.089E-01  1.509E+02  8.035E-05
4      -- 3         55.3    461.0408    650.2515   16.398  1.228E+00  1.539E+00  5.561E-02  1.668E-01  8.191E+01  1.034E-04
5      -- 4         83.0    576.2679    520.2310   16.496  4.363E-01  7.261E-01  1.271E-02  5.561E-02  3.865E+01  9.525E-05
6      -- 5        116.2    691.4731    433.5562   18.362  1.004E-01  3.078E-01  2.465E-03  1.271E-02  1.638E+01  6.975E-05
7      -- 6        154.9    806.6518    371.6504   23.593  1.850E-02  1.249E-01  5.513E-04  2.465E-03  6.648E+00  4.494E-05
8      -- 7        199.1    921.7997    325.2252   32.610  3.762E-03  5.061E-02  1.609E-04  5.513E-04  2.694E+00  2.717E-05
9      -- 8        248.9   1036.9124    289.1203   41.302  1.025E-03  2.039E-02  5.391E-05  1.609E-04  1.085E+00  1.558E-05
10     -- 9        304.2   1151.9855    260.2398   48.148  3.312E-04  8.166E-03  1.890E-05  5.391E-05  4.346E-01  8.557E-06
11     -- 10       365.0   1267.0145    236.6133   54.301  1.136E-04  3.260E-03  6.754E-06  1.890E-05  1.735E-01  4.545E-06
12     -- 11       431.3   1381.9951    216.9273   59.737  4.004E-05  1.283E-03  2.419E-06  6.754E-06  6.828E-02  2.321E-06
13     -- 12       503.1   1496.9229    200.2725   66.392  1.402E-05  5.106E-04  8.853E-07  2.419E-06  2.718E-02  1.174E-06
14     -- 13       580.5   1611.7935    185.9993   67.155  5.264E-06  1.866E-04  3.005E-07  8.853E-07  9.934E-03  5.357E-07
15     -- 14       663.4   1726.6025    173.6314   68.097  1.823E-06  6.319E-05  9.514E-08  3.005E-07  3.363E-03  2.229E-07
16     -- 15       751.7   1841.3455    162.8116   76.154  5.582E-07  2.243E-05  3.174E-08  9.514E-08  1.194E-03  9.598E-08
