* Radex version        : 30nov2011
* Geometry             : Uniform sphere
* Molecular data file  : ./data/co.dat                                                                   
* T(kin)            [K]:  130.000
* Density of H2  [cm-3]:  1.259E+05
* Density of pH2 [cm-3]:  3.147E+04
* Density of oH2 [cm-3]:  9.442E+04
* T(background)     [K]:   13.800
* Column density [cm-2]:  1.943E+20
* Line width     [km/s]:   50.000
Calculation finished in   39 iterations
      LINE         E_UP       FREQ        WAVEL     T_EX      TAU        T_R       POP        POP       FLUX        FLUX
                   (K)        (GHz)       (um)      (K)                  (K)        UP        LOW      (K*km/s) (erg/cm2/s)
1      -- 0          5.5    115.2712   2600.7576  129.802  4.956E+00  1.150E+02  6.186E-02  2.152E-02  6.122E+03  1.208E-04
2      -- 1         16.6    230.5380   1300.4037  129.479  1.863E+01  1.150E+02  9.465E-02  6.186E-02  6.122E+03  9.660E-04
3      -- 2         33.2    345.7960    866.9634  129.468  3.767E+01  1.142E+02  1.166E-01  9.465E-02  6.079E+03  3.237E-03
4      -- 3         55.3    461.0408    650.2515  129.392  5.762E+01  1.131E+02  1.263E-01  1.166E-01  6.018E+03  7.595E-03
5      -- 4         83.0    576.2679    520.2310  129.275  7.423E+01  1.116E+02  1.246E-01  1.263E-01  5.942E+03  1.464E-02
6      -- 5        116.2    691.4731    433.5562  129.094  8.445E+01  1.099E+02  1.139E-01  1.246E-01  5.850E+03  2.491E-02
7      -- 6        154.9    806.6518    371.6504  128.816  8.704E+01  1.079E+02  9.733E-02  1.139E-01  5.745E+03  3.883E-02
8      -- 7        199.1    921.7997    325.2252  128.369  8.246E+01  1.056E+02  7.815E-02  9.733E-02  5.623E+03  5.672E-02
9      -- 8        248.9   1036.9124    289.1203  127.666  7.253E+01  1.030E+02  5.915E-02  7.815E-02  5.483E+03  7.872E-02
10     -- 9        304.2   1151.9855    260.2398  126.400  5.963E+01  9.974E+01  4.221E-02  5.915E-02  5.309E+03  1.045E-01
11     -- 10       365.0   1267.0145    236.6133  124.274  4.608E+01  9.559E+01  2.834E-02  4.221E-02  5.088E+03  1.333E-01
12     -- 11       431.3   1381.9951    216.9273  120.271  3.359E+01  8.959E+01  1.775E-02  2.834E-02  4.769E+03  1.621E-01
13     -- 12       503.1   1496.9229    200.2725  112.634  2.320E+01  8.011E+01  1.013E-02  1.775E-02  4.264E+03  1.842E-01
14     -- 13       580.5   1611.7935    185.9993   99.220  1.508E+01  6.523E+01  4.989E-03  1.013E-02  3.472E+03  1.872E-01
15     -- 14       663.4   1726.6025    173.6314   80.241  8.756E+00  4.560E+01  1.899E-03  4.989E-03  2.427E+03  1.609E-01
16     -- 15       751.7   1841.3455    162.8116   61.129  3.922E+00  2.655E+01  4.762E-04  1.899E-03  1.413E+03  1.136E-01
