* Radex version        : 30nov2011
* Geometry             : Uniform sphere
* Molecular data file  : ./data/co.dat                                                                   
* T(kin)            [K]:  190.000
* Density of H2  [cm-3]:  3.162E+05
* Density of pH2 [cm-3]:  7.906E+04
* Density of oH2 [cm-3]:  2.372E+05
* T(background)     [K]:   13.800
* Column density [cm-2]:  4.879E+20
* Line width     [km/s]:   50.000
Calculation finished in   39 iterations
      LINE         E_UP       FREQ        WAVEL     T_EX      TAU        T_R       POP        POP       FLUX        FLUX
                   (K)        (GHz)       (um)      (K)                  (K)        UP        LOW      (K*km/s) (erg/cm2/s)
1      -- 0          5.5    115.2712   2600.7576  189.886  5.814E+00  1.754E+02  4.255E-02  1.460E-02  9.335E+03  1.841E-04
2      -- 1         16.6    230.5380   1300.4037  189.728  2.227E+01  1.753E+02  6.690E-02  4.255E-02  9.328E+03  1.472E-03
3      -- 2         33.2    345.7960    866.9634  189.727  4.655E+01  1.744E+02  8.581E-02  6.690E-02  9.284E+03  4.944E-03
4      -- 3         55.3    461.0408    650.2515  189.702  7.462E+01  1.733E+02  9.818E-02  8.581E-02  9.223E+03  1.164E-02
5      -- 4         83.0    576.2679    520.2310  189.664  1.021E+02  1.719E+02  1.037E-01  9.818E-02  9.147E+03  2.254E-02
6      -- 5        116.2    691.4731    433.5562  189.613  1.250E+02  1.702E+02  1.029E-01  1.037E-01  9.059E+03  3.857E-02
7      -- 6        154.9    806.6518    371.6504  189.534  1.405E+02  1.683E+02  9.679E-02  1.029E-01  8.960E+03  6.057E-02
8      -- 7        199.1    921.7997    325.2252  189.423  1.472E+02  1.663E+02  8.685E-02  9.679E-02  8.851E+03  8.928E-02
9      -- 8        248.9   1036.9124    289.1203  189.266  1.450E+02  1.641E+02  7.462E-02  8.685E-02  8.733E+03  1.254E-01
10     -- 9        304.2   1151.9855    260.2398  189.014  1.353E+02  1.617E+02  6.156E-02  7.462E-02  8.606E+03  1.694E-01
11     -- 10       365.0   1267.0145    236.6133  188.682  1.202E+02  1.592E+02  4.885E-02  6.156E-02  8.471E+03  2.219E-01
12     -- 11       431.3   1381.9951    216.9273  188.161  1.019E+02  1.564E+02  3.732E-02  4.885E-02  8.324E+03  2.830E-01
13     -- 12       503.1   1496.9229    200.2725  187.381  8.275E+01  1.534E+02  2.747E-02  3.732E-02  8.162E+03  3.526E-01
14     -- 13       580.5   1611.7935    185.9993  185.963  6.455E+01  1.497E+02  1.947E-02  2.747E-02  7.966E+03  4.296E-01
15     -- 14       663.4   1726.6025    173.6314  183.689  4.838E+01  1.452E+02  1.325E-02  1.947E-02  7.726E+03  5.121E-01
16     -- 15       751.7   1841.3455    162.8116  179.423  3.498E+01  1.387E+02  8.621E-03  1.325E-02  7.382E+03  5.936E-01
