* Radex version        : 30nov2011
* Geometry             : Uniform sphere
* Molecular data file  : ./data/co.dat                                                                   
* T(kin)            [K]:  180.000
* Density of H2  [cm-3]:  2.512E+04
* Density of pH2 [cm-3]:  6.280E+03
* Density of oH2 [cm-3]:  1.884E+04
* T(background)     [K]:    2.725
* Column density [cm-2]:  2.481E+20
* Line width     [km/s]:   50.000
Calculation finished in   43 iterations
      LINE         E_UP       FREQ        WAVEL     T_EX      TAU        T_R       POP        POP       FLUX        FLUX
                   (K)        (GHz)       (um)      (K)                  (K)        UP        LOW      (K*km/s) (erg/cm2/s)
1      -- 0          5.5    115.2712   2600.7576  179.699  3.577E+00  1.712E+02  4.869E-02  1.674E-02  9.111E+03  1.797E-04
2      -- 1         16.6    230.5380   1300.4037  174.441  1.405E+01  1.688E+02  7.617E-02  4.869E-02  8.983E+03  1.417E-03
3      -- 2         33.2    345.7960    866.9634  174.596  2.917E+01  1.664E+02  9.697E-02  7.617E-02  8.856E+03  4.716E-03
4      -- 3         55.3    461.0408    650.2515  174.180  4.645E+01  1.633E+02  1.098E-01  9.697E-02  8.694E+03  1.097E-02
5      -- 4         83.0    576.2679    520.2310  173.494  6.304E+01  1.600E+02  1.144E-01  1.098E-01  8.518E+03  2.099E-02
6      -- 5        116.2    691.4731    433.5562  172.466  7.644E+01  1.564E+02  1.116E-01  1.144E-01  8.325E+03  3.545E-02
7      -- 6        154.9    806.6518    371.6504  170.903  8.499E+01  1.523E+02  1.026E-01  1.116E-01  8.105E+03  5.479E-02
8      -- 7        199.1    921.7997    325.2252  168.590  8.792E+01  1.474E+02  8.947E-02  1.026E-01  7.847E+03  7.916E-02
9      -- 8        248.9   1036.9124    289.1203  165.146  8.546E+01  1.415E+02  7.398E-02  8.947E-02  7.532E+03  1.081E-01
10     -- 9        304.2   1151.9855    260.2398  159.768  7.864E+01  1.337E+02  5.785E-02  7.398E-02  7.117E+03  1.401E-01
11     -- 10       365.0   1267.0145    236.6133  151.992  6.871E+01  1.236E+02  4.247E-02  5.785E-02  6.579E+03  1.723E-01
12     -- 11       431.3   1381.9951    216.9273  140.394  5.708E+01  1.098E+02  2.878E-02  4.247E-02  5.846E+03  1.987E-01
13     -- 12       503.1   1496.9229    200.2725  124.085  4.477E+01  9.161E+01  1.742E-02  2.878E-02  4.876E+03  2.106E-01
14     -- 13       580.5   1611.7935    185.9993  102.934  3.231E+01  6.906E+01  8.826E-03  1.742E-02  3.676E+03  1.982E-01
15     -- 14       663.4   1726.6025    173.6314   79.414  1.990E+01  4.506E+01  3.323E-03  8.826E-03  2.398E+03  1.590E-01
16     -- 15       751.7   1841.3455    162.8116   57.976  8.969E+00  2.460E+01  7.704E-04  3.323E-03  1.309E+03  1.053E-01
