* Radex version        : 30nov2011
* Geometry             : Uniform sphere
* Molecular data file  : ./data/co.dat                                                                   
* T(kin)            [K]:  145.000
* Density of H2  [cm-3]:  2.512E+03
* Density of pH2 [cm-3]:  6.280E+02
* Density of oH2 [cm-3]:  1.884E+03
* T(background)     [K]:   13.800
* Column density [cm-2]:  3.876E+18
* Line width     [km/s]:   50.000
Calculation finished in   32 iterations
      LINE         E_UP       FREQ        WAVEL     T_EX      TAU        T_R       POP        POP       FLUX        FLUX
                   (K)        (GHz)       (um)      (K)                  (K)        UP        LOW      (K*km/s) (erg/cm2/s)
1      -- 0          5.5    115.2712   2600.7576 -2.271E+03 -1.552E-02  3.573E+01  1.737E-01  5.776E-02  1.902E+03  3.751E-05
2      -- 1         16.6    230.5380   1300.4037   56.361  2.272E+00  3.768E+01  2.379E-01  1.737E-01  2.005E+03  3.164E-04
3      -- 2         33.2    345.7960    866.9634   46.719  4.695E+00  3.149E+01  2.335E-01  2.379E-01  1.676E+03  8.926E-04
4      -- 3         55.3    461.0408    650.2515   39.547  6.278E+00  2.389E+01  1.716E-01  2.335E-01  1.272E+03  1.605E-03
5      -- 4         83.0    576.2679    520.2310   32.131  6.028E+00  1.592E+01  8.867E-02  1.716E-01  8.471E+02  2.088E-03
6      -- 5        116.2    691.4731    433.5562   25.797  3.827E+00  9.170E+00  2.895E-02  8.867E-02  4.881E+02  2.078E-03
7      -- 6        154.9    806.6518    371.6504   22.935  1.386E+00  4.716E+00  6.176E-03  2.895E-02  2.510E+02  1.697E-03
8      -- 7        199.1    921.7997    325.2252   26.028  2.927E-01  2.036E+00  1.279E-03  6.176E-03  1.084E+02  1.093E-03
9      -- 8        248.9   1036.9124    289.1203   34.547  5.600E-02  7.653E-01  3.385E-04  1.279E-03  4.073E+01  5.848E-04
10     -- 9        304.2   1151.9855    260.2398   42.749  1.395E-02  2.754E-01  1.027E-04  3.385E-04  1.466E+01  2.885E-04
11     -- 10       365.0   1267.0145    236.6133   48.433  4.132E-03  9.682E-02  3.204E-05  1.027E-04  5.153E+00  1.350E-04
12     -- 11       431.3   1381.9951    216.9273   53.444  1.270E-03  3.355E-02  1.007E-05  3.204E-05  1.786E+00  6.070E-05
13     -- 12       503.1   1496.9229    200.2725   58.731  3.929E-04  1.161E-02  3.200E-06  1.007E-05  6.180E-01  2.670E-05
14     -- 13       580.5   1611.7935    185.9993   60.479  1.267E-04  3.742E-03  9.564E-07  3.200E-06  1.992E-01  1.074E-05
15     -- 14       663.4   1726.6025    173.6314   61.685  3.844E-05  1.117E-03  2.668E-07  9.564E-07  5.944E-02  3.940E-06
16     -- 15       751.7   1841.3455    162.8116   67.230  1.052E-05  3.399E-04  7.630E-08  2.668E-07  1.809E-02  1.455E-06
