* Radex version        : 30nov2011
* Geometry             : Uniform sphere
* Molecular data file  : ./data/co.dat                                                                   
* T(kin)            [K]:  110.000
* Density of H2  [cm-3]:  3.162E+04
* Density of pH2 [cm-3]:  7.906E+03
* Density of oH2 [cm-3]:  2.372E+04
* T(background)     [K]:   13.800
* Column density [cm-2]:  4.879E+19
* Line width     [km/s]:   50.000
Calculation finished in   38 iterations
      LINE         E_UP       FREQ        WAVEL     T_EX      TAU        T_R       POP        POP       FLUX        FLUX
                   (K)        (GHz)       (um)      (K)                  (K)        UP        LOW      (K*km/s) (erg/cm2/s)
1      -- 0          5.5    115.2712   2600.7576  113.355  1.832E+00  8.348E+01  7.925E-02  2.774E-02  4.443E+03  8.764E-05
2      -- 1         16.6    230.5380   1300.4037  105.790  7.270E+00  9.129E+01  1.190E-01  7.925E-02  4.859E+03  7.667E-04
3      -- 2         33.2    345.7960    866.9634  105.695  1.436E+01  9.049E+01  1.424E-01  1.190E-01  4.816E+03  2.565E-03
4      -- 3         55.3    461.0408    650.2515  104.916  2.138E+01  8.867E+01  1.482E-01  1.424E-01  4.719E+03  5.956E-03
5      -- 4         83.0    576.2679    520.2310  103.693  2.660E+01  8.617E+01  1.388E-01  1.482E-01  4.586E+03  1.130E-02
6      -- 5        116.2    691.4731    433.5562  101.670  2.901E+01  8.268E+01  1.183E-01  1.388E-01  4.401E+03  1.874E-02
7      -- 6        154.9    806.6518    371.6504   98.347  2.846E+01  7.776E+01  9.209E-02  1.183E-01  4.139E+03  2.798E-02
8      -- 7        199.1    921.7997    325.2252   92.758  2.550E+01  7.052E+01  6.478E-02  9.209E-02  3.753E+03  3.786E-02
9      -- 8        248.9   1036.9124    289.1203   83.840  2.094E+01  6.002E+01  3.999E-02  6.478E-02  3.194E+03  4.586E-02
10     -- 9        304.2   1151.9855    260.2398   70.813  1.549E+01  4.571E+01  2.025E-02  3.999E-02  2.433E+03  4.789E-02
11     -- 10       365.0   1267.0145    236.6133   55.217  9.578E+00  2.953E+01  7.372E-03  2.025E-02  1.572E+03  4.117E-02
12     -- 11       431.3   1381.9951    216.9273   41.104  4.146E+00  1.570E+01  1.596E-03  7.372E-03  8.354E+02  2.840E-02
13     -- 12       503.1   1496.9229    200.2725   36.758  9.537E-01  7.044E+00  2.441E-04  1.596E-03  3.749E+02  1.619E-02
14     -- 13       580.5   1611.7935    185.9993   46.650  1.365E-01  2.286E+00  4.995E-05  2.441E-04  1.217E+02  6.560E-03
15     -- 14       663.4   1726.6025    173.6314   55.409  2.653E-02  6.214E-01  1.197E-05  4.995E-05  3.307E+01  2.192E-03
16     -- 15       751.7   1841.3455    162.8116   60.064  6.257E-03  1.634E-01  2.926E-06  1.197E-05  8.697E+00  6.993E-04
