* Radex version        : 30nov2011
* Geometry             : Uniform sphere
* Molecular data file  : ./data/co.dat                                                                   
* T(kin)            [K]:  125.000
* Density of H2  [cm-3]:  5.012E+03
* Density of pH2 [cm-3]:  1.253E+03
* Density of oH2 [cm-3]:  3.759E+03
* T(background)     [K]:   13.800
* Column density [cm-2]:  7.733E+18
* Line width     [km/s]:   50.000
Calculation finished in   34 iterations
      LINE         E_UP       FREQ        WAVEL     T_EX      TAU        T_R       POP        POP       FLUX        FLUX
                   (K)        (GHz)       (um)      (K)                  (K)        UP        LOW      (K*km/s) (erg/cm2/s)
1      -- 0          5.5    115.2712   2600.7576  520.702  1.028E-01  4.951E+01  1.314E-01  4.427E-02  2.635E+03  5.198E-05
2      -- 1         16.6    230.5380   1300.4037   77.356  2.564E+00  5.811E+01  1.898E-01  1.314E-01  3.093E+03  4.880E-04
3      -- 2         33.2    345.7960    866.9634   68.134  5.404E+00  5.281E+01  2.083E-01  1.898E-01  2.811E+03  1.497E-03
4      -- 3         55.3    461.0408    650.2515   61.046  7.929E+00  4.506E+01  1.864E-01  2.083E-01  2.398E+03  3.027E-03
5      -- 4         83.0    576.2679    520.2310   52.397  9.286E+00  3.547E+01  1.344E-01  1.864E-01  1.888E+03  4.652E-03
6      -- 5        116.2    691.4731    433.5562   42.485  8.669E+00  2.473E+01  7.273E-02  1.344E-01  1.316E+03  5.605E-03
7      -- 6        154.9    806.6518    371.6504   32.856  5.899E+00  1.468E+01  2.583E-02  7.273E-02  7.815E+02  5.282E-03
8      -- 7        199.1    921.7997    325.2252   26.418  2.429E+00  7.598E+00  5.485E-03  2.583E-02  4.044E+02  4.079E-03
9      -- 8        248.9   1036.9124    289.1203   27.272  5.266E-01  3.348E+00  9.886E-04  5.485E-03  1.782E+02  2.559E-03
10     -- 9        304.2   1151.9855    260.2398   35.995  8.790E-02  1.190E+00  2.352E-04  9.886E-04  6.333E+01  1.247E-03
11     -- 10       365.0   1267.0145    236.6133   44.542  1.967E-02  3.915E-01  6.578E-05  2.352E-04  2.084E+01  5.459E-04
12     -- 11       431.3   1381.9951    216.9273   50.118  5.372E-03  1.260E-01  1.904E-05  6.578E-05  6.706E+00  2.280E-04
13     -- 12       503.1   1496.9229    200.2725   54.844  1.534E-03  4.008E-02  5.548E-06  1.904E-05  2.133E+00  9.215E-05
14     -- 13       580.5   1611.7935    185.9993   56.872  4.513E-04  1.192E-02  1.529E-06  5.548E-06  6.345E-01  3.421E-05
15     -- 14       663.4   1726.6025    173.6314   57.999  1.262E-04  3.268E-03  3.917E-07  1.529E-06  1.739E-01  1.153E-05
16     -- 15       751.7   1841.3455    162.8116   62.600  3.186E-05  9.028E-04  1.016E-07  3.917E-07  4.805E-02  3.863E-06
