* Radex version        : 30nov2011
* Geometry             : Uniform sphere
* Molecular data file  : ./data/co.dat                                                                   
* T(kin)            [K]:  140.000
* Density of H2  [cm-3]:  1.995E+02
* Density of pH2 [cm-3]:  4.988E+01
* Density of oH2 [cm-3]:  1.496E+02
* T(background)     [K]:   13.800
* Column density [cm-2]:  3.079E+17
* Line width     [km/s]:   50.000
Calculation finished in   21 iterations
      LINE         E_UP       FREQ        WAVEL     T_EX      TAU        T_R       POP        POP       FLUX        FLUX
                   (K)        (GHz)       (um)      (K)                  (K)        UP        LOW      (K*km/s) (erg/cm2/s)
1      -- 0          5.5    115.2712   2600.7576   19.990  3.341E-01  1.742E+00  3.593E-01  1.579E-01  9.270E+01  1.828E-06
2      -- 1         16.6    230.5380   1300.4037   15.769  1.056E+00  1.226E+00  2.969E-01  3.593E-01  6.524E+01  1.029E-05
3      -- 2         33.2    345.7960    866.9634   14.994  1.042E+00  6.922E-01  1.374E-01  2.969E-01  3.684E+01  1.962E-05
4      -- 3         55.3    461.0408    650.2515   14.764  5.318E-01  3.266E-01  3.947E-02  1.374E-01  1.738E+01  2.194E-05
5      -- 4         83.0    576.2679    520.2310   14.993  1.607E-01  1.313E-01  7.626E-03  3.947E-02  6.987E+00  1.722E-05
6      -- 5        116.2    691.4731    433.5562   16.108  3.152E-02  4.818E-02  1.148E-03  7.626E-03  2.565E+00  1.092E-05
7      -- 6        154.9    806.6518    371.6504   19.575  4.616E-03  1.716E-02  1.834E-04  1.148E-03  9.132E-01  6.173E-06
8      -- 7        199.1    921.7997    325.2252   27.156  6.791E-04  6.058E-03  4.076E-05  1.834E-04  3.224E-01  3.252E-06
9      -- 8        248.9   1036.9124    289.1203   35.781  1.395E-04  2.106E-03  1.134E-05  4.076E-05  1.121E-01  1.610E-06
10     -- 9        304.2   1151.9855    260.2398   41.942  3.745E-05  7.182E-04  3.354E-06  1.134E-05  3.823E-02  7.526E-07
11     -- 10       365.0   1267.0145    236.6133   46.907  1.089E-05  2.412E-04  1.005E-06  3.354E-06  1.284E-02  3.363E-07
12     -- 11       431.3   1381.9951    216.9273   51.239  3.231E-06  7.914E-05  2.993E-07  1.005E-06  4.212E-03  1.432E-07
13     -- 12       503.1   1496.9229    200.2725   57.195  9.402E-07  2.652E-05  9.204E-08  2.993E-07  1.412E-03  6.098E-08
14     -- 13       580.5   1611.7935    185.9993   57.929  2.955E-07  8.076E-06  2.601E-08  9.204E-08  4.298E-04  2.318E-08
15     -- 14       663.4   1726.6025    173.6314   58.261  8.524E-08  2.227E-06  6.704E-09  2.601E-08  1.186E-04  7.859E-09
16     -- 15       751.7   1841.3455    162.8116   64.840  2.136E-08  6.462E-07  1.826E-09  6.704E-09  3.439E-05  2.765E-09
