* Radex version        : 30nov2011
* Geometry             : Uniform sphere
* Molecular data file  : ./data/co.dat                                                                   
* T(kin)            [K]:  100.000
* Density of H2  [cm-3]:  1.259E+05
* Density of pH2 [cm-3]:  3.147E+04
* Density of oH2 [cm-3]:  9.442E+04
* T(background)     [K]:   13.800
* Column density [cm-2]:  1.943E+20
* Line width     [km/s]:   50.000
Calculation finished in   38 iterations
      LINE         E_UP       FREQ        WAVEL     T_EX      TAU        T_R       POP        POP       FLUX        FLUX
                   (K)        (GHz)       (um)      (K)                  (K)        UP        LOW      (K*km/s) (erg/cm2/s)
1      -- 0          5.5    115.2712   2600.7576   99.834  8.246E+00  8.585E+01  7.865E-02  2.771E-02  4.569E+03  9.013E-05
2      -- 1         16.6    230.5380   1300.4037   99.783  3.036E+01  8.535E+01  1.173E-01  7.865E-02  4.543E+03  7.168E-04
3      -- 2         33.2    345.7960    866.9634   99.764  5.948E+01  8.457E+01  1.391E-01  1.173E-01  4.501E+03  2.397E-03
4      -- 3         55.3    461.0408    650.2515   99.719  8.704E+01  8.349E+01  1.432E-01  1.391E-01  4.444E+03  5.608E-03
5      -- 4         83.0    576.2679    520.2310   99.644  1.059E+02  8.215E+01  1.326E-01  1.432E-01  4.372E+03  1.078E-02
6      -- 5        116.2    691.4731    433.5562   99.520  1.124E+02  8.055E+01  1.123E-01  1.326E-01  4.287E+03  1.826E-02
7      -- 6        154.9    806.6518    371.6504   99.319  1.067E+02  7.872E+01  8.775E-02  1.123E-01  4.190E+03  2.832E-02
8      -- 7        199.1    921.7997    325.2252   98.962  9.194E+01  7.662E+01  6.360E-02  8.775E-02  4.078E+03  4.113E-02
9      -- 8        248.9   1036.9124    289.1203   98.337  7.262E+01  7.416E+01  4.286E-02  6.360E-02  3.947E+03  5.667E-02
10     -- 9        304.2   1151.9855    260.2398   97.046  5.297E+01  7.099E+01  2.680E-02  4.286E-02  3.778E+03  7.439E-02
11     -- 10       365.0   1267.0145    236.6133   94.437  3.589E+01  6.652E+01  1.541E-02  2.680E-02  3.541E+03  9.275E-02
12     -- 11       431.3   1381.9951    216.9273   88.770  2.268E+01  5.915E+01  7.937E-03  1.541E-02  3.148E+03  1.070E-01
13     -- 12       503.1   1496.9229    200.2725   77.814  1.326E+01  4.695E+01  3.405E-03  7.937E-03  2.499E+03  1.079E-01
14     -- 13       580.5   1611.7935    185.9993   61.601  6.694E+00  3.049E+01  1.042E-03  3.405E-03  1.623E+03  8.751E-02
15     -- 14       663.4   1726.6025    173.6314   47.216  2.348E+00  1.548E+01  1.926E-04  1.042E-03  8.241E+02  5.463E-02
16     -- 15       751.7   1841.3455    162.8116   47.002  4.409E-01  5.620E+00  3.127E-05  1.926E-04  2.991E+02  2.405E-02
