* Radex version        : 30nov2011
* Geometry             : Uniform sphere
* Molecular data file  : ./data/co.dat                                                                   
* T(kin)            [K]:  120.000
* Density of H2  [cm-3]:  3.162E+03
* Density of pH2 [cm-3]:  7.906E+02
* Density of oH2 [cm-3]:  2.372E+03
* T(background)     [K]:   13.800
* Column density [cm-2]:  4.879E+18
* Line width     [km/s]:   50.000
Calculation finished in   33 iterations
      LINE         E_UP       FREQ        WAVEL     T_EX      TAU        T_R       POP        POP       FLUX        FLUX
                   (K)        (GHz)       (um)      (K)                  (K)        UP        LOW      (K*km/s) (erg/cm2/s)
1      -- 0          5.5    115.2712   2600.7576  398.236  1.064E-01  3.880E+01  1.646E-01  5.565E-02  2.065E+03  4.074E-05
2      -- 1         16.6    230.5380   1300.4037   59.020  2.600E+00  4.134E+01  2.275E-01  1.646E-01  2.201E+03  3.472E-04
3      -- 2         33.2    345.7960    866.9634   50.603  5.285E+00  3.545E+01  2.294E-01  2.275E-01  1.887E+03  1.005E-03
4      -- 3         55.3    461.0408    650.2515   43.515  7.224E+00  2.779E+01  1.774E-01  2.294E-01  1.479E+03  1.867E-03
5      -- 4         83.0    576.2679    520.2310   35.581  7.347E+00  1.921E+01  9.967E-02  1.774E-01  1.022E+03  2.519E-03
6      -- 5        116.2    691.4731    433.5562   28.021  5.193E+00  1.127E+01  3.604E-02  9.967E-02  6.000E+02  2.555E-03
7      -- 6        154.9    806.6518    371.6504   23.202  2.162E+00  5.753E+00  7.839E-03  3.604E-02  3.062E+02  2.070E-03
8      -- 7        199.1    921.7997    325.2252   24.036  4.815E-01  2.476E+00  1.410E-03  7.839E-03  1.318E+02  1.329E-03
9      -- 8        248.9   1036.9124    289.1203   31.032  8.136E-02  8.706E-01  3.171E-04  1.410E-03  4.634E+01  6.653E-04
10     -- 9        304.2   1151.9855    260.2398   39.009  1.717E-02  2.837E-01  8.493E-05  3.171E-04  1.510E+01  2.972E-04
11     -- 10       365.0   1267.0145    236.6133   44.374  4.490E-03  8.940E-02  2.363E-05  8.493E-05  4.758E+00  1.246E-04
12     -- 11       431.3   1381.9951    216.9273   48.777  1.233E-03  2.756E-02  6.594E-06  2.363E-05  1.467E+00  4.987E-05
13     -- 12       503.1   1496.9229    200.2725   53.490  3.392E-04  8.473E-03  1.859E-06  6.594E-06  4.510E-01  1.948E-05
14     -- 13       580.5   1611.7935    185.9993   55.052  9.687E-05  2.408E-03  4.899E-07  1.859E-06  1.282E-01  6.912E-06
15     -- 14       663.4   1726.6025    173.6314   55.913  2.592E-05  6.260E-04  1.190E-07  4.899E-07  3.332E-02  2.209E-06
16     -- 15       751.7   1841.3455    162.8116   60.675  6.192E-06  1.654E-04  2.951E-08  1.190E-07  8.802E-03  7.077E-07
