* Radex version        : 30nov2011
* Geometry             : Uniform sphere
* Molecular data file  : ./data/co.dat                                                                   
* T(kin)            [K]:  165.000
* Density of H2  [cm-3]:  3.981E+03
* Density of pH2 [cm-3]:  9.953E+02
* Density of oH2 [cm-3]:  2.986E+03
* T(background)     [K]:   13.800
* Column density [cm-2]:  6.143E+18
* Line width     [km/s]:   50.000
Calculation finished in   33 iterations
      LINE         E_UP       FREQ        WAVEL     T_EX      TAU        T_R       POP        POP       FLUX        FLUX
                   (K)        (GHz)       (um)      (K)                  (K)        UP        LOW      (K*km/s) (erg/cm2/s)
1      -- 0          5.5    115.2712   2600.7576 -280.065 -1.512E-01  4.799E+01  1.328E-01  4.341E-02  2.554E+03  5.039E-05
2      -- 1         16.6    230.5380   1300.4037   82.100  1.948E+00  5.804E+01  1.935E-01  1.328E-01  3.089E+03  4.874E-04
3      -- 2         33.2    345.7960    866.9634   67.603  4.406E+00  5.188E+01  2.119E-01  1.935E-01  2.761E+03  1.470E-03
4      -- 3         55.3    461.0408    650.2515   59.259  6.566E+00  4.325E+01  1.876E-01  2.119E-01  2.302E+03  2.905E-03
5      -- 4         83.0    576.2679    520.2310   50.112  7.676E+00  3.323E+01  1.320E-01  1.876E-01  1.768E+03  4.358E-03
6      -- 5        116.2    691.4731    433.5562   40.386  6.991E+00  2.273E+01  6.859E-02  1.320E-01  1.210E+03  5.150E-03
7      -- 6        154.9    806.6518    371.6504   31.716  4.501E+00  1.356E+01  2.335E-02  6.859E-02  7.216E+02  4.878E-03
8      -- 7        199.1    921.7997    325.2252   27.176  1.725E+00  7.346E+00  5.196E-03  2.335E-02  3.910E+02  3.944E-03
9      -- 8        248.9   1036.9124    289.1203   30.655  3.793E-01  3.421E+00  1.145E-03  5.196E-03  1.821E+02  2.614E-03
10     -- 9        304.2   1151.9855    260.2398   41.412  7.596E-02  1.369E+00  3.332E-04  1.145E-03  7.288E+01  1.435E-03
11     -- 10       365.0   1267.0145    236.6133   50.743  2.075E-02  5.242E-01  1.101E-04  3.332E-04  2.790E+01  7.308E-04
12     -- 11       431.3   1381.9951    216.9273   57.213  6.679E-03  1.982E-01  3.754E-05  1.101E-04  1.055E+01  3.585E-04
13     -- 12       503.1   1496.9229    200.2725   63.003  2.238E-03  7.460E-02  1.296E-05  3.754E-05  3.971E+00  1.715E-04
14     -- 13       580.5   1611.7935    185.9993   65.342  7.819E-04  2.645E-02  4.262E-06  1.296E-05  1.408E+00  7.591E-05
15     -- 14       663.4   1726.6025    173.6314   67.116  2.604E-04  8.800E-03  1.325E-06  4.262E-06  4.684E-01  3.105E-05
16     -- 15       751.7   1841.3455    162.8116   72.898  7.955E-05  2.966E-03  4.198E-07  1.325E-06  1.579E-01  1.269E-05
