* Radex version        : 30nov2011
* Geometry             : Uniform sphere
* Molecular data file  : ./data/co.dat                                                                   
* T(kin)            [K]:  110.000
* Density of H2  [cm-3]:  1.259E+03
* Density of pH2 [cm-3]:  3.147E+02
* Density of oH2 [cm-3]:  9.442E+02
* T(background)     [K]:   13.800
* Column density [cm-2]:  1.943E+18
* Line width     [km/s]:   50.000
Calculation finished in   29 iterations
      LINE         E_UP       FREQ        WAVEL     T_EX      TAU        T_R       POP        POP       FLUX        FLUX
                   (K)        (GHz)       (um)      (K)                  (K)        UP        LOW      (K*km/s) (erg/cm2/s)
1      -- 0          5.5    115.2712   2600.7576   83.950  3.137E-01  1.885E+01  2.503E-01  8.911E-02  1.003E+03  1.979E-05
2      -- 1         16.6    230.5380   1300.4037   31.949  2.694E+00  1.654E+01  2.950E-01  2.503E-01  8.802E+02  1.389E-04
3      -- 2         33.2    345.7960    866.9634   26.710  4.516E+00  1.201E+01  2.219E-01  2.950E-01  6.390E+02  3.403E-04
4      -- 3         55.3    461.0408    650.2515   22.329  4.388E+00  7.397E+00  1.059E-01  2.219E-01  3.937E+02  4.969E-04
5      -- 4         83.0    576.2679    520.2310   19.134  2.470E+00  3.861E+00  3.051E-02  1.059E-01  2.055E+02  5.065E-04
6      -- 5        116.2    691.4731    433.5562   18.351  7.623E-01  1.713E+00  5.909E-03  3.051E-02  9.120E+01  3.883E-04
7      -- 6        154.9    806.6518    371.6504   20.648  1.473E-01  6.190E-01  1.046E-03  5.909E-03  3.295E+01  2.227E-04
8      -- 7        199.1    921.7997    325.2252   26.276  2.475E-02  2.010E-01  2.201E-04  1.046E-03  1.070E+01  1.079E-04
9      -- 8        248.9   1036.9124    289.1203   32.939  4.931E-03  6.250E-02  5.429E-05  2.201E-04  3.327E+00  4.776E-05
10     -- 9        304.2   1151.9855    260.2398   38.020  1.184E-03  1.873E-02  1.402E-05  5.429E-05  9.969E-01  1.963E-05
11     -- 10       365.0   1267.0145    236.6133   42.100  3.022E-04  5.445E-03  3.622E-06  1.402E-05  2.898E-01  7.591E-06
12     -- 11       431.3   1381.9951    216.9273   45.894  7.739E-05  1.540E-03  9.279E-07  3.622E-06  8.199E-02  2.787E-06
13     -- 12       503.1   1496.9229    200.2725   50.724  1.948E-05  4.405E-04  2.431E-07  9.279E-07  2.345E-02  1.013E-06
14     -- 13       580.5   1611.7935    185.9993   51.862  5.180E-06  1.149E-04  5.876E-08  2.431E-07  6.113E-03  3.297E-07
15     -- 14       663.4   1726.6025    173.6314   52.019  1.276E-06  2.672E-05  1.277E-08  5.876E-08  1.422E-03  9.428E-08
16     -- 15       751.7   1841.3455    162.8116   57.176  2.715E-07  6.461E-06  2.898E-09  1.277E-08  3.439E-04  2.765E-08
