* Radex version        : 30nov2011
* Geometry             : Uniform sphere
* Molecular data file  : ./data/co.dat                                                                   
* T(kin)            [K]:  160.000
* Density of H2  [cm-3]:  1.995E+03
* Density of pH2 [cm-3]:  4.988E+02
* Density of oH2 [cm-3]:  1.496E+03
* T(background)     [K]:   13.800
* Column density [cm-2]:  3.079E+18
* Line width     [km/s]:   50.000
Calculation finished in   31 iterations
      LINE         E_UP       FREQ        WAVEL     T_EX      TAU        T_R       POP        POP       FLUX        FLUX
                   (K)        (GHz)       (um)      (K)                  (K)        UP        LOW      (K*km/s) (erg/cm2/s)
1      -- 0          5.5    115.2712   2600.7576 -1.048E+03 -2.902E-02  3.128E+01  1.891E-01  6.269E-02  1.665E+03  3.284E-05
2      -- 1         16.6    230.5380   1300.4037   50.369  2.173E+00  3.194E+01  2.530E-01  1.891E-01  1.700E+03  2.682E-04
3      -- 2         33.2    345.7960    866.9634   41.092  4.406E+00  2.590E+01  2.365E-01  2.530E-01  1.379E+03  7.342E-04
4      -- 3         55.3    461.0408    650.2515   34.385  5.593E+00  1.886E+01  1.598E-01  2.365E-01  1.004E+03  1.267E-03
5      -- 4         83.0    576.2679    520.2310   27.963  4.852E+00  1.198E+01  7.262E-02  1.598E-01  6.374E+02  1.571E-03
6      -- 5        116.2    691.4731    433.5562   23.321  2.611E+00  6.711E+00  2.068E-02  7.262E-02  3.572E+02  1.521E-03
7      -- 6        154.9    806.6518    371.6504   22.714  7.894E-01  3.338E+00  4.341E-03  2.068E-02  1.777E+02  1.201E-03
8      -- 7        199.1    921.7997    325.2252   27.913  1.590E-01  1.402E+00  1.008E-03  4.341E-03  7.461E+01  7.526E-04
9      -- 8        248.9   1036.9124    289.1203   37.077  3.395E-02  5.411E-01  2.945E-04  1.008E-03  2.880E+01  4.135E-04
10     -- 9        304.2   1151.9855    260.2398   44.864  9.408E-03  2.035E-01  9.491E-05  2.945E-04  1.083E+01  2.133E-04
11     -- 10       365.0   1267.0145    236.6133   50.634  2.967E-03  7.531E-02  3.128E-05  9.491E-05  4.008E+00  1.050E-04
12     -- 11       431.3   1381.9951    216.9273   55.946  9.624E-04  2.755E-02  1.039E-05  3.128E-05  1.466E+00  4.985E-05
13     -- 12       503.1   1496.9229    200.2725   61.603  3.142E-04  1.009E-02  3.496E-06  1.039E-05  5.370E-01  2.320E-05
14     -- 13       580.5   1611.7935    185.9993   63.311  1.074E-04  3.441E-03  1.107E-06  3.496E-06  1.832E-01  9.877E-06
15     -- 14       663.4   1726.6025    173.6314   64.580  3.455E-05  1.091E-03  3.279E-07  1.107E-06  5.805E-02  3.848E-06
16     -- 15       751.7   1841.3455    162.8116   70.789  1.001E-05  3.546E-04  1.002E-07  3.279E-07  1.887E-02  1.517E-06
