* Radex version        : 30nov2011
* Geometry             : Uniform sphere
* Molecular data file  : ./data/co.dat                                                                   
* T(kin)            [K]:  120.000
* Density of H2  [cm-3]:  2.512E+04
* Density of pH2 [cm-3]:  6.280E+03
* Density of oH2 [cm-3]:  1.884E+04
* T(background)     [K]:   13.800
* Column density [cm-2]:  3.876E+19
* Line width     [km/s]:   50.000
Calculation finished in   38 iterations
      LINE         E_UP       FREQ        WAVEL     T_EX      TAU        T_R       POP        POP       FLUX        FLUX
                   (K)        (GHz)       (um)      (K)                  (K)        UP        LOW      (K*km/s) (erg/cm2/s)
1      -- 0          5.5    115.2712   2600.7576  131.538  1.219E+00  8.283E+01  7.730E-02  2.687E-02  4.408E+03  8.696E-05
2      -- 1         16.6    230.5380   1300.4037  112.455  5.315E+00  9.753E+01  1.168E-01  7.730E-02  5.191E+03  8.191E-04
3      -- 2         33.2    345.7960    866.9634  111.889  1.062E+01  9.667E+01  1.409E-01  1.168E-01  5.145E+03  2.740E-03
4      -- 3         55.3    461.0408    650.2515  110.574  1.604E+01  9.431E+01  1.483E-01  1.409E-01  5.019E+03  6.335E-03
5      -- 4         83.0    576.2679    520.2310  108.504  2.032E+01  9.095E+01  1.405E-01  1.483E-01  4.841E+03  1.193E-02
6      -- 5        116.2    691.4731    433.5562  105.201  2.267E+01  8.619E+01  1.211E-01  1.405E-01  4.587E+03  1.953E-02
7      -- 6        154.9    806.6518    371.6504  100.023  2.283E+01  7.942E+01  9.491E-02  1.211E-01  4.227E+03  2.857E-02
8      -- 7        199.1    921.7997    325.2252   92.033  2.101E+01  6.981E+01  6.651E-02  9.491E-02  3.716E+03  3.748E-02
9      -- 8        248.9   1036.9124    289.1203   80.554  1.758E+01  5.683E+01  4.008E-02  6.651E-02  3.025E+03  4.343E-02
10     -- 9        304.2   1151.9855    260.2398   65.664  1.295E+01  4.083E+01  1.909E-02  4.008E-02  2.173E+03  4.278E-02
11     -- 10       365.0   1267.0145    236.6133   49.847  7.571E+00  2.471E+01  6.172E-03  1.909E-02  1.315E+03  3.445E-02
12     -- 11       431.3   1381.9951    216.9273   38.037  2.841E+00  1.272E+01  1.173E-03  6.172E-03  6.771E+02  2.301E-02
13     -- 12       503.1   1496.9229    200.2725   38.822  5.468E-01  5.475E+00  1.991E-04  1.173E-03  2.914E+02  1.259E-02
14     -- 13       580.5   1611.7935    185.9993   51.418  8.495E-02  1.776E+00  4.751E-05  1.991E-04  9.453E+01  5.097E-03
15     -- 14       663.4   1726.6025    173.6314   58.615  1.955E-02  5.117E-01  1.235E-05  4.751E-05  2.723E+01  1.805E-03
16     -- 15       751.7   1841.3455    162.8116   63.111  5.018E-03  1.440E-01  3.242E-06  1.235E-05  7.664E+00  6.162E-04
