* Radex version        : 30nov2011
* Geometry             : Uniform sphere
* Molecular data file  : ./data/co.dat                                                                   
* T(kin)            [K]:  180.000
* Density of H2  [cm-3]:  5.012E+04
* Density of pH2 [cm-3]:  1.253E+04
* Density of oH2 [cm-3]:  3.759E+04
* T(background)     [K]:   13.800
* Column density [cm-2]:  7.733E+19
* Line width     [km/s]:   50.000
Calculation finished in   39 iterations
      LINE         E_UP       FREQ        WAVEL     T_EX      TAU        T_R       POP        POP       FLUX        FLUX
                   (K)        (GHz)       (um)      (K)                  (K)        UP        LOW      (K*km/s) (erg/cm2/s)
1      -- 0          5.5    115.2712   2600.7576  200.871  1.029E+00  1.201E+02  5.028E-02  1.723E-02  6.391E+03  1.261E-04
2      -- 1         16.6    230.5380   1300.4037  172.908  4.563E+00  1.568E+02  7.861E-02  5.028E-02  8.345E+03  1.317E-03
3      -- 2         33.2    345.7960    866.9634  172.313  9.505E+00  1.570E+02  9.995E-02  7.861E-02  8.357E+03  4.450E-03
4      -- 3         55.3    461.0408    650.2515  171.583  1.514E+01  1.552E+02  1.130E-01  9.995E-02  8.260E+03  1.042E-02
5      -- 4         83.0    576.2679    520.2310  170.463  2.055E+01  1.527E+02  1.174E-01  1.130E-01  8.127E+03  2.003E-02
6      -- 5        116.2    691.4731    433.5562  168.847  2.492E+01  1.495E+02  1.140E-01  1.174E-01  7.957E+03  3.388E-02
7      -- 6        154.9    806.6518    371.6504  166.415  2.772E+01  1.453E+02  1.042E-01  1.140E-01  7.734E+03  5.228E-02
8      -- 7        199.1    921.7997    325.2252  162.847  2.869E+01  1.399E+02  9.001E-02  1.042E-01  7.444E+03  7.509E-02
9      -- 8        248.9   1036.9124    289.1203  157.577  2.790E+01  1.326E+02  7.336E-02  9.001E-02  7.058E+03  1.013E-01
10     -- 9        304.2   1151.9855    260.2398  149.626  2.567E+01  1.227E+02  5.603E-02  7.336E-02  6.528E+03  1.285E-01
11     -- 10       365.0   1267.0145    236.6133  138.581  2.235E+01  1.096E+02  3.957E-02  5.603E-02  5.836E+03  1.529E-01
12     -- 11       431.3   1381.9951    216.9273  123.318  1.832E+01  9.257E+01  2.512E-02  3.957E-02  4.927E+03  1.675E-01
13     -- 12       503.1   1496.9229    200.2725  103.922  1.383E+01  7.171E+01  1.359E-02  2.512E-02  3.817E+03  1.649E-01
14     -- 13       580.5   1611.7935    185.9993   81.845  9.093E+00  4.888E+01  5.673E-03  1.359E-02  2.602E+03  1.403E-01
15     -- 14       663.4   1726.6025    173.6314   61.905  4.541E+00  2.893E+01  1.590E-03  5.673E-03  1.540E+03  1.021E-01
16     -- 15       751.7   1841.3455    162.8116   53.364  1.384E+00  1.552E+01  3.231E-04  1.590E-03  8.258E+02  6.640E-02
