* Radex version        : 30nov2011
* Geometry             : Uniform sphere
* Molecular data file  : ./data/co.dat                                                                   
* T(kin)            [K]:  150.000
* Density of H2  [cm-3]:  1.995E+03
* Density of pH2 [cm-3]:  4.988E+02
* Density of oH2 [cm-3]:  1.496E+03
* T(background)     [K]:   13.800
* Column density [cm-2]:  3.079E+18
* Line width     [km/s]:   50.000
Calculation finished in   31 iterations
      LINE         E_UP       FREQ        WAVEL     T_EX      TAU        T_R       POP        POP       FLUX        FLUX
                   (K)        (GHz)       (um)      (K)                  (K)        UP        LOW      (K*km/s) (erg/cm2/s)
1      -- 0          5.5    115.2712   2600.7576  3.113E+03  9.968E-03  3.074E+01  1.922E-01  6.417E-02  1.636E+03  3.227E-05
2      -- 1         16.6    230.5380   1300.4037   48.906  2.268E+00  3.100E+01  2.554E-01  1.922E-01  1.650E+03  2.604E-04
3      -- 2         33.2    345.7960    866.9634   40.172  4.532E+00  2.504E+01  2.366E-01  2.554E-01  1.333E+03  7.098E-04
4      -- 3         55.3    461.0408    650.2515   33.589  5.689E+00  1.810E+01  1.574E-01  2.366E-01  9.632E+02  1.216E-03
5      -- 4         83.0    576.2679    520.2310   27.278  4.851E+00  1.135E+01  6.981E-02  1.574E-01  6.041E+02  1.489E-03
6      -- 5        116.2    691.4731    433.5562   22.785  2.536E+00  6.253E+00  1.923E-02  6.981E-02  3.328E+02  1.417E-03
7      -- 6        154.9    806.6518    371.6504   22.322  7.386E-01  3.032E+00  3.916E-03  1.923E-02  1.614E+02  1.091E-03
8      -- 7        199.1    921.7997    325.2252   27.465  1.444E-01  1.233E+00  8.865E-04  3.916E-03  6.564E+01  6.621E-04
9      -- 8        248.9   1036.9124    289.1203   36.286  3.015E-02  4.612E-01  2.514E-04  8.865E-04  2.455E+01  3.525E-04
10     -- 9        304.2   1151.9855    260.2398   43.677  8.142E-03  1.678E-01  7.836E-05  2.514E-04  8.929E+00  1.758E-04
11     -- 10       365.0   1267.0145    236.6133   49.109  2.488E-03  5.982E-02  2.488E-05  7.836E-05  3.184E+00  8.340E-05
12     -- 11       431.3   1381.9951    216.9273   54.123  7.787E-04  2.104E-02  7.941E-06  2.488E-05  1.120E+00  3.806E-05
13     -- 12       503.1   1496.9229    200.2725   59.535  2.445E-04  7.400E-03  2.566E-06  7.941E-06  3.938E-01  1.701E-05
14     -- 13       580.5   1611.7935    185.9993   61.217  8.020E-05  2.421E-03  7.789E-07  2.566E-06  1.289E-01  6.949E-06
15     -- 14       663.4   1726.6025    173.6314   62.356  2.474E-05  7.331E-04  2.205E-07  7.789E-07  3.902E-02  2.587E-06
16     -- 15       751.7   1841.3455    162.8116   68.214  6.856E-06  2.274E-04  6.425E-08  2.205E-07  1.210E-02  9.731E-07
