* Radex version        : 30nov2011
* Geometry             : Uniform sphere
* Molecular data file  : ./data/co.dat                                                                   
* T(kin)            [K]:  150.000
* Density of H2  [cm-3]:  1.585E+06
* Density of pH2 [cm-3]:  3.962E+05
* Density of oH2 [cm-3]:  1.189E+06
* T(background)     [K]:   13.800
* Column density [cm-2]:  2.445E+21
* Line width     [km/s]:   50.000
Calculation finished in   32 iterations
      LINE         E_UP       FREQ        WAVEL     T_EX      TAU        T_R       POP        POP       FLUX        FLUX
                   (K)        (GHz)       (um)      (K)                  (K)        UP        LOW      (K*km/s) (erg/cm2/s)
1      -- 0          5.5    115.2712   2600.7576  149.995  4.612E+01  1.360E+02  5.299E-02  1.833E-02  7.240E+03  1.428E-04
2      -- 1         16.6    230.5380   1300.4037  149.995  1.745E+02  1.355E+02  8.204E-02  5.299E-02  7.214E+03  1.138E-03
3      -- 2         33.2    345.7960    866.9634  149.995  3.578E+02  1.347E+02  1.028E-01  8.204E-02  7.171E+03  3.818E-03
4      -- 3         55.3    461.0408    650.2515  149.994  5.583E+02  1.336E+02  1.141E-01  1.028E-01  7.112E+03  8.976E-03
5      -- 4         83.0    576.2679    520.2310  149.993  7.378E+02  1.323E+02  1.159E-01  1.141E-01  7.041E+03  1.735E-02
6      -- 5        116.2    691.4731    433.5562  149.992  8.659E+02  1.307E+02  1.098E-01  1.159E-01  6.957E+03  2.962E-02
7      -- 6        154.9    806.6518    371.6504  149.989  9.258E+02  1.290E+02  9.789E-02  1.098E-01  6.865E+03  4.640E-02
8      -- 7        199.1    921.7997    325.2252  149.986  9.150E+02  1.271E+02  8.261E-02  9.789E-02  6.764E+03  6.823E-02
9      -- 8        248.9   1036.9124    289.1203  149.981  8.443E+02  1.251E+02  6.626E-02  8.261E-02  6.658E+03  9.559E-02
10     -- 9        304.2   1151.9855    260.2398  149.972  7.319E+02  1.230E+02  5.065E-02  6.626E-02  6.547E+03  1.289E-01
11     -- 10       365.0   1267.0145    236.6133  149.960  5.997E+02  1.209E+02  3.698E-02  5.065E-02  6.432E+03  1.685E-01
12     -- 11       431.3   1381.9951    216.9273  149.939  4.653E+02  1.187E+02  2.583E-02  3.698E-02  6.316E+03  2.147E-01
13     -- 12       503.1   1496.9229    200.2725  149.904  3.431E+02  1.164E+02  1.727E-02  2.583E-02  6.198E+03  2.677E-01
14     -- 13       580.5   1611.7935    185.9993  149.838  2.411E+02  1.142E+02  1.107E-02  1.727E-02  6.078E+03  3.277E-01
15     -- 14       663.4   1726.6025    173.6314  149.723  1.615E+02  1.119E+02  6.805E-03  1.107E-02  5.955E+03  3.948E-01
16     -- 15       751.7   1841.3455    162.8116  149.493  1.033E+02  1.095E+02  4.011E-03  6.805E-03  5.828E+03  4.685E-01
