* Radex version        : 30nov2011
* Geometry             : Uniform sphere
* Molecular data file  : ./data/co.dat                                                                   
* T(kin)            [K]:  190.000
* Density of H2  [cm-3]:  2.512E+02
* Density of pH2 [cm-3]:  6.280E+01
* Density of oH2 [cm-3]:  1.884E+02
* T(background)     [K]:   13.800
* Column density [cm-2]:  3.876E+17
* Line width     [km/s]:   50.000
Calculation finished in   23 iterations
      LINE         E_UP       FREQ        WAVEL     T_EX      TAU        T_R       POP        POP       FLUX        FLUX
                   (K)        (GHz)       (um)      (K)                  (K)        UP        LOW      (K*km/s) (erg/cm2/s)
1      -- 0          5.5    115.2712   2600.7576   24.376  3.256E-01  2.917E+00  3.481E-01  1.456E-01  1.553E+02  3.063E-06
2      -- 1         16.6    230.5380   1300.4037   16.972  1.223E+00  2.144E+00  3.023E-01  3.481E-01  1.141E+02  1.800E-05
3      -- 2         33.2    345.7960    866.9634   15.745  1.300E+00  1.274E+00  1.475E-01  3.023E-01  6.783E+01  3.612E-05
4      -- 3         55.3    461.0408    650.2515   15.349  7.066E-01  6.495E-01  4.486E-02  1.475E-01  3.457E+01  4.363E-05
5      -- 4         83.0    576.2679    520.2310   15.693  2.263E-01  2.880E-01  9.412E-03  4.486E-02  1.533E+01  3.778E-05
6      -- 5        116.2    691.4731    433.5562   17.458  4.774E-02  1.183E-01  1.662E-03  9.412E-03  6.294E+00  2.680E-05
7      -- 6        154.9    806.6518    371.6504   22.514  8.013E-03  4.754E-02  3.436E-04  1.662E-03  2.530E+00  1.710E-05
8      -- 7        199.1    921.7997    325.2252   31.881  1.495E-03  1.920E-02  9.722E-05  3.436E-04  1.022E+00  1.031E-05
9      -- 8        248.9   1036.9124    289.1203   41.079  3.916E-04  7.719E-03  3.235E-05  9.722E-05  4.108E-01  5.899E-06
10     -- 9        304.2   1151.9855    260.2398   48.042  1.256E-04  3.085E-03  1.131E-05  3.235E-05  1.642E-01  3.232E-06
11     -- 10       365.0   1267.0145    236.6133   54.234  4.293E-05  1.230E-03  4.038E-06  1.131E-05  6.545E-02  1.715E-06
12     -- 11       431.3   1381.9951    216.9273   59.598  1.512E-05  4.827E-04  1.442E-06  4.038E-06  2.569E-02  8.733E-07
13     -- 12       503.1   1496.9229    200.2725   66.324  5.276E-06  1.919E-04  5.273E-07  1.442E-06  1.021E-02  4.412E-07
14     -- 13       580.5   1611.7935    185.9993   66.952  1.982E-06  6.990E-05  1.784E-07  5.273E-07  3.720E-03  2.006E-07
15     -- 14       663.4   1726.6025    173.6314   67.807  6.842E-07  2.354E-05  5.618E-08  1.784E-07  1.253E-03  8.306E-08
16     -- 15       751.7   1841.3455    162.8116   75.985  2.082E-07  8.335E-06  1.869E-08  5.618E-08  4.436E-04  3.567E-08
