* Radex version        : 30nov2011
* Geometry             : Uniform sphere
* Molecular data file  : ./data/co.dat                                                                   
* T(kin)            [K]:  130.000
* Density of H2  [cm-3]:  1.585E+02
* Density of pH2 [cm-3]:  3.962E+01
* Density of oH2 [cm-3]:  1.189E+02
* T(background)     [K]:   13.800
* Column density [cm-2]:  2.445E+17
* Line width     [km/s]:   50.000
Calculation finished in   19 iterations
      LINE         E_UP       FREQ        WAVEL     T_EX      TAU        T_R       POP        POP       FLUX        FLUX
                   (K)        (GHz)       (um)      (K)                  (K)        UP        LOW      (K*km/s) (erg/cm2/s)
1      -- 0          5.5    115.2712   2600.7576   18.208  2.997E-01  1.130E+00  3.644E-01  1.646E-01  6.015E+01  1.186E-06
2      -- 1         16.6    230.5380   1300.4037   15.209  8.721E-01  7.814E-01  2.935E-01  3.644E-01  4.159E+01  6.563E-06
3      -- 2         33.2    345.7960    866.9634   14.656  8.282E-01  4.307E-01  1.324E-01  2.935E-01  2.292E+01  1.221E-05
4      -- 3         55.3    461.0408    650.2515   14.513  4.100E-01  1.963E-01  3.706E-02  1.324E-01  1.045E+01  1.318E-05
5      -- 4         83.0    576.2679    520.2310   14.708  1.206E-01  7.607E-02  6.908E-03  3.706E-02  4.049E+00  9.979E-06
6      -- 5        116.2    691.4731    433.5562   15.595  2.290E-02  2.699E-02  9.723E-04  6.908E-03  1.437E+00  6.117E-06
7      -- 6        154.9    806.6518    371.6504   18.488  3.159E-03  9.294E-03  1.382E-04  9.723E-04  4.947E-01  3.344E-06
8      -- 7        199.1    921.7997    325.2252   25.487  4.166E-04  3.165E-03  2.761E-05  1.382E-04  1.684E-01  1.699E-06
9      -- 8        248.9   1036.9124    289.1203   34.269  7.654E-05  1.058E-03  7.223E-06  2.761E-05  5.629E-02  8.083E-07
10     -- 9        304.2   1151.9855    260.2398   40.482  1.927E-05  3.453E-04  2.037E-06  7.223E-06  1.838E-02  3.619E-07
11     -- 10       365.0   1267.0145    236.6133   45.257  5.348E-06  1.108E-04  5.821E-07  2.037E-06  5.896E-03  1.544E-07
12     -- 11       431.3   1381.9951    216.9273   49.399  1.514E-06  3.466E-05  1.652E-07  5.821E-07  1.845E-03  6.271E-08
13     -- 12       503.1   1496.9229    200.2725   55.212  4.196E-07  1.111E-05  4.858E-08  1.652E-07  5.913E-04  2.554E-08
14     -- 13       580.5   1611.7935    185.9993   55.910  1.260E-07  3.224E-06  1.308E-08  4.858E-08  1.716E-04  9.254E-09
15     -- 14       663.4   1726.6025    173.6314   56.039  3.465E-08  8.406E-07  3.187E-09  1.308E-08  4.474E-05  2.966E-09
16     -- 15       751.7   1841.3455    162.8116   62.389  8.212E-09  2.312E-07  8.230E-10  3.187E-09  1.231E-05  9.894E-10
