* Radex version        : 30nov2011
* Geometry             : Uniform sphere
* Molecular data file  : ./data/co.dat                                                                   
* T(kin)            [K]:  130.000
* Density of H2  [cm-3]:  1.000E+06
* Density of pH2 [cm-3]:  2.500E+05
* Density of oH2 [cm-3]:  7.500E+05
* T(background)     [K]:   13.800
* Column density [cm-2]:  1.543E+21
* Line width     [km/s]:   50.000
Calculation finished in   34 iterations
      LINE         E_UP       FREQ        WAVEL     T_EX      TAU        T_R       POP        POP       FLUX        FLUX
                   (K)        (GHz)       (um)      (K)                  (K)        UP        LOW      (K*km/s) (erg/cm2/s)
1      -- 0          5.5    115.2712   2600.7576  129.992  3.861E+01  1.160E+02  6.076E-02  2.113E-02  6.176E+03  1.218E-04
2      -- 1         16.6    230.5380   1300.4037  129.992  1.448E+02  1.155E+02  9.300E-02  6.076E-02  6.150E+03  9.703E-04
3      -- 2         33.2    345.7960    866.9634  129.991  2.929E+02  1.147E+02  1.146E-01  9.300E-02  6.107E+03  3.252E-03
4      -- 3         55.3    461.0408    650.2515  129.990  4.480E+02  1.137E+02  1.243E-01  1.146E-01  6.050E+03  7.635E-03
5      -- 4         83.0    576.2679    520.2310  129.988  5.772E+02  1.123E+02  1.228E-01  1.243E-01  5.979E+03  1.474E-02
6      -- 5        116.2    691.4731    433.5562  129.985  6.568E+02  1.108E+02  1.124E-01  1.228E-01  5.898E+03  2.511E-02
7      -- 6        154.9    806.6518    371.6504  129.981  6.769E+02  1.091E+02  9.629E-02  1.124E-01  5.806E+03  3.925E-02
8      -- 7        199.1    921.7997    325.2252  129.973  6.414E+02  1.072E+02  7.765E-02  9.629E-02  5.708E+03  5.757E-02
9      -- 8        248.9   1036.9124    289.1203  129.962  5.641E+02  1.053E+02  5.917E-02  7.765E-02  5.603E+03  8.045E-02
10     -- 9        304.2   1151.9855    260.2398  129.942  4.635E+02  1.032E+02  4.274E-02  5.917E-02  5.494E+03  1.082E-01
11     -- 10       365.0   1267.0145    236.6133  129.910  3.580E+02  1.011E+02  2.931E-02  4.274E-02  5.382E+03  1.410E-01
12     -- 11       431.3   1381.9951    216.9273  129.855  2.603E+02  9.896E+01  1.912E-02  2.931E-02  5.267E+03  1.790E-01
13     -- 12       503.1   1496.9229    200.2725  129.756  1.789E+02  9.674E+01  1.187E-02  1.912E-02  5.149E+03  2.224E-01
14     -- 13       580.5   1611.7935    185.9993  129.555  1.165E+02  9.442E+01  7.017E-03  1.187E-02  5.025E+03  2.710E-01
15     -- 14       663.4   1726.6025    173.6314  129.158  7.193E+01  9.192E+01  3.949E-03  7.017E-03  4.893E+03  3.243E-01
16     -- 15       751.7   1841.3455    162.8116  128.271  4.220E+01  8.897E+01  2.111E-03  3.949E-03  4.736E+03  3.807E-01
