* Radex version        : 30nov2011
* Geometry             : Uniform sphere
* Molecular data file  : ./data/co.dat                                                                   
* T(kin)            [K]:  130.000
* Density of H2  [cm-3]:  1.995E+06
* Density of pH2 [cm-3]:  4.988E+05
* Density of oH2 [cm-3]:  1.496E+06
* T(background)     [K]:   13.800
* Column density [cm-2]:  3.079E+21
* Line width     [km/s]:   50.000
Calculation finished in   31 iterations
      LINE         E_UP       FREQ        WAVEL     T_EX      TAU        T_R       POP        POP       FLUX        FLUX
                   (K)        (GHz)       (um)      (K)                  (K)        UP        LOW      (K*km/s) (erg/cm2/s)
1      -- 0          5.5    115.2712   2600.7576  129.998  7.700E+01  1.160E+02  6.073E-02  2.112E-02  6.176E+03  1.218E-04
2      -- 1         16.6    230.5380   1300.4037  129.998  2.888E+02  1.155E+02  9.296E-02  6.073E-02  6.150E+03  9.704E-04
3      -- 2         33.2    345.7960    866.9634  129.998  5.841E+02  1.147E+02  1.145E-01  9.296E-02  6.108E+03  3.252E-03
4      -- 3         55.3    461.0408    650.2515  129.998  8.935E+02  1.137E+02  1.242E-01  1.145E-01  6.050E+03  7.636E-03
5      -- 4         83.0    576.2679    520.2310  129.997  1.151E+03  1.124E+02  1.227E-01  1.242E-01  5.980E+03  1.474E-02
6      -- 5        116.2    691.4731    433.5562  129.996  1.310E+03  1.108E+02  1.124E-01  1.227E-01  5.898E+03  2.511E-02
7      -- 6        154.9    806.6518    371.6504  129.995  1.350E+03  1.091E+02  9.626E-02  1.124E-01  5.807E+03  3.925E-02
8      -- 7        199.1    921.7997    325.2252  129.993  1.279E+03  1.073E+02  7.763E-02  9.626E-02  5.709E+03  5.759E-02
9      -- 8        248.9   1036.9124    289.1203  129.991  1.125E+03  1.053E+02  5.917E-02  7.763E-02  5.605E+03  8.047E-02
10     -- 9        304.2   1151.9855    260.2398  129.985  9.245E+02  1.033E+02  4.274E-02  5.917E-02  5.497E+03  1.082E-01
11     -- 10       365.0   1267.0145    236.6133  129.977  7.140E+02  1.012E+02  2.932E-02  4.274E-02  5.386E+03  1.411E-01
12     -- 11       431.3   1381.9951    216.9273  129.963  5.192E+02  9.906E+01  1.913E-02  2.932E-02  5.273E+03  1.792E-01
13     -- 12       503.1   1496.9229    200.2725  129.939  3.569E+02  9.692E+01  1.189E-02  1.913E-02  5.158E+03  2.228E-01
14     -- 13       580.5   1611.7935    185.9993  129.889  2.324E+02  9.474E+01  7.038E-03  1.189E-02  5.043E+03  2.719E-01
15     -- 14       663.4   1726.6025    173.6314  129.790  1.434E+02  9.253E+01  3.973E-03  7.038E-03  4.925E+03  3.265E-01
16     -- 15       751.7   1841.3455    162.8116  129.582  8.411E+01  9.023E+01  2.138E-03  3.973E-03  4.803E+03  3.861E-01
