* Radex version        : 30nov2011
* Geometry             : Uniform sphere
* Molecular data file  : ./data/co.dat                                                                   
* T(kin)            [K]:  170.000
* Density of H2  [cm-3]:  1.259E+06
* Density of pH2 [cm-3]:  3.147E+05
* Density of oH2 [cm-3]:  9.442E+05
* T(background)     [K]:   13.800
* Column density [cm-2]:  1.943E+21
* Line width     [km/s]:   50.000
Calculation finished in   34 iterations
      LINE         E_UP       FREQ        WAVEL     T_EX      TAU        T_R       POP        POP       FLUX        FLUX
                   (K)        (GHz)       (um)      (K)                  (K)        UP        LOW      (K*km/s) (erg/cm2/s)
1      -- 0          5.5    115.2712   2600.7576  169.989  2.861E+01  1.560E+02  4.701E-02  1.619E-02  8.304E+03  1.638E-04
2      -- 1         16.6    230.5380   1300.4037  169.988  1.089E+02  1.555E+02  7.341E-02  4.701E-02  8.277E+03  1.306E-03
3      -- 2         33.2    345.7960    866.9634  169.987  2.259E+02  1.547E+02  9.321E-02  7.341E-02  8.234E+03  4.385E-03
4      -- 3         55.3    461.0408    650.2515  169.986  3.577E+02  1.536E+02  1.052E-01  9.321E-02  8.175E+03  1.032E-02
5      -- 4         83.0    576.2679    520.2310  169.984  4.820E+02  1.522E+02  1.093E-01  1.052E-01  8.102E+03  1.997E-02
6      -- 5        116.2    691.4731    433.5562  169.981  5.793E+02  1.506E+02  1.062E-01  1.093E-01  8.018E+03  3.414E-02
7      -- 6        154.9    806.6518    371.6504  169.977  6.370E+02  1.489E+02  9.762E-02  1.062E-01  7.923E+03  5.356E-02
8      -- 7        199.1    921.7997    325.2252  169.971  6.502E+02  1.469E+02  8.529E-02  9.762E-02  7.821E+03  7.889E-02
9      -- 8        248.9   1036.9124    289.1203  169.962  6.224E+02  1.449E+02  7.113E-02  8.529E-02  7.712E+03  1.107E-01
10     -- 9        304.2   1151.9855    260.2398  169.947  5.621E+02  1.428E+02  5.678E-02  7.113E-02  7.599E+03  1.496E-01
11     -- 10       365.0   1267.0145    236.6133  169.927  4.819E+02  1.406E+02  4.348E-02  5.678E-02  7.482E+03  1.960E-01
12     -- 11       431.3   1381.9951    216.9273  169.894  3.929E+02  1.383E+02  3.199E-02  4.348E-02  7.363E+03  2.503E-01
13     -- 12       503.1   1496.9229    200.2725  169.843  3.058E+02  1.361E+02  2.263E-02  3.199E-02  7.241E+03  3.128E-01
14     -- 13       580.5   1611.7935    185.9993  169.750  2.277E+02  1.337E+02  1.541E-02  2.263E-02  7.117E+03  3.838E-01
15     -- 14       663.4   1726.6025    173.6314  169.598  1.623E+02  1.313E+02  1.011E-02  1.541E-02  6.990E+03  4.633E-01
16     -- 15       751.7   1841.3455    162.8116  169.314  1.110E+02  1.288E+02  6.384E-03  1.011E-02  6.856E+03  5.512E-01
