* Radex version        : 30nov2011
* Geometry             : Uniform sphere
* Molecular data file  : ./data/co.dat                                                                   
* T(kin)            [K]:  115.000
* Density of H2  [cm-3]:  1.259E+05
* Density of pH2 [cm-3]:  3.147E+04
* Density of oH2 [cm-3]:  9.442E+04
* T(background)     [K]:   13.800
* Column density [cm-2]:  1.943E+20
* Line width     [km/s]:   50.000
Calculation finished in   38 iterations
      LINE         E_UP       FREQ        WAVEL     T_EX      TAU        T_R       POP        POP       FLUX        FLUX
                   (K)        (GHz)       (um)      (K)                  (K)        UP        LOW      (K*km/s) (erg/cm2/s)
1      -- 0          5.5    115.2712   2600.7576  114.790  6.288E+00  1.006E+02  6.921E-02  2.421E-02  5.357E+03  1.057E-04
2      -- 1         16.6    230.5380   1300.4037  114.654  2.341E+01  1.002E+02  1.047E-01  6.921E-02  5.334E+03  8.416E-04
3      -- 2         33.2    345.7960    866.9634  114.635  4.670E+01  9.941E+01  1.269E-01  1.047E-01  5.291E+03  2.818E-03
4      -- 3         55.3    461.0408    650.2515  114.575  7.006E+01  9.829E+01  1.345E-01  1.269E-01  5.232E+03  6.603E-03
5      -- 4         83.0    576.2679    520.2310  114.481  8.806E+01  9.690E+01  1.291E-01  1.345E-01  5.158E+03  1.271E-02
6      -- 5        116.2    691.4731    433.5562  114.329  9.720E+01  9.524E+01  1.141E-01  1.291E-01  5.069E+03  2.158E-02
7      -- 6        154.9    806.6518    371.6504  114.093  9.665E+01  9.334E+01  9.379E-02  1.141E-01  4.968E+03  3.358E-02
8      -- 7        199.1    921.7997    325.2252  113.693  8.787E+01  9.114E+01  7.203E-02  9.379E-02  4.851E+03  4.893E-02
9      -- 8        248.9   1036.9124    289.1203  113.036  7.375E+01  8.858E+01  5.183E-02  7.203E-02  4.715E+03  6.770E-02
10     -- 9        304.2   1151.9855    260.2398  111.782  5.756E+01  8.538E+01  3.494E-02  5.183E-02  4.545E+03  8.947E-02
11     -- 10       365.0   1267.0145    236.6133  109.503  4.200E+01  8.115E+01  2.196E-02  3.494E-02  4.319E+03  1.131E-01
12     -- 11       431.3   1381.9951    216.9273  104.901  2.877E+01  7.466E+01  1.268E-02  2.196E-02  3.974E+03  1.351E-01
13     -- 12       503.1   1496.9229    200.2725   95.899  1.853E+01  6.403E+01  6.476E-03  1.268E-02  3.408E+03  1.472E-01
14     -- 13       580.5   1611.7935    185.9993   80.750  1.097E+01  4.787E+01  2.669E-03  6.476E-03  2.548E+03  1.374E-01
15     -- 14       663.4   1726.6025    173.6314   62.081  5.359E+00  2.926E+01  7.509E-04  2.669E-03  1.557E+03  1.032E-01
16     -- 15       751.7   1841.3455    162.8116   49.693  1.686E+00  1.452E+01  1.350E-04  7.509E-04  7.726E+02  6.212E-02
