* Radex version        : 30nov2011
* Geometry             : Uniform sphere
* Molecular data file  : ./data/co.dat                                                                   
* T(kin)            [K]:  135.000
* Density of H2  [cm-3]:  7.943E+05
* Density of pH2 [cm-3]:  1.986E+05
* Density of oH2 [cm-3]:  5.957E+05
* T(background)     [K]:   13.800
* Column density [cm-2]:  1.226E+21
* Line width     [km/s]:   50.000
Calculation finished in   35 iterations
      LINE         E_UP       FREQ        WAVEL     T_EX      TAU        T_R       POP        POP       FLUX        FLUX
                   (K)        (GHz)       (um)      (K)                  (K)        UP        LOW      (K*km/s) (erg/cm2/s)
1      -- 0          5.5    115.2712   2600.7576  134.986  2.848E+01  1.210E+02  5.863E-02  2.036E-02  6.441E+03  1.271E-04
2      -- 1         16.6    230.5380   1300.4037  134.986  1.071E+02  1.205E+02  9.003E-02  5.863E-02  6.415E+03  1.012E-03
3      -- 2         33.2    345.7960    866.9634  134.985  2.174E+02  1.197E+02  1.115E-01  9.003E-02  6.373E+03  3.394E-03
4      -- 3         55.3    461.0408    650.2515  134.982  3.344E+02  1.186E+02  1.216E-01  1.115E-01  6.315E+03  7.970E-03
5      -- 4         83.0    576.2679    520.2310  134.979  4.338E+02  1.173E+02  1.211E-01  1.216E-01  6.244E+03  1.539E-02
6      -- 5        116.2    691.4731    433.5562  134.974  4.979E+02  1.158E+02  1.119E-01  1.211E-01  6.162E+03  2.624E-02
7      -- 6        154.9    806.6518    371.6504  134.967  5.184E+02  1.140E+02  9.696E-02  1.119E-01  6.070E+03  4.103E-02
8      -- 7        199.1    921.7997    325.2252  134.955  4.970E+02  1.122E+02  7.917E-02  9.696E-02  5.970E+03  6.022E-02
9      -- 8        248.9   1036.9124    289.1203  134.936  4.430E+02  1.102E+02  6.120E-02  7.917E-02  5.865E+03  8.421E-02
10     -- 9        304.2   1151.9855    260.2398  134.904  3.694E+02  1.081E+02  4.490E-02  6.120E-02  5.755E+03  1.133E-01
11     -- 10       365.0   1267.0145    236.6133  134.854  2.900E+02  1.060E+02  3.132E-02  4.490E-02  5.641E+03  1.478E-01
12     -- 11       431.3   1381.9951    216.9273  134.768  2.148E+02  1.038E+02  2.081E-02  3.132E-02  5.523E+03  1.877E-01
13     -- 12       503.1   1496.9229    200.2725  134.618  1.505E+02  1.015E+02  1.318E-02  2.081E-02  5.401E+03  2.333E-01
14     -- 13       580.5   1611.7935    185.9993  134.314  1.001E+02  9.904E+01  7.960E-03  1.318E-02  5.272E+03  2.843E-01
15     -- 14       663.4   1726.6025    173.6314  133.730  6.322E+01  9.634E+01  4.579E-03  7.960E-03  5.128E+03  3.399E-01
16     -- 15       751.7   1841.3455    162.8116  132.431  3.801E+01  9.298E+01  2.501E-03  4.579E-03  4.949E+03  3.979E-01
