* Radex version        : 30nov2011
* Geometry             : Uniform sphere
* Molecular data file  : ./data/co.dat                                                                   
* T(kin)            [K]:  155.000
* Density of H2  [cm-3]:  1.259E+06
* Density of pH2 [cm-3]:  3.147E+05
* Density of oH2 [cm-3]:  9.442E+05
* T(background)     [K]:   13.800
* Column density [cm-2]:  1.943E+21
* Line width     [km/s]:   50.000
Calculation finished in   34 iterations
      LINE         E_UP       FREQ        WAVEL     T_EX      TAU        T_R       POP        POP       FLUX        FLUX
                   (K)        (GHz)       (um)      (K)                  (K)        UP        LOW      (K*km/s) (erg/cm2/s)
1      -- 0          5.5    115.2712   2600.7576  154.991  3.434E+01  1.410E+02  5.136E-02  1.774E-02  7.506E+03  1.481E-04
2      -- 1         16.6    230.5380   1300.4037  154.991  1.301E+02  1.405E+02  7.971E-02  5.136E-02  7.479E+03  1.180E-03
3      -- 2         33.2    345.7960    866.9634  154.991  2.677E+02  1.397E+02  1.003E-01  7.971E-02  7.436E+03  3.960E-03
4      -- 3         55.3    461.0408    650.2515  154.990  4.194E+02  1.386E+02  1.118E-01  1.003E-01  7.378E+03  9.311E-03
5      -- 4         83.0    576.2679    520.2310  154.988  5.573E+02  1.373E+02  1.143E-01  1.118E-01  7.306E+03  1.801E-02
6      -- 5        116.2    691.4731    433.5562  154.985  6.583E+02  1.357E+02  1.090E-01  1.143E-01  7.222E+03  3.075E-02
7      -- 6        154.9    806.6518    371.6504  154.982  7.092E+02  1.339E+02  9.798E-02  1.090E-01  7.129E+03  4.819E-02
8      -- 7        199.1    921.7997    325.2252  154.976  7.072E+02  1.320E+02  8.347E-02  9.798E-02  7.028E+03  7.089E-02
9      -- 8        248.9   1036.9124    289.1203  154.968  6.591E+02  1.300E+02  6.766E-02  8.347E-02  6.921E+03  9.937E-02
10     -- 9        304.2   1151.9855    260.2398  154.954  5.778E+02  1.279E+02  5.234E-02  6.766E-02  6.809E+03  1.341E-01
11     -- 10       365.0   1267.0145    236.6133  154.934  4.794E+02  1.258E+02  3.872E-02  5.234E-02  6.694E+03  1.753E-01
12     -- 11       431.3   1381.9951    216.9273  154.901  3.770E+02  1.236E+02  2.743E-02  3.872E-02  6.576E+03  2.235E-01
13     -- 12       503.1   1496.9229    200.2725  154.847  2.822E+02  1.213E+02  1.863E-02  2.743E-02  6.456E+03  2.789E-01
14     -- 13       580.5   1611.7935    185.9993  154.747  2.014E+02  1.190E+02  1.214E-02  1.863E-02  6.333E+03  3.415E-01
15     -- 14       663.4   1726.6025    173.6314  154.573  1.372E+02  1.166E+02  7.589E-03  1.214E-02  6.207E+03  4.115E-01
16     -- 15       751.7   1841.3455    162.8116  154.233  8.944E+01  1.141E+02  4.555E-03  7.589E-03  6.073E+03  4.883E-01
