* Radex version        : 30nov2011
* Geometry             : Uniform sphere
* Molecular data file  : ./data/co.dat                                                                   
* T(kin)            [K]:  110.000
* Density of H2  [cm-3]:  1.585E+02
* Density of pH2 [cm-3]:  3.962E+01
* Density of oH2 [cm-3]:  1.189E+02
* T(background)     [K]:   13.800
* Column density [cm-2]:  2.445E+17
* Line width     [km/s]:   50.000
Calculation finished in   18 iterations
      LINE         E_UP       FREQ        WAVEL     T_EX      TAU        T_R       POP        POP       FLUX        FLUX
                   (K)        (GHz)       (um)      (K)                  (K)        UP        LOW      (K*km/s) (erg/cm2/s)
1      -- 0          5.5    115.2712   2600.7576   17.751  3.098E-01  1.042E+00  3.657E-01  1.665E-01  5.544E+01  1.094E-06
2      -- 1         16.6    230.5380   1300.4037   15.078  8.804E-01  7.124E-01  2.926E-01  3.657E-01  3.792E+01  5.983E-06
3      -- 2         33.2    345.7960    866.9634   14.567  8.286E-01  3.859E-01  1.311E-01  2.926E-01  2.054E+01  1.094E-05
4      -- 3         55.3    461.0408    650.2515   14.424  4.071E-01  1.706E-01  3.636E-02  1.311E-01  9.082E+00  1.146E-05
5      -- 4         83.0    576.2679    520.2310   14.567  1.187E-01  6.311E-02  6.655E-03  3.636E-02  3.359E+00  8.278E-06
6      -- 5        116.2    691.4731    433.5562   15.254  2.220E-02  2.101E-02  8.931E-04  6.655E-03  1.118E+00  4.762E-06
7      -- 6        154.9    806.6518    371.6504   17.518  2.946E-03  6.701E-03  1.131E-04  8.931E-04  3.567E-01  2.411E-06
8      -- 7        199.1    921.7997    325.2252   23.337  3.515E-04  2.092E-03  1.925E-05  1.131E-04  1.113E-01  1.123E-06
9      -- 8        248.9   1036.9124    289.1203   31.432  5.536E-05  6.348E-04  4.416E-06  1.925E-05  3.379E-02  4.851E-07
10     -- 9        304.2   1151.9855    260.2398   37.300  1.223E-05  1.862E-04  1.109E-06  4.416E-06  9.908E-03  1.951E-07
11     -- 10       365.0   1267.0145    236.6133   41.551  3.026E-06  5.314E-05  2.810E-07  1.109E-06  2.828E-03  7.409E-08
12     -- 11       431.3   1381.9951    216.9273   45.258  7.606E-07  1.474E-05  7.055E-08  2.810E-07  7.843E-04  2.666E-08
13     -- 12       503.1   1496.9229    200.2725   50.663  1.866E-07  4.209E-06  1.845E-08  7.055E-08  2.240E-04  9.678E-09
14     -- 13       580.5   1611.7935    185.9993   51.370  4.970E-08  1.082E-06  4.397E-09  1.845E-08  5.758E-05  3.105E-09
15     -- 14       663.4   1726.6025    173.6314   51.082  1.211E-08  2.444E-07  9.282E-10  4.397E-09  1.301E-05  8.622E-10
16     -- 15       751.7   1841.3455    162.8116   56.858  2.490E-09  5.860E-08  2.088E-10  9.282E-10  3.119E-06  2.508E-10
