* Radex version        : 30nov2011
* Geometry             : Uniform sphere
* Molecular data file  : ./data/co.dat                                                                   
* T(kin)            [K]:  180.000
* Density of H2  [cm-3]:  1.995E+04
* Density of pH2 [cm-3]:  4.988E+03
* Density of oH2 [cm-3]:  1.496E+04
* T(background)     [K]:   13.800
* Column density [cm-2]:  3.079E+19
* Line width     [km/s]:   50.000
Calculation finished in   38 iterations
      LINE         E_UP       FREQ        WAVEL     T_EX      TAU        T_R       POP        POP       FLUX        FLUX
                   (K)        (GHz)       (um)      (K)                  (K)        UP        LOW      (K*km/s) (erg/cm2/s)
1      -- 0          5.5    115.2712   2600.7576  381.855  2.680E-01  8.648E+01  6.297E-02  2.130E-02  4.603E+03  9.080E-05
2      -- 1         16.6    230.5380   1300.4037  160.403  2.447E+00  1.333E+02  9.796E-02  6.297E-02  7.095E+03  1.119E-03
3      -- 2         33.2    345.7960    866.9634  150.157  5.374E+00  1.343E+02  1.228E-01  9.796E-02  7.146E+03  3.805E-03
4      -- 3         55.3    461.0408    650.2515  146.321  8.589E+00  1.299E+02  1.357E-01  1.228E-01  6.916E+03  8.728E-03
5      -- 4         83.0    576.2679    520.2310  141.697  1.164E+01  1.240E+02  1.365E-01  1.357E-01  6.600E+03  1.627E-02
6      -- 5        116.2    691.4731    433.5562  135.319  1.406E+01  1.161E+02  1.262E-01  1.365E-01  6.180E+03  2.631E-02
7      -- 6        154.9    806.6518    371.6504  126.486  1.552E+01  1.056E+02  1.072E-01  1.262E-01  5.622E+03  3.800E-02
8      -- 7        199.1    921.7997    325.2252  114.813  1.579E+01  9.224E+01  8.266E-02  1.072E-01  4.910E+03  4.952E-02
9      -- 8        248.9   1036.9124    289.1203  100.088  1.476E+01  7.587E+01  5.619E-02  8.266E-02  4.038E+03  5.798E-02
10     -- 9        304.2   1151.9855    260.2398   82.758  1.235E+01  5.714E+01  3.184E-02  5.619E-02  3.042E+03  5.988E-02
11     -- 10       365.0   1267.0145    236.6133   64.817  8.666E+00  3.834E+01  1.365E-02  3.184E-02  2.041E+03  5.346E-02
12     -- 11       431.3   1381.9951    216.9273   49.490  4.464E+00  2.271E+01  3.884E-03  1.365E-02  1.209E+03  4.109E-02
13     -- 12       503.1   1496.9229    200.2725   43.502  1.379E+00  1.246E+01  8.044E-04  3.884E-03  6.630E+02  2.864E-02
14     -- 13       580.5   1611.7935    185.9993   53.963  2.669E-01  5.608E+00  2.060E-04  8.044E-04  2.985E+02  1.609E-02
15     -- 14       663.4   1726.6025    173.6314   69.664  6.191E-02  2.164E+00  6.704E-05  2.060E-04  1.152E+02  7.637E-03
16     -- 15       751.7   1841.3455    162.8116   78.409  1.941E-02  8.113E-01  2.312E-05  6.704E-05  4.318E+01  3.472E-03
