* Radex version        : 30nov2011
* Geometry             : Uniform sphere
* Molecular data file  : ./data/co.dat                                                                   
* T(kin)            [K]:  140.000
* Density of H2  [cm-3]:  1.259E+02
* Density of pH2 [cm-3]:  3.147E+01
* Density of oH2 [cm-3]:  9.442E+01
* T(background)     [K]:   13.800
* Column density [cm-2]:  1.943E+17
* Line width     [km/s]:   50.000
Calculation finished in   17 iterations
      LINE         E_UP       FREQ        WAVEL     T_EX      TAU        T_R       POP        POP       FLUX        FLUX
                   (K)        (GHz)       (um)      (K)                  (K)        UP        LOW      (K*km/s) (erg/cm2/s)
1      -- 0          5.5    115.2712   2600.7576   17.298  2.546E-01  7.778E-01  3.671E-01  1.685E-01  4.140E+01  8.166E-07
2      -- 1         16.6    230.5380   1300.4037   14.909  7.073E-01  5.350E-01  2.913E-01  3.671E-01  2.848E+01  4.494E-06
3      -- 2         33.2    345.7960    866.9634   14.481  6.572E-01  2.929E-01  1.296E-01  2.913E-01  1.559E+01  8.301E-06
4      -- 3         55.3    461.0408    650.2515   14.393  3.200E-01  1.329E-01  3.583E-02  1.296E-01  7.071E+00  8.925E-06
5      -- 4         83.0    576.2679    520.2310   14.595  9.289E-02  5.187E-02  6.583E-03  3.583E-02  2.761E+00  6.804E-06
6      -- 5        116.2    691.4731    433.5562   15.449  1.738E-02  1.880E-02  9.080E-04  6.583E-03  1.001E+00  4.261E-06
7      -- 6        154.9    806.6518    371.6504   18.339  2.349E-03  6.670E-03  1.269E-04  9.080E-04  3.550E-01  2.400E-06
8      -- 7        199.1    921.7997    325.2252   25.696  3.029E-04  2.351E-03  2.571E-05  1.269E-04  1.251E-01  1.262E-06
9      -- 8        248.9   1036.9124    289.1203   35.177  5.596E-05  8.162E-04  6.983E-06  2.571E-05  4.344E-02  6.237E-07
10     -- 9        304.2   1151.9855    260.2398   41.812  1.458E-05  2.779E-04  2.057E-06  6.983E-06  1.479E-02  2.912E-07
11     -- 10       365.0   1267.0145    236.6133   46.864  4.218E-06  9.324E-05  6.155E-07  2.057E-06  4.963E-03  1.300E-07
12     -- 11       431.3   1381.9951    216.9273   51.180  1.250E-06  3.055E-05  1.831E-07  6.155E-07  1.626E-03  5.527E-08
13     -- 12       503.1   1496.9229    200.2725   57.182  3.630E-07  1.023E-05  5.629E-08  1.831E-07  5.447E-04  2.353E-08
14     -- 13       580.5   1611.7935    185.9993   57.866  1.141E-07  3.112E-06  1.588E-08  5.629E-08  1.656E-04  8.932E-09
15     -- 14       663.4   1726.6025    173.6314   58.165  3.287E-08  8.563E-07  4.085E-09  1.588E-08  4.558E-05  3.021E-09
16     -- 15       751.7   1841.3455    162.8116   64.792  8.216E-09  2.482E-07  1.112E-09  4.085E-09  1.321E-05  1.062E-09
