* Radex version        : 30nov2011
* Geometry             : Uniform sphere
* Molecular data file  : ./data/co.dat                                                                   
* T(kin)            [K]:  160.000
* Density of H2  [cm-3]:  7.943E+03
* Density of pH2 [cm-3]:  1.986E+03
* Density of oH2 [cm-3]:  5.957E+03
* T(background)     [K]:   13.800
* Column density [cm-2]:  1.226E+19
* Line width     [km/s]:   50.000
Calculation finished in   35 iterations
      LINE         E_UP       FREQ        WAVEL     T_EX      TAU        T_R       POP        POP       FLUX        FLUX
                   (K)        (GHz)       (um)      (K)                  (K)        UP        LOW      (K*km/s) (erg/cm2/s)
1      -- 0          5.5    115.2712   2600.7576 -2.171E+03 -2.849E-02  6.315E+01  9.643E-02  3.206E-02  3.361E+03  6.630E-05
2      -- 1         16.6    230.5380   1300.4037  114.111  2.068E+00  8.706E+01  1.459E-01  9.643E-02  4.634E+03  7.312E-04
3      -- 2         33.2    345.7960    866.9634   99.194  4.690E+00  8.323E+01  1.727E-01  1.459E-01  4.430E+03  2.359E-03
4      -- 3         55.3    461.0408    650.2515   91.813  7.340E+00  7.557E+01  1.745E-01  1.727E-01  4.022E+03  5.076E-03
5      -- 4         83.0    576.2679    520.2310   83.214  9.501E+00  6.584E+01  1.530E-01  1.745E-01  3.504E+03  8.636E-03
6      -- 5        116.2    691.4731    433.5562   72.535  1.059E+01  5.391E+01  1.144E-01  1.530E-01  2.869E+03  1.222E-02
7      -- 6        154.9    806.6518    371.6504   60.038  1.010E+01  4.025E+01  6.929E-02  1.144E-01  2.142E+03  1.448E-02
8      -- 7        199.1    921.7997    325.2252   47.057  7.744E+00  2.647E+01  3.067E-02  6.929E-02  1.409E+03  1.421E-02
9      -- 8        248.9   1036.9124    289.1203   36.180  4.158E+00  1.520E+01  8.663E-03  3.067E-02  8.090E+02  1.161E-02
10     -- 9        304.2   1151.9855    260.2398   32.135  1.277E+00  7.953E+00  1.714E-03  8.663E-03  4.233E+02  8.333E-03
11     -- 10       365.0   1267.0145    236.6133   40.045  2.382E-01  3.456E+00  4.111E-04  1.714E-03  1.840E+02  4.818E-03
12     -- 11       431.3   1381.9951    216.9273   53.510  5.152E-02  1.330E+00  1.294E-04  4.111E-04  7.078E+01  2.406E-03
13     -- 12       503.1   1496.9229    200.2725   61.902  1.554E-02  4.992E-01  4.378E-05  1.294E-04  2.657E+01  1.148E-03
14     -- 13       580.5   1611.7935    185.9993   65.269  5.272E-03  1.776E-01  1.438E-05  4.378E-05  9.453E+00  5.097E-04
15     -- 14       663.4   1726.6025    173.6314   67.720  1.745E-03  5.984E-02  4.520E-06  1.438E-05  3.185E+00  2.111E-04
16     -- 15       751.7   1841.3455    162.8116   72.721  5.420E-04  2.012E-02  1.427E-06  4.520E-06  1.071E+00  8.609E-05
