* Radex version        : 30nov2011
* Geometry             : Uniform sphere
* Molecular data file  : ./data/co.dat                                                                   
* T(kin)            [K]:  115.000
* Density of H2  [cm-3]:  1.000E+03
* Density of pH2 [cm-3]:  2.500E+02
* Density of oH2 [cm-3]:  7.500E+02
* T(background)     [K]:   13.800
* Column density [cm-2]:  1.543E+18
* Line width     [km/s]:   50.000
Calculation finished in   28 iterations
      LINE         E_UP       FREQ        WAVEL     T_EX      TAU        T_R       POP        POP       FLUX        FLUX
                   (K)        (GHz)       (um)      (K)                  (K)        UP        LOW      (K*km/s) (erg/cm2/s)
1      -- 0          5.5    115.2712   2600.7576   66.475  3.423E-01  1.523E+01  2.699E-01  9.777E-02  8.105E+02  1.599E-05
2      -- 1         16.6    230.5380   1300.4037   28.121  2.565E+00  1.288E+01  3.035E-01  2.699E-01  6.854E+02  1.082E-04
3      -- 2         33.2    345.7960    866.9634   23.578  4.030E+00  8.957E+00  2.102E-01  3.035E-01  4.767E+02  2.539E-04
4      -- 3         55.3    461.0408    650.2515   20.070  3.507E+00  5.263E+00  8.973E-02  2.102E-01  2.801E+02  3.535E-04
5      -- 4         83.0    576.2679    520.2310   17.945  1.709E+00  2.643E+00  2.348E-02  8.973E-02  1.407E+02  3.467E-04
6      -- 5        116.2    691.4731    433.5562   18.032  4.690E-01  1.112E+00  4.406E-03  2.348E-02  5.916E+01  2.519E-04
7      -- 6        154.9    806.6518    371.6504   20.910  8.684E-02  3.925E-01  7.983E-04  4.406E-03  2.089E+01  1.412E-04
8      -- 7        199.1    921.7997    325.2252   26.924  1.487E-02  1.289E-01  1.750E-04  7.983E-04  6.862E+00  6.922E-05
9      -- 8        248.9   1036.9124    289.1203   33.636  3.086E-03  4.094E-02  4.453E-05  1.750E-04  2.179E+00  3.128E-05
10     -- 9        304.2   1151.9855    260.2398   38.764  7.649E-04  1.258E-02  1.182E-05  4.453E-05  6.696E-01  1.318E-05
11     -- 10       365.0   1267.0145    236.6133   42.968  2.006E-04  3.762E-03  3.145E-06  1.182E-05  2.002E-01  5.245E-06
12     -- 11       431.3   1381.9951    216.9273   46.877  5.288E-05  1.097E-03  8.306E-07  3.145E-06  5.836E-02  1.984E-06
13     -- 12       503.1   1496.9229    200.2725   51.936  1.370E-05  3.240E-04  2.249E-07  8.306E-07  1.724E-02  7.449E-07
14     -- 13       580.5   1611.7935    185.9993   53.011  3.770E-06  8.723E-05  5.615E-08  2.249E-07  4.643E-03  2.504E-07
15     -- 14       663.4   1726.6025    173.6314   53.195  9.596E-07  2.102E-05  1.264E-08  5.615E-08  1.119E-03  7.416E-08
16     -- 15       751.7   1841.3455    162.8116   58.621  2.112E-07  5.279E-06  2.980E-09  1.264E-08  2.810E-04  2.259E-08
