* Radex version        : 30nov2011
* Geometry             : Uniform sphere
* Molecular data file  : ./data/co.dat                                                                   
* T(kin)            [K]:  105.000
* Density of H2  [cm-3]:  6.310E+02
* Density of pH2 [cm-3]:  1.577E+02
* Density of oH2 [cm-3]:  4.732E+02
* T(background)     [K]:    2.725
* Column density [cm-2]:  6.231E+18
* Line width     [km/s]:   50.000
Calculation finished in   35 iterations
      LINE         E_UP       FREQ        WAVEL     T_EX      TAU        T_R       POP        POP       FLUX        FLUX
                   (K)        (GHz)       (um)      (K)                  (K)        UP        LOW      (K*km/s) (erg/cm2/s)
1      -- 0          5.5    115.2712   2600.7576   39.314  2.320E+00  3.226E+01  2.601E-01  9.981E-02  1.717E+03  3.387E-05
2      -- 1         16.6    230.5380   1300.4037   30.331  9.379E+00  2.494E+01  3.010E-01  2.601E-01  1.327E+03  2.094E-04
3      -- 2         33.2    345.7960    866.9634   25.904  1.511E+01  1.845E+01  2.221E-01  3.010E-01  9.819E+02  5.229E-04
4      -- 3         55.3    461.0408    650.2515   20.295  1.487E+01  1.120E+01  9.598E-02  2.221E-01  5.960E+02  7.521E-04
5      -- 4         83.0    576.2679    520.2310   15.135  7.882E+00  5.298E+00  1.887E-02  9.598E-02  2.820E+02  6.949E-04
6      -- 5        116.2    691.4731    433.5562   13.038  1.667E+00  2.291E+00  1.749E-03  1.887E-02  1.220E+02  5.193E-04
7      -- 6        154.9    806.6518    371.6504   19.648  1.421E-01  8.308E-01  2.814E-04  1.749E-03  4.422E+01  2.989E-04
8      -- 7        199.1    921.7997    325.2252   29.574  2.035E-02  2.574E-01  7.144E-05  2.814E-04  1.370E+01  1.382E-04
9      -- 8        248.9   1036.9124    289.1203   34.488  5.032E-03  7.726E-02  1.886E-05  7.144E-05  4.112E+00  5.904E-05
10     -- 9        304.2   1151.9855    260.2398   38.016  1.320E-03  2.222E-02  4.869E-06  1.886E-05  1.183E+00  2.328E-05
11     -- 10       365.0   1267.0145    236.6133   41.563  3.386E-04  6.203E-03  1.235E-06  4.869E-06  3.301E-01  8.648E-06
12     -- 11       431.3   1381.9951    216.9273   44.890  8.546E-05  1.676E-03  3.063E-07  1.235E-06  8.920E-02  3.032E-06
13     -- 12       503.1   1496.9229    200.2725   49.709  2.081E-05  4.611E-04  7.797E-08  3.063E-07  2.454E-02  1.060E-06
14     -- 13       580.5   1611.7935    185.9993   50.486  5.390E-06  1.149E-04  1.809E-08  7.797E-08  6.116E-03  3.298E-07
15     -- 14       663.4   1726.6025    173.6314   50.332  1.277E-06  2.526E-05  3.728E-09  1.809E-08  1.345E-03  8.914E-08
16     -- 15       751.7   1841.3455    162.8116   55.577  2.572E-07  5.822E-06  8.093E-10  3.728E-09  3.099E-04  2.492E-08
