* Radex version        : 30nov2011
* Geometry             : Uniform sphere
* Molecular data file  : ./data/co.dat                                                                   
* T(kin)            [K]:  120.000
* Density of H2  [cm-3]:  5.012E+03
* Density of pH2 [cm-3]:  1.253E+03
* Density of oH2 [cm-3]:  3.759E+03
* T(background)     [K]:   13.800
* Column density [cm-2]:  7.733E+18
* Line width     [km/s]:   50.000
Calculation finished in   34 iterations
      LINE         E_UP       FREQ        WAVEL     T_EX      TAU        T_R       POP        POP       FLUX        FLUX
                   (K)        (GHz)       (um)      (K)                  (K)        UP        LOW      (K*km/s) (erg/cm2/s)
1      -- 0          5.5    115.2712   2600.7576  376.732  1.446E-01  4.884E+01  1.335E-01  4.514E-02  2.600E+03  5.128E-05
2      -- 1         16.6    230.5380   1300.4037   75.296  2.670E+00  5.668E+01  1.920E-01  1.335E-01  3.017E+03  4.760E-04
3      -- 2         33.2    345.7960    866.9634   66.743  5.567E+00  5.146E+01  2.097E-01  1.920E-01  2.739E+03  1.459E-03
4      -- 3         55.3    461.0408    650.2515   59.815  8.116E+00  4.385E+01  1.862E-01  2.097E-01  2.334E+03  2.945E-03
5      -- 4         83.0    576.2679    520.2310   51.270  9.430E+00  3.437E+01  1.327E-01  1.862E-01  1.829E+03  4.508E-03
6      -- 5        116.2    691.4731    433.5562   41.467  8.697E+00  2.377E+01  7.045E-02  1.327E-01  1.265E+03  5.386E-03
7      -- 6        154.9    806.6518    371.6504   32.005  5.792E+00  1.392E+01  2.425E-02  7.045E-02  7.411E+02  5.009E-03
8      -- 7        199.1    921.7997    325.2252   25.853  2.299E+00  7.094E+00  4.965E-03  2.425E-02  3.776E+02  3.809E-03
9      -- 8        248.9   1036.9124    289.1203   27.039  4.781E-01  3.040E+00  8.808E-04  4.965E-03  1.618E+02  2.324E-03
10     -- 9        304.2   1151.9855    260.2398   35.684  7.860E-02  1.049E+00  2.068E-04  8.808E-04  5.586E+01  1.100E-03
11     -- 10       365.0   1267.0145    236.6133   43.798  1.743E-02  3.363E-01  5.650E-05  2.068E-04  1.790E+01  4.688E-04
12     -- 11       431.3   1381.9951    216.9273   49.104  4.659E-03  1.052E-01  1.591E-05  5.650E-05  5.602E+00  1.904E-04
13     -- 12       503.1   1496.9229    200.2725   53.682  1.295E-03  3.254E-02  4.507E-06  1.591E-05  1.732E+00  7.482E-05
14     -- 13       580.5   1611.7935    185.9993   55.618  3.705E-04  9.388E-03  1.205E-06  4.507E-06  4.997E-01  2.694E-05
15     -- 14       663.4   1726.6025    173.6314   56.631  1.004E-04  2.487E-03  2.981E-07  1.205E-06  1.323E-01  8.773E-06
16     -- 15       751.7   1841.3455    162.8116   61.112  2.451E-05  6.637E-04  7.473E-08  2.981E-07  3.533E-02  2.840E-06
