* Radex version        : 30nov2011
* Geometry             : Uniform sphere
* Molecular data file  : ./data/co.dat                                                                   
* T(kin)            [K]:  195.000
* Density of H2  [cm-3]:  1.259E+05
* Density of pH2 [cm-3]:  3.147E+04
* Density of oH2 [cm-3]:  9.442E+04
* T(background)     [K]:   13.800
* Column density [cm-2]:  1.943E+20
* Line width     [km/s]:   50.000
Calculation finished in   40 iterations
      LINE         E_UP       FREQ        WAVEL     T_EX      TAU        T_R       POP        POP       FLUX        FLUX
                   (K)        (GHz)       (um)      (K)                  (K)        UP        LOW      (K*km/s) (erg/cm2/s)
1      -- 0          5.5    115.2712   2600.7576  197.297  2.236E+00  1.637E+02  4.273E-02  1.465E-02  8.714E+03  1.719E-04
2      -- 1         16.6    230.5380   1300.4037  193.053  8.753E+00  1.785E+02  6.725E-02  4.273E-02  9.503E+03  1.500E-03
3      -- 2         33.2    345.7960    866.9634  193.226  1.831E+01  1.779E+02  8.640E-02  6.725E-02  9.470E+03  5.043E-03
4      -- 3         55.3    461.0408    650.2515  193.058  2.942E+01  1.766E+02  9.905E-02  8.640E-02  9.401E+03  1.186E-02
5      -- 4         83.0    576.2679    520.2310  192.822  4.038E+01  1.750E+02  1.049E-01  9.905E-02  9.315E+03  2.296E-02
6      -- 5        116.2    691.4731    433.5562  192.500  4.964E+01  1.731E+02  1.043E-01  1.049E-01  9.213E+03  3.923E-02
7      -- 6        154.9    806.6518    371.6504  192.007  5.607E+01  1.708E+02  9.840E-02  1.043E-01  9.091E+03  6.145E-02
8      -- 7        199.1    921.7997    325.2252  191.316  5.905E+01  1.682E+02  8.850E-02  9.840E-02  8.951E+03  9.029E-02
9      -- 8        248.9   1036.9124    289.1203  190.322  5.854E+01  1.651E+02  7.615E-02  8.850E-02  8.789E+03  1.262E-01
10     -- 9        304.2   1151.9855    260.2398  188.778  5.502E+01  1.615E+02  6.280E-02  7.615E-02  8.594E+03  1.692E-01
11     -- 10       365.0   1267.0145    236.6133  186.650  4.926E+01  1.571E+02  4.966E-02  6.280E-02  8.364E+03  2.191E-01
12     -- 11       431.3   1381.9951    216.9273  183.301  4.215E+01  1.516E+02  3.759E-02  4.966E-02  8.068E+03  2.743E-01
13     -- 12       503.1   1496.9229    200.2725  177.930  3.461E+01  1.440E+02  2.711E-02  3.759E-02  7.666E+03  3.311E-01
14     -- 13       580.5   1611.7935    185.9993  168.847  2.739E+01  1.328E+02  1.842E-02  2.711E-02  7.070E+03  3.812E-01
15     -- 14       663.4   1726.6025    173.6314  155.020  2.078E+01  1.171E+02  1.153E-02  1.842E-02  6.230E+03  4.130E-01
16     -- 15       751.7   1841.3455    162.8116  135.319  1.495E+01  9.576E+01  6.390E-03  1.153E-02  5.097E+03  4.098E-01
