* Radex version        : 30nov2011
* Geometry             : Uniform sphere
* Molecular data file  : ./data/co.dat                                                                   
* T(kin)            [K]:  160.000
* Density of H2  [cm-3]:  7.943E+02
* Density of pH2 [cm-3]:  1.986E+02
* Density of oH2 [cm-3]:  5.957E+02
* T(background)     [K]:   13.800
* Column density [cm-2]:  1.226E+18
* Line width     [km/s]:   50.000
Calculation finished in   28 iterations
      LINE         E_UP       FREQ        WAVEL     T_EX      TAU        T_R       POP        POP       FLUX        FLUX
                   (K)        (GHz)       (um)      (K)                  (K)        UP        LOW      (K*km/s) (erg/cm2/s)
1      -- 0          5.5    115.2712   2600.7576   73.952  2.502E-01  1.328E+01  2.775E-01  9.968E-02  7.070E+02  1.395E-05
2      -- 1         16.6    230.5380   1300.4037   26.817  2.177E+00  1.123E+01  3.061E-01  2.775E-01  5.976E+02  9.430E-05
3      -- 2         33.2    345.7960    866.9634   22.406  3.343E+00  7.714E+00  2.043E-01  3.061E-01  4.106E+02  2.186E-04
4      -- 3         55.3    461.0408    650.2515   19.461  2.754E+00  4.566E+00  8.428E-02  2.043E-01  2.430E+02  3.067E-04
5      -- 4         83.0    576.2679    520.2310   18.020  1.273E+00  2.368E+00  2.220E-02  8.428E-02  1.260E+02  3.106E-04
6      -- 5        116.2    691.4731    433.5562   18.868  3.465E-01  1.058E+00  4.519E-03  2.220E-02  5.630E+01  2.397E-04
7      -- 6        154.9    806.6518    371.6504   22.999  6.834E-02  4.188E-01  9.687E-04  4.519E-03  2.229E+01  1.507E-04
8      -- 7        199.1    921.7997    325.2252   30.720  1.356E-02  1.598E-01  2.601E-04  9.687E-04  8.504E+00  8.578E-05
9      -- 8        248.9   1036.9124    289.1203   38.670  3.415E-03  5.999E-02  8.027E-05  2.601E-04  3.193E+00  4.584E-05
10     -- 9        304.2   1151.9855    260.2398   44.922  1.020E-03  2.222E-02  2.591E-05  8.027E-05  1.182E+00  2.328E-05
11     -- 10       365.0   1267.0145    236.6133   50.314  3.235E-04  8.131E-03  8.475E-06  2.591E-05  4.328E-01  1.134E-05
12     -- 11       431.3   1381.9951    216.9273   55.244  1.045E-04  2.927E-03  2.773E-06  8.475E-06  1.558E-01  5.296E-06
13     -- 12       503.1   1496.9229    200.2725   61.260  3.348E-05  1.065E-03  9.269E-07  2.773E-06  5.668E-02  2.449E-06
14     -- 13       580.5   1611.7935    185.9993   62.371  1.143E-05  3.565E-04  2.880E-07  9.269E-07  1.898E-02  1.023E-06
15     -- 14       663.4   1726.6025    173.6314   63.249  3.617E-06  1.100E-04  8.307E-08  2.880E-07  5.854E-03  3.881E-07
16     -- 15       751.7   1841.3455    162.8116   70.049  1.015E-06  3.529E-05  2.504E-08  8.307E-08  1.879E-03  1.510E-07
