* Radex version        : 30nov2011
* Geometry             : Uniform sphere
* Molecular data file  : ./data/co.dat                                                                   
* T(kin)            [K]:  185.000
* Density of H2  [cm-3]:  3.981E+03
* Density of pH2 [cm-3]:  9.953E+02
* Density of oH2 [cm-3]:  2.986E+03
* T(background)     [K]:   13.800
* Column density [cm-2]:  6.143E+18
* Line width     [km/s]:   50.000
Calculation finished in   33 iterations
      LINE         E_UP       FREQ        WAVEL     T_EX      TAU        T_R       POP        POP       FLUX        FLUX
                   (K)        (GHz)       (um)      (K)                  (K)        UP        LOW      (K*km/s) (erg/cm2/s)
1      -- 0          5.5    115.2712   2600.7576 -175.666 -2.303E-01  4.911E+01  1.277E-01  4.123E-02  2.614E+03  5.156E-05
2      -- 1         16.6    230.5380   1300.4037   88.990  1.736E+00  6.143E+01  1.879E-01  1.277E-01  3.269E+03  5.159E-04
3      -- 2         33.2    345.7960    866.9634   71.276  4.082E+00  5.523E+01  2.084E-01  1.879E-01  2.939E+03  1.565E-03
4      -- 3         55.3    461.0408    650.2515   62.383  6.188E+00  4.630E+01  1.879E-01  2.084E-01  2.464E+03  3.110E-03
5      -- 4         83.0    576.2679    520.2310   52.973  7.375E+00  3.601E+01  1.363E-01  1.879E-01  1.917E+03  4.724E-03
6      -- 5        116.2    691.4731    433.5562   42.990  6.928E+00  2.519E+01  7.442E-02  1.363E-01  1.341E+03  5.709E-03
7      -- 6        154.9    806.6518    371.6504   33.891  4.717E+00  1.551E+01  2.740E-02  7.442E-02  8.255E+02  5.580E-03
8      -- 7        199.1    921.7997    325.2252   28.625  1.982E+00  8.724E+00  6.621E-03  2.740E-02  4.644E+02  4.684E-03
9      -- 8        248.9   1036.9124    289.1203   31.297  4.792E-01  4.324E+00  1.509E-03  6.621E-03  2.301E+02  3.304E-03
10     -- 9        304.2   1151.9855    260.2398   42.369  9.896E-02  1.842E+00  4.523E-04  1.509E-03  9.803E+01  1.930E-03
11     -- 10       365.0   1267.0145    236.6133   52.984  2.754E-02  7.477E-01  1.572E-04  4.523E-04  3.979E+01  1.042E-03
12     -- 11       431.3   1381.9951    216.9273   60.306  9.271E-03  3.004E-01  5.689E-05  1.572E-04  1.599E+01  5.436E-04
13     -- 12       503.1   1496.9229    200.2725   66.608  3.291E-03  1.203E-01  2.090E-05  5.689E-05  6.404E+00  2.767E-04
14     -- 13       580.5   1611.7935    185.9993   69.142  1.223E-03  4.553E-02  7.332E-06  2.090E-05  2.423E+00  1.307E-04
15     -- 14       663.4   1726.6025    173.6314   71.212  4.345E-04  1.626E-02  2.448E-06  7.332E-06  8.656E-01  5.738E-05
16     -- 15       751.7   1841.3455    162.8116   77.558  1.422E-04  5.894E-03  8.340E-07  2.448E-06  3.137E-01  2.522E-05
