* Radex version        : 30nov2011
* Geometry             : Uniform sphere
* Molecular data file  : ./data/co.dat                                                                   
* T(kin)            [K]:  135.000
* Density of H2  [cm-3]:  1.995E+04
* Density of pH2 [cm-3]:  4.988E+03
* Density of oH2 [cm-3]:  1.496E+04
* T(background)     [K]:   13.800
* Column density [cm-2]:  3.079E+19
* Line width     [km/s]:   50.000
Calculation finished in   38 iterations
      LINE         E_UP       FREQ        WAVEL     T_EX      TAU        T_R       POP        POP       FLUX        FLUX
                   (K)        (GHz)       (um)      (K)                  (K)        UP        LOW      (K*km/s) (erg/cm2/s)
1      -- 0          5.5    115.2712   2600.7576  173.088  7.137E-01  8.117E+01  7.535E-02  2.593E-02  4.320E+03  8.522E-05
2      -- 1         16.6    230.5380   1300.4037  121.886  3.811E+00  1.051E+02  1.147E-01  7.535E-02  5.592E+03  8.824E-04
3      -- 2         33.2    345.7960    866.9634  119.383  7.803E+00  1.041E+02  1.397E-01  1.147E-01  5.541E+03  2.951E-03
4      -- 3         55.3    461.0408    650.2515  117.110  1.199E+01  1.008E+02  1.487E-01  1.397E-01  5.366E+03  6.772E-03
5      -- 4         83.0    576.2679    520.2310  113.698  1.553E+01  9.612E+01  1.425E-01  1.487E-01  5.116E+03  1.261E-02
6      -- 5        116.2    691.4731    433.5562  108.563  1.778E+01  8.952E+01  1.241E-01  1.425E-01  4.765E+03  2.029E-02
7      -- 6        154.9    806.6518    371.6504  101.045  1.842E+01  8.043E+01  9.759E-02  1.241E-01  4.281E+03  2.894E-02
8      -- 7        199.1    921.7997    325.2252   90.496  1.738E+01  6.830E+01  6.784E-02  9.759E-02  3.635E+03  3.667E-02
9      -- 8        248.9   1036.9124    289.1203   76.785  1.474E+01  5.318E+01  3.966E-02  6.784E-02  2.831E+03  4.064E-02
10     -- 9        304.2   1151.9855    260.2398   60.803  1.068E+01  3.627E+01  1.766E-02  3.966E-02  1.930E+03  3.800E-02
11     -- 10       365.0   1267.0145    236.6133   45.658  5.810E+00  2.100E+01  5.105E-03  1.766E-02  1.118E+03  2.927E-02
12     -- 11       431.3   1381.9951    216.9273   37.004  1.885E+00  1.078E+01  9.242E-04  5.105E-03  5.737E+02  1.950E-02
13     -- 12       503.1   1496.9229    200.2725   42.923  3.298E-01  4.548E+00  1.872E-04  9.242E-04  2.421E+02  1.046E-02
14     -- 13       580.5   1611.7935    185.9993   56.575  6.078E-02  1.543E+00  5.123E-05  1.872E-04  8.212E+01  4.428E-03
15     -- 14       663.4   1726.6025    173.6314   62.778  1.622E-02  4.826E-01  1.463E-05  5.123E-05  2.569E+01  1.703E-03
16     -- 15       751.7   1841.3455    162.8116   67.321  4.579E-03  1.480E-01  4.191E-06  1.463E-05  7.876E+00  6.333E-04
