* Radex version        : 30nov2011
* Geometry             : Uniform sphere
* Molecular data file  : ./data/co.dat                                                                   
* T(kin)            [K]:  140.000
* Density of H2  [cm-3]:  1.259E+05
* Density of pH2 [cm-3]:  3.147E+04
* Density of oH2 [cm-3]:  9.442E+04
* T(background)     [K]:   13.800
* Column density [cm-2]:  1.943E+20
* Line width     [km/s]:   50.000
Calculation finished in   39 iterations
      LINE         E_UP       FREQ        WAVEL     T_EX      TAU        T_R       POP        POP       FLUX        FLUX
                   (K)        (GHz)       (um)      (K)                  (K)        UP        LOW      (K*km/s) (erg/cm2/s)
1      -- 0          5.5    115.2712   2600.7576  139.872  4.290E+00  1.242E+02  5.780E-02  2.004E-02  6.610E+03  1.304E-04
2      -- 1         16.6    230.5380   1300.4037  139.333  1.623E+01  1.249E+02  8.897E-02  5.780E-02  6.646E+03  1.049E-03
3      -- 2         33.2    345.7960    866.9634  139.333  3.305E+01  1.241E+02  1.106E-01  8.897E-02  6.604E+03  3.517E-03
4      -- 3         55.3    461.0408    650.2515  139.244  5.109E+01  1.229E+02  1.213E-01  1.106E-01  6.541E+03  8.256E-03
5      -- 4         83.0    576.2679    520.2310  139.113  6.672E+01  1.214E+02  1.215E-01  1.213E-01  6.463E+03  1.593E-02
6      -- 5        116.2    691.4731    433.5562  138.910  7.717E+01  1.197E+02  1.131E-01  1.215E-01  6.370E+03  2.712E-02
7      -- 6        154.9    806.6518    371.6504  138.603  8.111E+01  1.177E+02  9.868E-02  1.131E-01  6.262E+03  4.233E-02
8      -- 7        199.1    921.7997    325.2252  138.121  7.861E+01  1.153E+02  8.119E-02  9.868E-02  6.137E+03  6.191E-02
9      -- 8        248.9   1036.9124    289.1203  137.381  7.093E+01  1.126E+02  6.317E-02  8.119E-02  5.994E+03  8.606E-02
10     -- 9        304.2   1151.9855    260.2398  136.091  6.001E+01  1.093E+02  4.651E-02  6.317E-02  5.817E+03  1.145E-01
11     -- 10       365.0   1267.0145    236.6133  134.016  4.786E+01  1.052E+02  3.236E-02  4.651E-02  5.597E+03  1.466E-01
12     -- 11       431.3   1381.9951    216.9273  130.258  3.609E+01  9.935E+01  2.114E-02  3.236E-02  5.288E+03  1.798E-01
13     -- 12       503.1   1496.9229    200.2725  123.263  2.588E+01  9.042E+01  1.275E-02  2.114E-02  4.812E+03  2.079E-01
14     -- 13       580.5   1611.7935    185.9993  110.909  1.759E+01  7.641E+01  6.815E-03  1.275E-02  4.067E+03  2.193E-01
15     -- 14       663.4   1726.6025    173.6314   92.587  1.098E+01  5.705E+01  2.977E-03  6.815E-03  3.036E+03  2.013E-01
16     -- 15       751.7   1841.3455    162.8116   71.611  5.702E+00  3.602E+01  9.225E-04  2.977E-03  1.917E+03  1.542E-01
