* Radex version        : 30nov2011
* Geometry             : Uniform sphere
* Molecular data file  : ./data/co.dat                                                                   
* T(kin)            [K]:  155.000
* Density of H2  [cm-3]:  5.012E+05
* Density of pH2 [cm-3]:  1.253E+05
* Density of oH2 [cm-3]:  3.759E+05
* T(background)     [K]:   13.800
* Column density [cm-2]:  7.733E+20
* Line width     [km/s]:   50.000
Calculation finished in   36 iterations
      LINE         E_UP       FREQ        WAVEL     T_EX      TAU        T_R       POP        POP       FLUX        FLUX
                   (K)        (GHz)       (um)      (K)                  (K)        UP        LOW      (K*km/s) (erg/cm2/s)
1      -- 0          5.5    115.2712   2600.7576  154.950  1.370E+01  1.410E+02  5.147E-02  1.778E-02  7.504E+03  1.480E-04
2      -- 1         16.6    230.5380   1300.4037  154.944  5.193E+01  1.405E+02  7.987E-02  5.147E-02  7.477E+03  1.180E-03
3      -- 2         33.2    345.7960    866.9634  154.940  1.068E+02  1.397E+02  1.005E-01  7.987E-02  7.434E+03  3.958E-03
4      -- 3         55.3    461.0408    650.2515  154.934  1.674E+02  1.386E+02  1.120E-01  1.005E-01  7.375E+03  9.307E-03
5      -- 4         83.0    576.2679    520.2310  154.924  2.224E+02  1.372E+02  1.145E-01  1.120E-01  7.302E+03  1.800E-02
6      -- 5        116.2    691.4731    433.5562  154.908  2.627E+02  1.356E+02  1.092E-01  1.145E-01  7.218E+03  3.073E-02
7      -- 6        154.9    806.6518    371.6504  154.885  2.830E+02  1.338E+02  9.814E-02  1.092E-01  7.124E+03  4.815E-02
8      -- 7        199.1    921.7997    325.2252  154.850  2.822E+02  1.319E+02  8.358E-02  9.814E-02  7.021E+03  7.082E-02
9      -- 8        248.9   1036.9124    289.1203  154.799  2.630E+02  1.299E+02  6.773E-02  8.358E-02  6.912E+03  9.924E-02
10     -- 9        304.2   1151.9855    260.2398  154.712  2.306E+02  1.277E+02  5.237E-02  6.773E-02  6.796E+03  1.338E-01
11     -- 10       365.0   1267.0145    236.6133  154.587  1.913E+02  1.254E+02  3.870E-02  5.237E-02  6.675E+03  1.749E-01
12     -- 11       431.3   1381.9951    216.9273  154.380  1.504E+02  1.230E+02  2.738E-02  3.870E-02  6.549E+03  2.226E-01
13     -- 12       503.1   1496.9229    200.2725  154.038  1.126E+02  1.205E+02  1.855E-02  2.738E-02  6.414E+03  2.771E-01
14     -- 13       580.5   1611.7935    185.9993  153.391  8.039E+01  1.177E+02  1.203E-02  1.855E-02  6.263E+03  3.377E-01
15     -- 14       663.4   1726.6025    173.6314  152.236  5.479E+01  1.143E+02  7.462E-03  1.203E-02  6.086E+03  4.034E-01
16     -- 15       751.7   1841.3455    162.8116  149.820  3.576E+01  1.098E+02  4.404E-03  7.462E-03  5.844E+03  4.699E-01
