* Radex version        : 30nov2011
* Geometry             : Uniform sphere
* Molecular data file  : ./data/co.dat                                                                   
* T(kin)            [K]:  185.000
* Density of H2  [cm-3]:  3.981E+05
* Density of pH2 [cm-3]:  9.953E+04
* Density of oH2 [cm-3]:  2.986E+05
* T(background)     [K]:   13.800
* Column density [cm-2]:  6.143E+20
* Line width     [km/s]:   50.000
Calculation finished in   38 iterations
      LINE         E_UP       FREQ        WAVEL     T_EX      TAU        T_R       POP        POP       FLUX        FLUX
                   (K)        (GHz)       (um)      (K)                  (K)        UP        LOW      (K*km/s) (erg/cm2/s)
1      -- 0          5.5    115.2712   2600.7576  184.897  7.693E+00  1.708E+02  4.353E-02  1.495E-02  9.093E+03  1.794E-04
2      -- 1         16.6    230.5380   1300.4037  184.844  2.941E+01  1.704E+02  6.834E-02  4.353E-02  9.068E+03  1.431E-03
3      -- 2         33.2    345.7960    866.9634  184.840  6.138E+01  1.695E+02  8.746E-02  6.834E-02  9.024E+03  4.805E-03
4      -- 3         55.3    461.0408    650.2515  184.825  9.812E+01  1.684E+02  9.976E-02  8.746E-02  8.964E+03  1.131E-02
5      -- 4         83.0    576.2679    520.2310  184.803  1.338E+02  1.670E+02  1.050E-01  9.976E-02  8.889E+03  2.191E-02
6      -- 5        116.2    691.4731    433.5562  184.771  1.631E+02  1.654E+02  1.037E-01  1.050E-01  8.802E+03  3.748E-02
7      -- 6        154.9    806.6518    371.6504  184.723  1.824E+02  1.635E+02  9.700E-02  1.037E-01  8.705E+03  5.884E-02
8      -- 7        199.1    921.7997    325.2252  184.655  1.899E+02  1.615E+02  8.651E-02  9.700E-02  8.598E+03  8.673E-02
9      -- 8        248.9   1036.9124    289.1203  184.558  1.859E+02  1.594E+02  7.384E-02  8.651E-02  8.484E+03  1.218E-01
10     -- 9        304.2   1151.9855    260.2398  184.402  1.721E+02  1.571E+02  6.047E-02  7.384E-02  8.362E+03  1.646E-01
11     -- 10       365.0   1267.0145    236.6133  184.194  1.517E+02  1.547E+02  4.761E-02  6.047E-02  8.234E+03  2.157E-01
12     -- 11       431.3   1381.9951    216.9273  183.868  1.275E+02  1.521E+02  3.608E-02  4.761E-02  8.098E+03  2.753E-01
13     -- 12       503.1   1496.9229    200.2725  183.372  1.025E+02  1.494E+02  2.633E-02  3.608E-02  7.952E+03  3.435E-01
14     -- 13       580.5   1611.7935    185.9993  182.477  7.910E+01  1.462E+02  1.851E-02  2.633E-02  7.784E+03  4.197E-01
15     -- 14       663.4   1726.6025    173.6314  181.045  5.859E+01  1.426E+02  1.252E-02  1.851E-02  7.588E+03  5.030E-01
16     -- 15       751.7   1841.3455    162.8116  178.338  4.180E+01  1.376E+02  8.120E-03  1.252E-02  7.326E+03  5.890E-01
