* Radex version        : 30nov2011
* Geometry             : Uniform sphere
* Molecular data file  : ./data/co.dat                                                                   
* T(kin)            [K]:  110.000
* Density of H2  [cm-3]:  1.000E+02
* Density of pH2 [cm-3]:  2.500E+01
* Density of oH2 [cm-3]:  7.500E+01
* T(background)     [K]:   13.800
* Column density [cm-2]:  1.543E+17
* Line width     [km/s]:   50.000
Calculation finished in   13 iterations
      LINE         E_UP       FREQ        WAVEL     T_EX      TAU        T_R       POP        POP       FLUX        FLUX
                   (K)        (GHz)       (um)      (K)                  (K)        UP        LOW      (K*km/s) (erg/cm2/s)
1      -- 0          5.5    115.2712   2600.7576   16.096  2.221E-01  4.522E-01  3.706E-01  1.742E-01  2.407E+01  4.747E-07
2      -- 1         16.6    230.5380   1300.4037   14.531  5.770E-01  3.046E-01  2.884E-01  3.706E-01  1.621E+01  2.558E-06
3      -- 2         33.2    345.7960    866.9634   14.245  5.215E-01  1.610E-01  1.259E-01  2.884E-01  8.569E+00  4.563E-06
4      -- 3         55.3    461.0408    650.2515   14.185  2.485E-01  6.898E-02  3.403E-02  1.259E-01  3.672E+00  4.634E-06
5      -- 4         83.0    576.2679    520.2310   14.301  7.055E-02  2.495E-02  6.013E-03  3.403E-02  1.328E+00  3.273E-06
6      -- 5        116.2    691.4731    433.5562   14.798  1.276E-02  8.229E-03  7.546E-04  6.013E-03  4.380E-01  1.865E-06
7      -- 6        154.9    806.6518    371.6504   16.557  1.594E-03  2.617E-03  8.404E-05  7.546E-04  1.393E-01  9.415E-07
8      -- 7        199.1    921.7997    325.2252   21.821  1.685E-04  8.155E-04  1.254E-05  8.404E-05  4.340E-02  4.378E-07
9      -- 8        248.9   1036.9124    289.1203   30.523  2.304E-05  2.472E-04  2.745E-06  1.254E-05  1.316E-02  1.889E-07
10     -- 9        304.2   1151.9855    260.2398   37.099  4.808E-06  7.238E-05  6.837E-07  2.745E-06  3.853E-03  7.585E-08
11     -- 10       365.0   1267.0145    236.6133   41.507  1.178E-06  2.064E-05  1.730E-07  6.837E-07  1.099E-03  2.878E-08
12     -- 11       431.3   1381.9951    216.9273   45.221  2.956E-07  5.718E-06  4.339E-08  1.730E-07  3.043E-04  1.034E-08
13     -- 12       503.1   1496.9229    200.2725   50.665  7.239E-08  1.633E-06  1.135E-08  4.339E-08  8.694E-05  3.756E-09
14     -- 13       580.5   1611.7935    185.9993   51.343  1.929E-08  4.194E-07  2.702E-09  1.135E-08  2.232E-05  1.204E-09
15     -- 14       663.4   1726.6025    173.6314   51.029  4.696E-09  9.459E-08  5.694E-10  2.702E-09  5.035E-06  3.337E-10
16     -- 15       751.7   1841.3455    162.8116   56.840  9.639E-10  2.267E-08  1.280E-10  5.694E-10  1.207E-06  9.703E-11
