* Radex version        : 30nov2011
* Geometry             : Uniform sphere
* Molecular data file  : ./data/co.dat                                                                   
* T(kin)            [K]:  145.000
* Density of H2  [cm-3]:  6.310E+05
* Density of pH2 [cm-3]:  1.577E+05
* Density of oH2 [cm-3]:  4.732E+05
* T(background)     [K]:   13.800
* Column density [cm-2]:  9.736E+20
* Line width     [km/s]:   50.000
Calculation finished in   35 iterations
      LINE         E_UP       FREQ        WAVEL     T_EX      TAU        T_R       POP        POP       FLUX        FLUX
                   (K)        (GHz)       (um)      (K)                  (K)        UP        LOW      (K*km/s) (erg/cm2/s)
1      -- 0          5.5    115.2712   2600.7576  144.973  1.966E+01  1.310E+02  5.480E-02  1.898E-02  6.973E+03  1.375E-04
2      -- 1         16.6    230.5380   1300.4037  144.971  7.422E+01  1.305E+02  8.463E-02  5.480E-02  6.946E+03  1.096E-03
3      -- 2         33.2    345.7960    866.9634  144.969  1.518E+02  1.297E+02  1.057E-01  8.463E-02  6.903E+03  3.676E-03
4      -- 3         55.3    461.0408    650.2515  144.966  2.357E+02  1.286E+02  1.166E-01  1.057E-01  6.845E+03  8.639E-03
5      -- 4         83.0    576.2679    520.2310  144.960  3.098E+02  1.273E+02  1.178E-01  1.166E-01  6.774E+03  1.669E-02
6      -- 5        116.2    691.4731    433.5562  144.951  3.610E+02  1.257E+02  1.107E-01  1.178E-01  6.690E+03  2.849E-02
7      -- 6        154.9    806.6518    371.6504  144.938  3.828E+02  1.239E+02  9.780E-02  1.107E-01  6.597E+03  4.459E-02
8      -- 7        199.1    921.7997    325.2252  144.917  3.748E+02  1.221E+02  8.168E-02  9.780E-02  6.496E+03  6.553E-02
9      -- 8        248.9   1036.9124    289.1203  144.887  3.421E+02  1.200E+02  6.475E-02  8.168E-02  6.389E+03  9.173E-02
10     -- 9        304.2   1151.9855    260.2398  144.834  2.930E+02  1.179E+02  4.886E-02  6.475E-02  6.276E+03  1.236E-01
11     -- 10       365.0   1267.0145    236.6133  144.755  2.369E+02  1.157E+02  3.516E-02  4.886E-02  6.159E+03  1.613E-01
12     -- 11       431.3   1381.9951    216.9273  144.622  1.812E+02  1.134E+02  2.416E-02  3.516E-02  6.038E+03  2.052E-01
13     -- 12       503.1   1496.9229    200.2725  144.397  1.315E+02  1.110E+02  1.586E-02  2.416E-02  5.910E+03  2.553E-01
14     -- 13       580.5   1611.7935    185.9993  143.960  9.085E+01  1.084E+02  9.956E-03  1.586E-02  5.772E+03  3.113E-01
15     -- 14       663.4   1726.6025    173.6314  143.151  5.976E+01  1.055E+02  5.965E-03  9.956E-03  5.615E+03  3.722E-01
16     -- 15       751.7   1841.3455    162.8116  141.413  3.754E+01  1.017E+02  3.399E-03  5.965E-03  5.410E+03  4.350E-01
