* Radex version        : 30nov2011
* Geometry             : Uniform sphere
* Molecular data file  : ./data/co.dat                                                                   
* T(kin)            [K]:  140.000
* Density of H2  [cm-3]:  1.995E+04
* Density of pH2 [cm-3]:  4.988E+03
* Density of oH2 [cm-3]:  1.496E+04
* T(background)     [K]:   13.800
* Column density [cm-2]:  3.079E+19
* Line width     [km/s]:   50.000
Calculation finished in   38 iterations
      LINE         E_UP       FREQ        WAVEL     T_EX      TAU        T_R       POP        POP       FLUX        FLUX
                   (K)        (GHz)       (um)      (K)                  (K)        UP        LOW      (K*km/s) (erg/cm2/s)
1      -- 0          5.5    115.2712   2600.7576  186.474  6.465E-01  8.213E+01  7.362E-02  2.528E-02  4.371E+03  8.623E-05
2      -- 1         16.6    230.5380   1300.4037  125.988  3.608E+00  1.085E+02  1.124E-01  7.362E-02  5.776E+03  9.113E-04
3      -- 2         33.2    345.7960    866.9634  122.955  7.439E+00  1.077E+02  1.375E-01  1.124E-01  5.730E+03  3.051E-03
4      -- 3         55.3    461.0408    650.2515  120.549  1.149E+01  1.042E+02  1.471E-01  1.375E-01  5.549E+03  7.003E-03
5      -- 4         83.0    576.2679    520.2310  116.999  1.498E+01  9.941E+01  1.419E-01  1.471E-01  5.291E+03  1.304E-02
6      -- 5        116.2    691.4731    433.5562  111.710  1.728E+01  9.264E+01  1.246E-01  1.419E-01  4.931E+03  2.100E-02
7      -- 6        154.9    806.6518    371.6504  104.033  1.807E+01  8.338E+01  9.913E-02  1.246E-01  4.438E+03  3.000E-02
8      -- 7        199.1    921.7997    325.2252   93.350  1.724E+01  7.110E+01  6.994E-02  9.913E-02  3.784E+03  3.817E-02
9      -- 8        248.9   1036.9124    289.1203   79.521  1.483E+01  5.583E+01  4.181E-02  6.994E-02  2.971E+03  4.266E-02
10     -- 9        304.2   1151.9855    260.2398   63.351  1.098E+01  3.865E+01  1.931E-02  4.181E-02  2.057E+03  4.050E-02
11     -- 10       365.0   1267.0145    236.6133   47.772  6.215E+00  2.285E+01  5.921E-03  1.931E-02  1.216E+03  3.186E-02
12     -- 11       431.3   1381.9951    216.9273   38.068  2.164E+00  1.198E+01  1.127E-03  5.921E-03  6.376E+02  2.167E-02
13     -- 12       503.1   1496.9229    200.2725   42.536  4.037E-01  5.274E+00  2.248E-04  1.127E-03  2.807E+02  1.213E-02
14     -- 13       580.5   1611.7935    185.9993   56.744  7.290E-02  1.850E+00  6.179E-05  2.248E-04  9.845E+01  5.309E-03
15     -- 14       663.4   1726.6025    173.6314   63.904  1.939E-02  5.949E-01  1.806E-05  6.179E-05  3.166E+01  2.099E-03
16     -- 15       751.7   1841.3455    162.8116   68.742  5.595E-03  1.876E-01  5.316E-06  1.806E-05  9.986E+00  8.029E-04
