* Radex version        : 30nov2011
* Geometry             : Uniform sphere
* Molecular data file  : ./data/co.dat                                                                   
* T(kin)            [K]:  140.000
* Density of H2  [cm-3]:  2.512E+02
* Density of pH2 [cm-3]:  6.280E+01
* Density of oH2 [cm-3]:  1.884E+02
* T(background)     [K]:   13.800
* Column density [cm-2]:  3.876E+17
* Line width     [km/s]:   50.000
Calculation finished in   23 iterations
      LINE         E_UP       FREQ        WAVEL     T_EX      TAU        T_R       POP        POP       FLUX        FLUX
                   (K)        (GHz)       (um)      (K)                  (K)        UP        LOW      (K*km/s) (erg/cm2/s)
1      -- 0          5.5    115.2712   2600.7576   22.166  3.674E-01  2.551E+00  3.531E-01  1.510E-01  1.358E+02  2.678E-06
2      -- 1         16.6    230.5380   1300.4037   16.456  1.268E+00  1.825E+00  3.004E-01  3.531E-01  9.715E+01  1.533E-05
3      -- 2         33.2    345.7960    866.9634   15.404  1.308E+00  1.052E+00  1.432E-01  3.004E-01  5.598E+01  2.981E-05
4      -- 3         55.3    461.0408    650.2515   15.036  6.922E-01  5.092E-01  4.227E-02  1.432E-01  2.710E+01  3.420E-05
5      -- 4         83.0    576.2679    520.2310   15.248  2.154E-01  2.091E-01  8.422E-03  4.227E-02  1.113E+01  2.742E-05
6      -- 5        116.2    691.4731    433.5562   16.480  4.352E-02  7.747E-02  1.329E-03  8.422E-03  4.123E+00  1.756E-05
7      -- 6        154.9    806.6518    371.6504   20.178  6.658E-03  2.767E-02  2.251E-04  1.329E-03  1.473E+00  9.954E-06
8      -- 7        199.1    921.7997    325.2252   27.754  1.040E-03  9.781E-03  5.182E-05  2.251E-04  5.206E-01  5.252E-06
9      -- 8        248.9   1036.9124    289.1203   36.008  2.226E-04  3.404E-03  1.454E-05  5.182E-05  1.812E-01  2.602E-06
10     -- 9        304.2   1151.9855    260.2398   42.004  6.042E-05  1.162E-03  4.309E-06  1.454E-05  6.185E-02  1.218E-06
11     -- 10       365.0   1267.0145    236.6133   46.936  1.762E-05  3.905E-04  1.292E-06  4.309E-06  2.079E-02  5.445E-07
12     -- 11       431.3   1381.9951    216.9273   51.280  5.230E-06  1.283E-04  3.853E-07  1.292E-06  6.827E-03  2.321E-07
13     -- 12       503.1   1496.9229    200.2725   57.204  1.524E-06  4.299E-05  1.185E-07  3.853E-07  2.288E-03  9.885E-08
14     -- 13       580.5   1611.7935    185.9993   57.974  4.789E-07  1.311E-05  3.352E-08  1.185E-07  6.975E-04  3.761E-08
15     -- 14       663.4   1726.6025    173.6314   58.330  1.383E-07  3.620E-06  8.656E-09  3.352E-08  1.927E-04  1.277E-08
16     -- 15       751.7   1841.3455    162.8116   64.874  3.472E-08  1.051E-06  2.360E-09  8.656E-09  5.594E-05  4.498E-09
