* Radex version        : 30nov2011
* Geometry             : Uniform sphere
* Molecular data file  : ./data/co.dat                                                                   
* T(kin)            [K]:  125.000
* Density of H2  [cm-3]:  1.259E+04
* Density of pH2 [cm-3]:  3.147E+03
* Density of oH2 [cm-3]:  9.442E+03
* T(background)     [K]:   13.800
* Column density [cm-2]:  1.943E+19
* Line width     [km/s]:   50.000
Calculation finished in   36 iterations
      LINE         E_UP       FREQ        WAVEL     T_EX      TAU        T_R       POP        POP       FLUX        FLUX
                   (K)        (GHz)       (um)      (K)                  (K)        UP        LOW      (K*km/s) (erg/cm2/s)
1      -- 0          5.5    115.2712   2600.7576  190.438  4.921E-01  6.858E+01  9.073E-02  3.113E-02  3.650E+03  7.200E-05
2      -- 1         16.6    230.5380   1300.4037  105.508  3.322E+00  8.779E+01  1.362E-01  9.073E-02  4.672E+03  7.373E-04
3      -- 2         33.2    345.7960    866.9634  100.927  6.829E+00  8.564E+01  1.617E-01  1.362E-01  4.558E+03  2.427E-03
4      -- 3         55.3    461.0408    650.2515   97.080  1.037E+01  8.086E+01  1.656E-01  1.617E-01  4.304E+03  5.432E-03
5      -- 4         83.0    576.2679    520.2310   91.563  1.317E+01  7.412E+01  1.496E-01  1.656E-01  3.945E+03  9.723E-03
6      -- 5        116.2    691.4731    433.5562   83.707  1.463E+01  6.491E+01  1.189E-01  1.496E-01  3.455E+03  1.471E-02
7      -- 6        154.9    806.6518    371.6504   73.165  1.438E+01  5.302E+01  8.084E-02  1.189E-01  2.822E+03  1.907E-02
8      -- 7        199.1    921.7997    325.2252   60.190  1.223E+01  3.889E+01  4.393E-02  8.084E-02  2.070E+03  2.088E-02
9      -- 8        248.9   1036.9124    289.1203   46.334  8.316E+00  2.443E+01  1.677E-02  4.393E-02  1.300E+03  1.867E-02
10     -- 9        304.2   1151.9855    260.2398   34.938  3.793E+00  1.297E+01  3.809E-03  1.677E-02  6.905E+02  1.360E-02
11     -- 10       365.0   1267.0145    236.6133   32.214  9.119E-01  6.043E+00  6.318E-04  3.809E-03  3.216E+02  8.425E-03
12     -- 11       431.3   1381.9951    216.9273   42.359  1.397E-01  2.213E+00  1.435E-04  6.318E-04  1.178E+02  4.004E-03
13     -- 12       503.1   1496.9229    200.2725   53.609  2.936E-02  7.257E-01  4.057E-05  1.435E-04  3.862E+01  1.668E-03
14     -- 13       580.5   1611.7935    185.9993   57.770  8.230E-03  2.229E-01  1.142E-05  4.057E-05  1.186E+01  6.396E-04
15     -- 14       663.4   1726.6025    173.6314   59.751  2.335E-03  6.390E-02  3.051E-06  1.142E-05  3.401E+00  2.255E-04
16     -- 15       751.7   1841.3455    162.8116   63.756  6.182E-04  1.812E-02  8.121E-07  3.051E-06  9.644E-01  7.754E-05
