* Radex version        : 30nov2011
* Geometry             : Uniform sphere
* Molecular data file  : ./data/co.dat                                                                   
* T(kin)            [K]:  150.000
* Density of H2  [cm-3]:  6.310E+05
* Density of pH2 [cm-3]:  1.577E+05
* Density of oH2 [cm-3]:  4.732E+05
* T(background)     [K]:   13.800
* Column density [cm-2]:  9.736E+20
* Line width     [km/s]:   50.000
Calculation finished in   36 iterations
      LINE         E_UP       FREQ        WAVEL     T_EX      TAU        T_R       POP        POP       FLUX        FLUX
                   (K)        (GHz)       (um)      (K)                  (K)        UP        LOW      (K*km/s) (erg/cm2/s)
1      -- 0          5.5    115.2712   2600.7576  149.970  1.839E+01  1.360E+02  5.306E-02  1.835E-02  7.239E+03  1.428E-04
2      -- 1         16.6    230.5380   1300.4037  149.968  6.956E+01  1.355E+02  8.214E-02  5.306E-02  7.212E+03  1.138E-03
3      -- 2         33.2    345.7960    866.9634  149.966  1.427E+02  1.347E+02  1.030E-01  8.214E-02  7.169E+03  3.818E-03
4      -- 3         55.3    461.0408    650.2515  149.962  2.226E+02  1.336E+02  1.142E-01  1.030E-01  7.111E+03  8.974E-03
5      -- 4         83.0    576.2679    520.2310  149.956  2.942E+02  1.322E+02  1.161E-01  1.142E-01  7.039E+03  1.735E-02
6      -- 5        116.2    691.4731    433.5562  149.947  3.452E+02  1.307E+02  1.099E-01  1.161E-01  6.955E+03  2.961E-02
7      -- 6        154.9    806.6518    371.6504  149.933  3.691E+02  1.289E+02  9.799E-02  1.099E-01  6.862E+03  4.638E-02
8      -- 7        199.1    921.7997    325.2252  149.911  3.648E+02  1.270E+02  8.268E-02  9.799E-02  6.760E+03  6.819E-02
9      -- 8        248.9   1036.9124    289.1203  149.880  3.366E+02  1.250E+02  6.630E-02  8.268E-02  6.652E+03  9.551E-02
10     -- 9        304.2   1151.9855    260.2398  149.826  2.918E+02  1.229E+02  5.067E-02  6.630E-02  6.539E+03  1.287E-01
11     -- 10       365.0   1267.0145    236.6133  149.747  2.391E+02  1.206E+02  3.697E-02  5.067E-02  6.421E+03  1.682E-01
12     -- 11       431.3   1381.9951    216.9273  149.615  1.855E+02  1.183E+02  2.580E-02  3.697E-02  6.299E+03  2.141E-01
13     -- 12       503.1   1496.9229    200.2725  149.396  1.368E+02  1.159E+02  1.722E-02  2.580E-02  6.171E+03  2.666E-01
14     -- 13       580.5   1611.7935    185.9993  148.976  9.611E+01  1.133E+02  1.101E-02  1.722E-02  6.033E+03  3.253E-01
15     -- 14       663.4   1726.6025    173.6314  148.223  6.439E+01  1.104E+02  6.727E-03  1.101E-02  5.877E+03  3.896E-01
16     -- 15       751.7   1841.3455    162.8116  146.644  4.123E+01  1.067E+02  3.920E-03  6.727E-03  5.680E+03  4.567E-01
