* Radex version        : 30nov2011
* Geometry             : Uniform sphere
* Molecular data file  : ./data/co.dat                                                                   
* T(kin)            [K]:  115.000
* Density of H2  [cm-3]:  1.585E+02
* Density of pH2 [cm-3]:  3.962E+01
* Density of oH2 [cm-3]:  1.189E+02
* T(background)     [K]:   13.800
* Column density [cm-2]:  2.445E+17
* Line width     [km/s]:   50.000
Calculation finished in   18 iterations
      LINE         E_UP       FREQ        WAVEL     T_EX      TAU        T_R       POP        POP       FLUX        FLUX
                   (K)        (GHz)       (um)      (K)                  (K)        UP        LOW      (K*km/s) (erg/cm2/s)
1      -- 0          5.5    115.2712   2600.7576   17.868  3.072E-01  1.065E+00  3.654E-01  1.660E-01  5.667E+01  1.118E-06
2      -- 1         16.6    230.5380   1300.4037   15.112  8.782E-01  7.303E-01  2.928E-01  3.654E-01  3.887E+01  6.133E-06
3      -- 2         33.2    345.7960    866.9634   14.590  8.285E-01  3.975E-01  1.314E-01  2.928E-01  2.116E+01  1.127E-05
4      -- 3         55.3    461.0408    650.2515   14.447  4.079E-01  1.772E-01  3.654E-02  1.314E-01  9.431E+00  1.190E-05
5      -- 4         83.0    576.2679    520.2310   14.603  1.192E-01  6.637E-02  6.720E-03  3.654E-02  3.533E+00  8.706E-06
6      -- 5        116.2    691.4731    433.5562   15.340  2.238E-02  2.249E-02  9.128E-04  6.720E-03  1.197E+00  5.096E-06
7      -- 6        154.9    806.6518    371.6504   17.764  3.000E-03  7.325E-03  1.191E-04  9.128E-04  3.899E-01  2.635E-06
8      -- 7        199.1    921.7997    325.2252   23.899  3.675E-04  2.342E-03  2.121E-05  1.191E-04  1.247E-01  1.258E-06
9      -- 8        248.9   1036.9124    289.1203   32.192  6.041E-05  7.303E-04  5.052E-06  2.121E-05  3.887E-02  5.581E-07
10     -- 9        304.2   1151.9855    260.2398   38.149  1.385E-05  2.207E-04  1.311E-06  5.052E-06  1.175E-02  2.313E-07
11     -- 10       365.0   1267.0145    236.6133   42.540  3.541E-06  6.513E-05  3.438E-07  1.311E-06  3.466E-03  9.080E-08
12     -- 11       431.3   1381.9951    216.9273   46.367  9.205E-07  1.869E-05  8.938E-08  3.438E-07  9.949E-04  3.382E-08
13     -- 12       503.1   1496.9229    200.2725   51.885  2.338E-07  5.518E-06  2.417E-08  8.938E-08  2.937E-04  1.269E-08
14     -- 13       580.5   1611.7935    185.9993   52.586  6.444E-08  1.468E-06  5.964E-09  2.417E-08  7.814E-05  4.214E-09
15     -- 14       663.4   1726.6025    173.6314   52.409  1.625E-08  3.455E-07  1.312E-09  5.964E-09  1.839E-05  1.219E-09
16     -- 15       751.7   1841.3455    162.8116   58.338  3.481E-09  8.617E-08  3.070E-10  1.312E-09  4.587E-06  3.688E-10
