* Radex version        : 30nov2011
* Geometry             : Uniform sphere
* Molecular data file  : ./data/co.dat                                                                   
* T(kin)            [K]:  150.000
* Density of H2  [cm-3]:  1.259E+04
* Density of pH2 [cm-3]:  3.147E+03
* Density of oH2 [cm-3]:  9.442E+03
* T(background)     [K]:   13.800
* Column density [cm-2]:  1.943E+19
* Line width     [km/s]:   50.000
Calculation finished in   37 iterations
      LINE         E_UP       FREQ        WAVEL     T_EX      TAU        T_R       POP        POP       FLUX        FLUX
                   (K)        (GHz)       (um)      (K)                  (K)        UP        LOW      (K*km/s) (erg/cm2/s)
1      -- 0          5.5    115.2712   2600.7576  361.764  2.332E-01  7.233E+01  8.223E-02  2.783E-02  3.850E+03  7.594E-05
2      -- 1         16.6    230.5380   1300.4037  123.862  2.584E+00  1.012E+02  1.253E-01  8.223E-02  5.384E+03  8.496E-04
3      -- 2         33.2    345.7960    866.9634  114.852  5.578E+00  9.925E+01  1.519E-01  1.253E-01  5.283E+03  2.813E-03
4      -- 3         55.3    461.0408    650.2515  109.951  8.705E+00  9.367E+01  1.597E-01  1.519E-01  4.986E+03  6.292E-03
5      -- 4         83.0    576.2679    520.2310  103.635  1.141E+01  8.611E+01  1.494E-01  1.597E-01  4.583E+03  1.130E-02
6      -- 5        116.2    691.4731    433.5562   95.037  1.316E+01  7.611E+01  1.246E-01  1.494E-01  4.051E+03  1.725E-02
7      -- 6        154.9    806.6518    371.6504   83.795  1.356E+01  6.343E+01  9.055E-02  1.246E-01  3.376E+03  2.282E-02
8      -- 7        199.1    921.7997    325.2252   70.134  1.231E+01  4.846E+01  5.461E-02  9.055E-02  2.579E+03  2.602E-02
9      -- 8        248.9   1036.9124    289.1203   55.238  9.323E+00  3.265E+01  2.479E-02  5.461E-02  1.738E+03  2.495E-02
10     -- 9        304.2   1151.9855    260.2398   41.746  5.179E+00  1.890E+01  7.288E-03  2.479E-02  1.006E+03  1.981E-02
11     -- 10       365.0   1267.0145    236.6133   34.851  1.697E+00  9.899E+00  1.394E-03  7.288E-03  5.269E+02  1.380E-02
12     -- 11       431.3   1381.9951    216.9273   41.471  3.111E-01  4.343E+00  3.062E-04  1.394E-03  2.312E+02  7.858E-03
13     -- 12       503.1   1496.9229    200.2725   56.199  6.123E-02  1.624E+00  9.210E-05  3.062E-04  8.642E+01  3.733E-03
14     -- 13       580.5   1611.7935    185.9993   63.154  1.788E-02  5.653E-01  2.906E-05  9.210E-05  3.009E+01  1.622E-03
15     -- 14       663.4   1726.6025    173.6314   66.314  5.651E-03  1.865E-01  8.905E-06  2.906E-05  9.924E+00  6.578E-04
16     -- 15       751.7   1841.3455    162.8116   70.792  1.716E-03  6.072E-02  2.721E-06  8.905E-06  3.232E+00  2.598E-04
