* Radex version        : 30nov2011
* Geometry             : Uniform sphere
* Molecular data file  : ./data/co.dat                                                                   
* T(kin)            [K]:  130.000
* Density of H2  [cm-3]:  1.585E+04
* Density of pH2 [cm-3]:  3.962E+03
* Density of oH2 [cm-3]:  1.189E+04
* T(background)     [K]:   13.800
* Column density [cm-2]:  2.445E+19
* Line width     [km/s]:   50.000
Calculation finished in   37 iterations
      LINE         E_UP       FREQ        WAVEL     T_EX      TAU        T_R       POP        POP       FLUX        FLUX
                   (K)        (GHz)       (um)      (K)                  (K)        UP        LOW      (K*km/s) (erg/cm2/s)
1      -- 0          5.5    115.2712   2600.7576  180.758  5.932E-01  7.463E+01  8.240E-02  2.832E-02  3.972E+03  7.835E-05
2      -- 1         16.6    230.5380   1300.4037  113.930  3.531E+00  9.657E+01  1.246E-01  8.240E-02  5.140E+03  8.111E-04
3      -- 2         33.2    345.7960    866.9634  110.384  7.244E+00  9.510E+01  1.501E-01  1.246E-01  5.062E+03  2.695E-03
4      -- 3         55.3    461.0408    650.2515  107.364  1.107E+01  9.111E+01  1.571E-01  1.501E-01  4.849E+03  6.120E-03
5      -- 4         83.0    576.2679    520.2310  102.927  1.422E+01  8.541E+01  1.467E-01  1.571E-01  4.546E+03  1.120E-02
6      -- 5        116.2    691.4731    433.5562   96.404  1.608E+01  7.747E+01  1.229E-01  1.467E-01  4.123E+03  1.756E-02
7      -- 6        154.9    806.6518    371.6504   87.215  1.633E+01  6.679E+01  9.098E-02  1.229E-01  3.555E+03  2.403E-02
8      -- 7        199.1    921.7997    325.2252   75.065  1.482E+01  5.324E+01  5.719E-02  9.098E-02  2.834E+03  2.858E-02
9      -- 8        248.9   1036.9124    289.1203   60.561  1.160E+01  3.766E+01  2.811E-02  5.719E-02  2.004E+03  2.878E-02
10     -- 9        304.2   1151.9855    260.2398   45.811  7.057E+00  2.255E+01  9.292E-03  2.811E-02  1.200E+03  2.363E-02
11     -- 10       365.0   1267.0145    236.6133   35.400  2.708E+00  1.171E+01  1.827E-03  9.292E-03  6.234E+02  1.633E-02
12     -- 11       431.3   1381.9951    216.9273   36.776  5.369E-01  5.207E+00  3.270E-04  1.827E-03  2.771E+02  9.421E-03
13     -- 12       503.1   1496.9229    200.2725   50.268  8.678E-02  1.848E+00  8.459E-05  3.270E-04  9.835E+01  4.248E-03
14     -- 13       580.5   1611.7935    185.9993   58.382  2.149E-02  5.895E-01  2.415E-05  8.459E-05  3.137E+01  1.692E-03
15     -- 14       663.4   1726.6025    173.6314   61.584  6.129E-03  1.770E-01  6.723E-06  2.415E-05  9.421E+00  6.245E-04
16     -- 15       751.7   1841.3455    162.8116   65.464  1.694E-03  5.210E-02  1.855E-06  6.723E-06  2.773E+00  2.230E-04
