* Radex version        : 30nov2011
* Geometry             : Uniform sphere
* Molecular data file  : ./data/co.dat                                                                   
* T(kin)            [K]:  145.000
* Density of H2  [cm-3]:  2.512E+05
* Density of pH2 [cm-3]:  6.280E+04
* Density of oH2 [cm-3]:  1.884E+05
* T(background)     [K]:   13.800
* Column density [cm-2]:  3.876E+20
* Line width     [km/s]:   50.000
Calculation finished in   38 iterations
      LINE         E_UP       FREQ        WAVEL     T_EX      TAU        T_R       POP        POP       FLUX        FLUX
                   (K)        (GHz)       (um)      (K)                  (K)        UP        LOW      (K*km/s) (erg/cm2/s)
1      -- 0          5.5    115.2712   2600.7576  144.870  7.877E+00  1.309E+02  5.512E-02  1.909E-02  6.965E+03  1.374E-04
2      -- 1         16.6    230.5380   1300.4037  144.817  2.975E+01  1.304E+02  8.511E-02  5.512E-02  6.938E+03  1.095E-03
3      -- 2         33.2    345.7960    866.9634  144.809  6.083E+01  1.295E+02  1.063E-01  8.511E-02  6.895E+03  3.672E-03
4      -- 3         55.3    461.0408    650.2515  144.785  9.448E+01  1.284E+02  1.173E-01  1.063E-01  6.836E+03  8.627E-03
5      -- 4         83.0    576.2679    520.2310  144.749  1.241E+02  1.271E+02  1.184E-01  1.173E-01  6.762E+03  1.667E-02
6      -- 5        116.2    691.4731    433.5562  144.694  1.447E+02  1.254E+02  1.112E-01  1.184E-01  6.677E+03  2.843E-02
7      -- 6        154.9    806.6518    371.6504  144.611  1.534E+02  1.236E+02  9.820E-02  1.112E-01  6.580E+03  4.448E-02
8      -- 7        199.1    921.7997    325.2252  144.483  1.502E+02  1.216E+02  8.194E-02  9.820E-02  6.473E+03  6.530E-02
9      -- 8        248.9   1036.9124    289.1203  144.292  1.371E+02  1.194E+02  6.487E-02  8.194E-02  6.358E+03  9.128E-02
10     -- 9        304.2   1151.9855    260.2398  143.961  1.175E+02  1.171E+02  4.883E-02  6.487E-02  6.230E+03  1.227E-01
11     -- 10       365.0   1267.0145    236.6133  143.466  9.496E+01  1.145E+02  3.501E-02  4.883E-02  6.092E+03  1.596E-01
12     -- 11       431.3   1381.9951    216.9273  142.615  7.262E+01  1.115E+02  2.390E-02  3.501E-02  5.933E+03  2.017E-01
13     -- 12       503.1   1496.9229    200.2725  141.094  5.273E+01  1.078E+02  1.551E-02  2.390E-02  5.738E+03  2.479E-01
14     -- 13       580.5   1611.7935    185.9993  137.990  3.651E+01  1.026E+02  9.511E-03  1.551E-02  5.462E+03  2.945E-01
15     -- 14       663.4   1726.6025    173.6314  131.764  2.414E+01  9.444E+01  5.421E-03  9.511E-03  5.027E+03  3.332E-01
16     -- 15       751.7   1841.3455    162.8116  119.912  1.524E+01  8.096E+01  2.762E-03  5.421E-03  4.309E+03  3.465E-01
