* Radex version        : 30nov2011
* Geometry             : Uniform sphere
* Molecular data file  : ./data/co.dat                                                                   
* T(kin)            [K]:  165.000
* Density of H2  [cm-3]:  1.000E+02
* Density of pH2 [cm-3]:  2.500E+01
* Density of oH2 [cm-3]:  7.500E+01
* T(background)     [K]:   13.800
* Column density [cm-2]:  1.543E+17
* Line width     [km/s]:   50.000
Calculation finished in   14 iterations
      LINE         E_UP       FREQ        WAVEL     T_EX      TAU        T_R       POP        POP       FLUX        FLUX
                   (K)        (GHz)       (um)      (K)                  (K)        UP        LOW      (K*km/s) (erg/cm2/s)
1      -- 0          5.5    115.2712   2600.7576   16.754  2.108E-01  5.553E-01  3.686E-01  1.710E-01  2.955E+01  5.830E-07
2      -- 1         16.6    230.5380   1300.4037   14.727  5.688E-01  3.826E-01  2.898E-01  3.686E-01  2.036E+01  3.213E-06
3      -- 2         33.2    345.7960    866.9634   14.380  5.214E-01  2.101E-01  1.280E-01  2.898E-01  1.118E+01  5.956E-06
4      -- 3         55.3    461.0408    650.2515   14.332  2.514E-01  9.656E-02  3.513E-02  1.280E-01  5.139E+00  6.486E-06
5      -- 4         83.0    576.2679    520.2310   14.558  7.241E-02  3.892E-02  6.424E-03  3.513E-02  2.071E+00  5.105E-06
6      -- 5        116.2    691.4731    433.5562   15.479  1.346E-02  1.487E-02  8.897E-04  6.424E-03  7.914E-01  3.370E-06
7      -- 6        154.9    806.6518    371.6504   18.704  1.818E-03  5.629E-03  1.296E-04  8.897E-04  2.996E-01  2.025E-06
8      -- 7        199.1    921.7997    325.2252   27.099  2.407E-04  2.137E-03  2.870E-05  1.296E-04  1.137E-01  1.147E-06
9      -- 8        248.9   1036.9124    289.1203   37.694  4.804E-05  8.044E-04  8.567E-06  2.870E-05  4.282E-02  6.148E-07
10     -- 9        304.2   1151.9855    260.2398   45.000  1.370E-05  2.994E-04  2.772E-06  8.567E-06  1.593E-02  3.137E-07
11     -- 10       365.0   1267.0145    236.6133   50.728  4.338E-06  1.106E-04  9.155E-07  2.772E-06  5.889E-03  1.543E-07
12     -- 11       431.3   1381.9951    216.9273   55.555  1.417E-06  4.009E-05  3.016E-07  9.155E-07  2.134E-03  7.253E-08
13     -- 12       503.1   1496.9229    200.2725   62.004  4.555E-07  1.479E-05  1.022E-07  3.016E-07  7.873E-04  3.401E-08
14     -- 13       580.5   1611.7935    185.9993   62.596  1.584E-07  4.974E-06  3.191E-08  1.022E-07  2.647E-04  1.427E-08
15     -- 14       663.4   1726.6025    173.6314   63.169  5.048E-08  1.532E-06  9.188E-09  3.191E-08  8.152E-05  5.404E-09
16     -- 15       751.7   1841.3455    162.8116   70.650  1.408E-08  4.968E-07  2.800E-09  9.188E-09  2.644E-05  2.126E-09
