* Radex version        : 30nov2011
* Geometry             : Uniform sphere
* Molecular data file  : ./data/co.dat                                                                   
* T(kin)            [K]:  155.000
* Density of H2  [cm-3]:  7.943E+03
* Density of pH2 [cm-3]:  1.986E+03
* Density of oH2 [cm-3]:  5.957E+03
* T(background)     [K]:    2.725
* Column density [cm-2]:  7.844E+19
* Line width     [km/s]:   50.000
Calculation finished in   41 iterations
      LINE         E_UP       FREQ        WAVEL     T_EX      TAU        T_R       POP        POP       FLUX        FLUX
                   (K)        (GHz)       (um)      (K)                  (K)        UP        LOW      (K*km/s) (erg/cm2/s)
1      -- 0          5.5    115.2712   2600.7576  162.652  1.789E+00  1.325E+02  6.960E-02  2.400E-02  7.052E+03  1.391E-04
2      -- 1         16.6    230.5380   1300.4037  132.656  8.271E+00  1.270E+02  1.067E-01  6.960E-02  6.758E+03  1.066E-03
3      -- 2         33.2    345.7960    866.9634  131.883  1.685E+01  1.237E+02  1.317E-01  1.067E-01  6.585E+03  3.507E-03
4      -- 3         55.3    461.0408    650.2515  129.610  2.625E+01  1.189E+02  1.428E-01  1.317E-01  6.326E+03  7.984E-03
5      -- 4         83.0    576.2679    520.2310  125.892  3.470E+01  1.126E+02  1.401E-01  1.428E-01  5.991E+03  1.477E-02
6      -- 5        116.2    691.4731    433.5562  120.314  4.076E+01  1.045E+02  1.257E-01  1.401E-01  5.561E+03  2.368E-02
7      -- 6        154.9    806.6518    371.6504  112.281  4.356E+01  9.403E+01  1.027E-01  1.257E-01  5.005E+03  3.383E-02
8      -- 7        199.1    921.7997    325.2252  101.250  4.267E+01  8.074E+01  7.520E-02  1.027E-01  4.297E+03  4.335E-02
9      -- 8        248.9   1036.9124    289.1203   87.037  3.802E+01  6.451E+01  4.745E-02  7.520E-02  3.434E+03  4.930E-02
10     -- 9        304.2   1151.9855    260.2398   70.199  2.972E+01  4.615E+01  2.386E-02  4.745E-02  2.456E+03  4.836E-02
11     -- 10       365.0   1267.0145    236.6133   53.017  1.855E+01  2.830E+01  8.299E-03  2.386E-02  1.506E+03  3.946E-02
12     -- 11       431.3   1381.9951    216.9273   38.548  7.692E+00  1.445E+01  1.614E-03  8.299E-03  7.691E+02  2.614E-02
13     -- 12       503.1   1496.9229    200.2725   32.678  1.606E+00  7.168E+00  1.935E-04  1.614E-03  3.815E+02  1.648E-02
14     -- 13       580.5   1611.7935    185.9993   47.025  1.733E-01  2.944E+00  4.011E-05  1.935E-04  1.567E+02  8.451E-03
15     -- 14       663.4   1726.6025    173.6314   65.140  3.177E-02  1.009E+00  1.202E-05  4.011E-05  5.370E+01  3.560E-03
16     -- 15       751.7   1841.3455    162.8116   72.088  9.263E-03  3.385E-01  3.754E-06  1.202E-05  1.802E+01  1.448E-03
