* Radex version        : 30nov2011
* Geometry             : Uniform sphere
* Molecular data file  : ./data/co.dat                                                                   
* T(kin)            [K]:  195.000
* Density of H2  [cm-3]:  2.512E+05
* Density of pH2 [cm-3]:  6.280E+04
* Density of oH2 [cm-3]:  1.884E+05
* T(background)     [K]:   13.800
* Column density [cm-2]:  3.876E+20
* Line width     [km/s]:   50.000
Calculation finished in   39 iterations
      LINE         E_UP       FREQ        WAVEL     T_EX      TAU        T_R       POP        POP       FLUX        FLUX
                   (K)        (GHz)       (um)      (K)                  (K)        UP        LOW      (K*km/s) (erg/cm2/s)
1      -- 0          5.5    115.2712   2600.7576  194.970  4.403E+00  1.788E+02  4.167E-02  1.429E-02  9.516E+03  1.877E-04
2      -- 1         16.6    230.5380   1300.4037  194.523  1.691E+01  1.800E+02  6.562E-02  4.167E-02  9.583E+03  1.512E-03
3      -- 2         33.2    345.7960    866.9634  194.536  3.541E+01  1.792E+02  8.435E-02  6.562E-02  9.539E+03  5.080E-03
4      -- 3         55.3    461.0408    650.2515  194.494  5.691E+01  1.781E+02  9.679E-02  8.435E-02  9.478E+03  1.196E-02
5      -- 4         83.0    576.2679    520.2310  194.432  7.813E+01  1.766E+02  1.026E-01  9.679E-02  9.401E+03  2.317E-02
6      -- 5        116.2    691.4731    433.5562  194.348  9.605E+01  1.749E+02  1.022E-01  1.026E-01  9.311E+03  3.964E-02
7      -- 6        154.9    806.6518    371.6504  194.218  1.085E+02  1.730E+02  9.664E-02  1.022E-01  9.209E+03  6.225E-02
8      -- 7        199.1    921.7997    325.2252  194.038  1.143E+02  1.709E+02  8.720E-02  9.664E-02  9.096E+03  9.175E-02
9      -- 8        248.9   1036.9124    289.1203  193.783  1.133E+02  1.686E+02  7.539E-02  8.720E-02  8.972E+03  1.288E-01
10     -- 9        304.2   1151.9855    260.2398  193.377  1.064E+02  1.660E+02  6.260E-02  7.539E-02  8.837E+03  1.740E-01
11     -- 10       365.0   1267.0145    236.6133  192.849  9.530E+01  1.633E+02  5.002E-02  6.260E-02  8.691E+03  2.277E-01
12     -- 11       431.3   1381.9951    216.9273  192.022  8.149E+01  1.602E+02  3.849E-02  5.002E-02  8.528E+03  2.899E-01
13     -- 12       503.1   1496.9229    200.2725  190.772  6.679E+01  1.567E+02  2.853E-02  3.849E-02  8.341E+03  3.603E-01
14     -- 13       580.5   1611.7935    185.9993  188.520  5.266E+01  1.522E+02  2.033E-02  2.853E-02  8.101E+03  4.368E-01
15     -- 14       663.4   1726.6025    173.6314  184.876  3.993E+01  1.463E+02  1.388E-02  2.033E-02  7.788E+03  5.163E-01
16     -- 15       751.7   1841.3455    162.8116  178.225  2.925E+01  1.375E+02  8.999E-03  1.388E-02  7.320E+03  5.885E-01
