* Radex version        : 30nov2011
* Geometry             : Uniform sphere
* Molecular data file  : ./data/co.dat                                                                   
* T(kin)            [K]:  125.000
* Density of H2  [cm-3]:  1.995E+03
* Density of pH2 [cm-3]:  4.988E+02
* Density of oH2 [cm-3]:  1.496E+03
* T(background)     [K]:   13.800
* Column density [cm-2]:  3.079E+18
* Line width     [km/s]:   50.000
Calculation finished in   31 iterations
      LINE         E_UP       FREQ        WAVEL     T_EX      TAU        T_R       POP        POP       FLUX        FLUX
                   (K)        (GHz)       (um)      (K)                  (K)        UP        LOW      (K*km/s) (erg/cm2/s)
1      -- 0          5.5    115.2712   2600.7576  252.095  1.301E-01  2.905E+01  2.011E-01  6.851E-02  1.546E+03  3.050E-05
2      -- 1         16.6    230.5380   1300.4037   45.118  2.549E+00  2.840E+01  2.622E-01  2.011E-01  1.512E+03  2.385E-04
3      -- 2         33.2    345.7960    866.9634   37.701  4.895E+00  2.271E+01  2.364E-01  2.622E-01  1.209E+03  6.437E-04
4      -- 3         55.3    461.0408    650.2515   31.461  5.950E+00  1.607E+01  1.504E-01  2.364E-01  8.552E+02  1.079E-03
5      -- 4         83.0    576.2679    520.2310   25.470  4.819E+00  9.709E+00  6.207E-02  1.504E-01  5.168E+02  1.274E-03
6      -- 5        116.2    691.4731    433.5562   21.406  2.317E+00  5.088E+00  1.557E-02  6.207E-02  2.708E+02  1.153E-03
7      -- 6        154.9    806.6518    371.6504   21.291  6.083E-01  2.282E+00  2.915E-03  1.557E-02  1.215E+02  8.211E-04
8      -- 7        199.1    921.7997    325.2252   26.173  1.095E-01  8.441E-01  6.094E-04  2.915E-03  4.493E+01  4.532E-04
9      -- 8        248.9   1036.9124    289.1203   34.013  2.134E-02  2.872E-01  1.577E-04  6.094E-04  1.529E+01  2.195E-04
10     -- 9        304.2   1151.9855    260.2398   40.403  5.302E-03  9.439E-02  4.436E-05  1.577E-04  5.024E+00  9.892E-05
11     -- 10       365.0   1267.0145    236.6133   45.096  1.468E-03  3.019E-02  1.262E-05  4.436E-05  1.607E+00  4.209E-05
12     -- 11       431.3   1381.9951    216.9273   49.482  4.126E-04  9.476E-03  3.589E-06  1.262E-05  5.043E-01  1.714E-05
13     -- 12       503.1   1496.9229    200.2725   54.397  1.156E-04  2.978E-03  1.035E-06  3.589E-06  1.585E-01  6.846E-06
14     -- 13       580.5   1611.7935    185.9993   55.874  3.379E-05  8.638E-04  2.784E-07  1.035E-06  4.598E-02  2.479E-06
15     -- 14       663.4   1726.6025    173.6314   56.527  9.248E-06  2.281E-04  6.870E-08  2.784E-07  1.214E-02  8.049E-07
16     -- 15       751.7   1841.3455    162.8116   61.824  2.237E-06  6.192E-05  1.751E-08  6.870E-08  3.296E-03  2.650E-07
