* Radex version        : 30nov2011
* Geometry             : Uniform sphere
* Molecular data file  : ./data/co.dat                                                                   
* T(kin)            [K]:  115.000
* Density of H2  [cm-3]:  1.000E+06
* Density of pH2 [cm-3]:  2.500E+05
* Density of oH2 [cm-3]:  7.500E+05
* T(background)     [K]:   13.800
* Column density [cm-2]:  1.543E+21
* Line width     [km/s]:   50.000
Calculation finished in   33 iterations
      LINE         E_UP       FREQ        WAVEL     T_EX      TAU        T_R       POP        POP       FLUX        FLUX
                   (K)        (GHz)       (um)      (K)                  (K)        UP        LOW      (K*km/s) (erg/cm2/s)
1      -- 0          5.5    115.2712   2600.7576  114.995  4.915E+01  1.010E+02  6.823E-02  2.386E-02  5.377E+03  1.061E-04
2      -- 1         16.6    230.5380   1300.4037  114.995  1.828E+02  1.006E+02  1.033E-01  6.823E-02  5.352E+03  8.445E-04
3      -- 2         33.2    345.7960    866.9634  114.994  3.647E+02  9.977E+01  1.252E-01  1.033E-01  5.310E+03  2.828E-03
4      -- 3         55.3    461.0408    650.2515  114.993  5.473E+02  9.871E+01  1.328E-01  1.252E-01  5.254E+03  6.631E-03
5      -- 4         83.0    576.2679    520.2310  114.992  6.878E+02  9.741E+01  1.276E-01  1.328E-01  5.185E+03  1.278E-02
6      -- 5        116.2    691.4731    433.5562  114.989  7.593E+02  9.590E+01  1.130E-01  1.276E-01  5.104E+03  2.173E-02
7      -- 6        154.9    806.6518    371.6504  114.985  7.551E+02  9.422E+01  9.309E-02  1.130E-01  5.015E+03  3.390E-02
8      -- 7        199.1    921.7997    325.2252  114.979  6.865E+02  9.241E+01  7.181E-02  9.309E-02  4.918E+03  4.961E-02
9      -- 8        248.9   1036.9124    289.1203  114.968  5.762E+02  9.049E+01  5.206E-02  7.181E-02  4.816E+03  6.915E-02
10     -- 9        304.2   1151.9855    260.2398  114.949  4.493E+02  8.849E+01  3.557E-02  5.206E-02  4.710E+03  9.273E-02
11     -- 10       365.0   1267.0145    236.6133  114.916  3.275E+02  8.643E+01  2.295E-02  3.557E-02  4.600E+03  1.205E-01
12     -- 11       431.3   1381.9951    216.9273  114.855  2.236E+02  8.432E+01  1.400E-02  2.295E-02  4.488E+03  1.526E-01
13     -- 12       503.1   1496.9229    200.2725  114.739  1.434E+02  8.215E+01  8.085E-03  1.400E-02  4.372E+03  1.889E-01
14     -- 13       580.5   1611.7935    185.9993  114.487  8.672E+01  7.985E+01  4.419E-03  8.085E-03  4.250E+03  2.292E-01
15     -- 14       663.4   1726.6025    173.6314  113.924  4.944E+01  7.727E+01  2.282E-03  4.419E-03  4.112E+03  2.726E-01
16     -- 15       751.7   1841.3455    162.8116  112.499  2.665E+01  7.389E+01  1.108E-03  2.282E-03  3.933E+03  3.162E-01
