* Radex version        : 30nov2011
* Geometry             : Uniform sphere
* Molecular data file  : ./data/co.dat                                                                   
* T(kin)            [K]:  145.000
* Density of H2  [cm-3]:  1.259E+05
* Density of pH2 [cm-3]:  3.147E+04
* Density of oH2 [cm-3]:  9.442E+04
* T(background)     [K]:   13.800
* Column density [cm-2]:  1.943E+20
* Line width     [km/s]:   50.000
Calculation finished in   39 iterations
      LINE         E_UP       FREQ        WAVEL     T_EX      TAU        T_R       POP        POP       FLUX        FLUX
                   (K)        (GHz)       (um)      (K)                  (K)        UP        LOW      (K*km/s) (erg/cm2/s)
1      -- 0          5.5    115.2712   2600.7576  144.934  4.007E+00  1.286E+02  5.597E-02  1.938E-02  6.844E+03  1.350E-04
2      -- 1         16.6    230.5380   1300.4037  144.250  1.520E+01  1.298E+02  8.639E-02  5.597E-02  6.908E+03  1.090E-03
3      -- 2         33.2    345.7960    866.9634  144.258  3.106E+01  1.290E+02  1.078E-01  8.639E-02  6.866E+03  3.656E-03
4      -- 3         55.3    461.0408    650.2515  144.163  4.824E+01  1.278E+02  1.189E-01  1.078E-01  6.803E+03  8.585E-03
5      -- 4         83.0    576.2679    520.2310  144.023  6.338E+01  1.263E+02  1.199E-01  1.189E-01  6.724E+03  1.657E-02
6      -- 5        116.2    691.4731    433.5562  143.809  7.386E+01  1.246E+02  1.125E-01  1.199E-01  6.630E+03  2.823E-02
7      -- 6        154.9    806.6518    371.6504  143.487  7.832E+01  1.225E+02  9.913E-02  1.125E-01  6.520E+03  4.408E-02
8      -- 7        199.1    921.7997    325.2252  142.987  7.667E+01  1.201E+02  8.245E-02  9.913E-02  6.394E+03  6.450E-02
9      -- 8        248.9   1036.9124    289.1203  142.228  6.999E+01  1.174E+02  6.494E-02  8.245E-02  6.249E+03  8.972E-02
10     -- 9        304.2   1151.9855    260.2398  140.922  5.997E+01  1.141E+02  4.849E-02  6.494E-02  6.071E+03  1.195E-01
11     -- 10       365.0   1267.0145    236.6133  138.862  4.851E+01  1.099E+02  3.427E-02  4.849E-02  5.850E+03  1.532E-01
12     -- 11       431.3   1381.9951    216.9273  135.194  3.715E+01  1.042E+02  2.281E-02  3.427E-02  5.545E+03  1.885E-01
13     -- 12       503.1   1496.9229    200.2725  128.459  2.708E+01  9.547E+01  1.408E-02  2.281E-02  5.082E+03  2.195E-01
14     -- 13       580.5   1611.7935    185.9993  116.575  1.877E+01  8.186E+01  7.789E-03  1.408E-02  4.357E+03  2.349E-01
15     -- 14       663.4   1726.6025    173.6314   98.688  1.206E+01  6.278E+01  3.596E-03  7.789E-03  3.342E+03  2.215E-01
16     -- 15       751.7   1841.3455    162.8116   77.266  6.620E+00  4.112E+01  1.220E-03  3.596E-03  2.189E+03  1.760E-01
