* Radex version        : 30nov2011
* Geometry             : Uniform sphere
* Molecular data file  : ./data/co.dat                                                                   
* T(kin)            [K]:  125.000
* Density of H2  [cm-3]:  2.512E+05
* Density of pH2 [cm-3]:  6.280E+04
* Density of oH2 [cm-3]:  1.884E+05
* T(background)     [K]:   13.800
* Column density [cm-2]:  3.876E+20
* Line width     [km/s]:   50.000
Calculation finished in   37 iterations
      LINE         E_UP       FREQ        WAVEL     T_EX      TAU        T_R       POP        POP       FLUX        FLUX
                   (K)        (GHz)       (um)      (K)                  (K)        UP        LOW      (K*km/s) (erg/cm2/s)
1      -- 0          5.5    115.2712   2600.7576  124.905  1.054E+01  1.109E+02  6.337E-02  2.208E-02  5.905E+03  1.165E-04
2      -- 1         16.6    230.5380   1300.4037  124.887  3.943E+01  1.104E+02  9.667E-02  6.337E-02  5.878E+03  9.275E-04
3      -- 2         33.2    345.7960    866.9634  124.879  7.940E+01  1.096E+02  1.185E-01  9.667E-02  5.835E+03  3.107E-03
4      -- 3         55.3    461.0408    650.2515  124.861  1.207E+02  1.086E+02  1.276E-01  1.185E-01  5.778E+03  7.292E-03
5      -- 4         83.0    576.2679    520.2310  124.834  1.544E+02  1.072E+02  1.250E-01  1.276E-01  5.706E+03  1.406E-02
6      -- 5        116.2    691.4731    433.5562  124.790  1.740E+02  1.056E+02  1.132E-01  1.250E-01  5.623E+03  2.394E-02
7      -- 6        154.9    806.6518    371.6504  124.723  1.774E+02  1.039E+02  9.577E-02  1.132E-01  5.529E+03  3.737E-02
8      -- 7        199.1    921.7997    325.2252  124.613  1.660E+02  1.019E+02  7.610E-02  9.577E-02  5.425E+03  5.473E-02
9      -- 8        248.9   1036.9124    289.1203  124.441  1.439E+02  9.982E+01  5.702E-02  7.610E-02  5.313E+03  7.629E-02
10     -- 9        304.2   1151.9855    260.2398  124.129  1.164E+02  9.751E+01  4.037E-02  5.702E-02  5.190E+03  1.022E-01
11     -- 10       365.0   1267.0145    236.6133  123.619  8.829E+01  9.495E+01  2.704E-02  4.037E-02  5.054E+03  1.324E-01
12     -- 11       431.3   1381.9951    216.9273  122.688  6.297E+01  9.195E+01  1.711E-02  2.704E-02  4.894E+03  1.664E-01
13     -- 12       503.1   1496.9229    200.2725  120.838  4.242E+01  8.806E+01  1.020E-02  1.711E-02  4.687E+03  2.025E-01
14     -- 13       580.5   1611.7935    185.9993  116.662  2.712E+01  8.194E+01  5.645E-03  1.020E-02  4.361E+03  2.352E-01
15     -- 14       663.4   1726.6025    173.6314  107.755  1.647E+01  7.138E+01  2.797E-03  5.645E-03  3.799E+03  2.518E-01
16     -- 15       751.7   1841.3455    162.8116   92.215  9.294E+00  5.483E+01  1.142E-03  2.797E-03  2.918E+03  2.346E-01
