* Radex version        : 30nov2011
* Geometry             : Uniform sphere
* Molecular data file  : ./data/co.dat                                                                   
* T(kin)            [K]:  100.000
* Density of H2  [cm-3]:  1.995E+05
* Density of pH2 [cm-3]:  4.988E+04
* Density of oH2 [cm-3]:  1.496E+05
* T(background)     [K]:   13.800
* Column density [cm-2]:  3.079E+20
* Line width     [km/s]:   50.000
Calculation finished in   37 iterations
      LINE         E_UP       FREQ        WAVEL     T_EX      TAU        T_R       POP        POP       FLUX        FLUX
                   (K)        (GHz)       (um)      (K)                  (K)        UP        LOW      (K*km/s) (erg/cm2/s)
1      -- 0          5.5    115.2712   2600.7576   99.923  1.298E+01  8.596E+01  7.818E-02  2.754E-02  4.575E+03  9.025E-05
2      -- 1         16.6    230.5380   1300.4037   99.914  4.777E+01  8.548E+01  1.166E-01  7.818E-02  4.550E+03  7.179E-04
3      -- 2         33.2    345.7960    866.9634   99.905  9.359E+01  8.471E+01  1.383E-01  1.166E-01  4.509E+03  2.401E-03
4      -- 3         55.3    461.0408    650.2515   99.887  1.370E+02  8.366E+01  1.425E-01  1.383E-01  4.453E+03  5.620E-03
5      -- 4         83.0    576.2679    520.2310   99.857  1.667E+02  8.236E+01  1.320E-01  1.425E-01  4.383E+03  1.080E-02
6      -- 5        116.2    691.4731    433.5562   99.807  1.769E+02  8.084E+01  1.119E-01  1.320E-01  4.303E+03  1.832E-02
7      -- 6        154.9    806.6518    371.6504   99.727  1.679E+02  7.913E+01  8.757E-02  1.119E-01  4.212E+03  2.847E-02
8      -- 7        199.1    921.7997    325.2252   99.584  1.447E+02  7.723E+01  6.365E-02  8.757E-02  4.110E+03  4.146E-02
9      -- 8        248.9   1036.9124    289.1203   99.338  1.143E+02  7.514E+01  4.310E-02  6.365E-02  3.999E+03  5.742E-02
10     -- 9        304.2   1151.9855    260.2398   98.846  8.329E+01  7.274E+01  2.723E-02  4.310E-02  3.872E+03  7.622E-02
11     -- 10       365.0   1267.0145    236.6133   97.895  5.633E+01  6.987E+01  1.603E-02  2.723E-02  3.719E+03  9.741E-02
12     -- 11       431.3   1381.9951    216.9273   95.804  3.547E+01  6.589E+01  8.717E-03  1.603E-02  3.507E+03  1.192E-01
13     -- 12       503.1   1496.9229    200.2725   90.823  2.093E+01  5.919E+01  4.268E-03  8.717E-03  3.151E+03  1.361E-01
14     -- 13       580.5   1611.7935    185.9993   80.017  1.152E+01  4.719E+01  1.744E-03  4.268E-03  2.512E+03  1.354E-01
15     -- 14       663.4   1726.6025    173.6314   63.635  5.483E+00  3.062E+01  5.069E-04  1.744E-03  1.630E+03  1.080E-01
16     -- 15       751.7   1841.3455    162.8116   50.674  1.791E+00  1.548E+01  9.433E-05  5.069E-04  8.239E+02  6.624E-02
