* Radex version        : 30nov2011
* Geometry             : Uniform sphere
* Molecular data file  : ./data/co.dat                                                                   
* T(kin)            [K]:  155.000
* Density of H2  [cm-3]:  2.512E+05
* Density of pH2 [cm-3]:  6.280E+04
* Density of oH2 [cm-3]:  1.884E+05
* T(background)     [K]:    2.725
* Column density [cm-2]:  2.481E+21
* Line width     [km/s]:   50.000
Calculation finished in   39 iterations
      LINE         E_UP       FREQ        WAVEL     T_EX      TAU        T_R       POP        POP       FLUX        FLUX
                   (K)        (GHz)       (um)      (K)                  (K)        UP        LOW      (K*km/s) (erg/cm2/s)
1      -- 0          5.5    115.2712   2600.7576  154.961  4.392E+01  1.514E+02  5.142E-02  1.776E-02  8.057E+03  1.589E-04
2      -- 1         16.6    230.5380   1300.4037  154.961  1.664E+02  1.493E+02  7.980E-02  5.142E-02  7.947E+03  1.254E-03
3      -- 2         33.2    345.7960    866.9634  154.960  3.423E+02  1.468E+02  1.004E-01  7.980E-02  7.812E+03  4.160E-03
4      -- 3         55.3    461.0408    650.2515  154.956  5.364E+02  1.441E+02  1.119E-01  1.004E-01  7.672E+03  9.683E-03
5      -- 4         83.0    576.2679    520.2310  154.950  7.126E+02  1.415E+02  1.144E-01  1.119E-01  7.533E+03  1.857E-02
6      -- 5        116.2    691.4731    433.5562  154.941  8.417E+02  1.389E+02  1.091E-01  1.144E-01  7.395E+03  3.149E-02
7      -- 6        154.9    806.6518    371.6504  154.927  9.069E+02  1.364E+02  9.807E-02  1.091E-01  7.259E+03  4.906E-02
8      -- 7        199.1    921.7997    325.2252  154.905  9.043E+02  1.338E+02  8.354E-02  9.807E-02  7.123E+03  7.186E-02
9      -- 8        248.9   1036.9124    289.1203  154.873  8.428E+02  1.313E+02  6.771E-02  8.354E-02  6.990E+03  1.004E-01
10     -- 9        304.2   1151.9855    260.2398  154.818  7.389E+02  1.288E+02  5.236E-02  6.771E-02  6.856E+03  1.350E-01
11     -- 10       365.0   1267.0145    236.6133  154.740  6.129E+02  1.263E+02  3.871E-02  5.236E-02  6.724E+03  1.761E-01
12     -- 11       431.3   1381.9951    216.9273  154.611  4.821E+02  1.238E+02  2.740E-02  3.871E-02  6.590E+03  2.240E-01
13     -- 12       503.1   1496.9229    200.2725  154.400  3.608E+02  1.213E+02  1.858E-02  2.740E-02  6.454E+03  2.788E-01
14     -- 13       580.5   1611.7935    185.9993  154.001  2.576E+02  1.185E+02  1.208E-02  1.858E-02  6.310E+03  3.402E-01
15     -- 14       663.4   1726.6025    173.6314  153.303  1.755E+02  1.156E+02  7.520E-03  1.208E-02  6.152E+03  4.078E-01
16     -- 15       751.7   1841.3455    162.8116  151.882  1.145E+02  1.120E+02  4.474E-03  7.520E-03  5.959E+03  4.791E-01
