* Radex version        : 30nov2011
* Geometry             : Uniform sphere
* Molecular data file  : ./data/co.dat                                                                   
* T(kin)            [K]:  175.000
* Density of H2  [cm-3]:  1.000E+03
* Density of pH2 [cm-3]:  2.500E+02
* Density of oH2 [cm-3]:  7.500E+02
* T(background)     [K]:   13.800
* Column density [cm-2]:  1.543E+18
* Line width     [km/s]:   50.000
Calculation finished in   29 iterations
      LINE         E_UP       FREQ        WAVEL     T_EX      TAU        T_R       POP        POP       FLUX        FLUX
                   (K)        (GHz)       (um)      (K)                  (K)        UP        LOW      (K*km/s) (erg/cm2/s)
1      -- 0          5.5    115.2712   2600.7576  147.154  1.409E-01  1.750E+01  2.516E-01  8.709E-02  9.316E+02  1.838E-05
2      -- 1         16.6    230.5380   1300.4037   31.929  2.153E+00  1.566E+01  2.966E-01  2.516E-01  8.334E+02  1.315E-04
3      -- 2         33.2    345.7960    866.9634   26.175  3.659E+00  1.132E+01  2.202E-01  2.966E-01  6.026E+02  3.209E-04
4      -- 3         55.3    461.0408    650.2515   22.172  3.473E+00  7.117E+00  1.044E-01  2.202E-01  3.788E+02  4.781E-04
5      -- 4         83.0    576.2679    520.2310   19.615  1.912E+00  3.942E+00  3.115E-02  1.044E-01  2.098E+02  5.171E-04
6      -- 5        116.2    691.4731    433.5562   19.685  6.025E-01  1.925E+00  6.821E-03  3.115E-02  1.025E+02  4.363E-04
7      -- 6        154.9    806.6518    371.6504   23.507  1.288E-01  8.149E-01  1.516E-03  6.821E-03  4.337E+01  2.932E-04
8      -- 7        199.1    921.7997    325.2252   31.455  2.643E-02  3.257E-01  4.210E-04  1.516E-03  1.734E+01  1.749E-04
9      -- 8        248.9   1036.9124    289.1203   39.990  6.845E-03  1.279E-01  1.356E-04  4.210E-04  6.808E+00  9.775E-05
10     -- 9        304.2   1151.9855    260.2398   46.735  2.126E-03  4.968E-02  4.591E-05  1.356E-04  2.644E+00  5.205E-05
11     -- 10       365.0   1267.0145    236.6133   52.578  7.051E-04  1.914E-02  1.582E-05  4.591E-05  1.019E+00  2.669E-05
12     -- 11       431.3   1381.9951    216.9273   57.917  2.395E-04  7.280E-03  5.470E-06  1.582E-05  3.875E-01  1.317E-05
13     -- 12       503.1   1496.9229    200.2725   64.149  8.113E-05  2.791E-03  1.928E-06  5.470E-06  1.485E-01  6.416E-06
14     -- 13       580.5   1611.7935    185.9993   65.359  2.920E-05  9.886E-04  6.340E-07  1.928E-06  5.262E-02  2.838E-06
15     -- 14       663.4   1726.6025    173.6314   66.479  9.778E-06  3.250E-04  1.949E-07  6.340E-07  1.730E-02  1.147E-06
16     -- 15       751.7   1841.3455    162.8116   73.653  2.922E-06  1.109E-04  6.248E-08  1.949E-07  5.903E-03  4.746E-07
