* Radex version        : 30nov2011
* Geometry             : Uniform sphere
* Molecular data file  : ./data/co.dat                                                                   
* T(kin)            [K]:  150.000
* Density of H2  [cm-3]:  1.585E+03
* Density of pH2 [cm-3]:  3.962E+02
* Density of oH2 [cm-3]:  1.189E+03
* T(background)     [K]:   13.800
* Column density [cm-2]:  2.445E+18
* Line width     [km/s]:   50.000
Calculation finished in   31 iterations
      LINE         E_UP       FREQ        WAVEL     T_EX      TAU        T_R       POP        POP       FLUX        FLUX
                   (K)        (GHz)       (um)      (K)                  (K)        UP        LOW      (K*km/s) (erg/cm2/s)
1      -- 0          5.5    115.2712   2600.7576  383.263  7.196E-02  2.564E+01  2.137E-01  7.226E-02  1.365E+03  2.692E-05
2      -- 1         16.6    230.5380   1300.4037   41.609  2.310E+00  2.461E+01  2.730E-01  2.137E-01  1.310E+03  2.067E-04
3      -- 2         33.2    345.7960    866.9634   34.114  4.379E+00  1.912E+01  2.350E-01  2.730E-01  1.017E+03  5.418E-04
4      -- 3         55.3    461.0408    650.2515   28.369  5.037E+00  1.307E+01  1.385E-01  2.350E-01  6.957E+02  8.780E-04
5      -- 4         83.0    576.2679    520.2310   23.388  3.689E+00  7.717E+00  5.188E-02  1.385E-01  4.107E+02  1.012E-03
6      -- 5        116.2    691.4731    433.5562   20.774  1.557E+00  4.047E+00  1.241E-02  5.188E-02  2.154E+02  9.171E-04
7      -- 6        154.9    806.6518    371.6504   22.228  3.792E-01  1.809E+00  2.509E-03  1.241E-02  9.630E+01  6.509E-04
8      -- 7        199.1    921.7997    325.2252   28.566  7.230E-02  7.024E-01  6.043E-04  2.509E-03  3.738E+01  3.771E-04
9      -- 8        248.9   1036.9124    289.1203   37.070  1.616E-02  2.598E-01  1.764E-04  6.043E-04  1.383E+01  1.985E-04
10     -- 9        304.2   1151.9855    260.2398   43.768  4.533E-03  9.395E-02  5.514E-05  1.764E-04  5.000E+00  9.845E-05
11     -- 10       365.0   1267.0145    236.6133   49.028  1.392E-03  3.338E-02  1.747E-05  5.514E-05  1.777E+00  4.654E-05
12     -- 11       431.3   1381.9951    216.9273   53.909  4.352E-04  1.168E-02  5.549E-06  1.747E-05  6.214E-01  2.112E-05
13     -- 12       503.1   1496.9229    200.2725   59.423  1.358E-04  4.098E-03  1.789E-06  5.549E-06  2.181E-01  9.421E-06
14     -- 13       580.5   1611.7935    185.9993   60.951  4.451E-05  1.333E-03  5.400E-07  1.789E-06  7.096E-02  3.827E-06
15     -- 14       663.4   1726.6025    173.6314   61.978  1.366E-05  4.004E-04  1.516E-07  5.400E-07  2.131E-02  1.413E-06
16     -- 15       751.7   1841.3455    162.8116   68.007  3.751E-06  1.237E-04  4.401E-08  1.516E-07  6.585E-03  5.295E-07
