* Radex version        : 30nov2011
* Geometry             : Uniform sphere
* Molecular data file  : ./data/co.dat                                                                   
* T(kin)            [K]:  105.000
* Density of H2  [cm-3]:  6.310E+05
* Density of pH2 [cm-3]:  1.577E+05
* Density of oH2 [cm-3]:  4.732E+05
* T(background)     [K]:    2.725
* Column density [cm-2]:  6.231E+21
* Line width     [km/s]:   50.000
Calculation finished in   35 iterations
      LINE         E_UP       FREQ        WAVEL     T_EX      TAU        T_R       POP        POP       FLUX        FLUX
                   (K)        (GHz)       (um)      (K)                  (K)        UP        LOW      (K*km/s) (erg/cm2/s)
1      -- 0          5.5    115.2712   2600.7576  104.998  2.373E+02  1.014E+02  7.431E-02  2.611E-02  5.398E+03  1.065E-04
2      -- 1         16.6    230.5380   1300.4037  104.998  8.767E+02  9.937E+01  1.115E-01  7.431E-02  5.289E+03  8.345E-04
3      -- 2         33.2    345.7960    866.9634  104.998  1.729E+03  9.688E+01  1.332E-01  1.115E-01  5.156E+03  2.746E-03
4      -- 3         55.3    461.0408    650.2515  104.998  2.554E+03  9.432E+01  1.388E-01  1.332E-01  5.020E+03  6.335E-03
5      -- 4         83.0    576.2679    520.2310  104.997  3.145E+03  9.177E+01  1.303E-01  1.388E-01  4.885E+03  1.204E-02
6      -- 5        116.2    691.4731    433.5562  104.996  3.386E+03  8.928E+01  1.123E-01  1.303E-01  4.752E+03  2.023E-02
7      -- 6        154.9    806.6518    371.6504  104.995  3.269E+03  8.683E+01  8.960E-02  1.123E-01  4.621E+03  3.124E-02
8      -- 7        199.1    921.7997    325.2252  104.993  2.872E+03  8.442E+01  6.663E-02  8.960E-02  4.493E+03  4.533E-02
9      -- 8        248.9   1036.9124    289.1203  104.989  2.320E+03  8.206E+01  4.636E-02  6.663E-02  4.368E+03  6.271E-02
10     -- 9        304.2   1151.9855    260.2398  104.981  1.732E+03  7.975E+01  3.026E-02  4.636E-02  4.245E+03  8.357E-02
11     -- 10       365.0   1267.0145    236.6133  104.967  1.204E+03  7.748E+01  1.857E-02  3.026E-02  4.124E+03  1.080E-01
12     -- 11       431.3   1381.9951    216.9273  104.941  7.801E+02  7.525E+01  1.073E-02  1.857E-02  4.005E+03  1.361E-01
13     -- 12       503.1   1496.9229    200.2725  104.888  4.729E+02  7.304E+01  5.841E-03  1.073E-02  3.887E+03  1.679E-01
14     -- 13       580.5   1611.7935    185.9993  104.767  2.689E+02  7.081E+01  2.998E-03  5.841E-03  3.769E+03  2.032E-01
15     -- 14       663.4   1726.6025    173.6314  104.483  1.435E+02  6.847E+01  1.450E-03  2.998E-03  3.644E+03  2.416E-01
16     -- 15       751.7   1841.3455    162.8116  103.747  7.206E+01  6.576E+01  6.586E-04  1.450E-03  3.500E+03  2.814E-01
