* Radex version        : 30nov2011
* Geometry             : Uniform sphere
* Molecular data file  : ./data/co.dat                                                                   
* T(kin)            [K]:  150.000
* Density of H2  [cm-3]:  2.512E+04
* Density of pH2 [cm-3]:  6.280E+03
* Density of oH2 [cm-3]:  1.884E+04
* T(background)     [K]:   13.800
* Column density [cm-2]:  3.876E+19
* Line width     [km/s]:   50.000
Calculation finished in   38 iterations
      LINE         E_UP       FREQ        WAVEL     T_EX      TAU        T_R       POP        POP       FLUX        FLUX
                   (K)        (GHz)       (um)      (K)                  (K)        UP        LOW      (K*km/s) (erg/cm2/s)
1      -- 0          5.5    115.2712   2600.7576  190.338  7.170E-01  9.026E+01  6.622E-02  2.272E-02  4.804E+03  9.476E-05
2      -- 1         16.6    230.5380   1300.4037  137.963  3.745E+00  1.206E+02  1.019E-01  6.622E-02  6.418E+03  1.013E-03
3      -- 2         33.2    345.7960    866.9634  135.539  7.747E+00  1.202E+02  1.262E-01  1.019E-01  6.399E+03  3.408E-03
4      -- 3         55.3    461.0408    650.2515  133.686  1.208E+01  1.174E+02  1.375E-01  1.262E-01  6.246E+03  7.883E-03
5      -- 4         83.0    576.2679    520.2310  130.935  1.594E+01  1.133E+02  1.360E-01  1.375E-01  6.030E+03  1.486E-02
6      -- 5        116.2    691.4731    433.5562  126.817  1.868E+01  1.077E+02  1.237E-01  1.360E-01  5.730E+03  2.440E-02
7      -- 6        154.9    806.6518    371.6504  120.721  1.994E+01  9.990E+01  1.036E-01  1.237E-01  5.317E+03  3.594E-02
8      -- 7        199.1    921.7997    325.2252  111.934  1.962E+01  8.940E+01  7.909E-02  1.036E-01  4.758E+03  4.800E-02
9      -- 8        248.9   1036.9124    289.1203   99.871  1.780E+01  7.566E+01  5.371E-02  7.909E-02  4.027E+03  5.782E-02
10     -- 9        304.2   1151.9855    260.2398   84.336  1.466E+01  5.867E+01  3.082E-02  5.371E-02  3.123E+03  6.148E-02
11     -- 10       365.0   1267.0145    236.6133   66.905  1.036E+01  4.029E+01  1.360E-02  3.082E-02  2.145E+03  5.617E-02
12     -- 11       431.3   1381.9951    216.9273   50.483  5.547E+00  2.374E+01  3.974E-03  1.360E-02  1.264E+03  4.295E-02
13     -- 12       503.1   1496.9229    200.2725   41.452  1.809E+00  1.257E+01  7.585E-04  3.974E-03  6.688E+02  2.889E-02
14     -- 13       580.5   1611.7935    185.9993   48.074  3.328E-01  5.396E+00  1.630E-04  7.585E-04  2.872E+02  1.549E-02
15     -- 14       663.4   1726.6025    173.6314   62.951  6.487E-02  1.894E+00  4.672E-05  1.630E-04  1.008E+02  6.682E-03
16     -- 15       751.7   1841.3455    162.8116   71.138  1.791E-02  6.343E-01  1.436E-05  4.672E-05  3.376E+01  2.714E-03
