* Radex version        : 30nov2011
* Geometry             : Uniform sphere
* Molecular data file  : ./data/co.dat                                                                   
* T(kin)            [K]:  135.000
* Density of H2  [cm-3]:  1.000E+02
* Density of pH2 [cm-3]:  2.500E+01
* Density of oH2 [cm-3]:  7.500E+01
* T(background)     [K]:   13.800
* Column density [cm-2]:  1.543E+17
* Line width     [km/s]:   50.000
Calculation finished in   13 iterations
      LINE         E_UP       FREQ        WAVEL     T_EX      TAU        T_R       POP        POP       FLUX        FLUX
                   (K)        (GHz)       (um)      (K)                  (K)        UP        LOW      (K*km/s) (erg/cm2/s)
1      -- 0          5.5    115.2712   2600.7576   16.406  2.167E-01  5.020E-01  3.697E-01  1.726E-01  2.672E+01  5.270E-07
2      -- 1         16.6    230.5380   1300.4037   14.624  5.731E-01  3.419E-01  2.891E-01  3.697E-01  1.820E+01  2.872E-06
3      -- 2         33.2    345.7960    866.9634   14.309  5.215E-01  1.844E-01  1.269E-01  2.891E-01  9.814E+00  5.226E-06
4      -- 3         55.3    461.0408    650.2515   14.254  2.499E-01  8.193E-02  3.455E-02  1.269E-01  4.361E+00  5.504E-06
5      -- 4         83.0    576.2679    520.2310   14.421  7.144E-02  3.137E-02  6.204E-03  3.455E-02  1.670E+00  4.115E-06
6      -- 5        116.2    691.4731    433.5562   15.111  1.309E-02  1.118E-02  8.155E-04  6.204E-03  5.949E-01  2.533E-06
7      -- 6        154.9    806.6518    371.6504   17.551  1.697E-03  3.900E-03  1.037E-04  8.155E-04  2.076E-01  1.403E-06
8      -- 7        199.1    921.7997    325.2252   24.379  2.004E-04  1.350E-03  1.914E-05  1.037E-04  7.188E-02  7.251E-07
9      -- 8        248.9   1036.9124    289.1203   34.148  3.354E-05  4.600E-04  4.982E-06  1.914E-05  2.448E-02  3.515E-07
10     -- 9        304.2   1151.9855    260.2398   41.046  8.333E-06  1.534E-04  1.432E-06  4.982E-06  8.162E-03  1.607E-07
11     -- 10       365.0   1267.0145    236.6133   46.050  2.352E-06  5.033E-05  4.187E-07  1.432E-06  2.679E-03  7.017E-08
12     -- 11       431.3   1381.9951    216.9273   50.278  6.812E-07  1.611E-05  1.217E-07  4.187E-07  8.577E-04  2.916E-08
13     -- 12       503.1   1496.9229    200.2725   56.215  1.932E-07  5.285E-06  3.661E-08  1.217E-07  2.813E-04  1.215E-08
14     -- 13       580.5   1611.7935    185.9993   56.877  5.943E-08  1.570E-06  1.009E-08  3.661E-08  8.358E-05  4.507E-09
15     -- 14       663.4   1726.6025    173.6314   57.074  1.673E-08  4.205E-07  2.526E-09  1.009E-08  2.238E-05  1.484E-09
16     -- 15       751.7   1841.3455    162.8116   63.592  4.071E-09  1.188E-07  6.700E-10  2.526E-09  6.322E-06  5.083E-10
