* Radex version        : 30nov2011
* Geometry             : Uniform sphere
* Molecular data file  : ./data/co.dat                                                                   
* T(kin)            [K]:  175.000
* Density of H2  [cm-3]:  1.585E+04
* Density of pH2 [cm-3]:  3.962E+03
* Density of oH2 [cm-3]:  1.189E+04
* T(background)     [K]:   13.800
* Column density [cm-2]:  2.445E+19
* Line width     [km/s]:   50.000
Calculation finished in   37 iterations
      LINE         E_UP       FREQ        WAVEL     T_EX      TAU        T_R       POP        POP       FLUX        FLUX
                   (K)        (GHz)       (um)      (K)                  (K)        UP        LOW      (K*km/s) (erg/cm2/s)
1      -- 0          5.5    115.2712   2600.7576  522.629  1.710E-01  7.996E+01  6.938E-02  2.337E-02  4.256E+03  8.395E-05
2      -- 1         16.6    230.5380   1300.4037  150.493  2.277E+00  1.221E+02  1.074E-01  6.938E-02  6.497E+03  1.025E-03
3      -- 2         33.2    345.7960    866.9634  138.052  5.068E+00  1.220E+02  1.334E-01  1.074E-01  6.495E+03  3.458E-03
4      -- 3         55.3    461.0408    650.2515  133.149  8.084E+00  1.168E+02  1.452E-01  1.334E-01  6.216E+03  7.845E-03
5      -- 4         83.0    576.2679    520.2310  127.367  1.089E+01  1.097E+02  1.429E-01  1.452E-01  5.840E+03  1.439E-02
6      -- 5        116.2    691.4731    433.5562  119.565  1.303E+01  1.004E+02  1.279E-01  1.429E-01  5.346E+03  2.276E-02
7      -- 6        154.9    806.6518    371.6504  109.113  1.416E+01  8.841E+01  1.035E-01  1.279E-01  4.705E+03  3.181E-02
8      -- 7        199.1    921.7997    325.2252   95.866  1.400E+01  7.357E+01  7.394E-02  1.035E-01  3.916E+03  3.950E-02
9      -- 8        248.9   1036.9124    289.1203   80.126  1.238E+01  5.641E+01  4.441E-02  7.394E-02  3.003E+03  4.311E-02
10     -- 9        304.2   1151.9855    260.2398   63.196  9.277E+00  3.850E+01  2.046E-02  4.441E-02  2.049E+03  4.035E-02
11     -- 10       365.0   1267.0145    236.6133   48.110  5.215E+00  2.307E+01  6.333E-03  2.046E-02  1.228E+03  3.216E-02
12     -- 11       431.3   1381.9951    216.9273   40.263  1.800E+00  1.275E+01  1.325E-03  6.333E-03  6.784E+02  2.306E-02
13     -- 12       503.1   1496.9229    200.2725   47.573  3.603E-01  6.042E+00  3.162E-04  1.325E-03  3.216E+02  1.389E-02
14     -- 13       580.5   1611.7935    185.9993   63.512  7.706E-02  2.389E+00  1.005E-04  3.162E-04  1.272E+02  6.857E-03
15     -- 14       663.4   1726.6025    173.6314   71.610  2.364E-02  8.827E-01  3.377E-05  1.005E-04  4.698E+01  3.114E-03
16     -- 15       751.7   1841.3455    162.8116   77.479  7.814E-03  3.220E-01  1.149E-05  3.377E-05  1.714E+01  1.378E-03
