* Radex version        : 30nov2011
* Geometry             : Uniform sphere
* Molecular data file  : ./data/co.dat                                                                   
* T(kin)            [K]:  140.000
* Density of H2  [cm-3]:  1.259E+03
* Density of pH2 [cm-3]:  3.147E+02
* Density of oH2 [cm-3]:  9.442E+02
* T(background)     [K]:   13.800
* Column density [cm-2]:  1.943E+18
* Line width     [km/s]:   50.000
Calculation finished in   30 iterations
      LINE         E_UP       FREQ        WAVEL     T_EX      TAU        T_R       POP        POP       FLUX        FLUX
                   (K)        (GHz)       (um)      (K)                  (K)        UP        LOW      (K*km/s) (erg/cm2/s)
1      -- 0          5.5    115.2712   2600.7576  139.116  1.786E-01  2.047E+01  2.392E-01  8.297E-02  1.089E+03  2.149E-05
2      -- 1         16.6    230.5380   1300.4037   34.622  2.406E+00  1.855E+01  2.896E-01  2.392E-01  9.872E+02  1.558E-04
3      -- 2         33.2    345.7960    866.9634   28.569  4.221E+00  1.374E+01  2.268E-01  2.896E-01  7.312E+02  3.894E-04
4      -- 3         55.3    461.0408    650.2515   23.866  4.310E+00  8.795E+00  1.154E-01  2.268E-01  4.681E+02  5.908E-04
5      -- 4         83.0    576.2679    520.2310   20.336  2.617E+00  4.859E+00  3.620E-02  1.154E-01  2.586E+02  6.373E-04
6      -- 5        116.2    691.4731    433.5562   19.358  8.871E-01  2.350E+00  7.705E-03  3.620E-02  1.251E+02  5.326E-04
7      -- 6        154.9    806.6518    371.6504   22.004  1.877E-01  9.513E-01  1.530E-03  7.705E-03  5.063E+01  3.423E-04
8      -- 7        199.1    921.7997    325.2252   28.664  3.498E-02  3.490E-01  3.706E-04  1.530E-03  1.857E+01  1.874E-04
9      -- 8        248.9   1036.9124    289.1203   36.458  7.934E-03  1.239E-01  1.058E-04  3.706E-04  6.595E+00  9.468E-05
10     -- 9        304.2   1151.9855    260.2398   42.476  2.191E-03  4.299E-02  3.181E-05  1.058E-04  2.288E+00  4.505E-05
11     -- 10       365.0   1267.0145    236.6133   47.414  6.485E-04  1.464E-02  9.663E-06  3.181E-05  7.794E-01  2.042E-05
12     -- 11       431.3   1381.9951    216.9273   51.973  1.947E-04  4.894E-03  2.932E-06  9.663E-06  2.605E-01  8.854E-06
13     -- 12       503.1   1496.9229    200.2725   57.437  5.799E-05  1.648E-03  9.064E-07  2.932E-06  8.772E-02  3.789E-06
14     -- 13       580.5   1611.7935    185.9993   58.744  1.824E-05  5.113E-04  2.609E-07  9.064E-07  2.722E-02  1.468E-06
15     -- 14       663.4   1726.6025    173.6314   59.509  5.344E-06  1.453E-04  6.930E-08  2.609E-07  7.734E-03  5.127E-07
16     -- 15       751.7   1841.3455    162.8116   65.457  1.387E-06  4.269E-05  1.912E-08  6.930E-08  2.272E-03  1.827E-07
