* Radex version        : 30nov2011
* Geometry             : Uniform sphere
* Molecular data file  : ./data/co.dat                                                                   
* T(kin)            [K]:  185.000
* Density of H2  [cm-3]:  1.995E+05
* Density of pH2 [cm-3]:  4.988E+04
* Density of oH2 [cm-3]:  1.496E+05
* T(background)     [K]:   13.800
* Column density [cm-2]:  3.079E+20
* Line width     [km/s]:   50.000
Calculation finished in   39 iterations
      LINE         E_UP       FREQ        WAVEL     T_EX      TAU        T_R       POP        POP       FLUX        FLUX
                   (K)        (GHz)       (um)      (K)                  (K)        UP        LOW      (K*km/s) (erg/cm2/s)
1      -- 0          5.5    115.2712   2600.7576  185.059  3.896E+00  1.676E+02  4.403E-02  1.512E-02  8.921E+03  1.760E-04
2      -- 1         16.6    230.5380   1300.4037  184.351  1.495E+01  1.699E+02  6.911E-02  4.403E-02  9.042E+03  1.427E-03
3      -- 2         33.2    345.7960    866.9634  184.376  3.119E+01  1.691E+02  8.842E-02  6.911E-02  8.999E+03  4.792E-03
4      -- 3         55.3    461.0408    650.2515  184.315  4.985E+01  1.679E+02  1.008E-01  8.842E-02  8.936E+03  1.128E-02
5      -- 4         83.0    576.2679    520.2310  184.227  6.796E+01  1.664E+02  1.061E-01  1.008E-01  8.859E+03  2.183E-02
6      -- 5        116.2    691.4731    433.5562  184.104  8.286E+01  1.647E+02  1.047E-01  1.061E-01  8.767E+03  3.733E-02
7      -- 6        154.9    806.6518    371.6504  183.918  9.267E+01  1.627E+02  9.784E-02  1.047E-01  8.662E+03  5.855E-02
8      -- 7        199.1    921.7997    325.2252  183.651  9.648E+01  1.606E+02  8.715E-02  9.784E-02  8.545E+03  8.620E-02
9      -- 8        248.9   1036.9124    289.1203  183.272  9.443E+01  1.581E+02  7.424E-02  8.715E-02  8.416E+03  1.208E-01
10     -- 9        304.2   1151.9855    260.2398  182.664  8.744E+01  1.554E+02  6.062E-02  7.424E-02  8.271E+03  1.628E-01
11     -- 10       365.0   1267.0145    236.6133  181.840  7.704E+01  1.524E+02  4.753E-02  6.062E-02  8.110E+03  2.124E-01
12     -- 11       431.3   1381.9951    216.9273  180.535  6.474E+01  1.489E+02  3.578E-02  4.753E-02  7.923E+03  2.693E-01
13     -- 12       503.1   1496.9229    200.2725  178.459  5.208E+01  1.445E+02  2.583E-02  3.578E-02  7.693E+03  3.323E-01
14     -- 13       580.5   1611.7935    185.9993  174.662  4.027E+01  1.385E+02  1.782E-02  2.583E-02  7.374E+03  3.976E-01
15     -- 14       663.4   1726.6025    173.6314  168.238  2.993E+01  1.300E+02  1.164E-02  1.782E-02  6.919E+03  4.586E-01
16     -- 15       751.7   1841.3455    162.8116  157.022  2.145E+01  1.168E+02  7.058E-03  1.164E-02  6.217E+03  4.999E-01
