* Radex version        : 30nov2011
* Geometry             : Uniform sphere
* Molecular data file  : ./data/co.dat                                                                   
* T(kin)            [K]:  195.000
* Density of H2  [cm-3]:  1.000E+06
* Density of pH2 [cm-3]:  2.500E+05
* Density of oH2 [cm-3]:  7.500E+05
* T(background)     [K]:   13.800
* Column density [cm-2]:  1.543E+21
* Line width     [km/s]:   50.000
Calculation finished in   36 iterations
      LINE         E_UP       FREQ        WAVEL     T_EX      TAU        T_R       POP        POP       FLUX        FLUX
                   (K)        (GHz)       (um)      (K)                  (K)        UP        LOW      (K*km/s) (erg/cm2/s)
1      -- 0          5.5    115.2712   2600.7576  194.974  1.733E+01  1.810E+02  4.120E-02  1.413E-02  9.634E+03  1.900E-04
2      -- 1         16.6    230.5380   1300.4037  194.972  6.640E+01  1.805E+02  6.488E-02  4.120E-02  9.607E+03  1.516E-03
3      -- 2         33.2    345.7960    866.9634  194.970  1.391E+02  1.797E+02  8.342E-02  6.488E-02  9.563E+03  5.092E-03
4      -- 3         55.3    461.0408    650.2515  194.968  2.236E+02  1.785E+02  9.575E-02  8.342E-02  9.503E+03  1.199E-02
5      -- 4         83.0    576.2679    520.2310  194.964  3.069E+02  1.772E+02  1.015E-01  9.575E-02  9.429E+03  2.324E-02
6      -- 5        116.2    691.4731    433.5562  194.958  3.774E+02  1.755E+02  1.012E-01  1.015E-01  9.343E+03  3.978E-02
7      -- 6        154.9    806.6518    371.6504  194.950  4.263E+02  1.737E+02  9.577E-02  1.012E-01  9.247E+03  6.251E-02
8      -- 7        199.1    921.7997    325.2252  194.938  4.489E+02  1.718E+02  8.650E-02  9.577E-02  9.143E+03  9.223E-02
9      -- 8        248.9   1036.9124    289.1203  194.922  4.451E+02  1.697E+02  7.489E-02  8.650E-02  9.033E+03  1.297E-01
10     -- 9        304.2   1151.9855    260.2398  194.896  4.181E+02  1.675E+02  6.233E-02  7.489E-02  8.917E+03  1.756E-01
11     -- 10       365.0   1267.0145    236.6133  194.861  3.744E+02  1.653E+02  4.997E-02  6.233E-02  8.797E+03  2.304E-01
12     -- 11       431.3   1381.9951    216.9273  194.809  3.202E+02  1.630E+02  3.864E-02  4.997E-02  8.674E+03  2.949E-01
13     -- 12       503.1   1496.9229    200.2725  194.732  2.624E+02  1.606E+02  2.886E-02  3.864E-02  8.549E+03  3.693E-01
14     -- 13       580.5   1611.7935    185.9993  194.594  2.067E+02  1.582E+02  2.083E-02  2.886E-02  8.420E+03  4.540E-01
15     -- 14       663.4   1726.6025    173.6314  194.388  1.565E+02  1.557E+02  1.454E-02  2.083E-02  8.286E+03  5.493E-01
16     -- 15       751.7   1841.3455    162.8116  194.022  1.141E+02  1.530E+02  9.813E-03  1.454E-02  8.145E+03  6.549E-01
