* Radex version        : 30nov2011
* Geometry             : Uniform sphere
* Molecular data file  : ./data/co.dat                                                                   
* T(kin)            [K]:  165.000
* Density of H2  [cm-3]:  3.981E+02
* Density of pH2 [cm-3]:  9.953E+01
* Density of oH2 [cm-3]:  2.986E+02
* T(background)     [K]:   13.800
* Column density [cm-2]:  6.143E+17
* Line width     [km/s]:   50.000
Calculation finished in   25 iterations
      LINE         E_UP       FREQ        WAVEL     T_EX      TAU        T_R       POP        POP       FLUX        FLUX
                   (K)        (GHz)       (um)      (K)                  (K)        UP        LOW      (K*km/s) (erg/cm2/s)
1      -- 0          5.5    115.2712   2600.7576   32.273  3.584E-01  5.532E+00  3.294E-01  1.303E-01  2.945E+02  5.808E-06
2      -- 1         16.6    230.5380   1300.4037   19.184  1.679E+00  4.214E+00  3.084E-01  3.294E-01  2.243E+02  3.540E-05
3      -- 2         33.2    345.7960    866.9634   17.112  2.003E+00  2.603E+00  1.637E-01  3.084E-01  1.385E+02  7.376E-05
4      -- 3         55.3    461.0408    650.2515   16.150  1.214E+00  1.380E+00  5.348E-02  1.637E-01  7.347E+01  9.272E-05
5      -- 4         83.0    576.2679    520.2310   16.209  4.223E-01  6.291E-01  1.187E-02  5.348E-02  3.348E+01  8.252E-05
6      -- 5        116.2    691.4731    433.5562   17.832  9.471E-02  2.546E-01  2.181E-03  1.187E-02  1.355E+01  5.770E-05
7      -- 6        154.9    806.6518    371.6504   22.480  1.667E-02  9.805E-02  4.496E-04  2.181E-03  5.218E+00  3.527E-05
8      -- 7        199.1    921.7997    325.2252   30.771  3.151E-03  3.747E-02  1.210E-04  4.496E-04  1.994E+00  2.012E-05
9      -- 8        248.9   1036.9124    289.1203   39.001  7.931E-04  1.418E-02  3.776E-05  1.210E-04  7.546E-01  1.083E-05
10     -- 9        304.2   1151.9855    260.2398   45.341  2.394E-04  5.304E-03  1.233E-05  3.776E-05  2.823E-01  5.558E-06
11     -- 10       365.0   1267.0145    236.6133   50.880  7.670E-05  1.967E-03  4.087E-06  1.233E-05  1.047E-01  2.742E-06
12     -- 11       431.3   1381.9951    216.9273   55.814  2.512E-05  7.165E-04  1.354E-06  4.087E-06  3.813E-02  1.296E-06
13     -- 12       503.1   1496.9229    200.2725   62.095  8.134E-06  2.648E-04  4.597E-07  1.354E-06  1.409E-02  6.088E-07
14     -- 13       580.5   1611.7935    185.9993   62.928  2.827E-06  8.962E-05  1.444E-07  4.597E-07  4.770E-03  2.572E-07
15     -- 14       663.4   1726.6025    173.6314   63.656  9.061E-07  2.788E-05  4.200E-08  1.444E-07  1.484E-03  9.835E-08
16     -- 15       751.7   1841.3455    162.8116   70.915  2.557E-07  9.084E-06  1.286E-08  4.200E-08  4.835E-04  3.887E-08
