* Radex version        : 30nov2011
* Geometry             : Uniform sphere
* Molecular data file  : ./data/co.dat                                                                   
* T(kin)            [K]:  170.000
* Density of H2  [cm-3]:  6.310E+05
* Density of pH2 [cm-3]:  1.577E+05
* Density of oH2 [cm-3]:  4.732E+05
* T(background)     [K]:   13.800
* Column density [cm-2]:  9.736E+20
* Line width     [km/s]:   50.000
Calculation finished in   36 iterations
      LINE         E_UP       FREQ        WAVEL     T_EX      TAU        T_R       POP        POP       FLUX        FLUX
                   (K)        (GHz)       (um)      (K)                  (K)        UP        LOW      (K*km/s) (erg/cm2/s)
1      -- 0          5.5    115.2712   2600.7576  169.958  1.436E+01  1.560E+02  4.707E-02  1.621E-02  8.302E+03  1.638E-04
2      -- 1         16.6    230.5380   1300.4037  169.953  5.469E+01  1.555E+02  7.351E-02  4.707E-02  8.276E+03  1.306E-03
3      -- 2         33.2    345.7960    866.9634  169.950  1.134E+02  1.547E+02  9.334E-02  7.351E-02  8.232E+03  4.384E-03
4      -- 3         55.3    461.0408    650.2515  169.945  1.796E+02  1.535E+02  1.054E-01  9.334E-02  8.173E+03  1.031E-02
5      -- 4         83.0    576.2679    520.2310  169.938  2.420E+02  1.522E+02  1.094E-01  1.054E-01  8.100E+03  1.996E-02
6      -- 5        116.2    691.4731    433.5562  169.926  2.908E+02  1.506E+02  1.064E-01  1.094E-01  8.015E+03  3.413E-02
7      -- 6        154.9    806.6518    371.6504  169.910  3.198E+02  1.488E+02  9.774E-02  1.064E-01  7.920E+03  5.353E-02
8      -- 7        199.1    921.7997    325.2252  169.885  3.264E+02  1.469E+02  8.538E-02  9.774E-02  7.816E+03  7.885E-02
9      -- 8        248.9   1036.9124    289.1203  169.850  3.124E+02  1.448E+02  7.119E-02  8.538E-02  7.707E+03  1.106E-01
10     -- 9        304.2   1151.9855    260.2398  169.791  2.822E+02  1.426E+02  5.681E-02  7.119E-02  7.591E+03  1.495E-01
11     -- 10       365.0   1267.0145    236.6133  169.710  2.419E+02  1.404E+02  4.349E-02  5.681E-02  7.471E+03  1.957E-01
12     -- 11       431.3   1381.9951    216.9273  169.581  1.972E+02  1.380E+02  3.197E-02  4.349E-02  7.347E+03  2.497E-01
13     -- 12       503.1   1496.9229    200.2725  169.378  1.535E+02  1.356E+02  2.259E-02  3.197E-02  7.217E+03  3.118E-01
14     -- 13       580.5   1611.7935    185.9993  169.004  1.143E+02  1.330E+02  1.535E-02  2.259E-02  7.078E+03  3.817E-01
15     -- 14       663.4   1726.6025    173.6314  168.393  8.150E+01  1.301E+02  1.003E-02  1.535E-02  6.927E+03  4.592E-01
16     -- 15       751.7   1841.3455    162.8116  167.215  5.577E+01  1.268E+02  6.296E-03  1.003E-02  6.747E+03  5.424E-01
