* Radex version        : 30nov2011
* Geometry             : Uniform sphere
* Molecular data file  : ./data/co.dat                                                                   
* T(kin)            [K]:  155.000
* Density of H2  [cm-3]:  1.995E+03
* Density of pH2 [cm-3]:  4.988E+02
* Density of oH2 [cm-3]:  1.496E+03
* T(background)     [K]:   13.800
* Column density [cm-2]:  3.079E+18
* Line width     [km/s]:   50.000
Calculation finished in   31 iterations
      LINE         E_UP       FREQ        WAVEL     T_EX      TAU        T_R       POP        POP       FLUX        FLUX
                   (K)        (GHz)       (um)      (K)                  (K)        UP        LOW      (K*km/s) (erg/cm2/s)
1      -- 0          5.5    115.2712   2600.7576 -3.082E+03 -9.968E-03  3.101E+01  1.906E-01  6.342E-02  1.651E+03  3.256E-05
2      -- 1         16.6    230.5380   1300.4037   49.639  2.220E+00  3.148E+01  2.542E-01  1.906E-01  1.675E+03  2.643E-04
3      -- 2         33.2    345.7960    866.9634   40.636  4.468E+00  2.548E+01  2.365E-01  2.542E-01  1.356E+03  7.221E-04
4      -- 3         55.3    461.0408    650.2515   33.991  5.640E+00  1.848E+01  1.586E-01  2.365E-01  9.836E+02  1.241E-03
5      -- 4         83.0    576.2679    520.2310   27.624  4.852E+00  1.166E+01  7.123E-02  1.586E-01  6.209E+02  1.530E-03
6      -- 5        116.2    691.4731    433.5562   23.055  2.574E+00  6.483E+00  1.996E-02  7.123E-02  3.451E+02  1.469E-03
7      -- 6        154.9    806.6518    371.6504   22.520  7.641E-01  3.185E+00  4.127E-03  1.996E-02  1.695E+02  1.146E-03
8      -- 7        199.1    921.7997    325.2252   27.694  1.516E-01  1.317E+00  9.468E-04  4.127E-03  7.008E+01  7.070E-04
9      -- 8        248.9   1036.9124    289.1203   36.690  3.203E-02  5.005E-01  2.726E-04  9.468E-04  2.664E+01  3.825E-04
10     -- 9        304.2   1151.9855    260.2398   44.280  8.767E-03  1.852E-01  8.644E-05  2.726E-04  9.859E+00  1.941E-04
11     -- 10       365.0   1267.0145    236.6133   49.884  2.723E-03  6.732E-02  2.798E-05  8.644E-05  3.583E+00  9.386E-05
12     -- 11       431.3   1381.9951    216.9273   55.050  8.681E-04  2.416E-02  9.116E-06  2.798E-05  1.286E+00  4.371E-05
13     -- 12       503.1   1496.9229    200.2725   60.588  2.781E-04  8.678E-03  3.008E-06  9.116E-06  4.619E-01  1.995E-05
14     -- 13       580.5   1611.7935    185.9993   62.283  9.320E-05  2.901E-03  9.331E-07  3.008E-06  1.544E-01  8.326E-06
15     -- 14       663.4   1726.6025    173.6314   63.487  2.938E-05  8.994E-04  2.704E-07  9.331E-07  4.787E-02  3.173E-06
16     -- 15       751.7   1841.3455    162.8116   69.525  8.331E-06  2.859E-04  8.075E-08  2.704E-07  1.521E-02  1.223E-06
