* Radex version        : 30nov2011
* Geometry             : Uniform sphere
* Molecular data file  : ./data/co.dat                                                                   
* T(kin)            [K]:  120.000
* Density of H2  [cm-3]:  1.995E+04
* Density of pH2 [cm-3]:  4.988E+03
* Density of oH2 [cm-3]:  1.496E+04
* T(background)     [K]:   13.800
* Column density [cm-2]:  3.079E+19
* Line width     [km/s]:   50.000
Calculation finished in   37 iterations
      LINE         E_UP       FREQ        WAVEL     T_EX      TAU        T_R       POP        POP       FLUX        FLUX
                   (K)        (GHz)       (um)      (K)                  (K)        UP        LOW      (K*km/s) (erg/cm2/s)
1      -- 0          5.5    115.2712   2600.7576  139.821  9.574E-01  7.754E+01  8.135E-02  2.821E-02  4.127E+03  8.141E-05
2      -- 1         16.6    230.5380   1300.4037  109.684  4.549E+00  9.424E+01  1.226E-01  8.135E-02  5.016E+03  7.915E-04
3      -- 2         33.2    345.7960    866.9634  108.355  9.125E+00  9.313E+01  1.472E-01  1.226E-01  4.957E+03  2.640E-03
4      -- 3         55.3    461.0408    650.2515  106.443  1.377E+01  9.019E+01  1.538E-01  1.472E-01  4.800E+03  6.058E-03
5      -- 4         83.0    576.2679    520.2310  103.453  1.744E+01  8.593E+01  1.438E-01  1.538E-01  4.574E+03  1.127E-02
6      -- 5        116.2    691.4731    433.5562   98.796  1.944E+01  7.984E+01  1.215E-01  1.438E-01  4.249E+03  1.809E-02
7      -- 6        154.9    806.6518    371.6504   91.766  1.951E+01  7.127E+01  9.194E-02  1.215E-01  3.794E+03  2.564E-02
8      -- 7        199.1    921.7997    325.2252   81.624  1.772E+01  5.962E+01  6.060E-02  9.194E-02  3.174E+03  3.201E-02
9      -- 8        248.9   1036.9124    289.1203   68.283  1.429E+01  4.501E+01  3.268E-02  6.060E-02  2.396E+03  3.439E-02
10     -- 9        304.2   1151.9855    260.2398   52.977  9.548E+00  2.903E+01  1.272E-02  3.268E-02  1.545E+03  3.042E-02
11     -- 10       365.0   1267.0145    236.6133   39.476  4.469E+00  1.565E+01  2.986E-03  1.272E-02  8.331E+02  2.182E-02
12     -- 11       431.3   1381.9951    216.9273   34.627  1.128E+00  7.378E+00  4.780E-04  2.986E-03  3.927E+02  1.335E-02
13     -- 12       503.1   1496.9229    200.2725   44.411  1.683E-01  2.692E+00  1.024E-04  4.780E-04  1.433E+02  6.191E-03
14     -- 13       580.5   1611.7935    185.9993   55.064  3.367E-02  8.234E-01  2.699E-05  1.024E-04  4.383E+01  2.363E-03
15     -- 14       663.4   1726.6025    173.6314   59.006  8.796E-03  2.344E-01  7.084E-06  2.699E-05  1.247E+01  8.269E-04
16     -- 15       751.7   1841.3455    162.8116   62.748  2.292E-03  6.515E-02  1.844E-06  7.084E-06  3.468E+00  2.788E-04
