* Radex version        : 30nov2011
* Geometry             : Uniform sphere
* Molecular data file  : ./data/co.dat                                                                   
* T(kin)            [K]:  175.000
* Density of H2  [cm-3]:  1.259E+06
* Density of pH2 [cm-3]:  3.147E+05
* Density of oH2 [cm-3]:  9.442E+05
* T(background)     [K]:   13.800
* Column density [cm-2]:  1.943E+21
* Line width     [km/s]:   50.000
Calculation finished in   34 iterations
      LINE         E_UP       FREQ        WAVEL     T_EX      TAU        T_R       POP        POP       FLUX        FLUX
                   (K)        (GHz)       (um)      (K)                  (K)        UP        LOW      (K*km/s) (erg/cm2/s)
1      -- 0          5.5    115.2712   2600.7576  174.988  2.702E+01  1.610E+02  4.571E-02  1.573E-02  8.570E+03  1.690E-04
2      -- 1         16.6    230.5380   1300.4037  174.987  1.030E+02  1.605E+02  7.152E-02  4.571E-02  8.543E+03  1.348E-03
3      -- 2         33.2    345.7960    866.9634  174.986  2.141E+02  1.597E+02  9.107E-02  7.152E-02  8.500E+03  4.526E-03
4      -- 3         55.3    461.0408    650.2515  174.985  3.402E+02  1.586E+02  1.032E-01  9.107E-02  8.440E+03  1.065E-02
5      -- 4         83.0    576.2679    520.2310  174.983  4.603E+02  1.572E+02  1.077E-01  1.032E-01  8.368E+03  2.062E-02
6      -- 5        116.2    691.4731    433.5562  174.980  5.560E+02  1.556E+02  1.053E-01  1.077E-01  8.283E+03  3.527E-02
7      -- 6        154.9    806.6518    371.6504  174.976  6.150E+02  1.538E+02  9.735E-02  1.053E-01  8.188E+03  5.535E-02
8      -- 7        199.1    921.7997    325.2252  174.969  6.322E+02  1.519E+02  8.568E-02  9.735E-02  8.086E+03  8.156E-02
9      -- 8        248.9   1036.9124    289.1203  174.960  6.099E+02  1.499E+02  7.206E-02  8.568E-02  7.977E+03  1.145E-01
10     -- 9        304.2   1151.9855    260.2398  174.945  5.556E+02  1.477E+02  5.806E-02  7.206E-02  7.863E+03  1.548E-01
11     -- 10       365.0   1267.0145    236.6133  174.924  4.810E+02  1.455E+02  4.492E-02  5.806E-02  7.746E+03  2.029E-01
12     -- 11       431.3   1381.9951    216.9273  174.892  3.963E+02  1.433E+02  3.342E-02  4.492E-02  7.626E+03  2.592E-01
13     -- 12       503.1   1496.9229    200.2725  174.841  3.121E+02  1.410E+02  2.393E-02  3.342E-02  7.504E+03  3.241E-01
14     -- 13       580.5   1611.7935    185.9993  174.750  2.353E+02  1.386E+02  1.651E-02  2.393E-02  7.379E+03  3.979E-01
15     -- 14       663.4   1726.6025    173.6314  174.604  1.700E+02  1.362E+02  1.098E-02  1.651E-02  7.251E+03  4.807E-01
16     -- 15       751.7   1841.3455    162.8116  174.333  1.180E+02  1.337E+02  7.040E-03  1.098E-02  7.117E+03  5.722E-01
