* Radex version        : 30nov2011
* Geometry             : Uniform sphere
* Molecular data file  : ./data/co.dat                                                                   
* T(kin)            [K]:  160.000
* Density of H2  [cm-3]:  6.310E+03
* Density of pH2 [cm-3]:  1.577E+03
* Density of oH2 [cm-3]:  4.732E+03
* T(background)     [K]:   13.800
* Column density [cm-2]:  9.736E+18
* Line width     [km/s]:   50.000
Calculation finished in   35 iterations
      LINE         E_UP       FREQ        WAVEL     T_EX      TAU        T_R       POP        POP       FLUX        FLUX
                   (K)        (GHz)       (um)      (K)                  (K)        UP        LOW      (K*km/s) (erg/cm2/s)
1      -- 0          5.5    115.2712   2600.7576 -633.717 -8.596E-02  5.814E+01  1.072E-01  3.544E-02  3.094E+03  6.104E-05
2      -- 1         16.6    230.5380   1300.4037  103.383  2.006E+00  7.699E+01  1.606E-01  1.072E-01  4.098E+03  6.466E-04
3      -- 2         33.2    345.7960    866.9634   88.063  4.573E+00  7.215E+01  1.862E-01  1.606E-01  3.840E+03  2.045E-03
4      -- 3         55.3    461.0408    650.2515   80.095  7.084E+00  6.391E+01  1.816E-01  1.862E-01  3.402E+03  4.293E-03
5      -- 4         83.0    576.2679    520.2310   70.962  8.965E+00  5.371E+01  1.503E-01  1.816E-01  2.859E+03  7.046E-03
6      -- 5        116.2    691.4731    433.5562   60.089  9.557E+00  4.172E+01  1.023E-01  1.503E-01  2.220E+03  9.455E-03
7      -- 6        154.9    806.6518    371.6504   48.187  8.331E+00  2.889E+01  5.284E-02  1.023E-01  1.538E+03  1.040E-02
8      -- 7        199.1    921.7997    325.2252   37.194  5.355E+00  1.741E+01  1.823E-02  5.284E-02  9.265E+02  9.346E-03
9      -- 8        248.9   1036.9124    289.1203   30.569  2.111E+00  9.464E+00  4.000E-03  1.823E-02  5.037E+02  7.232E-03
10     -- 9        304.2   1151.9855    260.2398   33.443  4.613E-01  4.459E+00  8.464E-04  4.000E-03  2.373E+02  4.672E-03
11     -- 10       365.0   1267.0145    236.6133   45.474  8.825E-02  1.766E+00  2.434E-04  8.464E-04  9.397E+01  2.462E-03
12     -- 11       431.3   1381.9951    216.9273   55.673  2.374E-02  6.663E-01  8.039E-05  2.434E-04  3.547E+01  1.206E-03
13     -- 12       503.1   1496.9229    200.2725   62.167  7.650E-03  2.486E-01  2.734E-05  8.039E-05  1.323E+01  5.716E-04
14     -- 13       580.5   1611.7935    185.9993   64.984  2.621E-03  8.774E-02  8.929E-06  2.734E-05  4.670E+00  2.518E-04
15     -- 14       663.4   1726.6025    173.6314   67.186  8.643E-04  2.925E-02  2.781E-06  8.929E-06  1.557E+00  1.032E-04
16     -- 15       751.7   1841.3455    162.8116   72.299  2.656E-04  9.761E-03  8.719E-07  2.781E-06  5.195E-01  4.177E-05
