* Radex version        : 30nov2011
* Geometry             : Uniform sphere
* Molecular data file  : ./data/co.dat                                                                   
* T(kin)            [K]:  100.000
* Density of H2  [cm-3]:  2.512E+04
* Density of pH2 [cm-3]:  6.280E+03
* Density of oH2 [cm-3]:  1.884E+04
* T(background)     [K]:   13.800
* Column density [cm-2]:  3.876E+19
* Line width     [km/s]:   50.000
Calculation finished in   38 iterations
      LINE         E_UP       FREQ        WAVEL     T_EX      TAU        T_R       POP        POP       FLUX        FLUX
                   (K)        (GHz)       (um)      (K)                  (K)        UP        LOW      (K*km/s) (erg/cm2/s)
1      -- 0          5.5    115.2712   2600.7576  103.358  1.781E+00  7.433E+01  8.821E-02  3.102E-02  3.956E+03  7.804E-05
2      -- 1         16.6    230.5380   1300.4037   95.337  7.093E+00  8.084E+01  1.309E-01  8.821E-02  4.303E+03  6.790E-04
3      -- 2         33.2    345.7960    866.9634   95.109  1.383E+01  7.993E+01  1.539E-01  1.309E-01  4.254E+03  2.265E-03
4      -- 3         55.3    461.0408    650.2515   94.110  2.024E+01  7.791E+01  1.564E-01  1.539E-01  4.147E+03  5.233E-03
5      -- 4         83.0    576.2679    520.2310   92.487  2.462E+01  7.504E+01  1.418E-01  1.564E-01  3.994E+03  9.843E-03
6      -- 5        116.2    691.4731    433.5562   89.746  2.614E+01  7.088E+01  1.158E-01  1.418E-01  3.773E+03  1.606E-02
7      -- 6        154.9    806.6518    371.6504   85.173  2.483E+01  6.479E+01  8.479E-02  1.158E-01  3.448E+03  2.331E-02
8      -- 7        199.1    921.7997    325.2252   77.667  2.135E+01  5.577E+01  5.437E-02  8.479E-02  2.968E+03  2.994E-02
9      -- 8        248.9   1036.9124    289.1203   66.499  1.643E+01  4.330E+01  2.875E-02  5.437E-02  2.305E+03  3.309E-02
10     -- 9        304.2   1151.9855    260.2398   52.271  1.066E+01  2.839E+01  1.103E-02  2.875E-02  1.511E+03  2.975E-02
11     -- 10       365.0   1267.0145    236.6133   38.652  4.923E+00  1.505E+01  2.506E-03  1.103E-02  8.009E+02  2.098E-02
12     -- 11       431.3   1381.9951    216.9273   32.735  1.214E+00  6.695E+00  3.592E-04  2.506E-03  3.564E+02  1.211E-02
13     -- 12       503.1   1496.9229    200.2725   40.841  1.644E-01  2.206E+00  6.680E-05  3.592E-04  1.174E+02  5.072E-03
14     -- 13       580.5   1611.7935    185.9993   50.065  2.882E-02  5.878E-01  1.530E-05  6.680E-05  3.128E+01  1.687E-03
15     -- 14       663.4   1726.6025    173.6314   53.217  6.568E-03  1.435E-01  3.448E-06  1.530E-05  7.638E+00  5.063E-04
16     -- 15       751.7   1841.3455    162.8116   56.349  1.471E-03  3.399E-02  7.648E-07  3.448E-06  1.809E+00  1.455E-04
