* Radex version        : 30nov2011
* Geometry             : Uniform sphere
* Molecular data file  : ./data/co.dat                                                                   
* T(kin)            [K]:  160.000
* Density of H2  [cm-3]:  3.162E+05
* Density of pH2 [cm-3]:  7.906E+04
* Density of oH2 [cm-3]:  2.372E+05
* T(background)     [K]:   13.800
* Column density [cm-2]:  4.879E+20
* Line width     [km/s]:   50.000
Calculation finished in   38 iterations
      LINE         E_UP       FREQ        WAVEL     T_EX      TAU        T_R       POP        POP       FLUX        FLUX
                   (K)        (GHz)       (um)      (K)                  (K)        UP        LOW      (K*km/s) (erg/cm2/s)
1      -- 0          5.5    115.2712   2600.7576  159.888  8.151E+00  1.459E+02  5.009E-02  1.729E-02  7.764E+03  1.532E-04
2      -- 1         16.6    230.5380   1300.4037  159.843  3.095E+01  1.454E+02  7.791E-02  5.009E-02  7.738E+03  1.221E-03
3      -- 2         33.2    345.7960    866.9634  159.837  6.384E+01  1.446E+02  9.831E-02  7.791E-02  7.694E+03  4.097E-03
4      -- 3         55.3    461.0408    650.2515  159.819  1.004E+02  1.434E+02  1.101E-01  9.831E-02  7.634E+03  9.635E-03
5      -- 4         83.0    576.2679    520.2310  159.791  1.341E+02  1.421E+02  1.131E-01  1.101E-01  7.561E+03  1.863E-02
6      -- 5        116.2    691.4731    433.5562  159.751  1.593E+02  1.404E+02  1.086E-01  1.131E-01  7.475E+03  3.183E-02
7      -- 6        154.9    806.6518    371.6504  159.691  1.729E+02  1.386E+02  9.836E-02  1.086E-01  7.378E+03  4.987E-02
8      -- 7        199.1    921.7997    325.2252  159.600  1.738E+02  1.366E+02  8.449E-02  9.836E-02  7.272E+03  7.336E-02
9      -- 8        248.9   1036.9124    289.1203  159.468  1.636E+02  1.345E+02  6.911E-02  8.449E-02  7.158E+03  1.028E-01
10     -- 9        304.2   1151.9855    260.2398  159.246  1.449E+02  1.322E+02  5.398E-02  6.911E-02  7.035E+03  1.385E-01
11     -- 10       365.0   1267.0145    236.6133  158.931  1.216E+02  1.297E+02  4.033E-02  5.398E-02  6.904E+03  1.808E-01
12     -- 11       431.3   1381.9951    216.9273  158.414  9.687E+01  1.270E+02  2.884E-02  4.033E-02  6.760E+03  2.298E-01
13     -- 12       503.1   1496.9229    200.2725  157.558  7.351E+01  1.240E+02  1.974E-02  2.884E-02  6.598E+03  2.850E-01
14     -- 13       580.5   1611.7935    185.9993  155.920  5.331E+01  1.201E+02  1.291E-02  1.974E-02  6.395E+03  3.448E-01
15     -- 14       663.4   1726.6025    173.6314  152.909  3.698E+01  1.150E+02  8.027E-03  1.291E-02  6.121E+03  4.057E-01
16     -- 15       751.7   1841.3455    162.8116  146.747  2.465E+01  1.068E+02  4.679E-03  8.027E-03  5.686E+03  4.571E-01
