* Radex version        : 30nov2011
* Geometry             : Uniform sphere
* Molecular data file  : ./data/co.dat                                                                   
* T(kin)            [K]:  165.000
* Density of H2  [cm-3]:  1.259E+02
* Density of pH2 [cm-3]:  3.147E+01
* Density of oH2 [cm-3]:  9.442E+01
* T(background)     [K]:   13.800
* Column density [cm-2]:  1.943E+17
* Line width     [km/s]:   50.000
Calculation finished in   17 iterations
      LINE         E_UP       FREQ        WAVEL     T_EX      TAU        T_R       POP        POP       FLUX        FLUX
                   (K)        (GHz)       (um)      (K)                  (K)        UP        LOW      (K*km/s) (erg/cm2/s)
1      -- 0          5.5    115.2712   2600.7576   17.689  2.473E-01  8.431E-01  3.660E-01  1.668E-01  4.487E+01  8.851E-07
2      -- 1         16.6    230.5380   1300.4037   15.021  7.016E-01  5.859E-01  2.920E-01  3.660E-01  3.119E+01  4.921E-06
3      -- 2         33.2    345.7960    866.9634   14.557  6.570E-01  3.257E-01  1.307E-01  2.920E-01  1.734E+01  9.233E-06
4      -- 3         55.3    461.0408    650.2515   14.474  3.220E-01  1.519E-01  3.645E-02  1.307E-01  8.084E+00  1.020E-05
5      -- 4         83.0    576.2679    520.2310   14.732  9.419E-02  6.183E-02  6.816E-03  3.645E-02  3.291E+00  8.110E-06
6      -- 5        116.2    691.4731    433.5562   15.805  1.788E-02  2.372E-02  9.867E-04  6.816E-03  1.262E+00  5.375E-06
7      -- 6        154.9    806.6518    371.6504   19.383  2.510E-03  8.990E-03  1.545E-04  9.867E-04  4.785E-01  3.235E-06
8      -- 7        199.1    921.7997    325.2252   27.955  3.568E-04  3.414E-03  3.598E-05  1.545E-04  1.817E-01  1.833E-06
9      -- 8        248.9   1036.9124    289.1203   38.032  7.549E-05  1.286E-03  1.087E-05  3.598E-05  6.845E-02  9.828E-07
10     -- 9        304.2   1151.9855    260.2398   45.061  2.186E-05  4.788E-04  3.521E-06  1.087E-05  2.548E-02  5.017E-07
11     -- 10       365.0   1267.0145    236.6133   50.743  6.936E-06  1.770E-04  1.163E-06  3.521E-06  9.422E-03  2.468E-07
12     -- 11       431.3   1381.9951    216.9273   55.577  2.266E-06  6.417E-05  3.834E-07  1.163E-06  3.415E-03  1.161E-07
13     -- 12       503.1   1496.9229    200.2725   62.012  7.290E-07  2.368E-05  1.300E-07  3.834E-07  1.260E-03  5.444E-08
14     -- 13       580.5   1611.7935    185.9993   62.624  2.535E-07  7.966E-06  4.060E-08  1.300E-07  4.240E-04  2.286E-08
15     -- 14       663.4   1726.6025    173.6314   63.211  8.083E-08  2.455E-06  1.170E-08  4.060E-08  1.307E-04  8.663E-09
16     -- 15       751.7   1841.3455    162.8116   70.673  2.256E-08  7.968E-07  3.567E-09  1.170E-08  4.241E-05  3.410E-09
