* Radex version        : 30nov2011
* Geometry             : Uniform sphere
* Molecular data file  : ./data/co.dat                                                                   
* T(kin)            [K]:  110.000
* Density of H2  [cm-3]:  6.310E+05
* Density of pH2 [cm-3]:  1.577E+05
* Density of oH2 [cm-3]:  4.732E+05
* T(background)     [K]:   13.800
* Column density [cm-2]:  9.736E+20
* Line width     [km/s]:   50.000
Calculation finished in   34 iterations
      LINE         E_UP       FREQ        WAVEL     T_EX      TAU        T_R       POP        POP       FLUX        FLUX
                   (K)        (GHz)       (um)      (K)                  (K)        UP        LOW      (K*km/s) (erg/cm2/s)
1      -- 0          5.5    115.2712   2600.7576  109.989  3.386E+01  9.603E+01  7.118E-02  2.495E-02  5.111E+03  1.008E-04
2      -- 1         16.6    230.5380   1300.4037  109.988  1.256E+02  9.555E+01  1.073E-01  7.118E-02  5.086E+03  8.025E-04
3      -- 2         33.2    345.7960    866.9634  109.987  2.491E+02  9.477E+01  1.292E-01  1.073E-01  5.044E+03  2.686E-03
4      -- 3         55.3    461.0408    650.2515  109.985  3.710E+02  9.372E+01  1.358E-01  1.292E-01  4.988E+03  6.295E-03
5      -- 4         83.0    576.2679    520.2310  109.981  4.617E+02  9.242E+01  1.291E-01  1.358E-01  4.919E+03  1.212E-02
6      -- 5        116.2    691.4731    433.5562  109.976  5.036E+02  9.092E+01  1.128E-01  1.291E-01  4.839E+03  2.061E-02
7      -- 6        154.9    806.6518    371.6504  109.966  4.938E+02  8.925E+01  9.154E-02  1.128E-01  4.750E+03  3.211E-02
8      -- 7        199.1    921.7997    325.2252  109.951  4.417E+02  8.744E+01  6.938E-02  9.154E-02  4.654E+03  4.695E-02
9      -- 8        248.9   1036.9124    289.1203  109.925  3.640E+02  8.553E+01  4.931E-02  6.938E-02  4.552E+03  6.536E-02
10     -- 9        304.2   1151.9855    260.2398  109.877  2.781E+02  8.352E+01  3.295E-02  4.931E-02  4.445E+03  8.752E-02
11     -- 10       365.0   1267.0145    236.6133  109.793  1.981E+02  8.143E+01  2.074E-02  3.295E-02  4.334E+03  1.135E-01
12     -- 11       431.3   1381.9951    216.9273  109.632  1.319E+02  7.925E+01  1.231E-02  2.074E-02  4.218E+03  1.434E-01
13     -- 12       503.1   1496.9229    200.2725  109.316  8.238E+01  7.691E+01  6.892E-03  1.231E-02  4.093E+03  1.768E-01
14     -- 13       580.5   1611.7935    185.9993  108.580  4.838E+01  7.417E+01  3.630E-03  6.892E-03  3.948E+03  2.129E-01
15     -- 14       663.4   1726.6025    173.6314  106.726  2.677E+01  7.040E+01  1.785E-03  3.630E-03  3.747E+03  2.484E-01
16     -- 15       751.7   1841.3455    162.8116  101.666  1.404E+01  6.366E+01  7.968E-04  1.785E-03  3.388E+03  2.724E-01
