* Radex version        : 30nov2011
* Geometry             : Uniform sphere
* Molecular data file  : ./data/co.dat                                                                   
* T(kin)            [K]:  125.000
* Density of H2  [cm-3]:  1.259E+05
* Density of pH2 [cm-3]:  3.147E+04
* Density of oH2 [cm-3]:  9.442E+04
* T(background)     [K]:   13.800
* Column density [cm-2]:  1.943E+20
* Line width     [km/s]:   50.000
Calculation finished in   39 iterations
      LINE         E_UP       FREQ        WAVEL     T_EX      TAU        T_R       POP        POP       FLUX        FLUX
                   (K)        (GHz)       (um)      (K)                  (K)        UP        LOW      (K*km/s) (erg/cm2/s)
1      -- 0          5.5    115.2712   2600.7576  124.788  5.348E+00  1.103E+02  6.412E-02  2.234E-02  5.871E+03  1.158E-04
2      -- 1         16.6    230.5380   1300.4037  124.543  2.005E+01  1.101E+02  9.778E-02  6.412E-02  5.860E+03  9.246E-04
3      -- 2         33.2    345.7960    866.9634  124.528  4.036E+01  1.093E+02  1.198E-01  9.778E-02  5.817E+03  3.098E-03
4      -- 3         55.3    461.0408    650.2515  124.458  6.137E+01  1.081E+02  1.290E-01  1.198E-01  5.756E+03  7.265E-03
5      -- 4         83.0    576.2679    520.2310  124.349  7.846E+01  1.067E+02  1.262E-01  1.290E-01  5.680E+03  1.400E-02
6      -- 5        116.2    691.4731    433.5562  124.177  8.844E+01  1.050E+02  1.142E-01  1.262E-01  5.590E+03  2.380E-02
7      -- 6        154.9    806.6518    371.6504  123.914  9.016E+01  1.031E+02  9.637E-02  1.142E-01  5.486E+03  3.708E-02
8      -- 7        199.1    921.7997    325.2252  123.483  8.434E+01  1.008E+02  7.633E-02  9.637E-02  5.366E+03  5.413E-02
9      -- 8        248.9   1036.9124    289.1203  122.797  7.312E+01  9.820E+01  5.689E-02  7.633E-02  5.227E+03  7.505E-02
10     -- 9        304.2   1151.9855    260.2398  121.538  5.917E+01  9.496E+01  3.990E-02  5.689E-02  5.054E+03  9.951E-02
11     -- 10       365.0   1267.0145    236.6133  119.374  4.492E+01  9.079E+01  2.626E-02  3.990E-02  4.832E+03  1.266E-01
12     -- 11       431.3   1381.9951    216.9273  115.208  3.213E+01  8.466E+01  1.605E-02  2.626E-02  4.506E+03  1.532E-01
13     -- 12       503.1   1496.9229    200.2725  107.177  2.172E+01  7.484E+01  8.866E-03  1.605E-02  3.984E+03  1.721E-01
14     -- 13       580.5   1611.7935    185.9993   93.187  1.375E+01  5.951E+01  4.152E-03  8.866E-03  3.168E+03  1.708E-01
15     -- 14       663.4   1726.6025    173.6314   74.070  7.619E+00  3.998E+01  1.450E-03  4.152E-03  2.128E+03  1.411E-01
16     -- 15       751.7   1841.3455    162.8116   56.572  3.096E+00  2.225E+01  3.237E-04  1.450E-03  1.184E+03  9.521E-02
