* Radex version        : 30nov2011
* Geometry             : Uniform sphere
* Molecular data file  : ./data/co.dat                                                                   
* T(kin)            [K]:  105.000
* Density of H2  [cm-3]:  1.585E+02
* Density of pH2 [cm-3]:  3.962E+01
* Density of oH2 [cm-3]:  1.189E+02
* T(background)     [K]:    2.725
* Column density [cm-2]:  1.565E+18
* Line width     [km/s]:   50.000
Calculation finished in   31 iterations
      LINE         E_UP       FREQ        WAVEL     T_EX      TAU        T_R       POP        POP       FLUX        FLUX
                   (K)        (GHz)       (um)      (K)                  (K)        UP        LOW      (K*km/s) (erg/cm2/s)
1      -- 0          5.5    115.2712   2600.7576   12.271  3.890E+00  8.694E+00  4.607E-01  2.410E-01  4.627E+02  9.128E-06
2      -- 1         16.6    230.5380   1300.4037    9.876  9.198E+00  5.161E+00  2.504E-01  4.607E-01  2.747E+02  4.335E-05
3      -- 2         33.2    345.7960    866.9634    7.966  5.844E+00  2.316E+00  4.366E-02  2.504E-01  1.233E+02  6.565E-05
4      -- 3         55.3    461.0408    650.2515    7.922  1.039E+00  9.281E-01  3.437E-03  4.366E-02  4.940E+01  6.235E-05
5      -- 4         83.0    576.2679    520.2310   13.779  7.315E-02  3.028E-01  5.646E-04  3.437E-03  1.611E+01  3.972E-05
6      -- 5        116.2    691.4731    433.5562   21.189  1.076E-02  9.372E-02  1.393E-04  5.646E-04  4.988E+00  2.124E-05
7      -- 6        154.9    806.6518    371.6504   26.063  2.556E-03  2.893E-02  3.640E-05  1.393E-04  1.540E+00  1.041E-05
8      -- 7        199.1    921.7997    325.2252   30.153  6.559E-04  8.693E-03  9.513E-06  3.640E-05  4.627E-01  4.667E-06
9      -- 8        248.9   1036.9124    289.1203   33.976  1.694E-04  2.535E-03  2.458E-06  9.513E-06  1.349E-01  1.937E-06
10     -- 9        304.2   1151.9855    260.2398   37.193  4.361E-05  7.046E-04  6.143E-07  2.458E-06  3.750E-02  7.383E-07
11     -- 10       365.0   1267.0145    236.6133   40.922  1.080E-05  1.921E-04  1.523E-07  6.143E-07  1.023E-02  2.679E-07
12     -- 11       431.3   1381.9951    216.9273   44.013  2.670E-06  5.040E-05  3.667E-08  1.523E-07  2.683E-03  9.119E-08
13     -- 12       503.1   1496.9229    200.2725   50.005  6.243E-07  1.399E-05  9.415E-09  3.667E-08  7.444E-04  3.216E-08
14     -- 13       580.5   1611.7935    185.9993   49.935  1.642E-07  3.427E-06  2.148E-09  9.415E-09  1.824E-04  9.836E-09
15     -- 14       663.4   1726.6025    173.6314   49.160  3.843E-08  7.245E-07  4.256E-10  2.148E-09  3.856E-05  2.556E-09
16     -- 15       751.7   1841.3455    162.8116   55.318  7.390E-09  1.657E-07  9.170E-11  4.256E-10  8.821E-06  7.092E-10
