* Radex version        : 30nov2011
* Geometry             : Uniform sphere
* Molecular data file  : ./data/co.dat                                                                   
* T(kin)            [K]:  150.000
* Density of H2  [cm-3]:  6.310E+04
* Density of pH2 [cm-3]:  1.577E+04
* Density of oH2 [cm-3]:  4.732E+04
* T(background)     [K]:   13.800
* Column density [cm-2]:  9.736E+19
* Line width     [km/s]:   50.000
Calculation finished in   39 iterations
      LINE         E_UP       FREQ        WAVEL     T_EX      TAU        T_R       POP        POP       FLUX        FLUX
                   (K)        (GHz)       (um)      (K)                  (K)        UP        LOW      (K*km/s) (erg/cm2/s)
1      -- 0          5.5    115.2712   2600.7576  153.564  1.919E+00  1.191E+02  5.672E-02  1.960E-02  6.339E+03  1.250E-04
2      -- 1         16.6    230.5380   1300.4037  146.823  7.588E+00  1.323E+02  8.767E-02  5.672E-02  7.041E+03  1.111E-03
3      -- 2         33.2    345.7960    866.9634  146.952  1.552E+01  1.317E+02  1.096E-01  8.767E-02  7.009E+03  3.732E-03
4      -- 3         55.3    461.0408    650.2515  146.571  2.421E+01  1.302E+02  1.212E-01  1.096E-01  6.931E+03  8.747E-03
5      -- 4         83.0    576.2679    520.2310  146.018  3.198E+01  1.283E+02  1.226E-01  1.212E-01  6.830E+03  1.683E-02
6      -- 5        116.2    691.4731    433.5562  145.177  3.752E+01  1.259E+02  1.153E-01  1.226E-01  6.702E+03  2.854E-02
7      -- 6        154.9    806.6518    371.6504  143.901  4.011E+01  1.229E+02  1.016E-01  1.153E-01  6.542E+03  4.422E-02
8      -- 7        199.1    921.7997    325.2252  141.917  3.965E+01  1.191E+02  8.433E-02  1.016E-01  6.338E+03  6.393E-02
9      -- 8        248.9   1036.9124    289.1203  138.833  3.660E+01  1.140E+02  6.586E-02  8.433E-02  6.070E+03  8.715E-02
10     -- 9        304.2   1151.9855    260.2398  133.671  3.182E+01  1.069E+02  4.813E-02  6.586E-02  5.690E+03  1.120E-01
11     -- 10       365.0   1267.0145    236.6133  125.736  2.609E+01  9.702E+01  3.250E-02  4.813E-02  5.164E+03  1.353E-01
12     -- 11       431.3   1381.9951    216.9273  113.487  2.015E+01  8.299E+01  1.969E-02  3.250E-02  4.417E+03  1.501E-01
13     -- 12       503.1   1496.9229    200.2725   96.446  1.437E+01  6.455E+01  1.010E-02  1.969E-02  3.436E+03  1.484E-01
14     -- 13       580.5   1611.7935    185.9993   75.899  8.892E+00  4.339E+01  3.914E-03  1.010E-02  2.309E+03  1.245E-01
15     -- 14       663.4   1726.6025    173.6314   57.079  4.095E+00  2.471E+01  9.798E-04  3.914E-03  1.315E+03  8.719E-02
16     -- 15       751.7   1841.3455    162.8116   50.369  1.097E+00  1.222E+01  1.804E-04  9.798E-04  6.503E+02  5.229E-02
