* Radex version        : 30nov2011
* Geometry             : Uniform sphere
* Molecular data file  : ./data/co.dat                                                                   
* T(kin)            [K]:  115.000
* Density of H2  [cm-3]:  1.995E+02
* Density of pH2 [cm-3]:  4.988E+01
* Density of oH2 [cm-3]:  1.496E+02
* T(background)     [K]:   13.800
* Column density [cm-2]:  3.079E+17
* Line width     [km/s]:   50.000
Calculation finished in   21 iterations
      LINE         E_UP       FREQ        WAVEL     T_EX      TAU        T_R       POP        POP       FLUX        FLUX
                   (K)        (GHz)       (um)      (K)                  (K)        UP        LOW      (K*km/s) (erg/cm2/s)
1      -- 0          5.5    115.2712   2600.7576   19.206  3.518E-01  1.588E+00  3.614E-01  1.607E-01  8.451E+01  1.667E-06
2      -- 1         16.6    230.5380   1300.4037   15.556  1.072E+00  1.102E+00  2.957E-01  3.614E-01  5.864E+01  9.253E-06
3      -- 2         33.2    345.7960    866.9634   14.852  1.043E+00  6.097E-01  1.354E-01  2.957E-01  3.245E+01  1.728E-05
4      -- 3         55.3    461.0408    650.2515   14.627  5.263E-01  2.776E-01  3.836E-02  1.354E-01  1.478E+01  1.865E-05
5      -- 4         83.0    576.2679    520.2310   14.785  1.569E-01  1.057E-01  7.223E-03  3.836E-02  5.625E+00  1.386E-05
6      -- 5        116.2    691.4731    433.5562   15.628  3.012E-02  3.606E-02  1.021E-03  7.223E-03  1.919E+00  8.173E-06
7      -- 6        154.9    806.6518    371.6504   18.302  4.189E-03  1.177E-02  1.421E-04  1.021E-03  6.267E-01  4.236E-06
8      -- 7        199.1    921.7997    325.2252   24.590  5.463E-04  3.769E-03  2.664E-05  1.421E-04  2.006E-01  2.024E-06
9      -- 8        248.9   1036.9124    289.1203   32.528  9.511E-05  1.176E-03  6.449E-06  2.664E-05  6.260E-02  8.988E-07
10     -- 9        304.2   1151.9855    260.2398   38.227  2.224E-05  3.558E-04  1.678E-06  6.449E-06  1.894E-02  3.728E-07
11     -- 10       365.0   1267.0145    236.6133   42.565  5.705E-06  1.051E-04  4.405E-07  1.678E-06  5.591E-03  1.465E-07
12     -- 11       431.3   1381.9951    216.9273   46.393  1.484E-06  3.017E-05  1.146E-07  4.405E-07  1.606E-03  5.459E-08
13     -- 12       503.1   1496.9229    200.2725   51.885  3.774E-07  8.908E-06  3.100E-08  1.146E-07  4.741E-04  2.048E-08
14     -- 13       580.5   1611.7935    185.9993   52.608  1.040E-07  2.371E-06  7.652E-09  3.100E-08  1.262E-04  6.806E-09
15     -- 14       663.4   1726.6025    173.6314   52.449  2.624E-08  5.588E-07  1.685E-09  7.652E-09  2.974E-05  1.972E-09
16     -- 15       751.7   1841.3455    162.8116   58.352  5.629E-09  1.394E-07  3.945E-10  1.685E-09  7.420E-06  5.966E-10
