* Radex version        : 30nov2011
* Geometry             : Uniform sphere
* Molecular data file  : ./data/co.dat                                                                   
* T(kin)            [K]:  195.000
* Density of H2  [cm-3]:  7.943E+05
* Density of pH2 [cm-3]:  1.986E+05
* Density of oH2 [cm-3]:  5.957E+05
* T(background)     [K]:   13.800
* Column density [cm-2]:  1.226E+21
* Line width     [km/s]:   50.000
Calculation finished in   36 iterations
      LINE         E_UP       FREQ        WAVEL     T_EX      TAU        T_R       POP        POP       FLUX        FLUX
                   (K)        (GHz)       (um)      (K)                  (K)        UP        LOW      (K*km/s) (erg/cm2/s)
1      -- 0          5.5    115.2712   2600.7576  194.960  1.378E+01  1.810E+02  4.123E-02  1.414E-02  9.633E+03  1.900E-04
2      -- 1         16.6    230.5380   1300.4037  194.955  5.278E+01  1.805E+02  6.492E-02  4.123E-02  9.606E+03  1.516E-03
3      -- 2         33.2    345.7960    866.9634  194.953  1.106E+02  1.796E+02  8.347E-02  6.492E-02  9.562E+03  5.092E-03
4      -- 3         55.3    461.0408    650.2515  194.949  1.777E+02  1.785E+02  9.580E-02  8.347E-02  9.502E+03  1.199E-02
5      -- 4         83.0    576.2679    520.2310  194.942  2.439E+02  1.771E+02  1.016E-01  9.580E-02  9.428E+03  2.324E-02
6      -- 5        116.2    691.4731    433.5562  194.934  2.999E+02  1.755E+02  1.013E-01  1.016E-01  9.342E+03  3.978E-02
7      -- 6        154.9    806.6518    371.6504  194.921  3.388E+02  1.737E+02  9.581E-02  1.013E-01  9.246E+03  6.250E-02
8      -- 7        199.1    921.7997    325.2252  194.902  3.568E+02  1.717E+02  8.654E-02  9.581E-02  9.141E+03  9.221E-02
9      -- 8        248.9   1036.9124    289.1203  194.876  3.538E+02  1.697E+02  7.492E-02  8.654E-02  9.030E+03  1.297E-01
10     -- 9        304.2   1151.9855    260.2398  194.835  3.324E+02  1.675E+02  6.235E-02  7.492E-02  8.914E+03  1.755E-01
11     -- 10       365.0   1267.0145    236.6133  194.781  2.976E+02  1.652E+02  4.998E-02  6.235E-02  8.793E+03  2.303E-01
12     -- 11       431.3   1381.9951    216.9273  194.698  2.545E+02  1.629E+02  3.864E-02  4.998E-02  8.669E+03  2.947E-01
13     -- 12       503.1   1496.9229    200.2725  194.576  2.086E+02  1.605E+02  2.885E-02  3.864E-02  8.541E+03  3.689E-01
14     -- 13       580.5   1611.7935    185.9993  194.358  1.643E+02  1.580E+02  2.081E-02  2.885E-02  8.407E+03  4.533E-01
15     -- 14       663.4   1726.6025    173.6314  194.030  1.244E+02  1.553E+02  1.451E-02  2.081E-02  8.268E+03  5.480E-01
16     -- 15       751.7   1841.3455    162.8116  193.449  9.073E+01  1.525E+02  9.785E-03  1.451E-02  8.115E+03  6.525E-01
