* Radex version        : 30nov2011
* Geometry             : Uniform sphere
* Molecular data file  : ./data/co.dat                                                                   
* T(kin)            [K]:  185.000
* Density of H2  [cm-3]:  5.012E+02
* Density of pH2 [cm-3]:  1.253E+02
* Density of oH2 [cm-3]:  3.759E+02
* T(background)     [K]:   13.800
* Column density [cm-2]:  7.733E+17
* Line width     [km/s]:   50.000
Calculation finished in   26 iterations
      LINE         E_UP       FREQ        WAVEL     T_EX      TAU        T_R       POP        POP       FLUX        FLUX
                   (K)        (GHz)       (um)      (K)                  (K)        UP        LOW      (K*km/s) (erg/cm2/s)
1      -- 0          5.5    115.2712   2600.7576   44.316  3.027E-01  7.936E+00  3.108E-01  1.174E-01  4.224E+02  8.332E-06
2      -- 1         16.6    230.5380   1300.4037   21.606  1.823E+00  6.326E+00  3.104E-01  3.108E-01  3.367E+02  5.313E-05
3      -- 2         33.2    345.7960    866.9634   18.703  2.404E+00  4.084E+00  1.789E-01  3.104E-01  2.174E+02  1.158E-04
4      -- 3         55.3    461.0408    650.2515   17.175  1.622E+00  2.287E+00  6.342E-02  1.789E-01  1.217E+02  1.536E-04
5      -- 4         83.0    576.2679    520.2310   16.953  6.197E-01  1.117E+00  1.517E-02  6.342E-02  5.947E+01  1.466E-04
6      -- 5        116.2    691.4731    433.5562   18.673  1.500E-01  4.819E-01  3.031E-03  1.517E-02  2.565E+01  1.092E-04
7      -- 6        154.9    806.6518    371.6504   23.743  2.856E-02  1.953E-01  6.850E-04  3.031E-03  1.039E+01  7.026E-05
8      -- 7        199.1    921.7997    325.2252   32.463  5.897E-03  7.849E-02  1.987E-04  6.850E-04  4.178E+00  4.214E-05
9      -- 8        248.9   1036.9124    289.1203   40.941  1.600E-03  3.132E-02  6.586E-05  1.987E-04  1.667E+00  2.393E-05
10     -- 9        304.2   1151.9855    260.2398   47.681  5.121E-04  1.241E-02  2.283E-05  6.586E-05  6.605E-01  1.300E-05
11     -- 10       365.0   1267.0145    236.6133   53.708  1.738E-04  4.894E-03  8.059E-06  2.283E-05  2.605E-01  6.824E-06
12     -- 11       431.3   1381.9951    216.9273   59.099  6.050E-05  1.903E-03  2.852E-06  8.059E-06  1.013E-01  3.444E-06
13     -- 12       503.1   1496.9229    200.2725   65.642  2.093E-05  7.484E-04  1.031E-06  2.852E-06  3.983E-02  1.721E-06
14     -- 13       580.5   1611.7935    185.9993   66.502  7.757E-06  2.705E-04  3.460E-07  1.031E-06  1.440E-02  7.764E-07
15     -- 14       663.4   1726.6025    173.6314   67.461  2.655E-06  9.054E-05  1.083E-07  3.460E-07  4.819E-03  3.194E-07
16     -- 15       751.7   1841.3455    162.8116   75.289  8.047E-07  3.171E-05  3.565E-08  1.083E-07  1.688E-03  1.357E-07
