* Radex version        : 30nov2011
* Geometry             : Uniform sphere
* Molecular data file  : ./data/co.dat                                                                   
* T(kin)            [K]:  180.000
* Density of H2  [cm-3]:  3.981E+04
* Density of pH2 [cm-3]:  9.953E+03
* Density of oH2 [cm-3]:  2.986E+04
* T(background)     [K]:    2.725
* Column density [cm-2]:  3.931E+20
* Line width     [km/s]:   50.000
Calculation finished in   43 iterations
      LINE         E_UP       FREQ        WAVEL     T_EX      TAU        T_R       POP        POP       FLUX        FLUX
                   (K)        (GHz)       (um)      (K)                  (K)        UP        LOW      (K*km/s) (erg/cm2/s)
1      -- 0          5.5    115.2712   2600.7576  178.876  5.449E+00  1.745E+02  4.659E-02  1.602E-02  9.290E+03  1.832E-04
2      -- 1         16.6    230.5380   1300.4037  177.658  2.094E+01  1.720E+02  7.296E-02  4.659E-02  9.154E+03  1.444E-03
3      -- 2         33.2    345.7960    866.9634  177.685  4.355E+01  1.695E+02  9.303E-02  7.296E-02  9.021E+03  4.804E-03
4      -- 3         55.3    461.0408    650.2515  177.510  6.939E+01  1.667E+02  1.056E-01  9.303E-02  8.871E+03  1.120E-02
5      -- 4         83.0    576.2679    520.2310  177.219  9.422E+01  1.637E+02  1.104E-01  1.056E-01  8.716E+03  2.148E-02
6      -- 5        116.2    691.4731    433.5562  176.781  1.143E+02  1.607E+02  1.082E-01  1.104E-01  8.554E+03  3.642E-02
7      -- 6        154.9    806.6518    371.6504  176.123  1.271E+02  1.575E+02  1.002E-01  1.082E-01  8.382E+03  5.666E-02
8      -- 7        199.1    921.7997    325.2252  175.156  1.315E+02  1.540E+02  8.819E-02  1.002E-01  8.195E+03  8.266E-02
9      -- 8        248.9   1036.9124    289.1203  173.737  1.278E+02  1.500E+02  7.401E-02  8.819E-02  7.986E+03  1.147E-01
10     -- 9        304.2   1151.9855    260.2398  171.480  1.175E+02  1.453E+02  5.926E-02  7.401E-02  7.735E+03  1.523E-01
11     -- 10       365.0   1267.0145    236.6133  168.198  1.026E+02  1.396E+02  4.521E-02  5.926E-02  7.431E+03  1.947E-01
12     -- 11       431.3   1381.9951    216.9273  162.917  8.555E+01  1.320E+02  3.271E-02  4.521E-02  7.026E+03  2.388E-01
13     -- 12       503.1   1496.9229    200.2725  154.338  6.828E+01  1.212E+02  2.218E-02  3.271E-02  6.451E+03  2.786E-01
14     -- 13       580.5   1611.7935    185.9993  140.682  5.219E+01  1.055E+02  1.375E-02  2.218E-02  5.617E+03  3.029E-01
15     -- 14       663.4   1726.6025    173.6314  121.488  3.749E+01  8.473E+01  7.429E-03  1.375E-02  4.510E+03  2.989E-01
16     -- 15       751.7   1841.3455    162.8116   97.775  2.417E+01  6.016E+01  3.203E-03  7.429E-03  3.202E+03  2.574E-01
