* Radex version        : 30nov2011
* Geometry             : Uniform sphere
* Molecular data file  : ./data/co.dat                                                                   
* T(kin)            [K]:  175.000
* Density of H2  [cm-3]:  3.981E+02
* Density of pH2 [cm-3]:  9.953E+01
* Density of oH2 [cm-3]:  2.986E+02
* T(background)     [K]:   13.800
* Column density [cm-2]:  6.143E+17
* Line width     [km/s]:   50.000
Calculation finished in   25 iterations
      LINE         E_UP       FREQ        WAVEL     T_EX      TAU        T_R       POP        POP       FLUX        FLUX
                   (K)        (GHz)       (um)      (K)                  (K)        UP        LOW      (K*km/s) (erg/cm2/s)
1      -- 0          5.5    115.2712   2600.7576   33.345  3.443E-01  5.661E+00  3.279E-01  1.290E-01  3.013E+02  5.944E-06
2      -- 1         16.6    230.5380   1300.4037   19.368  1.659E+00  4.340E+00  3.086E-01  3.279E-01  2.310E+02  3.645E-05
3      -- 2         33.2    345.7960    866.9634   17.234  1.996E+00  2.697E+00  1.650E-01  3.086E-01  1.435E+02  7.644E-05
4      -- 3         55.3    461.0408    650.2515   16.250  1.220E+00  1.444E+00  5.435E-02  1.650E-01  7.688E+01  9.703E-05
5      -- 4         83.0    576.2679    520.2310   16.326  4.280E-01  6.680E-01  1.221E-02  5.435E-02  3.556E+01  8.763E-05
6      -- 5        116.2    691.4731    433.5562   18.049  9.703E-02  2.757E-01  2.294E-03  1.221E-02  1.467E+01  6.248E-05
7      -- 6        154.9    806.6518    371.6504   22.940  1.740E-02  1.086E-01  4.896E-04  2.294E-03  5.779E+00  3.907E-05
8      -- 7        199.1    921.7997    325.2252   31.540  3.394E-03  4.255E-02  1.365E-04  4.896E-04  2.265E+00  2.285E-05
9      -- 8        248.9   1036.9124    289.1203   39.966  8.836E-04  1.654E-02  4.392E-05  1.365E-04  8.805E-01  1.264E-05
10     -- 9        304.2   1151.9855    260.2398   46.519  2.748E-04  6.375E-03  1.479E-05  4.392E-05  3.393E-01  6.680E-06
11     -- 10       365.0   1267.0145    236.6133   52.319  9.067E-05  2.441E-03  5.066E-06  1.479E-05  1.299E-01  3.403E-06
12     -- 11       431.3   1381.9951    216.9273   57.470  3.066E-05  9.199E-04  1.737E-06  5.066E-06  4.896E-02  1.664E-06
13     -- 12       503.1   1496.9229    200.2725   63.914  1.027E-05  3.512E-04  6.095E-07  1.737E-06  1.870E-02  8.076E-07
14     -- 13       580.5   1611.7935    185.9993   64.714  3.695E-06  1.230E-04  1.981E-07  6.095E-07  6.545E-03  3.529E-07
15     -- 14       663.4   1726.6025    173.6314   65.528  1.225E-06  3.969E-05  5.979E-08  1.981E-07  2.113E-03  1.400E-07
16     -- 15       751.7   1841.3455    162.8116   73.127  3.583E-07  1.343E-05  1.901E-08  5.979E-08  7.149E-04  5.748E-08
