* Radex version        : 30nov2011
* Geometry             : Uniform sphere
* Molecular data file  : ./data/co.dat                                                                   
* T(kin)            [K]:  190.000
* Density of H2  [cm-3]:  1.259E+05
* Density of pH2 [cm-3]:  3.147E+04
* Density of oH2 [cm-3]:  9.442E+04
* T(background)     [K]:   13.800
* Column density [cm-2]:  1.943E+20
* Line width     [km/s]:   50.000
Calculation finished in   40 iterations
      LINE         E_UP       FREQ        WAVEL     T_EX      TAU        T_R       POP        POP       FLUX        FLUX
                   (K)        (GHz)       (um)      (K)                  (K)        UP        LOW      (K*km/s) (erg/cm2/s)
1      -- 0          5.5    115.2712   2600.7576  191.867  2.355E+00  1.610E+02  4.375E-02  1.501E-02  8.570E+03  1.690E-04
2      -- 1         16.6    230.5380   1300.4037  188.202  9.185E+00  1.737E+02  6.875E-02  4.375E-02  9.246E+03  1.459E-03
3      -- 2         33.2    345.7960    866.9634  188.354  1.918E+01  1.731E+02  8.813E-02  6.875E-02  9.211E+03  4.905E-03
4      -- 3         55.3    461.0408    650.2515  188.194  3.074E+01  1.718E+02  1.007E-01  8.813E-02  9.143E+03  1.154E-02
5      -- 4         83.0    576.2679    520.2310  187.969  4.206E+01  1.702E+02  1.063E-01  1.007E-01  9.057E+03  2.232E-02
6      -- 5        116.2    691.4731    433.5562  187.658  5.149E+01  1.683E+02  1.052E-01  1.063E-01  8.956E+03  3.813E-02
7      -- 6        154.9    806.6518    371.6504  187.184  5.788E+01  1.660E+02  9.875E-02  1.052E-01  8.835E+03  5.972E-02
8      -- 7        199.1    921.7997    325.2252  186.513  6.061E+01  1.634E+02  8.828E-02  9.875E-02  8.697E+03  8.773E-02
9      -- 8        248.9   1036.9124    289.1203  185.545  5.971E+01  1.604E+02  7.546E-02  8.828E-02  8.536E+03  1.226E-01
10     -- 9        304.2   1151.9855    260.2398  184.030  5.572E+01  1.567E+02  6.176E-02  7.546E-02  8.343E+03  1.642E-01
11     -- 10       365.0   1267.0145    236.6133  181.919  4.950E+01  1.525E+02  4.842E-02  6.176E-02  8.114E+03  2.126E-01
12     -- 11       431.3   1381.9951    216.9273  178.567  4.200E+01  1.469E+02  3.630E-02  4.842E-02  7.819E+03  2.658E-01
13     -- 12       503.1   1496.9229    200.2725  173.130  3.417E+01  1.393E+02  2.589E-02  3.630E-02  7.414E+03  3.203E-01
14     -- 13       580.5   1611.7935    185.9993  163.884  2.678E+01  1.280E+02  1.735E-02  2.589E-02  6.810E+03  3.672E-01
15     -- 14       663.4   1726.6025    173.6314  149.739  2.009E+01  1.119E+02  1.066E-02  1.735E-02  5.956E+03  3.948E-01
16     -- 15       751.7   1841.3455    162.8116  129.713  1.423E+01  9.036E+01  5.742E-03  1.066E-02  4.809E+03  3.867E-01
