* Radex version        : 30nov2011
* Geometry             : Uniform sphere
* Molecular data file  : ./data/co.dat                                                                   
* T(kin)            [K]:  165.000
* Density of H2  [cm-3]:  5.012E+05
* Density of pH2 [cm-3]:  1.253E+05
* Density of oH2 [cm-3]:  3.759E+05
* T(background)     [K]:   13.800
* Column density [cm-2]:  7.733E+20
* Line width     [km/s]:   50.000
Calculation finished in   37 iterations
      LINE         E_UP       FREQ        WAVEL     T_EX      TAU        T_R       POP        POP       FLUX        FLUX
                   (K)        (GHz)       (um)      (K)                  (K)        UP        LOW      (K*km/s) (erg/cm2/s)
1      -- 0          5.5    115.2712   2600.7576  164.941  1.211E+01  1.510E+02  4.849E-02  1.671E-02  8.035E+03  1.585E-04
2      -- 1         16.6    230.5380   1300.4037  164.932  4.606E+01  1.505E+02  7.557E-02  4.849E-02  8.008E+03  1.264E-03
3      -- 2         33.2    345.7960    866.9634  164.928  9.526E+01  1.496E+02  9.567E-02  7.557E-02  7.965E+03  4.241E-03
4      -- 3         55.3    461.0408    650.2515  164.921  1.504E+02  1.485E+02  1.076E-01  9.567E-02  7.906E+03  9.977E-03
5      -- 4         83.0    576.2679    520.2310  164.909  2.017E+02  1.472E+02  1.112E-01  1.076E-01  7.833E+03  1.930E-02
6      -- 5        116.2    691.4731    433.5562  164.892  2.411E+02  1.456E+02  1.074E-01  1.112E-01  7.748E+03  3.299E-02
7      -- 6        154.9    806.6518    371.6504  164.867  2.634E+02  1.438E+02  9.801E-02  1.074E-01  7.652E+03  5.173E-02
8      -- 7        199.1    921.7997    325.2252  164.829  2.670E+02  1.418E+02  8.493E-02  9.801E-02  7.549E+03  7.615E-02
9      -- 8        248.9   1036.9124    289.1203  164.775  2.534E+02  1.398E+02  7.018E-02  8.493E-02  7.438E+03  1.068E-01
10     -- 9        304.2   1151.9855    260.2398  164.684  2.267E+02  1.376E+02  5.545E-02  7.018E-02  7.322E+03  1.441E-01
11     -- 10       365.0   1267.0145    236.6133  164.558  1.924E+02  1.353E+02  4.197E-02  5.545E-02  7.200E+03  1.886E-01
12     -- 11       431.3   1381.9951    216.9273  164.352  1.551E+02  1.329E+02  3.047E-02  4.197E-02  7.072E+03  2.404E-01
13     -- 12       503.1   1496.9229    200.2725  164.024  1.192E+02  1.303E+02  2.123E-02  3.047E-02  6.936E+03  2.996E-01
14     -- 13       580.5   1611.7935    185.9993  163.416  8.763E+01  1.275E+02  1.421E-02  2.123E-02  6.786E+03  3.659E-01
15     -- 14       663.4   1726.6025    173.6314  162.380  6.161E+01  1.243E+02  9.117E-03  1.421E-02  6.613E+03  4.384E-01
16     -- 15       751.7   1841.3455    162.8116  160.313  4.156E+01  1.200E+02  5.592E-03  9.117E-03  6.388E+03  5.136E-01
