* Radex version        : 30nov2011
* Geometry             : Uniform sphere
* Molecular data file  : ./data/co.dat                                                                   
* T(kin)            [K]:  135.000
* Density of H2  [cm-3]:  2.512E+03
* Density of pH2 [cm-3]:  6.280E+02
* Density of oH2 [cm-3]:  1.884E+03
* T(background)     [K]:   13.800
* Column density [cm-2]:  3.876E+18
* Line width     [km/s]:   50.000
Calculation finished in   33 iterations
      LINE         E_UP       FREQ        WAVEL     T_EX      TAU        T_R       POP        POP       FLUX        FLUX
                   (K)        (GHz)       (um)      (K)                  (K)        UP        LOW      (K*km/s) (erg/cm2/s)
1      -- 0          5.5    115.2712   2600.7576  1.027E+03  3.513E-02  3.498E+01  1.772E-01  5.938E-02  1.862E+03  3.672E-05
2      -- 1         16.6    230.5380   1300.4037   54.371  2.394E+00  3.637E+01  2.409E-01  1.772E-01  1.936E+03  3.055E-04
3      -- 2         33.2    345.7960    866.9634   45.462  4.864E+00  3.030E+01  2.342E-01  2.409E-01  1.613E+03  8.589E-04
4      -- 3         55.3    461.0408    650.2515   38.457  6.428E+00  2.284E+01  1.693E-01  2.342E-01  1.216E+03  1.534E-03
5      -- 4         83.0    576.2679    520.2310   31.173  6.064E+00  1.502E+01  8.524E-02  1.693E-01  7.994E+02  1.970E-03
6      -- 5        116.2    691.4731    433.5562   25.023  3.734E+00  8.493E+00  2.674E-02  8.524E-02  4.520E+02  1.925E-03
7      -- 6        154.9    806.6518    371.6504   22.405  1.292E+00  4.258E+00  5.482E-03  2.674E-02  2.266E+02  1.532E-03
8      -- 7        199.1    921.7997    325.2252   25.601  2.615E-01  1.769E+00  1.104E-03  5.482E-03  9.413E+01  9.495E-04
9      -- 8        248.9   1036.9124    289.1203   33.818  4.878E-02  6.398E-01  2.832E-04  1.104E-03  3.405E+01  4.890E-04
10     -- 9        304.2   1151.9855    260.2398   41.532  1.183E-02  2.214E-01  8.268E-05  2.832E-04  1.178E+01  2.320E-04
11     -- 10       365.0   1267.0145    236.6133   46.869  3.382E-03  7.466E-02  2.474E-05  8.268E-05  3.974E+00  1.041E-04
12     -- 11       431.3   1381.9951    216.9273   51.618  9.983E-04  2.477E-02  7.441E-06  2.474E-05  1.318E+00  4.481E-05
13     -- 12       503.1   1496.9229    200.2725   56.697  2.956E-04  8.208E-03  2.263E-06  7.441E-06  4.369E-01  1.887E-05
14     -- 13       580.5   1611.7935    185.9993   58.350  9.117E-05  2.525E-03  6.457E-07  2.263E-06  1.344E-01  7.246E-06
15     -- 14       663.4   1726.6025    173.6314   59.360  2.642E-05  7.150E-04  1.709E-07  6.457E-07  3.806E-02  2.523E-06
16     -- 15       751.7   1841.3455    162.8116   64.691  6.863E-06  2.067E-04  4.641E-08  1.709E-07  1.100E-02  8.846E-07
