* Radex version        : 30nov2011
* Geometry             : Uniform sphere
* Molecular data file  : ./data/co.dat                                                                   
* T(kin)            [K]:  175.000
* Density of H2  [cm-3]:  1.585E+05
* Density of pH2 [cm-3]:  3.962E+04
* Density of oH2 [cm-3]:  1.189E+05
* T(background)     [K]:   13.800
* Column density [cm-2]:  2.445E+20
* Line width     [km/s]:   50.000
Calculation finished in   39 iterations
      LINE         E_UP       FREQ        WAVEL     T_EX      TAU        T_R       POP        POP       FLUX        FLUX
                   (K)        (GHz)       (um)      (K)                  (K)        UP        LOW      (K*km/s) (erg/cm2/s)
1      -- 0          5.5    115.2712   2600.7576  175.208  3.470E+00  1.562E+02  4.669E-02  1.606E-02  8.315E+03  1.640E-04
2      -- 1         16.6    230.5380   1300.4037  174.130  1.331E+01  1.597E+02  7.303E-02  4.669E-02  8.498E+03  1.341E-03
3      -- 2         33.2    345.7960    866.9634  174.170  2.764E+01  1.589E+02  9.295E-02  7.303E-02  8.456E+03  4.503E-03
4      -- 3         55.3    461.0408    650.2515  174.083  4.392E+01  1.577E+02  1.052E-01  9.295E-02  8.393E+03  1.059E-02
5      -- 4         83.0    576.2679    520.2310  173.958  5.942E+01  1.562E+02  1.097E-01  1.052E-01  8.313E+03  2.049E-02
6      -- 5        116.2    691.4731    433.5562  173.780  7.177E+01  1.544E+02  1.071E-01  1.097E-01  8.219E+03  3.500E-02
7      -- 6        154.9    806.6518    371.6504  173.512  7.939E+01  1.524E+02  9.889E-02  1.071E-01  8.111E+03  5.482E-02
8      -- 7        199.1    921.7997    325.2252  173.120  8.160E+01  1.501E+02  8.681E-02  9.889E-02  7.988E+03  8.057E-02
9      -- 8        248.9   1036.9124    289.1203  172.554  7.872E+01  1.475E+02  7.271E-02  8.681E-02  7.849E+03  1.127E-01
10     -- 9        304.2   1151.9855    260.2398  171.640  7.174E+01  1.445E+02  5.823E-02  7.271E-02  7.688E+03  1.514E-01
11     -- 10       365.0   1267.0145    236.6133  170.348  6.209E+01  1.410E+02  4.463E-02  5.823E-02  7.505E+03  1.966E-01
12     -- 11       431.3   1381.9951    216.9273  168.250  5.117E+01  1.367E+02  3.271E-02  4.463E-02  7.277E+03  2.473E-01
13     -- 12       503.1   1496.9229    200.2725  164.727  4.034E+01  1.310E+02  2.284E-02  3.271E-02  6.973E+03  3.012E-01
14     -- 13       580.5   1611.7935    185.9993  158.300  3.055E+01  1.225E+02  1.505E-02  2.284E-02  6.519E+03  3.515E-01
15     -- 14       663.4   1726.6025    173.6314  147.531  2.219E+01  1.098E+02  9.174E-03  1.505E-02  5.842E+03  3.872E-01
16     -- 15       751.7   1841.3455    162.8116  130.690  1.534E+01  9.130E+01  4.966E-03  9.174E-03  4.859E+03  3.907E-01
