* Radex version        : 30nov2011
* Geometry             : Uniform sphere
* Molecular data file  : ./data/co.dat                                                                   
* T(kin)            [K]:  180.000
* Density of H2  [cm-3]:  1.000E+04
* Density of pH2 [cm-3]:  2.500E+03
* Density of oH2 [cm-3]:  7.500E+03
* T(background)     [K]:    2.725
* Column density [cm-2]:  9.875E+19
* Line width     [km/s]:   50.000
Calculation finished in   42 iterations
      LINE         E_UP       FREQ        WAVEL     T_EX      TAU        T_R       POP        POP       FLUX        FLUX
                   (K)        (GHz)       (um)      (K)                  (K)        UP        LOW      (K*km/s) (erg/cm2/s)
1      -- 0          5.5    115.2712   2600.7576  198.653  1.559E+00  1.540E+02  5.901E-02  2.023E-02  8.198E+03  1.617E-04
2      -- 1         16.6    230.5380   1300.4037  156.764  7.518E+00  1.510E+02  9.165E-02  5.901E-02  8.038E+03  1.268E-03
3      -- 2         33.2    345.7960    866.9634  156.206  1.553E+01  1.480E+02  1.154E-01  9.165E-02  7.878E+03  4.195E-03
4      -- 3         55.3    461.0408    650.2515  154.293  2.464E+01  1.435E+02  1.285E-01  1.154E-01  7.637E+03  9.638E-03
5      -- 4         83.0    576.2679    520.2310  151.137  3.334E+01  1.377E+02  1.308E-01  1.285E-01  7.331E+03  1.807E-02
6      -- 5        116.2    691.4731    433.5562  146.455  4.030E+01  1.305E+02  1.233E-01  1.308E-01  6.945E+03  2.957E-02
7      -- 6        154.9    806.6518    371.6504  139.652  4.465E+01  1.212E+02  1.078E-01  1.233E-01  6.450E+03  4.360E-02
8      -- 7        199.1    921.7997    325.2252  130.201  4.588E+01  1.093E+02  8.697E-02  1.078E-01  5.819E+03  5.870E-02
9      -- 8        248.9   1036.9124    289.1203  117.553  4.387E+01  9.442E+01  6.365E-02  8.697E-02  5.026E+03  7.216E-02
10     -- 9        304.2   1151.9855    260.2398  101.433  3.869E+01  7.629E+01  4.079E-02  6.365E-02  4.060E+03  7.994E-02
11     -- 10       365.0   1267.0145    236.6133   82.946  3.040E+01  5.622E+01  2.146E-02  4.079E-02  2.993E+03  7.839E-02
12     -- 11       431.3   1381.9951    216.9273   63.674  1.974E+01  3.617E+01  8.232E-03  2.146E-02  1.925E+03  6.543E-02
13     -- 12       503.1   1496.9229    200.2725   46.788  9.101E+00  1.972E+01  1.915E-03  8.232E-03  1.049E+03  4.533E-02
14     -- 13       580.5   1611.7935    185.9993   37.301  2.339E+00  1.005E+01  2.585E-04  1.915E-03  5.349E+02  2.885E-02
15     -- 14       663.4   1726.6025    173.6314   48.107  2.942E-01  4.593E+00  4.936E-05  2.585E-04  2.445E+02  1.620E-02
16     -- 15       751.7   1841.3455    162.8116   72.963  4.761E-02  1.743E+00  1.565E-05  4.936E-05  9.276E+01  7.458E-03
