* Radex version        : 30nov2011
* Geometry             : Uniform sphere
* Molecular data file  : ./data/co.dat                                                                   
* T(kin)            [K]:  170.000
* Density of H2  [cm-3]:  1.259E+03
* Density of pH2 [cm-3]:  3.147E+02
* Density of oH2 [cm-3]:  9.442E+02
* T(background)     [K]:   13.800
* Column density [cm-2]:  1.943E+18
* Line width     [km/s]:   50.000
Calculation finished in   30 iterations
      LINE         E_UP       FREQ        WAVEL     T_EX      TAU        T_R       POP        POP       FLUX        FLUX
                   (K)        (GHz)       (um)      (K)                  (K)        UP        LOW      (K*km/s) (erg/cm2/s)
1      -- 0          5.5    115.2712   2600.7576  304.399  7.768E-02  2.171E+01  2.302E-01  7.814E-02  1.155E+03  2.279E-05
2      -- 1         16.6    230.5380   1300.4037   37.092  2.183E+00  2.026E+01  2.847E-01  2.302E-01  1.078E+03  1.702E-04
3      -- 2         33.2    345.7960    866.9634   30.207  3.981E+00  1.525E+01  2.301E-01  2.847E-01  8.116E+02  4.322E-04
4      -- 3         55.3    461.0408    650.2515   25.233  4.225E+00  1.004E+01  1.231E-01  2.301E-01  5.345E+02  6.746E-04
5      -- 4         83.0    576.2679    520.2310   21.432  2.722E+00  5.783E+00  4.140E-02  1.231E-01  3.078E+02  7.586E-04
6      -- 5        116.2    691.4731    433.5562   20.265  9.967E-01  2.976E+00  9.513E-03  4.140E-02  1.584E+02  6.744E-04
7      -- 6        154.9    806.6518    371.6504   23.112  2.276E-01  1.309E+00  2.056E-03  9.513E-03  6.965E+01  4.708E-04
8      -- 7        199.1    921.7997    325.2252   30.561  4.571E-02  5.241E-01  5.479E-04  2.056E-03  2.790E+01  2.814E-04
9      -- 8        248.9   1036.9124    289.1203   39.312  1.131E-02  2.042E-01  1.727E-04  5.479E-04  1.087E+01  1.560E-04
10     -- 9        304.2   1151.9855    260.2398   46.186  3.430E-03  7.842E-02  5.765E-05  1.727E-04  4.174E+00  8.218E-05
11     -- 10       365.0   1267.0145    236.6133   51.959  1.122E-03  2.983E-02  1.959E-05  5.765E-05  1.588E+00  4.159E-05
12     -- 11       431.3   1381.9951    216.9273   57.267  3.757E-04  1.120E-02  6.688E-06  1.959E-05  5.962E-01  2.027E-05
13     -- 12       503.1   1496.9229    200.2725   63.326  1.258E-04  4.233E-03  2.323E-06  6.688E-06  2.253E-01  9.731E-06
14     -- 13       580.5   1611.7935    185.9993   64.694  4.454E-05  1.481E-03  7.547E-07  2.323E-06  7.885E-02  4.252E-06
15     -- 14       663.4   1726.6025    173.6314   65.857  1.472E-05  4.813E-04  2.292E-07  7.547E-07  2.562E-02  1.698E-06
16     -- 15       751.7   1841.3455    162.8116   72.732  4.356E-06  1.618E-04  7.241E-08  2.292E-07  8.610E-03  6.923E-07
