* Radex version        : 30nov2011
* Geometry             : Uniform sphere
* Molecular data file  : ./data/co.dat                                                                   
* T(kin)            [K]:  115.000
* Density of H2  [cm-3]:  6.310E+03
* Density of pH2 [cm-3]:  1.577E+03
* Density of oH2 [cm-3]:  4.732E+03
* T(background)     [K]:   13.800
* Column density [cm-2]:  9.736E+18
* Line width     [km/s]:   50.000
Calculation finished in   35 iterations
      LINE         E_UP       FREQ        WAVEL     T_EX      TAU        T_R       POP        POP       FLUX        FLUX
                   (K)        (GHz)       (um)      (K)                  (K)        UP        LOW      (K*km/s) (erg/cm2/s)
1      -- 0          5.5    115.2712   2600.7576  248.816  2.548E-01  5.282E+01  1.229E-01  4.188E-02  2.811E+03  5.545E-05
2      -- 1         16.6    230.5380   1300.4037   80.687  2.902E+00  6.264E+01  1.786E-01  1.229E-01  3.334E+03  5.261E-04
3      -- 2         33.2    345.7960    866.9634   73.435  5.988E+00  5.818E+01  1.994E-01  1.786E-01  3.096E+03  1.649E-03
4      -- 3         55.3    461.0408    650.2515   67.210  8.816E+00  5.117E+01  1.845E-01  1.994E-01  2.724E+03  3.437E-03
5      -- 4         83.0    576.2679    520.2310   59.103  1.054E+01  4.204E+01  1.412E-01  1.845E-01  2.238E+03  5.514E-03
6      -- 5        116.2    691.4731    433.5562   49.129  1.039E+01  3.110E+01  8.493E-02  1.412E-01  1.655E+03  7.047E-03
7      -- 6        154.9    806.6518    371.6504   38.399  7.957E+00  1.974E+01  3.576E-02  8.493E-02  1.051E+03  7.103E-03
8      -- 7        199.1    921.7997    325.2252   29.377  4.053E+00  1.055E+01  8.989E-03  3.576E-02  5.618E+02  5.667E-03
9      -- 8        248.9   1036.9124    289.1203   26.232  1.101E+00  4.934E+00  1.507E-03  8.989E-03  2.626E+02  3.771E-03
10     -- 9        304.2   1151.9855    260.2398   32.312  1.761E-01  1.803E+00  3.009E-04  1.507E-03  9.597E+01  1.889E-03
11     -- 10       365.0   1267.0145    236.6133   41.836  3.260E-02  5.709E-01  7.704E-05  3.009E-04  3.039E+01  7.960E-04
12     -- 11       431.3   1381.9951    216.9273   48.055  8.079E-03  1.750E-01  2.106E-05  7.704E-05  9.312E+00  3.165E-04
13     -- 12       503.1   1496.9229    200.2725   52.604  2.179E-03  5.272E-02  5.806E-06  2.106E-05  2.806E+00  1.212E-04
14     -- 13       580.5   1611.7935    185.9993   54.557  6.061E-04  1.481E-02  1.510E-06  5.806E-06  7.883E-01  4.251E-05
15     -- 14       663.4   1726.6025    173.6314   55.654  1.598E-04  3.824E-03  3.643E-07  1.510E-06  2.035E-01  1.349E-05
16     -- 15       751.7   1841.3455    162.8116   59.760  3.809E-05  9.880E-04  8.838E-08  3.643E-07  5.259E-02  4.228E-06
