* Radex version        : 30nov2011
* Geometry             : Uniform sphere
* Molecular data file  : ./data/co.dat                                                                   
* T(kin)            [K]:  155.000
* Density of H2  [cm-3]:  1.000E+02
* Density of pH2 [cm-3]:  2.500E+01
* Density of oH2 [cm-3]:  7.500E+01
* T(background)     [K]:    2.725
* Column density [cm-2]:  9.875E+17
* Line width     [km/s]:   50.000
Calculation finished in   32 iterations
      LINE         E_UP       FREQ        WAVEL     T_EX      TAU        T_R       POP        POP       FLUX        FLUX
                   (K)        (GHz)       (um)      (K)                  (K)        UP        LOW      (K*km/s) (erg/cm2/s)
1      -- 0          5.5    115.2712   2600.7576    9.165  3.807E+00  5.710E+00  4.912E-01  2.994E-01  3.039E+02  5.994E-06
2      -- 1         16.6    230.5380   1300.4037    7.461  7.099E+00  3.052E+00  1.858E-01  4.912E-01  1.624E+02  2.563E-05
3      -- 2         33.2    345.7960    866.9634    6.545  2.877E+00  1.312E+00  2.061E-02  1.858E-01  6.983E+01  3.718E-05
4      -- 3         55.3    461.0408    650.2515    8.928  3.018E-01  5.262E-01  2.223E-03  2.061E-02  2.800E+01  3.534E-05
5      -- 4         83.0    576.2679    520.2310   16.973  2.772E-02  1.843E-01  5.326E-04  2.223E-03  9.811E+00  2.418E-05
6      -- 5        116.2    691.4731    433.5562   24.043  6.057E-03  6.734E-02  1.583E-04  5.326E-04  3.584E+00  1.526E-05
7      -- 6        154.9    806.6518    371.6504   29.537  1.730E-03  2.471E-02  4.925E-05  1.583E-04  1.315E+00  8.888E-06
8      -- 7        199.1    921.7997    325.2252   35.033  5.219E-04  9.105E-03  1.579E-05  4.925E-05  4.846E-01  4.888E-06
9      -- 8        248.9   1036.9124    289.1203   39.747  1.648E-04  3.284E-03  5.046E-06  1.579E-05  1.748E-01  2.509E-06
10     -- 9        304.2   1151.9855    260.2398   44.592  5.187E-05  1.168E-03  1.614E-06  5.046E-06  6.217E-02  1.224E-06
11     -- 10       365.0   1267.0145    236.6133   49.588  1.636E-05  4.130E-04  5.187E-07  1.614E-06  2.198E-02  5.758E-07
12     -- 11       431.3   1381.9951    216.9273   53.600  5.233E-06  1.418E-04  1.636E-07  5.187E-07  7.550E-03  2.566E-07
13     -- 12       503.1   1496.9229    200.2725   60.389  1.603E-06  5.039E-05  5.376E-08  1.636E-07  2.682E-03  1.158E-07
14     -- 13       580.5   1611.7935    185.9993   60.103  5.439E-07  1.605E-05  1.594E-08  5.376E-08  8.540E-04  4.605E-08
15     -- 14       663.4   1726.6025    173.6314   60.236  1.651E-07  4.625E-06  4.306E-09  1.594E-08  2.461E-04  1.632E-08
16     -- 15       751.7   1841.3455    162.8116   67.905  4.305E-08  1.423E-06  1.248E-09  4.306E-09  7.571E-05  6.087E-09
