* Radex version        : 30nov2011
* Geometry             : Uniform sphere
* Molecular data file  : ./data/co.dat                                                                   
* T(kin)            [K]:  110.000
* Density of H2  [cm-3]:  3.981E+03
* Density of pH2 [cm-3]:  9.953E+02
* Density of oH2 [cm-3]:  2.986E+03
* T(background)     [K]:   13.800
* Column density [cm-2]:  6.143E+18
* Line width     [km/s]:   50.000
Calculation finished in   33 iterations
      LINE         E_UP       FREQ        WAVEL     T_EX      TAU        T_R       POP        POP       FLUX        FLUX
                   (K)        (GHz)       (um)      (K)                  (K)        UP        LOW      (K*km/s) (erg/cm2/s)
1      -- 0          5.5    115.2712   2600.7576  251.544  1.974E-01  4.255E+01  1.526E-01  5.198E-02  2.265E+03  4.468E-05
2      -- 1         16.6    230.5380   1300.4037   63.760  2.826E+00  4.646E+01  2.138E-01  1.526E-01  2.473E+03  3.902E-04
3      -- 2         33.2    345.7960    866.9634   56.128  5.723E+00  4.098E+01  2.227E-01  2.138E-01  2.181E+03  1.161E-03
4      -- 3         55.3    461.0408    650.2515   49.240  8.014E+00  3.342E+01  1.826E-01  2.227E-01  1.779E+03  2.245E-03
5      -- 4         83.0    576.2679    520.2310   40.991  8.647E+00  2.439E+01  1.137E-01  1.826E-01  1.298E+03  3.200E-03
6      -- 5        116.2    691.4731    433.5562   32.303  6.899E+00  1.519E+01  4.810E-02  1.137E-01  8.086E+02  3.443E-03
7      -- 6        154.9    806.6518    371.6504   25.332  3.506E+00  7.984E+00  1.204E-02  4.810E-02  4.250E+02  2.873E-03
8      -- 7        199.1    921.7997    325.2252   23.353  9.401E-01  3.634E+00  2.052E-03  1.204E-02  1.934E+02  1.951E-03
9      -- 8        248.9   1036.9124    289.1203   28.457  1.541E-01  1.299E+00  3.991E-04  2.052E-03  6.913E+01  9.925E-04
10     -- 9        304.2   1151.9855    260.2398   36.728  2.794E-02  4.063E-01  9.789E-05  3.991E-04  2.163E+01  4.258E-04
11     -- 10       365.0   1267.0145    236.6133   42.513  6.644E-03  1.216E-01  2.565E-05  9.789E-05  6.475E+00  1.696E-04
12     -- 11       431.3   1381.9951    216.9273   46.761  1.719E-03  3.544E-02  6.750E-06  2.565E-05  1.886E+00  6.412E-05
13     -- 12       503.1   1496.9229    200.2725   51.146  4.464E-04  1.025E-02  1.789E-06  6.750E-06  5.457E-01  2.357E-05
14     -- 13       580.5   1611.7935    185.9993   52.691  1.197E-04  2.738E-03  4.428E-07  1.789E-06  1.457E-01  7.857E-06
15     -- 14       663.4   1726.6025    173.6314   53.431  3.007E-05  6.644E-04  1.004E-07  4.428E-07  3.536E-02  2.344E-06
16     -- 15       751.7   1841.3455    162.8116   57.765  6.718E-06  1.631E-04  2.314E-08  1.004E-07  8.683E-03  6.981E-07
