* Radex version        : 30nov2011
* Geometry             : Uniform sphere
* Molecular data file  : ./data/co.dat                                                                   
* T(kin)            [K]:  190.000
* Density of H2  [cm-3]:  6.310E+05
* Density of pH2 [cm-3]:  1.577E+05
* Density of oH2 [cm-3]:  4.732E+05
* T(background)     [K]:   13.800
* Column density [cm-2]:  9.736E+20
* Line width     [km/s]:   50.000
Calculation finished in   37 iterations
      LINE         E_UP       FREQ        WAVEL     T_EX      TAU        T_R       POP        POP       FLUX        FLUX
                   (K)        (GHz)       (um)      (K)                  (K)        UP        LOW      (K*km/s) (erg/cm2/s)
1      -- 0          5.5    115.2712   2600.7576  189.944  1.153E+01  1.760E+02  4.231E-02  1.452E-02  9.366E+03  1.847E-04
2      -- 1         16.6    230.5380   1300.4037  189.934  4.413E+01  1.755E+02  6.652E-02  4.231E-02  9.339E+03  1.474E-03
3      -- 2         33.2    345.7960    866.9634  189.931  9.227E+01  1.746E+02  8.534E-02  6.652E-02  9.295E+03  4.949E-03
4      -- 3         55.3    461.0408    650.2515  189.925  1.479E+02  1.735E+02  9.765E-02  8.534E-02  9.235E+03  1.165E-02
5      -- 4         83.0    576.2679    520.2310  189.915  2.024E+02  1.721E+02  1.032E-01  9.765E-02  9.161E+03  2.258E-02
6      -- 5        116.2    691.4731    433.5562  189.902  2.478E+02  1.705E+02  1.024E-01  1.032E-01  9.075E+03  3.864E-02
7      -- 6        154.9    806.6518    371.6504  189.882  2.786E+02  1.687E+02  9.635E-02  1.024E-01  8.979E+03  6.069E-02
8      -- 7        199.1    921.7997    325.2252  189.854  2.917E+02  1.667E+02  8.650E-02  9.635E-02  8.874E+03  8.951E-02
9      -- 8        248.9   1036.9124    289.1203  189.814  2.875E+02  1.646E+02  7.438E-02  8.650E-02  8.762E+03  1.258E-01
10     -- 9        304.2   1151.9855    260.2398  189.750  2.681E+02  1.624E+02  6.143E-02  7.438E-02  8.645E+03  1.702E-01
11     -- 10       365.0   1267.0145    236.6133  189.666  2.382E+02  1.601E+02  4.883E-02  6.143E-02  8.523E+03  2.233E-01
12     -- 11       431.3   1381.9951    216.9273  189.535  2.020E+02  1.578E+02  3.740E-02  4.883E-02  8.397E+03  2.854E-01
13     -- 12       503.1   1496.9229    200.2725  189.340  1.640E+02  1.553E+02  2.764E-02  3.740E-02  8.265E+03  3.570E-01
14     -- 13       580.5   1611.7935    185.9993  188.990  1.279E+02  1.527E+02  1.972E-02  2.764E-02  8.125E+03  4.382E-01
15     -- 14       663.4   1726.6025    173.6314  188.457  9.581E+01  1.498E+02  1.358E-02  1.972E-02  7.976E+03  5.287E-01
16     -- 15       751.7   1841.3455    162.8116  187.488  6.910E+01  1.466E+02  9.021E-03  1.358E-02  7.804E+03  6.274E-01
