* Radex version        : 30nov2011
* Geometry             : Uniform sphere
* Molecular data file  : ./data/co.dat                                                                   
* T(kin)            [K]:  145.000
* Density of H2  [cm-3]:  1.000E+04
* Density of pH2 [cm-3]:  2.500E+03
* Density of oH2 [cm-3]:  7.500E+03
* T(background)     [K]:   13.800
* Column density [cm-2]:  1.543E+19
* Line width     [km/s]:   50.000
Calculation finished in   36 iterations
      LINE         E_UP       FREQ        WAVEL     T_EX      TAU        T_R       POP        POP       FLUX        FLUX
                   (K)        (GHz)       (um)      (K)                  (K)        UP        LOW      (K*km/s) (erg/cm2/s)
1      -- 0          5.5    115.2712   2600.7576  462.367  1.610E-01  6.667E+01  9.150E-02  3.087E-02  3.549E+03  7.000E-05
2      -- 1         16.6    230.5380   1300.4037  113.228  2.488E+00  9.058E+01  1.383E-01  9.150E-02  4.821E+03  7.608E-04
3      -- 2         33.2    345.7960    866.9634  103.252  5.396E+00  8.765E+01  1.649E-01  1.383E-01  4.665E+03  2.484E-03
4      -- 3         55.3    461.0408    650.2515   97.488  8.363E+00  8.125E+01  1.689E-01  1.649E-01  4.325E+03  5.458E-03
5      -- 4         83.0    576.2679    520.2310   90.175  1.082E+01  7.274E+01  1.520E-01  1.689E-01  3.872E+03  9.542E-03
6      -- 5        116.2    691.4731    433.5562   80.536  1.218E+01  6.179E+01  1.189E-01  1.520E-01  3.289E+03  1.400E-02
7      -- 6        154.9    806.6518    371.6504   68.537  1.200E+01  4.850E+01  7.801E-02  1.189E-01  2.581E+03  1.745E-02
8      -- 7        199.1    921.7997    325.2252   54.978  9.955E+00  3.392E+01  3.954E-02  7.801E-02  1.806E+03  1.821E-02
9      -- 8        248.9   1036.9124    289.1203   41.906  6.276E+00  2.041E+01  1.348E-02  3.954E-02  1.086E+03  1.560E-02
10     -- 9        304.2   1151.9855    260.2398   33.189  2.471E+00  1.086E+01  2.816E-03  1.348E-02  5.780E+02  1.138E-02
11     -- 10       365.0   1267.0145    236.6133   35.148  5.191E-01  5.002E+00  5.467E-04  2.816E-03  2.662E+02  6.973E-03
12     -- 11       431.3   1381.9951    216.9273   48.140  9.079E-02  1.893E+00  1.498E-04  5.467E-04  1.008E+02  3.426E-03
13     -- 12       503.1   1496.9229    200.2725   58.401  2.335E-02  6.754E-01  4.729E-05  1.498E-04  3.595E+01  1.553E-03
14     -- 13       580.5   1611.7935    185.9993   62.308  7.343E-03  2.279E-01  1.468E-05  4.729E-05  1.213E+01  6.541E-04
15     -- 14       663.4   1726.6025    173.6314   64.594  2.297E-03  7.245E-02  4.350E-06  1.468E-05  3.856E+00  2.556E-04
16     -- 15       751.7   1841.3455    162.8116   69.165  6.734E-04  2.289E-02  1.291E-06  4.350E-06  1.218E+00  9.794E-05
