* Radex version        : 30nov2011
* Geometry             : Uniform sphere
* Molecular data file  : ./data/co.dat                                                                   
* T(kin)            [K]:  135.000
* Density of H2  [cm-3]:  1.585E+03
* Density of pH2 [cm-3]:  3.962E+02
* Density of oH2 [cm-3]:  1.189E+03
* T(background)     [K]:   13.800
* Column density [cm-2]:  2.445E+18
* Line width     [km/s]:   50.000
Calculation finished in   30 iterations
      LINE         E_UP       FREQ        WAVEL     T_EX      TAU        T_R       POP        POP       FLUX        FLUX
                   (K)        (GHz)       (um)      (K)                  (K)        UP        LOW      (K*km/s) (erg/cm2/s)
1      -- 0          5.5    115.2712   2600.7576  210.979  1.346E-01  2.481E+01  2.187E-01  7.484E-02  1.321E+03  2.605E-05
2      -- 1         16.6    230.5380   1300.4037   39.912  2.452E+00  2.343E+01  2.763E-01  2.187E-01  1.247E+03  1.968E-04
3      -- 2         33.2    345.7960    866.9634   32.996  4.547E+00  1.807E+01  2.339E-01  2.763E-01  9.618E+02  5.122E-04
4      -- 3         55.3    461.0408    650.2515   27.421  5.128E+00  1.218E+01  1.342E-01  2.339E-01  6.484E+02  8.183E-04
5      -- 4         83.0    576.2679    520.2310   22.609  3.638E+00  7.034E+00  4.827E-02  1.342E-01  3.744E+02  9.227E-04
6      -- 5        116.2    691.4731    433.5562   20.181  1.465E+00  3.575E+00  1.102E-02  4.827E-02  1.903E+02  8.103E-04
7      -- 6        154.9    806.6518    371.6504   21.664  3.398E-01  1.526E+00  2.129E-03  1.102E-02  8.120E+01  5.488E-04
8      -- 7        199.1    921.7997    325.2252   27.674  6.214E-02  5.629E-01  4.878E-04  2.129E-03  2.996E+01  3.022E-04
9      -- 8        248.9   1036.9124    289.1203   35.624  1.329E-02  1.975E-01  1.348E-04  4.878E-04  1.051E+01  1.510E-04
10     -- 9        304.2   1151.9855    260.2398   41.834  3.542E-03  6.748E-02  3.975E-05  1.348E-04  3.592E+00  7.072E-05
11     -- 10       365.0   1267.0145    236.6133   46.703  1.028E-03  2.257E-02  1.184E-05  3.975E-05  1.201E+00  3.146E-05
12     -- 11       431.3   1381.9951    216.9273   51.241  3.025E-04  7.409E-03  3.528E-06  1.184E-05  3.943E-01  1.340E-05
13     -- 12       503.1   1496.9229    200.2725   56.488  8.858E-05  2.444E-03  1.068E-06  3.528E-06  1.301E-01  5.618E-06
14     -- 13       580.5   1611.7935    185.9993   57.907  2.724E-05  7.440E-04  3.016E-07  1.068E-06  3.960E-02  2.135E-06
15     -- 14       663.4   1726.6025    173.6314   58.659  7.829E-06  2.072E-04  7.851E-08  3.016E-07  1.103E-02  7.310E-07
16     -- 15       751.7   1841.3455    162.8116   64.357  1.994E-06  5.949E-05  2.117E-08  7.851E-08  3.166E-03  2.546E-07
