* Radex version        : 30nov2011
* Geometry             : Uniform sphere
* Molecular data file  : ./data/co.dat                                                                   
* T(kin)            [K]:  150.000
* Density of H2  [cm-3]:  3.162E+05
* Density of pH2 [cm-3]:  7.906E+04
* Density of oH2 [cm-3]:  2.372E+05
* T(background)     [K]:   13.800
* Column density [cm-2]:  4.879E+20
* Line width     [km/s]:   50.000
Calculation finished in   38 iterations
      LINE         E_UP       FREQ        WAVEL     T_EX      TAU        T_R       POP        POP       FLUX        FLUX
                   (K)        (GHz)       (um)      (K)                  (K)        UP        LOW      (K*km/s) (erg/cm2/s)
1      -- 0          5.5    115.2712   2600.7576  149.900  9.254E+00  1.359E+02  5.325E-02  1.842E-02  7.234E+03  1.427E-04
2      -- 1         16.6    230.5380   1300.4037  149.872  3.501E+01  1.354E+02  8.244E-02  5.325E-02  7.207E+03  1.137E-03
3      -- 2         33.2    345.7960    866.9634  149.866  7.181E+01  1.346E+02  1.033E-01  8.244E-02  7.164E+03  3.815E-03
4      -- 3         55.3    461.0408    650.2515  149.850  1.120E+02  1.335E+02  1.146E-01  1.033E-01  7.105E+03  8.967E-03
5      -- 4         83.0    576.2679    520.2310  149.825  1.481E+02  1.321E+02  1.165E-01  1.146E-01  7.032E+03  1.733E-02
6      -- 5        116.2    691.4731    433.5562  149.789  1.738E+02  1.305E+02  1.103E-01  1.165E-01  6.947E+03  2.958E-02
7      -- 6        154.9    806.6518    371.6504  149.734  1.858E+02  1.287E+02  9.826E-02  1.103E-01  6.851E+03  4.631E-02
8      -- 7        199.1    921.7997    325.2252  149.649  1.836E+02  1.267E+02  8.286E-02  9.826E-02  6.746E+03  6.805E-02
9      -- 8        248.9   1036.9124    289.1203  149.525  1.694E+02  1.246E+02  6.639E-02  8.286E-02  6.633E+03  9.524E-02
10     -- 9        304.2   1151.9855    260.2398  149.311  1.469E+02  1.223E+02  5.067E-02  6.639E-02  6.512E+03  1.282E-01
11     -- 10       365.0   1267.0145    236.6133  148.999  1.203E+02  1.199E+02  3.690E-02  5.067E-02  6.382E+03  1.672E-01
12     -- 11       431.3   1381.9951    216.9273  148.474  9.335E+01  1.172E+02  2.566E-02  3.690E-02  6.239E+03  2.121E-01
13     -- 12       503.1   1496.9229    200.2725  147.572  6.885E+01  1.142E+02  1.703E-02  2.566E-02  6.076E+03  2.625E-01
14     -- 13       580.5   1611.7935    185.9993  145.795  4.842E+01  1.102E+02  1.076E-02  1.703E-02  5.867E+03  3.164E-01
15     -- 14       663.4   1726.6025    173.6314  142.333  3.251E+01  1.047E+02  6.427E-03  1.076E-02  5.572E+03  3.694E-01
16     -- 15       751.7   1841.3455    162.8116  135.090  2.094E+01  9.554E+01  3.557E-03  6.427E-03  5.085E+03  4.089E-01
