* Radex version        : 30nov2011
* Geometry             : Uniform sphere
* Molecular data file  : ./data/co.dat                                                                   
* T(kin)            [K]:  115.000
* Density of H2  [cm-3]:  1.995E+04
* Density of pH2 [cm-3]:  4.988E+03
* Density of oH2 [cm-3]:  1.496E+04
* T(background)     [K]:   13.800
* Column density [cm-2]:  3.079E+19
* Line width     [km/s]:   50.000
Calculation finished in   37 iterations
      LINE         E_UP       FREQ        WAVEL     T_EX      TAU        T_R       POP        POP       FLUX        FLUX
                   (K)        (GHz)       (um)      (K)                  (K)        UP        LOW      (K*km/s) (erg/cm2/s)
1      -- 0          5.5    115.2712   2600.7576  130.528  1.056E+00  7.603E+01  8.367E-02  2.910E-02  4.047E+03  7.983E-05
2      -- 1         16.6    230.5380   1300.4037  105.624  4.850E+00  9.048E+01  1.256E-01  8.367E-02  4.816E+03  7.599E-04
3      -- 2         33.2    345.7960    866.9634  104.564  9.663E+00  8.935E+01  1.500E-01  1.256E-01  4.756E+03  2.533E-03
4      -- 3         55.3    461.0408    650.2515  102.764  1.448E+01  8.652E+01  1.555E-01  1.500E-01  4.605E+03  5.812E-03
5      -- 4         83.0    576.2679    520.2310   99.917  1.818E+01  8.242E+01  1.441E-01  1.555E-01  4.387E+03  1.081E-02
6      -- 5        116.2    691.4731    433.5562   95.425  2.005E+01  7.650E+01  1.203E-01  1.441E-01  4.072E+03  1.734E-02
7      -- 6        154.9    806.6518    371.6504   88.560  1.987E+01  6.812E+01  8.965E-02  1.203E-01  3.626E+03  2.451E-02
8      -- 7        199.1    921.7997    325.2252   78.554  1.778E+01  5.663E+01  5.785E-02  8.965E-02  3.014E+03  3.040E-02
9      -- 8        248.9   1036.9124    289.1203   65.342  1.405E+01  4.220E+01  3.019E-02  5.785E-02  2.246E+03  3.225E-02
10     -- 9        304.2   1151.9855    260.2398   50.313  9.078E+00  2.661E+01  1.112E-02  3.019E-02  1.416E+03  2.788E-02
11     -- 10       365.0   1267.0145    236.6133   37.514  3.989E+00  1.397E+01  2.408E-03  1.112E-02  7.436E+02  1.948E-02
12     -- 11       431.3   1381.9951    216.9273   34.160  9.138E-01  6.327E+00  3.755E-04  2.408E-03  3.368E+02  1.145E-02
13     -- 12       503.1   1496.9229    200.2725   44.874  1.317E-01  2.191E+00  8.180E-05  3.755E-04  1.166E+02  5.037E-03
14     -- 13       580.5   1611.7935    185.9993   54.240  2.708E-02  6.458E-01  2.111E-05  8.180E-05  3.437E+01  1.854E-03
15     -- 14       663.4   1726.6025    173.6314   57.619  6.953E-03  1.773E-01  5.356E-06  2.111E-05  9.436E+00  6.255E-04
16     -- 15       751.7   1841.3455    162.8116   61.121  1.753E-03  4.744E-02  1.343E-06  5.356E-06  2.525E+00  2.030E-04
