* Radex version        : 30nov2011
* Geometry             : Uniform sphere
* Molecular data file  : ./data/co.dat                                                                   
* T(kin)            [K]:  180.000
* Density of H2  [cm-3]:  1.259E+06
* Density of pH2 [cm-3]:  3.147E+05
* Density of oH2 [cm-3]:  9.442E+05
* T(background)     [K]:   13.800
* Column density [cm-2]:  1.943E+21
* Line width     [km/s]:   50.000
Calculation finished in   35 iterations
      LINE         E_UP       FREQ        WAVEL     T_EX      TAU        T_R       POP        POP       FLUX        FLUX
                   (K)        (GHz)       (um)      (K)                  (K)        UP        LOW      (K*km/s) (erg/cm2/s)
1      -- 0          5.5    115.2712   2600.7576  179.986  2.555E+01  1.660E+02  4.449E-02  1.529E-02  8.836E+03  1.743E-04
2      -- 1         16.6    230.5380   1300.4037  179.986  9.755E+01  1.655E+02  6.973E-02  4.449E-02  8.809E+03  1.390E-03
3      -- 2         33.2    345.7960    866.9634  179.985  2.032E+02  1.647E+02  8.902E-02  6.973E-02  8.766E+03  4.668E-03
4      -- 3         55.3    461.0408    650.2515  179.984  3.238E+02  1.636E+02  1.012E-01  8.902E-02  8.706E+03  1.099E-02
5      -- 4         83.0    576.2679    520.2310  179.982  4.399E+02  1.622E+02  1.061E-01  1.012E-01  8.633E+03  2.128E-02
6      -- 5        116.2    691.4731    433.5562  179.979  5.339E+02  1.606E+02  1.043E-01  1.061E-01  8.548E+03  3.640E-02
7      -- 6        154.9    806.6518    371.6504  179.974  5.940E+02  1.588E+02  9.702E-02  1.043E-01  8.453E+03  5.714E-02
8      -- 7        199.1    921.7997    325.2252  179.967  6.146E+02  1.569E+02  8.599E-02  9.702E-02  8.350E+03  8.423E-02
9      -- 8        248.9   1036.9124    289.1203  179.958  5.973E+02  1.548E+02  7.289E-02  8.599E-02  8.241E+03  1.183E-01
10     -- 9        304.2   1151.9855    260.2398  179.942  5.487E+02  1.527E+02  5.925E-02  7.289E-02  8.127E+03  1.600E-01
11     -- 10       365.0   1267.0145    236.6133  179.922  4.794E+02  1.505E+02  4.628E-02  5.925E-02  8.009E+03  2.098E-01
12     -- 11       431.3   1381.9951    216.9273  179.889  3.990E+02  1.482E+02  3.480E-02  4.628E-02  7.889E+03  2.682E-01
13     -- 12       503.1   1496.9229    200.2725  179.839  3.176E+02  1.459E+02  2.520E-02  3.480E-02  7.766E+03  3.355E-01
14     -- 13       580.5   1611.7935    185.9993  179.749  2.423E+02  1.436E+02  1.760E-02  2.520E-02  7.641E+03  4.120E-01
15     -- 14       663.4   1726.6025    173.6314  179.608  1.773E+02  1.411E+02  1.186E-02  1.760E-02  7.512E+03  4.980E-01
16     -- 15       751.7   1841.3455    162.8116  179.349  1.247E+02  1.386E+02  7.715E-03  1.186E-02  7.379E+03  5.933E-01
