* Radex version        : 30nov2011
* Geometry             : Uniform sphere
* Molecular data file  : ./data/co.dat                                                                   
* T(kin)            [K]:  155.000
* Density of H2  [cm-3]:  1.995E+04
* Density of pH2 [cm-3]:  4.988E+03
* Density of oH2 [cm-3]:  1.496E+04
* T(background)     [K]:   13.800
* Column density [cm-2]:  3.079E+19
* Line width     [km/s]:   50.000
Calculation finished in   37 iterations
      LINE         E_UP       FREQ        WAVEL     T_EX      TAU        T_R       POP        POP       FLUX        FLUX
                   (K)        (GHz)       (um)      (K)                  (K)        UP        LOW      (K*km/s) (erg/cm2/s)
1      -- 0          5.5    115.2712   2600.7576  236.627  4.763E-01  8.437E+01  6.905E-02  2.356E-02  4.491E+03  8.858E-05
2      -- 1         16.6    230.5380   1300.4037  138.488  3.090E+00  1.184E+02  1.062E-01  6.905E-02  6.301E+03  9.943E-04
3      -- 2         33.2    345.7960    866.9634  133.407  6.516E+00  1.180E+02  1.313E-01  1.062E-01  6.279E+03  3.344E-03
4      -- 3         55.3    461.0408    650.2515  130.553  1.021E+01  1.142E+02  1.425E-01  1.313E-01  6.080E+03  7.673E-03
5      -- 4         83.0    576.2679    520.2310  126.594  1.353E+01  1.090E+02  1.400E-01  1.425E-01  5.799E+03  1.429E-02
6      -- 5        116.2    691.4731    433.5562  120.869  1.593E+01  1.017E+02  1.258E-01  1.400E-01  5.415E+03  2.306E-02
7      -- 6        154.9    806.6518    371.6504  112.733  1.705E+01  9.199E+01  1.029E-01  1.258E-01  4.896E+03  3.310E-02
8      -- 7        199.1    921.7997    325.2252  101.660  1.673E+01  7.927E+01  7.549E-02  1.029E-01  4.219E+03  4.256E-02
9      -- 8        248.9   1036.9124    289.1203   87.487  1.492E+01  6.356E+01  4.777E-02  7.549E-02  3.383E+03  4.857E-02
10     -- 9        304.2   1151.9855    260.2398   70.826  1.168E+01  4.572E+01  2.419E-02  4.777E-02  2.433E+03  4.791E-02
11     -- 10       365.0   1267.0145    236.6133   54.174  7.295E+00  2.857E+01  8.623E-03  2.419E-02  1.521E+03  3.983E-02
12     -- 11       431.3   1381.9951    216.9273   41.864  3.037E+00  1.577E+01  1.922E-03  8.623E-03  8.394E+02  2.853E-02
13     -- 12       503.1   1496.9229    200.2725   42.018  6.916E-01  7.724E+00  3.756E-04  1.922E-03  4.111E+02  1.776E-02
14     -- 13       580.5   1611.7935    185.9993   56.342  1.222E-01  2.986E+00  1.022E-04  3.756E-04  1.589E+02  8.570E-03
15     -- 14       663.4   1726.6025    173.6314   66.797  3.138E-02  1.035E+00  3.160E-05  1.022E-04  5.510E+01  3.653E-03
16     -- 15       751.7   1841.3455    162.8116   72.716  9.518E-03  3.516E-01  9.978E-06  3.160E-05  1.872E+01  1.505E-03
