* Radex version        : 30nov2011
* Geometry             : Uniform sphere
* Molecular data file  : ./data/co.dat                                                                   
* T(kin)            [K]:  155.000
* Density of H2  [cm-3]:  3.981E+05
* Density of pH2 [cm-3]:  9.953E+04
* Density of oH2 [cm-3]:  2.986E+05
* T(background)     [K]:   13.800
* Column density [cm-2]:  6.143E+20
* Line width     [km/s]:   50.000
Calculation finished in   37 iterations
      LINE         E_UP       FREQ        WAVEL     T_EX      TAU        T_R       POP        POP       FLUX        FLUX
                   (K)        (GHz)       (um)      (K)                  (K)        UP        LOW      (K*km/s) (erg/cm2/s)
1      -- 0          5.5    115.2712   2600.7576  154.925  1.090E+01  1.410E+02  5.153E-02  1.780E-02  7.502E+03  1.480E-04
2      -- 1         16.6    230.5380   1300.4037  154.911  4.131E+01  1.404E+02  7.997E-02  5.153E-02  7.475E+03  1.180E-03
3      -- 2         33.2    345.7960    866.9634  154.906  8.498E+01  1.396E+02  1.006E-01  7.997E-02  7.432E+03  3.958E-03
4      -- 3         55.3    461.0408    650.2515  154.895  1.331E+02  1.385E+02  1.121E-01  1.006E-01  7.373E+03  9.305E-03
5      -- 4         83.0    576.2679    520.2310  154.879  1.769E+02  1.372E+02  1.146E-01  1.121E-01  7.300E+03  1.799E-02
6      -- 5        116.2    691.4731    433.5562  154.855  2.089E+02  1.356E+02  1.093E-01  1.146E-01  7.215E+03  3.072E-02
7      -- 6        154.9    806.6518    371.6504  154.818  2.251E+02  1.338E+02  9.823E-02  1.093E-01  7.120E+03  4.813E-02
8      -- 7        199.1    921.7997    325.2252  154.763  2.245E+02  1.318E+02  8.365E-02  9.823E-02  7.016E+03  7.078E-02
9      -- 8        248.9   1036.9124    289.1203  154.682  2.092E+02  1.297E+02  6.777E-02  8.365E-02  6.906E+03  9.915E-02
10     -- 9        304.2   1151.9855    260.2398  154.544  1.834E+02  1.275E+02  5.238E-02  6.777E-02  6.787E+03  1.336E-01
11     -- 10       365.0   1267.0145    236.6133  154.346  1.521E+02  1.252E+02  3.869E-02  5.238E-02  6.663E+03  1.745E-01
12     -- 11       431.3   1381.9951    216.9273  154.017  1.197E+02  1.227E+02  2.734E-02  3.869E-02  6.530E+03  2.220E-01
13     -- 12       503.1   1496.9229    200.2725  153.475  8.956E+01  1.199E+02  1.849E-02  2.734E-02  6.384E+03  2.758E-01
14     -- 13       580.5   1611.7935    185.9993  152.429  6.396E+01  1.167E+02  1.195E-02  1.849E-02  6.213E+03  3.350E-01
15     -- 14       663.4   1726.6025    173.6314  150.517  4.362E+01  1.127E+02  7.368E-03  1.195E-02  5.996E+03  3.975E-01
16     -- 15       751.7   1841.3455    162.8116  146.459  2.852E+01  1.065E+02  4.290E-03  7.368E-03  5.671E+03  4.559E-01
