* Radex version        : 30nov2011
* Geometry             : Uniform sphere
* Molecular data file  : ./data/co.dat                                                                   
* T(kin)            [K]:  155.000
* Density of H2  [cm-3]:  5.012E+02
* Density of pH2 [cm-3]:  1.253E+02
* Density of oH2 [cm-3]:  3.759E+02
* T(background)     [K]:   13.800
* Column density [cm-2]:  7.733E+17
* Line width     [km/s]:   50.000
Calculation finished in   26 iterations
      LINE         E_UP       FREQ        WAVEL     T_EX      TAU        T_R       POP        POP       FLUX        FLUX
                   (K)        (GHz)       (um)      (K)                  (K)        UP        LOW      (K*km/s) (erg/cm2/s)
1      -- 0          5.5    115.2712   2600.7576   38.782  3.553E-01  7.436E+00  3.164E-01  1.216E-01  3.958E+02  7.807E-06
2      -- 1         16.6    230.5380   1300.4037   20.861  1.907E+00  5.804E+00  3.103E-01  3.164E-01  3.089E+02  4.874E-05
3      -- 2         33.2    345.7960    866.9634   18.208  2.444E+00  3.677E+00  1.746E-01  3.103E-01  1.957E+02  1.042E-04
4      -- 3         55.3    461.0408    650.2515   16.779  1.601E+00  2.000E+00  6.004E-02  1.746E-01  1.065E+02  1.344E-04
5      -- 4         83.0    576.2679    520.2310   16.546  5.922E-01  9.355E-01  1.379E-02  6.004E-02  4.979E+01  1.227E-04
6      -- 5        116.2    691.4731    433.5562   18.002  1.381E-01  3.801E-01  2.580E-03  1.379E-02  2.023E+01  8.614E-05
7      -- 6        154.9    806.6518    371.6504   22.395  2.486E-02  1.440E-01  5.285E-04  2.580E-03  7.664E+00  5.180E-05
8      -- 7        199.1    921.7997    325.2252   30.219  4.700E-03  5.367E-02  1.385E-04  5.285E-04  2.856E+00  2.881E-05
9      -- 8        248.9   1036.9124    289.1203   38.072  1.157E-03  1.974E-02  4.190E-05  1.385E-04  1.050E+00  1.508E-05
10     -- 9        304.2   1151.9855    260.2398   44.150  3.390E-04  7.154E-03  1.324E-05  4.190E-05  3.808E-01  7.496E-06
11     -- 10       365.0   1267.0145    236.6133   49.387  1.053E-04  2.560E-03  4.233E-06  1.324E-05  1.363E-01  3.569E-06
12     -- 11       431.3   1381.9951    216.9273   54.113  3.328E-05  8.990E-04  1.351E-06  4.233E-06  4.785E-02  1.626E-06
13     -- 12       503.1   1496.9229    200.2725   60.150  1.039E-05  3.202E-04  4.418E-07  1.351E-06  1.704E-02  7.361E-07
14     -- 13       580.5   1611.7935    185.9993   61.096  3.472E-06  1.045E-04  1.338E-07  4.418E-07  5.560E-03  2.998E-07
15     -- 14       663.4   1726.6025    173.6314   61.788  1.072E-06  3.124E-05  3.741E-08  1.338E-07  1.663E-03  1.102E-07
16     -- 15       751.7   1841.3455    162.8116   68.597  2.914E-07  9.762E-06  1.098E-08  3.741E-08  5.196E-04  4.178E-08
