* Radex version        : 30nov2011
* Geometry             : Uniform sphere
* Molecular data file  : ./data/co.dat                                                                   
* T(kin)            [K]:  160.000
* Density of H2  [cm-3]:  3.981E+03
* Density of pH2 [cm-3]:  9.953E+02
* Density of oH2 [cm-3]:  2.986E+03
* T(background)     [K]:   13.800
* Column density [cm-2]:  6.143E+18
* Line width     [km/s]:   50.000
Calculation finished in   33 iterations
      LINE         E_UP       FREQ        WAVEL     T_EX      TAU        T_R       POP        POP       FLUX        FLUX
                   (K)        (GHz)       (um)      (K)                  (K)        UP        LOW      (K*km/s) (erg/cm2/s)
1      -- 0          5.5    115.2712   2600.7576 -332.821 -1.288E-01  4.766E+01  1.343E-01  4.401E-02  2.537E+03  5.004E-05
2      -- 1         16.6    230.5380   1300.4037   80.421  2.007E+00  5.714E+01  1.950E-01  1.343E-01  3.041E+03  4.799E-04
3      -- 2         33.2    345.7960    866.9634   66.658  4.495E+00  5.100E+01  2.128E-01  1.950E-01  2.715E+03  1.446E-03
4      -- 3         55.3    461.0408    650.2515   58.446  6.670E+00  4.245E+01  1.874E-01  2.128E-01  2.259E+03  2.852E-03
5      -- 4         83.0    576.2679    520.2310   49.366  7.755E+00  3.250E+01  1.308E-01  1.874E-01  1.730E+03  4.263E-03
6      -- 5        116.2    691.4731    433.5562   39.710  7.002E+00  2.209E+01  6.702E-02  1.308E-01  1.176E+03  5.006E-03
7      -- 6        154.9    806.6518    371.6504   31.160  4.437E+00  1.306E+01  2.232E-02  6.702E-02  6.953E+02  4.700E-03
8      -- 7        199.1    921.7997    325.2252   26.816  1.658E+00  7.002E+00  4.860E-03  2.232E-02  3.727E+02  3.759E-03
9      -- 8        248.9   1036.9124    289.1203   30.491  3.555E-01  3.203E+00  1.062E-03  4.860E-03  1.705E+02  2.448E-03
10     -- 9        304.2   1151.9855    260.2398   41.124  7.066E-02  1.260E+00  3.060E-04  1.062E-03  6.707E+01  1.321E-03
11     -- 10       365.0   1267.0145    236.6133   50.124  1.919E-02  4.745E-01  9.964E-05  3.060E-04  2.526E+01  6.616E-04
12     -- 11       431.3   1381.9951    216.9273   56.378  6.092E-03  1.763E-01  3.340E-05  9.964E-05  9.383E+00  3.189E-04
13     -- 12       503.1   1496.9229    200.2725   62.032  2.008E-03  6.518E-02  1.133E-05  3.340E-05  3.469E+00  1.499E-04
14     -- 13       580.5   1611.7935    185.9993   64.319  6.890E-04  2.268E-02  3.655E-06  1.133E-05  1.207E+00  6.509E-05
15     -- 14       663.4   1726.6025    173.6314   66.018  2.252E-04  7.393E-03  1.114E-06  3.655E-06  3.935E-01  2.608E-05
16     -- 15       751.7   1841.3455    162.8116   71.644  6.744E-05  2.439E-03  3.453E-07  1.114E-06  1.298E-01  1.044E-05
