* Radex version        : 30nov2011
* Geometry             : Uniform sphere
* Molecular data file  : ./data/co.dat                                                                   
* T(kin)            [K]:  155.000
* Density of H2  [cm-3]:  3.162E+02
* Density of pH2 [cm-3]:  7.906E+01
* Density of oH2 [cm-3]:  2.372E+02
* T(background)     [K]:    2.725
* Column density [cm-2]:  3.123E+18
* Line width     [km/s]:   50.000
Calculation finished in   34 iterations
      LINE         E_UP       FREQ        WAVEL     T_EX      TAU        T_R       POP        POP       FLUX        FLUX
                   (K)        (GHz)       (um)      (K)                  (K)        UP        LOW      (K*km/s) (erg/cm2/s)
1      -- 0          5.5    115.2712   2600.7576   25.561  2.436E+00  2.013E+01  3.409E-01  1.411E-01  1.071E+03  2.113E-05
2      -- 1         16.6    230.5380   1300.4037   19.412  8.756E+00  1.421E+01  3.213E-01  3.409E-01  7.561E+02  1.193E-04
3      -- 2         33.2    345.7960    866.9634   15.847  1.109E+01  8.934E+00  1.578E-01  3.213E-01  4.755E+02  2.532E-04
4      -- 3         55.3    461.0408    650.2515   12.418  6.637E+00  4.466E+00  3.416E-02  1.578E-01  2.377E+02  3.000E-04
5      -- 4         83.0    576.2679    520.2310   11.431  1.527E+00  2.113E+00  3.715E-03  3.416E-02  1.125E+02  2.772E-04
6      -- 5        116.2    691.4731    433.5562   18.097  1.500E-01  8.791E-01  7.017E-04  3.715E-03  4.679E+01  1.992E-04
7      -- 6        154.9    806.6518    371.6504   28.601  2.463E-02  3.280E-01  2.091E-04  7.017E-04  1.746E+01  1.180E-04
8      -- 7        199.1    921.7997    325.2252   35.039  7.008E-03  1.219E-01  6.706E-05  2.091E-04  6.488E+00  6.544E-05
9      -- 8        248.9   1036.9124    289.1203   40.139  2.202E-03  4.460E-02  2.169E-05  6.706E-05  2.374E+00  3.408E-05
10     -- 9        304.2   1151.9855    260.2398   45.131  7.009E-04  1.611E-02  7.043E-06  2.169E-05  8.576E-01  1.688E-05
11     -- 10       365.0   1267.0145    236.6133   49.866  2.251E-04  5.737E-03  2.279E-06  7.043E-06  3.054E-01  7.999E-06
12     -- 11       431.3   1381.9951    216.9273   54.331  7.220E-05  2.004E-03  7.307E-07  2.279E-06  1.066E-01  3.625E-06
13     -- 12       503.1   1496.9229    200.2725   60.390  2.265E-05  7.118E-04  2.402E-07  7.307E-07  3.789E-02  1.637E-06
14     -- 13       580.5   1611.7935    185.9993   60.926  7.632E-06  2.307E-04  7.247E-08  2.402E-07  1.228E-02  6.620E-07
15     -- 14       663.4   1726.6025    173.6314   61.375  2.352E-06  6.820E-05  2.008E-08  7.247E-08  3.630E-03  2.406E-07
16     -- 15       751.7   1841.3455    162.8116   68.474  6.323E-07  2.121E-05  5.881E-09  2.008E-08  1.129E-03  9.075E-08
