* Radex version        : 30nov2011
* Geometry             : Uniform sphere
* Molecular data file  : ./data/co.dat                                                                   
* T(kin)            [K]:  100.000
* Density of H2  [cm-3]:  5.012E+04
* Density of pH2 [cm-3]:  1.253E+04
* Density of oH2 [cm-3]:  3.759E+04
* T(background)     [K]:   13.800
* Column density [cm-2]:  7.733E+19
* Line width     [km/s]:   50.000
Calculation finished in   39 iterations
      LINE         E_UP       FREQ        WAVEL     T_EX      TAU        T_R       POP        POP       FLUX        FLUX
                   (K)        (GHz)       (um)      (K)                  (K)        UP        LOW      (K*km/s) (erg/cm2/s)
1      -- 0          5.5    115.2712   2600.7576   99.904  3.403E+00  8.309E+01  8.160E-02  2.875E-02  4.422E+03  8.723E-05
2      -- 1         16.6    230.5380   1300.4037   98.642  1.268E+01  8.421E+01  1.216E-01  8.160E-02  4.482E+03  7.073E-04
3      -- 2         33.2    345.7960    866.9634   98.600  2.480E+01  8.341E+01  1.438E-01  1.216E-01  4.439E+03  2.364E-03
4      -- 3         55.3    461.0408    650.2515   98.318  3.629E+01  8.210E+01  1.477E-01  1.438E-01  4.370E+03  5.515E-03
5      -- 4         83.0    576.2679    520.2310   97.873  4.415E+01  8.039E+01  1.360E-01  1.477E-01  4.279E+03  1.054E-02
6      -- 5        116.2    691.4731    433.5562   97.121  4.685E+01  7.818E+01  1.142E-01  1.360E-01  4.161E+03  1.772E-02
7      -- 6        154.9    806.6518    371.6504   95.863  4.448E+01  7.531E+01  8.803E-02  1.142E-01  4.009E+03  2.710E-02
8      -- 7        199.1    921.7997    325.2252   93.564  3.838E+01  7.131E+01  6.218E-02  8.803E-02  3.796E+03  3.829E-02
9      -- 8        248.9   1036.9124    289.1203   89.301  3.040E+01  6.533E+01  3.980E-02  6.218E-02  3.477E+03  4.992E-02
10     -- 9        304.2   1151.9855    260.2398   81.362  2.224E+01  5.580E+01  2.230E-02  3.980E-02  2.970E+03  5.847E-02
11     -- 10       365.0   1267.0145    236.6133   69.015  1.467E+01  4.227E+01  1.012E-02  2.230E-02  2.250E+03  5.893E-02
12     -- 11       431.3   1381.9951    216.9273   53.454  8.005E+00  2.642E+01  3.180E-03  1.012E-02  1.406E+03  4.781E-02
13     -- 12       503.1   1496.9229    200.2725   40.399  2.916E+00  1.344E+01  5.802E-04  3.180E-03  7.152E+02  3.090E-02
14     -- 13       580.5   1611.7935    185.9993   39.294  5.463E-01  5.165E+00  8.703E-05  5.802E-04  2.749E+02  1.482E-02
15     -- 14       663.4   1726.6025    173.6314   49.743  7.658E-02  1.409E+00  1.759E-05  8.703E-05  7.498E+01  4.971E-03
16     -- 15       751.7   1841.3455    162.8116   56.531  1.495E-02  3.454E-01  3.921E-06  1.759E-05  1.838E+01  1.478E-03
