* Radex version        : 30nov2011
* Geometry             : Uniform sphere
* Molecular data file  : ./data/co.dat                                                                   
* T(kin)            [K]:  170.000
* Density of H2  [cm-3]:  3.981E+05
* Density of pH2 [cm-3]:  9.953E+04
* Density of oH2 [cm-3]:  2.986E+05
* T(background)     [K]:   13.800
* Column density [cm-2]:  6.143E+20
* Line width     [km/s]:   50.000
Calculation finished in   38 iterations
      LINE         E_UP       FREQ        WAVEL     T_EX      TAU        T_R       POP        POP       FLUX        FLUX
                   (K)        (GHz)       (um)      (K)                  (K)        UP        LOW      (K*km/s) (erg/cm2/s)
1      -- 0          5.5    115.2712   2600.7576  169.909  9.088E+00  1.559E+02  4.719E-02  1.625E-02  8.299E+03  1.637E-04
2      -- 1         16.6    230.5380   1300.4037  169.881  3.461E+01  1.554E+02  7.369E-02  4.719E-02  8.272E+03  1.305E-03
3      -- 2         33.2    345.7960    866.9634  169.876  7.175E+01  1.546E+02  9.357E-02  7.369E-02  8.228E+03  4.381E-03
4      -- 3         55.3    461.0408    650.2515  169.863  1.136E+02  1.535E+02  1.056E-01  9.357E-02  8.168E+03  1.031E-02
5      -- 4         83.0    576.2679    520.2310  169.844  1.531E+02  1.521E+02  1.097E-01  1.056E-01  8.095E+03  1.995E-02
6      -- 5        116.2    691.4731    433.5562  169.816  1.840E+02  1.505E+02  1.066E-01  1.097E-01  8.009E+03  3.410E-02
7      -- 6        154.9    806.6518    371.6504  169.774  2.023E+02  1.487E+02  9.793E-02  1.066E-01  7.912E+03  5.348E-02
8      -- 7        199.1    921.7997    325.2252  169.712  2.065E+02  1.467E+02  8.552E-02  9.793E-02  7.807E+03  7.875E-02
9      -- 8        248.9   1036.9124    289.1203  169.624  1.977E+02  1.446E+02  7.128E-02  8.552E-02  7.695E+03  1.105E-01
10     -- 9        304.2   1151.9855    260.2398  169.477  1.785E+02  1.423E+02  5.685E-02  7.128E-02  7.574E+03  1.491E-01
11     -- 10       365.0   1267.0145    236.6133  169.276  1.531E+02  1.399E+02  4.348E-02  5.685E-02  7.448E+03  1.951E-01
12     -- 11       431.3   1381.9951    216.9273  168.950  1.248E+02  1.374E+02  3.191E-02  4.348E-02  7.313E+03  2.486E-01
13     -- 12       503.1   1496.9229    200.2725  168.438  9.712E+01  1.347E+02  2.250E-02  3.191E-02  7.168E+03  3.096E-01
14     -- 13       580.5   1611.7935    185.9993  167.485  7.234E+01  1.315E+02  1.523E-02  2.250E-02  6.999E+03  3.774E-01
15     -- 14       663.4   1726.6025    173.6314  165.868  5.160E+01  1.277E+02  9.877E-03  1.523E-02  6.795E+03  4.504E-01
16     -- 15       751.7   1841.3455    162.8116  162.647  3.538E+01  1.223E+02  6.107E-03  9.877E-03  6.509E+03  5.234E-01
