* Radex version        : 30nov2011
* Geometry             : Uniform sphere
* Molecular data file  : ./data/co.dat                                                                   
* T(kin)            [K]:  180.000
* Density of H2  [cm-3]:  7.943E+03
* Density of pH2 [cm-3]:  1.986E+03
* Density of oH2 [cm-3]:  5.957E+03
* T(background)     [K]:    2.725
* Column density [cm-2]:  7.844E+19
* Line width     [km/s]:   50.000
Calculation finished in   41 iterations
      LINE         E_UP       FREQ        WAVEL     T_EX      TAU        T_R       POP        POP       FLUX        FLUX
                   (K)        (GHz)       (um)      (K)                  (K)        UP        LOW      (K*km/s) (erg/cm2/s)
1      -- 0          5.5    115.2712   2600.7576  209.384  1.265E+00  1.477E+02  6.359E-02  2.177E-02  7.862E+03  1.551E-04
2      -- 1         16.6    230.5380   1300.4037  149.139  6.753E+00  1.433E+02  9.841E-02  6.359E-02  7.628E+03  1.204E-03
3      -- 2         33.2    345.7960    866.9634  147.786  1.396E+01  1.396E+02  1.231E-01  9.841E-02  7.431E+03  3.957E-03
4      -- 3         55.3    461.0408    650.2515  145.138  2.211E+01  1.343E+02  1.359E-01  1.231E-01  7.151E+03  9.025E-03
5      -- 4         83.0    576.2679    520.2310  140.888  2.985E+01  1.275E+02  1.365E-01  1.359E-01  6.787E+03  1.673E-02
6      -- 5        116.2    691.4731    433.5562  134.715  3.598E+01  1.188E+02  1.261E-01  1.365E-01  6.323E+03  2.692E-02
7      -- 6        154.9    806.6518    371.6504  126.024  3.965E+01  1.077E+02  1.070E-01  1.261E-01  5.730E+03  3.873E-02
8      -- 7        199.1    921.7997    325.2252  114.427  4.028E+01  9.373E+01  8.241E-02  1.070E-01  4.989E+03  5.032E-02
9      -- 8        248.9   1036.9124    289.1203   99.701  3.760E+01  7.688E+01  5.591E-02  8.241E-02  4.092E+03  5.875E-02
10     -- 9        304.2   1151.9855    260.2398   82.249  3.145E+01  5.768E+01  3.155E-02  5.591E-02  3.070E+03  6.044E-02
11     -- 10       365.0   1267.0145    236.6133   63.936  2.206E+01  3.828E+01  1.335E-02  3.155E-02  2.038E+03  5.337E-02
12     -- 11       431.3   1381.9951    216.9273   47.263  1.137E+01  2.161E+01  3.567E-03  1.335E-02  1.150E+03  3.910E-02
13     -- 12       503.1   1496.9229    200.2725   36.244  3.442E+00  1.111E+01  5.307E-04  3.567E-03  5.914E+02  2.555E-02
14     -- 13       580.5   1611.7935    185.9993   41.153  4.992E-01  5.476E+00  8.701E-05  5.307E-04  2.915E+02  1.572E-02
15     -- 14       663.4   1726.6025    173.6314   64.705  6.915E-02  2.130E+00  2.584E-05  8.701E-05  1.134E+02  7.516E-03
16     -- 15       751.7   1841.3455    162.8116   77.447  1.919E-02  7.885E-01  8.790E-06  2.584E-05  4.197E+01  3.374E-03
