* Radex version        : 30nov2011
* Geometry             : Uniform sphere
* Molecular data file  : ./data/co.dat                                                                   
* T(kin)            [K]:  165.000
* Density of H2  [cm-3]:  1.585E+04
* Density of pH2 [cm-3]:  3.962E+03
* Density of oH2 [cm-3]:  1.189E+04
* T(background)     [K]:   13.800
* Column density [cm-2]:  2.445E+19
* Line width     [km/s]:   50.000
Calculation finished in   37 iterations
      LINE         E_UP       FREQ        WAVEL     T_EX      TAU        T_R       POP        POP       FLUX        FLUX
                   (K)        (GHz)       (um)      (K)                  (K)        UP        LOW      (K*km/s) (erg/cm2/s)
1      -- 0          5.5    115.2712   2600.7576  383.532  2.414E-01  7.927E+01  7.174E-02  2.426E-02  4.219E+03  8.322E-05
2      -- 1         16.6    230.5380   1300.4037  141.956  2.490E+00  1.169E+02  1.106E-01  7.174E-02  6.224E+03  9.820E-04
3      -- 2         33.2    345.7960    866.9634  132.136  5.436E+00  1.164E+02  1.366E-01  1.106E-01  6.194E+03  3.298E-03
4      -- 3         55.3    461.0408    650.2515  127.738  8.598E+00  1.114E+02  1.476E-01  1.366E-01  5.929E+03  7.483E-03
5      -- 4         83.0    576.2679    520.2310  122.246  1.148E+01  1.046E+02  1.439E-01  1.476E-01  5.569E+03  1.372E-02
6      -- 5        116.2    691.4731    433.5562  114.698  1.361E+01  9.561E+01  1.274E-01  1.439E-01  5.089E+03  2.167E-02
7      -- 6        154.9    806.6518    371.6504  104.501  1.461E+01  8.384E+01  1.015E-01  1.274E-01  4.463E+03  3.017E-02
8      -- 7        199.1    921.7997    325.2252   91.476  1.424E+01  6.926E+01  7.089E-02  1.015E-01  3.687E+03  3.719E-02
9      -- 8        248.9   1036.9124    289.1203   75.978  1.233E+01  5.240E+01  4.116E-02  7.089E-02  2.789E+03  4.005E-02
10     -- 9        304.2   1151.9855    260.2398   59.426  8.930E+00  3.498E+01  1.794E-02  4.116E-02  1.862E+03  3.665E-02
11     -- 10       365.0   1267.0145    236.6133   45.102  4.717E+00  2.040E+01  5.103E-03  1.794E-02  1.086E+03  2.844E-02
12     -- 11       431.3   1381.9951    216.9273   38.919  1.469E+00  1.093E+01  1.009E-03  5.103E-03  5.820E+02  1.978E-02
13     -- 12       503.1   1496.9229    200.2725   48.236  2.727E-01  4.898E+00  2.458E-04  1.009E-03  2.607E+02  1.126E-02
14     -- 13       580.5   1611.7935    185.9993   63.046  6.012E-02  1.856E+00  7.740E-05  2.458E-04  9.876E+01  5.326E-03
15     -- 14       663.4   1726.6025    173.6314   69.730  1.846E-02  6.606E-01  2.521E-05  7.740E-05  3.516E+01  2.331E-03
16     -- 15       751.7   1841.3455    162.8116   75.041  5.934E-03  2.319E-01  8.266E-06  2.521E-05  1.234E+01  9.922E-04
