* Radex version        : 30nov2011
* Geometry             : Uniform sphere
* Molecular data file  : ./data/co.dat                                                                   
* T(kin)            [K]:  170.000
* Density of H2  [cm-3]:  1.000E+06
* Density of pH2 [cm-3]:  2.500E+05
* Density of oH2 [cm-3]:  7.500E+05
* T(background)     [K]:   13.800
* Column density [cm-2]:  1.543E+21
* Line width     [km/s]:   50.000
Calculation finished in   35 iterations
      LINE         E_UP       FREQ        WAVEL     T_EX      TAU        T_R       POP        POP       FLUX        FLUX
                   (K)        (GHz)       (um)      (K)                  (K)        UP        LOW      (K*km/s) (erg/cm2/s)
1      -- 0          5.5    115.2712   2600.7576  169.982  2.273E+01  1.560E+02  4.702E-02  1.619E-02  8.304E+03  1.638E-04
2      -- 1         16.6    230.5380   1300.4037  169.981  8.656E+01  1.555E+02  7.343E-02  4.702E-02  8.277E+03  1.306E-03
3      -- 2         33.2    345.7960    866.9634  169.980  1.795E+02  1.547E+02  9.324E-02  7.343E-02  8.233E+03  4.384E-03
4      -- 3         55.3    461.0408    650.2515  169.978  2.843E+02  1.536E+02  1.052E-01  9.324E-02  8.174E+03  1.032E-02
5      -- 4         83.0    576.2679    520.2310  169.975  3.830E+02  1.522E+02  1.093E-01  1.052E-01  8.102E+03  1.997E-02
6      -- 5        116.2    691.4731    433.5562  169.971  4.603E+02  1.506E+02  1.063E-01  1.093E-01  8.017E+03  3.414E-02
7      -- 6        154.9    806.6518    371.6504  169.964  5.061E+02  1.488E+02  9.765E-02  1.063E-01  7.922E+03  5.355E-02
8      -- 7        199.1    921.7997    325.2252  169.954  5.167E+02  1.469E+02  8.531E-02  9.765E-02  7.820E+03  7.888E-02
9      -- 8        248.9   1036.9124    289.1203  169.940  4.946E+02  1.449E+02  7.114E-02  8.531E-02  7.711E+03  1.107E-01
10     -- 9        304.2   1151.9855    260.2398  169.917  4.466E+02  1.427E+02  5.679E-02  7.114E-02  7.598E+03  1.496E-01
11     -- 10       365.0   1267.0145    236.6133  169.884  3.829E+02  1.405E+02  4.348E-02  5.679E-02  7.480E+03  1.959E-01
12     -- 11       431.3   1381.9951    216.9273  169.833  3.122E+02  1.383E+02  3.198E-02  4.348E-02  7.360E+03  2.502E-01
13     -- 12       503.1   1496.9229    200.2725  169.752  2.430E+02  1.360E+02  2.262E-02  3.198E-02  7.237E+03  3.126E-01
14     -- 13       580.5   1611.7935    185.9993  169.604  1.809E+02  1.336E+02  1.540E-02  2.262E-02  7.109E+03  3.834E-01
15     -- 14       663.4   1726.6025    173.6314  169.363  1.290E+02  1.311E+02  1.009E-02  1.540E-02  6.977E+03  4.625E-01
16     -- 15       751.7   1841.3455    162.8116  168.911  8.824E+01  1.284E+02  6.367E-03  1.009E-02  6.835E+03  5.495E-01
