* Radex version        : 30nov2011
* Geometry             : Uniform sphere
* Molecular data file  : ./data/co.dat                                                                   
* T(kin)            [K]:  160.000
* Density of H2  [cm-3]:  3.162E+04
* Density of pH2 [cm-3]:  7.906E+03
* Density of oH2 [cm-3]:  2.372E+04
* T(background)     [K]:   13.800
* Column density [cm-2]:  4.879E+19
* Line width     [km/s]:   50.000
Calculation finished in   39 iterations
      LINE         E_UP       FREQ        WAVEL     T_EX      TAU        T_R       POP        POP       FLUX        FLUX
                   (K)        (GHz)       (um)      (K)                  (K)        UP        LOW      (K*km/s) (erg/cm2/s)
1      -- 0          5.5    115.2712   2600.7576  193.531  8.038E-01  9.918E+01  5.997E-02  2.057E-02  5.279E+03  1.041E-04
2      -- 1         16.6    230.5380   1300.4037  149.783  3.945E+00  1.327E+02  9.284E-02  5.997E-02  7.063E+03  1.114E-03
3      -- 2         33.2    345.7960    866.9634  148.019  8.182E+00  1.327E+02  1.162E-01  9.284E-02  7.064E+03  3.761E-03
4      -- 3         55.3    461.0408    650.2515  146.634  1.285E+01  1.303E+02  1.285E-01  1.162E-01  6.934E+03  8.751E-03
5      -- 4         83.0    576.2679    520.2310  144.561  1.714E+01  1.269E+02  1.297E-01  1.285E-01  6.752E+03  1.664E-02
6      -- 5        116.2    691.4731    433.5562  141.472  2.036E+01  1.222E+02  1.212E-01  1.297E-01  6.506E+03  2.770E-02
7      -- 6        154.9    806.6518    371.6504  136.849  2.208E+01  1.159E+02  1.054E-01  1.212E-01  6.169E+03  4.170E-02
8      -- 7        199.1    921.7997    325.2252  130.042  2.219E+01  1.073E+02  8.500E-02  1.054E-01  5.711E+03  5.761E-02
9      -- 8        248.9   1036.9124    289.1203  120.305  2.080E+01  9.574E+01  6.282E-02  8.500E-02  5.096E+03  7.317E-02
10     -- 9        304.2   1151.9855    260.2398  106.811  1.814E+01  8.052E+01  4.138E-02  6.282E-02  4.286E+03  8.437E-02
11     -- 10       365.0   1267.0145    236.6133   90.118  1.439E+01  6.236E+01  2.308E-02  4.138E-02  3.319E+03  8.694E-02
12     -- 11       431.3   1381.9951    216.9273   71.273  9.816E+00  4.263E+01  9.892E-03  2.308E-02  2.269E+03  7.713E-02
13     -- 12       503.1   1496.9229    200.2725   53.929  5.069E+00  2.520E+01  2.819E-03  9.892E-03  1.341E+03  5.794E-02
14     -- 13       580.5   1611.7935    185.9993   45.026  1.598E+00  1.326E+01  5.433E-04  2.819E-03  7.059E+02  3.807E-02
15     -- 14       663.4   1726.6025    173.6314   53.552  2.928E-01  5.634E+00  1.236E-04  5.433E-04  2.999E+02  1.988E-02
16     -- 15       751.7   1841.3455    162.8116   70.185  6.007E-02  2.034E+00  3.736E-05  1.236E-04  1.083E+02  8.705E-03
