* Radex version        : 30nov2011
* Geometry             : Uniform sphere
* Molecular data file  : ./data/co.dat                                                                   
* T(kin)            [K]:  150.000
* Density of H2  [cm-3]:  2.512E+05
* Density of pH2 [cm-3]:  6.280E+04
* Density of oH2 [cm-3]:  1.884E+05
* T(background)     [K]:   13.800
* Column density [cm-2]:  3.876E+20
* Line width     [km/s]:   50.000
Calculation finished in   38 iterations
      LINE         E_UP       FREQ        WAVEL     T_EX      TAU        T_R       POP        POP       FLUX        FLUX
                   (K)        (GHz)       (um)      (K)                  (K)        UP        LOW      (K*km/s) (erg/cm2/s)
1      -- 0          5.5    115.2712   2600.7576  149.864  7.371E+00  1.358E+02  5.339E-02  1.847E-02  7.229E+03  1.426E-04
2      -- 1         16.6    230.5380   1300.4037  149.796  2.789E+01  1.353E+02  8.265E-02  5.339E-02  7.203E+03  1.137E-03
3      -- 2         33.2    345.7960    866.9634  149.788  5.721E+01  1.345E+02  1.036E-01  8.265E-02  7.160E+03  3.813E-03
4      -- 3         55.3    461.0408    650.2515  149.763  8.925E+01  1.334E+02  1.149E-01  1.036E-01  7.100E+03  8.961E-03
5      -- 4         83.0    576.2679    520.2310  149.724  1.179E+02  1.320E+02  1.167E-01  1.149E-01  7.026E+03  1.732E-02
6      -- 5        116.2    691.4731    433.5562  149.666  1.384E+02  1.304E+02  1.105E-01  1.167E-01  6.940E+03  2.955E-02
7      -- 6        154.9    806.6518    371.6504  149.579  1.480E+02  1.286E+02  9.843E-02  1.105E-01  6.843E+03  4.625E-02
8      -- 7        199.1    921.7997    325.2252  149.446  1.463E+02  1.265E+02  8.297E-02  9.843E-02  6.735E+03  6.794E-02
9      -- 8        248.9   1036.9124    289.1203  149.249  1.350E+02  1.244E+02  6.644E-02  8.297E-02  6.619E+03  9.503E-02
10     -- 9        304.2   1151.9855    260.2398  148.912  1.170E+02  1.220E+02  5.066E-02  6.644E-02  6.491E+03  1.278E-01
11     -- 10       365.0   1267.0145    236.6133  148.418  9.585E+01  1.193E+02  3.683E-02  5.066E-02  6.352E+03  1.664E-01
12     -- 11       431.3   1381.9951    216.9273  147.577  7.437E+01  1.163E+02  2.554E-02  3.683E-02  6.192E+03  2.105E-01
13     -- 12       503.1   1496.9229    200.2725  146.105  5.486E+01  1.127E+02  1.687E-02  2.554E-02  6.000E+03  2.592E-01
14     -- 13       580.5   1611.7935    185.9993  143.166  3.863E+01  1.077E+02  1.056E-02  1.687E-02  5.731E+03  3.090E-01
15     -- 14       663.4   1726.6025    173.6314  137.401  2.600E+01  9.990E+01  6.174E-03  1.056E-02  5.317E+03  3.525E-01
16     -- 15       751.7   1841.3455    162.8116  126.347  1.675E+01  8.712E+01  3.266E-03  6.174E-03  4.637E+03  3.728E-01
