* Radex version        : 30nov2011
* Geometry             : Uniform sphere
* Molecular data file  : ./data/co.dat                                                                   
* T(kin)            [K]:  160.000
* Density of H2  [cm-3]:  6.310E+04
* Density of pH2 [cm-3]:  1.577E+04
* Density of oH2 [cm-3]:  4.732E+04
* T(background)     [K]:   13.800
* Column density [cm-2]:  9.736E+19
* Line width     [km/s]:   50.000
Calculation finished in   40 iterations
      LINE         E_UP       FREQ        WAVEL     T_EX      TAU        T_R       POP        POP       FLUX        FLUX
                   (K)        (GHz)       (um)      (K)                  (K)        UP        LOW      (K*km/s) (erg/cm2/s)
1      -- 0          5.5    115.2712   2600.7576  165.590  1.683E+00  1.234E+02  5.371E-02  1.851E-02  6.570E+03  1.296E-04
2      -- 1         16.6    230.5380   1300.4037  156.191  6.770E+00  1.416E+02  8.339E-02  5.371E-02  7.535E+03  1.189E-03
3      -- 2         33.2    345.7960    866.9634  156.328  1.392E+01  1.411E+02  1.050E-01  8.339E-02  7.507E+03  3.998E-03
4      -- 3         55.3    461.0408    650.2515  155.908  2.189E+01  1.395E+02  1.171E-01  1.050E-01  7.427E+03  9.373E-03
5      -- 4         83.0    576.2679    520.2310  155.294  2.922E+01  1.376E+02  1.198E-01  1.171E-01  7.322E+03  1.805E-02
6      -- 5        116.2    691.4731    433.5562  154.379  3.471E+01  1.351E+02  1.142E-01  1.198E-01  7.190E+03  3.061E-02
7      -- 6        154.9    806.6518    371.6504  152.996  3.766E+01  1.320E+02  1.023E-01  1.142E-01  7.024E+03  4.748E-02
8      -- 7        199.1    921.7997    325.2252  150.891  3.787E+01  1.280E+02  8.648E-02  1.023E-01  6.812E+03  6.871E-02
9      -- 8        248.9   1036.9124    289.1203  147.677  3.565E+01  1.228E+02  6.901E-02  8.648E-02  6.536E+03  9.384E-02
10     -- 9        304.2   1151.9855    260.2398  142.438  3.166E+01  1.156E+02  5.173E-02  6.901E-02  6.150E+03  1.211E-01
11     -- 10       365.0   1267.0145    236.6133  134.569  2.659E+01  1.057E+02  3.606E-02  5.173E-02  5.626E+03  1.474E-01
12     -- 11       431.3   1381.9951    216.9273  122.565  2.112E+01  9.183E+01  2.282E-02  3.606E-02  4.888E+03  1.661E-01
13     -- 12       503.1   1496.9229    200.2725  105.773  1.562E+01  7.349E+01  1.249E-02  2.282E-02  3.912E+03  1.690E-01
14     -- 13       580.5   1611.7935    185.9993   84.905  1.029E+01  5.173E+01  5.396E-03  1.249E-02  2.754E+03  1.485E-01
15     -- 14       663.4   1726.6025    173.6314   64.176  5.344E+00  3.107E+01  1.586E-03  5.396E-03  1.654E+03  1.096E-01
16     -- 15       751.7   1841.3455    162.8116   52.414  1.750E+00  1.648E+01  3.127E-04  1.586E-03  8.771E+02  7.052E-02
