* Radex version        : 30nov2011
* Geometry             : Uniform sphere
* Molecular data file  : ./data/co.dat                                                                   
* T(kin)            [K]:  195.000
* Density of H2  [cm-3]:  5.012E+02
* Density of pH2 [cm-3]:  1.253E+02
* Density of oH2 [cm-3]:  3.759E+02
* T(background)     [K]:   13.800
* Column density [cm-2]:  7.733E+17
* Line width     [km/s]:   50.000
Calculation finished in   26 iterations
      LINE         E_UP       FREQ        WAVEL     T_EX      TAU        T_R       POP        POP       FLUX        FLUX
                   (K)        (GHz)       (um)      (K)                  (K)        UP        LOW      (K*km/s) (erg/cm2/s)
1      -- 0          5.5    115.2712   2600.7576   46.391  2.867E-01  8.091E+00  3.090E-01  1.160E-01  4.306E+02  8.494E-06
2      -- 1         16.6    230.5380   1300.4037   21.847  1.798E+00  6.491E+00  3.103E-01  3.090E-01  3.455E+02  5.451E-05
3      -- 2         33.2    345.7960    866.9634   18.861  2.392E+00  4.214E+00  1.802E-01  3.103E-01  2.243E+02  1.194E-04
4      -- 3         55.3    461.0408    650.2515   17.301  1.628E+00  2.380E+00  6.450E-02  1.802E-01  1.267E+02  1.598E-04
5      -- 4         83.0    576.2679    520.2310   17.082  6.283E-01  1.177E+00  1.562E-02  6.450E-02  6.266E+01  1.544E-04
6      -- 5        116.2    691.4731    433.5562   18.882  1.538E-01  5.164E-01  3.183E-03  1.562E-02  2.748E+01  1.170E-04
7      -- 6        154.9    806.6518    371.6504   24.152  2.979E-02  2.132E-01  7.394E-04  3.183E-03  1.135E+01  7.672E-05
8      -- 7        199.1    921.7997    325.2252   33.126  6.305E-03  8.750E-02  2.204E-04  7.394E-04  4.657E+00  4.698E-05
9      -- 8        248.9   1036.9124    289.1203   41.782  1.756E-03  3.568E-02  7.486E-05  2.204E-04  1.899E+00  2.727E-05
10     -- 9        304.2   1151.9855    260.2398   48.715  5.755E-04  1.448E-02  2.660E-05  7.486E-05  7.707E-01  1.517E-05
11     -- 10       365.0   1267.0145    236.6133   54.964  1.999E-04  5.858E-03  9.636E-06  2.660E-05  3.118E-01  8.167E-06
12     -- 11       431.3   1381.9951    216.9273   60.537  7.139E-05  2.339E-03  3.502E-06  9.636E-06  1.245E-01  4.232E-06
13     -- 12       503.1   1496.9229    200.2725   67.213  2.537E-05  9.431E-04  1.299E-06  3.502E-06  5.020E-02  2.168E-06
14     -- 13       580.5   1611.7935    185.9993   68.056  9.652E-06  3.501E-04  4.476E-07  1.299E-06  1.863E-02  1.005E-06
15     -- 14       663.4   1726.6025    173.6314   69.102  3.393E-06  1.206E-04  1.442E-07  4.476E-07  6.420E-03  4.256E-07
16     -- 15       751.7   1841.3455    162.8116   77.215  1.058E-06  4.350E-05  4.889E-08  1.442E-07  2.315E-03  1.862E-07
