* Radex version        : 30nov2011
* Geometry             : Uniform sphere
* Molecular data file  : ./data/co.dat                                                                   
* T(kin)            [K]:  185.000
* Density of H2  [cm-3]:  1.995E+04
* Density of pH2 [cm-3]:  4.988E+03
* Density of oH2 [cm-3]:  1.496E+04
* T(background)     [K]:   13.800
* Column density [cm-2]:  3.079E+19
* Line width     [km/s]:   50.000
Calculation finished in   38 iterations
      LINE         E_UP       FREQ        WAVEL     T_EX      TAU        T_R       POP        POP       FLUX        FLUX
                   (K)        (GHz)       (um)      (K)                  (K)        UP        LOW      (K*km/s) (erg/cm2/s)
1      -- 0          5.5    115.2712   2600.7576  428.803  2.345E-01  8.672E+01  6.194E-02  2.091E-02  4.616E+03  9.105E-05
2      -- 1         16.6    230.5380   1300.4037  165.015  2.341E+00  1.361E+02  9.653E-02  6.194E-02  7.242E+03  1.143E-03
3      -- 2         33.2    345.7960    866.9634  153.435  5.188E+00  1.374E+02  1.213E-01  9.653E-02  7.313E+03  3.894E-03
4      -- 3         55.3    461.0408    650.2515  149.355  8.324E+00  1.330E+02  1.345E-01  1.213E-01  7.077E+03  8.931E-03
5      -- 4         83.0    576.2679    520.2310  144.596  1.132E+01  1.269E+02  1.357E-01  1.345E-01  6.754E+03  1.665E-02
6      -- 5        116.2    691.4731    433.5562  138.094  1.374E+01  1.189E+02  1.262E-01  1.357E-01  6.327E+03  2.694E-02
7      -- 6        154.9    806.6518    371.6504  129.128  1.524E+01  1.082E+02  1.079E-01  1.262E-01  5.761E+03  3.894E-02
8      -- 7        199.1    921.7997    325.2252  117.340  1.561E+01  9.474E+01  8.384E-02  1.079E-01  5.042E+03  5.086E-02
9      -- 8        248.9   1036.9124    289.1203  102.509  1.469E+01  7.824E+01  5.767E-02  8.384E-02  4.164E+03  5.979E-02
10     -- 9        304.2   1151.9855    260.2398   85.061  1.243E+01  5.937E+01  3.328E-02  5.767E-02  3.160E+03  6.221E-02
11     -- 10       365.0   1267.0145    236.6133   66.915  8.881E+00  4.030E+01  1.469E-02  3.328E-02  2.145E+03  5.618E-02
12     -- 11       431.3   1381.9951    216.9273   51.124  4.730E+00  2.418E+01  4.363E-03  1.469E-02  1.287E+03  4.374E-02
13     -- 12       503.1   1496.9229    200.2725   44.108  1.540E+00  1.346E+01  9.243E-04  4.363E-03  7.167E+02  3.096E-02
14     -- 13       580.5   1611.7935    185.9993   53.462  3.080E-01  6.233E+00  2.336E-04  9.243E-04  3.318E+02  1.789E-02
15     -- 14       663.4   1726.6025    173.6314   69.924  7.005E-02  2.455E+00  7.634E-05  2.336E-04  1.307E+02  8.661E-03
16     -- 15       751.7   1841.3455    162.8116   79.404  2.195E-02  9.358E-01  2.670E-05  7.634E-05  4.981E+01  4.005E-03
