* Radex version        : 30nov2011
* Geometry             : Uniform sphere
* Molecular data file  : ./data/co.dat                                                                   
* T(kin)            [K]:  135.000
* Density of H2  [cm-3]:  3.981E+05
* Density of pH2 [cm-3]:  9.953E+04
* Density of oH2 [cm-3]:  2.986E+05
* T(background)     [K]:   13.800
* Column density [cm-2]:  6.143E+20
* Line width     [km/s]:   50.000
Calculation finished in   37 iterations
      LINE         E_UP       FREQ        WAVEL     T_EX      TAU        T_R       POP        POP       FLUX        FLUX
                   (K)        (GHz)       (um)      (K)                  (K)        UP        LOW      (K*km/s) (erg/cm2/s)
1      -- 0          5.5    115.2712   2600.7576  134.948  1.431E+01  1.210E+02  5.875E-02  2.040E-02  6.439E+03  1.270E-04
2      -- 1         16.6    230.5380   1300.4037  134.943  5.379E+01  1.205E+02  9.021E-02  5.875E-02  6.413E+03  1.012E-03
3      -- 2         33.2    345.7960    866.9634  134.938  1.092E+02  1.197E+02  1.117E-01  9.021E-02  6.370E+03  3.392E-03
4      -- 3         55.3    461.0408    650.2515  134.930  1.680E+02  1.186E+02  1.219E-01  1.117E-01  6.312E+03  7.966E-03
5      -- 4         83.0    576.2679    520.2310  134.918  2.179E+02  1.173E+02  1.213E-01  1.219E-01  6.241E+03  1.538E-02
6      -- 5        116.2    691.4731    433.5562  134.898  2.501E+02  1.157E+02  1.121E-01  1.213E-01  6.158E+03  2.622E-02
7      -- 6        154.9    806.6518    371.6504  134.868  2.604E+02  1.139E+02  9.710E-02  1.121E-01  6.065E+03  4.099E-02
8      -- 7        199.1    921.7997    325.2252  134.820  2.497E+02  1.120E+02  7.926E-02  9.710E-02  5.963E+03  6.015E-02
9      -- 8        248.9   1036.9124    289.1203  134.748  2.225E+02  1.100E+02  6.123E-02  7.926E-02  5.855E+03  8.407E-02
10     -- 9        304.2   1151.9855    260.2398  134.620  1.856E+02  1.078E+02  4.488E-02  6.123E-02  5.740E+03  1.130E-01
11     -- 10       365.0   1267.0145    236.6133  134.422  1.457E+02  1.056E+02  3.127E-02  4.488E-02  5.618E+03  1.472E-01
12     -- 11       431.3   1381.9951    216.9273  134.077  1.079E+02  1.031E+02  2.073E-02  3.127E-02  5.487E+03  1.865E-01
13     -- 12       503.1   1496.9229    200.2725  133.463  7.561E+01  1.004E+02  1.307E-02  2.073E-02  5.341E+03  2.307E-01
14     -- 13       580.5   1611.7935    185.9993  132.187  5.032E+01  9.698E+01  7.817E-03  1.307E-02  5.162E+03  2.783E-01
15     -- 14       663.4   1726.6025    173.6314  129.493  3.184E+01  9.225E+01  4.407E-03  7.817E-03  4.910E+03  3.255E-01
16     -- 15       751.7   1841.3455    162.8116  123.376  1.926E+01  8.427E+01  2.292E-03  4.407E-03  4.485E+03  3.606E-01
