* Radex version        : 30nov2011
* Geometry             : Uniform sphere
* Molecular data file  : ./data/co.dat                                                                   
* T(kin)            [K]:  140.000
* Density of H2  [cm-3]:  3.981E+04
* Density of pH2 [cm-3]:  9.953E+03
* Density of oH2 [cm-3]:  2.986E+04
* T(background)     [K]:   13.800
* Column density [cm-2]:  6.143E+19
* Line width     [km/s]:   50.000
Calculation finished in   39 iterations
      LINE         E_UP       FREQ        WAVEL     T_EX      TAU        T_R       POP        POP       FLUX        FLUX
                   (K)        (GHz)       (um)      (K)                  (K)        UP        LOW      (K*km/s) (erg/cm2/s)
1      -- 0          5.5    115.2712   2600.7576  148.929  1.399E+00  1.016E+02  6.353E-02  2.198E-02  5.410E+03  1.067E-04
2      -- 1         16.6    230.5380   1300.4037  134.392  5.839E+00  1.196E+02  9.751E-02  6.353E-02  6.365E+03  1.004E-03
3      -- 2         33.2    345.7960    866.9634  134.283  1.186E+01  1.190E+02  1.206E-01  9.751E-02  6.335E+03  3.374E-03
4      -- 3         55.3    461.0408    650.2515  133.523  1.832E+01  1.172E+02  1.314E-01  1.206E-01  6.238E+03  7.872E-03
5      -- 4         83.0    576.2679    520.2310  132.370  2.391E+01  1.147E+02  1.303E-01  1.314E-01  6.106E+03  1.505E-02
6      -- 5        116.2    691.4731    433.5562  130.581  2.765E+01  1.114E+02  1.195E-01  1.303E-01  5.929E+03  2.525E-02
7      -- 6        154.9    806.6518    371.6504  127.814  2.906E+01  1.069E+02  1.018E-01  1.195E-01  5.692E+03  3.847E-02
8      -- 7        199.1    921.7997    325.2252  123.442  2.819E+01  1.008E+02  8.065E-02  1.018E-01  5.364E+03  5.410E-02
9      -- 8        248.9   1036.9124    289.1203  116.654  2.546E+01  9.215E+01  5.883E-02  8.065E-02  4.905E+03  7.042E-02
10     -- 9        304.2   1151.9855    260.2398  106.184  2.149E+01  7.990E+01  3.863E-02  5.883E-02  4.253E+03  8.373E-02
11     -- 10       365.0   1267.0145    236.6133   91.932  1.668E+01  6.410E+01  2.184E-02  3.863E-02  3.412E+03  8.937E-02
12     -- 11       431.3   1381.9951    216.9273   74.235  1.140E+01  4.540E+01  9.714E-03  2.184E-02  2.416E+03  8.214E-02
13     -- 12       503.1   1496.9229    200.2725   56.247  6.140E+00  2.732E+01  2.925E-03  9.714E-03  1.454E+03  6.281E-02
14     -- 13       580.5   1611.7935    185.9993   44.423  2.097E+00  1.417E+01  5.507E-04  2.925E-03  7.543E+02  4.067E-02
15     -- 14       663.4   1726.6025    173.6314   48.740  3.879E-01  5.888E+00  1.075E-04  5.507E-04  3.134E+02  2.078E-02
16     -- 15       751.7   1841.3455    162.8116   64.423  6.857E-02  1.981E+00  2.904E-05  1.075E-04  1.054E+02  8.477E-03
