* Radex version        : 30nov2011
* Geometry             : Uniform sphere
* Molecular data file  : ./data/co.dat                                                                   
* T(kin)            [K]:  145.000
* Density of H2  [cm-3]:  1.995E+05
* Density of pH2 [cm-3]:  4.988E+04
* Density of oH2 [cm-3]:  1.496E+05
* T(background)     [K]:   13.800
* Column density [cm-2]:  3.079E+20
* Line width     [km/s]:   50.000
Calculation finished in   39 iterations
      LINE         E_UP       FREQ        WAVEL     T_EX      TAU        T_R       POP        POP       FLUX        FLUX
                   (K)        (GHz)       (um)      (K)                  (K)        UP        LOW      (K*km/s) (erg/cm2/s)
1      -- 0          5.5    115.2712   2600.7576  144.836  6.280E+00  1.306E+02  5.531E-02  1.915E-02  6.952E+03  1.371E-04
2      -- 1         16.6    230.5380   1300.4037  144.708  2.373E+01  1.302E+02  8.540E-02  5.531E-02  6.932E+03  1.094E-03
3      -- 2         33.2    345.7960    866.9634  144.699  4.851E+01  1.294E+02  1.066E-01  8.540E-02  6.889E+03  3.669E-03
4      -- 3         55.3    461.0408    650.2515  144.661  7.535E+01  1.283E+02  1.176E-01  1.066E-01  6.829E+03  8.619E-03
5      -- 4         83.0    576.2679    520.2310  144.604  9.901E+01  1.269E+02  1.187E-01  1.176E-01  6.755E+03  1.665E-02
6      -- 5        116.2    691.4731    433.5562  144.517  1.154E+02  1.253E+02  1.115E-01  1.187E-01  6.667E+03  2.839E-02
7      -- 6        154.9    806.6518    371.6504  144.387  1.224E+02  1.234E+02  9.842E-02  1.115E-01  6.568E+03  4.440E-02
8      -- 7        199.1    921.7997    325.2252  144.185  1.198E+02  1.213E+02  8.207E-02  9.842E-02  6.458E+03  6.514E-02
9      -- 8        248.9   1036.9124    289.1203  143.881  1.093E+02  1.190E+02  6.491E-02  8.207E-02  6.336E+03  9.097E-02
10     -- 9        304.2   1151.9855    260.2398  143.362  9.367E+01  1.165E+02  4.878E-02  6.491E-02  6.199E+03  1.220E-01
11     -- 10       365.0   1267.0145    236.6133  142.569  7.573E+01  1.136E+02  3.488E-02  4.878E-02  6.045E+03  1.583E-01
12     -- 11       431.3   1381.9951    216.9273  141.197  5.792E+01  1.101E+02  2.370E-02  3.488E-02  5.859E+03  1.992E-01
13     -- 12       503.1   1496.9229    200.2725  138.671  4.209E+01  1.054E+02  1.525E-02  2.370E-02  5.612E+03  2.424E-01
14     -- 13       580.5   1611.7935    185.9993  133.550  2.921E+01  9.830E+01  9.176E-03  1.525E-02  5.232E+03  2.821E-01
15     -- 14       663.4   1726.6025    173.6314  123.842  1.934E+01  8.679E+01  5.024E-03  9.176E-03  4.619E+03  3.062E-01
16     -- 15       751.7   1841.3455    162.8116  107.684  1.204E+01  6.933E+01  2.354E-03  5.024E-03  3.690E+03  2.967E-01
