* Radex version        : 30nov2011
* Geometry             : Uniform sphere
* Molecular data file  : ./data/co.dat                                                                   
* T(kin)            [K]:  180.000
* Density of H2  [cm-3]:  1.259E+02
* Density of pH2 [cm-3]:  3.147E+01
* Density of oH2 [cm-3]:  9.442E+01
* T(background)     [K]:   13.800
* Column density [cm-2]:  1.943E+17
* Line width     [km/s]:   50.000
Calculation finished in   17 iterations
      LINE         E_UP       FREQ        WAVEL     T_EX      TAU        T_R       POP        POP       FLUX        FLUX
                   (K)        (GHz)       (um)      (K)                  (K)        UP        LOW      (K*km/s) (erg/cm2/s)
1      -- 0          5.5    115.2712   2600.7576   17.918  2.432E-01  8.798E-01  3.653E-01  1.658E-01  4.682E+01  9.236E-07
2      -- 1         16.6    230.5380   1300.4037   15.085  6.983E-01  6.150E-01  2.924E-01  3.653E-01  3.273E+01  5.165E-06
3      -- 2         33.2    345.7960    866.9634   14.601  6.569E-01  3.447E-01  1.314E-01  2.924E-01  1.834E+01  9.769E-06
4      -- 3         55.3    461.0408    650.2515   14.521  3.231E-01  1.630E-01  3.680E-02  1.314E-01  8.674E+00  1.095E-05
5      -- 4         83.0    576.2679    520.2310   14.813  9.494E-02  6.776E-02  6.953E-03  3.680E-02  3.606E+00  8.888E-06
6      -- 5        116.2    691.4731    433.5562   16.014  1.817E-02  2.675E-02  1.034E-03  6.953E-03  1.424E+00  6.061E-06
7      -- 6        154.9    806.6518    371.6504   19.984  2.606E-03  1.048E-02  1.720E-04  1.034E-03  5.577E-01  3.770E-06
8      -- 7        199.1    921.7997    325.2252   29.192  3.901E-04  4.130E-03  4.283E-05  1.720E-04  2.198E-01  2.217E-06
9      -- 8        248.9   1036.9124    289.1203   39.554  8.815E-05  1.619E-03  1.360E-05  4.283E-05  8.617E-02  1.237E-06
10     -- 9        304.2   1151.9855    260.2398   46.821  2.683E-05  6.297E-04  4.617E-06  1.360E-05  3.351E-02  6.598E-07
11     -- 10       365.0   1267.0145    236.6133   52.874  8.900E-06  2.441E-04  1.601E-06  4.617E-06  1.299E-02  3.403E-07
12     -- 11       431.3   1381.9951    216.9273   58.006  3.049E-06  9.294E-05  5.546E-07  1.601E-06  4.947E-03  1.682E-07
13     -- 12       503.1   1496.9229    200.2725   64.666  1.031E-06  3.595E-05  1.972E-07  5.546E-07  1.914E-03  8.266E-08
14     -- 13       580.5   1611.7935    185.9993   65.212  3.766E-07  1.270E-05  6.469E-08  1.972E-07  6.759E-04  3.645E-08
15     -- 14       663.4   1726.6025    173.6314   65.914  1.261E-07  4.130E-06  1.967E-08  6.469E-08  2.198E-04  1.457E-08
16     -- 15       751.7   1841.3455    162.8116   73.889  3.708E-08  1.415E-06  6.332E-09  1.967E-08  7.531E-05  6.055E-09
