* Radex version        : 30nov2011
* Geometry             : Uniform sphere
* Molecular data file  : ./data/co.dat                                                                   
* T(kin)            [K]:  115.000
* Density of H2  [cm-3]:  3.981E+05
* Density of pH2 [cm-3]:  9.953E+04
* Density of oH2 [cm-3]:  2.986E+05
* T(background)     [K]:   13.800
* Column density [cm-2]:  6.143E+20
* Line width     [km/s]:   50.000
Calculation finished in   36 iterations
      LINE         E_UP       FREQ        WAVEL     T_EX      TAU        T_R       POP        POP       FLUX        FLUX
                   (K)        (GHz)       (um)      (K)                  (K)        UP        LOW      (K*km/s) (erg/cm2/s)
1      -- 0          5.5    115.2712   2600.7576  114.968  1.960E+01  1.010E+02  6.835E-02  2.390E-02  5.376E+03  1.060E-04
2      -- 1         16.6    230.5380   1300.4037  114.966  7.293E+01  1.005E+02  1.035E-01  6.835E-02  5.350E+03  8.442E-04
3      -- 2         33.2    345.7960    866.9634  114.963  1.455E+02  9.974E+01  1.254E-01  1.035E-01  5.309E+03  2.827E-03
4      -- 3         55.3    461.0408    650.2515  114.957  2.183E+02  9.867E+01  1.330E-01  1.254E-01  5.252E+03  6.628E-03
5      -- 4         83.0    576.2679    520.2310  114.947  2.744E+02  9.736E+01  1.278E-01  1.330E-01  5.182E+03  1.277E-02
6      -- 5        116.2    691.4731    433.5562  114.932  3.028E+02  9.584E+01  1.131E-01  1.278E-01  5.101E+03  2.172E-02
7      -- 6        154.9    806.6518    371.6504  114.908  3.012E+02  9.414E+01  9.319E-02  1.131E-01  5.011E+03  3.387E-02
8      -- 7        199.1    921.7997    325.2252  114.867  2.738E+02  9.229E+01  7.186E-02  9.319E-02  4.912E+03  4.955E-02
9      -- 8        248.9   1036.9124    289.1203  114.802  2.298E+02  9.032E+01  5.206E-02  7.186E-02  4.807E+03  6.902E-02
10     -- 9        304.2   1151.9855    260.2398  114.680  1.792E+02  8.822E+01  3.553E-02  5.206E-02  4.696E+03  9.245E-02
11     -- 10       365.0   1267.0145    236.6133  114.471  1.306E+02  8.600E+01  2.288E-02  3.553E-02  4.577E+03  1.199E-01
12     -- 11       431.3   1381.9951    216.9273  114.084  8.917E+01  8.357E+01  1.390E-02  2.288E-02  4.448E+03  1.512E-01
13     -- 12       503.1   1496.9229    200.2725  113.312  5.722E+01  8.077E+01  7.966E-03  1.390E-02  4.299E+03  1.857E-01
14     -- 13       580.5   1611.7935    185.9993  111.493  3.465E+01  7.697E+01  4.275E-03  7.966E-03  4.097E+03  2.209E-01
15     -- 14       663.4   1726.6025    173.6314  106.967  1.986E+01  7.063E+01  2.106E-03  4.275E-03  3.759E+03  2.492E-01
16     -- 15       751.7   1841.3455    162.8116   96.778  1.077E+01  5.908E+01  8.996E-04  2.106E-03  3.144E+03  2.528E-01
