* Radex version        : 30nov2011
* Geometry             : Uniform sphere
* Molecular data file  : ./data/co.dat                                                                   
* T(kin)            [K]:  135.000
* Density of H2  [cm-3]:  1.000E+04
* Density of pH2 [cm-3]:  2.500E+03
* Density of oH2 [cm-3]:  7.500E+03
* T(background)     [K]:   13.800
* Column density [cm-2]:  1.543E+19
* Line width     [km/s]:   50.000
Calculation finished in   36 iterations
      LINE         E_UP       FREQ        WAVEL     T_EX      TAU        T_R       POP        POP       FLUX        FLUX
                   (K)        (GHz)       (um)      (K)                  (K)        UP        LOW      (K*km/s) (erg/cm2/s)
1      -- 0          5.5    115.2712   2600.7576  310.881  2.487E-01  6.538E+01  9.477E-02  3.216E-02  3.480E+03  6.864E-05
2      -- 1         16.6    230.5380   1300.4037  106.513  2.732E+00  8.608E+01  1.424E-01  9.477E-02  4.582E+03  7.230E-04
3      -- 2         33.2    345.7960    866.9634   98.552  5.798E+00  8.311E+01  1.684E-01  1.424E-01  4.423E+03  2.356E-03
4      -- 3         55.3    461.0408    650.2515   93.243  8.888E+00  7.703E+01  1.708E-01  1.684E-01  4.100E+03  5.174E-03
5      -- 4         83.0    576.2679    520.2310   86.229  1.136E+01  6.883E+01  1.515E-01  1.708E-01  3.663E+03  9.029E-03
6      -- 5        116.2    691.4731    433.5562   76.849  1.261E+01  5.815E+01  1.162E-01  1.515E-01  3.095E+03  1.318E-02
7      -- 6        154.9    806.6518    371.6504   65.101  1.218E+01  4.516E+01  7.401E-02  1.162E-01  2.404E+03  1.625E-02
8      -- 7        199.1    921.7997    325.2252   51.841  9.808E+00  3.096E+01  3.573E-02  7.401E-02  1.648E+03  1.662E-02
9      -- 8        248.9   1036.9124    289.1203   39.288  5.860E+00  1.808E+01  1.125E-02  3.573E-02  9.625E+02  1.382E-02
10     -- 9        304.2   1151.9855    260.2398   31.617  2.101E+00  9.323E+00  2.164E-03  1.125E-02  4.962E+02  9.769E-03
11     -- 10       365.0   1267.0145    236.6133   35.029  3.995E-01  4.037E+00  4.177E-04  2.164E-03  2.149E+02  5.628E-03
12     -- 11       431.3   1381.9951    216.9273   47.764  6.962E-02  1.446E+00  1.132E-04  4.177E-04  7.694E+01  2.615E-03
13     -- 12       503.1   1496.9229    200.2725   56.698  1.791E-02  4.930E-01  3.445E-05  1.132E-04  2.624E+01  1.133E-03
14     -- 13       580.5   1611.7935    185.9993   60.046  5.448E-03  1.585E-01  1.020E-05  3.445E-05  8.434E+00  4.548E-04
15     -- 14       663.4   1726.6025    173.6314   62.043  1.628E-03  4.776E-02  2.868E-06  1.020E-05  2.542E+00  1.685E-04
16     -- 15       751.7   1841.3455    162.8116   66.391  4.530E-04  1.430E-02  8.067E-07  2.868E-06  7.613E-01  6.121E-05
