* Radex version        : 30nov2011
* Geometry             : Uniform sphere
* Molecular data file  : ./data/co.dat                                                                   
* T(kin)            [K]:  105.000
* Density of H2  [cm-3]:  2.512E+04
* Density of pH2 [cm-3]:  6.280E+03
* Density of oH2 [cm-3]:  1.884E+04
* T(background)     [K]:    2.725
* Column density [cm-2]:  2.481E+20
* Line width     [km/s]:   50.000
Calculation finished in   42 iterations
      LINE         E_UP       FREQ        WAVEL     T_EX      TAU        T_R       POP        POP       FLUX        FLUX
                   (K)        (GHz)       (um)      (K)                  (K)        UP        LOW      (K*km/s) (erg/cm2/s)
1      -- 0          5.5    115.2712   2600.7576  104.028  9.902E+00  1.004E+02  7.716E-02  2.712E-02  5.346E+03  1.055E-04
2      -- 1         16.6    230.5380   1300.4037  103.900  3.660E+01  9.827E+01  1.156E-01  7.716E-02  5.231E+03  8.253E-04
3      -- 2         33.2    345.7960    866.9634  103.843  7.213E+01  9.573E+01  1.379E-01  1.156E-01  5.095E+03  2.713E-03
4      -- 3         55.3    461.0408    650.2515  103.667  1.065E+02  9.299E+01  1.433E-01  1.379E-01  4.949E+03  6.246E-03
5      -- 4         83.0    576.2679    520.2310  103.367  1.310E+02  9.015E+01  1.340E-01  1.433E-01  4.798E+03  1.183E-02
6      -- 5        116.2    691.4731    433.5562  102.859  1.410E+02  8.716E+01  1.147E-01  1.340E-01  4.639E+03  1.975E-02
7      -- 6        154.9    806.6518    371.6504  102.030  1.361E+02  8.389E+01  9.055E-02  1.147E-01  4.465E+03  3.018E-02
8      -- 7        199.1    921.7997    325.2252  100.549  1.196E+02  8.005E+01  6.610E-02  9.055E-02  4.260E+03  4.298E-02
9      -- 8        248.9   1036.9124    289.1203   97.885  9.671E+01  7.510E+01  4.443E-02  6.610E-02  3.997E+03  5.739E-02
10     -- 9        304.2   1151.9855    260.2398   92.612  7.258E+01  6.770E+01  2.703E-02  4.443E-02  3.603E+03  7.094E-02
11     -- 10       365.0   1267.0145    236.6133   83.433  5.040E+01  5.669E+01  1.428E-02  2.703E-02  3.017E+03  7.904E-02
12     -- 11       431.3   1381.9951    216.9273   69.265  3.142E+01  4.132E+01  5.960E-03  1.428E-02  2.199E+03  7.475E-02
13     -- 12       503.1   1496.9229    200.2725   52.111  1.578E+01  2.419E+01  1.621E-03  5.960E-03  1.288E+03  5.563E-02
14     -- 13       580.5   1611.7935    185.9993   36.848  4.995E+00  1.073E+01  2.134E-04  1.621E-03  5.711E+02  3.080E-02
15     -- 14       663.4   1726.6025    173.6314   34.444  6.758E-01  4.035E+00  2.058E-05  2.134E-04  2.148E+02  1.424E-02
16     -- 15       751.7   1841.3455    162.8116   51.485  5.824E-02  1.095E+00  3.936E-06  2.058E-05  5.830E+01  4.687E-03
