* Radex version        : 30nov2011
* Geometry             : Uniform sphere
* Molecular data file  : ./data/co.dat                                                                   
* T(kin)            [K]:  150.000
* Density of H2  [cm-3]:  3.162E+06
* Density of pH2 [cm-3]:  7.906E+05
* Density of oH2 [cm-3]:  2.372E+06
* T(background)     [K]:   13.800
* Column density [cm-2]:  4.879E+21
* Line width     [km/s]:   50.000
Calculation finished in   30 iterations
      LINE         E_UP       FREQ        WAVEL     T_EX      TAU        T_R       POP        POP       FLUX        FLUX
                   (K)        (GHz)       (um)      (K)                  (K)        UP        LOW      (K*km/s) (erg/cm2/s)
1      -- 0          5.5    115.2712   2600.7576  149.999  9.199E+01  1.360E+02  5.298E-02  1.832E-02  7.240E+03  1.428E-04
2      -- 1         16.6    230.5380   1300.4037  149.999  3.480E+02  1.355E+02  8.202E-02  5.298E-02  7.214E+03  1.138E-03
3      -- 2         33.2    345.7960    866.9634  149.999  7.138E+02  1.347E+02  1.028E-01  8.202E-02  7.171E+03  3.819E-03
4      -- 3         55.3    461.0408    650.2515  149.998  1.114E+03  1.336E+02  1.140E-01  1.028E-01  7.113E+03  8.977E-03
5      -- 4         83.0    576.2679    520.2310  149.998  1.472E+03  1.323E+02  1.159E-01  1.140E-01  7.041E+03  1.735E-02
6      -- 5        116.2    691.4731    433.5562  149.998  1.727E+03  1.307E+02  1.098E-01  1.159E-01  6.958E+03  2.962E-02
7      -- 6        154.9    806.6518    371.6504  149.997  1.847E+03  1.290E+02  9.788E-02  1.098E-01  6.865E+03  4.640E-02
8      -- 7        199.1    921.7997    325.2252  149.996  1.825E+03  1.271E+02  8.259E-02  9.788E-02  6.765E+03  6.824E-02
9      -- 8        248.9   1036.9124    289.1203  149.995  1.684E+03  1.251E+02  6.625E-02  8.259E-02  6.658E+03  9.560E-02
10     -- 9        304.2   1151.9855    260.2398  149.993  1.460E+03  1.230E+02  5.065E-02  6.625E-02  6.548E+03  1.289E-01
11     -- 10       365.0   1267.0145    236.6133  149.990  1.196E+03  1.209E+02  3.698E-02  5.065E-02  6.434E+03  1.685E-01
12     -- 11       431.3   1381.9951    216.9273  149.985  9.281E+02  1.187E+02  2.583E-02  3.698E-02  6.318E+03  2.148E-01
13     -- 12       503.1   1496.9229    200.2725  149.976  6.845E+02  1.165E+02  1.728E-02  2.583E-02  6.202E+03  2.679E-01
14     -- 13       580.5   1611.7935    185.9993  149.959  4.809E+02  1.143E+02  1.108E-02  1.728E-02  6.084E+03  3.281E-01
15     -- 14       663.4   1726.6025    173.6314  149.930  3.221E+02  1.121E+02  6.815E-03  1.108E-02  5.966E+03  3.955E-01
16     -- 15       751.7   1841.3455    162.8116  149.873  2.061E+02  1.099E+02  4.023E-03  6.815E-03  5.847E+03  4.701E-01
