* Radex version        : 30nov2011
* Geometry             : Uniform sphere
* Molecular data file  : ./data/co.dat                                                                   
* T(kin)            [K]:  125.000
* Density of H2  [cm-3]:  3.162E+03
* Density of pH2 [cm-3]:  7.906E+02
* Density of oH2 [cm-3]:  2.372E+03
* T(background)     [K]:   13.800
* Column density [cm-2]:  4.879E+18
* Line width     [km/s]:   50.000
Calculation finished in   33 iterations
      LINE         E_UP       FREQ        WAVEL     T_EX      TAU        T_R       POP        POP       FLUX        FLUX
                   (K)        (GHz)       (um)      (K)                  (K)        UP        LOW      (K*km/s) (erg/cm2/s)
1      -- 0          5.5    115.2712   2600.7576  578.533  7.220E-02  3.933E+01  1.626E-01  5.472E-02  2.093E+03  4.129E-05
2      -- 1         16.6    230.5380   1300.4037   60.334  2.517E+00  4.226E+01  2.256E-01  1.626E-01  2.249E+03  3.549E-04
3      -- 2         33.2    345.7960    866.9634   51.476  5.165E+00  3.629E+01  2.288E-01  2.256E-01  1.931E+03  1.029E-03
4      -- 3         55.3    461.0408    650.2515   44.282  7.107E+00  2.854E+01  1.785E-01  2.288E-01  1.519E+03  1.917E-03
5      -- 4         83.0    576.2679    520.2310   36.266  7.298E+00  1.986E+01  1.017E-01  1.785E-01  1.057E+03  2.605E-03
6      -- 5        116.2    691.4731    433.5562   28.594  5.245E+00  1.178E+01  3.767E-02  1.017E-01  6.272E+02  2.671E-03
7      -- 6        154.9    806.6518    371.6504   23.602  2.245E+00  6.099E+00  8.429E-03  3.767E-02  3.246E+02  2.194E-03
8      -- 7        199.1    921.7997    325.2252   24.281  5.159E-01  2.686E+00  1.545E-03  8.429E-03  1.430E+02  1.442E-03
9      -- 8        248.9   1036.9124    289.1203   31.363  8.874E-02  9.690E-01  3.532E-04  1.545E-03  5.157E+01  7.405E-04
10     -- 9        304.2   1151.9855    260.2398   39.648  1.899E-02  3.236E-01  9.682E-05  3.532E-04  1.723E+01  3.391E-04
11     -- 10       365.0   1267.0145    236.6133   45.247  5.071E-03  1.047E-01  2.766E-05  9.682E-05  5.575E+00  1.460E-04
12     -- 11       431.3   1381.9951    216.9273   49.812  1.429E-03  3.321E-02  7.939E-06  2.766E-05  1.768E+00  6.009E-05
13     -- 12       503.1   1496.9229    200.2725   54.652  4.042E-04  1.050E-02  2.303E-06  7.939E-06  5.590E-01  2.415E-05
14     -- 13       580.5   1611.7935    185.9993   56.275  1.188E-04  3.077E-03  6.257E-07  2.303E-06  1.638E-01  8.833E-06
15     -- 14       663.4   1726.6025    173.6314   57.244  3.276E-05  8.279E-04  1.573E-07  6.257E-07  4.406E-02  2.921E-06
16     -- 15       751.7   1841.3455    162.8116   62.132  8.100E-06  2.263E-04  4.037E-08  1.573E-07  1.204E-02  9.683E-07
