* Radex version        : 30nov2011
* Geometry             : Uniform sphere
* Molecular data file  : ./data/co.dat                                                                   
* T(kin)            [K]:  195.000
* Density of H2  [cm-3]:  3.981E+04
* Density of pH2 [cm-3]:  9.953E+03
* Density of oH2 [cm-3]:  2.986E+04
* T(background)     [K]:   13.800
* Column density [cm-2]:  6.143E+19
* Line width     [km/s]:   50.000
Calculation finished in   39 iterations
      LINE         E_UP       FREQ        WAVEL     T_EX      TAU        T_R       POP        POP       FLUX        FLUX
                   (K)        (GHz)       (um)      (K)                  (K)        UP        LOW      (K*km/s) (erg/cm2/s)
1      -- 0          5.5    115.2712   2600.7576  249.729  6.436E-01  1.119E+02  4.938E-02  1.683E-02  5.955E+03  1.175E-04
2      -- 1         16.6    230.5380   1300.4037  184.587  3.341E+00  1.641E+02  7.751E-02  4.938E-02  8.734E+03  1.378E-03
3      -- 2         33.2    345.7960    866.9634  181.247  7.094E+00  1.658E+02  9.902E-02  7.751E-02  8.825E+03  4.700E-03
4      -- 3         55.3    461.0408    650.2515  179.932  1.139E+01  1.635E+02  1.126E-01  9.902E-02  8.703E+03  1.098E-02
5      -- 4         83.0    576.2679    520.2310  178.069  1.563E+01  1.603E+02  1.178E-01  1.126E-01  8.531E+03  2.103E-02
6      -- 5        116.2    691.4731    433.5562  175.431  1.919E+01  1.561E+02  1.152E-01  1.178E-01  8.307E+03  3.537E-02
7      -- 6        154.9    806.6518    371.6504  171.523  2.167E+01  1.504E+02  1.061E-01  1.152E-01  8.005E+03  5.411E-02
8      -- 7        199.1    921.7997    325.2252  165.967  2.282E+01  1.430E+02  9.211E-02  1.061E-01  7.609E+03  7.675E-02
9      -- 8        248.9   1036.9124    289.1203  158.081  2.262E+01  1.331E+02  7.514E-02  9.211E-02  7.085E+03  1.017E-01
10     -- 9        304.2   1151.9855    260.2398  146.984  2.120E+01  1.200E+02  5.701E-02  7.514E-02  6.389E+03  1.258E-01
11     -- 10       365.0   1267.0145    236.6133  132.590  1.871E+01  1.038E+02  3.947E-02  5.701E-02  5.522E+03  1.446E-01
12     -- 11       431.3   1381.9951    216.9273  114.351  1.536E+01  8.383E+01  2.402E-02  3.947E-02  4.462E+03  1.517E-01
13     -- 12       503.1   1496.9229    200.2725   93.222  1.131E+01  6.147E+01  1.201E-02  2.402E-02  3.272E+03  1.413E-01
14     -- 13       580.5   1611.7935    185.9993   71.634  6.892E+00  3.946E+01  4.380E-03  1.201E-02  2.100E+03  1.133E-01
15     -- 14       663.4   1726.6025    173.6314   55.683  2.922E+00  2.267E+01  1.057E-03  4.380E-03  1.207E+03  7.999E-02
16     -- 15       751.7   1841.3455    162.8116   55.992  7.168E-01  1.168E+01  2.322E-04  1.057E-03  6.217E+02  4.999E-02
