* Radex version        : 30nov2011
* Geometry             : Uniform sphere
* Molecular data file  : ./data/co.dat                                                                   
* T(kin)            [K]:  120.000
* Density of H2  [cm-3]:  3.162E+04
* Density of pH2 [cm-3]:  7.906E+03
* Density of oH2 [cm-3]:  2.372E+04
* T(background)     [K]:   13.800
* Column density [cm-2]:  4.879E+19
* Line width     [km/s]:   50.000
Calculation finished in   38 iterations
      LINE         E_UP       FREQ        WAVEL     T_EX      TAU        T_R       POP        POP       FLUX        FLUX
                   (K)        (GHz)       (um)      (K)                  (K)        UP        LOW      (K*km/s) (erg/cm2/s)
1      -- 0          5.5    115.2712   2600.7576  126.275  1.535E+00  8.811E+01  7.415E-02  2.582E-02  4.690E+03  9.251E-05
2      -- 1         16.6    230.5380   1300.4037  114.641  6.302E+00  1.000E+02  1.122E-01  7.415E-02  5.323E+03  8.400E-04
3      -- 2         33.2    345.7960    866.9634  114.484  1.258E+01  9.926E+01  1.359E-01  1.122E-01  5.283E+03  2.813E-03
4      -- 3         55.3    461.0408    650.2515  113.593  1.900E+01  9.731E+01  1.438E-01  1.359E-01  5.180E+03  6.537E-03
5      -- 4         83.0    576.2679    520.2310  112.205  2.408E+01  9.464E+01  1.374E-01  1.438E-01  5.037E+03  1.241E-02
6      -- 5        116.2    691.4731    433.5562  109.968  2.687E+01  9.091E+01  1.201E-01  1.374E-01  4.839E+03  2.060E-02
7      -- 6        154.9    806.6518    371.6504  106.389  2.707E+01  8.571E+01  9.627E-02  1.201E-01  4.562E+03  3.084E-02
8      -- 7        199.1    921.7997    325.2252  100.575  2.501E+01  7.820E+01  7.028E-02  9.627E-02  4.162E+03  4.199E-02
9      -- 8        248.9   1036.9124    289.1203   91.545  2.128E+01  6.752E+01  4.561E-02  7.028E-02  3.594E+03  5.160E-02
10     -- 9        304.2   1151.9855    260.2398   78.461  1.649E+01  5.301E+01  2.492E-02  4.561E-02  2.822E+03  5.555E-02
11     -- 10       365.0   1267.0145    236.6133   62.482  1.098E+01  3.618E+01  1.031E-02  2.492E-02  1.926E+03  5.044E-02
12     -- 11       431.3   1381.9951    216.9273   46.742  5.489E+00  2.054E+01  2.712E-03  1.031E-02  1.093E+03  3.716E-02
13     -- 12       503.1   1496.9229    200.2725   38.339  1.598E+00  1.008E+01  4.497E-04  2.712E-03  5.365E+02  2.317E-02
14     -- 13       580.5   1611.7935    185.9993   45.061  2.547E-01  3.746E+00  8.678E-05  4.497E-04  1.994E+02  1.075E-02
15     -- 14       663.4   1726.6025    173.6314   56.949  4.554E-02  1.114E+00  2.165E-05  8.678E-05  5.929E+01  3.931E-03
16     -- 15       751.7   1841.3455    162.8116   63.025  1.108E-02  3.161E-01  5.671E-06  2.165E-05  1.683E+01  1.353E-03
