* Radex version        : 30nov2011
* Geometry             : Uniform sphere
* Molecular data file  : ./data/co.dat                                                                   
* T(kin)            [K]:  160.000
* Density of H2  [cm-3]:  1.995E+05
* Density of pH2 [cm-3]:  4.988E+04
* Density of oH2 [cm-3]:  1.496E+05
* T(background)     [K]:   13.800
* Column density [cm-2]:  3.079E+20
* Line width     [km/s]:   50.000
Calculation finished in   39 iterations
      LINE         E_UP       FREQ        WAVEL     T_EX      TAU        T_R       POP        POP       FLUX        FLUX
                   (K)        (GHz)       (um)      (K)                  (K)        UP        LOW      (K*km/s) (erg/cm2/s)
1      -- 0          5.5    115.2712   2600.7576  159.856  5.180E+00  1.451E+02  5.044E-02  1.741E-02  7.721E+03  1.523E-04
2      -- 1         16.6    230.5380   1300.4037  159.597  1.969E+01  1.451E+02  7.844E-02  5.044E-02  7.724E+03  1.219E-03
3      -- 2         33.2    345.7960    866.9634  159.594  4.061E+01  1.443E+02  9.896E-02  7.844E-02  7.681E+03  4.090E-03
4      -- 3         55.3    461.0408    650.2515  159.549  6.387E+01  1.432E+02  1.108E-01  9.896E-02  7.620E+03  9.617E-03
5      -- 4         83.0    576.2679    520.2310  159.481  8.528E+01  1.417E+02  1.138E-01  1.108E-01  7.544E+03  1.859E-02
6      -- 5        116.2    691.4731    433.5562  159.380  1.013E+02  1.401E+02  1.092E-01  1.138E-01  7.455E+03  3.174E-02
7      -- 6        154.9    806.6518    371.6504  159.231  1.100E+02  1.382E+02  9.884E-02  1.092E-01  7.354E+03  4.971E-02
8      -- 7        199.1    921.7997    325.2252  159.005  1.106E+02  1.360E+02  8.481E-02  9.884E-02  7.241E+03  7.304E-02
9      -- 8        248.9   1036.9124    289.1203  158.675  1.040E+02  1.337E+02  6.927E-02  8.481E-02  7.116E+03  1.022E-01
10     -- 9        304.2   1151.9855    260.2398  158.127  9.218E+01  1.311E+02  5.397E-02  6.927E-02  6.976E+03  1.373E-01
11     -- 10       365.0   1267.0145    236.6133  157.331  7.736E+01  1.281E+02  4.016E-02  5.397E-02  6.820E+03  1.786E-01
12     -- 11       431.3   1381.9951    216.9273  156.008  6.163E+01  1.246E+02  2.854E-02  4.016E-02  6.634E+03  2.255E-01
13     -- 12       503.1   1496.9229    200.2725  153.719  4.680E+01  1.202E+02  1.931E-02  2.854E-02  6.397E+03  2.763E-01
14     -- 13       580.5   1611.7935    185.9993  149.294  3.403E+01  1.137E+02  1.236E-02  1.931E-02  6.049E+03  3.262E-01
15     -- 14       663.4   1726.6025    173.6314  141.186  2.369E+01  1.036E+02  7.344E-03  1.236E-02  5.513E+03  3.654E-01
16     -- 15       751.7   1841.3455    162.8116  127.172  1.575E+01  8.792E+01  3.902E-03  7.344E-03  4.679E+03  3.762E-01
