* Radex version        : 30nov2011
* Geometry             : Uniform sphere
* Molecular data file  : ./data/co.dat                                                                   
* T(kin)            [K]:  140.000
* Density of H2  [cm-3]:  3.981E+03
* Density of pH2 [cm-3]:  9.953E+02
* Density of oH2 [cm-3]:  2.986E+03
* T(background)     [K]:   13.800
* Column density [cm-2]:  6.143E+18
* Line width     [km/s]:   50.000
Calculation finished in   33 iterations
      LINE         E_UP       FREQ        WAVEL     T_EX      TAU        T_R       POP        POP       FLUX        FLUX
                   (K)        (GHz)       (um)      (K)                  (K)        UP        LOW      (K*km/s) (erg/cm2/s)
1      -- 0          5.5    115.2712   2600.7576 -1.889E+03 -2.391E-02  4.605E+01  1.405E-01  4.670E-02  2.451E+03  4.835E-05
2      -- 1         16.6    230.5380   1300.4037   73.763  2.276E+00  5.327E+01  2.016E-01  1.405E-01  2.836E+03  4.474E-04
3      -- 2         33.2    345.7960    866.9634   62.717  4.902E+00  4.730E+01  2.166E-01  2.016E-01  2.518E+03  1.341E-03
4      -- 3         55.3    461.0408    650.2515   55.034  7.131E+00  3.910E+01  1.863E-01  2.166E-01  2.081E+03  2.627E-03
5      -- 4         83.0    576.2679    520.2310   46.249  8.090E+00  2.947E+01  1.252E-01  1.863E-01  1.569E+03  3.866E-03
6      -- 5        116.2    691.4731    433.5562   36.916  7.018E+00  1.946E+01  6.022E-02  1.252E-01  1.036E+03  4.411E-03
7      -- 6        154.9    806.6518    371.6504   28.897  4.137E+00  1.107E+01  1.820E-02  6.022E-02  5.890E+02  3.981E-03
8      -- 7        199.1    921.7997    325.2252   25.407  1.380E+00  5.639E+00  3.616E-03  1.820E-02  3.001E+02  3.027E-03
9      -- 8        248.9   1036.9124    289.1203   29.793  2.669E-01  2.377E+00  7.605E-04  3.616E-03  1.265E+02  1.816E-03
10     -- 9        304.2   1151.9855    260.2398   39.727  5.142E-02  8.658E-01  2.090E-04  7.605E-04  4.608E+01  9.073E-04
11     -- 10       365.0   1267.0145    236.6133   47.426  1.347E-02  3.024E-01  6.352E-05  2.090E-04  1.610E+01  4.217E-04
12     -- 11       431.3   1381.9951    216.9273   52.863  4.014E-03  1.038E-01  1.969E-05  6.352E-05  5.525E+00  1.878E-04
13     -- 12       503.1   1496.9229    200.2725   58.010  1.225E-03  3.542E-02  6.163E-06  1.969E-05  1.885E+00  8.144E-05
14     -- 13       580.5   1611.7935    185.9993   60.037  3.880E-04  1.131E-02  1.825E-06  6.163E-06  6.021E-01  3.247E-05
15     -- 14       663.4   1726.6025    173.6314   61.393  1.165E-04  3.356E-03  5.059E-07  1.825E-06  1.786E-01  1.184E-05
16     -- 15       751.7   1841.3455    162.8116   66.483  3.178E-05  1.006E-03  1.425E-07  5.059E-07  5.356E-02  4.307E-06
