* Radex version        : 30nov2011
* Geometry             : Uniform sphere
* Molecular data file  : ./data/co.dat                                                                   
* T(kin)            [K]:  130.000
* Density of H2  [cm-3]:  1.585E+03
* Density of pH2 [cm-3]:  3.962E+02
* Density of oH2 [cm-3]:  1.189E+03
* T(background)     [K]:    2.725
* Column density [cm-2]:  1.565E+19
* Line width     [km/s]:   50.000
Calculation finished in   37 iterations
      LINE         E_UP       FREQ        WAVEL     T_EX      TAU        T_R       POP        POP       FLUX        FLUX
                   (K)        (GHz)       (um)      (K)                  (K)        UP        LOW      (K*km/s) (erg/cm2/s)
1      -- 0          5.5    115.2712   2600.7576   92.948  1.382E+00  6.694E+01  1.521E-01  5.379E-02  3.563E+03  7.028E-05
2      -- 1         16.6    230.5380   1300.4037   61.611  7.406E+00  5.602E+01  2.118E-01  1.521E-01  2.981E+03  4.705E-04
3      -- 2         33.2    345.7960    866.9634   57.080  1.424E+01  4.915E+01  2.217E-01  2.118E-01  2.616E+03  1.393E-03
4      -- 3         55.3    461.0408    650.2515   50.395  1.996E+01  4.013E+01  1.837E-01  2.217E-01  2.136E+03  2.696E-03
5      -- 4         83.0    576.2679    520.2310   41.722  2.189E+01  2.941E+01  1.157E-01  1.837E-01  1.565E+03  3.858E-03
6      -- 5        116.2    691.4731    433.5562   32.189  1.793E+01  1.840E+01  4.878E-02  1.157E-01  9.792E+02  4.169E-03
7      -- 6        154.9    806.6518    371.6504   23.676  9.313E+00  9.373E+00  1.097E-02  4.878E-02  4.989E+02  3.372E-03
8      -- 7        199.1    921.7997    325.2252   19.116  2.315E+00  4.373E+00  1.229E-03  1.097E-02  2.328E+02  2.348E-03
9      -- 8        248.9   1036.9124    289.1203   25.819  2.433E-01  1.830E+00  1.999E-04  1.229E-03  9.741E+01  1.399E-03
10     -- 9        304.2   1151.9855    260.2398   40.061  3.430E-02  6.267E-01  5.558E-05  1.999E-04  3.335E+01  6.567E-04
11     -- 10       365.0   1267.0145    236.6133   46.540  9.213E-03  2.070E-01  1.648E-05  5.558E-05  1.102E+01  2.887E-04
12     -- 11       431.3   1381.9951    216.9273   51.102  2.699E-03  6.715E-02  4.893E-06  1.648E-05  3.574E+00  1.215E-04
13     -- 12       503.1   1496.9229    200.2725   55.968  7.899E-04  2.174E-02  1.464E-06  4.893E-06  1.157E+00  4.997E-05
14     -- 13       580.5   1611.7935    185.9993   57.564  2.396E-04  6.542E-03  4.101E-07  1.464E-06  3.482E-01  1.878E-05
15     -- 14       663.4   1726.6025    173.6314   58.538  6.820E-05  1.812E-03  1.064E-07  4.101E-07  9.643E-02  6.392E-06
16     -- 15       751.7   1841.3455    162.8116   63.592  1.740E-05  5.102E-04  2.823E-08  1.064E-07  2.716E-02  2.183E-06
