* Radex version        : 30nov2011
* Geometry             : Uniform sphere
* Molecular data file  : ./data/co.dat                                                                   
* T(kin)            [K]:  135.000
* Density of H2  [cm-3]:  2.512E+05
* Density of pH2 [cm-3]:  6.280E+04
* Density of oH2 [cm-3]:  1.884E+05
* T(background)     [K]:   13.800
* Column density [cm-2]:  3.876E+20
* Line width     [km/s]:   50.000
Calculation finished in   38 iterations
      LINE         E_UP       FREQ        WAVEL     T_EX      TAU        T_R       POP        POP       FLUX        FLUX
                   (K)        (GHz)       (um)      (K)                  (K)        UP        LOW      (K*km/s) (erg/cm2/s)
1      -- 0          5.5    115.2712   2600.7576  134.887  9.062E+00  1.209E+02  5.895E-02  2.047E-02  6.435E+03  1.269E-04
2      -- 1         16.6    230.5380   1300.4037  134.855  3.408E+01  1.204E+02  9.052E-02  5.895E-02  6.408E+03  1.011E-03
3      -- 2         33.2    345.7960    866.9634  134.847  6.918E+01  1.196E+02  1.121E-01  9.052E-02  6.365E+03  3.390E-03
4      -- 3         55.3    461.0408    650.2515  134.826  1.064E+02  1.185E+02  1.223E-01  1.121E-01  6.307E+03  7.959E-03
5      -- 4         83.0    576.2679    520.2310  134.794  1.381E+02  1.171E+02  1.217E-01  1.223E-01  6.234E+03  1.536E-02
6      -- 5        116.2    691.4731    433.5562  134.745  1.584E+02  1.155E+02  1.124E-01  1.217E-01  6.150E+03  2.618E-02
7      -- 6        154.9    806.6518    371.6504  134.670  1.650E+02  1.137E+02  9.732E-02  1.124E-01  6.054E+03  4.092E-02
8      -- 7        199.1    921.7997    325.2252  134.551  1.582E+02  1.118E+02  7.939E-02  9.732E-02  5.949E+03  6.001E-02
9      -- 8        248.9   1036.9124    289.1203  134.370  1.410E+02  1.096E+02  6.127E-02  7.939E-02  5.835E+03  8.378E-02
10     -- 9        304.2   1151.9855    260.2398  134.050  1.176E+02  1.073E+02  4.483E-02  6.127E-02  5.710E+03  1.124E-01
11     -- 10       365.0   1267.0145    236.6133  133.551  9.230E+01  1.047E+02  3.114E-02  4.483E-02  5.572E+03  1.460E-01
12     -- 11       431.3   1381.9951    216.9273  132.669  6.834E+01  1.017E+02  2.053E-02  3.114E-02  5.414E+03  1.840E-01
13     -- 12       503.1   1496.9229    200.2725  131.017  4.793E+01  9.797E+01  1.282E-02  2.053E-02  5.214E+03  2.252E-01
14     -- 13       580.5   1611.7935    185.9993  127.477  3.198E+01  9.240E+01  7.503E-03  1.282E-02  4.918E+03  2.652E-01
15     -- 14       663.4   1726.6025    173.6314  120.102  2.034E+01  8.319E+01  4.023E-03  7.503E-03  4.428E+03  2.935E-01
16     -- 15       751.7   1841.3455    162.8116  106.456  1.223E+01  6.817E+01  1.867E-03  4.023E-03  3.628E+03  2.917E-01
