* Radex version        : 30nov2011
* Geometry             : Uniform sphere
* Molecular data file  : ./data/co.dat                                                                   
* T(kin)            [K]:  105.000
* Density of H2  [cm-3]:  1.995E+05
* Density of pH2 [cm-3]:  4.988E+04
* Density of oH2 [cm-3]:  1.496E+05
* T(background)     [K]:    2.725
* Column density [cm-2]:  1.970E+21
* Line width     [km/s]:   50.000
Calculation finished in   39 iterations
      LINE         E_UP       FREQ        WAVEL     T_EX      TAU        T_R       POP        POP       FLUX        FLUX
                   (K)        (GHz)       (um)      (K)                  (K)        UP        LOW      (K*km/s) (erg/cm2/s)
1      -- 0          5.5    115.2712   2600.7576  104.981  7.513E+01  1.014E+02  7.439E-02  2.614E-02  5.397E+03  1.065E-04
2      -- 1         16.6    230.5380   1300.4037  104.982  2.776E+02  9.935E+01  1.116E-01  7.439E-02  5.288E+03  8.344E-04
3      -- 2         33.2    345.7960    866.9634  104.981  5.474E+02  9.686E+01  1.334E-01  1.116E-01  5.156E+03  2.745E-03
4      -- 3         55.3    461.0408    650.2515  104.978  8.085E+02  9.430E+01  1.389E-01  1.334E-01  5.019E+03  6.334E-03
5      -- 4         83.0    576.2679    520.2310  104.973  9.956E+02  9.175E+01  1.304E-01  1.389E-01  4.883E+03  1.204E-02
6      -- 5        116.2    691.4731    433.5562  104.964  1.072E+03  8.924E+01  1.124E-01  1.304E-01  4.750E+03  2.022E-02
7      -- 6        154.9    806.6518    371.6504  104.951  1.035E+03  8.678E+01  8.966E-02  1.124E-01  4.619E+03  3.122E-02
8      -- 7        199.1    921.7997    325.2252  104.927  9.093E+02  8.436E+01  6.666E-02  8.966E-02  4.490E+03  4.529E-02
9      -- 8        248.9   1036.9124    289.1203  104.888  7.343E+02  8.197E+01  4.635E-02  6.666E-02  4.363E+03  6.264E-02
10     -- 9        304.2   1151.9855    260.2398  104.811  5.485E+02  7.959E+01  3.023E-02  4.635E-02  4.236E+03  8.340E-02
11     -- 10       365.0   1267.0145    236.6133  104.674  3.812E+02  7.720E+01  1.852E-02  3.023E-02  4.109E+03  1.076E-01
12     -- 11       431.3   1381.9951    216.9273  104.408  2.470E+02  7.473E+01  1.067E-02  1.852E-02  3.978E+03  1.352E-01
13     -- 12       503.1   1496.9229    200.2725  103.855  1.497E+02  7.204E+01  5.768E-03  1.067E-02  3.834E+03  1.656E-01
14     -- 13       580.5   1611.7935    185.9993  102.488  8.522E+01  6.863E+01  2.912E-03  5.768E-03  3.653E+03  1.970E-01
15     -- 14       663.4   1726.6025    173.6314   98.774  4.572E+01  6.307E+01  1.346E-03  2.912E-03  3.357E+03  2.225E-01
16     -- 15       751.7   1841.3455    162.8116   89.499  2.314E+01  5.247E+01  5.336E-04  1.346E-03  2.793E+03  2.245E-01
