* Radex version        : 30nov2011
* Geometry             : Uniform sphere
* Molecular data file  : ./data/co.dat                                                                   
* T(kin)            [K]:  145.000
* Density of H2  [cm-3]:  3.981E+03
* Density of pH2 [cm-3]:  9.953E+02
* Density of oH2 [cm-3]:  2.986E+03
* T(background)     [K]:   13.800
* Column density [cm-2]:  6.143E+18
* Line width     [km/s]:   50.000
Calculation finished in   33 iterations
      LINE         E_UP       FREQ        WAVEL     T_EX      TAU        T_R       POP        POP       FLUX        FLUX
                   (K)        (GHz)       (um)      (K)                  (K)        UP        LOW      (K*km/s) (erg/cm2/s)
1      -- 0          5.5    115.2712   2600.7576 -842.860 -5.286E-02  4.651E+01  1.389E-01  4.598E-02  2.475E+03  4.883E-05
2      -- 1         16.6    230.5380   1300.4037   75.429  2.203E+00  5.429E+01  1.998E-01  1.389E-01  2.890E+03  4.560E-04
3      -- 2         33.2    345.7960    866.9634   63.730  4.793E+00  4.826E+01  2.156E-01  1.998E-01  2.569E+03  1.368E-03
4      -- 3         55.3    461.0408    650.2515   55.913  7.008E+00  3.997E+01  1.866E-01  2.156E-01  2.127E+03  2.685E-03
5      -- 4         83.0    576.2679    520.2310   47.049  8.004E+00  3.025E+01  1.267E-01  1.866E-01  1.610E+03  3.968E-03
6      -- 5        116.2    691.4731    433.5562   37.628  7.019E+00  2.013E+01  6.200E-02  1.267E-01  1.071E+03  4.562E-03
7      -- 6        154.9    806.6518    371.6504   29.467  4.220E+00  1.157E+01  1.923E-02  6.200E-02  6.156E+02  4.161E-03
8      -- 7        199.1    921.7997    325.2252   25.754  1.450E+00  5.976E+00  3.911E-03  1.923E-02  3.181E+02  3.209E-03
9      -- 8        248.9   1036.9124    289.1203   29.977  2.880E-01  2.576E+00  8.311E-04  3.911E-03  1.371E+02  1.968E-03
10     -- 9        304.2   1151.9855    260.2398   40.117  5.594E-02  9.578E-01  2.315E-04  8.311E-04  5.098E+01  1.004E-03
11     -- 10       365.0   1267.0145    236.6133   48.132  1.482E-02  3.414E-01  7.169E-05  2.315E-04  1.817E+01  4.760E-04
12     -- 11       431.3   1381.9951    216.9273   53.759  4.492E-03  1.197E-01  2.269E-05  7.169E-05  6.369E+00  2.165E-04
13     -- 12       503.1   1496.9229    200.2725   59.019  1.400E-03  4.171E-02  7.255E-06  2.269E-05  2.220E+00  9.590E-05
14     -- 13       580.5   1611.7935    185.9993   61.125  4.527E-04  1.363E-02  2.198E-06  7.255E-06  7.254E-01  3.912E-05
15     -- 14       663.4   1726.6025    173.6314   62.576  1.390E-04  4.147E-03  6.250E-07  2.198E-06  2.207E-01  1.463E-05
16     -- 15       751.7   1841.3455    162.8116   67.770  3.891E-05  1.275E-03  1.806E-07  6.250E-07  6.788E-02  5.458E-06
