* Radex version        : 30nov2011
* Geometry             : Uniform sphere
* Molecular data file  : ./data/co.dat                                                                   
* T(kin)            [K]:  145.000
* Density of H2  [cm-3]:  5.012E+03
* Density of pH2 [cm-3]:  1.253E+03
* Density of oH2 [cm-3]:  3.759E+03
* T(background)     [K]:   13.800
* Column density [cm-2]:  7.733E+18
* Line width     [km/s]:   50.000
Calculation finished in   34 iterations
      LINE         E_UP       FREQ        WAVEL     T_EX      TAU        T_R       POP        POP       FLUX        FLUX
                   (K)        (GHz)       (um)      (K)                  (K)        UP        LOW      (K*km/s) (erg/cm2/s)
1      -- 0          5.5    115.2712   2600.7576 -1.353E+03 -3.715E-02  5.175E+01  1.243E-01  4.127E-02  2.754E+03  5.433E-05
2      -- 1         16.6    230.5380   1300.4037   85.642  2.206E+00  6.338E+01  1.821E-01  1.243E-01  3.374E+03  5.323E-04
3      -- 2         33.2    345.7960    866.9634   73.397  4.852E+00  5.783E+01  2.033E-01  1.821E-01  3.078E+03  1.639E-03
4      -- 3         55.3    461.0408    650.2515   65.655  7.282E+00  4.960E+01  1.866E-01  2.033E-01  2.640E+03  3.332E-03
5      -- 4         83.0    576.2679    520.2310   56.617  8.760E+00  3.960E+01  1.399E-01  1.866E-01  2.107E+03  5.194E-03
6      -- 5        116.2    691.4731    433.5562   46.321  8.517E+00  2.839E+01  8.079E-02  1.399E-01  1.511E+03  6.435E-03
7      -- 6        154.9    806.6518    371.6504   36.118  6.226E+00  1.763E+01  3.192E-02  8.079E-02  9.382E+02  6.342E-03
8      -- 7        199.1    921.7997    325.2252   28.688  2.903E+00  9.613E+00  7.739E-03  3.192E-02  5.117E+02  5.161E-03
9      -- 8        248.9   1036.9124    289.1203   28.244  7.337E-01  4.641E+00  1.485E-03  7.739E-03  2.470E+02  3.546E-03
10     -- 9        304.2   1151.9855    260.2398   36.942  1.306E-01  1.827E+00  3.675E-04  1.485E-03  9.724E+01  1.914E-03
11     -- 10       365.0   1267.0145    236.6133   47.138  2.991E-02  6.585E-01  1.108E-04  3.675E-04  3.505E+01  9.181E-04
12     -- 11       431.3   1381.9951    216.9273   53.811  8.736E-03  2.326E-01  3.511E-05  1.108E-04  1.238E+01  4.209E-04
13     -- 12       503.1   1496.9229    200.2725   59.114  2.725E-03  8.136E-02  1.125E-05  3.511E-05  4.331E+00  1.871E-04
14     -- 13       580.5   1611.7935    185.9993   61.490  8.811E-04  2.680E-02  3.434E-06  1.125E-05  1.426E+00  7.692E-05
15     -- 14       663.4   1726.6025    173.6314   63.064  2.724E-04  8.240E-03  9.865E-07  3.434E-06  4.386E-01  2.907E-05
16     -- 15       751.7   1841.3455    162.8116   68.078  7.714E-05  2.549E-03  2.867E-07  9.865E-07  1.357E-01  1.091E-05
