* Radex version        : 30nov2011
* Geometry             : Uniform sphere
* Molecular data file  : ./data/co.dat                                                                   
* T(kin)            [K]:  120.000
* Density of H2  [cm-3]:  1.995E+03
* Density of pH2 [cm-3]:  4.988E+02
* Density of oH2 [cm-3]:  1.496E+03
* T(background)     [K]:   13.800
* Column density [cm-2]:  3.079E+18
* Line width     [km/s]:   50.000
Calculation finished in   31 iterations
      LINE         E_UP       FREQ        WAVEL     T_EX      TAU        T_R       POP        POP       FLUX        FLUX
                   (K)        (GHz)       (um)      (K)                  (K)        UP        LOW      (K*km/s) (erg/cm2/s)
1      -- 0          5.5    115.2712   2600.7576  209.640  1.584E-01  2.866E+01  2.031E-01  6.950E-02  1.525E+03  3.009E-05
2      -- 1         16.6    230.5380   1300.4037   44.339  2.614E+00  2.784E+01  2.637E-01  2.031E-01  1.482E+03  2.338E-04
3      -- 2         33.2    345.7960    866.9634   37.171  4.979E+00  2.221E+01  2.362E-01  2.637E-01  1.182E+03  6.294E-04
4      -- 3         55.3    461.0408    650.2515   31.002  6.007E+00  1.563E+01  1.488E-01  2.362E-01  8.320E+02  1.050E-03
5      -- 4         83.0    576.2679    520.2310   25.085  4.806E+00  9.362E+00  6.038E-02  1.488E-01  4.983E+02  1.228E-03
6      -- 5        116.2    691.4731    433.5562   21.118  2.266E+00  4.847E+00  1.482E-02  6.038E-02  2.580E+02  1.099E-03
7      -- 6        154.9    806.6518    371.6504   21.070  5.814E-01  2.134E+00  2.724E-03  1.482E-02  1.136E+02  7.677E-04
8      -- 7        199.1    921.7997    325.2252   25.873  1.028E-01  7.717E-01  5.584E-04  2.724E-03  4.107E+01  4.143E-04
9      -- 8        248.9   1036.9124    289.1203   33.492  1.969E-02  2.567E-01  1.412E-04  5.584E-04  1.366E+01  1.962E-04
10     -- 9        304.2   1151.9855    260.2398   39.670  4.789E-03  8.229E-02  3.874E-05  1.412E-04  4.380E+00  8.623E-05
11     -- 10       365.0   1267.0145    236.6133   44.203  1.294E-03  2.562E-02  1.072E-05  3.874E-05  1.364E+00  3.573E-05
12     -- 11       431.3   1381.9951    216.9273   48.446  3.542E-04  7.818E-03  2.964E-06  1.072E-05  4.161E-01  1.414E-05
13     -- 12       503.1   1496.9229    200.2725   53.246  9.641E-05  2.388E-03  8.305E-07  2.964E-06  1.271E-01  5.491E-06
14     -- 13       580.5   1611.7935    185.9993   54.681  2.739E-05  6.723E-04  2.168E-07  8.305E-07  3.578E-02  1.930E-06
15     -- 14       663.4   1726.6025    173.6314   55.230  7.274E-06  1.716E-04  5.168E-08  2.168E-07  9.132E-03  6.053E-07
16     -- 15       751.7   1841.3455    162.8116   60.397  1.701E-06  4.503E-05  1.274E-08  5.168E-08  2.397E-03  1.927E-07
