* Radex version        : 30nov2011
* Geometry             : Uniform sphere
* Molecular data file  : ./data/co.dat                                                                   
* T(kin)            [K]:  175.000
* Density of H2  [cm-3]:  3.162E+04
* Density of pH2 [cm-3]:  7.906E+03
* Density of oH2 [cm-3]:  2.372E+04
* T(background)     [K]:   13.800
* Column density [cm-2]:  4.879E+19
* Line width     [km/s]:   50.000
Calculation finished in   39 iterations
      LINE         E_UP       FREQ        WAVEL     T_EX      TAU        T_R       POP        POP       FLUX        FLUX
                   (K)        (GHz)       (um)      (K)                  (K)        UP        LOW      (K*km/s) (erg/cm2/s)
1      -- 0          5.5    115.2712   2600.7576  228.735  6.366E-01  1.011E+02  5.626E-02  1.921E-02  5.383E+03  1.062E-04
2      -- 1         16.6    230.5380   1300.4037  163.278  3.405E+00  1.439E+02  8.763E-02  5.626E-02  7.657E+03  1.208E-03
3      -- 2         33.2    345.7960    866.9634  160.025  7.173E+00  1.446E+02  1.106E-01  8.763E-02  7.698E+03  4.099E-03
4      -- 3         55.3    461.0408    650.2515  158.390  1.139E+01  1.420E+02  1.237E-01  1.106E-01  7.558E+03  9.539E-03
5      -- 4         83.0    576.2679    520.2310  156.056  1.539E+01  1.383E+02  1.266E-01  1.237E-01  7.362E+03  1.814E-02
6      -- 5        116.2    691.4731    433.5562  152.664  1.857E+01  1.334E+02  1.204E-01  1.266E-01  7.099E+03  3.023E-02
7      -- 6        154.9    806.6518    371.6504  147.662  2.053E+01  1.267E+02  1.069E-01  1.204E-01  6.741E+03  4.557E-02
8      -- 7        199.1    921.7997    325.2252  140.487  2.108E+01  1.177E+02  8.839E-02  1.069E-01  6.262E+03  6.317E-02
9      -- 8        248.9   1036.9124    289.1203  130.432  2.025E+01  1.057E+02  6.746E-02  8.839E-02  5.628E+03  8.081E-02
10     -- 9        304.2   1151.9855    260.2398  116.727  1.819E+01  9.023E+01  4.643E-02  6.746E-02  4.803E+03  9.455E-02
11     -- 10       365.0   1267.0145    236.6133   99.848  1.501E+01  7.176E+01  2.766E-02  4.643E-02  3.819E+03  1.000E-01
12     -- 11       431.3   1381.9951    216.9273   80.464  1.090E+01  5.126E+01  1.318E-02  2.766E-02  2.728E+03  9.274E-02
13     -- 12       503.1   1496.9229    200.2725   61.510  6.324E+00  3.197E+01  4.428E-03  1.318E-02  1.702E+03  7.351E-02
14     -- 13       580.5   1611.7935    185.9993   48.576  2.436E+00  1.777E+01  9.676E-04  4.428E-03  9.456E+02  5.099E-02
15     -- 14       663.4   1726.6025    173.6314   51.588  5.295E-01  8.466E+00  2.075E-04  9.676E-04  4.506E+02  2.987E-02
16     -- 15       751.7   1841.3455    162.8116   69.834  1.011E-01  3.326E+00  6.232E-05  2.075E-04  1.770E+02  1.423E-02
