* Radex version        : 30nov2011
* Geometry             : Uniform sphere
* Molecular data file  : ./data/co.dat                                                                   
* T(kin)            [K]:  110.000
* Density of H2  [cm-3]:  3.162E+06
* Density of pH2 [cm-3]:  7.906E+05
* Density of oH2 [cm-3]:  2.372E+06
* T(background)     [K]:   13.800
* Column density [cm-2]:  4.879E+21
* Line width     [km/s]:   50.000
Calculation finished in   28 iterations
      LINE         E_UP       FREQ        WAVEL     T_EX      TAU        T_R       POP        POP       FLUX        FLUX
                   (K)        (GHz)       (um)      (K)                  (K)        UP        LOW      (K*km/s) (erg/cm2/s)
1      -- 0          5.5    115.2712   2600.7576  110.000  1.696E+02  9.604E+01  7.112E-02  2.493E-02  5.112E+03  1.008E-04
2      -- 1         16.6    230.5380   1300.4037  110.000  6.287E+02  9.556E+01  1.072E-01  7.112E-02  5.086E+03  8.026E-04
3      -- 2         33.2    345.7960    866.9634  109.999  1.247E+03  9.478E+01  1.291E-01  1.072E-01  5.045E+03  2.686E-03
4      -- 3         55.3    461.0408    650.2515  109.999  1.858E+03  9.373E+01  1.357E-01  1.291E-01  4.989E+03  6.296E-03
5      -- 4         83.0    576.2679    520.2310  109.999  2.312E+03  9.244E+01  1.290E-01  1.357E-01  4.920E+03  1.213E-02
6      -- 5        116.2    691.4731    433.5562  109.999  2.522E+03  9.095E+01  1.127E-01  1.290E-01  4.841E+03  2.061E-02
7      -- 6        154.9    806.6518    371.6504  109.999  2.473E+03  8.928E+01  9.149E-02  1.127E-01  4.752E+03  3.212E-02
8      -- 7        199.1    921.7997    325.2252  109.998  2.212E+03  8.749E+01  6.935E-02  9.149E-02  4.657E+03  4.697E-02
9      -- 8        248.9   1036.9124    289.1203  109.997  1.823E+03  8.560E+01  4.930E-02  6.935E-02  4.556E+03  6.541E-02
10     -- 9        304.2   1151.9855    260.2398  109.995  1.392E+03  8.363E+01  3.297E-02  4.930E-02  4.451E+03  8.764E-02
11     -- 10       365.0   1267.0145    236.6133  109.992  9.921E+02  8.162E+01  2.077E-02  3.297E-02  4.344E+03  1.138E-01
12     -- 11       431.3   1381.9951    216.9273  109.985  6.605E+02  7.959E+01  1.235E-02  2.077E-02  4.236E+03  1.440E-01
13     -- 12       503.1   1496.9229    200.2725  109.973  4.125E+02  7.754E+01  6.942E-03  1.235E-02  4.127E+03  1.783E-01
14     -- 13       580.5   1611.7935    185.9993  109.945  2.422E+02  7.548E+01  3.690E-03  6.942E-03  4.017E+03  2.166E-01
15     -- 14       663.4   1726.6025    173.6314  109.885  1.338E+02  7.341E+01  1.855E-03  3.690E-03  3.907E+03  2.590E-01
16     -- 15       751.7   1841.3455    162.8116  109.740  6.964E+01  7.127E+01  8.828E-04  1.855E-03  3.794E+03  3.050E-01
