* Radex version        : 30nov2011
* Geometry             : Uniform sphere
* Molecular data file  : ./data/co.dat                                                                   
* T(kin)            [K]:  180.000
* Density of H2  [cm-3]:  2.512E+06
* Density of pH2 [cm-3]:  6.280E+05
* Density of oH2 [cm-3]:  1.884E+06
* T(background)     [K]:   13.800
* Column density [cm-2]:  3.876E+21
* Line width     [km/s]:   50.000
Calculation finished in   32 iterations
      LINE         E_UP       FREQ        WAVEL     T_EX      TAU        T_R       POP        POP       FLUX        FLUX
                   (K)        (GHz)       (um)      (K)                  (K)        UP        LOW      (K*km/s) (erg/cm2/s)
1      -- 0          5.5    115.2712   2600.7576  179.997  5.096E+01  1.660E+02  4.447E-02  1.529E-02  8.837E+03  1.743E-04
2      -- 1         16.6    230.5380   1300.4037  179.996  1.945E+02  1.655E+02  6.970E-02  4.447E-02  8.810E+03  1.390E-03
3      -- 2         33.2    345.7960    866.9634  179.996  4.052E+02  1.647E+02  8.898E-02  6.970E-02  8.766E+03  4.668E-03
4      -- 3         55.3    461.0408    650.2515  179.996  6.458E+02  1.636E+02  1.012E-01  8.898E-02  8.707E+03  1.099E-02
5      -- 4         83.0    576.2679    520.2310  179.995  8.772E+02  1.622E+02  1.060E-01  1.012E-01  8.634E+03  2.128E-02
6      -- 5        116.2    691.4731    433.5562  179.995  1.065E+03  1.606E+02  1.042E-01  1.060E-01  8.549E+03  3.640E-02
7      -- 6        154.9    806.6518    371.6504  179.993  1.184E+03  1.588E+02  9.698E-02  1.042E-01  8.454E+03  5.715E-02
8      -- 7        199.1    921.7997    325.2252  179.992  1.226E+03  1.569E+02  8.596E-02  9.698E-02  8.351E+03  8.424E-02
9      -- 8        248.9   1036.9124    289.1203  179.989  1.191E+03  1.549E+02  7.287E-02  8.596E-02  8.243E+03  1.183E-01
10     -- 9        304.2   1151.9855    260.2398  179.986  1.094E+03  1.527E+02  5.924E-02  7.287E-02  8.129E+03  1.600E-01
11     -- 10       365.0   1267.0145    236.6133  179.980  9.560E+02  1.505E+02  4.628E-02  5.924E-02  8.012E+03  2.099E-01
12     -- 11       431.3   1381.9951    216.9273  179.972  7.957E+02  1.483E+02  3.480E-02  4.628E-02  7.893E+03  2.683E-01
13     -- 12       503.1   1496.9229    200.2725  179.959  6.334E+02  1.460E+02  2.521E-02  3.480E-02  7.772E+03  3.357E-01
14     -- 13       580.5   1611.7935    185.9993  179.937  4.832E+02  1.437E+02  1.762E-02  2.521E-02  7.650E+03  4.125E-01
15     -- 14       663.4   1726.6025    173.6314  179.901  3.536E+02  1.414E+02  1.188E-02  1.762E-02  7.528E+03  4.990E-01
16     -- 15       751.7   1841.3455    162.8116  179.837  2.487E+02  1.391E+02  7.737E-03  1.188E-02  7.404E+03  5.953E-01
