* Radex version        : 30nov2011
* Geometry             : Uniform sphere
* Molecular data file  : ./data/co.dat                                                                   
* T(kin)            [K]:  195.000
* Density of H2  [cm-3]:  1.000E+05
* Density of pH2 [cm-3]:  2.500E+04
* Density of oH2 [cm-3]:  7.500E+04
* T(background)     [K]:   13.800
* Column density [cm-2]:  1.543E+20
* Line width     [km/s]:   50.000
Calculation finished in   40 iterations
      LINE         E_UP       FREQ        WAVEL     T_EX      TAU        T_R       POP        POP       FLUX        FLUX
                   (K)        (GHz)       (um)      (K)                  (K)        UP        LOW      (K*km/s) (erg/cm2/s)
1      -- 0          5.5    115.2712   2600.7576  200.002  1.779E+00  1.546E+02  4.339E-02  1.487E-02  8.230E+03  1.623E-04
2      -- 1         16.6    230.5380   1300.4037  192.027  7.098E+00  1.774E+02  6.828E-02  4.339E-02  9.442E+03  1.490E-03
3      -- 2         33.2    345.7960    866.9634  192.249  1.484E+01  1.769E+02  8.768E-02  6.828E-02  9.418E+03  5.015E-03
4      -- 3         55.3    461.0408    650.2515  191.996  2.384E+01  1.756E+02  1.005E-01  8.768E-02  9.345E+03  1.179E-02
5      -- 4         83.0    576.2679    520.2310  191.632  3.272E+01  1.738E+02  1.063E-01  1.005E-01  9.252E+03  2.280E-02
6      -- 5        116.2    691.4731    433.5562  191.133  4.022E+01  1.717E+02  1.056E-01  1.063E-01  9.140E+03  3.892E-02
7      -- 6        154.9    806.6518    371.6504  190.370  4.543E+01  1.692E+02  9.941E-02  1.056E-01  9.004E+03  6.087E-02
8      -- 7        199.1    921.7997    325.2252  189.296  4.783E+01  1.662E+02  8.919E-02  9.941E-02  8.844E+03  8.921E-02
9      -- 8        248.9   1036.9124    289.1203  187.739  4.743E+01  1.626E+02  7.647E-02  8.919E-02  8.653E+03  1.242E-01
10     -- 9        304.2   1151.9855    260.2398  185.335  4.458E+01  1.580E+02  6.272E-02  7.647E-02  8.412E+03  1.656E-01
11     -- 10       365.0   1267.0145    236.6133  181.951  3.993E+01  1.525E+02  4.918E-02  6.272E-02  8.116E+03  2.126E-01
12     -- 11       431.3   1381.9951    216.9273  176.646  3.418E+01  1.450E+02  3.672E-02  4.918E-02  7.718E+03  2.624E-01
13     -- 12       503.1   1496.9229    200.2725  168.297  2.809E+01  1.345E+02  2.588E-02  3.672E-02  7.160E+03  3.093E-01
14     -- 13       580.5   1611.7935    185.9993  155.140  2.219E+01  1.194E+02  1.688E-02  2.588E-02  6.354E+03  3.426E-01
15     -- 14       663.4   1726.6025    173.6314  136.710  1.661E+01  9.923E+01  9.844E-03  1.688E-02  5.282E+03  3.501E-01
16     -- 15       751.7   1841.3455    162.8116  113.419  1.143E+01  7.477E+01  4.808E-03  9.844E-03  3.979E+03  3.200E-01
