* Radex version        : 30nov2011
* Geometry             : Uniform sphere
* Molecular data file  : ./data/co.dat                                                                   
* T(kin)            [K]:  135.000
* Density of H2  [cm-3]:  6.310E+04
* Density of pH2 [cm-3]:  1.577E+04
* Density of oH2 [cm-3]:  4.732E+04
* T(background)     [K]:   13.800
* Column density [cm-2]:  9.736E+19
* Line width     [km/s]:   50.000
Calculation finished in   39 iterations
      LINE         E_UP       FREQ        WAVEL     T_EX      TAU        T_R       POP        POP       FLUX        FLUX
                   (K)        (GHz)       (um)      (K)                  (K)        UP        LOW      (K*km/s) (erg/cm2/s)
1      -- 0          5.5    115.2712   2600.7576  136.484  2.367E+00  1.110E+02  6.204E-02  2.154E-02  5.909E+03  1.166E-04
2      -- 1         16.6    230.5380   1300.4037  132.688  9.149E+00  1.182E+02  9.513E-02  6.204E-02  6.292E+03  9.929E-04
3      -- 2         33.2    345.7960    866.9634  132.765  1.853E+01  1.175E+02  1.175E-01  9.513E-02  6.255E+03  3.331E-03
4      -- 3         55.3    461.0408    650.2515  132.446  2.850E+01  1.161E+02  1.279E-01  1.175E-01  6.180E+03  7.800E-03
5      -- 4         83.0    576.2679    520.2310  131.981  3.697E+01  1.143E+02  1.267E-01  1.279E-01  6.085E+03  1.500E-02
6      -- 5        116.2    691.4731    433.5562  131.254  4.241E+01  1.121E+02  1.163E-01  1.267E-01  5.965E+03  2.540E-02
7      -- 6        154.9    806.6518    371.6504  130.136  4.415E+01  1.092E+02  9.968E-02  1.163E-01  5.815E+03  3.930E-02
8      -- 7        199.1    921.7997    325.2252  128.331  4.234E+01  1.056E+02  8.003E-02  9.968E-02  5.621E+03  5.670E-02
9      -- 8        248.9   1036.9124    289.1203  125.421  3.777E+01  1.008E+02  6.015E-02  8.003E-02  5.365E+03  7.702E-02
10     -- 9        304.2   1151.9855    260.2398  120.323  3.160E+01  9.376E+01  4.199E-02  6.015E-02  4.991E+03  9.825E-02
11     -- 10       365.0   1267.0145    236.6133  112.175  2.484E+01  8.375E+01  2.674E-02  4.199E-02  4.458E+03  1.168E-01
12     -- 11       431.3   1381.9951    216.9273   99.467  1.824E+01  6.942E+01  1.492E-02  2.674E-02  3.695E+03  1.256E-01
13     -- 12       503.1   1496.9229    200.2725   82.148  1.208E+01  5.100E+01  6.722E-03  1.492E-02  2.715E+03  1.173E-01
14     -- 13       580.5   1611.7935    185.9993   62.660  6.566E+00  3.142E+01  2.101E-03  6.722E-03  1.672E+03  9.017E-02
15     -- 14       663.4   1726.6025    173.6314   48.413  2.351E+00  1.634E+01  4.055E-04  2.101E-03  8.695E+02  5.764E-02
16     -- 15       751.7   1841.3455    162.8116   50.905  4.523E-01  6.825E+00  7.606E-05  4.055E-04  3.633E+02  2.921E-02
