* Radex version        : 30nov2011
* Geometry             : Uniform sphere
* Molecular data file  : ./data/co.dat                                                                   
* T(kin)            [K]:  110.000
* Density of H2  [cm-3]:  7.943E+02
* Density of pH2 [cm-3]:  1.986E+02
* Density of oH2 [cm-3]:  5.957E+02
* T(background)     [K]:   13.800
* Column density [cm-2]:  1.226E+18
* Line width     [km/s]:   50.000
Calculation finished in   28 iterations
      LINE         E_UP       FREQ        WAVEL     T_EX      TAU        T_R       POP        POP       FLUX        FLUX
                   (K)        (GHz)       (um)      (K)                  (K)        UP        LOW      (K*km/s) (erg/cm2/s)
1      -- 0          5.5    115.2712   2600.7576   48.515  4.097E-01  1.162E+01  2.921E-01  1.091E-01  6.187E+02  1.220E-05
2      -- 1         16.6    230.5380   1300.4037   24.370  2.474E+00  9.392E+00  3.092E-01  2.921E-01  4.999E+02  7.888E-05
3      -- 2         33.2    345.7960    866.9634   20.722  3.556E+00  6.211E+00  1.943E-01  3.092E-01  3.306E+02  1.760E-04
4      -- 3         55.3    461.0408    650.2515   18.135  2.718E+00  3.450E+00  7.377E-02  1.943E-01  1.836E+02  2.318E-04
5      -- 4         83.0    576.2679    520.2310   16.914  1.143E+00  1.627E+00  1.757E-02  7.377E-02  8.657E+01  2.134E-04
6      -- 5        116.2    691.4731    433.5562   17.508  2.816E-01  6.317E-01  3.120E-03  1.757E-02  3.362E+01  1.432E-04
7      -- 6        154.9    806.6518    371.6504   20.521  4.917E-02  2.123E-01  5.458E-04  3.120E-03  1.130E+01  7.638E-05
8      -- 7        199.1    921.7997    325.2252   26.432  8.133E-03  6.758E-02  1.160E-04  5.458E-04  3.597E+00  3.628E-05
9      -- 8        248.9   1036.9124    289.1203   32.920  1.641E-03  2.080E-02  2.860E-05  1.160E-04  1.107E+00  1.590E-05
10     -- 9        304.2   1151.9855    260.2398   37.859  3.943E-04  6.186E-03  7.338E-06  2.860E-05  3.292E-01  6.482E-06
11     -- 10       365.0   1267.0145    236.6133   41.891  1.000E-04  1.785E-03  1.882E-06  7.338E-06  9.501E-02  2.489E-06
12     -- 11       431.3   1381.9951    216.9273   45.651  2.544E-05  5.012E-04  4.786E-07  1.882E-06  2.667E-02  9.067E-07
13     -- 12       503.1   1496.9229    200.2725   50.677  6.341E-06  1.432E-04  1.252E-07  4.786E-07  7.620E-03  3.291E-07
14     -- 13       580.5   1611.7935    185.9993   51.667  1.686E-06  3.711E-05  3.010E-08  1.252E-07  1.975E-03  1.065E-07
15     -- 14       663.4   1726.6025    173.6314   51.659  4.135E-07  8.539E-06  6.469E-09  3.010E-08  4.545E-04  3.013E-08
16     -- 15       751.7   1841.3455    162.8116   57.048  8.686E-08  2.058E-06  1.463E-09  6.469E-09  1.095E-04  8.806E-09
