* Radex version        : 30nov2011
* Geometry             : Uniform sphere
* Molecular data file  : ./data/co.dat                                                                   
* T(kin)            [K]:  190.000
* Density of H2  [cm-3]:  1.995E+04
* Density of pH2 [cm-3]:  4.988E+03
* Density of oH2 [cm-3]:  1.496E+04
* T(background)     [K]:   13.800
* Column density [cm-2]:  3.079E+19
* Line width     [km/s]:   50.000
Calculation finished in   38 iterations
      LINE         E_UP       FREQ        WAVEL     T_EX      TAU        T_R       POP        POP       FLUX        FLUX
                   (K)        (GHz)       (um)      (K)                  (K)        UP        LOW      (K*km/s) (erg/cm2/s)
1      -- 0          5.5    115.2712   2600.7576  486.521  2.032E-01  8.691E+01  6.095E-02  2.055E-02  4.626E+03  9.125E-05
2      -- 1         16.6    230.5380   1300.4037  169.720  2.242E+00  1.388E+02  9.517E-02  6.095E-02  7.385E+03  1.165E-03
3      -- 2         33.2    345.7960    866.9634  156.695  5.014E+00  1.405E+02  1.198E-01  9.517E-02  7.477E+03  3.982E-03
4      -- 3         55.3    461.0408    650.2515  152.355  8.074E+00  1.359E+02  1.333E-01  1.198E-01  7.236E+03  9.132E-03
5      -- 4         83.0    576.2679    520.2310  147.458  1.102E+01  1.298E+02  1.350E-01  1.333E-01  6.906E+03  1.702E-02
6      -- 5        116.2    691.4731    433.5562  140.834  1.343E+01  1.216E+02  1.261E-01  1.350E-01  6.472E+03  2.756E-02
7      -- 6        154.9    806.6518    371.6504  131.737  1.497E+01  1.108E+02  1.084E-01  1.261E-01  5.899E+03  3.988E-02
8      -- 7        199.1    921.7997    325.2252  119.836  1.542E+01  9.721E+01  8.495E-02  1.084E-01  5.174E+03  5.219E-02
9      -- 8        248.9   1036.9124    289.1203  104.900  1.462E+01  8.059E+01  5.908E-02  8.495E-02  4.289E+03  6.159E-02
10     -- 9        304.2   1151.9855    260.2398   87.339  1.250E+01  6.157E+01  3.467E-02  5.908E-02  3.277E+03  6.452E-02
11     -- 10       365.0   1267.0145    236.6133   69.000  9.080E+00  4.225E+01  1.573E-02  3.467E-02  2.249E+03  5.890E-02
12     -- 11       431.3   1381.9951    216.9273   52.779  4.986E+00  2.566E+01  4.866E-03  1.573E-02  1.366E+03  4.643E-02
13     -- 12       503.1   1496.9229    200.2725   44.802  1.708E+00  1.449E+01  1.057E-03  4.866E-03  7.711E+02  3.331E-02
14     -- 13       580.5   1611.7935    185.9993   52.998  3.536E-01  6.889E+00  2.638E-04  1.057E-03  3.666E+02  1.977E-02
15     -- 14       663.4   1726.6025    173.6314   70.076  7.904E-02  2.768E+00  8.645E-05  2.638E-04  1.473E+02  9.765E-03
16     -- 15       751.7   1841.3455    162.8116   80.350  2.470E-02  1.072E+00  3.064E-05  8.645E-05  5.707E+01  4.589E-03
