* Radex version        : 30nov2011
* Geometry             : Uniform sphere
* Molecular data file  : ./data/co.dat                                                                   
* T(kin)            [K]:  155.000
* Density of H2  [cm-3]:  1.259E+02
* Density of pH2 [cm-3]:  3.147E+01
* Density of oH2 [cm-3]:  9.442E+01
* T(background)     [K]:    2.725
* Column density [cm-2]:  1.243E+18
* Line width     [km/s]:   50.000
Calculation finished in   31 iterations
      LINE         E_UP       FREQ        WAVEL     T_EX      TAU        T_R       POP        POP       FLUX        FLUX
                   (K)        (GHz)       (um)      (K)                  (K)        UP        LOW      (K*km/s) (erg/cm2/s)
1      -- 0          5.5    115.2712   2600.7576   11.106  3.598E+00  7.521E+00  4.732E-01  2.596E-01  4.003E+02  7.896E-06
2      -- 1         16.6    230.5380   1300.4037    8.924  7.915E+00  4.311E+00  2.283E-01  4.732E-01  2.295E+02  3.621E-05
3      -- 2         33.2    345.7960    866.9634    7.465  4.310E+00  1.950E+00  3.460E-02  2.283E-01  1.038E+02  5.528E-05
4      -- 3         55.3    461.0408    650.2515    8.501  6.448E-01  8.380E-01  3.295E-03  3.460E-02  4.460E+01  5.629E-05
5      -- 4         83.0    576.2679    520.2310   15.888  5.306E-02  3.039E-01  7.064E-04  3.295E-03  1.618E+01  3.987E-05
6      -- 5        116.2    691.4731    433.5562   23.841  1.015E-02  1.109E-01  2.075E-04  7.064E-04  5.903E+00  2.513E-05
7      -- 6        154.9    806.6518    371.6504   29.592  2.853E-03  4.085E-02  6.472E-05  2.075E-04  2.174E+00  1.470E-05
8      -- 7        199.1    921.7997    325.2252   34.975  8.641E-04  1.503E-02  2.070E-05  6.472E-05  7.998E-01  8.068E-06
9      -- 8        248.9   1036.9124    289.1203   39.923  2.714E-04  5.450E-03  6.653E-06  2.070E-05  2.901E-01  4.165E-06
10     -- 9        304.2   1151.9855    260.2398   44.580  8.611E-05  1.938E-03  2.128E-06  6.653E-06  1.032E-01  2.031E-06
11     -- 10       365.0   1267.0145    236.6133   49.711  2.711E-05  6.874E-04  6.857E-07  2.128E-06  3.659E-02  9.583E-07
12     -- 11       431.3   1381.9951    216.9273   53.647  8.705E-06  2.363E-04  2.165E-07  6.857E-07  1.258E-02  4.276E-07
13     -- 12       503.1   1496.9229    200.2725   60.423  2.671E-06  8.401E-05  7.120E-08  2.165E-07  4.472E-03  1.932E-07
14     -- 13       580.5   1611.7935    185.9993   60.200  9.061E-07  2.681E-05  2.116E-08  7.120E-08  1.427E-03  7.695E-08
15     -- 14       663.4   1726.6025    173.6314   60.420  2.754E-07  7.760E-06  5.739E-09  2.116E-08  4.130E-04  2.738E-08
16     -- 15       751.7   1841.3455    162.8116   67.981  7.219E-08  2.390E-06  1.665E-09  5.739E-09  1.272E-04  1.023E-08
