* Radex version        : 30nov2011
* Geometry             : Uniform sphere
* Molecular data file  : ./data/co.dat                                                                   
* T(kin)            [K]:  130.000
* Density of H2  [cm-3]:  2.512E+03
* Density of pH2 [cm-3]:  6.280E+02
* Density of oH2 [cm-3]:  1.884E+03
* T(background)     [K]:   13.800
* Column density [cm-2]:  3.876E+18
* Line width     [km/s]:   50.000
Calculation finished in   32 iterations
      LINE         E_UP       FREQ        WAVEL     T_EX      TAU        T_R       POP        POP       FLUX        FLUX
                   (K)        (GHz)       (um)      (K)                  (K)        UP        LOW      (K*km/s) (erg/cm2/s)
1      -- 0          5.5    115.2712   2600.7576  583.063  6.267E-02  3.457E+01  1.791E-01  6.025E-02  1.840E+03  3.629E-05
2      -- 1         16.6    230.5380   1300.4037   53.369  2.460E+00  3.569E+01  2.425E-01  1.791E-01  1.900E+03  2.998E-04
3      -- 2         33.2    345.7960    866.9634   44.812  4.955E+00  2.969E+01  2.345E-01  2.425E-01  1.580E+03  8.414E-04
4      -- 3         55.3    461.0408    650.2515   37.892  6.507E+00  2.229E+01  1.681E-01  2.345E-01  1.186E+03  1.497E-03
5      -- 4         83.0    576.2679    520.2310   30.678  6.080E+00  1.456E+01  8.342E-02  1.681E-01  7.748E+02  1.910E-03
6      -- 5        116.2    691.4731    433.5562   24.627  3.682E+00  8.148E+00  2.562E-02  8.342E-02  4.337E+02  1.847E-03
7      -- 6        154.9    806.6518    371.6504   22.137  1.243E+00  4.028E+00  5.143E-03  2.562E-02  2.144E+02  1.449E-03
8      -- 7        199.1    921.7997    325.2252   25.375  2.461E-01  1.638E+00  1.019E-03  5.143E-03  8.720E+01  8.796E-04
9      -- 8        248.9   1036.9124    289.1203   33.422  4.529E-02  5.805E-01  2.571E-04  1.019E-03  3.090E+01  4.436E-04
10     -- 9        304.2   1151.9855    260.2398   40.885  1.082E-02  1.966E-01  7.349E-05  2.571E-04  1.046E+01  2.060E-04
11     -- 10       365.0   1267.0145    236.6133   46.044  3.032E-03  6.478E-02  2.149E-05  7.349E-05  3.448E+00  9.031E-05
12     -- 11       431.3   1381.9951    216.9273   50.656  8.750E-04  2.098E-02  6.307E-06  2.149E-05  1.116E+00  3.795E-05
13     -- 12       503.1   1496.9229    200.2725   55.623  2.529E-04  6.785E-03  1.872E-06  6.307E-06  3.611E-01  1.560E-05
14     -- 13       580.5   1611.7935    185.9993   57.228  7.610E-05  2.034E-03  5.204E-07  1.872E-06  1.082E-01  5.837E-06
15     -- 14       663.4   1726.6025    173.6314   58.136  2.149E-05  5.593E-04  1.337E-07  5.204E-07  2.977E-02  1.973E-06
16     -- 15       751.7   1841.3455    162.8116   63.353  5.423E-06  1.571E-04  3.529E-08  1.337E-07  8.363E-03  6.724E-07
