* Radex version        : 30nov2011
* Geometry             : Uniform sphere
* Molecular data file  : ./data/co.dat                                                                   
* T(kin)            [K]:  130.000
* Density of H2  [cm-3]:  1.000E+02
* Density of pH2 [cm-3]:  2.500E+01
* Density of oH2 [cm-3]:  7.500E+01
* T(background)     [K]:    2.725
* Column density [cm-2]:  9.875E+17
* Line width     [km/s]:   50.000
Calculation finished in   32 iterations
      LINE         E_UP       FREQ        WAVEL     T_EX      TAU        T_R       POP        POP       FLUX        FLUX
                   (K)        (GHz)       (um)      (K)                  (K)        UP        LOW      (K*km/s) (erg/cm2/s)
1      -- 0          5.5    115.2712   2600.7576    8.825  4.028E+00  5.412E+00  4.940E-01  3.082E-01  2.880E+02  5.682E-06
2      -- 1         16.6    230.5380   1300.4037    7.207  7.247E+00  2.841E+00  1.773E-01  4.940E-01  1.512E+02  2.386E-05
3      -- 2         33.2    345.7960    866.9634    6.322  2.766E+00  1.179E+00  1.798E-02  1.773E-01  6.276E+01  3.342E-05
4      -- 3         55.3    461.0408    650.2515    8.758  2.645E-01  4.453E-01  1.849E-03  1.798E-02  2.370E+01  2.991E-05
5      -- 4         83.0    576.2679    520.2310   16.455  2.333E-02  1.460E-01  4.208E-04  1.849E-03  7.768E+00  1.914E-05
6      -- 5        116.2    691.4731    433.5562   22.923  4.890E-03  4.976E-02  1.169E-04  4.208E-04  2.648E+00  1.128E-05
7      -- 6        154.9    806.6518    371.6504   27.916  1.312E-03  1.691E-02  3.371E-05  1.169E-04  9.001E-01  6.084E-06
8      -- 7        199.1    921.7997    325.2252   32.841  3.686E-04  5.728E-03  9.932E-06  3.371E-05  3.049E-01  3.075E-06
9      -- 8        248.9   1036.9124    289.1203   37.001  1.073E-04  1.882E-03  2.892E-06  9.932E-06  1.002E-01  1.438E-06
10     -- 9        304.2   1151.9855    260.2398   41.225  3.090E-05  6.051E-04  8.361E-07  2.892E-06  3.221E-02  6.341E-07
11     -- 10       365.0   1267.0145    236.6133   45.592  8.832E-06  1.921E-04  2.413E-07  8.361E-07  1.023E-02  2.679E-07
12     -- 11       431.3   1381.9951    216.9273   49.224  2.538E-06  5.912E-05  6.817E-08  2.413E-07  3.146E-03  1.070E-07
13     -- 12       503.1   1496.9229    200.2725   55.727  6.959E-07  1.901E-05  2.028E-08  6.817E-08  1.012E-03  4.371E-08
14     -- 13       580.5   1611.7935    185.9993   55.449  2.132E-07  5.434E-06  5.399E-09  2.028E-08  2.892E-04  1.560E-08
15     -- 14       663.4   1726.6025    173.6314   55.149  5.816E-08  1.380E-06  1.284E-09  5.399E-09  7.343E-05  4.867E-09
16     -- 15       751.7   1841.3455    162.8116   62.149  1.339E-08  3.761E-07  3.299E-10  1.284E-09  2.002E-05  1.610E-09
