* Radex version        : 30nov2011
* Geometry             : Uniform sphere
* Molecular data file  : ./data/co.dat                                                                   
* T(kin)            [K]:  130.000
* Density of H2  [cm-3]:  5.012E+02
* Density of pH2 [cm-3]:  1.253E+02
* Density of oH2 [cm-3]:  3.759E+02
* T(background)     [K]:   13.800
* Column density [cm-2]:  7.733E+17
* Line width     [km/s]:   50.000
Calculation finished in   26 iterations
      LINE         E_UP       FREQ        WAVEL     T_EX      TAU        T_R       POP        POP       FLUX        FLUX
                   (K)        (GHz)       (um)      (K)                  (K)        UP        LOW      (K*km/s) (erg/cm2/s)
1      -- 0          5.5    115.2712   2600.7576   34.662  4.076E-01  6.947E+00  3.216E-01  1.257E-01  3.697E+02  7.293E-06
2      -- 1         16.6    230.5380   1300.4037   20.198  1.986E+00  5.322E+00  3.099E-01  3.216E-01  2.833E+02  4.470E-05
3      -- 2         33.2    345.7960    866.9634   17.764  2.478E+00  3.310E+00  1.705E-01  3.099E-01  1.762E+02  9.381E-05
4      -- 3         55.3    461.0408    650.2515   16.425  1.579E+00  1.746E+00  5.698E-02  1.705E-01  9.296E+01  1.173E-04
5      -- 4         83.0    576.2679    520.2310   16.178  5.669E-01  7.796E-01  1.260E-02  5.698E-02  4.150E+01  1.023E-04
6      -- 5        116.2    691.4731    433.5562   17.382  1.277E-01  2.974E-01  2.207E-03  1.260E-02  1.583E+01  6.740E-05
7      -- 6        154.9    806.6518    371.6504   21.114  2.173E-02  1.047E-01  4.071E-04  2.207E-03  5.575E+00  3.768E-05
8      -- 7        199.1    921.7997    325.2252   28.050  3.738E-03  3.599E-02  9.530E-05  4.071E-04  1.916E+00  1.932E-05
9      -- 8        248.9   1036.9124    289.1203   35.312  8.243E-04  1.211E-02  2.602E-05  9.530E-05  6.447E-01  9.256E-06
10     -- 9        304.2   1151.9855    260.2398   40.820  2.187E-04  3.982E-03  7.424E-06  2.602E-05  2.120E-01  4.173E-06
11     -- 10       365.0   1267.0145    236.6133   45.435  6.151E-05  1.283E-03  2.133E-06  7.424E-06  6.831E-02  1.789E-06
12     -- 11       431.3   1381.9951    216.9273   49.648  1.749E-05  4.043E-04  6.094E-07  2.133E-06  2.152E-02  7.315E-07
13     -- 12       503.1   1496.9229    200.2725   55.248  4.892E-06  1.297E-04  1.793E-07  6.094E-07  6.902E-03  2.981E-07
14     -- 13       580.5   1611.7935    185.9993   56.157  1.467E-06  3.787E-05  4.858E-08  1.793E-07  2.015E-03  1.087E-07
15     -- 14       663.4   1726.6025    173.6314   56.439  4.056E-07  9.976E-06  1.196E-08  4.858E-08  5.310E-04  3.520E-08
16     -- 15       751.7   1841.3455    162.8116   62.568  9.732E-08  2.755E-06  3.101E-09  1.196E-08  1.466E-04  1.179E-08
