* Radex version        : 30nov2011
* Geometry             : Uniform sphere
* Molecular data file  : ./data/co.dat                                                                   
* T(kin)            [K]:  195.000
* Density of H2  [cm-3]:  7.943E+02
* Density of pH2 [cm-3]:  1.986E+02
* Density of oH2 [cm-3]:  5.957E+02
* T(background)     [K]:   13.800
* Column density [cm-2]:  1.226E+18
* Line width     [km/s]:   50.000
Calculation finished in   28 iterations
      LINE         E_UP       FREQ        WAVEL     T_EX      TAU        T_R       POP        POP       FLUX        FLUX
                   (K)        (GHz)       (um)      (K)                  (K)        UP        LOW      (K*km/s) (erg/cm2/s)
1      -- 0          5.5    115.2712   2600.7576  104.875  1.693E-01  1.416E+01  2.692E-01  9.459E-02  7.535E+02  1.486E-05
2      -- 1         16.6    230.5380   1300.4037   28.365  2.017E+00  1.230E+01  3.037E-01  2.692E-01  6.549E+02  1.033E-04
3      -- 2         33.2    345.7960    866.9634   23.434  3.217E+00  8.621E+00  2.094E-01  3.037E-01  4.588E+02  2.443E-04
4      -- 3         55.3    461.0408    650.2515   20.283  2.760E+00  5.263E+00  9.046E-02  2.094E-01  2.801E+02  3.535E-04
5      -- 4         83.0    576.2679    520.2310   18.707  1.344E+00  2.854E+00  2.521E-02  9.046E-02  1.519E+02  3.743E-04
6      -- 5        116.2    691.4731    433.5562   19.667  3.874E-01  1.362E+00  5.511E-03  2.521E-02  7.247E+01  3.086E-04
7      -- 6        154.9    806.6518    371.6504   24.354  8.147E-02  5.813E-01  1.297E-03  5.511E-03  3.094E+01  2.091E-04
8      -- 7        199.1    921.7997    325.2252   33.012  1.756E-02  2.406E-01  3.849E-04  1.297E-03  1.281E+01  1.292E-04
9      -- 8        248.9   1036.9124    289.1203   41.769  4.862E-03  9.858E-02  1.307E-04  3.849E-04  5.247E+00  7.533E-05
10     -- 9        304.2   1151.9855    260.2398   48.816  1.591E-03  4.014E-02  4.655E-05  1.307E-04  2.137E+00  4.207E-05
11     -- 10       365.0   1267.0145    236.6133   55.092  5.538E-04  1.629E-02  1.691E-05  4.655E-05  8.669E-01  2.271E-05
12     -- 11       431.3   1381.9951    216.9273   60.776  1.981E-04  6.532E-03  6.170E-06  1.691E-05  3.477E-01  1.182E-05
13     -- 12       503.1   1496.9229    200.2725   67.366  7.076E-05  2.640E-03  2.294E-06  6.170E-06  1.405E-01  6.071E-06
14     -- 13       580.5   1611.7935    185.9993   68.431  2.694E-05  9.861E-04  7.956E-07  2.294E-06  5.249E-02  2.830E-06
15     -- 14       663.4   1726.6025    173.6314   69.647  9.518E-06  3.430E-04  2.588E-07  7.956E-07  1.826E-02  1.210E-06
16     -- 15       751.7   1841.3455    162.8116   77.534  3.001E-06  1.243E-04  8.812E-08  2.588E-07  6.615E-03  5.318E-07
