* Radex version        : 30nov2011
* Geometry             : Uniform sphere
* Molecular data file  : ./data/co.dat                                                                   
* T(kin)            [K]:  110.000
* Density of H2  [cm-3]:  3.981E+02
* Density of pH2 [cm-3]:  9.953E+01
* Density of oH2 [cm-3]:  2.986E+02
* T(background)     [K]:   13.800
* Column density [cm-2]:  6.143E+17
* Line width     [km/s]:   50.000
Calculation finished in   25 iterations
      LINE         E_UP       FREQ        WAVEL     T_EX      TAU        T_R       POP        POP       FLUX        FLUX
                   (K)        (GHz)       (um)      (K)                  (K)        UP        LOW      (K*km/s) (erg/cm2/s)
1      -- 0          5.5    115.2712   2600.7576   26.745  4.533E-01  4.685E+00  3.390E-01  1.390E-01  2.494E+02  4.919E-06
2      -- 1         16.6    230.5380   1300.4037   18.076  1.805E+00  3.430E+00  3.064E-01  3.390E-01  1.825E+02  2.880E-05
3      -- 2         33.2    345.7960    866.9634   16.376  2.041E+00  2.027E+00  1.557E-01  3.064E-01  1.079E+02  5.745E-05
4      -- 3         55.3    461.0408    650.2515   15.544  1.175E+00  1.000E+00  4.821E-02  1.557E-01  5.323E+01  6.718E-05
5      -- 4         83.0    576.2679    520.2310   15.499  3.871E-01  4.082E-01  9.893E-03  4.821E-02  2.173E+01  5.354E-05
6      -- 5        116.2    691.4731    433.5562   16.497  8.100E-02  1.424E-01  1.564E-03  9.893E-03  7.582E+00  3.228E-05
7      -- 6        154.9    806.6518    371.6504   19.538  1.255E-02  4.612E-02  2.488E-04  1.564E-03  2.455E+00  1.659E-05
8      -- 7        199.1    921.7997    325.2252   25.643  1.879E-03  1.450E-02  5.023E-05  2.488E-04  7.715E-01  7.782E-06
9      -- 8        248.9   1036.9124    289.1203   32.526  3.578E-04  4.423E-03  1.216E-05  5.023E-05  2.354E-01  3.380E-06
10     -- 9        304.2   1151.9855    260.2398   37.611  8.424E-05  1.304E-03  3.089E-06  1.216E-05  6.942E-02  1.367E-06
11     -- 10       365.0   1267.0145    236.6133   41.687  2.115E-05  3.738E-04  7.868E-07  3.089E-06  1.990E-02  5.212E-07
12     -- 11       431.3   1381.9951    216.9273   45.413  5.341E-06  1.042E-04  1.985E-07  7.868E-07  5.544E-03  1.885E-07
13     -- 12       503.1   1496.9229    200.2725   50.659  1.319E-06  2.975E-05  5.192E-08  1.985E-07  1.583E-03  6.840E-08
14     -- 13       580.5   1611.7935    185.9993   51.487  3.509E-07  7.671E-06  1.241E-08  5.192E-08  4.083E-04  2.202E-08
15     -- 14       663.4   1726.6025    173.6314   51.305  8.571E-08  1.745E-06  2.639E-09  1.241E-08  9.290E-05  6.158E-09
16     -- 15       751.7   1841.3455    162.8116   56.932  1.777E-08  4.194E-07  5.949E-10  2.639E-09  2.232E-05  1.795E-09
