* Radex version        : 30nov2011
* Geometry             : Uniform sphere
* Molecular data file  : ./data/co.dat                                                                   
* T(kin)            [K]:  100.000
* Density of H2  [cm-3]:  1.259E+03
* Density of pH2 [cm-3]:  3.147E+02
* Density of oH2 [cm-3]:  9.442E+02
* T(background)     [K]:   13.800
* Column density [cm-2]:  1.943E+18
* Line width     [km/s]:   50.000
Calculation finished in   29 iterations
      LINE         E_UP       FREQ        WAVEL     T_EX      TAU        T_R       POP        POP       FLUX        FLUX
                   (K)        (GHz)       (um)      (K)                  (K)        UP        LOW      (K*km/s) (erg/cm2/s)
1      -- 0          5.5    115.2712   2600.7576   72.767  3.702E-01  1.820E+01  2.547E-01  9.160E-02  9.685E+02  1.910E-05
2      -- 1         16.6    230.5380   1300.4037   30.982  2.813E+00  1.577E+01  2.970E-01  2.547E-01  8.395E+02  1.325E-04
3      -- 2         33.2    345.7960    866.9634   26.012  4.634E+00  1.135E+01  2.197E-01  2.970E-01  6.042E+02  3.218E-04
4      -- 3         55.3    461.0408    650.2515   21.758  4.410E+00  6.880E+00  1.022E-01  2.197E-01  3.662E+02  4.621E-04
5      -- 4         83.0    576.2679    520.2310   18.698  2.407E+00  3.505E+00  2.845E-02  1.022E-01  1.866E+02  4.598E-04
6      -- 5        116.2    691.4731    433.5562   17.981  7.160E-01  1.498E+00  5.310E-03  2.845E-02  7.974E+01  3.395E-04
7      -- 6        154.9    806.6518    371.6504   20.118  1.335E-01  5.154E-01  8.943E-04  5.310E-03  2.743E+01  1.854E-04
8      -- 7        199.1    921.7997    325.2252   25.321  2.146E-02  1.586E-01  1.766E-04  8.943E-04  8.441E+00  8.515E-05
9      -- 8        248.9   1036.9124    289.1203   31.547  4.030E-03  4.650E-02  4.077E-05  1.766E-04  2.475E+00  3.553E-05
10     -- 9        304.2   1151.9855    260.2398   36.282  9.074E-04  1.304E-02  9.817E-06  4.077E-05  6.940E-01  1.366E-05
11     -- 10       365.0   1267.0145    236.6133   40.027  2.163E-04  3.524E-03  2.354E-06  9.817E-06  1.875E-01  4.913E-06
12     -- 11       431.3   1381.9951    216.9273   43.511  5.147E-05  9.222E-04  5.571E-07  2.354E-06  4.908E-02  1.668E-06
13     -- 12       503.1   1496.9229    200.2725   48.067  1.198E-05  2.441E-04  1.350E-07  5.571E-07  1.299E-02  5.612E-07
14     -- 13       580.5   1611.7935    185.9993   49.152  2.942E-06  5.865E-05  3.005E-08  1.350E-07  3.122E-03  1.683E-07
15     -- 14       663.4   1726.6025    173.6314   49.077  6.676E-07  1.240E-05  5.936E-09  3.005E-08  6.602E-04  4.376E-08
16     -- 15       751.7   1841.3455    162.8116   53.912  1.293E-07  2.733E-06  1.227E-09  5.936E-09  1.455E-04  1.169E-08
