* Radex version        : 30nov2011
* Geometry             : Uniform sphere
* Molecular data file  : ./data/co.dat                                                                   
* T(kin)            [K]:  120.000
* Density of H2  [cm-3]:  1.259E+04
* Density of pH2 [cm-3]:  3.147E+03
* Density of oH2 [cm-3]:  9.442E+03
* T(background)     [K]:   13.800
* Column density [cm-2]:  1.943E+19
* Line width     [km/s]:   50.000
Calculation finished in   36 iterations
      LINE         E_UP       FREQ        WAVEL     T_EX      TAU        T_R       POP        POP       FLUX        FLUX
                   (K)        (GHz)       (um)      (K)                  (K)        UP        LOW      (K*km/s) (erg/cm2/s)
1      -- 0          5.5    115.2712   2600.7576  171.786  5.588E-01  6.757E+01  9.280E-02  3.195E-02  3.596E+03  7.094E-05
2      -- 1         16.6    230.5380   1300.4037  101.920  3.511E+00  8.488E+01  1.388E-01  9.280E-02  4.517E+03  7.128E-04
3      -- 2         33.2    345.7960    866.9634   97.990  7.151E+00  8.273E+01  1.640E-01  1.388E-01  4.404E+03  2.345E-03
4      -- 3         55.3    461.0408    650.2515   94.330  1.078E+01  7.812E+01  1.668E-01  1.640E-01  4.158E+03  5.248E-03
5      -- 4         83.0    576.2679    520.2310   88.981  1.359E+01  7.156E+01  1.494E-01  1.668E-01  3.809E+03  9.387E-03
6      -- 5        116.2    691.4731    433.5562   81.288  1.496E+01  6.253E+01  1.174E-01  1.494E-01  3.328E+03  1.417E-02
7      -- 6        154.9    806.6518    371.6504   70.898  1.453E+01  5.080E+01  7.844E-02  1.174E-01  2.704E+03  1.828E-02
8      -- 7        199.1    921.7997    325.2252   58.079  1.215E+01  3.687E+01  4.150E-02  7.844E-02  1.962E+03  1.980E-02
9      -- 8        248.9   1036.9124    289.1203   44.481  8.034E+00  2.275E+01  1.515E-02  4.150E-02  1.211E+03  1.738E-02
10     -- 9        304.2   1151.9855    260.2398   33.632  3.479E+00  1.184E+01  3.236E-03  1.515E-02  6.302E+02  1.241E-02
11     -- 10       365.0   1267.0145    236.6133   31.895  7.773E-01  5.329E+00  5.267E-04  3.236E-03  2.836E+02  7.430E-03
12     -- 11       431.3   1381.9951    216.9273   42.454  1.164E-01  1.873E+00  1.200E-04  5.267E-04  9.968E+01  3.388E-03
13     -- 12       503.1   1496.9229    200.2725   52.813  2.473E-02  5.960E-01  3.326E-05  1.200E-04  3.172E+01  1.370E-03
14     -- 13       580.5   1611.7935    185.9993   56.545  6.816E-03  1.775E-01  9.096E-06  3.326E-05  9.449E+00  5.096E-04
15     -- 14       663.4   1726.6025    173.6314   58.319  1.880E-03  4.918E-02  2.348E-06  9.096E-06  2.618E+00  1.735E-04
16     -- 15       751.7   1841.3455    162.8116   62.222  4.812E-04  1.348E-02  6.041E-07  2.348E-06  7.173E-01  5.767E-05
