* Radex version        : 30nov2011
* Geometry             : Uniform sphere
* Molecular data file  : ./data/co.dat                                                                   
* T(kin)            [K]:  170.000
* Density of H2  [cm-3]:  3.162E+06
* Density of pH2 [cm-3]:  7.906E+05
* Density of oH2 [cm-3]:  2.372E+06
* T(background)     [K]:   13.800
* Column density [cm-2]:  4.879E+21
* Line width     [km/s]:   50.000
Calculation finished in   31 iterations
      LINE         E_UP       FREQ        WAVEL     T_EX      TAU        T_R       POP        POP       FLUX        FLUX
                   (K)        (GHz)       (um)      (K)                  (K)        UP        LOW      (K*km/s) (erg/cm2/s)
1      -- 0          5.5    115.2712   2600.7576  169.998  7.183E+01  1.560E+02  4.698E-02  1.618E-02  8.305E+03  1.638E-04
2      -- 1         16.6    230.5380   1300.4037  169.998  2.735E+02  1.555E+02  7.337E-02  4.698E-02  8.278E+03  1.306E-03
3      -- 2         33.2    345.7960    866.9634  169.998  5.670E+02  1.547E+02  9.316E-02  7.337E-02  8.234E+03  4.385E-03
4      -- 3         55.3    461.0408    650.2515  169.998  8.981E+02  1.536E+02  1.052E-01  9.316E-02  8.175E+03  1.032E-02
5      -- 4         83.0    576.2679    520.2310  169.998  1.210E+03  1.522E+02  1.092E-01  1.052E-01  8.103E+03  1.997E-02
6      -- 5        116.2    691.4731    433.5562  169.997  1.454E+03  1.507E+02  1.062E-01  1.092E-01  8.018E+03  3.414E-02
7      -- 6        154.9    806.6518    371.6504  169.996  1.599E+03  1.489E+02  9.758E-02  1.062E-01  7.924E+03  5.356E-02
8      -- 7        199.1    921.7997    325.2252  169.995  1.632E+03  1.470E+02  8.525E-02  9.758E-02  7.822E+03  7.890E-02
9      -- 8        248.9   1036.9124    289.1203  169.994  1.563E+03  1.449E+02  7.110E-02  8.525E-02  7.714E+03  1.108E-01
10     -- 9        304.2   1151.9855    260.2398  169.992  1.411E+03  1.428E+02  5.677E-02  7.110E-02  7.602E+03  1.497E-01
11     -- 10       365.0   1267.0145    236.6133  169.988  1.210E+03  1.406E+02  4.348E-02  5.677E-02  7.486E+03  1.961E-01
12     -- 11       431.3   1381.9951    216.9273  169.983  9.863E+02  1.384E+02  3.199E-02  4.348E-02  7.368E+03  2.504E-01
13     -- 12       503.1   1496.9229    200.2725  169.975  7.677E+02  1.362E+02  2.264E-02  3.199E-02  7.248E+03  3.131E-01
14     -- 13       580.5   1611.7935    185.9993  169.960  5.716E+02  1.339E+02  1.543E-02  2.264E-02  7.128E+03  3.844E-01
15     -- 14       663.4   1726.6025    173.6314  169.936  4.075E+02  1.317E+02  1.013E-02  1.543E-02  7.007E+03  4.645E-01
16     -- 15       751.7   1841.3455    162.8116  169.891  2.787E+02  1.294E+02  6.408E-03  1.013E-02  6.886E+03  5.536E-01
