* Radex version        : 30nov2011
* Geometry             : Uniform sphere
* Molecular data file  : ./data/co.dat                                                                   
* T(kin)            [K]:  160.000
* Density of H2  [cm-3]:  3.981E+05
* Density of pH2 [cm-3]:  9.953E+04
* Density of oH2 [cm-3]:  2.986E+05
* T(background)     [K]:   13.800
* Column density [cm-2]:  6.143E+20
* Line width     [km/s]:   50.000
Calculation finished in   37 iterations
      LINE         E_UP       FREQ        WAVEL     T_EX      TAU        T_R       POP        POP       FLUX        FLUX
                   (K)        (GHz)       (um)      (K)                  (K)        UP        LOW      (K*km/s) (erg/cm2/s)
1      -- 0          5.5    115.2712   2600.7576  159.920  1.024E+01  1.459E+02  5.000E-02  1.725E-02  7.768E+03  1.532E-04
2      -- 1         16.6    230.5380   1300.4037  159.901  3.887E+01  1.454E+02  7.776E-02  5.000E-02  7.741E+03  1.221E-03
3      -- 2         33.2    345.7960    866.9634  159.897  8.019E+01  1.446E+02  9.813E-02  7.776E-02  7.697E+03  4.099E-03
4      -- 3         55.3    461.0408    650.2515  159.885  1.261E+02  1.435E+02  1.099E-01  9.813E-02  7.638E+03  9.640E-03
5      -- 4         83.0    576.2679    520.2310  159.868  1.684E+02  1.421E+02  1.129E-01  1.099E-01  7.565E+03  1.864E-02
6      -- 5        116.2    691.4731    433.5562  159.842  2.001E+02  1.405E+02  1.085E-01  1.129E-01  7.480E+03  3.185E-02
7      -- 6        154.9    806.6518    371.6504  159.804  2.172E+02  1.387E+02  9.822E-02  1.085E-01  7.384E+03  4.991E-02
8      -- 7        199.1    921.7997    325.2252  159.747  2.184E+02  1.368E+02  8.439E-02  9.822E-02  7.280E+03  7.343E-02
9      -- 8        248.9   1036.9124    289.1203  159.663  2.055E+02  1.347E+02  6.906E-02  8.439E-02  7.168E+03  1.029E-01
10     -- 9        304.2   1151.9855    260.2398  159.523  1.820E+02  1.324E+02  5.397E-02  6.906E-02  7.050E+03  1.388E-01
11     -- 10       365.0   1267.0145    236.6133  159.324  1.528E+02  1.301E+02  4.036E-02  5.397E-02  6.925E+03  1.814E-01
12     -- 11       431.3   1381.9951    216.9273  158.997  1.217E+02  1.276E+02  2.890E-02  4.036E-02  6.791E+03  2.308E-01
13     -- 12       503.1   1496.9229    200.2725  158.466  9.234E+01  1.249E+02  1.984E-02  2.890E-02  6.645E+03  2.871E-01
14     -- 13       580.5   1611.7935    185.9993  157.457  6.694E+01  1.216E+02  1.304E-02  1.984E-02  6.475E+03  3.491E-01
15     -- 14       663.4   1726.6025    173.6314  155.660  4.638E+01  1.177E+02  8.184E-03  1.304E-02  6.264E+03  4.152E-01
16     -- 15       751.7   1841.3455    162.8116  151.929  3.084E+01  1.119E+02  4.870E-03  8.184E-03  5.954E+03  4.787E-01
