* Radex version        : 30nov2011
* Geometry             : Uniform sphere
* Molecular data file  : ./data/co.dat                                                                   
* T(kin)            [K]:  120.000
* Density of H2  [cm-3]:  2.512E+05
* Density of pH2 [cm-3]:  6.280E+04
* Density of oH2 [cm-3]:  1.884E+05
* T(background)     [K]:   13.800
* Column density [cm-2]:  3.876E+20
* Line width     [km/s]:   50.000
Calculation finished in   37 iterations
      LINE         E_UP       FREQ        WAVEL     T_EX      TAU        T_R       POP        POP       FLUX        FLUX
                   (K)        (GHz)       (um)      (K)                  (K)        UP        LOW      (K*km/s) (erg/cm2/s)
1      -- 0          5.5    115.2712   2600.7576  119.915  1.141E+01  1.060E+02  6.584E-02  2.298E-02  5.639E+03  1.112E-04
2      -- 1         16.6    230.5380   1300.4037  119.901  4.259E+01  1.055E+02  1.001E-01  6.584E-02  5.613E+03  8.857E-04
3      -- 2         33.2    345.7960    866.9634  119.894  8.538E+01  1.047E+02  1.220E-01  1.001E-01  5.571E+03  2.966E-03
4      -- 3         55.3    461.0408    650.2515  119.877  1.290E+02  1.036E+02  1.304E-01  1.220E-01  5.513E+03  6.958E-03
5      -- 4         83.0    576.2679    520.2310  119.851  1.636E+02  1.022E+02  1.265E-01  1.304E-01  5.442E+03  1.341E-02
6      -- 5        116.2    691.4731    433.5562  119.810  1.826E+02  1.007E+02  1.134E-01  1.265E-01  5.359E+03  2.282E-02
7      -- 6        154.9    806.6518    371.6504  119.746  1.839E+02  9.894E+01  9.467E-02  1.134E-01  5.266E+03  3.560E-02
8      -- 7        199.1    921.7997    325.2252  119.641  1.697E+02  9.701E+01  7.413E-02  9.467E-02  5.163E+03  5.209E-02
9      -- 8        248.9   1036.9124    289.1203  119.473  1.449E+02  9.492E+01  5.463E-02  7.413E-02  5.052E+03  7.254E-02
10     -- 9        304.2   1151.9855    260.2398  119.164  1.151E+02  9.263E+01  3.796E-02  5.463E-02  4.930E+03  9.706E-02
11     -- 10       365.0   1267.0145    236.6133  118.646  8.569E+01  9.008E+01  2.491E-02  3.796E-02  4.794E+03  1.256E-01
12     -- 11       431.3   1381.9951    216.9273  117.680  5.985E+01  8.707E+01  1.541E-02  2.491E-02  4.634E+03  1.575E-01
13     -- 12       503.1   1496.9229    200.2725  115.693  3.941E+01  8.307E+01  8.943E-03  1.541E-02  4.421E+03  1.910E-01
14     -- 13       580.5   1611.7935    185.9993  111.092  2.460E+01  7.658E+01  4.788E-03  8.943E-03  4.076E+03  2.198E-01
15     -- 14       663.4   1726.6025    173.6314  101.253  1.455E+01  6.521E+01  2.258E-03  4.788E-03  3.471E+03  2.301E-01
16     -- 15       751.7   1841.3455    162.8116   84.871  7.875E+00  4.805E+01  8.484E-04  2.258E-03  2.558E+03  2.056E-01
