* Radex version        : 30nov2011
* Geometry             : Uniform sphere
* Molecular data file  : ./data/co.dat                                                                   
* T(kin)            [K]:  155.000
* Density of H2  [cm-3]:  1.000E+04
* Density of pH2 [cm-3]:  2.500E+03
* Density of oH2 [cm-3]:  7.500E+03
* T(background)     [K]:   13.800
* Column density [cm-2]:  1.543E+19
* Line width     [km/s]:   50.000
Calculation finished in   36 iterations
      LINE         E_UP       FREQ        WAVEL     T_EX      TAU        T_R       POP        POP       FLUX        FLUX
                   (K)        (GHz)       (um)      (K)                  (K)        UP        LOW      (K*km/s) (erg/cm2/s)
1      -- 0          5.5    115.2712   2600.7576  836.842  8.587E-02  6.771E+01  8.858E-02  2.972E-02  3.604E+03  7.109E-05
2      -- 1         16.6    230.5380   1300.4037  120.087  2.278E+00  9.481E+01  1.346E-01  8.858E-02  5.046E+03  7.962E-04
3      -- 2         33.2    345.7960    866.9634  107.805  5.047E+00  9.200E+01  1.616E-01  1.346E-01  4.897E+03  2.607E-03
4      -- 3         55.3    461.0408    650.2515  101.559  7.902E+00  8.529E+01  1.671E-01  1.616E-01  4.540E+03  5.729E-03
5      -- 4         83.0    576.2679    520.2310   93.964  1.033E+01  7.650E+01  1.522E-01  1.671E-01  4.072E+03  1.004E-02
6      -- 5        116.2    691.4731    433.5562   84.092  1.178E+01  6.529E+01  1.212E-01  1.522E-01  3.475E+03  1.480E-02
7      -- 6        154.9    806.6518    371.6504   71.863  1.180E+01  5.174E+01  8.159E-02  1.212E-01  2.754E+03  1.862E-02
8      -- 7        199.1    921.7997    325.2252   58.035  1.005E+01  3.683E+01  4.314E-02  8.159E-02  1.960E+03  1.977E-02
9      -- 8        248.9   1036.9124    289.1203   44.502  6.633E+00  2.274E+01  1.576E-02  4.314E-02  1.211E+03  1.738E-02
10     -- 9        304.2   1151.9855    260.2398   34.864  2.833E+00  1.244E+01  3.567E-03  1.576E-02  6.619E+02  1.303E-02
11     -- 10       365.0   1267.0145    236.6133   35.393  6.560E-01  6.034E+00  7.010E-04  3.567E-03  3.212E+02  8.413E-03
12     -- 11       431.3   1381.9951    216.9273   48.274  1.163E-01  2.407E+00  1.929E-04  7.010E-04  1.281E+02  4.355E-03
13     -- 12       503.1   1496.9229    200.2725   59.925  2.966E-02  8.947E-01  6.281E-05  1.929E-04  4.762E+01  2.057E-03
14     -- 13       580.5   1611.7935    185.9993   64.431  9.586E-03  3.151E-01  2.031E-05  6.281E-05  1.677E+01  9.044E-04
15     -- 14       663.4   1726.6025    173.6314   67.013  3.119E-03  1.050E-01  6.303E-06  2.031E-05  5.587E+00  3.704E-04
16     -- 15       751.7   1841.3455    162.8116   71.844  9.575E-04  3.479E-02  1.961E-06  6.303E-06  1.852E+00  1.489E-04
