* Radex version        : 30nov2011
* Geometry             : Uniform sphere
* Molecular data file  : ./data/co.dat                                                                   
* T(kin)            [K]:  115.000
* Density of H2  [cm-3]:  5.012E+03
* Density of pH2 [cm-3]:  1.253E+03
* Density of oH2 [cm-3]:  3.759E+03
* T(background)     [K]:   13.800
* Column density [cm-2]:  7.733E+18
* Line width     [km/s]:   50.000
Calculation finished in   34 iterations
      LINE         E_UP       FREQ        WAVEL     T_EX      TAU        T_R       POP        POP       FLUX        FLUX
                   (K)        (GHz)       (um)      (K)                  (K)        UP        LOW      (K*km/s) (erg/cm2/s)
1      -- 0          5.5    115.2712   2600.7576  292.246  1.898E-01  4.812E+01  1.356E-01  4.607E-02  2.561E+03  5.052E-05
2      -- 1         16.6    230.5380   1300.4037   73.231  2.784E+00  5.520E+01  1.943E-01  1.356E-01  2.938E+03  4.636E-04
3      -- 2         33.2    345.7960    866.9634   65.313  5.742E+00  5.008E+01  2.110E-01  1.943E-01  2.665E+03  1.419E-03
4      -- 3         55.3    461.0408    650.2515   58.545  8.314E+00  4.259E+01  1.859E-01  2.110E-01  2.267E+03  2.861E-03
5      -- 4         83.0    576.2679    520.2310   50.110  9.579E+00  3.324E+01  1.309E-01  1.859E-01  1.769E+03  4.360E-03
6      -- 5        116.2    691.4731    433.5562   40.423  8.719E+00  2.278E+01  6.805E-02  1.309E-01  1.212E+03  5.162E-03
7      -- 6        154.9    806.6518    371.6504   31.139  5.673E+00  1.316E+01  2.265E-02  6.805E-02  7.002E+02  4.733E-03
8      -- 7        199.1    921.7997    325.2252   25.292  2.165E+00  6.591E+00  4.464E-03  2.265E-02  3.508E+02  3.539E-03
9      -- 8        248.9   1036.9124    289.1203   26.806  4.311E-01  2.740E+00  7.794E-04  4.464E-03  1.459E+02  2.094E-03
10     -- 9        304.2   1151.9855    260.2398   35.336  6.983E-02  9.172E-01  1.802E-04  7.794E-04  4.882E+01  9.612E-04
11     -- 10       365.0   1267.0145    236.6133   43.012  1.532E-02  2.856E-01  4.801E-05  1.802E-04  1.520E+01  3.982E-04
12     -- 11       431.3   1381.9951    216.9273   48.049  3.999E-03  8.676E-02  1.312E-05  4.801E-05  4.618E+00  1.570E-04
13     -- 12       503.1   1496.9229    200.2725   52.476  1.080E-03  2.602E-02  3.605E-06  1.312E-05  1.385E+00  5.982E-05
14     -- 13       580.5   1611.7935    185.9993   54.320  2.995E-04  7.260E-03  9.321E-07  3.605E-06  3.864E-01  2.084E-05
15     -- 14       663.4   1726.6025    173.6314   55.218  7.858E-05  1.853E-03  2.222E-07  9.321E-07  9.860E-02  6.536E-06
16     -- 15       751.7   1841.3455    162.8116   59.572  1.848E-05  4.764E-04  5.366E-08  2.222E-07  2.536E-02  2.039E-06
