* Radex version        : 30nov2011
* Geometry             : Uniform sphere
* Molecular data file  : ./data/co.dat                                                                   
* T(kin)            [K]:  180.000
* Density of H2  [cm-3]:  1.259E+04
* Density of pH2 [cm-3]:  3.147E+03
* Density of oH2 [cm-3]:  9.442E+03
* T(background)     [K]:   13.800
* Column density [cm-2]:  1.943E+19
* Line width     [km/s]:   50.000
Calculation finished in   37 iterations
      LINE         E_UP       FREQ        WAVEL     T_EX      TAU        T_R       POP        POP       FLUX        FLUX
                   (K)        (GHz)       (um)      (K)                  (K)        UP        LOW      (K*km/s) (erg/cm2/s)
1      -- 0          5.5    115.2712   2600.7576  2.600E+03  2.928E-02  7.462E+01  7.471E-02  2.496E-02  3.972E+03  7.835E-05
2      -- 1         16.6    230.5380   1300.4037  147.584  1.985E+00  1.148E+02  1.155E-01  7.471E-02  6.112E+03  9.643E-04
3      -- 2         33.2    345.7960    866.9634  130.400  4.567E+00  1.140E+02  1.424E-01  1.155E-01  6.065E+03  3.230E-03
4      -- 3         55.3    461.0408    650.2515  123.909  7.323E+00  1.075E+02  1.532E-01  1.424E-01  5.723E+03  7.223E-03
5      -- 4         83.0    576.2679    520.2310  116.721  9.858E+00  9.913E+01  1.477E-01  1.532E-01  5.276E+03  1.300E-02
6      -- 5        116.2    691.4731    433.5562  107.411  1.173E+01  8.838E+01  1.282E-01  1.477E-01  4.704E+03  2.003E-02
7      -- 6        154.9    806.6518    371.6504   95.476  1.257E+01  7.493E+01  9.858E-02  1.282E-01  3.988E+03  2.696E-02
8      -- 7        199.1    921.7997    325.2252   81.153  1.204E+01  5.916E+01  6.477E-02  9.858E-02  3.149E+03  3.176E-02
9      -- 8        248.9   1036.9124    289.1203   65.326  9.929E+00  4.218E+01  3.380E-02  6.477E-02  2.245E+03  3.223E-02
10     -- 9        304.2   1151.9855    260.2398   50.121  6.426E+00  2.639E+01  1.240E-02  3.380E-02  1.405E+03  2.766E-02
11     -- 10       365.0   1267.0145    236.6133   39.676  2.742E+00  1.497E+01  2.932E-03  1.240E-02  7.967E+02  2.087E-02
12     -- 11       431.3   1381.9951    216.9273   41.120  6.563E-01  7.681E+00  6.351E-04  2.932E-03  4.088E+02  1.390E-02
13     -- 12       503.1   1496.9229    200.2725   56.620  1.265E-01  3.293E+00  1.929E-04  6.351E-04  1.753E+02  7.571E-03
14     -- 13       580.5   1611.7935    185.9993   68.012  3.602E-02  1.282E+00  6.643E-05  1.929E-04  6.821E+01  3.678E-03
15     -- 14       663.4   1726.6025    173.6314   72.892  1.230E-02  4.759E-01  2.278E-05  6.643E-05  2.533E+01  1.679E-03
16     -- 15       751.7   1841.3455    162.8116   78.364  4.163E-03  1.752E-01  7.852E-06  2.278E-05  9.323E+00  7.496E-04
