* Radex version        : 30nov2011
* Geometry             : Uniform sphere
* Molecular data file  : ./data/co.dat                                                                   
* T(kin)            [K]:  190.000
* Density of H2  [cm-3]:  1.585E+02
* Density of pH2 [cm-3]:  3.962E+01
* Density of oH2 [cm-3]:  1.189E+02
* T(background)     [K]:   13.800
* Column density [cm-2]:  2.445E+17
* Line width     [km/s]:   50.000
Calculation finished in   20 iterations
      LINE         E_UP       FREQ        WAVEL     T_EX      TAU        T_R       POP        POP       FLUX        FLUX
                   (K)        (GHz)       (um)      (K)                  (K)        UP        LOW      (K*km/s) (erg/cm2/s)
1      -- 0          5.5    115.2712   2600.7576   19.500  2.743E-01  1.354E+00  3.610E-01  1.598E-01  7.208E+01  1.422E-06
2      -- 1         16.6    230.5380   1300.4037   15.561  8.504E-01  9.618E-01  2.955E-01  3.610E-01  5.119E+01  8.077E-06
3      -- 2         33.2    345.7960    866.9634   14.892  8.267E-01  5.499E-01  1.357E-01  2.955E-01  2.927E+01  1.558E-05
4      -- 3         55.3    461.0408    650.2515   14.753  4.174E-01  2.671E-01  3.894E-02  1.357E-01  1.421E+01  1.794E-05
5      -- 4         83.0    576.2679    520.2310   15.099  1.256E-01  1.139E-01  7.622E-03  3.894E-02  6.065E+00  1.495E-05
6      -- 5        116.2    691.4731    433.5562   16.561  2.481E-02  4.601E-02  1.214E-03  7.622E-03  2.449E+00  1.043E-05
7      -- 6        154.9    806.6518    371.6504   21.121  3.780E-03  1.841E-02  2.241E-04  1.214E-03  9.797E-01  6.622E-06
8      -- 7        199.1    921.7997    325.2252   30.712  6.259E-04  7.420E-03  6.015E-05  2.241E-04  3.949E-01  3.984E-06
9      -- 8        248.9   1036.9124    289.1203   40.725  1.536E-04  2.979E-03  1.981E-05  6.015E-05  1.586E-01  2.276E-06
10     -- 9        304.2   1151.9855    260.2398   47.947  4.857E-05  1.189E-03  6.911E-06  1.981E-05  6.327E-02  1.246E-06
11     -- 10       365.0   1267.0145    236.6133   54.190  1.655E-05  4.735E-04  2.465E-06  6.911E-06  2.520E-02  6.602E-07
12     -- 11       431.3   1381.9951    216.9273   59.509  5.828E-06  1.855E-04  8.788E-07  2.465E-06  9.876E-03  3.357E-07
13     -- 12       503.1   1496.9229    200.2725   66.282  2.029E-06  7.372E-05  3.211E-07  8.788E-07  3.924E-03  1.695E-07
14     -- 13       580.5   1611.7935    185.9993   66.823  7.620E-07  2.679E-05  1.084E-07  3.211E-07  1.426E-03  7.690E-08
15     -- 14       663.4   1726.6025    173.6314   67.622  2.626E-07  8.993E-06  3.402E-08  1.084E-07  4.787E-04  3.173E-08
16     -- 15       751.7   1841.3455    162.8116   75.876  7.960E-08  3.179E-06  1.130E-08  3.402E-08  1.692E-04  1.360E-08
