* Radex version        : 30nov2011
* Geometry             : Uniform sphere
* Molecular data file  : ./data/co.dat                                                                   
* T(kin)            [K]:  105.000
* Density of H2  [cm-3]:  7.943E+03
* Density of pH2 [cm-3]:  1.986E+03
* Density of oH2 [cm-3]:  5.957E+03
* T(background)     [K]:   13.800
* Column density [cm-2]:  1.226E+19
* Line width     [km/s]:   50.000
Calculation finished in   35 iterations
      LINE         E_UP       FREQ        WAVEL     T_EX      TAU        T_R       POP        POP       FLUX        FLUX
                   (K)        (GHz)       (um)      (K)                  (K)        UP        LOW      (K*km/s) (erg/cm2/s)
1      -- 0          5.5    115.2712   2600.7576  158.926  4.804E-01  5.530E+01  1.168E-01  4.032E-02  2.943E+03  5.806E-05
2      -- 1         16.6    230.5380   1300.4037   81.701  3.433E+00  6.512E+01  1.700E-01  1.168E-01  3.466E+03  5.469E-04
3      -- 2         33.2    345.7960    866.9634   76.823  6.895E+00  6.163E+01  1.918E-01  1.700E-01  3.280E+03  1.747E-03
4      -- 3         55.3    461.0408    650.2515   71.783  1.010E+01  5.571E+01  1.812E-01  1.918E-01  2.965E+03  3.742E-03
5      -- 4         83.0    576.2679    520.2310   64.703  1.213E+01  4.755E+01  1.444E-01  1.812E-01  2.531E+03  6.237E-03
6      -- 5        116.2    691.4731    433.5562   55.333  1.229E+01  3.710E+01  9.370E-02  1.444E-01  1.974E+03  8.407E-03
7      -- 6        154.9    806.6518    371.6504   44.286  1.014E+01  2.522E+01  4.511E-02  9.370E-02  1.342E+03  9.074E-03
8      -- 7        199.1    921.7997    325.2252   33.521  6.062E+00  1.423E+01  1.366E-02  4.511E-02  7.573E+02  7.639E-03
9      -- 8        248.9   1036.9124    289.1203   26.811  2.091E+00  6.861E+00  2.386E-03  1.366E-02  3.652E+02  5.243E-03
10     -- 9        304.2   1151.9855    260.2398   29.078  3.644E-01  2.652E+00  3.939E-04  2.386E-03  1.411E+02  2.779E-03
11     -- 10       365.0   1267.0145    236.6133   38.519  5.565E-02  8.147E-01  8.898E-05  3.939E-04  4.336E+01  1.136E-03
12     -- 11       431.3   1381.9951    216.9273   45.659  1.202E-02  2.355E-01  2.263E-05  8.898E-05  1.254E+01  4.262E-04
13     -- 12       503.1   1496.9229    200.2725   50.241  3.010E-03  6.674E-02  5.849E-06  2.263E-05  3.552E+00  1.534E-04
14     -- 13       580.5   1611.7935    185.9993   51.982  7.854E-04  1.749E-02  1.418E-06  5.849E-06  9.308E-01  5.019E-05
15     -- 14       663.4   1726.6025    173.6314   53.098  1.927E-04  4.205E-03  3.184E-07  1.418E-06  2.238E-01  1.484E-05
16     -- 15       751.7   1841.3455    162.8116   56.660  4.288E-05  1.002E-03  7.126E-08  3.184E-07  5.334E-02  4.289E-06
