* Radex version        : 30nov2011
* Geometry             : Uniform sphere
* Molecular data file  : ./data/co.dat                                                                   
* T(kin)            [K]:  155.000
* Density of H2  [cm-3]:  3.981E+02
* Density of pH2 [cm-3]:  9.953E+01
* Density of oH2 [cm-3]:  2.986E+02
* T(background)     [K]:    2.725
* Column density [cm-2]:  3.931E+18
* Line width     [km/s]:   50.000
Calculation finished in   35 iterations
      LINE         E_UP       FREQ        WAVEL     T_EX      TAU        T_R       POP        POP       FLUX        FLUX
                   (K)        (GHz)       (um)      (K)                  (K)        UP        LOW      (K*km/s) (erg/cm2/s)
1      -- 0          5.5    115.2712   2600.7576   31.905  2.148E+00  2.507E+01  3.047E-01  1.208E-01  1.334E+03  2.632E-05
2      -- 1         16.6    230.5380   1300.4037   23.586  8.491E+00  1.829E+01  3.176E-01  3.047E-01  9.733E+02  1.536E-04
3      -- 2         33.2    345.7960    866.9634   19.569  1.216E+01  1.239E+01  1.904E-01  3.176E-01  6.596E+02  3.512E-04
4      -- 3         55.3    461.0408    650.2515   15.252  9.279E+00  6.767E+00  5.739E-02  1.904E-01  3.602E+02  4.546E-04
5      -- 4         83.0    576.2679    520.2310   12.435  3.161E+00  3.211E+00  7.587E-03  5.739E-02  1.709E+02  4.212E-04
6      -- 5        116.2    691.4731    433.5562   15.540  4.047E-01  1.480E+00  1.060E-03  7.587E-03  7.878E+01  3.354E-04
7      -- 6        154.9    806.6518    371.6504   26.890  4.816E-02  5.655E-01  2.898E-04  1.060E-03  3.010E+01  2.034E-04
8      -- 7        199.1    921.7997    325.2252   34.877  1.225E-02  2.108E-01  9.238E-05  2.898E-04  1.122E+01  1.132E-04
9      -- 8        248.9   1036.9124    289.1203   40.218  3.816E-03  7.746E-02  2.996E-05  9.238E-05  4.123E+00  5.920E-05
10     -- 9        304.2   1151.9855    260.2398   45.194  1.218E-03  2.805E-02  9.742E-06  2.996E-05  1.493E+00  2.939E-05
11     -- 10       365.0   1267.0145    236.6133   50.031  3.913E-04  1.003E-02  3.165E-06  9.742E-06  5.338E-01  1.398E-05
12     -- 11       431.3   1381.9951    216.9273   54.456  1.261E-04  3.513E-03  1.018E-06  3.165E-06  1.870E-01  6.356E-06
13     -- 12       503.1   1496.9229    200.2725   60.493  3.967E-05  1.251E-03  3.352E-07  1.018E-06  6.656E-02  2.875E-06
14     -- 13       580.5   1611.7935    185.9993   61.106  1.339E-05  4.067E-04  1.015E-07  3.352E-07  2.165E-02  1.167E-06
15     -- 14       663.4   1726.6025    173.6314   61.735  4.136E-06  1.212E-04  2.835E-08  1.015E-07  6.452E-03  4.277E-07
16     -- 15       751.7   1841.3455    162.8116   68.615  1.123E-06  3.779E-05  8.325E-09  2.835E-08  2.011E-03  1.617E-07
