* Radex version        : 30nov2011
* Geometry             : Uniform sphere
* Molecular data file  : ./data/co.dat                                                                   
* T(kin)            [K]:  150.000
* Density of H2  [cm-3]:  5.012E+02
* Density of pH2 [cm-3]:  1.253E+02
* Density of oH2 [cm-3]:  3.759E+02
* T(background)     [K]:   13.800
* Column density [cm-2]:  7.733E+17
* Line width     [km/s]:   50.000
Calculation finished in   26 iterations
      LINE         E_UP       FREQ        WAVEL     T_EX      TAU        T_R       POP        POP       FLUX        FLUX
                   (K)        (GHz)       (um)      (K)                  (K)        UP        LOW      (K*km/s) (erg/cm2/s)
1      -- 0          5.5    115.2712   2600.7576   37.941  3.649E-01  7.346E+00  3.174E-01  1.224E-01  3.910E+02  7.712E-06
2      -- 1         16.6    230.5380   1300.4037   20.733  1.922E+00  5.712E+00  3.102E-01  3.174E-01  3.040E+02  4.797E-05
3      -- 2         33.2    345.7960    866.9634   18.122  2.450E+00  3.606E+00  1.738E-01  3.102E-01  1.919E+02  1.022E-04
4      -- 3         55.3    461.0408    650.2515   16.710  1.597E+00  1.951E+00  5.945E-02  1.738E-01  1.038E+02  1.310E-04
5      -- 4         83.0    576.2679    520.2310   16.475  5.874E-01  9.048E-01  1.356E-02  5.945E-02  4.816E+01  1.187E-04
6      -- 5        116.2    691.4731    433.5562   17.883  1.361E-01  3.634E-01  2.505E-03  1.356E-02  1.934E+01  8.236E-05
7      -- 6        154.9    806.6518    371.6504   22.150  2.424E-02  1.359E-01  5.035E-04  2.505E-03  7.231E+00  4.888E-05
8      -- 7        199.1    921.7997    325.2252   29.803  4.505E-03  4.988E-02  1.293E-04  5.035E-04  2.655E+00  2.678E-05
9      -- 8        248.9   1036.9124    289.1203   37.536  1.087E-03  1.804E-02  3.839E-05  1.293E-04  9.603E-01  1.379E-05
10     -- 9        304.2   1151.9855    260.2398   43.490  3.129E-04  6.422E-03  1.190E-05  3.839E-05  3.418E-01  6.730E-06
11     -- 10       365.0   1267.0145    236.6133   48.573  9.543E-05  2.252E-03  3.727E-06  1.190E-05  1.199E-01  3.140E-06
12     -- 11       431.3   1381.9951    216.9273   53.166  2.957E-05  7.740E-04  1.164E-06  3.727E-06  4.120E-02  1.400E-06
13     -- 12       503.1   1496.9229    200.2725   59.096  9.032E-06  2.699E-04  3.726E-07  1.164E-06  1.437E-02  6.206E-07
14     -- 13       580.5   1611.7935    185.9993   60.061  2.953E-06  8.617E-05  1.104E-07  3.726E-07  4.586E-03  2.473E-07
15     -- 14       663.4   1726.6025    173.6314   60.708  8.919E-07  2.517E-05  3.014E-08  1.104E-07  1.339E-03  8.879E-08
16     -- 15       751.7   1841.3455    162.8116   67.315  2.370E-07  7.674E-06  8.632E-09  3.014E-08  4.084E-04  3.284E-08
