* Radex version        : 30nov2011
* Geometry             : Uniform sphere
* Molecular data file  : ./data/co.dat                                                                   
* T(kin)            [K]:  190.000
* Density of H2  [cm-3]:  3.981E+04
* Density of pH2 [cm-3]:  9.953E+03
* Density of oH2 [cm-3]:  2.986E+04
* T(background)     [K]:   13.800
* Column density [cm-2]:  6.143E+19
* Line width     [km/s]:   50.000
Calculation finished in   39 iterations
      LINE         E_UP       FREQ        WAVEL     T_EX      TAU        T_R       POP        POP       FLUX        FLUX
                   (K)        (GHz)       (um)      (K)                  (K)        UP        LOW      (K*km/s) (erg/cm2/s)
1      -- 0          5.5    115.2712   2600.7576  237.938  6.890E-01  1.115E+02  5.034E-02  1.717E-02  5.935E+03  1.171E-04
2      -- 1         16.6    230.5380   1300.4037  179.877  3.492E+00  1.604E+02  7.889E-02  5.034E-02  8.536E+03  1.347E-03
3      -- 2         33.2    345.7960    866.9634  177.102  7.382E+00  1.617E+02  1.006E-01  7.889E-02  8.607E+03  4.583E-03
4      -- 3         55.3    461.0408    650.2515  175.861  1.182E+01  1.595E+02  1.140E-01  1.006E-01  8.487E+03  1.071E-02
5      -- 4         83.0    576.2679    520.2310  174.065  1.616E+01  1.563E+02  1.189E-01  1.140E-01  8.319E+03  2.050E-02
6      -- 5        116.2    691.4731    433.5562  171.503  1.977E+01  1.522E+02  1.158E-01  1.189E-01  8.098E+03  3.448E-02
7      -- 6        154.9    806.6518    371.6504  167.698  2.222E+01  1.466E+02  1.061E-01  1.158E-01  7.802E+03  5.274E-02
8      -- 7        199.1    921.7997    325.2252  162.248  2.326E+01  1.393E+02  9.151E-02  1.061E-01  7.412E+03  7.477E-02
9      -- 8        248.9   1036.9124    289.1203  154.472  2.291E+01  1.295E+02  7.411E-02  9.151E-02  6.894E+03  9.899E-02
10     -- 9        304.2   1151.9855    260.2398  143.451  2.133E+01  1.166E+02  5.571E-02  7.411E-02  6.204E+03  1.221E-01
11     -- 10       365.0   1267.0145    236.6133  129.093  1.867E+01  1.003E+02  3.810E-02  5.571E-02  5.339E+03  1.399E-01
12     -- 11       431.3   1381.9951    216.9273  110.886  1.516E+01  8.046E+01  2.277E-02  3.810E-02  4.283E+03  1.456E-01
13     -- 12       503.1   1496.9229    200.2725   89.891  1.098E+01  5.831E+01  1.106E-02  2.277E-02  3.103E+03  1.341E-01
14     -- 13       580.5   1611.7935    185.9993   68.754  6.492E+00  3.684E+01  3.856E-03  1.106E-02  1.961E+03  1.057E-01
15     -- 14       663.4   1726.6025    173.6314   53.961  2.607E+00  2.087E+01  8.874E-04  3.856E-03  1.111E+03  7.364E-02
16     -- 15       751.7   1841.3455    162.8116   56.355  6.002E-01  1.044E+01  1.969E-04  8.874E-04  5.554E+02  4.466E-02
