* Radex version        : 30nov2011
* Geometry             : Uniform sphere
* Molecular data file  : ./data/co.dat                                                                   
* T(kin)            [K]:  150.000
* Density of H2  [cm-3]:  1.259E+06
* Density of pH2 [cm-3]:  3.147E+05
* Density of oH2 [cm-3]:  9.442E+05
* T(background)     [K]:   13.800
* Column density [cm-2]:  1.943E+21
* Line width     [km/s]:   50.000
Calculation finished in   34 iterations
      LINE         E_UP       FREQ        WAVEL     T_EX      TAU        T_R       POP        POP       FLUX        FLUX
                   (K)        (GHz)       (um)      (K)                  (K)        UP        LOW      (K*km/s) (erg/cm2/s)
1      -- 0          5.5    115.2712   2600.7576  149.992  3.664E+01  1.360E+02  5.300E-02  1.833E-02  7.240E+03  1.428E-04
2      -- 1         16.6    230.5380   1300.4037  149.992  1.386E+02  1.355E+02  8.205E-02  5.300E-02  7.214E+03  1.138E-03
3      -- 2         33.2    345.7960    866.9634  149.991  2.843E+02  1.347E+02  1.028E-01  8.205E-02  7.170E+03  3.818E-03
4      -- 3         55.3    461.0408    650.2515  149.990  4.436E+02  1.336E+02  1.141E-01  1.028E-01  7.112E+03  8.976E-03
5      -- 4         83.0    576.2679    520.2310  149.989  5.862E+02  1.323E+02  1.160E-01  1.141E-01  7.040E+03  1.735E-02
6      -- 5        116.2    691.4731    433.5562  149.987  6.879E+02  1.307E+02  1.098E-01  1.160E-01  6.957E+03  2.962E-02
7      -- 6        154.9    806.6518    371.6504  149.983  7.355E+02  1.290E+02  9.791E-02  1.098E-01  6.864E+03  4.640E-02
8      -- 7        199.1    921.7997    325.2252  149.978  7.269E+02  1.271E+02  8.262E-02  9.791E-02  6.764E+03  6.823E-02
9      -- 8        248.9   1036.9124    289.1203  149.970  6.708E+02  1.251E+02  6.626E-02  8.262E-02  6.657E+03  9.558E-02
10     -- 9        304.2   1151.9855    260.2398  149.956  5.814E+02  1.230E+02  5.065E-02  6.626E-02  6.546E+03  1.289E-01
11     -- 10       365.0   1267.0145    236.6133  149.936  4.764E+02  1.208E+02  3.698E-02  5.065E-02  6.431E+03  1.685E-01
12     -- 11       431.3   1381.9951    216.9273  149.903  3.696E+02  1.186E+02  2.582E-02  3.698E-02  6.314E+03  2.146E-01
13     -- 12       503.1   1496.9229    200.2725  149.848  2.726E+02  1.164E+02  1.727E-02  2.582E-02  6.195E+03  2.676E-01
14     -- 13       580.5   1611.7935    185.9993  149.744  1.915E+02  1.141E+02  1.106E-02  1.727E-02  6.073E+03  3.275E-01
15     -- 14       663.4   1726.6025    173.6314  149.560  1.283E+02  1.117E+02  6.796E-03  1.106E-02  5.947E+03  3.942E-01
16     -- 15       751.7   1841.3455    162.8116  149.194  8.208E+01  1.092E+02  4.001E-03  6.796E-03  5.812E+03  4.673E-01
