* Radex version        : 30nov2011
* Geometry             : Uniform sphere
* Molecular data file  : ./data/co.dat                                                                   
* T(kin)            [K]:  175.000
* Density of H2  [cm-3]:  5.012E+02
* Density of pH2 [cm-3]:  1.253E+02
* Density of oH2 [cm-3]:  3.759E+02
* T(background)     [K]:   13.800
* Column density [cm-2]:  7.733E+17
* Line width     [km/s]:   50.000
Calculation finished in   26 iterations
      LINE         E_UP       FREQ        WAVEL     T_EX      TAU        T_R       POP        POP       FLUX        FLUX
                   (K)        (GHz)       (um)      (K)                  (K)        UP        LOW      (K*km/s) (erg/cm2/s)
1      -- 0          5.5    115.2712   2600.7576   42.366  3.194E-01  7.776E+00  3.126E-01  1.187E-01  4.139E+02  8.164E-06
2      -- 1         16.6    230.5380   1300.4037   21.362  1.850E+00  6.157E+00  3.104E-01  3.126E-01  3.277E+02  5.171E-05
3      -- 2         33.2    345.7960    866.9634   18.542  2.417E+00  3.952E+00  1.775E-01  3.104E-01  2.103E+02  1.120E-04
4      -- 3         55.3    461.0408    650.2515   17.045  1.616E+00  2.193E+00  6.232E-02  1.775E-01  1.167E+02  1.473E-04
5      -- 4         83.0    576.2679    520.2310   16.820  6.108E-01  1.057E+00  1.471E-02  6.232E-02  5.627E+01  1.387E-04
6      -- 5        116.2    691.4731    433.5562   18.457  1.461E-01  4.477E-01  2.880E-03  1.471E-02  2.383E+01  1.015E-04
7      -- 6        154.9    806.6518    371.6504   23.315  2.733E-02  1.777E-01  6.316E-04  2.880E-03  9.461E+00  6.395E-05
8      -- 7        199.1    921.7997    325.2252   31.760  5.493E-03  6.984E-02  1.778E-04  6.316E-04  3.717E+00  3.750E-05
9      -- 8        248.9   1036.9124    289.1203   40.046  1.448E-03  2.719E-02  5.734E-05  1.778E-04  1.447E+00  2.078E-05
10     -- 9        304.2   1151.9855    260.2398   46.580  4.514E-04  1.050E-02  1.934E-05  5.734E-05  5.586E-01  1.100E-05
11     -- 10       365.0   1267.0145    236.6133   52.365  1.492E-04  4.023E-03  6.633E-06  1.934E-05  2.141E-01  5.609E-06
12     -- 11       431.3   1381.9951    216.9273   57.558  5.050E-05  1.519E-03  2.277E-06  6.633E-06  8.085E-02  2.748E-06
13     -- 12       503.1   1496.9229    200.2725   63.953  1.696E-05  5.803E-04  7.998E-07  2.277E-06  3.089E-02  1.334E-06
14     -- 13       580.5   1611.7935    185.9993   64.835  6.099E-06  2.036E-04  2.605E-07  7.998E-07  1.084E-02  5.844E-07
15     -- 14       663.4   1726.6025    173.6314   65.705  2.026E-06  6.595E-05  7.891E-08  2.605E-07  3.510E-03  2.327E-07
16     -- 15       751.7   1841.3455    162.8116   73.225  5.949E-07  2.235E-05  2.513E-08  7.891E-08  1.190E-03  9.565E-08
