* Radex version        : 30nov2011
* Geometry             : Uniform sphere
* Molecular data file  : ./data/co.dat                                                                   
* T(kin)            [K]:  130.000
* Density of H2  [cm-3]:  7.943E+02
* Density of pH2 [cm-3]:  1.986E+02
* Density of oH2 [cm-3]:  5.957E+02
* T(background)     [K]:    2.725
* Column density [cm-2]:  7.844E+18
* Line width     [km/s]:   50.000
Calculation finished in   35 iterations
      LINE         E_UP       FREQ        WAVEL     T_EX      TAU        T_R       POP        POP       FLUX        FLUX
                   (K)        (GHz)       (um)      (K)                  (K)        UP        LOW      (K*km/s) (erg/cm2/s)
1      -- 0          5.5    115.2712   2600.7576   54.724  1.736E+00  4.215E+01  2.197E-01  8.101E-02  2.244E+03  4.426E-05
2      -- 1         16.6    230.5380   1300.4037   38.643  8.122E+00  3.317E+01  2.750E-01  2.197E-01  1.765E+03  2.786E-04
3      -- 2         33.2    345.7960    866.9634   33.912  1.421E+01  2.625E+01  2.360E-01  2.750E-01  1.397E+03  7.440E-04
4      -- 3         55.3    461.0408    650.2515   27.620  1.652E+01  1.801E+01  1.362E-01  2.360E-01  9.587E+02  1.210E-03
5      -- 4         83.0    576.2679    520.2310   21.001  1.228E+01  1.012E+01  4.460E-02  1.362E-01  5.388E+02  1.328E-03
6      -- 5        116.2    691.4731    433.5562   16.005  4.706E+00  4.730E+00  6.627E-03  4.460E-02  2.518E+02  1.072E-03
7      -- 6        154.9    806.6518    371.6504   16.791  7.092E-01  2.178E+00  7.624E-04  6.627E-03  1.159E+02  7.835E-04
8      -- 7        199.1    921.7997    325.2252   28.274  7.077E-02  7.994E-01  1.807E-04  7.624E-04  4.255E+01  4.292E-04
9      -- 8        248.9   1036.9124    289.1203   37.298  1.546E-02  2.729E-01  5.320E-05  1.807E-04  1.452E+01  2.085E-04
10     -- 9        304.2   1151.9855    260.2398   42.136  4.467E-03  9.080E-02  1.583E-05  5.320E-05  4.833E+00  9.515E-05
11     -- 10       365.0   1267.0145    236.6133   46.340  1.318E-03  2.951E-02  4.668E-06  1.583E-05  1.570E+00  4.114E-05
12     -- 11       431.3   1381.9951    216.9273   50.608  3.849E-04  9.423E-03  1.368E-06  4.668E-06  5.016E-01  1.705E-05
13     -- 12       503.1   1496.9229    200.2725   55.617  1.111E-04  3.023E-03  4.061E-07  1.368E-06  1.609E-01  6.950E-06
14     -- 13       580.5   1611.7935    185.9993   56.829  3.352E-05  8.939E-04  1.118E-07  4.061E-07  4.758E-02  2.566E-06
15     -- 14       663.4   1726.6025    173.6314   57.270  9.410E-06  2.399E-04  2.812E-08  1.118E-07  1.277E-02  8.465E-07
16     -- 15       751.7   1841.3455    162.8116   63.039  2.313E-06  6.675E-05  7.369E-09  2.812E-08  3.553E-03  2.856E-07
