* Radex version        : 30nov2011
* Geometry             : Uniform sphere
* Molecular data file  : ./data/co.dat                                                                   
* T(kin)            [K]:  120.000
* Density of H2  [cm-3]:  1.995E+02
* Density of pH2 [cm-3]:  4.988E+01
* Density of oH2 [cm-3]:  1.496E+02
* T(background)     [K]:   13.800
* Column density [cm-2]:  3.079E+17
* Line width     [km/s]:   50.000
Calculation finished in   21 iterations
      LINE         E_UP       FREQ        WAVEL     T_EX      TAU        T_R       POP        POP       FLUX        FLUX
                   (K)        (GHz)       (um)      (K)                  (K)        UP        LOW      (K*km/s) (erg/cm2/s)
1      -- 0          5.5    115.2712   2600.7576   19.365  3.481E-01  1.620E+00  3.609E-01  1.601E-01  8.623E+01  1.701E-06
2      -- 1         16.6    230.5380   1300.4037   15.601  1.069E+00  1.128E+00  2.960E-01  3.609E-01  6.002E+01  9.471E-06
3      -- 2         33.2    345.7960    866.9634   14.881  1.043E+00  6.269E-01  1.359E-01  2.960E-01  3.336E+01  1.777E-05
4      -- 3         55.3    461.0408    650.2515   14.655  5.275E-01  2.877E-01  3.859E-02  1.359E-01  1.531E+01  1.932E-05
5      -- 4         83.0    576.2679    520.2310   14.828  1.577E-01  1.109E-01  7.305E-03  3.859E-02  5.900E+00  1.454E-05
6      -- 5        116.2    691.4731    433.5562   15.726  3.041E-02  3.845E-02  1.046E-03  7.305E-03  2.046E+00  8.713E-06
7      -- 6        154.9    806.6518    371.6504   18.565  4.275E-03  1.280E-02  1.500E-04  1.046E-03  6.814E-01  4.606E-06
8      -- 7        199.1    921.7997    325.2252   25.138  5.723E-04  4.191E-03  2.926E-05  1.500E-04  2.231E-01  2.250E-06
9      -- 8        248.9   1036.9124    289.1203   33.238  1.035E-04  1.341E-03  7.317E-06  2.926E-05  7.136E-02  1.025E-06
10     -- 9        304.2   1151.9855    260.2398   39.034  2.500E-05  4.170E-04  1.962E-06  7.317E-06  2.220E-02  4.370E-07
11     -- 10       365.0   1267.0145    236.6133   43.509  6.604E-06  1.269E-04  5.312E-07  1.962E-06  6.755E-03  1.769E-07
12     -- 11       431.3   1381.9951    216.9273   47.452  1.772E-06  3.761E-05  1.427E-07  5.312E-07  2.002E-03  6.805E-08
13     -- 12       503.1   1496.9229    200.2725   53.048  4.650E-07  1.144E-05  3.978E-08  1.427E-07  6.089E-04  2.630E-08
14     -- 13       580.5   1611.7935    185.9993   53.769  1.322E-07  3.143E-06  1.014E-08  3.978E-08  1.673E-04  9.022E-09
15     -- 14       663.4   1726.6025    173.6314   53.717  3.443E-08  7.688E-07  2.317E-09  1.014E-08  4.092E-05  2.713E-09
16     -- 15       751.7   1841.3455    162.8116   59.766  7.661E-09  1.988E-07  5.623E-10  2.317E-09  1.058E-05  8.506E-10
