* Radex version        : 30nov2011
* Geometry             : Uniform sphere
* Molecular data file  : ./data/co.dat                                                                   
* T(kin)            [K]:  105.000
* Density of H2  [cm-3]:  1.259E+03
* Density of pH2 [cm-3]:  3.147E+02
* Density of oH2 [cm-3]:  9.442E+02
* T(background)     [K]:    2.725
* Column density [cm-2]:  1.243E+19
* Line width     [km/s]:   50.000
Calculation finished in   37 iterations
      LINE         E_UP       FREQ        WAVEL     T_EX      TAU        T_R       POP        POP       FLUX        FLUX
                   (K)        (GHz)       (um)      (K)                  (K)        UP        LOW      (K*km/s) (erg/cm2/s)
1      -- 0          5.5    115.2712   2600.7576   64.905  1.917E+00  5.232E+01  1.829E-01  6.640E-02  2.785E+03  5.493E-05
2      -- 1         16.6    230.5380   1300.4037   48.803  8.733E+00  4.328E+01  2.430E-01  1.829E-01  2.304E+03  3.635E-04
3      -- 2         33.2    345.7960    866.9634   44.447  1.603E+01  3.663E+01  2.342E-01  2.430E-01  1.949E+03  1.038E-03
4      -- 3         55.3    461.0408    650.2515   37.907  2.084E+01  2.791E+01  1.680E-01  2.342E-01  1.485E+03  1.875E-03
5      -- 4         83.0    576.2679    520.2310   29.879  1.980E+01  1.815E+01  8.136E-02  1.680E-01  9.662E+02  2.381E-03
6      -- 5        116.2    691.4731    433.5562   22.028  1.211E+01  9.452E+00  2.132E-02  8.136E-02  5.031E+02  2.142E-03
7      -- 6        154.9    806.6518    371.6504   16.679  3.621E+00  4.101E+00  2.414E-03  2.132E-02  2.183E+02  1.476E-03
8      -- 7        199.1    921.7997    325.2252   19.389  4.033E-01  1.670E+00  2.794E-04  2.414E-03  8.887E+01  8.965E-04
9      -- 8        248.9   1036.9124    289.1203   31.764  4.069E-02  5.234E-01  6.519E-05  2.794E-04  2.786E+01  4.000E-04
10     -- 9        304.2   1151.9855    260.2398   38.261  9.074E-03  1.541E-01  1.699E-05  6.519E-05  8.199E+00  1.614E-04
11     -- 10       365.0   1267.0145    236.6133   41.935  2.348E-03  4.369E-02  4.364E-06  1.699E-05  2.326E+00  6.092E-05
12     -- 11       431.3   1381.9951    216.9273   45.531  5.988E-04  1.206E-02  1.105E-06  4.364E-06  6.420E-01  2.182E-05
13     -- 12       503.1   1496.9229    200.2725   49.853  1.496E-04  3.333E-03  2.825E-07  1.105E-06  1.774E-01  7.663E-06
14     -- 13       580.5   1611.7935    185.9993   50.933  3.882E-05  8.419E-04  6.645E-08  2.825E-07  4.481E-02  2.416E-06
15     -- 14       663.4   1726.6025    173.6314   51.280  9.287E-06  1.908E-04  1.411E-08  6.645E-08  1.016E-02  6.733E-07
16     -- 15       751.7   1841.3455    162.8116   55.822  1.940E-06  4.429E-05  3.085E-09  1.411E-08  2.357E-03  1.895E-07
