* Radex version        : 30nov2011
* Geometry             : Uniform sphere
* Molecular data file  : ./data/co.dat                                                                   
* T(kin)            [K]:  155.000
* Density of H2  [cm-3]:  2.512E+02
* Density of pH2 [cm-3]:  6.280E+01
* Density of oH2 [cm-3]:  1.884E+02
* T(background)     [K]:   13.800
* Column density [cm-2]:  3.876E+17
* Line width     [km/s]:   50.000
Calculation finished in   23 iterations
      LINE         E_UP       FREQ        WAVEL     T_EX      TAU        T_R       POP        POP       FLUX        FLUX
                   (K)        (GHz)       (um)      (K)                  (K)        UP        LOW      (K*km/s) (erg/cm2/s)
1      -- 0          5.5    115.2712   2600.7576   22.829  3.539E-01  2.669E+00  3.515E-01  1.493E-01  1.421E+02  2.802E-06
2      -- 1         16.6    230.5380   1300.4037   16.617  1.254E+00  1.926E+00  3.010E-01  3.515E-01  1.025E+02  1.617E-05
3      -- 2         33.2    345.7960    866.9634   15.511  1.305E+00  1.121E+00  1.446E-01  3.010E-01  5.968E+01  3.178E-05
4      -- 3         55.3    461.0408    650.2515   15.134  6.969E-01  5.525E-01  4.308E-02  1.446E-01  2.941E+01  3.711E-05
5      -- 4         83.0    576.2679    520.2310   15.387  2.188E-01  2.330E-01  8.725E-03  4.308E-02  1.240E+01  3.056E-05
6      -- 5        116.2    691.4731    433.5562   16.786  4.483E-02  8.946E-02  1.428E-03  8.725E-03  4.761E+00  2.027E-05
7      -- 6        154.9    806.6518    371.6504   20.922  7.068E-03  3.330E-02  2.590E-04  1.428E-03  1.772E+00  1.198E-05
8      -- 7        199.1    921.7997    325.2252   29.101  1.174E-03  1.233E-02  6.418E-05  2.590E-04  6.562E-01  6.620E-06
9      -- 8        248.9   1036.9124    289.1203   37.669  2.699E-04  4.514E-03  1.914E-05  6.418E-05  2.402E-01  3.449E-06
10     -- 9        304.2   1151.9855    260.2398   43.956  7.779E-05  1.628E-03  6.015E-06  1.914E-05  8.668E-02  1.706E-06
11     -- 10       365.0   1267.0145    236.6133   49.256  2.400E-05  5.810E-04  1.917E-06  6.015E-06  3.092E-02  8.100E-07
12     -- 11       431.3   1381.9951    216.9273   53.898  7.568E-06  2.030E-04  6.086E-07  1.917E-06  1.081E-02  3.673E-07
13     -- 12       503.1   1496.9229    200.2725   60.077  2.348E-06  7.220E-05  1.988E-07  6.086E-07  3.843E-03  1.660E-07
14     -- 13       580.5   1611.7935    185.9993   60.840  7.847E-07  2.343E-05  5.988E-08  1.988E-07  1.247E-03  6.725E-08
15     -- 14       663.4   1726.6025    173.6314   61.411  2.412E-07  6.950E-06  1.661E-08  5.988E-08  3.699E-04  2.452E-08
16     -- 15       751.7   1841.3455    162.8116   68.398  6.493E-08  2.164E-06  4.856E-09  1.661E-08  1.152E-04  9.260E-09
