* Radex version        : 30nov2011
* Geometry             : Uniform sphere
* Molecular data file  : ./data/co.dat                                                                   
* T(kin)            [K]:  110.000
* Density of H2  [cm-3]:  2.512E+03
* Density of pH2 [cm-3]:  6.280E+02
* Density of oH2 [cm-3]:  1.884E+03
* T(background)     [K]:   13.800
* Column density [cm-2]:  3.876E+18
* Line width     [km/s]:   50.000
Calculation finished in   32 iterations
      LINE         E_UP       FREQ        WAVEL     T_EX      TAU        T_R       POP        POP       FLUX        FLUX
                   (K)        (GHz)       (um)      (K)                  (K)        UP        LOW      (K*km/s) (erg/cm2/s)
1      -- 0          5.5    115.2712   2600.7576  201.135  1.919E-01  3.268E+01  1.875E-01  6.423E-02  1.740E+03  3.431E-05
2      -- 1         16.6    230.5380   1300.4037   49.270  2.767E+00  3.275E+01  2.496E-01  1.875E-01  1.743E+03  2.750E-04
3      -- 2         33.2    345.7960    866.9634   42.037  5.373E+00  2.703E+01  2.354E-01  2.496E-01  1.439E+03  7.661E-04
4      -- 3         55.3    461.0408    650.2515   35.466  6.857E+00  1.995E+01  1.622E-01  2.354E-01  1.062E+03  1.340E-03
5      -- 4         83.0    576.2679    520.2310   28.569  6.125E+00  1.260E+01  7.530E-02  1.622E-01  6.707E+02  1.653E-03
6      -- 5        116.2    691.4731    433.5562   22.975  3.431E+00  6.725E+00  2.099E-02  7.530E-02  3.580E+02  1.524E-03
7      -- 6        154.9    806.6518    371.6504   21.030  1.037E+00  3.104E+00  3.843E-03  2.099E-02  1.652E+02  1.117E-03
8      -- 7        199.1    921.7997    325.2252   24.353  1.867E-01  1.144E+00  7.081E-04  3.843E-03  6.090E+01  6.143E-04
9      -- 8        248.9   1036.9124    289.1203   31.594  3.221E-02  3.677E-01  1.638E-04  7.081E-04  1.957E+01  2.810E-04
10     -- 9        304.2   1151.9855    260.2398   38.011  7.130E-03  1.124E-01  4.228E-05  1.638E-04  5.982E+00  1.178E-04
11     -- 10       365.0   1267.0145    236.6133   42.421  1.812E-03  3.312E-02  1.104E-05  4.228E-05  1.763E+00  4.618E-05
12     -- 11       431.3   1381.9951    216.9273   46.428  4.684E-04  9.533E-03  2.877E-06  1.104E-05  5.074E-01  1.725E-05
13     -- 12       503.1   1496.9229    200.2725   50.891  1.203E-04  2.738E-03  7.573E-07  2.877E-06  1.457E-01  6.295E-06
14     -- 13       580.5   1611.7935    185.9993   52.305  3.207E-05  7.231E-04  1.854E-07  7.573E-07  3.849E-02  2.075E-06
15     -- 14       663.4   1726.6025    173.6314   52.774  7.983E-06  1.721E-04  4.122E-08  1.854E-07  9.160E-03  6.072E-07
16     -- 15       751.7   1841.3455    162.8116   57.472  1.745E-06  4.194E-05  9.429E-09  4.122E-08  2.232E-03  1.795E-07
