* Radex version        : 30nov2011
* Geometry             : Uniform sphere
* Molecular data file  : ./data/co.dat                                                                   
* T(kin)            [K]:  100.000
* Density of H2  [cm-3]:  1.259E+02
* Density of pH2 [cm-3]:  3.147E+01
* Density of oH2 [cm-3]:  9.442E+01
* T(background)     [K]:   13.800
* Column density [cm-2]:  1.943E+17
* Line width     [km/s]:   50.000
Calculation finished in   16 iterations
      LINE         E_UP       FREQ        WAVEL     T_EX      TAU        T_R       POP        POP       FLUX        FLUX
                   (K)        (GHz)       (um)      (K)                  (K)        UP        LOW      (K*km/s) (erg/cm2/s)
1      -- 0          5.5    115.2712   2600.7576   16.625  2.681E-01  6.570E-01  3.691E-01  1.716E-01  3.497E+01  6.898E-07
2      -- 1         16.6    230.5380   1300.4037   14.709  7.175E-01  4.428E-01  2.899E-01  3.691E-01  2.357E+01  3.719E-06
3      -- 2         33.2    345.7960    866.9634   14.345  6.574E-01  2.343E-01  1.276E-01  2.899E-01  1.247E+01  6.640E-06
4      -- 3         55.3    461.0408    650.2515   14.252  3.164E-01  1.000E-01  3.474E-02  1.276E-01  5.323E+00  6.717E-06
5      -- 4         83.0    576.2679    520.2310   14.361  9.056E-02  3.552E-02  6.189E-03  3.474E-02  1.891E+00  4.659E-06
6      -- 5        116.2    691.4731    433.5562   14.861  1.651E-02  1.132E-02  7.841E-04  6.189E-03  6.024E-01  2.565E-06
7      -- 6        154.9    806.6518    371.6504   16.570  2.085E-03  3.437E-03  8.746E-05  7.841E-04  1.830E-01  1.237E-06
8      -- 7        199.1    921.7997    325.2252   21.450  2.219E-04  1.015E-03  1.260E-05  8.746E-05  5.403E-02  5.450E-07
9      -- 8        248.9   1036.9124    289.1203   29.341  2.959E-05  2.896E-04  2.583E-06  1.260E-05  1.541E-02  2.213E-07
10     -- 9        304.2   1151.9855    260.2398   35.369  5.812E-06  7.919E-05  5.981E-07  2.583E-06  4.215E-03  8.298E-08
11     -- 10       365.0   1267.0145    236.6133   39.406  1.327E-06  2.093E-05  1.400E-07  5.981E-07  1.114E-03  2.918E-08
12     -- 11       431.3   1381.9951    216.9273   42.852  3.081E-07  5.354E-06  3.237E-08  1.400E-07  2.849E-04  9.686E-09
13     -- 12       503.1   1496.9229    200.2725   48.023  6.962E-08  1.416E-06  7.832E-09  3.237E-08  7.539E-05  3.257E-09
14     -- 13       580.5   1611.7935    185.9993   48.737  1.713E-08  3.357E-07  1.720E-09  7.832E-09  1.787E-05  9.636E-10
15     -- 14       663.4   1726.6025    173.6314   48.191  3.849E-09  6.882E-08  3.295E-10  1.720E-09  3.663E-06  2.428E-10
16     -- 15       751.7   1841.3455    162.8116   53.657  7.188E-10  1.505E-08  6.756E-11  3.295E-10  8.010E-07  6.440E-11
