* Radex version        : 30nov2011
* Geometry             : Uniform sphere
* Molecular data file  : ./data/co.dat                                                                   
* T(kin)            [K]:  170.000
* Density of H2  [cm-3]:  3.162E+05
* Density of pH2 [cm-3]:  7.906E+04
* Density of oH2 [cm-3]:  2.372E+05
* T(background)     [K]:   13.800
* Column density [cm-2]:  4.879E+20
* Line width     [km/s]:   50.000
Calculation finished in   38 iterations
      LINE         E_UP       FREQ        WAVEL     T_EX      TAU        T_R       POP        POP       FLUX        FLUX
                   (K)        (GHz)       (um)      (K)                  (K)        UP        LOW      (K*km/s) (erg/cm2/s)
1      -- 0          5.5    115.2712   2600.7576  169.879  7.235E+00  1.558E+02  4.729E-02  1.629E-02  8.292E+03  1.636E-04
2      -- 1         16.6    230.5380   1300.4037  169.809  2.756E+01  1.553E+02  7.385E-02  4.729E-02  8.268E+03  1.305E-03
3      -- 2         33.2    345.7960    866.9634  169.804  5.713E+01  1.545E+02  9.376E-02  7.385E-02  8.224E+03  4.379E-03
4      -- 3         55.3    461.0408    650.2515  169.784  9.050E+01  1.534E+02  1.058E-01  9.376E-02  8.164E+03  1.030E-02
5      -- 4         83.0    576.2679    520.2310  169.753  1.219E+02  1.520E+02  1.099E-01  1.058E-01  8.090E+03  1.994E-02
6      -- 5        116.2    691.4731    433.5562  169.709  1.465E+02  1.504E+02  1.068E-01  1.099E-01  8.003E+03  3.408E-02
7      -- 6        154.9    806.6518    371.6504  169.643  1.611E+02  1.485E+02  9.809E-02  1.068E-01  7.905E+03  5.344E-02
8      -- 7        199.1    921.7997    325.2252  169.546  1.645E+02  1.465E+02  8.564E-02  9.809E-02  7.798E+03  7.866E-02
9      -- 8        248.9   1036.9124    289.1203  169.406  1.574E+02  1.444E+02  7.135E-02  8.564E-02  7.683E+03  1.103E-01
10     -- 9        304.2   1151.9855    260.2398  169.175  1.422E+02  1.420E+02  5.688E-02  7.135E-02  7.558E+03  1.488E-01
11     -- 10       365.0   1267.0145    236.6133  168.855  1.219E+02  1.395E+02  4.346E-02  5.688E-02  7.426E+03  1.945E-01
12     -- 11       431.3   1381.9951    216.9273  168.341  9.937E+01  1.368E+02  3.185E-02  4.346E-02  7.281E+03  2.475E-01
13     -- 12       503.1   1496.9229    200.2725  167.518  7.734E+01  1.338E+02  2.240E-02  3.185E-02  7.119E+03  3.075E-01
14     -- 13       580.5   1611.7935    185.9993  165.979  5.763E+01  1.300E+02  1.510E-02  2.240E-02  6.920E+03  3.731E-01
15     -- 14       663.4   1726.6025    173.6314  163.291  4.114E+01  1.251E+02  9.717E-03  1.510E-02  6.661E+03  4.415E-01
16     -- 15       751.7   1841.3455    162.8116  157.944  2.826E+01  1.177E+02  5.911E-03  9.717E-03  6.265E+03  5.037E-01
