* Radex version        : 30nov2011
* Geometry             : Uniform sphere
* Molecular data file  : ./data/co.dat                                                                   
* T(kin)            [K]:  195.000
* Density of H2  [cm-3]:  2.512E+04
* Density of pH2 [cm-3]:  6.280E+03
* Density of oH2 [cm-3]:  1.884E+04
* T(background)     [K]:   13.800
* Column density [cm-2]:  3.876E+19
* Line width     [km/s]:   50.000
Calculation finished in   38 iterations
      LINE         E_UP       FREQ        WAVEL     T_EX      TAU        T_R       POP        POP       FLUX        FLUX
                   (K)        (GHz)       (um)      (K)                  (K)        UP        LOW      (K*km/s) (erg/cm2/s)
1      -- 0          5.5    115.2712   2600.7576  368.261  3.093E-01  9.426E+01  5.566E-02  1.884E-02  5.017E+03  9.896E-05
2      -- 1         16.6    230.5380   1300.4037  178.758  2.451E+00  1.501E+02  8.720E-02  5.566E-02  7.991E+03  1.261E-03
3      -- 2         33.2    345.7960    866.9634  168.614  5.395E+00  1.526E+02  1.106E-01  8.720E-02  8.124E+03  4.326E-03
4      -- 3         55.3    461.0408    650.2515  165.387  8.693E+00  1.490E+02  1.244E-01  1.106E-01  7.929E+03  1.001E-02
5      -- 4         83.0    576.2679    520.2310  161.618  1.192E+01  1.439E+02  1.282E-01  1.244E-01  7.658E+03  1.887E-02
6      -- 5        116.2    691.4731    433.5562  156.429  1.461E+01  1.371E+02  1.225E-01  1.282E-01  7.299E+03  3.108E-02
7      -- 6        154.9    806.6518    371.6504  149.095  1.645E+01  1.281E+02  1.090E-01  1.225E-01  6.817E+03  4.608E-02
8      -- 7        199.1    921.7997    325.2252  139.184  1.722E+01  1.164E+02  8.993E-02  1.090E-01  6.194E+03  6.248E-02
9      -- 8        248.9   1036.9124    289.1203  126.163  1.682E+01  1.015E+02  6.775E-02  8.993E-02  5.404E+03  7.758E-02
10     -- 9        304.2   1151.9855    260.2398  109.799  1.522E+01  8.344E+01  4.526E-02  6.775E-02  4.441E+03  8.744E-02
11     -- 10       365.0   1267.0145    236.6133   91.130  1.240E+01  6.333E+01  2.543E-02  4.526E-02  3.371E+03  8.830E-02
12     -- 11       431.3   1381.9951    216.9273   71.604  8.569E+00  4.293E+01  1.095E-02  2.543E-02  2.285E+03  7.768E-02
13     -- 12       503.1   1496.9229    200.2725   54.911  4.418E+00  2.590E+01  3.196E-03  1.095E-02  1.378E+03  5.954E-02
14     -- 13       580.5   1611.7935    185.9993   47.956  1.404E+00  1.431E+01  6.840E-04  3.196E-03  7.614E+02  4.106E-02
15     -- 14       663.4   1726.6025    173.6314   59.098  2.804E-01  6.564E+00  1.799E-04  6.840E-04  3.494E+02  2.316E-02
16     -- 15       751.7   1841.3455    162.8116   77.625  6.593E-02  2.648E+00  6.135E-05  1.799E-04  1.409E+02  1.133E-02
