* Radex version        : 30nov2011
* Geometry             : Uniform sphere
* Molecular data file  : ./data/co.dat                                                                   
* T(kin)            [K]:  150.000
* Density of H2  [cm-3]:  1.000E+05
* Density of pH2 [cm-3]:  2.500E+04
* Density of oH2 [cm-3]:  7.500E+04
* T(background)     [K]:   13.800
* Column density [cm-2]:  1.543E+20
* Line width     [km/s]:   50.000
Calculation finished in   39 iterations
      LINE         E_UP       FREQ        WAVEL     T_EX      TAU        T_R       POP        POP       FLUX        FLUX
                   (K)        (GHz)       (um)      (K)                  (K)        UP        LOW      (K*km/s) (erg/cm2/s)
1      -- 0          5.5    115.2712   2600.7576  150.476  3.001E+00  1.297E+02  5.483E-02  1.896E-02  6.904E+03  1.362E-04
2      -- 1         16.6    230.5380   1300.4037  148.666  1.149E+01  1.342E+02  8.482E-02  5.483E-02  7.143E+03  1.127E-03
3      -- 2         33.2    345.7960    866.9634  148.720  2.353E+01  1.335E+02  1.062E-01  8.482E-02  7.103E+03  3.782E-03
4      -- 3         55.3    461.0408    650.2515  148.559  3.671E+01  1.322E+02  1.177E-01  1.062E-01  7.036E+03  8.880E-03
5      -- 4         83.0    576.2679    520.2310  148.327  4.851E+01  1.306E+02  1.193E-01  1.177E-01  6.952E+03  1.713E-02
6      -- 5        116.2    691.4731    433.5562  147.977  5.692E+01  1.287E+02  1.127E-01  1.193E-01  6.851E+03  2.917E-02
7      -- 6        154.9    806.6518    371.6504  147.449  6.085E+01  1.264E+02  1.000E-01  1.127E-01  6.730E+03  4.549E-02
8      -- 7        199.1    921.7997    325.2252  146.635  6.014E+01  1.238E+02  8.383E-02  1.000E-01  6.587E+03  6.644E-02
9      -- 8        248.9   1036.9124    289.1203  145.401  5.549E+01  1.205E+02  6.654E-02  8.383E-02  6.416E+03  9.212E-02
10     -- 9        304.2   1151.9855    260.2398  143.299  4.815E+01  1.164E+02  5.000E-02  6.654E-02  6.196E+03  1.220E-01
11     -- 10       365.0   1267.0145    236.6133  139.986  3.948E+01  1.110E+02  3.547E-02  5.000E-02  5.909E+03  1.548E-01
12     -- 11       431.3   1381.9951    216.9273  134.223  3.071E+01  1.032E+02  2.352E-02  3.547E-02  5.495E+03  1.868E-01
13     -- 12       503.1   1496.9229    200.2725  124.382  2.272E+01  9.150E+01  1.426E-02  2.352E-02  4.870E+03  2.104E-01
14     -- 13       580.5   1611.7935    185.9993  108.886  1.583E+01  7.446E+01  7.526E-03  1.426E-02  3.963E+03  2.137E-01
15     -- 14       663.4   1726.6025    173.6314   88.370  9.913E+00  5.311E+01  3.150E-03  7.526E-03  2.827E+03  1.874E-01
16     -- 15       751.7   1841.3455    162.8116   67.340  4.940E+00  3.217E+01  9.026E-04  3.150E-03  1.712E+03  1.377E-01
