* Radex version        : 30nov2011
* Geometry             : Uniform sphere
* Molecular data file  : ./data/co.dat                                                                   
* T(kin)            [K]:  175.000
* Density of H2  [cm-3]:  1.995E+06
* Density of pH2 [cm-3]:  4.988E+05
* Density of oH2 [cm-3]:  1.496E+06
* T(background)     [K]:   13.800
* Column density [cm-2]:  3.079E+21
* Line width     [km/s]:   50.000
Calculation finished in   32 iterations
      LINE         E_UP       FREQ        WAVEL     T_EX      TAU        T_R       POP        POP       FLUX        FLUX
                   (K)        (GHz)       (um)      (K)                  (K)        UP        LOW      (K*km/s) (erg/cm2/s)
1      -- 0          5.5    115.2712   2600.7576  174.995  4.280E+01  1.610E+02  4.570E-02  1.572E-02  8.571E+03  1.691E-04
2      -- 1         16.6    230.5380   1300.4037  174.995  1.632E+02  1.605E+02  7.149E-02  4.570E-02  8.544E+03  1.348E-03
3      -- 2         33.2    345.7960    866.9634  174.995  3.391E+02  1.597E+02  9.104E-02  7.149E-02  8.500E+03  4.526E-03
4      -- 3         55.3    461.0408    650.2515  174.994  5.389E+02  1.586E+02  1.031E-01  9.104E-02  8.441E+03  1.065E-02
5      -- 4         83.0    576.2679    520.2310  174.993  7.292E+02  1.572E+02  1.076E-01  1.031E-01  8.368E+03  2.062E-02
6      -- 5        116.2    691.4731    433.5562  174.992  8.808E+02  1.556E+02  1.052E-01  1.076E-01  8.283E+03  3.527E-02
7      -- 6        154.9    806.6518    371.6504  174.990  9.743E+02  1.539E+02  9.732E-02  1.052E-01  8.189E+03  5.535E-02
8      -- 7        199.1    921.7997    325.2252  174.988  1.002E+03  1.519E+02  8.566E-02  9.732E-02  8.086E+03  8.157E-02
9      -- 8        248.9   1036.9124    289.1203  174.984  9.662E+02  1.499E+02  7.204E-02  8.566E-02  7.978E+03  1.145E-01
10     -- 9        304.2   1151.9855    260.2398  174.978  8.802E+02  1.478E+02  5.805E-02  7.204E-02  7.865E+03  1.548E-01
11     -- 10       365.0   1267.0145    236.6133  174.970  7.620E+02  1.456E+02  4.492E-02  5.805E-02  7.748E+03  2.030E-01
12     -- 11       431.3   1381.9951    216.9273  174.957  6.279E+02  1.433E+02  3.342E-02  4.492E-02  7.629E+03  2.593E-01
13     -- 12       503.1   1496.9229    200.2725  174.937  4.944E+02  1.411E+02  2.394E-02  3.342E-02  7.509E+03  3.244E-01
14     -- 13       580.5   1611.7935    185.9993  174.900  3.727E+02  1.388E+02  1.652E-02  2.394E-02  7.387E+03  3.983E-01
15     -- 14       663.4   1726.6025    173.6314  174.842  2.693E+02  1.365E+02  1.099E-02  1.652E-02  7.263E+03  4.815E-01
16     -- 15       751.7   1841.3455    162.8116  174.735  1.869E+02  1.341E+02  7.057E-03  1.099E-02  7.138E+03  5.739E-01
