* Radex version        : 30nov2011
* Geometry             : Uniform sphere
* Molecular data file  : ./data/co.dat                                                                   
* T(kin)            [K]:  115.000
* Density of H2  [cm-3]:  3.981E+03
* Density of pH2 [cm-3]:  9.953E+02
* Density of oH2 [cm-3]:  2.986E+03
* T(background)     [K]:   13.800
* Column density [cm-2]:  6.143E+18
* Line width     [km/s]:   50.000
Calculation finished in   33 iterations
      LINE         E_UP       FREQ        WAVEL     T_EX      TAU        T_R       POP        POP       FLUX        FLUX
                   (K)        (GHz)       (um)      (K)                  (K)        UP        LOW      (K*km/s) (erg/cm2/s)
1      -- 0          5.5    115.2712   2600.7576  318.139  1.534E-01  4.324E+01  1.502E-01  5.096E-02  2.302E+03  4.540E-05
2      -- 1         16.6    230.5380   1300.4037   65.446  2.718E+00  4.770E+01  2.115E-01  1.502E-01  2.539E+03  4.006E-04
3      -- 2         33.2    345.7960    866.9634   57.301  5.562E+00  4.211E+01  2.216E-01  2.115E-01  2.242E+03  1.194E-03
4      -- 3         55.3    461.0408    650.2515   50.280  7.846E+00  3.444E+01  1.835E-01  2.216E-01  1.833E+03  2.313E-03
5      -- 4         83.0    576.2679    520.2310   41.931  8.550E+00  2.530E+01  1.160E-01  1.835E-01  1.347E+03  3.319E-03
6      -- 5        116.2    691.4731    433.5562   33.118  6.936E+00  1.594E+01  5.031E-02  1.160E-01  8.485E+02  3.613E-03
7      -- 6        154.9    806.6518    371.6504   25.944  3.630E+00  8.507E+00  1.305E-02  5.031E-02  4.528E+02  3.061E-03
8      -- 7        199.1    921.7997    325.2252   23.692  1.014E+00  3.963E+00  2.287E-03  1.305E-02  2.110E+02  2.128E-03
9      -- 8        248.9   1036.9124    289.1203   28.719  1.711E-01  1.463E+00  4.518E-04  2.287E-03  7.784E+01  1.118E-03
10     -- 9        304.2   1151.9855    260.2398   37.317  3.142E-02  4.713E-01  1.135E-04  4.518E-04  2.508E+01  4.938E-04
11     -- 10       365.0   1267.0145    236.6133   43.421  7.630E-03  1.455E-01  3.064E-05  1.135E-04  7.743E+00  2.028E-04
12     -- 11       431.3   1381.9951    216.9273   47.874  2.031E-03  4.380E-02  8.334E-06  3.064E-05  2.331E+00  7.925E-05
13     -- 12       503.1   1496.9229    200.2725   52.398  5.450E-04  1.310E-02  2.285E-06  8.334E-06  6.973E-01  3.012E-05
14     -- 13       580.5   1611.7935    185.9993   54.025  1.512E-04  3.626E-03  5.862E-07  2.285E-06  1.930E-01  1.041E-05
15     -- 14       663.4   1726.6025    173.6314   54.874  3.936E-05  9.166E-04  1.384E-07  5.862E-07  4.879E-02  3.234E-06
16     -- 15       751.7   1841.3455    162.8116   59.350  9.158E-06  2.344E-04  3.324E-08  1.384E-07  1.248E-02  1.003E-06
