* Radex version        : 30nov2011
* Geometry             : Uniform sphere
* Molecular data file  : ./data/co.dat                                                                   
* T(kin)            [K]:  110.000
* Density of H2  [cm-3]:  1.995E+02
* Density of pH2 [cm-3]:  4.988E+01
* Density of oH2 [cm-3]:  1.496E+02
* T(background)     [K]:   13.800
* Column density [cm-2]:  3.079E+17
* Line width     [km/s]:   50.000
Calculation finished in   20 iterations
      LINE         E_UP       FREQ        WAVEL     T_EX      TAU        T_R       POP        POP       FLUX        FLUX
                   (K)        (GHz)       (um)      (K)                  (K)        UP        LOW      (K*km/s) (erg/cm2/s)
1      -- 0          5.5    115.2712   2600.7576   19.045  3.556E-01  1.555E+00  3.618E-01  1.613E-01  8.274E+01  1.632E-06
2      -- 1         16.6    230.5380   1300.4037   15.511  1.075E+00  1.075E+00  2.955E-01  3.618E-01  5.722E+01  9.029E-06
3      -- 2         33.2    345.7960    866.9634   14.821  1.044E+00  5.921E-01  1.350E-01  2.955E-01  3.151E+01  1.678E-05
4      -- 3         55.3    461.0408    650.2515   14.598  5.251E-01  2.674E-01  3.813E-02  1.350E-01  1.423E+01  1.796E-05
5      -- 4         83.0    576.2679    520.2310   14.742  1.561E-01  1.005E-01  7.140E-03  3.813E-02  5.349E+00  1.318E-05
6      -- 5        116.2    691.4731    433.5562   15.529  2.983E-02  3.370E-02  9.958E-04  7.140E-03  1.794E+00  7.637E-06
7      -- 6        154.9    806.6518    371.6504   18.035  4.102E-03  1.077E-02  1.343E-04  9.958E-04  5.734E-01  3.876E-06
8      -- 7        199.1    921.7997    325.2252   24.023  5.206E-04  3.366E-03  2.414E-05  1.343E-04  1.792E-01  1.807E-06
9      -- 8        248.9   1036.9124    289.1203   31.784  8.700E-05  1.023E-03  5.636E-06  2.414E-05  5.443E-02  7.815E-07
10     -- 9        304.2   1151.9855    260.2398   37.383  1.963E-05  3.002E-04  1.420E-06  5.636E-06  1.598E-02  3.145E-07
11     -- 10       365.0   1267.0145    236.6133   41.577  4.877E-06  8.574E-05  3.602E-07  1.420E-06  4.564E-03  1.195E-07
12     -- 11       431.3   1381.9951    216.9273   45.284  1.227E-06  2.379E-05  9.050E-08  3.602E-07  1.266E-03  4.305E-08
13     -- 12       503.1   1496.9229    200.2725   50.662  3.012E-07  6.797E-06  2.367E-08  9.050E-08  3.618E-04  1.563E-08
14     -- 13       580.5   1611.7935    185.9993   51.390  8.024E-08  1.748E-06  5.643E-09  2.367E-08  9.303E-05  5.016E-09
15     -- 14       663.4   1726.6025    173.6314   51.120  1.956E-08  3.953E-07  1.193E-09  5.643E-09  2.104E-05  1.395E-09
16     -- 15       751.7   1841.3455    162.8116   56.870  4.027E-09  9.483E-08  2.684E-10  1.193E-09  5.047E-06  4.058E-10
