* Radex version        : 30nov2011
* Geometry             : Uniform sphere
* Molecular data file  : ./data/co.dat                                                                   
* T(kin)            [K]:  115.000
* Density of H2  [cm-3]:  1.585E+05
* Density of pH2 [cm-3]:  3.962E+04
* Density of oH2 [cm-3]:  1.189E+05
* T(background)     [K]:   13.800
* Column density [cm-2]:  2.445E+20
* Line width     [km/s]:   50.000
Calculation finished in   38 iterations
      LINE         E_UP       FREQ        WAVEL     T_EX      TAU        T_R       POP        POP       FLUX        FLUX
                   (K)        (GHz)       (um)      (K)                  (K)        UP        LOW      (K*km/s) (erg/cm2/s)
1      -- 0          5.5    115.2712   2600.7576  114.840  7.876E+00  1.008E+02  6.889E-02  2.410E-02  5.367E+03  1.059E-04
2      -- 1         16.6    230.5380   1300.4037  114.783  2.931E+01  1.003E+02  1.043E-01  6.889E-02  5.341E+03  8.427E-04
3      -- 2         33.2    345.7960    866.9634  114.768  5.846E+01  9.954E+01  1.263E-01  1.043E-01  5.298E+03  2.821E-03
4      -- 3         55.3    461.0408    650.2515  114.730  8.772E+01  9.845E+01  1.339E-01  1.263E-01  5.240E+03  6.613E-03
5      -- 4         83.0    576.2679    520.2310  114.670  1.102E+02  9.709E+01  1.286E-01  1.339E-01  5.168E+03  1.274E-02
6      -- 5        116.2    691.4731    433.5562  114.574  1.217E+02  9.549E+01  1.138E-01  1.286E-01  5.082E+03  2.164E-02
7      -- 6        154.9    806.6518    371.6504  114.424  1.210E+02  9.366E+01  9.359E-02  1.138E-01  4.985E+03  3.370E-02
8      -- 7        199.1    921.7997    325.2252  114.170  1.100E+02  9.161E+01  7.200E-02  9.359E-02  4.876E+03  4.918E-02
9      -- 8        248.9   1036.9124    289.1203  113.759  9.233E+01  8.930E+01  5.196E-02  7.200E-02  4.753E+03  6.824E-02
10     -- 9        304.2   1151.9855    260.2398  112.979  7.203E+01  8.656E+01  3.520E-02  5.196E-02  4.607E+03  9.070E-02
11     -- 10       365.0   1267.0145    236.6133  111.593  5.252E+01  8.319E+01  2.236E-02  3.520E-02  4.428E+03  1.160E-01
12     -- 11       431.3   1381.9951    216.9273  108.800  3.592E+01  7.844E+01  1.321E-02  2.236E-02  4.175E+03  1.419E-01
13     -- 12       503.1   1496.9229    200.2725  102.876  2.316E+01  7.071E+01  7.096E-03  1.321E-02  3.763E+03  1.626E-01
14     -- 13       580.5   1611.7935    185.9993   91.237  1.404E+01  5.768E+01  3.265E-03  7.096E-03  3.070E+03  1.655E-01
15     -- 14       663.4   1726.6025    173.6314   73.673  7.564E+00  3.962E+01  1.133E-03  3.265E-03  2.109E+03  1.398E-01
16     -- 15       751.7   1841.3455    162.8116   56.591  3.046E+00  2.221E+01  2.531E-04  1.133E-03  1.182E+03  9.504E-02
