* Radex version        : 30nov2011
* Geometry             : Uniform sphere
* Molecular data file  : ./data/co.dat                                                                   
* T(kin)            [K]:  180.000
* Density of H2  [cm-3]:  1.000E+06
* Density of pH2 [cm-3]:  2.500E+05
* Density of oH2 [cm-3]:  7.500E+05
* T(background)     [K]:   13.800
* Column density [cm-2]:  1.543E+21
* Line width     [km/s]:   50.000
Calculation finished in   35 iterations
      LINE         E_UP       FREQ        WAVEL     T_EX      TAU        T_R       POP        POP       FLUX        FLUX
                   (K)        (GHz)       (um)      (K)                  (K)        UP        LOW      (K*km/s) (erg/cm2/s)
1      -- 0          5.5    115.2712   2600.7576  179.979  2.030E+01  1.660E+02  4.451E-02  1.530E-02  8.836E+03  1.743E-04
2      -- 1         16.6    230.5380   1300.4037  179.978  7.752E+01  1.655E+02  6.975E-02  4.451E-02  8.809E+03  1.390E-03
3      -- 2         33.2    345.7960    866.9634  179.976  1.614E+02  1.647E+02  8.905E-02  6.975E-02  8.765E+03  4.668E-03
4      -- 3         55.3    461.0408    650.2515  179.974  2.573E+02  1.636E+02  1.013E-01  8.905E-02  8.706E+03  1.099E-02
5      -- 4         83.0    576.2679    520.2310  179.971  3.496E+02  1.622E+02  1.061E-01  1.013E-01  8.632E+03  2.127E-02
6      -- 5        116.2    691.4731    433.5562  179.966  4.243E+02  1.606E+02  1.043E-01  1.061E-01  8.547E+03  3.639E-02
7      -- 6        154.9    806.6518    371.6504  179.959  4.720E+02  1.588E+02  9.705E-02  1.043E-01  8.452E+03  5.713E-02
8      -- 7        199.1    921.7997    325.2252  179.948  4.884E+02  1.569E+02  8.602E-02  9.705E-02  8.349E+03  8.422E-02
9      -- 8        248.9   1036.9124    289.1203  179.933  4.746E+02  1.548E+02  7.291E-02  8.602E-02  8.240E+03  1.183E-01
10     -- 9        304.2   1151.9855    260.2398  179.909  4.360E+02  1.527E+02  5.926E-02  7.291E-02  8.125E+03  1.600E-01
11     -- 10       365.0   1267.0145    236.6133  179.876  3.809E+02  1.504E+02  4.629E-02  5.926E-02  8.007E+03  2.097E-01
12     -- 11       431.3   1381.9951    216.9273  179.824  3.171E+02  1.481E+02  3.479E-02  4.629E-02  7.885E+03  2.680E-01
13     -- 12       503.1   1496.9229    200.2725  179.745  2.524E+02  1.458E+02  2.520E-02  3.479E-02  7.761E+03  3.353E-01
14     -- 13       580.5   1611.7935    185.9993  179.602  1.925E+02  1.434E+02  1.759E-02  2.520E-02  7.633E+03  4.116E-01
15     -- 14       663.4   1726.6025    173.6314  179.378  1.409E+02  1.409E+02  1.185E-02  1.759E-02  7.500E+03  4.972E-01
16     -- 15       751.7   1841.3455    162.8116  178.968  9.910E+01  1.383E+02  7.698E-03  1.185E-02  7.359E+03  5.917E-01
