* Radex version        : 30nov2011
* Geometry             : Uniform sphere
* Molecular data file  : ./data/co.dat                                                                   
* T(kin)            [K]:  150.000
* Density of H2  [cm-3]:  5.012E+05
* Density of pH2 [cm-3]:  1.253E+05
* Density of oH2 [cm-3]:  3.759E+05
* T(background)     [K]:   13.800
* Column density [cm-2]:  7.733E+20
* Line width     [km/s]:   50.000
Calculation finished in   36 iterations
      LINE         E_UP       FREQ        WAVEL     T_EX      TAU        T_R       POP        POP       FLUX        FLUX
                   (K)        (GHz)       (um)      (K)                  (K)        UP        LOW      (K*km/s) (erg/cm2/s)
1      -- 0          5.5    115.2712   2600.7576  149.954  1.462E+01  1.360E+02  5.310E-02  1.837E-02  7.238E+03  1.428E-04
2      -- 1         16.6    230.5380   1300.4037  149.949  5.530E+01  1.355E+02  8.221E-02  5.310E-02  7.211E+03  1.138E-03
3      -- 2         33.2    345.7960    866.9634  149.946  1.134E+02  1.347E+02  1.030E-01  8.221E-02  7.168E+03  3.817E-03
4      -- 3         55.3    461.0408    650.2515  149.940  1.770E+02  1.336E+02  1.143E-01  1.030E-01  7.110E+03  8.973E-03
5      -- 4         83.0    576.2679    520.2310  149.930  2.339E+02  1.322E+02  1.162E-01  1.143E-01  7.037E+03  1.734E-02
6      -- 5        116.2    691.4731    433.5562  149.915  2.745E+02  1.306E+02  1.100E-01  1.162E-01  6.953E+03  2.961E-02
7      -- 6        154.9    806.6518    371.6504  149.893  2.934E+02  1.289E+02  9.805E-02  1.100E-01  6.859E+03  4.637E-02
8      -- 7        199.1    921.7997    325.2252  149.860  2.900E+02  1.270E+02  8.272E-02  9.805E-02  6.757E+03  6.816E-02
9      -- 8        248.9   1036.9124    289.1203  149.810  2.676E+02  1.249E+02  6.632E-02  8.272E-02  6.649E+03  9.546E-02
10     -- 9        304.2   1151.9855    260.2398  149.724  2.320E+02  1.228E+02  5.067E-02  6.632E-02  6.534E+03  1.286E-01
11     -- 10       365.0   1267.0145    236.6133  149.600  1.901E+02  1.205E+02  3.696E-02  5.067E-02  6.414E+03  1.680E-01
12     -- 11       431.3   1381.9951    216.9273  149.391  1.475E+02  1.181E+02  2.577E-02  3.696E-02  6.287E+03  2.137E-01
13     -- 12       503.1   1496.9229    200.2725  149.041  1.088E+02  1.156E+02  1.719E-02  2.577E-02  6.153E+03  2.658E-01
14     -- 13       580.5   1611.7935    185.9993  148.369  7.642E+01  1.128E+02  1.096E-02  1.719E-02  6.001E+03  3.236E-01
15     -- 14       663.4   1726.6025    173.6314  147.138  5.121E+01  1.094E+02  6.671E-03  1.096E-02  5.821E+03  3.859E-01
16     -- 15       751.7   1841.3455    162.8116  144.490  3.283E+01  1.046E+02  3.852E-03  6.671E-03  5.569E+03  4.478E-01
