* Radex version        : 30nov2011
* Geometry             : Uniform sphere
* Molecular data file  : ./data/co.dat                                                                   
* T(kin)            [K]:  185.000
* Density of H2  [cm-3]:  3.162E+02
* Density of pH2 [cm-3]:  7.906E+01
* Density of oH2 [cm-3]:  2.372E+02
* T(background)     [K]:   13.800
* Column density [cm-2]:  4.879E+17
* Line width     [km/s]:   50.000
Calculation finished in   24 iterations
      LINE         E_UP       FREQ        WAVEL     T_EX      TAU        T_R       POP        POP       FLUX        FLUX
                   (K)        (GHz)       (um)      (K)                  (K)        UP        LOW      (K*km/s) (erg/cm2/s)
1      -- 0          5.5    115.2712   2600.7576   28.250  3.388E-01  4.126E+00  3.389E-01  1.374E-01  2.196E+02  4.332E-06
2      -- 1         16.6    230.5380   1300.4037   18.031  1.436E+00  3.095E+00  3.058E-01  3.389E-01  1.647E+02  2.600E-05
3      -- 2         33.2    345.7960    866.9634   16.394  1.618E+00  1.881E+00  1.556E-01  3.058E-01  1.001E+02  5.330E-05
4      -- 3         55.3    461.0408    650.2515   15.756  9.271E-01  9.833E-01  4.911E-02  1.556E-01  5.234E+01  6.605E-05
5      -- 4         83.0    576.2679    520.2310   16.015  3.095E-01  4.454E-01  1.067E-02  4.911E-02  2.370E+01  5.842E-05
6      -- 5        116.2    691.4731    433.5562   17.819  6.769E-02  1.837E-01  1.959E-03  1.067E-02  9.780E+00  4.164E-05
7      -- 6        154.9    806.6518    371.6504   22.890  1.181E-02  7.345E-02  4.166E-04  1.959E-03  3.909E+00  2.642E-05
8      -- 7        199.1    921.7997    325.2252   31.946  2.280E-03  2.939E-02  1.182E-04  4.166E-04  1.564E+00  1.578E-05
9      -- 8        248.9   1036.9124    289.1203   40.770  6.018E-04  1.169E-02  3.898E-05  1.182E-04  6.224E-01  8.937E-06
10     -- 9        304.2   1151.9855    260.2398   47.567  1.915E-04  4.621E-03  1.347E-05  3.898E-05  2.460E-01  4.842E-06
11     -- 10       365.0   1267.0145    236.6133   53.626  6.476E-05  1.819E-03  4.748E-06  1.347E-05  9.684E-02  2.537E-06
12     -- 11       431.3   1381.9951    216.9273   58.933  2.252E-05  7.053E-04  1.675E-06  4.748E-06  3.754E-02  1.276E-06
13     -- 12       503.1   1496.9229    200.2725   65.562  7.763E-06  2.770E-04  6.047E-07  1.675E-06  1.474E-02  6.368E-07
14     -- 13       580.5   1611.7935    185.9993   66.263  2.876E-06  9.969E-05  2.021E-07  6.047E-07  5.306E-03  2.861E-07
15     -- 14       663.4   1726.6025    173.6314   67.115  9.810E-07  3.315E-05  6.285E-08  2.021E-07  1.765E-03  1.170E-07
16     -- 15       751.7   1841.3455    162.8116   75.092  2.951E-07  1.158E-05  2.062E-08  6.285E-08  6.162E-04  4.954E-08
