* Radex version        : 30nov2011
* Geometry             : Uniform sphere
* Molecular data file  : ./data/co.dat                                                                   
* T(kin)            [K]:  160.000
* Density of H2  [cm-3]:  1.995E+04
* Density of pH2 [cm-3]:  4.988E+03
* Density of oH2 [cm-3]:  1.496E+04
* T(background)     [K]:   13.800
* Column density [cm-2]:  3.079E+19
* Line width     [km/s]:   50.000
Calculation finished in   37 iterations
      LINE         E_UP       FREQ        WAVEL     T_EX      TAU        T_R       POP        POP       FLUX        FLUX
                   (K)        (GHz)       (um)      (K)                  (K)        UP        LOW      (K*km/s) (erg/cm2/s)
1      -- 0          5.5    115.2712   2600.7576  257.804  4.282E-01  8.493E+01  6.770E-02  2.306E-02  4.521E+03  8.917E-05
2      -- 1         16.6    230.5380   1300.4037  142.742  2.943E+00  1.215E+02  1.044E-01  6.770E-02  6.468E+03  1.021E-03
3      -- 2         33.2    345.7960    866.9634  136.815  6.253E+00  1.213E+02  1.295E-01  1.044E-01  6.457E+03  3.439E-03
4      -- 3         55.3    461.0408    650.2515  133.792  9.837E+00  1.175E+02  1.411E-01  1.295E-01  6.251E+03  7.890E-03
5      -- 4         83.0    576.2679    520.2310  129.701  1.310E+01  1.121E+02  1.393E-01  1.411E-01  5.964E+03  1.470E-02
6      -- 5        116.2    691.4731    433.5562  123.840  1.552E+01  1.047E+02  1.260E-01  1.393E-01  5.572E+03  2.373E-02
7      -- 6        154.9    806.6518    371.6504  115.561  1.673E+01  9.479E+01  1.040E-01  1.260E-01  5.045E+03  3.410E-02
8      -- 7        199.1    921.7997    325.2252  104.365  1.655E+01  8.193E+01  7.712E-02  1.040E-01  4.361E+03  4.399E-02
9      -- 8        248.9   1036.9124    289.1203   90.078  1.492E+01  6.609E+01  4.961E-02  7.712E-02  3.517E+03  5.050E-02
10     -- 9        304.2   1151.9855    260.2398   73.270  1.185E+01  4.805E+01  2.578E-02  4.961E-02  2.557E+03  5.035E-02
11     -- 10       365.0   1267.0145    236.6133   56.317  7.612E+00  3.052E+01  9.592E-03  2.578E-02  1.624E+03  4.254E-02
12     -- 11       431.3   1381.9951    216.9273   43.291  3.331E+00  1.710E+01  2.253E-03  9.592E-03  9.102E+02  3.094E-02
13     -- 12       503.1   1496.9229    200.2725   42.087  8.101E-01  8.619E+00  4.414E-04  2.253E-03  4.588E+02  1.982E-02
14     -- 13       580.5   1611.7935    185.9993   55.963  1.440E-01  3.439E+00  1.190E-04  4.414E-04  1.831E+02  9.871E-03
15     -- 14       663.4   1726.6025    173.6314   67.568  3.632E-02  1.220E+00  3.732E-05  1.190E-04  6.492E+01  4.304E-03
16     -- 15       751.7   1841.3455    162.8116   73.950  1.114E-02  4.235E-01  1.202E-05  3.732E-05  2.254E+01  1.812E-03
