* Radex version        : 30nov2011
* Geometry             : Uniform sphere
* Molecular data file  : ./data/co.dat                                                                   
* T(kin)            [K]:  115.000
* Density of H2  [cm-3]:  1.995E+03
* Density of pH2 [cm-3]:  4.988E+02
* Density of oH2 [cm-3]:  1.496E+03
* T(background)     [K]:   13.800
* Column density [cm-2]:  3.079E+18
* Line width     [km/s]:   50.000
Calculation finished in   31 iterations
      LINE         E_UP       FREQ        WAVEL     T_EX      TAU        T_R       POP        POP       FLUX        FLUX
                   (K)        (GHz)       (um)      (K)                  (K)        UP        LOW      (K*km/s) (erg/cm2/s)
1      -- 0          5.5    115.2712   2600.7576  178.426  1.884E-01  2.824E+01  2.052E-01  7.055E-02  1.503E+03  2.965E-05
2      -- 1         16.6    230.5380   1300.4037   43.549  2.683E+00  2.725E+01  2.653E-01  2.052E-01  1.450E+03  2.289E-04
3      -- 2         33.2    345.7960    866.9634   36.625  5.067E+00  2.169E+01  2.361E-01  2.653E-01  1.154E+03  6.147E-04
4      -- 3         55.3    461.0408    650.2515   30.530  6.065E+00  1.518E+01  1.470E-01  2.361E-01  8.081E+02  1.020E-03
5      -- 4         83.0    576.2679    520.2310   24.691  4.790E+00  9.008E+00  5.863E-02  1.470E-01  4.794E+02  1.182E-03
6      -- 5        116.2    691.4731    433.5562   20.826  2.213E+00  4.605E+00  1.408E-02  5.863E-02  2.451E+02  1.044E-03
7      -- 6        154.9    806.6518    371.6504   20.843  5.543E-01  1.986E+00  2.536E-03  1.408E-02  1.057E+02  7.146E-04
8      -- 7        199.1    921.7997    325.2252   25.557  9.613E-02  7.014E-01  5.090E-04  2.536E-03  3.733E+01  3.766E-04
9      -- 8        248.9   1036.9124    289.1203   32.944  1.807E-02  2.277E-01  1.256E-04  5.090E-04  1.212E+01  1.740E-04
10     -- 9        304.2   1151.9855    260.2398   38.907  4.297E-03  7.107E-02  3.352E-05  1.256E-04  3.783E+00  7.448E-05
11     -- 10       365.0   1267.0145    236.6133   43.274  1.131E-03  2.150E-02  9.007E-06  3.352E-05  1.144E+00  2.997E-05
12     -- 11       431.3   1381.9951    216.9273   47.369  3.007E-04  6.360E-03  2.414E-06  9.007E-06  3.385E-01  1.151E-05
13     -- 12       503.1   1496.9229    200.2725   52.048  7.936E-05  1.884E-03  6.557E-07  2.414E-06  1.003E-01  4.332E-06
14     -- 13       580.5   1611.7935    185.9993   53.441  2.185E-05  5.134E-04  1.656E-07  6.557E-07  2.733E-02  1.474E-06
15     -- 14       663.4   1726.6025    173.6314   53.882  5.617E-06  1.262E-04  3.803E-08  1.656E-07  6.717E-03  4.453E-07
16     -- 15       751.7   1841.3455    162.8116   58.913  1.265E-06  3.193E-05  9.034E-09  3.803E-08  1.699E-03  1.366E-07
