* Radex version        : 30nov2011
* Geometry             : Uniform sphere
* Molecular data file  : ./data/co.dat                                                                   
* T(kin)            [K]:  140.000
* Density of H2  [cm-3]:  1.585E+03
* Density of pH2 [cm-3]:  3.962E+02
* Density of oH2 [cm-3]:  1.189E+03
* T(background)     [K]:   13.800
* Column density [cm-2]:  2.445E+18
* Line width     [km/s]:   50.000
Calculation finished in   30 iterations
      LINE         E_UP       FREQ        WAVEL     T_EX      TAU        T_R       POP        POP       FLUX        FLUX
                   (K)        (GHz)       (um)      (K)                  (K)        UP        LOW      (K*km/s) (erg/cm2/s)
1      -- 0          5.5    115.2712   2600.7576  249.377  1.127E-01  2.510E+01  2.170E-01  7.395E-02  1.336E+03  2.635E-05
2      -- 1         16.6    230.5380   1300.4037   40.483  2.402E+00  2.383E+01  2.751E-01  2.170E-01  1.268E+03  2.001E-04
3      -- 2         33.2    345.7960    866.9634   33.376  4.489E+00  1.843E+01  2.343E-01  2.751E-01  9.808E+02  5.223E-04
4      -- 3         55.3    461.0408    650.2515   27.743  5.097E+00  1.248E+01  1.357E-01  2.343E-01  6.645E+02  8.386E-04
5      -- 4         83.0    576.2679    520.2310   22.873  3.656E+00  7.265E+00  4.949E-02  1.357E-01  3.867E+02  9.530E-04
6      -- 5        116.2    691.4731    433.5562   20.381  1.497E+00  3.734E+00  1.148E-02  4.949E-02  1.987E+02  8.461E-04
7      -- 6        154.9    806.6518    371.6504   21.858  3.530E-01  1.619E+00  2.254E-03  1.148E-02  8.620E+01  5.826E-04
8      -- 7        199.1    921.7997    325.2252   27.984  6.550E-02  6.083E-01  5.257E-04  2.254E-03  3.238E+01  3.266E-04
9      -- 8        248.9   1036.9124    289.1203   36.125  1.423E-02  2.175E-01  1.482E-04  5.257E-04  1.158E+01  1.662E-04
10     -- 9        304.2   1151.9855    260.2398   42.502  3.863E-03  7.581E-02  4.460E-05  1.482E-04  4.035E+00  7.944E-05
11     -- 10       365.0   1267.0145    236.6133   47.506  1.143E-03  2.590E-02  1.358E-05  4.460E-05  1.379E+00  3.612E-05
12     -- 11       431.3   1381.9951    216.9273   52.163  3.439E-04  8.699E-03  4.139E-06  1.358E-05  4.630E-01  1.574E-05
13     -- 12       503.1   1496.9229    200.2725   57.503  1.030E-04  2.934E-03  1.282E-06  4.139E-06  1.561E-01  6.745E-06
14     -- 13       580.5   1611.7935    185.9993   58.959  3.241E-05  9.146E-04  3.707E-07  1.282E-06  4.868E-02  2.625E-06
15     -- 14       663.4   1726.6025    173.6314   59.805  9.536E-06  2.617E-04  9.913E-08  3.707E-07  1.393E-02  9.233E-07
16     -- 15       751.7   1841.3455    162.8116   65.617  2.495E-06  7.714E-05  2.745E-08  9.913E-08  4.106E-03  3.301E-07
