* Radex version        : 30nov2011
* Geometry             : Uniform sphere
* Molecular data file  : ./data/co.dat                                                                   
* T(kin)            [K]:  170.000
* Density of H2  [cm-3]:  1.000E+04
* Density of pH2 [cm-3]:  2.500E+03
* Density of oH2 [cm-3]:  7.500E+03
* T(background)     [K]:   13.800
* Column density [cm-2]:  1.543E+19
* Line width     [km/s]:   50.000
Calculation finished in   36 iterations
      LINE         E_UP       FREQ        WAVEL     T_EX      TAU        T_R       POP        POP       FLUX        FLUX
                   (K)        (GHz)       (um)      (K)                  (K)        UP        LOW      (K*km/s) (erg/cm2/s)
1      -- 0          5.5    115.2712   2600.7576 -8.148E+03 -8.402E-03  6.887E+01  8.470E-02  2.821E-02  3.665E+03  7.230E-05
2      -- 1         16.6    230.5380   1300.4037  130.761  2.007E+00  1.007E+02  1.297E-01  8.470E-02  5.359E+03  8.456E-04
3      -- 2         33.2    345.7960    866.9634  114.420  4.602E+00  9.820E+01  1.571E-01  1.297E-01  5.227E+03  2.783E-03
4      -- 3         55.3    461.0408    650.2515  107.394  7.305E+00  9.108E+01  1.644E-01  1.571E-01  4.848E+03  6.118E-03
5      -- 4         83.0    576.2679    520.2310   99.396  9.675E+00  8.189E+01  1.521E-01  1.644E-01  4.359E+03  1.074E-02
6      -- 5        116.2    691.4731    433.5562   89.212  1.122E+01  7.035E+01  1.239E-01  1.521E-01  3.744E+03  1.594E-02
7      -- 6        154.9    806.6518    371.6504   76.671  1.148E+01  5.644E+01  8.629E-02  1.239E-01  3.004E+03  2.031E-02
8      -- 7        199.1    921.7997    325.2252   62.485  1.011E+01  4.108E+01  4.817E-02  8.629E-02  2.187E+03  2.206E-02
9      -- 8        248.9   1036.9124    289.1203   48.346  7.072E+00  2.625E+01  1.923E-02  4.817E-02  1.397E+03  2.006E-02
10     -- 9        304.2   1151.9855    260.2398   37.521  3.352E+00  1.487E+01  4.871E-03  1.923E-02  7.914E+02  1.558E-02
11     -- 10       365.0   1267.0145    236.6133   36.019  8.898E-01  7.683E+00  9.861E-04  4.871E-03  4.089E+02  1.071E-02
12     -- 11       431.3   1381.9951    216.9273   48.153  1.638E-01  3.297E+00  2.704E-04  9.861E-04  1.755E+02  5.965E-03
13     -- 12       503.1   1496.9229    200.2725   61.857  4.089E-02  1.296E+00  9.141E-05  2.704E-04  6.897E+01  2.979E-03
14     -- 13       580.5   1611.7935    185.9993   67.360  1.363E-02  4.825E-01  3.114E-05  9.141E-05  2.568E+01  1.385E-03
15     -- 14       663.4   1726.6025    173.6314   70.409  4.663E-03  1.708E-01  1.026E-05  3.114E-05  9.092E+00  6.027E-04
16     -- 15       751.7   1841.3455    162.8116   75.685  1.517E-03  6.027E-02  3.398E-06  1.026E-05  3.208E+00  2.579E-04
