* Radex version        : 30nov2011
* Geometry             : Uniform sphere
* Molecular data file  : ./data/co.dat                                                                   
* T(kin)            [K]:  160.000
* Density of H2  [cm-3]:  6.310E+02
* Density of pH2 [cm-3]:  1.577E+02
* Density of oH2 [cm-3]:  4.732E+02
* T(background)     [K]:   13.800
* Column density [cm-2]:  9.736E+17
* Line width     [km/s]:   50.000
Calculation finished in   27 iterations
      LINE         E_UP       FREQ        WAVEL     T_EX      TAU        T_R       POP        POP       FLUX        FLUX
                   (K)        (GHz)       (um)      (K)                  (K)        UP        LOW      (K*km/s) (erg/cm2/s)
1      -- 0          5.5    115.2712   2600.7576   52.252  3.066E-01  1.012E+01  2.977E-01  1.103E-01  5.385E+02  1.062E-05
2      -- 1         16.6    230.5380   1300.4037   23.517  2.059E+00  8.216E+00  3.099E-01  2.977E-01  4.373E+02  6.900E-05
3      -- 2         33.2    345.7960    866.9634   20.029  2.895E+00  5.420E+00  1.895E-01  3.099E-01  2.885E+02  1.536E-04
4      -- 3         55.3    461.0408    650.2515   17.915  2.118E+00  3.078E+00  7.084E-02  1.895E-01  1.638E+02  2.068E-04
5      -- 4         83.0    576.2679    520.2310   17.208  8.662E-01  1.521E+00  1.736E-02  7.084E-02  8.096E+01  1.995E-04
6      -- 5        116.2    691.4731    433.5562   18.495  2.168E-01  6.476E-01  3.410E-03  1.736E-02  3.447E+01  1.468E-04
7      -- 6        154.9    806.6518    371.6504   22.893  4.103E-02  2.515E-01  7.252E-04  3.410E-03  1.338E+01  9.047E-05
8      -- 7        199.1    921.7997    325.2252   30.750  8.058E-03  9.543E-02  1.950E-04  7.252E-04  5.079E+00  5.124E-05
9      -- 8        248.9   1036.9124    289.1203   38.653  2.034E-03  3.572E-02  6.014E-05  1.950E-04  1.901E+00  2.730E-05
10     -- 9        304.2   1151.9855    260.2398   44.857  6.077E-04  1.320E-02  1.938E-05  6.014E-05  7.025E-01  1.383E-05
11     -- 10       365.0   1267.0145    236.6133   50.235  1.923E-04  4.821E-03  6.327E-06  1.938E-05  2.566E-01  6.722E-06
12     -- 11       431.3   1381.9951    216.9273   55.126  6.203E-05  1.731E-03  2.065E-06  6.327E-06  9.214E-02  3.132E-06
13     -- 12       503.1   1496.9229    200.2725   61.203  1.981E-05  6.292E-04  6.894E-07  2.065E-06  3.349E-02  1.447E-06
14     -- 13       580.5   1611.7935    185.9993   62.217  6.759E-06  2.100E-04  2.136E-07  6.894E-07  1.118E-02  6.027E-07
15     -- 14       663.4   1726.6025    173.6314   63.018  2.134E-06  6.447E-05  6.130E-08  2.136E-07  3.431E-03  2.275E-07
16     -- 15       751.7   1841.3455    162.8116   69.927  5.955E-07  2.064E-05  1.844E-08  6.130E-08  1.099E-03  8.834E-08
