* Radex version        : 30nov2011
* Geometry             : Uniform sphere
* Molecular data file  : ./data/co.dat                                                                   
* T(kin)            [K]:  180.000
* Density of H2  [cm-3]:  1.259E+05
* Density of pH2 [cm-3]:  3.147E+04
* Density of oH2 [cm-3]:  9.442E+04
* T(background)     [K]:    2.725
* Column density [cm-2]:  1.243E+21
* Line width     [km/s]:   50.000
Calculation finished in   42 iterations
      LINE         E_UP       FREQ        WAVEL     T_EX      TAU        T_R       POP        POP       FLUX        FLUX
                   (K)        (GHz)       (um)      (K)                  (K)        UP        LOW      (K*km/s) (erg/cm2/s)
1      -- 0          5.5    115.2712   2600.7576  179.769  1.649E+01  1.762E+02  4.479E-02  1.540E-02  9.377E+03  1.850E-04
2      -- 1         16.6    230.5380   1300.4037  179.761  6.293E+01  1.741E+02  7.020E-02  4.479E-02  9.266E+03  1.462E-03
3      -- 2         33.2    345.7960    866.9634  179.753  1.311E+02  1.715E+02  8.961E-02  7.020E-02  9.131E+03  4.862E-03
4      -- 3         55.3    461.0408    650.2515  179.736  2.089E+02  1.689E+02  1.019E-01  8.961E-02  8.989E+03  1.135E-02
5      -- 4         83.0    576.2679    520.2310  179.704  2.838E+02  1.662E+02  1.067E-01  1.019E-01  8.848E+03  2.180E-02
6      -- 5        116.2    691.4731    433.5562  179.659  3.444E+02  1.636E+02  1.049E-01  1.067E-01  8.706E+03  3.707E-02
7      -- 6        154.9    806.6518    371.6504  179.589  3.831E+02  1.609E+02  9.755E-02  1.049E-01  8.565E+03  5.790E-02
8      -- 7        199.1    921.7997    325.2252  179.486  3.964E+02  1.583E+02  8.640E-02  9.755E-02  8.424E+03  8.498E-02
9      -- 8        248.9   1036.9124    289.1203  179.340  3.852E+02  1.556E+02  7.317E-02  8.640E-02  8.282E+03  1.189E-01
10     -- 9        304.2   1151.9855    260.2398  179.103  3.539E+02  1.529E+02  5.939E-02  7.317E-02  8.137E+03  1.602E-01
11     -- 10       365.0   1267.0145    236.6133  178.782  3.092E+02  1.501E+02  4.629E-02  5.939E-02  7.989E+03  2.093E-01
12     -- 11       431.3   1381.9951    216.9273  178.273  2.573E+02  1.472E+02  3.469E-02  4.629E-02  7.833E+03  2.663E-01
13     -- 12       503.1   1496.9229    200.2725  177.486  2.048E+02  1.440E+02  2.499E-02  3.469E-02  7.663E+03  3.310E-01
14     -- 13       580.5   1611.7935    185.9993  176.041  1.563E+02  1.402E+02  1.730E-02  2.499E-02  7.461E+03  4.024E-01
15     -- 14       663.4   1726.6025    173.6314  173.630  1.145E+02  1.355E+02  1.147E-02  1.730E-02  7.211E+03  4.780E-01
16     -- 15       751.7   1841.3455    162.8116  169.000  8.079E+01  1.286E+02  7.240E-03  1.147E-02  6.847E+03  5.505E-01
