* Radex version        : 30nov2011
* Geometry             : Uniform sphere
* Molecular data file  : ./data/co.dat                                                                   
* T(kin)            [K]:  120.000
* Density of H2  [cm-3]:  7.943E+04
* Density of pH2 [cm-3]:  1.986E+04
* Density of oH2 [cm-3]:  5.957E+04
* T(background)     [K]:   13.800
* Column density [cm-2]:  1.226E+20
* Line width     [km/s]:   50.000
Calculation finished in   39 iterations
      LINE         E_UP       FREQ        WAVEL     T_EX      TAU        T_R       POP        POP       FLUX        FLUX
                   (K)        (GHz)       (um)      (K)                  (K)        UP        LOW      (K*km/s) (erg/cm2/s)
1      -- 0          5.5    115.2712   2600.7576  119.912  3.712E+00  1.034E+02  6.771E-02  2.364E-02  5.501E+03  1.085E-04
2      -- 1         16.6    230.5380   1300.4037  118.990  1.395E+01  1.045E+02  1.028E-01  6.771E-02  5.564E+03  8.780E-04
3      -- 2         33.2    345.7960    866.9634  118.984  2.794E+01  1.038E+02  1.252E-01  1.028E-01  5.522E+03  2.941E-03
4      -- 3         55.3    461.0408    650.2515  118.821  4.222E+01  1.025E+02  1.336E-01  1.252E-01  5.457E+03  6.887E-03
5      -- 4         83.0    576.2679    520.2310  118.574  5.353E+01  1.010E+02  1.294E-01  1.336E-01  5.374E+03  1.325E-02
6      -- 5        116.2    691.4731    433.5562  118.177  5.973E+01  9.907E+01  1.155E-01  1.294E-01  5.273E+03  2.245E-02
7      -- 6        154.9    806.6518    371.6504  117.559  6.016E+01  9.677E+01  9.584E-02  1.155E-01  5.151E+03  3.482E-02
8      -- 7        199.1    921.7997    325.2252  116.524  5.552E+01  9.393E+01  7.430E-02  9.584E-02  5.000E+03  5.043E-02
9      -- 8        248.9   1036.9124    289.1203  114.799  4.741E+01  9.032E+01  5.383E-02  7.430E-02  4.807E+03  6.902E-02
10     -- 9        304.2   1151.9855    260.2398  111.537  3.778E+01  8.514E+01  3.625E-02  5.383E-02  4.532E+03  8.922E-02
11     -- 10       365.0   1267.0145    236.6133  105.792  2.820E+01  7.753E+01  2.234E-02  3.625E-02  4.127E+03  1.081E-01
12     -- 11       431.3   1381.9951    216.9273   95.738  1.970E+01  6.583E+01  1.215E-02  2.234E-02  3.504E+03  1.191E-01
13     -- 12       503.1   1496.9229    200.2725   80.503  1.254E+01  4.946E+01  5.374E-03  1.215E-02  2.632E+03  1.137E-01
14     -- 13       580.5   1611.7935    185.9993   61.917  6.649E+00  3.077E+01  1.655E-03  5.374E-03  1.637E+03  8.830E-02
15     -- 14       663.4   1726.6025    173.6314   47.513  2.348E+00  1.569E+01  3.093E-04  1.655E-03  8.352E+02  5.537E-02
16     -- 15       751.7   1841.3455    162.8116   49.110  4.400E-01  6.182E+00  5.445E-05  3.093E-04  3.290E+02  2.646E-02
