* Radex version        : 30nov2011
* Geometry             : Uniform sphere
* Molecular data file  : ./data/co.dat                                                                   
* T(kin)            [K]:  270.000
* Density of H2  [cm-3]:  1.585E+04
* Density of pH2 [cm-3]:  3.962E+03
* Density of oH2 [cm-3]:  1.189E+04
* T(background)     [K]:   13.800
* Column density [cm-2]:  2.445E+19
* Line width     [km/s]:   50.000
Calculation finished in   37 iterations
      LINE         E_UP       FREQ        WAVEL     T_EX      TAU        T_R       POP        POP       FLUX        FLUX
                   (K)        (GHz)       (um)      (K)                  (K)        UP        LOW      (K*km/s) (erg/cm2/s)
1      -- 0          5.5    115.2712   2600.7576 -352.572 -1.967E-01  7.969E+01  5.454E-02  1.790E-02  4.241E+03  8.366E-05
2      -- 1         16.6    230.5380   1300.4037  258.075  1.060E+00  1.592E+02  8.709E-02  5.454E-02  8.472E+03  1.337E-03
3      -- 2         33.2    345.7960    866.9634  192.394  2.997E+00  1.682E+02  1.119E-01  8.709E-02  8.955E+03  4.769E-03
4      -- 3         55.3    461.0408    650.2515  179.059  5.147E+00  1.617E+02  1.271E-01  1.119E-01  8.607E+03  1.086E-02
5      -- 4         83.0    576.2679    520.2310  170.131  7.325E+00  1.523E+02  1.320E-01  1.271E-01  8.105E+03  1.997E-02
6      -- 5        116.2    691.4731    433.5562  160.341  9.288E+00  1.410E+02  1.269E-01  1.320E-01  7.505E+03  3.196E-02
7      -- 6        154.9    806.6518    371.6504  147.899  1.083E+01  1.269E+02  1.127E-01  1.269E-01  6.754E+03  4.565E-02
8      -- 7        199.1    921.7997    325.2252  132.888  1.167E+01  1.101E+02  9.154E-02  1.127E-01  5.861E+03  5.912E-02
9      -- 8        248.9   1036.9124    289.1203  115.214  1.162E+01  9.073E+01  6.642E-02  9.154E-02  4.829E+03  6.933E-02
10     -- 9        304.2   1151.9855    260.2398   95.852  1.043E+01  6.982E+01  4.124E-02  6.642E-02  3.716E+03  7.317E-02
11     -- 10       365.0   1267.0145    236.6133   76.715  8.016E+00  4.952E+01  2.044E-02  4.124E-02  2.636E+03  6.904E-02
12     -- 11       431.3   1381.9951    216.9273   60.241  4.802E+00  3.223E+01  7.389E-03  2.044E-02  1.715E+03  5.831E-02
13     -- 12       503.1   1496.9229    200.2725   51.722  1.935E+00  2.008E+01  1.990E-03  7.389E-03  1.069E+03  4.616E-02
14     -- 13       580.5   1611.7935    185.9993   58.655  5.044E-01  1.108E+01  5.716E-04  1.990E-03  5.895E+02  3.179E-02
15     -- 14       663.4   1726.6025    173.6314   78.396  1.280E-01  5.276E+00  2.123E-04  5.716E-04  2.808E+02  1.862E-02
16     -- 15       751.7   1841.3455    162.8116   94.263  4.394E-02  2.439E+00  8.851E-05  2.123E-04  1.298E+02  1.044E-02
