* Radex version        : 30nov2011
* Geometry             : Uniform sphere
* Molecular data file  : ./data/co.dat                                                                   
* T(kin)            [K]:  290.000
* Density of H2  [cm-3]:  3.162E+03
* Density of pH2 [cm-3]:  7.906E+02
* Density of oH2 [cm-3]:  2.372E+03
* T(background)     [K]:   13.800
* Column density [cm-2]:  4.879E+18
* Line width     [km/s]:   50.000
Calculation finished in   33 iterations
      LINE         E_UP       FREQ        WAVEL     T_EX      TAU        T_R       POP        POP       FLUX        FLUX
                   (K)        (GHz)       (um)      (K)                  (K)        UP        LOW      (K*km/s) (erg/cm2/s)
1      -- 0          5.5    115.2712   2600.7576  -67.732 -4.473E-01  4.611E+01  1.234E-01  3.790E-02  2.454E+03  4.841E-05
2      -- 1         16.6    230.5380   1300.4037  107.527  1.115E+00  6.255E+01  1.855E-01  1.234E-01  3.329E+03  5.253E-04
3      -- 2         33.2    345.7960    866.9634   74.400  3.082E+00  5.657E+01  2.078E-01  1.855E-01  3.011E+03  1.603E-03
4      -- 3         55.3    461.0408    650.2515   63.499  4.830E+00  4.712E+01  1.886E-01  2.078E-01  2.508E+03  3.165E-03
5      -- 4         83.0    576.2679    520.2310   53.678  5.819E+00  3.661E+01  1.377E-01  1.886E-01  1.949E+03  4.803E-03
6      -- 5        116.2    691.4731    433.5562   44.093  5.467E+00  2.616E+01  7.666E-02  1.377E-01  1.392E+03  5.928E-03
7      -- 6        154.9    806.6518    371.6504   35.793  3.746E+00  1.696E+01  2.999E-02  7.666E-02  9.025E+02  6.101E-03
8      -- 7        199.1    921.7997    325.2252   31.895  1.643E+00  1.037E+01  8.491E-03  2.999E-02  5.522E+02  5.570E-03
9      -- 8        248.9   1036.9124    289.1203   36.400  4.570E-01  5.733E+00  2.418E-03  8.491E-03  3.051E+02  4.381E-03
10     -- 9        304.2   1151.9855    260.2398   49.724  1.160E-01  2.856E+00  8.793E-04  2.418E-03  1.520E+02  2.993E-03
11     -- 10       365.0   1267.0145    236.6133   63.178  3.851E-02  1.391E+00  3.678E-04  8.793E-04  7.405E+01  1.940E-03
12     -- 11       431.3   1381.9951    216.9273   73.185  1.539E-02  6.785E-01  1.615E-04  3.678E-04  3.611E+01  1.228E-03
13     -- 12       503.1   1496.9229    200.2725   81.807  6.573E-03  3.320E-01  7.249E-05  1.615E-04  1.767E+01  7.634E-04
14     -- 13       580.5   1611.7935    185.9993   84.312  3.006E-03  1.536E-01  3.111E-05  7.249E-05  8.176E+00  4.409E-04
15     -- 14       663.4   1726.6025    173.6314   87.392  1.304E-03  6.806E-02  1.288E-05  3.111E-05  3.622E+00  2.401E-04
16     -- 15       751.7   1841.3455    162.8116   97.189  5.222E-04  3.104E-02  5.525E-06  1.288E-05  1.652E+00  1.328E-04
