* Radex version        : 30nov2011
* Geometry             : Uniform sphere
* Molecular data file  : ./data/co.dat                                                                   
* T(kin)            [K]:  275.000
* Density of H2  [cm-3]:  2.512E+03
* Density of pH2 [cm-3]:  6.280E+02
* Density of oH2 [cm-3]:  1.884E+03
* T(background)     [K]:   13.800
* Column density [cm-2]:  3.876E+18
* Line width     [km/s]:   50.000
Calculation finished in   33 iterations
      LINE         E_UP       FREQ        WAVEL     T_EX      TAU        T_R       POP        POP       FLUX        FLUX
                   (K)        (GHz)       (um)      (K)                  (K)        UP        LOW      (K*km/s) (erg/cm2/s)
1      -- 0          5.5    115.2712   2600.7576  -74.399 -3.768E-01  4.047E+01  1.432E-01  4.432E-02  2.154E+03  4.248E-05
2      -- 1         16.6    230.5380   1300.4037   83.112  1.310E+00  5.017E+01  2.090E-01  1.432E-01  2.670E+03  4.213E-04
3      -- 2         33.2    345.7960    866.9634   60.463  3.311E+00  4.376E+01  2.223E-01  2.090E-01  2.329E+03  1.240E-03
4      -- 3         55.3    461.0408    650.2515   51.178  4.897E+00  3.507E+01  1.855E-01  2.223E-01  1.867E+03  2.356E-03
5      -- 4         83.0    576.2679    520.2310   42.542  5.399E+00  2.578E+01  1.184E-01  1.855E-01  1.372E+03  3.381E-03
6      -- 5        116.2    691.4731    433.5562   34.739  4.343E+00  1.723E+01  5.381E-02  1.184E-01  9.170E+02  3.904E-03
7      -- 6        154.9    806.6518    371.6504   29.489  2.310E+00  1.059E+01  1.671E-02  5.381E-02  5.637E+02  3.810E-03
8      -- 7        199.1    921.7997    325.2252   30.294  7.439E-01  6.039E+00  4.396E-03  1.671E-02  3.214E+02  3.242E-03
9      -- 8        248.9   1036.9124    289.1203   39.567  1.805E-01  3.035E+00  1.397E-03  4.396E-03  1.615E+02  2.319E-03
10     -- 9        304.2   1151.9855    260.2398   52.655  5.155E-02  1.444E+00  5.402E-04  1.397E-03  7.686E+01  1.513E-03
11     -- 10       365.0   1267.0145    236.6133   63.216  1.879E-02  6.861E-01  2.261E-04  5.402E-04  3.652E+01  9.565E-04
12     -- 11       431.3   1381.9951    216.9273   71.868  7.601E-03  3.270E-01  9.767E-05  2.261E-04  1.741E+01  5.916E-04
13     -- 12       503.1   1496.9229    200.2725   80.014  3.200E-03  1.566E-01  4.298E-05  9.767E-05  8.334E+00  3.600E-04
14     -- 13       580.5   1611.7935    185.9993   82.029  1.439E-03  7.055E-02  1.798E-05  4.298E-05  3.755E+00  2.025E-04
15     -- 14       663.4   1726.6025    173.6314   84.739  6.099E-04  3.033E-02  7.228E-06  1.798E-05  1.614E+00  1.070E-04
16     -- 15       751.7   1841.3455    162.8116   94.350  2.369E-04  1.346E-02  3.016E-06  7.228E-06  7.164E-01  5.760E-05
