* Radex version        : 30nov2011
* Geometry             : Uniform sphere
* Molecular data file  : ./data/co.dat                                                                   
* T(kin)            [K]:  255.000
* Density of H2  [cm-3]:  1.000E+04
* Density of pH2 [cm-3]:  2.500E+03
* Density of oH2 [cm-3]:  7.500E+03
* T(background)     [K]:    2.725
* Column density [cm-2]:  9.875E+19
* Line width     [km/s]:   50.000
Calculation finished in   41 iterations
      LINE         E_UP       FREQ        WAVEL     T_EX      TAU        T_R       POP        POP       FLUX        FLUX
                   (K)        (GHz)       (um)      (K)                  (K)        UP        LOW      (K*km/s) (erg/cm2/s)
1      -- 0          5.5    115.2712   2600.7576  475.833  5.199E-01  1.914E+02  4.753E-02  1.603E-02  1.019E+04  2.010E-04
2      -- 1         16.6    230.5380   1300.4037  208.981  4.582E+00  2.012E+02  7.512E-02  4.753E-02  1.071E+04  1.690E-03
3      -- 2         33.2    345.7960    866.9634  204.519  9.846E+00  1.963E+02  9.698E-02  7.512E-02  1.045E+04  5.563E-03
4      -- 3         55.3    461.0408    650.2515  201.697  1.611E+01  1.908E+02  1.117E-01  9.698E-02  1.016E+04  1.282E-02
5      -- 4         83.0    576.2679    520.2310  197.296  2.267E+01  1.838E+02  1.187E-01  1.117E-01  9.782E+03  2.411E-02
6      -- 5        116.2    691.4731    433.5562  191.288  2.872E+01  1.752E+02  1.179E-01  1.187E-01  9.324E+03  3.970E-02
7      -- 6        154.9    806.6518    371.6504  182.768  3.369E+01  1.641E+02  1.101E-01  1.179E-01  8.734E+03  5.904E-02
8      -- 7        199.1    921.7997    325.2252  171.674  3.696E+01  1.505E+02  9.644E-02  1.101E-01  8.011E+03  8.080E-02
9      -- 8        248.9   1036.9124    289.1203  157.423  3.820E+01  1.339E+02  7.857E-02  9.644E-02  7.124E+03  1.023E-01
10     -- 9        304.2   1151.9855    260.2398  140.016  3.708E+01  1.142E+02  5.851E-02  7.857E-02  6.078E+03  1.197E-01
11     -- 10       365.0   1267.0145    236.6133  120.277  3.330E+01  9.242E+01  3.865E-02  5.851E-02  4.919E+03  1.289E-01
12     -- 11       431.3   1381.9951    216.9273   98.678  2.688E+01  6.920E+01  2.145E-02  3.865E-02  3.683E+03  1.252E-01
13     -- 12       503.1   1496.9229    200.2725   76.986  1.834E+01  4.657E+01  9.113E-03  2.145E-02  2.479E+03  1.071E-01
14     -- 13       580.5   1611.7935    185.9993   57.500  9.418E+00  2.724E+01  2.549E-03  9.113E-03  1.450E+03  7.819E-02
15     -- 14       663.4   1726.6025    173.6314   45.517  2.960E+00  1.518E+01  4.413E-04  2.549E-03  8.081E+02  5.357E-02
16     -- 15       751.7   1841.3455    162.8116   54.483  4.865E-01  8.378E+00  9.278E-05  4.413E-04  4.459E+02  3.585E-02
