* Radex version        : 30nov2011
* Geometry             : Uniform sphere
* Molecular data file  : ./data/co.dat                                                                   
* T(kin)            [K]:  215.000
* Density of H2  [cm-3]:  5.012E+04
* Density of pH2 [cm-3]:  1.253E+04
* Density of oH2 [cm-3]:  3.759E+04
* T(background)     [K]:   13.800
* Column density [cm-2]:  7.733E+19
* Line width     [km/s]:   50.000
Calculation finished in   39 iterations
      LINE         E_UP       FREQ        WAVEL     T_EX      TAU        T_R       POP        POP       FLUX        FLUX
                   (K)        (GHz)       (um)      (K)                  (K)        UP        LOW      (K*km/s) (erg/cm2/s)
1      -- 0          5.5    115.2712   2600.7576  266.939  6.714E-01  1.237E+02  4.377E-02  1.489E-02  6.584E+03  1.299E-04
2      -- 1         16.6    230.5380   1300.4037  205.944  3.352E+00  1.848E+02  6.913E-02  4.377E-02  9.834E+03  1.552E-03
3      -- 2         33.2    345.7960    866.9634  202.793  7.153E+00  1.873E+02  8.917E-02  6.913E-02  9.971E+03  5.310E-03
4      -- 3         55.3    461.0408    650.2515  201.786  1.159E+01  1.853E+02  1.027E-01  8.917E-02  9.865E+03  1.245E-02
5      -- 4         83.0    576.2679    520.2310  200.327  1.609E+01  1.825E+02  1.094E-01  1.027E-01  9.714E+03  2.394E-02
6      -- 5        116.2    691.4731    433.5562  198.339  2.005E+01  1.789E+02  1.094E-01  1.094E-01  9.523E+03  4.055E-02
7      -- 6        154.9    806.6518    371.6504  195.348  2.304E+01  1.741E+02  1.035E-01  1.094E-01  9.268E+03  6.265E-02
8      -- 7        199.1    921.7997    325.2252  191.170  2.474E+01  1.680E+02  9.306E-02  1.035E-01  8.944E+03  9.022E-02
9      -- 8        248.9   1036.9124    289.1203  185.206  2.510E+01  1.600E+02  7.950E-02  9.306E-02  8.519E+03  1.223E-01
10     -- 9        304.2   1151.9855    260.2398  176.710  2.420E+01  1.495E+02  6.427E-02  7.950E-02  7.956E+03  1.566E-01
11     -- 10       365.0   1267.0145    236.6133  165.445  2.220E+01  1.361E+02  4.874E-02  6.427E-02  7.246E+03  1.898E-01
12     -- 11       431.3   1381.9951    216.9273  150.292  1.935E+01  1.190E+02  3.407E-02  4.874E-02  6.335E+03  2.153E-01
13     -- 12       503.1   1496.9229    200.2725  130.935  1.588E+01  9.789E+01  2.126E-02  3.407E-02  5.210E+03  2.251E-01
14     -- 13       580.5   1611.7935    185.9993  107.684  1.192E+01  7.331E+01  1.113E-02  2.126E-02  3.902E+03  2.104E-01
15     -- 14       663.4   1726.6025    173.6314   83.714  7.590E+00  4.878E+01  4.423E-03  1.113E-02  2.596E+03  1.721E-01
16     -- 15       751.7   1841.3455    162.8116   64.717  3.543E+00  2.927E+01  1.202E-03  4.423E-03  1.558E+03  1.253E-01
