* Radex version        : 30nov2011
* Geometry             : Uniform sphere
* Molecular data file  : ./data/co.dat                                                                   
* T(kin)            [K]:  205.000
* Density of H2  [cm-3]:  5.012E+02
* Density of pH2 [cm-3]:  1.253E+02
* Density of oH2 [cm-3]:  3.759E+02
* T(background)     [K]:   13.800
* Column density [cm-2]:  7.733E+17
* Line width     [km/s]:   50.000
Calculation finished in   27 iterations
      LINE         E_UP       FREQ        WAVEL     T_EX      TAU        T_R       POP        POP       FLUX        FLUX
                   (K)        (GHz)       (um)      (K)                  (K)        UP        LOW      (K*km/s) (erg/cm2/s)
1      -- 0          5.5    115.2712   2600.7576   48.544  2.717E-01  8.235E+00  3.073E-01  1.148E-01  4.383E+02  8.646E-06
2      -- 1         16.6    230.5380   1300.4037   22.081  1.773E+00  6.650E+00  3.103E-01  3.073E-01  3.539E+02  5.585E-05
3      -- 2         33.2    345.7960    866.9634   19.016  2.379E+00  4.340E+00  1.815E-01  3.103E-01  2.310E+02  1.230E-04
4      -- 3         55.3    461.0408    650.2515   17.426  1.634E+00  2.470E+00  6.555E-02  1.815E-01  1.315E+02  1.659E-04
5      -- 4         83.0    576.2679    520.2310   17.208  6.366E-01  1.236E+00  1.606E-02  6.555E-02  6.580E+01  1.622E-04
6      -- 5        116.2    691.4731    433.5562   19.084  1.575E-01  5.509E-01  3.335E-03  1.606E-02  2.932E+01  1.249E-04
7      -- 6        154.9    806.6518    371.6504   24.541  3.101E-02  2.315E-01  7.946E-04  3.335E-03  1.232E+01  8.329E-05
8      -- 7        199.1    921.7997    325.2252   33.758  6.715E-03  9.682E-02  2.429E-04  7.946E-04  5.153E+00  5.198E-05
9      -- 8        248.9   1036.9124    289.1203   42.586  1.916E-03  4.030E-02  8.436E-05  2.429E-04  2.145E+00  3.079E-05
10     -- 9        304.2   1151.9855    260.2398   49.716  6.414E-04  1.672E-02  3.067E-05  8.436E-05  8.897E-01  1.752E-05
11     -- 10       365.0   1267.0145    236.6133   56.228  2.276E-04  6.930E-03  1.139E-05  3.067E-05  3.689E-01  9.662E-06
12     -- 11       431.3   1381.9951    216.9273   62.038  8.324E-05  2.841E-03  4.250E-06  1.139E-05  1.512E-01  5.139E-06
13     -- 12       503.1   1496.9229    200.2725   68.900  3.036E-05  1.176E-03  1.618E-06  4.250E-06  6.257E-02  2.703E-06
14     -- 13       580.5   1611.7935    185.9993   69.699  1.187E-05  4.481E-04  5.729E-07  1.618E-06  2.385E-02  1.286E-06
15     -- 14       663.4   1726.6025    173.6314   70.831  4.286E-06  1.590E-04  1.901E-07  5.729E-07  8.462E-03  5.609E-07
16     -- 15       751.7   1841.3455    162.8116   79.314  1.374E-06  5.910E-05  6.640E-08  1.901E-07  3.145E-03  2.529E-07
