* Radex version        : 30nov2011
* Geometry             : Uniform sphere
* Molecular data file  : ./data/co.dat                                                                   
* T(kin)            [K]:  200.000
* Density of H2  [cm-3]:  1.585E+05
* Density of pH2 [cm-3]:  3.962E+04
* Density of oH2 [cm-3]:  1.189E+05
* T(background)     [K]:   13.800
* Column density [cm-2]:  2.445E+20
* Line width     [km/s]:   50.000
Calculation finished in   40 iterations
      LINE         E_UP       FREQ        WAVEL     T_EX      TAU        T_R       POP        POP       FLUX        FLUX
                   (K)        (GHz)       (um)      (K)                  (K)        UP        LOW      (K*km/s) (erg/cm2/s)
1      -- 0          5.5    115.2712   2600.7576  201.137  2.666E+00  1.742E+02  4.128E-02  1.414E-02  9.269E+03  1.828E-04
2      -- 1         16.6    230.5380   1300.4037  198.659  1.035E+01  1.842E+02  6.507E-02  4.128E-02  9.803E+03  1.547E-03
3      -- 2         33.2    345.7960    866.9634  198.775  2.170E+01  1.835E+02  8.379E-02  6.507E-02  9.765E+03  5.200E-03
4      -- 3         55.3    461.0408    650.2515  198.661  3.497E+01  1.822E+02  9.638E-02  8.379E-02  9.699E+03  1.224E-02
5      -- 4         83.0    576.2679    520.2310  198.502  4.815E+01  1.807E+02  1.025E-01  9.638E-02  9.617E+03  2.370E-02
6      -- 5        116.2    691.4731    433.5562  198.288  5.942E+01  1.789E+02  1.024E-01  1.025E-01  9.520E+03  4.054E-02
7      -- 6        154.9    806.6518    371.6504  197.959  6.743E+01  1.767E+02  9.721E-02  1.024E-01  9.407E+03  6.359E-02
8      -- 7        199.1    921.7997    325.2252  197.502  7.138E+01  1.743E+02  8.806E-02  9.721E-02  9.279E+03  9.360E-02
9      -- 8        248.9   1036.9124    289.1203  196.852  7.120E+01  1.716E+02  7.644E-02  8.806E-02  9.135E+03  1.312E-01
10     -- 9        304.2   1151.9855    260.2398  195.842  6.735E+01  1.685E+02  6.370E-02  7.644E-02  8.967E+03  1.765E-01
11     -- 10       365.0   1267.0145    236.6133  194.494  6.075E+01  1.649E+02  5.104E-02  6.370E-02  8.778E+03  2.299E-01
12     -- 11       431.3   1381.9951    216.9273  192.396  5.238E+01  1.606E+02  3.930E-02  5.104E-02  8.547E+03  2.905E-01
13     -- 12       503.1   1496.9229    200.2725  189.110  4.334E+01  1.551E+02  2.903E-02  3.930E-02  8.253E+03  3.565E-01
14     -- 13       580.5   1611.7935    185.9993  183.343  3.458E+01  1.471E+02  2.045E-02  2.903E-02  7.829E+03  4.222E-01
15     -- 14       663.4   1726.6025    173.6314  174.168  2.656E+01  1.358E+02  1.358E-02  2.045E-02  7.228E+03  4.791E-01
16     -- 15       751.7   1841.3455    162.8116  159.570  1.965E+01  1.193E+02  8.310E-03  1.358E-02  6.349E+03  5.105E-01
