* Radex version        : 30nov2011
* Geometry             : Uniform sphere
* Molecular data file  : ./data/co.dat                                                                   
* T(kin)            [K]:  285.000
* Density of H2  [cm-3]:  1.585E+03
* Density of pH2 [cm-3]:  3.962E+02
* Density of oH2 [cm-3]:  1.189E+03
* T(background)     [K]:   13.800
* Column density [cm-2]:  2.445E+18
* Line width     [km/s]:   50.000
Calculation finished in   31 iterations
      LINE         E_UP       FREQ        WAVEL     T_EX      TAU        T_R       POP        POP       FLUX        FLUX
                   (K)        (GHz)       (um)      (K)                  (K)        UP        LOW      (K*km/s) (erg/cm2/s)
1      -- 0          5.5    115.2712   2600.7576  -90.169 -2.510E-01  2.973E+01  1.821E-01  5.709E-02  1.582E+03  3.121E-05
2      -- 1         16.6    230.5380   1300.4037   56.239  1.506E+00  3.260E+01  2.493E-01  1.821E-01  1.735E+03  2.738E-04
3      -- 2         33.2    345.7960    866.9634   42.499  3.356E+00  2.665E+01  2.362E-01  2.493E-01  1.418E+03  7.554E-04
4      -- 3         55.3    461.0408    650.2515   35.467  4.340E+00  1.971E+01  1.627E-01  2.362E-01  1.049E+03  1.324E-03
5      -- 4         83.0    576.2679    520.2310   29.405  3.811E+00  1.311E+01  7.766E-02  1.627E-01  6.977E+02  1.719E-03
6      -- 5        116.2    691.4731    433.5562   25.563  2.124E+00  8.073E+00  2.506E-02  7.766E-02  4.297E+02  1.830E-03
7      -- 6        154.9    806.6518    371.6504   26.119  7.176E-01  4.550E+00  6.567E-03  2.506E-02  2.422E+02  1.637E-03
8      -- 7        199.1    921.7997    325.2252   33.490  1.762E-01  2.299E+00  1.986E-03  6.567E-03  1.224E+02  1.234E-03
9      -- 8        248.9   1036.9124    289.1203   45.241  4.796E-02  1.098E+00  7.389E-04  1.986E-03  5.843E+01  8.389E-04
10     -- 9        304.2   1151.9855    260.2398   55.658  1.667E-02  5.206E-01  3.025E-04  7.389E-04  2.771E+01  5.455E-04
11     -- 10       365.0   1267.0145    236.6133   64.660  6.548E-03  2.493E-01  1.294E-04  3.025E-04  1.327E+01  3.476E-04
12     -- 11       431.3   1381.9951    216.9273   72.858  2.721E-03  1.198E-01  5.658E-05  1.294E-04  6.379E+00  2.168E-04
13     -- 12       503.1   1496.9229    200.2725   80.963  1.161E-03  5.790E-02  2.516E-05  5.658E-05  3.082E+00  1.331E-04
14     -- 13       580.5   1611.7935    185.9993   82.363  5.303E-04  2.617E-02  1.056E-05  2.516E-05  1.393E+00  7.512E-05
15     -- 14       663.4   1726.6025    173.6314   84.714  2.262E-04  1.125E-02  4.246E-06  1.056E-05  5.985E-01  3.968E-05
16     -- 15       751.7   1841.3455    162.8116   95.028  8.744E-05  5.023E-03  1.784E-06  4.246E-06  2.674E-01  2.150E-05
