* Radex version        : 30nov2011
* Geometry             : Uniform sphere
* Molecular data file  : ./data/co.dat                                                                   
* T(kin)            [K]:  260.000
* Density of H2  [cm-3]:  3.981E+05
* Density of pH2 [cm-3]:  9.953E+04
* Density of oH2 [cm-3]:  2.986E+05
* T(background)     [K]:   13.800
* Column density [cm-2]:  6.143E+20
* Line width     [km/s]:   50.000
Calculation finished in   39 iterations
      LINE         E_UP       FREQ        WAVEL     T_EX      TAU        T_R       POP        POP       FLUX        FLUX
                   (K)        (GHz)       (um)      (K)                  (K)        UP        LOW      (K*km/s) (erg/cm2/s)
1      -- 0          5.5    115.2712   2600.7576  260.151  3.930E+00  2.413E+02  3.142E-02  1.070E-02  1.285E+04  2.534E-04
2      -- 1         16.6    230.5380   1300.4037  259.539  1.525E+01  2.450E+02  5.019E-02  3.142E-02  1.304E+04  2.058E-03
3      -- 2         33.2    345.7960    866.9634  259.571  3.251E+01  2.442E+02  6.591E-02  5.019E-02  1.300E+04  6.922E-03
4      -- 3         55.3    461.0408    650.2515  259.544  5.356E+01  2.431E+02  7.782E-02  6.591E-02  1.294E+04  1.633E-02
5      -- 4         83.0    576.2679    520.2310  259.499  7.590E+01  2.416E+02  8.549E-02  7.782E-02  1.286E+04  3.169E-02
6      -- 5        116.2    691.4731    433.5562  259.453  9.702E+01  2.399E+02  8.891E-02  8.549E-02  1.277E+04  5.437E-02
7      -- 6        154.9    806.6518    371.6504  259.368  1.147E+02  2.380E+02  8.836E-02  8.891E-02  1.267E+04  8.563E-02
8      -- 7        199.1    921.7997    325.2252  259.265  1.274E+02  2.359E+02  8.443E-02  8.836E-02  1.256E+04  1.267E-01
9      -- 8        248.9   1036.9124    289.1203  259.114  1.341E+02  2.336E+02  7.788E-02  8.443E-02  1.244E+04  1.785E-01
10     -- 9        304.2   1151.9855    260.2398  258.891  1.348E+02  2.312E+02  6.952E-02  7.788E-02  1.231E+04  2.423E-01
11     -- 10       365.0   1267.0145    236.6133  258.635  1.299E+02  2.287E+02  6.019E-02  6.952E-02  1.217E+04  3.188E-01
12     -- 11       431.3   1381.9951    216.9273  258.267  1.205E+02  2.260E+02  5.061E-02  6.019E-02  1.203E+04  4.088E-01
13     -- 12       503.1   1496.9229    200.2725  257.804  1.079E+02  2.232E+02  4.136E-02  5.061E-02  1.188E+04  5.131E-01
14     -- 13       580.5   1611.7935    185.9993  256.942  9.348E+01  2.199E+02  3.288E-02  4.136E-02  1.171E+04  6.312E-01
15     -- 14       663.4   1726.6025    173.6314  255.783  7.841E+01  2.164E+02  2.542E-02  3.288E-02  1.152E+04  7.634E-01
16     -- 15       751.7   1841.3455    162.8116  254.001  6.382E+01  2.122E+02  1.911E-02  2.542E-02  1.130E+04  9.082E-01
