* Radex version        : 30nov2011
* Geometry             : Uniform sphere
* Molecular data file  : ./data/co.dat                                                                   
* T(kin)            [K]:  255.000
* Density of H2  [cm-3]:  6.310E+04
* Density of pH2 [cm-3]:  1.577E+04
* Density of oH2 [cm-3]:  4.732E+04
* T(background)     [K]:   13.800
* Column density [cm-2]:  9.736E+19
* Line width     [km/s]:   50.000
Calculation finished in   40 iterations
      LINE         E_UP       FREQ        WAVEL     T_EX      TAU        T_R       POP        POP       FLUX        FLUX
                   (K)        (GHz)       (um)      (K)                  (K)        UP        LOW      (K*km/s) (erg/cm2/s)
1      -- 0          5.5    115.2712   2600.7576  324.079  5.826E-01  1.369E+02  3.669E-02  1.244E-02  7.288E+03  1.438E-04
2      -- 1         16.6    230.5380   1300.4037  247.239  2.960E+00  2.207E+02  5.848E-02  3.669E-02  1.175E+04  1.853E-03
3      -- 2         33.2    345.7960    866.9634  242.161  6.422E+00  2.265E+02  7.645E-02  5.848E-02  1.205E+04  6.419E-03
4      -- 3         55.3    461.0408    650.2515  241.226  1.056E+01  2.248E+02  8.968E-02  7.645E-02  1.196E+04  1.510E-02
5      -- 4         83.0    576.2679    520.2310  239.949  1.493E+01  2.221E+02  9.767E-02  8.968E-02  1.182E+04  2.913E-02
6      -- 5        116.2    691.4731    433.5562  238.355  1.902E+01  2.189E+02  1.004E-01  9.767E-02  1.165E+04  4.960E-02
7      -- 6        154.9    806.6518    371.6504  235.854  2.243E+01  2.145E+02  9.834E-02  1.004E-01  1.142E+04  7.718E-02
8      -- 7        199.1    921.7997    325.2252  232.504  2.482E+01  2.092E+02  9.214E-02  9.834E-02  1.114E+04  1.123E-01
9      -- 8        248.9   1036.9124    289.1203  227.740  2.606E+01  2.024E+02  8.276E-02  9.214E-02  1.077E+04  1.547E-01
10     -- 9        304.2   1151.9855    260.2398  221.137  2.611E+01  1.936E+02  7.124E-02  8.276E-02  1.031E+04  2.029E-01
11     -- 10       365.0   1267.0145    236.6133  212.646  2.505E+01  1.829E+02  5.862E-02  7.124E-02  9.737E+03  2.551E-01
12     -- 11       431.3   1381.9951    216.9273  201.087  2.308E+01  1.692E+02  4.582E-02  5.862E-02  9.005E+03  3.061E-01
13     -- 12       503.1   1496.9229    200.2725  185.598  2.043E+01  1.516E+02  3.360E-02  4.582E-02  8.069E+03  3.485E-01
14     -- 13       580.5   1611.7935    185.9993  164.738  1.735E+01  1.288E+02  2.257E-02  3.360E-02  6.855E+03  3.696E-01
15     -- 14       663.4   1726.6025    173.6314  139.935  1.377E+01  1.024E+02  1.334E-02  2.257E-02  5.448E+03  3.612E-01
16     -- 15       751.7   1841.3455    162.8116  113.182  9.792E+00  7.454E+01  6.506E-03  1.334E-02  3.967E+03  3.190E-01
