* Radex version        : 30nov2011
* Geometry             : Uniform sphere
* Molecular data file  : ./data/co.dat                                                                   
* T(kin)            [K]:  220.000
* Density of H2  [cm-3]:  1.995E+03
* Density of pH2 [cm-3]:  4.988E+02
* Density of oH2 [cm-3]:  1.496E+03
* T(background)     [K]:   13.800
* Column density [cm-2]:  3.079E+18
* Line width     [km/s]:   50.000
Calculation finished in   32 iterations
      LINE         E_UP       FREQ        WAVEL     T_EX      TAU        T_R       POP        POP       FLUX        FLUX
                   (K)        (GHz)       (um)      (K)                  (K)        UP        LOW      (K*km/s) (erg/cm2/s)
1      -- 0          5.5    115.2712   2600.7576 -133.602 -2.054E-01  3.366E+01  1.737E-01  5.554E-02  1.791E+03  3.534E-05
2      -- 1         16.6    230.5380   1300.4037   59.118  1.728E+00  3.680E+01  2.400E-01  1.737E-01  1.959E+03  3.091E-04
3      -- 2         33.2    345.7960    866.9634   46.127  3.802E+00  3.050E+01  2.345E-01  2.400E-01  1.624E+03  8.645E-04
4      -- 3         55.3    461.0408    650.2515   38.696  5.090E+00  2.296E+01  1.702E-01  2.345E-01  1.222E+03  1.543E-03
5      -- 4         83.0    576.2679    520.2310   31.720  4.789E+00  1.544E+01  8.698E-02  1.702E-01  8.217E+02  2.025E-03
6      -- 5        116.2    691.4731    433.5562   26.360  2.950E+00  9.350E+00  2.919E-02  8.698E-02  4.976E+02  2.119E-03
7      -- 6        154.9    806.6518    371.6504   24.900  1.074E+00  5.185E+00  7.114E-03  2.919E-02  2.760E+02  1.865E-03
8      -- 7        199.1    921.7997    325.2252   30.010  2.527E-01  2.516E+00  1.846E-03  7.114E-03  1.339E+02  1.351E-03
9      -- 8        248.9   1036.9124    289.1203   40.661  5.939E-02  1.115E+00  6.068E-04  1.846E-03  5.936E+01  8.523E-04
10     -- 9        304.2   1151.9855    260.2398   50.574  1.820E-02  4.841E-01  2.248E-04  6.068E-04  2.576E+01  5.072E-04
11     -- 10       365.0   1267.0145    236.6133   58.240  6.512E-03  2.096E-01  8.666E-05  2.248E-04  1.115E+01  2.922E-04
12     -- 11       431.3   1381.9951    216.9273   65.149  2.452E-03  9.056E-02  3.403E-05  8.666E-05  4.820E+00  1.638E-04
13     -- 12       503.1   1496.9229    200.2725   72.100  9.430E-04  3.926E-02  1.357E-05  3.403E-05  2.090E+00  9.026E-05
14     -- 13       580.5   1611.7935    185.9993   73.869  3.838E-04  1.594E-02  5.115E-06  1.357E-05  8.482E-01  4.574E-05
15     -- 14       663.4   1726.6025    173.6314   75.824  1.469E-04  6.107E-03  1.833E-06  5.115E-06  3.251E-01  2.155E-05
16     -- 15       751.7   1841.3455    162.8116   83.978  5.109E-05  2.414E-03  6.813E-07  1.833E-06  1.285E-01  1.033E-05
