* Radex version        : 30nov2011
* Geometry             : Uniform sphere
* Molecular data file  : ./data/co.dat                                                                   
* T(kin)            [K]:  210.000
* Density of H2  [cm-3]:  1.585E+06
* Density of pH2 [cm-3]:  3.962E+05
* Density of oH2 [cm-3]:  1.189E+06
* T(background)     [K]:   13.800
* Column density [cm-2]:  2.445E+21
* Line width     [km/s]:   50.000
Calculation finished in   34 iterations
      LINE         E_UP       FREQ        WAVEL     T_EX      TAU        T_R       POP        POP       FLUX        FLUX
                   (K)        (GHz)       (um)      (K)                  (K)        UP        LOW      (K*km/s) (erg/cm2/s)
1      -- 0          5.5    115.2712   2600.7576  209.986  2.370E+01  1.960E+02  3.833E-02  1.312E-02  1.043E+04  2.058E-04
2      -- 1         16.6    230.5380   1300.4037  209.986  9.107E+01  1.955E+02  6.060E-02  3.833E-02  1.041E+04  1.642E-03
3      -- 2         33.2    345.7960    866.9634  209.985  1.918E+02  1.947E+02  7.839E-02  6.060E-02  1.036E+04  5.518E-03
4      -- 3         55.3    461.0408    650.2515  209.984  3.104E+02  1.935E+02  9.071E-02  7.839E-02  1.030E+04  1.300E-02
5      -- 4         83.0    576.2679    520.2310  209.982  4.300E+02  1.921E+02  9.718E-02  9.071E-02  1.023E+04  2.520E-02
6      -- 5        116.2    691.4731    433.5562  209.980  5.346E+02  1.905E+02  9.806E-02  9.718E-02  1.014E+04  4.318E-02
7      -- 6        154.9    806.6518    371.6504  209.976  6.118E+02  1.887E+02  9.410E-02  9.806E-02  1.004E+04  6.790E-02
8      -- 7        199.1    921.7997    325.2252  209.971  6.541E+02  1.868E+02  8.638E-02  9.410E-02  9.940E+03  1.003E-01
9      -- 8        248.9   1036.9124    289.1203  209.964  6.598E+02  1.847E+02  7.617E-02  8.638E-02  9.829E+03  1.411E-01
10     -- 9        304.2   1151.9855    260.2398  209.953  6.318E+02  1.825E+02  6.470E-02  7.617E-02  9.713E+03  1.912E-01
11     -- 10       365.0   1267.0145    236.6133  209.938  5.778E+02  1.802E+02  5.304E-02  6.470E-02  9.594E+03  2.513E-01
12     -- 11       431.3   1381.9951    216.9273  209.917  5.057E+02  1.780E+02  4.204E-02  5.304E-02  9.471E+03  3.220E-01
13     -- 12       503.1   1496.9229    200.2725  209.887  4.251E+02  1.756E+02  3.224E-02  4.204E-02  9.347E+03  4.038E-01
14     -- 13       580.5   1611.7935    185.9993  209.833  3.440E+02  1.732E+02  2.395E-02  3.224E-02  9.221E+03  4.972E-01
15     -- 14       663.4   1726.6025    173.6314  209.755  2.682E+02  1.708E+02  1.725E-02  2.395E-02  9.093E+03  6.028E-01
16     -- 15       751.7   1841.3455    162.8116  209.622  2.018E+02  1.684E+02  1.204E-02  1.725E-02  8.962E+03  7.206E-01
