* Radex version        : 30nov2011
* Geometry             : Uniform sphere
* Molecular data file  : ./data/co.dat                                                                   
* T(kin)            [K]:  270.000
* Density of H2  [cm-3]:  3.162E+03
* Density of pH2 [cm-3]:  7.906E+02
* Density of oH2 [cm-3]:  2.372E+03
* T(background)     [K]:   13.800
* Column density [cm-2]:  4.879E+18
* Line width     [km/s]:   50.000
Calculation finished in   33 iterations
      LINE         E_UP       FREQ        WAVEL     T_EX      TAU        T_R       POP        POP       FLUX        FLUX
                   (K)        (GHz)       (um)      (K)                  (K)        UP        LOW      (K*km/s) (erg/cm2/s)
1      -- 0          5.5    115.2712   2600.7576  -75.291 -4.146E-01  4.589E+01  1.266E-01  3.922E-02  2.442E+03  4.818E-05
2      -- 1         16.6    230.5380   1300.4037  100.636  1.218E+00  6.070E+01  1.891E-01  1.266E-01  3.231E+03  5.098E-04
3      -- 2         33.2    345.7960    866.9634   71.861  3.240E+00  5.453E+01  2.101E-01  1.891E-01  2.902E+03  1.546E-03
4      -- 3         55.3    461.0408    650.2515   61.494  5.016E+00  4.522E+01  1.885E-01  2.101E-01  2.407E+03  3.037E-03
5      -- 4         83.0    576.2679    520.2310   51.869  5.971E+00  3.487E+01  1.352E-01  1.885E-01  1.856E+03  4.573E-03
6      -- 5        116.2    691.4731    433.5562   42.432  5.506E+00  2.459E+01  7.309E-02  1.352E-01  1.309E+03  5.572E-03
7      -- 6        154.9    806.6518    371.6504   34.400  3.650E+00  1.569E+01  2.737E-02  7.309E-02  8.350E+02  5.644E-03
8      -- 7        199.1    921.7997    325.2252   30.950  1.520E+00  9.421E+00  7.427E-03  2.737E-02  5.014E+02  5.058E-03
9      -- 8        248.9   1036.9124    289.1203   36.006  4.017E-01  5.059E+00  2.084E-03  7.427E-03  2.693E+02  3.866E-03
10     -- 9        304.2   1151.9855    260.2398   49.232  1.005E-01  2.451E+00  7.493E-04  2.084E-03  1.304E+02  2.568E-03
11     -- 10       365.0   1267.0145    236.6133   61.814  3.324E-02  1.163E+00  3.068E-04  7.493E-04  6.189E+01  1.621E-03
12     -- 11       431.3   1381.9951    216.9273   71.186  1.306E-02  5.521E-01  1.314E-04  3.068E-04  2.939E+01  9.989E-04
13     -- 12       503.1   1496.9229    200.2725   79.420  5.444E-03  2.630E-01  5.742E-05  1.314E-04  1.400E+01  6.048E-04
14     -- 13       580.5   1611.7935    185.9993   81.869  2.424E-03  1.184E-01  2.397E-05  5.742E-05  6.301E+00  3.398E-04
15     -- 14       663.4   1726.6025    173.6314   84.747  1.024E-03  5.092E-02  9.640E-06  2.397E-05  2.710E+00  1.797E-04
16     -- 15       751.7   1841.3455    162.8116   94.025  3.986E-04  2.252E-02  4.009E-06  9.640E-06  1.199E+00  9.639E-05
