* Radex version        : 30nov2011
* Geometry             : Uniform sphere
* Molecular data file  : ./data/co.dat                                                                   
* T(kin)            [K]:  285.000
* Density of H2  [cm-3]:  1.995E+05
* Density of pH2 [cm-3]:  4.988E+04
* Density of oH2 [cm-3]:  1.496E+05
* T(background)     [K]:   13.800
* Column density [cm-2]:  3.079E+20
* Line width     [km/s]:   50.000
Calculation finished in   40 iterations
      LINE         E_UP       FREQ        WAVEL     T_EX      TAU        T_R       POP        POP       FLUX        FLUX
                   (K)        (GHz)       (um)      (K)                  (K)        UP        LOW      (K*km/s) (erg/cm2/s)
1      -- 0          5.5    115.2712   2600.7576  291.552  1.645E+00  2.240E+02  2.944E-02  1.000E-02  1.192E+04  2.352E-04
2      -- 1         16.6    230.5380   1300.4037  282.549  6.589E+00  2.677E+02  4.718E-02  2.944E-02  1.425E+04  2.248E-03
3      -- 2         33.2    345.7960    866.9634  282.844  1.410E+01  2.675E+02  6.229E-02  4.718E-02  1.424E+04  7.582E-03
4      -- 3         55.3    461.0408    650.2515  282.730  2.337E+01  2.662E+02  7.406E-02  6.229E-02  1.417E+04  1.788E-02
5      -- 4         83.0    576.2679    520.2310  282.522  3.340E+01  2.646E+02  8.207E-02  7.406E-02  1.408E+04  3.471E-02
6      -- 5        116.2    691.4731    433.5562  282.330  4.311E+01  2.628E+02  8.624E-02  8.207E-02  1.399E+04  5.955E-02
7      -- 6        154.9    806.6518    371.6504  281.953  5.161E+01  2.605E+02  8.674E-02  8.624E-02  1.387E+04  9.374E-02
8      -- 7        199.1    921.7997    325.2252  281.506  5.811E+01  2.581E+02  8.401E-02  8.674E-02  1.374E+04  1.386E-01
9      -- 8        248.9   1036.9124    289.1203  280.839  6.216E+01  2.553E+02  7.865E-02  8.401E-02  1.359E+04  1.951E-01
10     -- 9        304.2   1151.9855    260.2398  279.891  6.358E+01  2.521E+02  7.135E-02  7.865E-02  1.342E+04  2.642E-01
11     -- 10       365.0   1267.0145    236.6133  278.823  6.250E+01  2.488E+02  6.283E-02  7.135E-02  1.324E+04  3.468E-01
12     -- 11       431.3   1381.9951    216.9273  277.335  5.921E+01  2.449E+02  5.377E-02  6.283E-02  1.304E+04  4.432E-01
13     -- 12       503.1   1496.9229    200.2725  275.426  5.422E+01  2.407E+02  4.474E-02  5.377E-02  1.281E+04  5.533E-01
14     -- 13       580.5   1611.7935    185.9993  271.954  4.825E+01  2.348E+02  3.615E-02  4.474E-02  1.250E+04  6.740E-01
15     -- 14       663.4   1726.6025    173.6314  267.253  4.163E+01  2.278E+02  2.834E-02  3.615E-02  1.212E+04  8.036E-01
16     -- 15       751.7   1841.3455    162.8116  260.309  3.494E+01  2.185E+02  2.149E-02  2.834E-02  1.163E+04  9.349E-01
