* Radex version        : 30nov2011
* Geometry             : Uniform sphere
* Molecular data file  : ./data/co.dat                                                                   
* T(kin)            [K]:  205.000
* Density of H2  [cm-3]:  3.981E+04
* Density of pH2 [cm-3]:  9.953E+03
* Density of oH2 [cm-3]:  2.986E+04
* T(background)     [K]:   13.800
* Column density [cm-2]:  6.143E+19
* Line width     [km/s]:   50.000
Calculation finished in   39 iterations
      LINE         E_UP       FREQ        WAVEL     T_EX      TAU        T_R       POP        POP       FLUX        FLUX
                   (K)        (GHz)       (um)      (K)                  (K)        UP        LOW      (K*km/s) (erg/cm2/s)
1      -- 0          5.5    115.2712   2600.7576  275.579  5.616E-01  1.124E+02  4.760E-02  1.619E-02  5.983E+03  1.180E-04
2      -- 1         16.6    230.5380   1300.4037  194.154  3.066E+00  1.713E+02  7.493E-02  4.760E-02  9.118E+03  1.439E-03
3      -- 2         33.2    345.7960    866.9634  189.480  6.573E+00  1.739E+02  9.611E-02  7.493E-02  9.258E+03  4.930E-03
4      -- 3         55.3    461.0408    650.2515  187.993  1.061E+01  1.716E+02  1.098E-01  9.611E-02  9.132E+03  1.152E-02
5      -- 4         83.0    576.2679    520.2310  185.994  1.464E+01  1.682E+02  1.157E-01  1.098E-01  8.952E+03  2.206E-02
6      -- 5        116.2    691.4731    433.5562  183.211  1.812E+01  1.638E+02  1.141E-01  1.157E-01  8.720E+03  3.713E-02
7      -- 6        154.9    806.6518    371.6504  179.099  2.064E+01  1.579E+02  1.061E-01  1.141E-01  8.407E+03  5.683E-02
8      -- 7        199.1    921.7997    325.2252  173.329  2.196E+01  1.503E+02  9.312E-02  1.061E-01  7.999E+03  8.068E-02
9      -- 8        248.9   1036.9124    289.1203  165.218  2.202E+01  1.402E+02  7.701E-02  9.312E-02  7.462E+03  1.071E-01
10     -- 9        304.2   1151.9855    260.2398  153.955  2.091E+01  1.269E+02  5.943E-02  7.701E-02  6.756E+03  1.330E-01
11     -- 10       365.0   1267.0145    236.6133  139.481  1.874E+01  1.105E+02  4.209E-02  5.943E-02  5.883E+03  1.541E-01
12     -- 11       431.3   1381.9951    216.9273  121.189  1.568E+01  9.049E+01  2.647E-02  4.209E-02  4.816E+03  1.637E-01
13     -- 12       503.1   1496.9229    200.2725   99.842  1.190E+01  6.780E+01  1.392E-02  2.647E-02  3.608E+03  1.559E-01
14     -- 13       580.5   1611.7935    185.9993   77.464  7.643E+00  4.481E+01  5.508E-03  1.392E-02  2.385E+03  1.286E-01
15     -- 14       663.4   1726.6025    173.6314   59.502  3.568E+00  2.642E+01  1.463E-03  5.508E-03  1.406E+03  9.321E-02
16     -- 15       751.7   1841.3455    162.8116   55.884  9.927E-01  1.431E+01  3.203E-04  1.463E-03  7.618E+02  6.125E-02
