* Radex version        : 30nov2011
* Geometry             : Uniform sphere
* Molecular data file  : ./data/co.dat                                                                   
* T(kin)            [K]:  200.000
* Density of H2  [cm-3]:  3.981E+02
* Density of pH2 [cm-3]:  9.953E+01
* Density of oH2 [cm-3]:  2.986E+02
* T(background)     [K]:   13.800
* Column density [cm-2]:  6.143E+17
* Line width     [km/s]:   50.000
Calculation finished in   26 iterations
      LINE         E_UP       FREQ        WAVEL     T_EX      TAU        T_R       POP        POP       FLUX        FLUX
                   (K)        (GHz)       (um)      (K)                  (K)        UP        LOW      (K*km/s) (erg/cm2/s)
1      -- 0          5.5    115.2712   2600.7576   36.207  3.114E-01  5.965E+00  3.242E-01  1.259E-01  3.175E+02  6.262E-06
2      -- 1         16.6    230.5380   1300.4037   19.817  1.613E+00  4.642E+00  3.091E-01  3.242E-01  2.471E+02  3.899E-05
3      -- 2         33.2    345.7960    866.9634   17.528  1.979E+00  2.925E+00  1.679E-01  3.091E-01  1.557E+02  8.290E-05
4      -- 3         55.3    461.0408    650.2515   16.494  1.233E+00  1.601E+00  5.644E-02  1.679E-01  8.521E+01  1.075E-04
5      -- 4         83.0    576.2679    520.2310   16.607  4.416E-01  7.647E-01  1.305E-02  5.644E-02  4.070E+01  1.003E-04
6      -- 5        116.2    691.4731    433.5562   18.563  1.027E-01  3.294E-01  2.580E-03  1.305E-02  1.753E+01  7.465E-05
7      -- 6        154.9    806.6518    371.6504   24.005  1.923E-02  1.361E-01  5.935E-04  2.580E-03  7.244E+00  4.897E-05
8      -- 7        199.1    921.7997    325.2252   33.274  4.012E-03  5.625E-02  1.780E-04  5.935E-04  2.994E+00  3.020E-05
9      -- 8        248.9   1036.9124    289.1203   42.126  1.122E-03  2.314E-02  6.104E-05  1.780E-04  1.232E+00  1.768E-05
10     -- 9        304.2   1151.9855    260.2398   49.152  3.710E-04  9.480E-03  2.191E-05  6.104E-05  5.046E-01  9.934E-06
11     -- 10       365.0   1267.0145    236.6133   55.516  1.301E-04  3.877E-03  8.025E-06  2.191E-05  2.063E-01  5.405E-06
12     -- 11       431.3   1381.9951    216.9273   61.122  4.697E-05  1.564E-03  2.947E-06  8.025E-06  8.324E-02  2.830E-06
13     -- 12       503.1   1496.9229    200.2725   67.900  1.686E-05  6.374E-04  1.105E-06  2.947E-06  3.393E-02  1.466E-06
14     -- 13       580.5   1611.7935    185.9993   68.645  6.492E-06  2.389E-04  3.845E-07  1.105E-06  1.271E-02  6.856E-07
15     -- 14       663.4   1726.6025    173.6314   69.672  2.305E-06  8.312E-05  1.251E-07  3.845E-07  4.424E-03  2.933E-07
16     -- 15       751.7   1841.3455    162.8116   78.005  7.248E-07  3.033E-05  4.291E-08  1.251E-07  1.614E-03  1.298E-07
