* Radex version        : 30nov2011
* Geometry             : Uniform sphere
* Molecular data file  : ./data/co.dat                                                                   
* T(kin)            [K]:  285.000
* Density of H2  [cm-3]:  2.512E+04
* Density of pH2 [cm-3]:  6.280E+03
* Density of oH2 [cm-3]:  1.884E+04
* T(background)     [K]:   13.800
* Column density [cm-2]:  3.876E+19
* Line width     [km/s]:   50.000
Calculation finished in   38 iterations
      LINE         E_UP       FREQ        WAVEL     T_EX      TAU        T_R       POP        POP       FLUX        FLUX
                   (K)        (GHz)       (um)      (K)                  (K)        UP        LOW      (K*km/s) (erg/cm2/s)
1      -- 0          5.5    115.2712   2600.7576 -1.935E+03 -4.593E-02  9.159E+01  4.381E-02  1.456E-02  4.875E+03  9.615E-05
2      -- 1         16.6    230.5380   1300.4037  288.238  1.211E+00  1.922E+02  7.027E-02  4.381E-02  1.023E+04  1.614E-03
3      -- 2         33.2    345.7960    866.9634  232.583  3.194E+00  2.083E+02  9.160E-02  7.027E-02  1.109E+04  5.905E-03
4      -- 3         55.3    461.0408    650.2515  221.825  5.456E+00  2.045E+02  1.066E-01  9.160E-02  1.088E+04  1.374E-02
5      -- 4         83.0    576.2679    520.2310  215.333  7.822E+00  1.974E+02  1.146E-01  1.066E-01  1.051E+04  2.590E-02
6      -- 5        116.2    691.4731    433.5562  208.318  1.006E+01  1.889E+02  1.155E-01  1.146E-01  1.005E+04  4.280E-02
7      -- 6        154.9    806.6518    371.6504  198.908  1.199E+01  1.777E+02  1.097E-01  1.155E-01  9.457E+03  6.393E-02
8      -- 7        199.1    921.7997    325.2252  187.024  1.340E+01  1.639E+02  9.811E-02  1.097E-01  8.724E+03  8.800E-02
9      -- 8        248.9   1036.9124    289.1203  172.020  1.414E+01  1.469E+02  8.211E-02  9.811E-02  7.821E+03  1.123E-01
10     -- 9        304.2   1151.9855    260.2398  154.051  1.406E+01  1.270E+02  6.339E-02  8.211E-02  6.761E+03  1.331E-01
11     -- 10       365.0   1267.0145    236.6133  133.950  1.302E+01  1.051E+02  4.409E-02  6.339E-02  5.593E+03  1.465E-01
12     -- 11       431.3   1381.9951    216.9273  112.012  1.099E+01  8.155E+01  2.651E-02  4.409E-02  4.341E+03  1.476E-01
13     -- 12       503.1   1496.9229    200.2725   89.802  8.073E+00  5.821E+01  1.286E-02  2.651E-02  3.098E+03  1.338E-01
14     -- 13       580.5   1611.7935    185.9993   69.840  4.725E+00  3.754E+01  4.565E-03  1.286E-02  1.998E+03  1.077E-01
15     -- 14       663.4   1726.6025    173.6314   59.412  1.867E+00  2.292E+01  1.210E-03  4.565E-03  1.220E+03  8.085E-02
16     -- 15       751.7   1841.3455    162.8116   69.186  4.703E-01  1.276E+01  3.590E-04  1.210E-03  6.792E+02  5.461E-02
