* Radex version        : 30nov2011
* Geometry             : Uniform sphere
* Molecular data file  : ./data/co.dat                                                                   
* T(kin)            [K]:  250.000
* Density of H2  [cm-3]:  1.259E+05
* Density of pH2 [cm-3]:  3.147E+04
* Density of oH2 [cm-3]:  9.442E+04
* T(background)     [K]:   13.800
* Column density [cm-2]:  1.943E+20
* Line width     [km/s]:   50.000
Calculation finished in   40 iterations
      LINE         E_UP       FREQ        WAVEL     T_EX      TAU        T_R       POP        POP       FLUX        FLUX
                   (K)        (GHz)       (um)      (K)                  (K)        UP        LOW      (K*km/s) (erg/cm2/s)
1      -- 0          5.5    115.2712   2600.7576  261.436  1.345E+00  1.830E+02  3.418E-02  1.164E-02  9.739E+03  1.921E-04
2      -- 1         16.6    230.5380   1300.4037  246.215  5.524E+00  2.308E+02  5.446E-02  3.418E-02  1.228E+04  1.938E-03
3      -- 2         33.2    345.7960    866.9634  246.390  1.173E+01  2.311E+02  7.128E-02  5.446E-02  1.230E+04  6.549E-03
4      -- 3         55.3    461.0408    650.2515  246.177  1.927E+01  2.297E+02  8.377E-02  7.128E-02  1.223E+04  1.543E-02
5      -- 4         83.0    576.2679    520.2310  245.803  2.720E+01  2.279E+02  9.149E-02  8.377E-02  1.213E+04  2.990E-02
6      -- 5        116.2    691.4731    433.5562  245.381  3.459E+01  2.259E+02  9.445E-02  9.149E-02  1.202E+04  5.119E-02
7      -- 6        154.9    806.6518    371.6504  244.663  4.068E+01  2.233E+02  9.303E-02  9.445E-02  1.189E+04  8.035E-02
8      -- 7        199.1    921.7997    325.2252  243.739  4.488E+01  2.204E+02  8.793E-02  9.303E-02  1.173E+04  1.183E-01
9      -- 8        248.9   1036.9124    289.1203  242.403  4.692E+01  2.170E+02  8.004E-02  8.793E-02  1.155E+04  1.658E-01
10     -- 9        304.2   1151.9855    260.2398  240.470  4.678E+01  2.129E+02  7.029E-02  8.004E-02  1.133E+04  2.231E-01
11     -- 10       365.0   1267.0145    236.6133  238.070  4.470E+01  2.082E+02  5.963E-02  7.029E-02  1.108E+04  2.903E-01
12     -- 11       431.3   1381.9951    216.9273  234.597  4.105E+01  2.024E+02  4.886E-02  5.963E-02  1.078E+04  3.663E-01
13     -- 12       503.1   1496.9229    200.2725  229.601  3.638E+01  1.952E+02  3.859E-02  4.886E-02  1.039E+04  4.487E-01
14     -- 13       580.5   1611.7935    185.9993  221.317  3.129E+01  1.846E+02  2.922E-02  3.859E-02  9.825E+03  5.298E-01
15     -- 14       663.4   1726.6025    173.6314  209.548  2.601E+01  1.706E+02  2.103E-02  2.922E-02  9.082E+03  6.020E-01
16     -- 15       751.7   1841.3455    162.8116  192.840  2.089E+01  1.519E+02  1.416E-02  2.103E-02  8.083E+03  6.499E-01
