* Radex version        : 30nov2011
* Geometry             : Uniform sphere
* Molecular data file  : ./data/co.dat                                                                   
* T(kin)            [K]:  250.000
* Density of H2  [cm-3]:  7.943E+04
* Density of pH2 [cm-3]:  1.986E+04
* Density of oH2 [cm-3]:  5.957E+04
* T(background)     [K]:   13.800
* Column density [cm-2]:  1.226E+20
* Line width     [km/s]:   50.000
Calculation finished in   40 iterations
      LINE         E_UP       FREQ        WAVEL     T_EX      TAU        T_R       POP        POP       FLUX        FLUX
                   (K)        (GHz)       (um)      (K)                  (K)        UP        LOW      (K*km/s) (erg/cm2/s)
1      -- 0          5.5    115.2712   2600.7576  286.515  8.134E-01  1.517E+02  3.594E-02  1.221E-02  8.075E+03  1.593E-04
2      -- 1         16.6    230.5380   1300.4037  243.400  3.706E+00  2.233E+02  5.723E-02  3.594E-02  1.188E+04  1.875E-03
3      -- 2         33.2    345.7960    866.9634  241.645  7.928E+00  2.262E+02  7.481E-02  5.723E-02  1.204E+04  6.412E-03
4      -- 3         55.3    461.0408    650.2515  241.163  1.301E+01  2.247E+02  8.775E-02  7.481E-02  1.196E+04  1.509E-02
5      -- 4         83.0    576.2679    520.2310  240.325  1.836E+01  2.225E+02  9.559E-02  8.775E-02  1.184E+04  2.918E-02
6      -- 5        116.2    691.4731    433.5562  239.305  2.334E+01  2.198E+02  9.834E-02  9.559E-02  1.170E+04  4.981E-02
7      -- 6        154.9    806.6518    371.6504  237.661  2.745E+01  2.163E+02  9.641E-02  9.834E-02  1.151E+04  7.783E-02
8      -- 7        199.1    921.7997    325.2252  235.480  3.028E+01  2.122E+02  9.055E-02  9.641E-02  1.129E+04  1.139E-01
9      -- 8        248.9   1036.9124    289.1203  232.345  3.167E+01  2.070E+02  8.169E-02  9.055E-02  1.102E+04  1.582E-01
10     -- 9        304.2   1151.9855    260.2398  227.905  3.160E+01  2.004E+02  7.084E-02  8.169E-02  1.066E+04  2.099E-01
11     -- 10       365.0   1267.0145    236.6133  222.160  3.019E+01  1.924E+02  5.901E-02  7.084E-02  1.024E+04  2.682E-01
12     -- 11       431.3   1381.9951    216.9273  214.034  2.774E+01  1.820E+02  4.705E-02  5.901E-02  9.689E+03  3.293E-01
13     -- 12       503.1   1496.9229    200.2725  202.605  2.456E+01  1.684E+02  3.564E-02  4.705E-02  8.963E+03  3.872E-01
14     -- 13       580.5   1611.7935    185.9993  185.987  2.104E+01  1.497E+02  2.526E-02  3.564E-02  7.968E+03  4.297E-01
15     -- 14       663.4   1726.6025    173.6314  164.720  1.717E+01  1.265E+02  1.633E-02  2.526E-02  6.735E+03  4.465E-01
16     -- 15       751.7   1841.3455    162.8116  139.355  1.307E+01  9.966E+01  9.218E-03  1.633E-02  5.304E+03  4.265E-01
