* Radex version        : 30nov2011
* Geometry             : Uniform sphere
* Molecular data file  : ./data/co.dat                                                                   
* T(kin)            [K]:  255.000
* Density of H2  [cm-3]:  1.585E+05
* Density of pH2 [cm-3]:  3.962E+04
* Density of oH2 [cm-3]:  1.189E+05
* T(background)     [K]:    2.725
* Column density [cm-2]:  1.565E+21
* Line width     [km/s]:   50.000
Calculation finished in   42 iterations
      LINE         E_UP       FREQ        WAVEL     T_EX      TAU        T_R       POP        POP       FLUX        FLUX
                   (K)        (GHz)       (um)      (K)                  (K)        UP        LOW      (K*km/s) (erg/cm2/s)
1      -- 0          5.5    115.2712   2600.7576  254.649  1.042E+01  2.510E+02  3.201E-02  1.091E-02  1.336E+04  2.636E-04
2      -- 1         16.6    230.5380   1300.4037  254.580  4.034E+01  2.489E+02  5.109E-02  3.201E-02  1.325E+04  2.090E-03
3      -- 2         33.2    345.7960    866.9634  254.575  8.593E+01  2.463E+02  6.701E-02  5.109E-02  1.311E+04  6.982E-03
4      -- 3         55.3    461.0408    650.2515  254.558  1.413E+02  2.436E+02  7.898E-02  6.701E-02  1.297E+04  1.637E-02
5      -- 4         83.0    576.2679    520.2310  254.519  1.999E+02  2.409E+02  8.659E-02  7.898E-02  1.282E+04  3.160E-02
6      -- 5        116.2    691.4731    433.5562  254.476  2.549E+02  2.382E+02  8.982E-02  8.659E-02  1.268E+04  5.399E-02
7      -- 6        154.9    806.6518    371.6504  254.398  3.007E+02  2.355E+02  8.901E-02  8.982E-02  1.254E+04  8.474E-02
8      -- 7        199.1    921.7997    325.2252  254.299  3.328E+02  2.328E+02  8.477E-02  8.901E-02  1.239E+04  1.250E-01
9      -- 8        248.9   1036.9124    289.1203  254.156  3.492E+02  2.301E+02  7.790E-02  8.477E-02  1.225E+04  1.758E-01
10     -- 9        304.2   1151.9855    260.2398  253.941  3.494E+02  2.273E+02  6.925E-02  7.790E-02  1.210E+04  2.382E-01
11     -- 10       365.0   1267.0145    236.6133  253.693  3.355E+02  2.245E+02  5.968E-02  6.925E-02  1.195E+04  3.130E-01
12     -- 11       431.3   1381.9951    216.9273  253.335  3.096E+02  2.216E+02  4.993E-02  5.968E-02  1.180E+04  4.010E-01
13     -- 12       503.1   1496.9229    200.2725  252.880  2.757E+02  2.187E+02  4.059E-02  4.993E-02  1.164E+04  5.027E-01
14     -- 13       580.5   1611.7935    185.9993  252.031  2.376E+02  2.153E+02  3.207E-02  4.059E-02  1.146E+04  6.180E-01
15     -- 14       663.4   1726.6025    173.6314  250.888  1.981E+02  2.117E+02  2.464E-02  3.207E-02  1.127E+04  7.470E-01
16     -- 15       751.7   1841.3455    162.8116  249.108  1.602E+02  2.075E+02  1.840E-02  2.464E-02  1.105E+04  8.881E-01
