* Radex version        : 30nov2011
* Geometry             : Uniform sphere
* Molecular data file  : ./data/co.dat                                                                   
* T(kin)            [K]:  295.000
* Density of H2  [cm-3]:  1.000E+04
* Density of pH2 [cm-3]:  2.500E+03
* Density of oH2 [cm-3]:  7.500E+03
* T(background)     [K]:   13.800
* Column density [cm-2]:  1.543E+19
* Line width     [km/s]:   50.000
Calculation finished in   36 iterations
      LINE         E_UP       FREQ        WAVEL     T_EX      TAU        T_R       POP        POP       FLUX        FLUX
                   (K)        (GHz)       (um)      (K)                  (K)        UP        LOW      (K*km/s) (erg/cm2/s)
1      -- 0          5.5    115.2712   2600.7576 -133.037 -3.860E-01  6.927E+01  6.484E-02  2.073E-02  3.687E+03  7.272E-05
2      -- 1         16.6    230.5380   1300.4037  264.955  7.747E-01  1.350E+02  1.036E-01  6.484E-02  7.187E+03  1.134E-03
3      -- 2         33.2    345.7960    866.9634  166.695  2.581E+00  1.399E+02  1.314E-01  1.036E-01  7.448E+03  3.966E-03
4      -- 3         55.3    461.0408    650.2515  148.854  4.532E+00  1.311E+02  1.456E-01  1.314E-01  6.976E+03  8.804E-03
5      -- 4         83.0    576.2679    520.2310  137.184  6.441E+00  1.193E+02  1.454E-01  1.456E-01  6.351E+03  1.565E-02
6      -- 5        116.2    691.4731    433.5562  125.033  8.048E+00  1.058E+02  1.318E-01  1.454E-01  5.634E+03  2.399E-02
7      -- 6        154.9    806.6518    371.6504  110.566  9.103E+00  8.983E+01  1.071E-01  1.318E-01  4.781E+03  3.232E-02
8      -- 7        199.1    921.7997    325.2252   94.353  9.259E+00  7.208E+01  7.598E-02  1.071E-01  3.836E+03  3.870E-02
9      -- 8        248.9   1036.9124    289.1203   77.095  8.253E+00  5.347E+01  4.453E-02  7.598E-02  2.846E+03  4.086E-02
10     -- 9        304.2   1151.9855    260.2398   60.919  6.005E+00  3.629E+01  1.986E-02  4.453E-02  1.931E+03  3.802E-02
11     -- 10       365.0   1267.0145    236.6133   49.292  3.155E+00  2.320E+01  6.335E-03  1.986E-02  1.235E+03  3.235E-02
12     -- 11       431.3   1381.9951    216.9273   48.289  1.051E+00  1.427E+01  1.744E-03  6.335E-03  7.594E+02  2.581E-02
13     -- 12       503.1   1496.9229    200.2725   63.780  2.594E-01  7.785E+00  6.105E-04  1.744E-03  4.143E+02  1.790E-02
14     -- 13       580.5   1611.7935    185.9993   81.220  8.188E-02  3.798E+00  2.530E-04  6.105E-04  2.021E+02  1.090E-02
15     -- 14       663.4   1726.6025    173.6314   90.193  3.292E-02  1.775E+00  1.079E-04  2.530E-04  9.446E+01  6.262E-03
16     -- 15       751.7   1841.3455    162.8116  100.024  1.359E-02  8.383E-01  4.748E-05  1.079E-04  4.462E+01  3.587E-03
