* Radex version        : 30nov2011
* Geometry             : Uniform sphere
* Molecular data file  : ./data/co.dat                                                                   
* T(kin)            [K]:  250.000
* Density of H2  [cm-3]:  3.981E+05
* Density of pH2 [cm-3]:  9.953E+04
* Density of oH2 [cm-3]:  2.986E+05
* T(background)     [K]:   13.800
* Column density [cm-2]:  6.143E+20
* Line width     [km/s]:   50.000
Calculation finished in   39 iterations
      LINE         E_UP       FREQ        WAVEL     T_EX      TAU        T_R       POP        POP       FLUX        FLUX
                   (K)        (GHz)       (um)      (K)                  (K)        UP        LOW      (K*km/s) (erg/cm2/s)
1      -- 0          5.5    115.2712   2600.7576  250.062  4.247E+00  2.327E+02  3.263E-02  1.112E-02  1.239E+04  2.443E-04
2      -- 1         16.6    230.5380   1300.4037  249.594  1.645E+01  2.351E+02  5.202E-02  3.263E-02  1.251E+04  1.975E-03
3      -- 2         33.2    345.7960    866.9634  249.616  3.500E+01  2.343E+02  6.815E-02  5.202E-02  1.247E+04  6.640E-03
4      -- 3         55.3    461.0408    650.2515  249.591  5.749E+01  2.331E+02  8.018E-02  6.815E-02  1.241E+04  1.566E-02
5      -- 4         83.0    576.2679    520.2310  249.550  8.116E+01  2.317E+02  8.772E-02  8.018E-02  1.233E+04  3.039E-02
6      -- 5        116.2    691.4731    433.5562  249.504  1.033E+02  2.300E+02  9.076E-02  8.772E-02  1.224E+04  5.212E-02
7      -- 6        154.9    806.6518    371.6504  249.426  1.214E+02  2.281E+02  8.967E-02  9.076E-02  1.214E+04  8.206E-02
8      -- 7        199.1    921.7997    325.2252  249.328  1.340E+02  2.260E+02  8.510E-02  8.967E-02  1.203E+04  1.213E-01
9      -- 8        248.9   1036.9124    289.1203  249.185  1.401E+02  2.237E+02  7.789E-02  8.510E-02  1.191E+04  1.710E-01
10     -- 9        304.2   1151.9855    260.2398  248.972  1.396E+02  2.213E+02  6.895E-02  7.789E-02  1.178E+04  2.319E-01
11     -- 10       365.0   1267.0145    236.6133  248.724  1.334E+02  2.188E+02  5.914E-02  6.895E-02  1.165E+04  3.051E-01
12     -- 11       431.3   1381.9951    216.9273  248.364  1.225E+02  2.161E+02  4.921E-02  5.914E-02  1.150E+04  3.910E-01
13     -- 12       503.1   1496.9229    200.2725  247.899  1.085E+02  2.133E+02  3.978E-02  4.921E-02  1.135E+04  4.905E-01
14     -- 13       580.5   1611.7935    185.9993  247.046  9.296E+01  2.101E+02  3.124E-02  3.978E-02  1.118E+04  6.030E-01
15     -- 14       663.4   1726.6025    173.6314  245.880  7.703E+01  2.066E+02  2.384E-02  3.124E-02  1.099E+04  7.288E-01
16     -- 15       751.7   1841.3455    162.8116  244.043  6.188E+01  2.024E+02  1.767E-02  2.384E-02  1.077E+04  8.660E-01
