* Radex version        : 30nov2011
* Geometry             : Uniform sphere
* Molecular data file  : ./data/co.dat                                                                   
* T(kin)            [K]:  265.000
* Density of H2  [cm-3]:  1.259E+02
* Density of pH2 [cm-3]:  3.147E+01
* Density of oH2 [cm-3]:  9.442E+01
* T(background)     [K]:   13.800
* Column density [cm-2]:  1.943E+17
* Line width     [km/s]:   50.000
Calculation finished in   18 iterations
      LINE         E_UP       FREQ        WAVEL     T_EX      TAU        T_R       POP        POP       FLUX        FLUX
                   (K)        (GHz)       (um)      (K)                  (K)        UP        LOW      (K*km/s) (erg/cm2/s)
1      -- 0          5.5    115.2712   2600.7576   19.168  2.228E-01  1.062E+00  3.619E-01  1.610E-01  5.652E+01  1.115E-06
2      -- 1         16.6    230.5380   1300.4037   15.423  6.814E-01  7.643E-01  2.944E-01  3.619E-01  4.068E+01  6.419E-06
3      -- 2         33.2    345.7960    866.9634   14.832  6.557E-01  4.441E-01  1.346E-01  2.944E-01  2.364E+01  1.259E-05
4      -- 3         55.3    461.0408    650.2515   14.769  3.287E-01  2.230E-01  3.868E-02  1.346E-01  1.187E+01  1.498E-05
5      -- 4         83.0    576.2679    520.2310   15.239  9.882E-02  1.009E-01  7.700E-03  3.868E-02  5.368E+00  1.323E-05
6      -- 5        116.2    691.4731    433.5562   17.124  1.970E-02  4.465E-02  1.310E-03  7.700E-03  2.376E+00  1.012E-05
7      -- 6        154.9    806.6518    371.6504   22.990  3.141E-03  1.986E-02  2.807E-04  1.310E-03  1.057E+00  7.146E-06
8      -- 7        199.1    921.7997    325.2252   34.798  5.871E-04  9.023E-03  8.922E-05  2.807E-04  4.803E-01  4.845E-06
9      -- 8        248.9   1036.9124    289.1203   46.179  1.692E-04  4.110E-03  3.394E-05  8.922E-05  2.188E-01  3.141E-06
10     -- 9        304.2   1151.9855    260.2398   54.688  6.145E-05  1.880E-03  1.365E-05  3.394E-05  1.001E-01  1.970E-06
11     -- 10       365.0   1267.0145    236.6133   62.829  2.388E-05  8.718E-04  5.680E-06  1.365E-05  4.640E-02  1.215E-06
12     -- 11       431.3   1381.9951    216.9273   69.791  9.741E-06  4.019E-04  2.387E-06  5.680E-06  2.139E-02  7.271E-07
13     -- 12       503.1   1496.9229    200.2725   77.800  3.988E-06  1.872E-04  1.024E-06  2.387E-06  9.963E-03  4.304E-07
14     -- 13       580.5   1611.7935    185.9993   77.797  1.773E-06  8.005E-05  4.069E-07  1.024E-06  4.261E-03  2.298E-07
15     -- 14       663.4   1726.6025    173.6314   79.139  7.197E-07  3.210E-05  1.527E-07  4.069E-07  1.709E-03  1.133E-07
16     -- 15       751.7   1841.3455    162.8116   90.025  2.579E-07  1.362E-05  6.089E-08  1.527E-07  7.249E-04  5.828E-08
