* Radex version        : 30nov2011
* Geometry             : Uniform sphere
* Molecular data file  : ./data/co.dat                                                                   
* T(kin)            [K]:  270.000
* Density of H2  [cm-3]:  1.995E+05
* Density of pH2 [cm-3]:  4.988E+04
* Density of oH2 [cm-3]:  1.496E+05
* T(background)     [K]:   13.800
* Column density [cm-2]:  3.079E+20
* Line width     [km/s]:   50.000
Calculation finished in   40 iterations
      LINE         E_UP       FREQ        WAVEL     T_EX      TAU        T_R       POP        POP       FLUX        FLUX
                   (K)        (GHz)       (um)      (K)                  (K)        UP        LOW      (K*km/s) (erg/cm2/s)
1      -- 0          5.5    115.2712   2600.7576  274.704  1.836E+00  2.192E+02  3.095E-02  1.053E-02  1.166E+04  2.301E-04
2      -- 1         16.6    230.5380   1300.4037  267.878  7.299E+00  2.532E+02  4.950E-02  3.095E-02  1.348E+04  2.127E-03
3      -- 2         33.2    345.7960    866.9634  268.152  1.557E+01  2.528E+02  6.514E-02  4.950E-02  1.346E+04  7.165E-03
4      -- 3         55.3    461.0408    650.2515  268.040  2.572E+01  2.516E+02  7.711E-02  6.514E-02  1.339E+04  1.690E-02
5      -- 4         83.0    576.2679    520.2310  267.855  3.658E+01  2.500E+02  8.500E-02  7.711E-02  1.330E+04  3.279E-02
6      -- 5        116.2    691.4731    433.5562  267.671  4.695E+01  2.481E+02  8.874E-02  8.500E-02  1.321E+04  5.623E-02
7      -- 6        154.9    806.6518    371.6504  267.327  5.581E+01  2.459E+02  8.859E-02  8.874E-02  1.309E+04  8.849E-02
8      -- 7        199.1    921.7997    325.2252  266.908  6.233E+01  2.435E+02  8.507E-02  8.859E-02  1.296E+04  1.307E-01
9      -- 8        248.9   1036.9124    289.1203  266.293  6.607E+01  2.408E+02  7.887E-02  8.507E-02  1.282E+04  1.840E-01
10     -- 9        304.2   1151.9855    260.2398  265.404  6.689E+01  2.377E+02  7.078E-02  7.887E-02  1.265E+04  2.491E-01
11     -- 10       365.0   1267.0145    236.6133  264.380  6.502E+01  2.344E+02  6.159E-02  7.078E-02  1.248E+04  3.268E-01
12     -- 11       431.3   1381.9951    216.9273  262.930  6.084E+01  2.306E+02  5.202E-02  6.159E-02  1.227E+04  4.172E-01
13     -- 12       503.1   1496.9229    200.2725  261.023  5.498E+01  2.264E+02  4.266E-02  5.202E-02  1.205E+04  5.204E-01
14     -- 13       580.5   1611.7935    185.9993  257.595  4.822E+01  2.206E+02  3.394E-02  4.266E-02  1.174E+04  6.331E-01
15     -- 14       663.4   1726.6025    173.6314  252.844  4.096E+01  2.135E+02  2.614E-02  3.394E-02  1.136E+04  7.532E-01
16     -- 15       751.7   1841.3455    162.8116  245.625  3.383E+01  2.039E+02  1.942E-02  2.614E-02  1.085E+04  8.727E-01
