* Radex version        : 30nov2011
* Geometry             : Uniform sphere
* Molecular data file  : ./data/co.dat                                                                   
* T(kin)            [K]:  205.000
* Density of H2  [cm-3]:  3.162E+04
* Density of pH2 [cm-3]:  7.906E+03
* Density of oH2 [cm-3]:  2.372E+04
* T(background)     [K]:   13.800
* Column density [cm-2]:  4.879E+19
* Line width     [km/s]:   50.000
Calculation finished in   39 iterations
      LINE         E_UP       FREQ        WAVEL     T_EX      TAU        T_R       POP        POP       FLUX        FLUX
                   (K)        (GHz)       (um)      (K)                  (K)        UP        LOW      (K*km/s) (erg/cm2/s)
1      -- 0          5.5    115.2712   2600.7576  329.497  3.943E-01  1.028E+02  5.039E-02  1.708E-02  5.473E+03  1.079E-04
2      -- 1         16.6    230.5380   1300.4037  191.692  2.611E+00  1.642E+02  7.928E-02  5.039E-02  8.739E+03  1.379E-03
3      -- 2         33.2    345.7960    866.9634  183.387  5.699E+00  1.675E+02  1.014E-01  7.928E-02  8.917E+03  4.748E-03
4      -- 3         55.3    461.0408    650.2515  180.976  9.216E+00  1.645E+02  1.153E-01  1.014E-01  8.758E+03  1.105E-02
5      -- 4         83.0    576.2679    520.2310  178.098  1.272E+01  1.603E+02  1.207E-01  1.153E-01  8.533E+03  2.103E-02
6      -- 5        116.2    691.4731    433.5562  174.129  1.572E+01  1.548E+02  1.179E-01  1.207E-01  8.238E+03  3.507E-02
7      -- 6        154.9    806.6518    371.6504  168.394  1.790E+01  1.473E+02  1.081E-01  1.179E-01  7.839E+03  5.299E-02
8      -- 7        199.1    921.7997    325.2252  160.501  1.901E+01  1.375E+02  9.300E-02  1.081E-01  7.320E+03  7.384E-02
9      -- 8        248.9   1036.9124    289.1203  149.773  1.899E+01  1.249E+02  7.455E-02  9.300E-02  6.647E+03  9.543E-02
10     -- 9        304.2   1151.9855    260.2398  135.596  1.784E+01  1.088E+02  5.481E-02  7.455E-02  5.791E+03  1.140E-01
11     -- 10       365.0   1267.0145    236.6133  118.352  1.560E+01  8.979E+01  3.591E-02  5.481E-02  4.779E+03  1.252E-01
12     -- 11       431.3   1381.9951    216.9273   98.251  1.238E+01  6.824E+01  1.987E-02  3.591E-02  3.632E+03  1.235E-01
13     -- 12       503.1   1496.9229    200.2725   77.244  8.377E+00  4.641E+01  8.468E-03  1.987E-02  2.470E+03  1.067E-01
14     -- 13       580.5   1611.7935    185.9993   59.029  4.270E+00  2.789E+01  2.453E-03  8.468E-03  1.484E+03  8.004E-02
15     -- 14       663.4   1726.6025    173.6314   51.965  1.338E+00  1.542E+01  5.322E-04  2.453E-03  8.206E+02  5.440E-02
16     -- 15       751.7   1841.3455    162.8116   65.251  2.680E-01  7.194E+00  1.462E-04  5.322E-04  3.829E+02  3.079E-02
