* Radex version        : 30nov2011
* Geometry             : Uniform sphere
* Molecular data file  : ./data/co.dat                                                                   
* T(kin)            [K]:  290.000
* Density of H2  [cm-3]:  3.162E+02
* Density of pH2 [cm-3]:  7.906E+01
* Density of oH2 [cm-3]:  2.372E+02
* T(background)     [K]:   13.800
* Column density [cm-2]:  4.879E+17
* Line width     [km/s]:   50.000
Calculation finished in   25 iterations
      LINE         E_UP       FREQ        WAVEL     T_EX      TAU        T_R       POP        POP       FLUX        FLUX
                   (K)        (GHz)       (um)      (K)                  (K)        UP        LOW      (K*km/s) (erg/cm2/s)
1      -- 0          5.5    115.2712   2600.7576   36.330  2.489E-01  4.939E+00  3.274E-01  1.271E-01  2.629E+02  5.186E-06
2      -- 1         16.6    230.5380   1300.4037   19.341  1.318E+00  3.906E+00  3.080E-01  3.274E-01  2.079E+02  3.280E-05
3      -- 2         33.2    345.7960    866.9634   17.248  1.581E+00  2.489E+00  1.647E-01  3.080E-01  1.325E+02  7.055E-05
4      -- 3         55.3    461.0408    650.2515   16.500  9.608E-01  1.398E+00  5.540E-02  1.647E-01  7.442E+01  9.392E-05
5      -- 4         83.0    576.2679    520.2310   16.949  3.416E-01  6.990E-01  1.324E-02  5.540E-02  3.720E+01  9.169E-05
6      -- 5        116.2    691.4731    433.5562   19.650  8.106E-02  3.290E-01  2.891E-03  1.324E-02  1.751E+01  7.456E-05
7      -- 6        154.9    806.6518    371.6504   26.659  1.637E-02  1.516E-01  7.808E-04  2.891E-03  8.071E+00  5.456E-05
8      -- 7        199.1    921.7997    325.2252   37.903  3.926E-03  7.102E-02  2.754E-04  7.808E-04  3.780E+00  3.813E-05
9      -- 8        248.9   1036.9124    289.1203   48.034  1.283E-03  3.332E-02  1.092E-04  2.754E-04  1.774E+00  2.547E-05
10     -- 9        304.2   1151.9855    260.2398   56.553  4.871E-04  1.574E-02  4.542E-05  1.092E-04  8.377E-01  1.649E-05
11     -- 10       365.0   1267.0145    236.6133   65.101  1.954E-04  7.544E-03  1.955E-05  4.542E-05  4.015E-01  1.052E-05
12     -- 11       431.3   1381.9951    216.9273   72.600  8.222E-05  3.607E-03  8.523E-06  1.955E-05  1.920E-01  6.526E-06
13     -- 12       503.1   1496.9229    200.2725   80.825  3.494E-05  1.739E-03  3.784E-06  8.523E-06  9.254E-02  3.998E-06
14     -- 13       580.5   1611.7935    185.9993   80.949  1.608E-05  7.728E-04  1.563E-06  3.784E-06  4.113E-02  2.218E-06
15     -- 14       663.4   1726.6025    173.6314   82.597  6.778E-06  3.238E-04  6.128E-07  1.563E-06  1.723E-02  1.142E-06
16     -- 15       751.7   1841.3455    162.8116   93.923  2.536E-06  1.431E-04  2.546E-07  6.128E-07  7.615E-03  6.122E-07
