* Radex version        : 30nov2011
* Geometry             : Uniform sphere
* Molecular data file  : ./data/co.dat                                                                   
* T(kin)            [K]:  245.000
* Density of H2  [cm-3]:  1.259E+04
* Density of pH2 [cm-3]:  3.147E+03
* Density of oH2 [cm-3]:  9.442E+03
* T(background)     [K]:   13.800
* Column density [cm-2]:  1.943E+19
* Line width     [km/s]:   50.000
Calculation finished in   36 iterations
      LINE         E_UP       FREQ        WAVEL     T_EX      TAU        T_R       POP        POP       FLUX        FLUX
                   (K)        (GHz)       (um)      (K)                  (K)        UP        LOW      (K*km/s) (erg/cm2/s)
1      -- 0          5.5    115.2712   2600.7576 -293.376 -2.190E-01  7.524E+01  6.370E-02  2.084E-02  4.004E+03  7.899E-05
2      -- 1         16.6    230.5380   1300.4037  212.501  1.189E+00  1.377E+02  1.008E-01  6.370E-02  7.329E+03  1.156E-03
3      -- 2         33.2    345.7960    866.9634  162.402  3.238E+00  1.413E+02  1.274E-01  1.008E-01  7.523E+03  4.006E-03
4      -- 3         55.3    461.0408    650.2515  150.686  5.471E+00  1.338E+02  1.414E-01  1.274E-01  7.119E+03  8.985E-03
5      -- 4         83.0    576.2679    520.2310  141.520  7.660E+00  1.238E+02  1.422E-01  1.414E-01  6.588E+03  1.624E-02
6      -- 5        116.2    691.4731    433.5562  130.987  9.509E+00  1.118E+02  1.304E-01  1.422E-01  5.950E+03  2.533E-02
7      -- 6        154.9    806.6518    371.6504  117.843  1.075E+01  9.705E+01  1.083E-01  1.304E-01  5.165E+03  3.492E-02
8      -- 7        199.1    921.7997    325.2252  102.385  1.105E+01  7.998E+01  7.970E-02  1.083E-01  4.257E+03  4.294E-02
9      -- 8        248.9   1036.9124    289.1203   85.070  1.015E+01  6.121E+01  4.963E-02  7.970E-02  3.258E+03  4.678E-02
10     -- 9        304.2   1151.9855    260.2398   67.536  7.894E+00  4.258E+01  2.419E-02  4.963E-02  2.266E+03  4.462E-02
11     -- 10       365.0   1267.0145    236.6133   52.681  4.673E+00  2.699E+01  8.354E-03  2.419E-02  1.437E+03  3.764E-02
12     -- 11       431.3   1381.9951    216.9273   45.514  1.792E+00  1.632E+01  2.115E-03  8.354E-03  8.687E+02  2.953E-02
13     -- 12       503.1   1496.9229    200.2725   53.820  4.318E-01  8.860E+00  6.011E-04  2.115E-03  4.716E+02  2.037E-02
14     -- 13       580.5   1611.7935    185.9993   72.130  1.087E-01  4.115E+00  2.209E-04  6.011E-04  2.190E+02  1.181E-02
15     -- 14       663.4   1726.6025    173.6314   83.058  3.801E-02  1.797E+00  8.708E-05  2.209E-04  9.567E+01  6.342E-03
16     -- 15       751.7   1841.3455    162.8116   91.745  1.455E-02  7.857E-01  3.538E-05  8.708E-05  4.182E+01  3.362E-03
