* Radex version        : 30nov2011
* Geometry             : Uniform sphere
* Molecular data file  : ./data/co.dat                                                                   
* T(kin)            [K]:  225.000
* Density of H2  [cm-3]:  1.995E+06
* Density of pH2 [cm-3]:  4.988E+05
* Density of oH2 [cm-3]:  1.496E+06
* T(background)     [K]:   13.800
* Column density [cm-2]:  3.079E+21
* Line width     [km/s]:   50.000
Calculation finished in   34 iterations
      LINE         E_UP       FREQ        WAVEL     T_EX      TAU        T_R       POP        POP       FLUX        FLUX
                   (K)        (GHz)       (um)      (K)                  (K)        UP        LOW      (K*km/s) (erg/cm2/s)
1      -- 0          5.5    115.2712   2600.7576  224.989  2.602E+01  2.110E+02  3.584E-02  1.224E-02  1.123E+04  2.215E-04
2      -- 1         16.6    230.5380   1300.4037  224.989  1.002E+02  2.105E+02  5.686E-02  3.584E-02  1.120E+04  1.768E-03
3      -- 2         33.2    345.7960    866.9634  224.989  2.120E+02  2.097E+02  7.395E-02  5.686E-02  1.116E+04  5.943E-03
4      -- 3         55.3    461.0408    650.2515  224.988  3.452E+02  2.085E+02  8.617E-02  7.395E-02  1.110E+04  1.401E-02
5      -- 4         83.0    576.2679    520.2310  224.986  4.820E+02  2.071E+02  9.314E-02  8.617E-02  1.102E+04  2.717E-02
6      -- 5        116.2    691.4731    433.5562  224.985  6.050E+02  2.055E+02  9.497E-02  9.314E-02  1.094E+04  4.657E-02
7      -- 6        154.9    806.6518    371.6504  224.982  7.004E+02  2.037E+02  9.226E-02  9.497E-02  1.084E+04  7.328E-02
8      -- 7        199.1    921.7997    325.2252  224.979  7.587E+02  2.017E+02  8.590E-02  9.226E-02  1.074E+04  1.083E-01
9      -- 8        248.9   1036.9124    289.1203  224.974  7.767E+02  1.996E+02  7.695E-02  8.590E-02  1.062E+04  1.525E-01
10     -- 9        304.2   1151.9855    260.2398  224.966  7.562E+02  1.974E+02  6.652E-02  7.695E-02  1.051E+04  2.069E-01
11     -- 10       365.0   1267.0145    236.6133  224.957  7.045E+02  1.952E+02  5.560E-02  6.652E-02  1.039E+04  2.721E-01
12     -- 11       431.3   1381.9951    216.9273  224.943  6.291E+02  1.929E+02  4.500E-02  5.560E-02  1.026E+04  3.489E-01
13     -- 12       503.1   1496.9229    200.2725  224.924  5.405E+02  1.905E+02  3.531E-02  4.500E-02  1.014E+04  4.380E-01
14     -- 13       580.5   1611.7935    185.9993  224.890  4.478E+02  1.881E+02  2.689E-02  3.531E-02  1.001E+04  5.400E-01
15     -- 14       663.4   1726.6025    173.6314  224.842  3.580E+02  1.857E+02  1.988E-02  2.689E-02  9.886E+03  6.553E-01
16     -- 15       751.7   1841.3455    162.8116  224.764  2.768E+02  1.833E+02  1.429E-02  1.988E-02  9.757E+03  7.845E-01
