* Radex version        : 30nov2011
* Geometry             : Uniform sphere
* Molecular data file  : ./data/co.dat                                                                   
* T(kin)            [K]:  210.000
* Density of H2  [cm-3]:  1.995E+02
* Density of pH2 [cm-3]:  4.988E+01
* Density of oH2 [cm-3]:  1.496E+02
* T(background)     [K]:   13.800
* Column density [cm-2]:  3.079E+17
* Line width     [km/s]:   50.000
Calculation finished in   22 iterations
      LINE         E_UP       FREQ        WAVEL     T_EX      TAU        T_R       POP        POP       FLUX        FLUX
                   (K)        (GHz)       (um)      (K)                  (K)        UP        LOW      (K*km/s) (erg/cm2/s)
1      -- 0          5.5    115.2712   2600.7576   22.103  2.937E-01  2.095E+00  3.541E-01  1.516E-01  1.115E+02  2.200E-06
2      -- 1         16.6    230.5380   1300.4037   16.298  1.017E+00  1.524E+00  2.993E-01  3.541E-01  8.113E+01  1.280E-05
3      -- 2         33.2    345.7960    866.9634   15.345  1.037E+00  8.961E-01  1.421E-01  2.993E-01  4.769E+01  2.540E-05
4      -- 3         55.3    461.0408    650.2515   15.105  5.445E-01  4.522E-01  4.222E-02  1.421E-01  2.407E+01  3.037E-05
5      -- 4         83.0    576.2679    520.2310   15.516  1.698E-01  2.007E-01  8.681E-03  4.222E-02  1.068E+01  2.633E-05
6      -- 5        116.2    691.4731    433.5562   17.333  3.506E-02  8.419E-02  1.512E-03  8.681E-03  4.481E+00  1.908E-05
7      -- 6        154.9    806.6518    371.6504   22.651  5.778E-03  3.494E-02  3.159E-04  1.512E-03  1.860E+00  1.257E-05
8      -- 7        199.1    921.7997    325.2252   32.752  1.078E-03  1.465E-02  9.274E-05  3.159E-04  7.799E-01  7.867E-06
9      -- 8        248.9   1036.9124    289.1203   42.604  2.912E-04  6.134E-03  3.223E-05  9.274E-05  3.265E-01  4.688E-06
10     -- 9        304.2   1151.9855    260.2398   50.022  9.723E-05  2.562E-03  1.180E-05  3.223E-05  1.363E-01  2.684E-06
11     -- 10       365.0   1267.0145    236.6133   56.756  3.468E-05  1.072E-03  4.425E-06  1.180E-05  5.708E-02  1.495E-06
12     -- 11       431.3   1381.9951    216.9273   62.551  1.282E-05  4.434E-04  1.666E-06  4.425E-06  2.360E-02  8.022E-07
13     -- 12       503.1   1496.9229    200.2725   69.657  4.709E-06  1.856E-04  6.415E-07  1.666E-06  9.877E-03  4.267E-07
14     -- 13       580.5   1611.7935    185.9993   70.123  1.867E-06  7.121E-05  2.286E-07  6.415E-07  3.790E-03  2.044E-07
15     -- 14       663.4   1726.6025    173.6314   71.109  6.796E-07  2.538E-05  7.621E-08  2.286E-07  1.351E-03  8.954E-08
16     -- 15       751.7   1841.3455    162.8116   80.075  2.181E-07  9.533E-06  2.691E-08  7.621E-08  5.074E-04  4.080E-08
