* Radex version        : 30nov2011
* Geometry             : Uniform sphere
* Molecular data file  : ./data/co.dat                                                                   
* T(kin)            [K]:  255.000
* Density of H2  [cm-3]:  1.000E+05
* Density of pH2 [cm-3]:  2.500E+04
* Density of oH2 [cm-3]:  7.500E+04
* T(background)     [K]:    2.725
* Column density [cm-2]:  9.875E+20
* Line width     [km/s]:   50.000
Calculation finished in   43 iterations
      LINE         E_UP       FREQ        WAVEL     T_EX      TAU        T_R       POP        POP       FLUX        FLUX
                   (K)        (GHz)       (um)      (K)                  (K)        UP        LOW      (K*km/s) (erg/cm2/s)
1      -- 0          5.5    115.2712   2600.7576  254.426  6.652E+00  2.505E+02  3.235E-02  1.102E-02  1.333E+04  2.630E-04
2      -- 1         16.6    230.5380   1300.4037  253.934  2.579E+01  2.482E+02  5.162E-02  3.235E-02  1.321E+04  2.085E-03
3      -- 2         33.2    345.7960    866.9634  253.950  5.491E+01  2.457E+02  6.769E-02  5.162E-02  1.308E+04  6.964E-03
4      -- 3         55.3    461.0408    650.2515  253.906  9.031E+01  2.430E+02  7.977E-02  6.769E-02  1.293E+04  1.632E-02
5      -- 4         83.0    576.2679    520.2310  253.808  1.277E+02  2.402E+02  8.743E-02  7.977E-02  1.279E+04  3.151E-02
6      -- 5        116.2    691.4731    433.5562  253.702  1.629E+02  2.375E+02  9.066E-02  8.743E-02  1.264E+04  5.382E-02
7      -- 6        154.9    806.6518    371.6504  253.511  1.921E+02  2.346E+02  8.979E-02  9.066E-02  1.249E+04  8.442E-02
8      -- 7        199.1    921.7997    325.2252  253.267  2.126E+02  2.318E+02  8.546E-02  8.979E-02  1.234E+04  1.244E-01
9      -- 8        248.9   1036.9124    289.1203  252.912  2.231E+02  2.288E+02  7.845E-02  8.546E-02  1.218E+04  1.749E-01
10     -- 9        304.2   1151.9855    260.2398  252.385  2.233E+02  2.258E+02  6.965E-02  7.845E-02  1.202E+04  2.366E-01
11     -- 10       365.0   1267.0145    236.6133  251.771  2.143E+02  2.226E+02  5.992E-02  6.965E-02  1.185E+04  3.103E-01
12     -- 11       431.3   1381.9951    216.9273  250.885  1.978E+02  2.192E+02  5.000E-02  5.992E-02  1.167E+04  3.966E-01
13     -- 12       503.1   1496.9229    200.2725  249.721  1.761E+02  2.155E+02  4.050E-02  5.000E-02  1.147E+04  4.955E-01
14     -- 13       580.5   1611.7935    185.9993  247.604  1.519E+02  2.109E+02  3.183E-02  4.050E-02  1.123E+04  6.054E-01
15     -- 14       663.4   1726.6025    173.6314  244.655  1.267E+02  2.056E+02  2.425E-02  3.183E-02  1.094E+04  7.253E-01
16     -- 15       751.7   1841.3455    162.8116  239.992  1.026E+02  1.985E+02  1.786E-02  2.425E-02  1.057E+04  8.495E-01
