* Radex version        : 30nov2011
* Geometry             : Uniform sphere
* Molecular data file  : ./data/co.dat                                                                   
* T(kin)            [K]:  205.000
* Density of H2  [cm-3]:  5.012E+05
* Density of pH2 [cm-3]:  1.253E+05
* Density of oH2 [cm-3]:  3.759E+05
* T(background)     [K]:   13.800
* Column density [cm-2]:  7.733E+20
* Line width     [km/s]:   50.000
Calculation finished in   38 iterations
      LINE         E_UP       FREQ        WAVEL     T_EX      TAU        T_R       POP        POP       FLUX        FLUX
                   (K)        (GHz)       (um)      (K)                  (K)        UP        LOW      (K*km/s) (erg/cm2/s)
1      -- 0          5.5    115.2712   2600.7576  204.912  7.894E+00  1.909E+02  3.938E-02  1.349E-02  1.016E+04  2.004E-04
2      -- 1         16.6    230.5380   1300.4037  204.866  3.031E+01  1.904E+02  6.218E-02  3.938E-02  1.013E+04  1.599E-03
3      -- 2         33.2    345.7960    866.9634  204.863  6.372E+01  1.896E+02  8.028E-02  6.218E-02  1.009E+04  5.372E-03
4      -- 3         55.3    461.0408    650.2515  204.852  1.029E+02  1.884E+02  9.265E-02  8.028E-02  1.003E+04  1.266E-02
5      -- 4         83.0    576.2679    520.2310  204.834  1.421E+02  1.870E+02  9.893E-02  9.265E-02  9.954E+03  2.453E-02
6      -- 5        116.2    691.4731    433.5562  204.811  1.761E+02  1.854E+02  9.943E-02  9.893E-02  9.866E+03  4.201E-02
7      -- 6        154.9    806.6518    371.6504  204.776  2.007E+02  1.835E+02  9.497E-02  9.943E-02  9.769E+03  6.603E-02
8      -- 7        199.1    921.7997    325.2252  204.727  2.136E+02  1.815E+02  8.671E-02  9.497E-02  9.662E+03  9.746E-02
9      -- 8        248.9   1036.9124    289.1203  204.658  2.142E+02  1.794E+02  7.600E-02  8.671E-02  9.548E+03  1.371E-01
10     -- 9        304.2   1151.9855    260.2398  204.549  2.039E+02  1.771E+02  6.410E-02  7.600E-02  9.427E+03  1.856E-01
11     -- 10       365.0   1267.0145    236.6133  204.411  1.852E+02  1.748E+02  5.214E-02  6.410E-02  9.302E+03  2.437E-01
12     -- 11       431.3   1381.9951    216.9273  204.200  1.609E+02  1.723E+02  4.096E-02  5.214E-02  9.170E+03  3.117E-01
13     -- 12       503.1   1496.9229    200.2725  203.898  1.342E+02  1.697E+02  3.110E-02  4.096E-02  9.032E+03  3.901E-01
14     -- 13       580.5   1611.7935    185.9993  203.356  1.077E+02  1.668E+02  2.283E-02  3.110E-02  8.880E+03  4.789E-01
15     -- 14       663.4   1726.6025    173.6314  202.561  8.318E+01  1.637E+02  1.621E-02  2.283E-02  8.715E+03  5.777E-01
16     -- 15       751.7   1841.3455    162.8116  201.156  6.200E+01  1.600E+02  1.112E-02  1.621E-02  8.519E+03  6.849E-01
