* Radex version        : 30nov2011
* Geometry             : Uniform sphere
* Molecular data file  : ./data/co.dat                                                                   
* T(kin)            [K]:  255.000
* Density of H2  [cm-3]:  3.981E+05
* Density of pH2 [cm-3]:  9.953E+04
* Density of oH2 [cm-3]:  2.986E+05
* T(background)     [K]:   13.800
* Column density [cm-2]:  6.143E+20
* Line width     [km/s]:   50.000
Calculation finished in   39 iterations
      LINE         E_UP       FREQ        WAVEL     T_EX      TAU        T_R       POP        POP       FLUX        FLUX
                   (K)        (GHz)       (um)      (K)                  (K)        UP        LOW      (K*km/s) (erg/cm2/s)
1      -- 0          5.5    115.2712   2600.7576  255.103  4.084E+00  2.371E+02  3.201E-02  1.091E-02  1.262E+04  2.489E-04
2      -- 1         16.6    230.5380   1300.4037  254.567  1.584E+01  2.401E+02  5.109E-02  3.201E-02  1.278E+04  2.016E-03
3      -- 2         33.2    345.7960    866.9634  254.594  3.372E+01  2.393E+02  6.701E-02  5.109E-02  1.273E+04  6.781E-03
4      -- 3         55.3    461.0408    650.2515  254.568  5.547E+01  2.381E+02  7.898E-02  6.701E-02  1.267E+04  1.599E-02
5      -- 4         83.0    576.2679    520.2310  254.525  7.847E+01  2.366E+02  8.659E-02  7.898E-02  1.260E+04  3.104E-02
6      -- 5        116.2    691.4731    433.5562  254.478  1.001E+02  2.350E+02  8.983E-02  8.659E-02  1.251E+04  5.325E-02
7      -- 6        154.9    806.6518    371.6504  254.398  1.180E+02  2.330E+02  8.901E-02  8.983E-02  1.240E+04  8.384E-02
8      -- 7        199.1    921.7997    325.2252  254.297  1.306E+02  2.309E+02  8.477E-02  8.901E-02  1.229E+04  1.240E-01
9      -- 8        248.9   1036.9124    289.1203  254.150  1.371E+02  2.287E+02  7.790E-02  8.477E-02  1.217E+04  1.748E-01
10     -- 9        304.2   1151.9855    260.2398  253.932  1.372E+02  2.263E+02  6.925E-02  7.790E-02  1.204E+04  2.371E-01
11     -- 10       365.0   1267.0145    236.6133  253.680  1.317E+02  2.237E+02  5.968E-02  6.925E-02  1.191E+04  3.119E-01
12     -- 11       431.3   1381.9951    216.9273  253.316  1.215E+02  2.211E+02  4.993E-02  5.968E-02  1.177E+04  3.999E-01
13     -- 12       503.1   1496.9229    200.2725  252.853  1.082E+02  2.182E+02  4.059E-02  4.993E-02  1.162E+04  5.018E-01
14     -- 13       580.5   1611.7935    185.9993  251.995  9.326E+01  2.150E+02  3.207E-02  4.059E-02  1.144E+04  6.171E-01
15     -- 14       663.4   1726.6025    173.6314  250.833  7.776E+01  2.115E+02  2.464E-02  3.207E-02  1.126E+04  7.461E-01
16     -- 15       751.7   1841.3455    162.8116  249.025  6.289E+01  2.073E+02  1.839E-02  2.464E-02  1.103E+04  8.871E-01
