* Radex version        : 30nov2011
* Geometry             : Uniform sphere
* Molecular data file  : ./data/co.dat                                                                   
* T(kin)            [K]:  200.000
* Density of H2  [cm-3]:  2.512E+02
* Density of pH2 [cm-3]:  6.280E+01
* Density of oH2 [cm-3]:  1.884E+02
* T(background)     [K]:   13.800
* Column density [cm-2]:  3.876E+17
* Line width     [km/s]:   50.000
Calculation finished in   23 iterations
      LINE         E_UP       FREQ        WAVEL     T_EX      TAU        T_R       POP        POP       FLUX        FLUX
                   (K)        (GHz)       (um)      (K)                  (K)        UP        LOW      (K*km/s) (erg/cm2/s)
1      -- 0          5.5    115.2712   2600.7576   24.832  3.181E-01  2.984E+00  3.472E-01  1.446E-01  1.588E+02  3.132E-06
2      -- 1         16.6    230.5380   1300.4037   17.071  1.215E+00  2.203E+00  3.027E-01  3.472E-01  1.173E+02  1.850E-05
3      -- 2         33.2    345.7960    866.9634   15.810  1.298E+00  1.316E+00  1.483E-01  3.027E-01  7.007E+01  3.731E-05
4      -- 3         55.3    461.0408    650.2515   15.408  7.092E-01  6.766E-01  4.536E-02  1.483E-01  3.601E+01  4.545E-05
5      -- 4         83.0    576.2679    520.2310   15.777  2.283E-01  3.037E-01  9.605E-03  4.536E-02  1.616E+01  3.983E-05
6      -- 5        116.2    691.4731    433.5562   17.641  4.855E-02  1.267E-01  1.730E-03  9.605E-03  6.743E+00  2.871E-05
7      -- 6        154.9    806.6518    371.6504   22.932  8.282E-03  5.185E-02  3.690E-04  1.730E-03  2.760E+00  1.866E-05
8      -- 7        199.1    921.7997    325.2252   32.578  1.590E-03  2.136E-02  1.076E-04  3.690E-04  1.137E+00  1.147E-05
9      -- 8        248.9   1036.9124    289.1203   41.918  4.288E-04  8.770E-03  3.667E-05  1.076E-04  4.668E-01  6.702E-06
10     -- 9        304.2   1151.9855    260.2398   49.047  1.408E-04  3.585E-03  1.313E-05  3.667E-05  1.908E-01  3.757E-06
11     -- 10       365.0   1267.0145    236.6133   55.448  4.922E-05  1.464E-03  4.803E-06  1.313E-05  7.792E-02  2.041E-06
12     -- 11       431.3   1381.9951    216.9273   60.975  1.776E-05  5.891E-04  1.759E-06  4.803E-06  3.135E-02  1.066E-06
13     -- 12       503.1   1496.9229    200.2725   67.819  6.356E-06  2.398E-04  6.587E-07  1.759E-06  1.276E-02  5.513E-07
14     -- 13       580.5   1611.7935    185.9993   68.425  2.447E-06  8.954E-05  2.284E-07  6.587E-07  4.766E-03  2.570E-07
15     -- 14       663.4   1726.6025    173.6314   69.360  8.661E-07  3.099E-05  7.394E-08  2.284E-07  1.649E-03  1.093E-07
16     -- 15       751.7   1841.3455    162.8116   77.818  2.706E-07  1.128E-05  2.528E-08  7.394E-08  6.002E-04  4.825E-08
