* Radex version        : 30nov2011
* Geometry             : Uniform sphere
* Molecular data file  : ./data/co.dat                                                                   
* T(kin)            [K]:  245.000
* Density of H2  [cm-3]:  2.512E+06
* Density of pH2 [cm-3]:  6.280E+05
* Density of oH2 [cm-3]:  1.884E+06
* T(background)     [K]:   13.800
* Column density [cm-2]:  3.876E+21
* Line width     [km/s]:   50.000
Calculation finished in   33 iterations
      LINE         E_UP       FREQ        WAVEL     T_EX      TAU        T_R       POP        POP       FLUX        FLUX
                   (K)        (GHz)       (um)      (K)                  (K)        UP        LOW      (K*km/s) (erg/cm2/s)
1      -- 0          5.5    115.2712   2600.7576  244.991  2.766E+01  2.310E+02  3.298E-02  1.125E-02  1.230E+04  2.425E-04
2      -- 1         16.6    230.5380   1300.4037  244.991  1.069E+02  2.305E+02  5.255E-02  3.298E-02  1.227E+04  1.936E-03
3      -- 2         33.2    345.7960    866.9634  244.991  2.271E+02  2.297E+02  6.875E-02  5.255E-02  1.222E+04  6.509E-03
4      -- 3         55.3    461.0408    650.2515  244.990  3.725E+02  2.285E+02  8.075E-02  6.875E-02  1.216E+04  1.535E-02
5      -- 4         83.0    576.2679    520.2310  244.989  5.248E+02  2.271E+02  8.816E-02  8.075E-02  1.209E+04  2.979E-02
6      -- 5        116.2    691.4731    433.5562  244.988  6.661E+02  2.255E+02  9.099E-02  8.816E-02  1.200E+04  5.110E-02
7      -- 6        154.9    806.6518    371.6504  244.986  7.811E+02  2.236E+02  8.965E-02  9.099E-02  1.190E+04  8.046E-02
8      -- 7        199.1    921.7997    325.2252  244.984  8.589E+02  2.217E+02  8.481E-02  8.965E-02  1.180E+04  1.190E-01
9      -- 8        248.9   1036.9124    289.1203  244.980  8.944E+02  2.196E+02  7.737E-02  8.481E-02  1.169E+04  1.678E-01
10     -- 9        304.2   1151.9855    260.2398  244.975  8.875E+02  2.173E+02  6.823E-02  7.737E-02  1.157E+04  2.278E-01
11     -- 10       365.0   1267.0145    236.6133  244.969  8.443E+02  2.151E+02  5.830E-02  6.823E-02  1.145E+04  2.998E-01
12     -- 11       431.3   1381.9951    216.9273  244.959  7.714E+02  2.127E+02  4.834E-02  5.830E-02  1.132E+04  3.849E-01
13     -- 12       503.1   1496.9229    200.2725  244.948  6.795E+02  2.104E+02  3.894E-02  4.834E-02  1.120E+04  4.837E-01
14     -- 13       580.5   1611.7935    185.9993  244.926  5.784E+02  2.080E+02  3.050E-02  3.894E-02  1.107E+04  5.970E-01
15     -- 14       663.4   1726.6025    173.6314  244.897  4.760E+02  2.056E+02  2.324E-02  3.050E-02  1.094E+04  7.254E-01
16     -- 15       751.7   1841.3455    162.8116  244.850  3.796E+02  2.032E+02  1.725E-02  2.324E-02  1.081E+04  8.694E-01
