* Radex version        : 30nov2011
* Geometry             : Uniform sphere
* Molecular data file  : ./data/co.dat                                                                   
* T(kin)            [K]:  210.000
* Density of H2  [cm-3]:  1.000E+03
* Density of pH2 [cm-3]:  2.500E+02
* Density of oH2 [cm-3]:  7.500E+02
* T(background)     [K]:   13.800
* Column density [cm-2]:  1.543E+18
* Line width     [km/s]:   50.000
Calculation finished in   30 iterations
      LINE         E_UP       FREQ        WAVEL     T_EX      TAU        T_R       POP        POP       FLUX        FLUX
                   (K)        (GHz)       (um)      (K)                  (K)        UP        LOW      (K*km/s) (erg/cm2/s)
1      -- 0          5.5    115.2712   2600.7576  334.859  5.922E-02  1.845E+01  2.432E-01  8.243E-02  9.821E+02  1.937E-05
2      -- 1         16.6    230.5380   1300.4037   33.964  1.975E+00  1.700E+01  2.927E-01  2.432E-01  9.046E+02  1.427E-04
3      -- 2         33.2    345.7960    866.9634   27.489  3.485E+00  1.250E+01  2.240E-01  2.927E-01  6.653E+02  3.543E-04
4      -- 3         55.3    461.0408    650.2515   23.249  3.436E+00  8.072E+00  1.112E-01  2.240E-01  4.296E+02  5.422E-04
5      -- 4         83.0    576.2679    520.2310   20.486  1.997E+00  4.641E+00  3.524E-02  1.112E-01  2.470E+02  6.088E-04
6      -- 5        116.2    691.4731    433.5562   20.504  6.708E-01  2.399E+00  8.253E-03  3.524E-02  1.277E+02  5.437E-04
7      -- 6        154.9    806.6518    371.6504   24.652  1.528E-01  1.087E+00  1.981E-03  8.253E-03  5.788E+01  3.912E-04
8      -- 7        199.1    921.7997    325.2252   33.394  3.357E-02  4.672E-01  5.968E-04  1.981E-03  2.487E+01  2.508E-04
9      -- 8        248.9   1036.9124    289.1203   42.751  9.374E-03  1.978E-01  2.082E-04  5.968E-04  1.053E+01  1.512E-04
10     -- 9        304.2   1151.9855    260.2398   50.296  3.139E-03  8.335E-02  7.667E-05  2.082E-04  4.436E+00  8.734E-05
11     -- 10       365.0   1267.0145    236.6133   57.047  1.126E-03  3.512E-02  2.892E-05  7.667E-05  1.869E+00  4.896E-05
12     -- 11       431.3   1381.9951    216.9273   63.195  4.174E-04  1.468E-02  1.101E-05  2.892E-05  7.814E-01  2.656E-05
13     -- 12       503.1   1496.9229    200.2725   70.057  1.554E-04  6.181E-03  4.263E-06  1.101E-05  3.290E-01  1.421E-05
14     -- 13       580.5   1611.7935    185.9993   71.209  6.167E-05  2.412E-03  1.545E-06  4.263E-06  1.284E-01  6.923E-06
15     -- 14       663.4   1726.6025    173.6314   72.665  2.276E-05  8.815E-04  5.281E-07  1.545E-06  4.692E-02  3.110E-06
16     -- 15       751.7   1841.3455    162.8116   80.986  7.527E-06  3.352E-04  1.888E-07  5.281E-07  1.784E-02  1.435E-06
