* Radex version        : 30nov2011
* Geometry             : Uniform sphere
* Molecular data file  : ./data/co.dat                                                                   
* T(kin)            [K]:  295.000
* Density of H2  [cm-3]:  6.310E+05
* Density of pH2 [cm-3]:  1.577E+05
* Density of oH2 [cm-3]:  4.732E+05
* T(background)     [K]:   13.800
* Column density [cm-2]:  9.736E+20
* Line width     [km/s]:   50.000
Calculation finished in   38 iterations
      LINE         E_UP       FREQ        WAVEL     T_EX      TAU        T_R       POP        POP       FLUX        FLUX
                   (K)        (GHz)       (um)      (K)                  (K)        UP        LOW      (K*km/s) (erg/cm2/s)
1      -- 0          5.5    115.2712   2600.7576  295.011  4.829E+00  2.788E+02  2.766E-02  9.395E-03  1.484E+04  2.927E-04
2      -- 1         16.6    230.5380   1300.4037  294.741  1.878E+01  2.802E+02  4.440E-02  2.766E-02  1.492E+04  2.354E-03
3      -- 2         33.2    345.7960    866.9634  294.753  4.030E+01  2.794E+02  5.876E-02  4.440E-02  1.487E+04  7.919E-03
4      -- 3         55.3    461.0408    650.2515  294.740  6.698E+01  2.782E+02  7.008E-02  5.876E-02  1.481E+04  1.869E-02
5      -- 4         83.0    576.2679    520.2310  294.717  9.600E+01  2.768E+02  7.799E-02  7.008E-02  1.473E+04  3.631E-02
6      -- 5        116.2    691.4731    433.5562  294.695  1.244E+02  2.751E+02  8.235E-02  7.799E-02  1.464E+04  6.235E-02
7      -- 6        154.9    806.6518    371.6504  294.653  1.496E+02  2.732E+02  8.332E-02  8.235E-02  1.454E+04  9.830E-02
8      -- 7        199.1    921.7997    325.2252  294.605  1.692E+02  2.712E+02  8.126E-02  8.332E-02  1.443E+04  1.456E-01
9      -- 8        248.9   1036.9124    289.1203  294.531  1.820E+02  2.690E+02  7.670E-02  8.126E-02  1.432E+04  2.055E-01
10     -- 9        304.2   1151.9855    260.2398  294.424  1.873E+02  2.666E+02  7.026E-02  7.670E-02  1.419E+04  2.794E-01
11     -- 10       365.0   1267.0145    236.6133  294.310  1.854E+02  2.642E+02  6.259E-02  7.026E-02  1.406E+04  3.683E-01
12     -- 11       431.3   1381.9951    216.9273  294.149  1.770E+02  2.617E+02  5.430E-02  6.259E-02  1.393E+04  4.735E-01
13     -- 12       503.1   1496.9229    200.2725  293.969  1.635E+02  2.591E+02  4.593E-02  5.430E-02  1.379E+04  5.958E-01
14     -- 13       580.5   1611.7935    185.9993  293.599  1.466E+02  2.563E+02  3.791E-02  4.593E-02  1.364E+04  7.357E-01
15     -- 14       663.4   1726.6025    173.6314  293.134  1.275E+02  2.534E+02  3.054E-02  3.791E-02  1.349E+04  8.942E-01
16     -- 15       751.7   1841.3455    162.8116  292.475  1.079E+02  2.504E+02  2.403E-02  3.054E-02  1.333E+04  1.071E+00
