* Radex version        : 30nov2011
* Geometry             : Uniform sphere
* Molecular data file  : ./data/co.dat                                                                   
* T(kin)            [K]:  290.000
* Density of H2  [cm-3]:  3.981E+02
* Density of pH2 [cm-3]:  9.953E+01
* Density of oH2 [cm-3]:  2.986E+02
* T(background)     [K]:   13.800
* Column density [cm-2]:  6.143E+17
* Line width     [km/s]:   50.000
Calculation finished in   26 iterations
      LINE         E_UP       FREQ        WAVEL     T_EX      TAU        T_R       POP        POP       FLUX        FLUX
                   (K)        (GHz)       (um)      (K)                  (K)        UP        LOW      (K*km/s) (erg/cm2/s)
1      -- 0          5.5    115.2712   2600.7576   48.919  2.176E-01  6.842E+00  3.123E-01  1.166E-01  3.642E+02  7.183E-06
2      -- 1         16.6    230.5380   1300.4037   21.314  1.471E+00  5.592E+00  3.098E-01  3.123E-01  2.976E+02  4.696E-05
3      -- 2         33.2    345.7960    866.9634   18.501  1.919E+00  3.669E+00  1.768E-01  3.098E-01  1.953E+02  1.040E-04
4      -- 3         55.3    461.0408    650.2515   17.304  1.269E+00  2.130E+00  6.330E-02  1.768E-01  1.134E+02  1.431E-04
5      -- 4         83.0    576.2679    520.2310   17.508  4.849E-01  1.102E+00  1.594E-02  6.330E-02  5.867E+01  1.446E-04
6      -- 5        116.2    691.4731    433.5562   20.144  1.217E-01  5.292E-01  3.627E-03  1.594E-02  2.817E+01  1.199E-04
7      -- 6        154.9    806.6518    371.6504   27.058  2.569E-02  2.454E-01  1.001E-03  3.627E-03  1.306E+01  8.828E-05
8      -- 7        199.1    921.7997    325.2252   38.057  6.323E-03  1.151E-01  3.547E-04  1.001E-03  6.126E+00  6.179E-05
9      -- 8        248.9   1036.9124    289.1203   48.057  2.080E-03  5.404E-02  1.408E-04  3.547E-04  2.876E+00  4.129E-05
10     -- 9        304.2   1151.9855    260.2398   56.580  7.899E-04  2.554E-02  5.856E-05  1.408E-04  1.359E+00  2.676E-05
11     -- 10       365.0   1267.0145    236.6133   65.118  3.171E-04  1.225E-02  2.521E-05  5.856E-05  6.517E-01  1.707E-05
12     -- 11       431.3   1381.9951    216.9273   72.678  1.334E-04  5.861E-03  1.100E-05  2.521E-05  3.119E-01  1.060E-05
13     -- 12       503.1   1496.9229    200.2725   80.887  5.675E-05  2.827E-03  4.888E-06  1.100E-05  1.505E-01  6.500E-06
14     -- 13       580.5   1611.7935    185.9993   81.113  2.612E-05  1.259E-03  2.023E-06  4.888E-06  6.701E-02  3.613E-06
15     -- 14       663.4   1726.6025    173.6314   82.818  1.102E-05  5.289E-04  7.951E-07  2.023E-06  2.815E-02  1.866E-06
16     -- 15       751.7   1841.3455    162.8116   94.070  4.138E-06  2.340E-04  3.308E-07  7.951E-07  1.246E-02  1.002E-06
