* Radex version        : 30nov2011
* Geometry             : Uniform sphere
* Molecular data file  : ./data/co.dat                                                                   
* T(kin)            [K]:  225.000
* Density of H2  [cm-3]:  7.943E+04
* Density of pH2 [cm-3]:  1.986E+04
* Density of oH2 [cm-3]:  5.957E+04
* T(background)     [K]:   13.800
* Column density [cm-2]:  1.226E+20
* Line width     [km/s]:   50.000
Calculation finished in   40 iterations
      LINE         E_UP       FREQ        WAVEL     T_EX      TAU        T_R       POP        POP       FLUX        FLUX
                   (K)        (GHz)       (um)      (K)                  (K)        UP        LOW      (K*km/s) (erg/cm2/s)
1      -- 0          5.5    115.2712   2600.7576  246.566  1.034E+00  1.499E+02  3.925E-02  1.338E-02  7.977E+03  1.573E-04
2      -- 1         16.6    230.5380   1300.4037  219.170  4.483E+00  2.024E+02  6.219E-02  3.925E-02  1.077E+04  1.700E-03
3      -- 2         33.2    345.7960    866.9634  218.698  9.485E+00  2.034E+02  8.070E-02  6.219E-02  1.082E+04  5.764E-03
4      -- 3         55.3    461.0408    650.2515  218.276  1.544E+01  2.018E+02  9.376E-02  8.070E-02  1.074E+04  1.356E-02
5      -- 4         83.0    576.2679    520.2310  217.568  2.155E+01  1.997E+02  1.009E-01  9.376E-02  1.063E+04  2.620E-02
6      -- 5        116.2    691.4731    433.5562  216.659  2.703E+01  1.972E+02  1.023E-01  1.009E-01  1.050E+04  4.469E-02
7      -- 6        154.9    806.6518    371.6504  215.235  3.128E+01  1.940E+02  9.863E-02  1.023E-01  1.032E+04  6.978E-02
8      -- 7        199.1    921.7997    325.2252  213.296  3.388E+01  1.901E+02  9.084E-02  9.863E-02  1.012E+04  1.020E-01
9      -- 8        248.9   1036.9124    289.1203  210.497  3.470E+01  1.852E+02  8.015E-02  9.084E-02  9.858E+03  1.415E-01
10     -- 9        304.2   1151.9855    260.2398  206.405  3.382E+01  1.790E+02  6.777E-02  8.015E-02  9.526E+03  1.875E-01
11     -- 10       365.0   1267.0145    236.6133  200.896  3.151E+01  1.713E+02  5.484E-02  6.777E-02  9.116E+03  2.388E-01
12     -- 11       431.3   1381.9951    216.9273  192.849  2.815E+01  1.610E+02  4.226E-02  5.484E-02  8.571E+03  2.914E-01
13     -- 12       503.1   1496.9229    200.2725  181.221  2.419E+01  1.473E+02  3.071E-02  4.226E-02  7.839E+03  3.386E-01
14     -- 13       580.5   1611.7935    185.9993  164.360  1.999E+01  1.284E+02  2.060E-02  3.071E-02  6.835E+03  3.686E-01
15     -- 14       663.4   1726.6025    173.6314  142.710  1.560E+01  1.051E+02  1.232E-02  2.060E-02  5.592E+03  3.707E-01
16     -- 15       751.7   1841.3455    162.8116  117.377  1.111E+01  7.854E+01  6.178E-03  1.232E-02  4.180E+03  3.361E-01
