* Radex version        : 30nov2011
* Geometry             : Uniform sphere
* Molecular data file  : ./data/co.dat                                                                   
* T(kin)            [K]:  265.000
* Density of H2  [cm-3]:  1.995E+06
* Density of pH2 [cm-3]:  4.988E+05
* Density of oH2 [cm-3]:  1.496E+06
* T(background)     [K]:   13.800
* Column density [cm-2]:  3.079E+21
* Line width     [km/s]:   50.000
Calculation finished in   34 iterations
      LINE         E_UP       FREQ        WAVEL     T_EX      TAU        T_R       POP        POP       FLUX        FLUX
                   (K)        (GHz)       (um)      (K)                  (K)        UP        LOW      (K*km/s) (erg/cm2/s)
1      -- 0          5.5    115.2712   2600.7576  264.983  1.880E+01  2.510E+02  3.056E-02  1.040E-02  1.336E+04  2.635E-04
2      -- 1         16.6    230.5380   1300.4037  264.983  7.285E+01  2.505E+02  4.885E-02  3.056E-02  1.333E+04  2.104E-03
3      -- 2         33.2    345.7960    866.9634  264.982  1.555E+02  2.496E+02  6.424E-02  4.885E-02  1.329E+04  7.076E-03
4      -- 3         55.3    461.0408    650.2515  264.981  2.565E+02  2.485E+02  7.598E-02  6.424E-02  1.323E+04  1.669E-02
5      -- 4         83.0    576.2679    520.2310  264.979  3.642E+02  2.471E+02  8.366E-02  7.598E-02  1.315E+04  3.241E-02
6      -- 5        116.2    691.4731    433.5562  264.977  4.665E+02  2.454E+02  8.723E-02  8.366E-02  1.306E+04  5.562E-02
7      -- 6        154.9    806.6518    371.6504  264.973  5.532E+02  2.436E+02  8.697E-02  8.723E-02  1.297E+04  8.764E-02
8      -- 7        199.1    921.7997    325.2252  264.969  6.161E+02  2.416E+02  8.341E-02  8.697E-02  1.286E+04  1.297E-01
9      -- 8        248.9   1036.9124    289.1203  264.963  6.508E+02  2.395E+02  7.726E-02  8.341E-02  1.275E+04  1.830E-01
10     -- 9        304.2   1151.9855    260.2398  264.953  6.563E+02  2.372E+02  6.931E-02  7.726E-02  1.263E+04  2.486E-01
11     -- 10       365.0   1267.0145    236.6133  264.943  6.355E+02  2.350E+02  6.035E-02  6.931E-02  1.251E+04  3.276E-01
12     -- 11       431.3   1381.9951    216.9273  264.928  5.922E+02  2.326E+02  5.107E-02  6.035E-02  1.238E+04  4.208E-01
13     -- 12       503.1   1496.9229    200.2725  264.909  5.328E+02  2.302E+02  4.205E-02  5.107E-02  1.225E+04  5.293E-01
14     -- 13       580.5   1611.7935    185.9993  264.874  4.640E+02  2.278E+02  3.373E-02  4.205E-02  1.212E+04  6.538E-01
15     -- 14       663.4   1726.6025    173.6314  264.828  3.914E+02  2.253E+02  2.637E-02  3.373E-02  1.199E+04  7.951E-01
16     -- 15       751.7   1841.3455    162.8116  264.758  3.204E+02  2.229E+02  2.010E-02  2.637E-02  1.186E+04  9.538E-01
