* Radex version        : 30nov2011
* Geometry             : Uniform sphere
* Molecular data file  : ./data/co.dat                                                                   
* T(kin)            [K]:  270.000
* Density of H2  [cm-3]:  6.310E+03
* Density of pH2 [cm-3]:  1.577E+03
* Density of oH2 [cm-3]:  4.732E+03
* T(background)     [K]:   13.800
* Column density [cm-2]:  9.736E+18
* Line width     [km/s]:   50.000
Calculation finished in   35 iterations
      LINE         E_UP       FREQ        WAVEL     T_EX      TAU        T_R       POP        POP       FLUX        FLUX
                   (K)        (GHz)       (um)      (K)                  (K)        UP        LOW      (K*km/s) (erg/cm2/s)
1      -- 0          5.5    115.2712   2600.7576  -99.093 -4.313E-01  6.099E+01  8.613E-02  2.715E-02  3.246E+03  6.403E-05
2      -- 1         16.6    230.5380   1300.4037  176.041  9.671E-01  1.001E+02  1.348E-01  8.613E-02  5.330E+03  8.410E-04
3      -- 2         33.2    345.7960    866.9634  118.596  2.919E+00  9.778E+01  1.641E-01  1.348E-01  5.204E+03  2.771E-03
4      -- 3         55.3    461.0408    650.2515  104.790  4.923E+00  8.790E+01  1.708E-01  1.641E-01  4.678E+03  5.904E-03
5      -- 4         83.0    576.2679    520.2310   93.555  6.685E+00  7.600E+01  1.553E-01  1.708E-01  4.045E+03  9.970E-03
6      -- 5        116.2    691.4731    433.5562   81.427  7.789E+00  6.264E+01  1.221E-01  1.553E-01  3.334E+03  1.420E-02
7      -- 6        154.9    806.6518    371.6504   67.918  7.828E+00  4.788E+01  7.970E-02  1.221E-01  2.548E+03  1.723E-02
8      -- 7        199.1    921.7997    325.2252   54.465  6.457E+00  3.339E+01  4.009E-02  7.970E-02  1.777E+03  1.792E-02
9      -- 8        248.9   1036.9124    289.1203   43.217  3.950E+00  2.120E+01  1.417E-02  4.009E-02  1.129E+03  1.620E-02
10     -- 9        304.2   1151.9855    260.2398   38.571  1.539E+00  1.279E+01  3.734E-03  1.417E-02  6.809E+02  1.341E-02
11     -- 10       365.0   1267.0145    236.6133   46.504  3.852E-01  6.967E+00  1.106E-03  3.734E-03  3.708E+02  9.713E-03
12     -- 11       431.3   1381.9951    216.9273   64.304  9.974E-02  3.436E+00  4.287E-04  1.106E-03  1.829E+02  6.217E-03
13     -- 12       503.1   1496.9229    200.2725   77.807  3.589E-02  1.655E+00  1.839E-04  4.287E-04  8.809E+01  3.805E-03
14     -- 13       580.5   1611.7935    185.9993   82.727  1.539E-02  7.591E-01  7.753E-05  1.839E-04  4.040E+01  2.179E-03
15     -- 14       663.4   1726.6025    173.6314   86.805  6.513E-03  3.354E-01  3.191E-05  7.753E-05  1.785E+01  1.183E-03
16     -- 15       751.7   1841.3455    162.8116   95.488  2.608E-03  1.508E-01  1.346E-05  3.191E-05  8.024E+00  6.451E-04
