* Radex version        : 30nov2011
* Geometry             : Uniform sphere
* Molecular data file  : ./data/co.dat                                                                   
* T(kin)            [K]:  240.000
* Density of H2  [cm-3]:  1.259E+06
* Density of pH2 [cm-3]:  3.147E+05
* Density of oH2 [cm-3]:  9.442E+05
* T(background)     [K]:   13.800
* Column density [cm-2]:  1.943E+21
* Line width     [km/s]:   50.000
Calculation finished in   36 iterations
      LINE         E_UP       FREQ        WAVEL     T_EX      TAU        T_R       POP        POP       FLUX        FLUX
                   (K)        (GHz)       (um)      (K)                  (K)        UP        LOW      (K*km/s) (erg/cm2/s)
1      -- 0          5.5    115.2712   2600.7576  239.970  1.445E+01  2.260E+02  3.368E-02  1.149E-02  1.203E+04  2.373E-04
2      -- 1         16.6    230.5380   1300.4037  239.967  5.581E+01  2.255E+02  5.361E-02  3.368E-02  1.200E+04  1.894E-03
3      -- 2         33.2    345.7960    866.9634  239.965  1.185E+02  2.246E+02  7.003E-02  5.361E-02  1.196E+04  6.367E-03
4      -- 3         55.3    461.0408    650.2515  239.963  1.940E+02  2.235E+02  8.211E-02  7.003E-02  1.190E+04  1.501E-02
5      -- 4         83.0    576.2679    520.2310  239.959  2.727E+02  2.221E+02  8.943E-02  8.211E-02  1.182E+04  2.913E-02
6      -- 5        116.2    691.4731    433.5562  239.955  3.452E+02  2.205E+02  9.204E-02  8.943E-02  1.173E+04  4.996E-02
7      -- 6        154.9    806.6518    371.6504  239.948  4.037E+02  2.186E+02  9.038E-02  9.204E-02  1.164E+04  7.865E-02
8      -- 7        199.1    921.7997    325.2252  239.938  4.423E+02  2.166E+02  8.518E-02  9.038E-02  1.153E+04  1.163E-01
9      -- 8        248.9   1036.9124    289.1203  239.924  4.588E+02  2.145E+02  7.737E-02  8.518E-02  1.142E+04  1.639E-01
10     -- 9        304.2   1151.9855    260.2398  239.904  4.532E+02  2.123E+02  6.791E-02  7.737E-02  1.130E+04  2.225E-01
11     -- 10       365.0   1267.0145    236.6133  239.879  4.290E+02  2.100E+02  5.773E-02  6.791E-02  1.118E+04  2.928E-01
12     -- 11       431.3   1381.9951    216.9273  239.843  3.899E+02  2.077E+02  4.759E-02  5.773E-02  1.105E+04  3.757E-01
13     -- 12       503.1   1496.9229    200.2725  239.797  3.414E+02  2.053E+02  3.809E-02  4.759E-02  1.093E+04  4.720E-01
14     -- 13       580.5   1611.7935    185.9993  239.711  2.888E+02  2.028E+02  2.963E-02  3.809E-02  1.080E+04  5.821E-01
15     -- 14       663.4   1726.6025    173.6314  239.594  2.361E+02  2.003E+02  2.241E-02  2.963E-02  1.066E+04  7.068E-01
16     -- 15       751.7   1841.3455    162.8116  239.408  1.869E+02  1.978E+02  1.649E-02  2.241E-02  1.053E+04  8.464E-01
