* Radex version        : 30nov2011
* Geometry             : Uniform sphere
* Molecular data file  : ./data/co.dat                                                                   
* T(kin)            [K]:  200.000
* Density of H2  [cm-3]:  3.162E+04
* Density of pH2 [cm-3]:  7.906E+03
* Density of oH2 [cm-3]:  2.372E+04
* T(background)     [K]:   13.800
* Column density [cm-2]:  4.879E+19
* Line width     [km/s]:   50.000
Calculation finished in   39 iterations
      LINE         E_UP       FREQ        WAVEL     T_EX      TAU        T_R       POP        POP       FLUX        FLUX
                   (K)        (GHz)       (um)      (K)                  (K)        UP        LOW      (K*km/s) (erg/cm2/s)
1      -- 0          5.5    115.2712   2600.7576  308.839  4.282E-01  1.027E+02  5.126E-02  1.739E-02  5.466E+03  1.078E-04
2      -- 1         16.6    230.5380   1300.4037  186.794  2.723E+00  1.610E+02  8.051E-02  5.126E-02  8.569E+03  1.352E-03
3      -- 2         33.2    345.7960    866.9634  179.543  5.907E+00  1.638E+02  1.028E-01  8.051E-02  8.718E+03  4.643E-03
4      -- 3         55.3    461.0408    650.2515  177.291  9.524E+00  1.609E+02  1.166E-01  1.028E-01  8.562E+03  1.081E-02
5      -- 4         83.0    576.2679    520.2310  174.505  1.310E+01  1.567E+02  1.217E-01  1.166E-01  8.342E+03  2.056E-02
6      -- 5        116.2    691.4731    433.5562  170.626  1.614E+01  1.513E+02  1.184E-01  1.217E-01  8.052E+03  3.428E-02
7      -- 6        154.9    806.6518    371.6504  165.008  1.830E+01  1.439E+02  1.080E-01  1.184E-01  7.660E+03  5.178E-02
8      -- 7        199.1    921.7997    325.2252  157.233  1.934E+01  1.343E+02  9.239E-02  1.080E-01  7.147E+03  7.209E-02
9      -- 8        248.9   1036.9124    289.1203  146.624  1.920E+01  1.218E+02  7.354E-02  9.239E-02  6.481E+03  9.305E-02
10     -- 9        304.2   1151.9855    260.2398  132.535  1.793E+01  1.058E+02  5.356E-02  7.354E-02  5.630E+03  1.108E-01
11     -- 10       365.0   1267.0145    236.6133  115.350  1.555E+01  8.685E+01  3.463E-02  5.356E-02  4.623E+03  1.211E-01
12     -- 11       431.3   1381.9951    216.9273   95.340  1.219E+01  6.544E+01  1.877E-02  3.463E-02  3.483E+03  1.184E-01
13     -- 12       503.1   1496.9229    200.2725   74.594  8.080E+00  4.394E+01  7.738E-03  1.877E-02  2.339E+03  1.010E-01
14     -- 13       580.5   1611.7935    185.9993   57.079  3.965E+00  2.609E+01  2.143E-03  7.738E-03  1.389E+03  7.489E-02
15     -- 14       663.4   1726.6025    173.6314   51.506  1.174E+00  1.418E+01  4.585E-04  2.143E-03  7.547E+02  5.003E-02
16     -- 15       751.7   1841.3455    162.8116   66.163  2.294E-01  6.433E+00  1.284E-04  4.585E-04  3.424E+02  2.753E-02
