* Radex version        : 30nov2011
* Geometry             : Uniform sphere
* Molecular data file  : ./data/co.dat                                                                   
* T(kin)            [K]:  230.000
* Density of H2  [cm-3]:  3.162E+05
* Density of pH2 [cm-3]:  7.906E+04
* Density of oH2 [cm-3]:  2.372E+05
* T(background)     [K]:    2.725
* Column density [cm-2]:  3.123E+21
* Line width     [km/s]:   50.000
Calculation finished in   41 iterations
      LINE         E_UP       FREQ        WAVEL     T_EX      TAU        T_R       POP        POP       FLUX        FLUX
                   (K)        (GHz)       (um)      (K)                  (K)        UP        LOW      (K*km/s) (erg/cm2/s)
1      -- 0          5.5    115.2712   2600.7576  229.921  2.532E+01  2.263E+02  3.515E-02  1.200E-02  1.205E+04  2.376E-04
2      -- 1         16.6    230.5380   1300.4037  229.922  9.763E+01  2.242E+02  5.583E-02  3.515E-02  1.194E+04  1.883E-03
3      -- 2         33.2    345.7960    866.9634  229.920  2.067E+02  2.217E+02  7.272E-02  5.583E-02  1.180E+04  6.283E-03
4      -- 3         55.3    461.0408    650.2515  229.916  3.373E+02  2.190E+02  8.492E-02  7.272E-02  1.166E+04  1.471E-02
5      -- 4         83.0    576.2679    520.2310  229.908  4.721E+02  2.164E+02  9.203E-02  8.492E-02  1.152E+04  2.838E-02
6      -- 5        116.2    691.4731    433.5562  229.898  5.943E+02  2.137E+02  9.414E-02  9.203E-02  1.137E+04  4.843E-02
7      -- 6        154.9    806.6518    371.6504  229.881  6.904E+02  2.111E+02  9.179E-02  9.414E-02  1.123E+04  7.594E-02
8      -- 7        199.1    921.7997    325.2252  229.859  7.509E+02  2.084E+02  8.581E-02  9.179E-02  1.109E+04  1.119E-01
9      -- 8        248.9   1036.9124    289.1203  229.828  7.722E+02  2.058E+02  7.724E-02  8.581E-02  1.096E+04  1.573E-01
10     -- 9        304.2   1151.9855    260.2398  229.779  7.556E+02  2.032E+02  6.711E-02  7.724E-02  1.082E+04  2.130E-01
11     -- 10       365.0   1267.0145    236.6133  229.721  7.078E+02  2.007E+02  5.641E-02  6.711E-02  1.068E+04  2.798E-01
12     -- 11       431.3   1381.9951    216.9273  229.634  6.359E+02  1.981E+02  4.593E-02  5.641E-02  1.054E+04  3.583E-01
13     -- 12       503.1   1496.9229    200.2725  229.518  5.500E+02  1.955E+02  3.627E-02  4.593E-02  1.040E+04  4.494E-01
14     -- 13       580.5   1611.7935    185.9993  229.307  4.590E+02  1.928E+02  2.781E-02  3.627E-02  1.026E+04  5.534E-01
15     -- 14       663.4   1726.6025    173.6314  229.015  3.699E+02  1.901E+02  2.070E-02  2.781E-02  1.012E+04  6.706E-01
16     -- 15       751.7   1841.3455    162.8116  228.537  2.883E+02  1.872E+02  1.497E-02  2.070E-02  9.963E+03  8.011E-01
