* Radex version        : 30nov2011
* Geometry             : Uniform sphere
* Molecular data file  : ./data/co.dat                                                                   
* T(kin)            [K]:  235.000
* Density of H2  [cm-3]:  7.943E+04
* Density of pH2 [cm-3]:  1.986E+04
* Density of oH2 [cm-3]:  5.957E+04
* T(background)     [K]:   13.800
* Column density [cm-2]:  1.226E+20
* Line width     [km/s]:   50.000
Calculation finished in   40 iterations
      LINE         E_UP       FREQ        WAVEL     T_EX      TAU        T_R       POP        POP       FLUX        FLUX
                   (K)        (GHz)       (um)      (K)                  (K)        UP        LOW      (K*km/s) (erg/cm2/s)
1      -- 0          5.5    115.2712   2600.7576  261.917  9.377E-01  1.509E+02  3.784E-02  1.288E-02  8.030E+03  1.584E-04
2      -- 1         16.6    230.5380   1300.4037  228.791  4.145E+00  2.109E+02  6.009E-02  3.784E-02  1.123E+04  1.771E-03
3      -- 2         33.2    345.7960    866.9634  227.910  8.807E+00  2.126E+02  7.821E-02  6.009E-02  1.131E+04  6.024E-03
4      -- 3         55.3    461.0408    650.2515  227.469  1.438E+01  2.110E+02  9.124E-02  7.821E-02  1.123E+04  1.417E-02
5      -- 4         83.0    576.2679    520.2310  226.709  2.017E+01  2.089E+02  9.871E-02  9.124E-02  1.112E+04  2.740E-02
6      -- 5        116.2    691.4731    433.5562  225.756  2.545E+01  2.063E+02  1.007E-01  9.871E-02  1.098E+04  4.675E-02
7      -- 6        154.9    806.6518    371.6504  224.244  2.965E+01  2.030E+02  9.778E-02  1.007E-01  1.080E+04  7.302E-02
8      -- 7        199.1    921.7997    325.2252  222.209  3.237E+01  1.990E+02  9.081E-02  9.778E-02  1.059E+04  1.068E-01
9      -- 8        248.9   1036.9124    289.1203  219.278  3.345E+01  1.939E+02  8.089E-02  9.081E-02  1.032E+04  1.482E-01
10     -- 9        304.2   1151.9855    260.2398  215.049  3.292E+01  1.876E+02  6.913E-02  8.089E-02  9.983E+03  1.965E-01
11     -- 10       365.0   1267.0145    236.6133  209.450  3.101E+01  1.798E+02  5.664E-02  6.913E-02  9.568E+03  2.506E-01
12     -- 11       431.3   1381.9951    216.9273  201.382  2.803E+01  1.695E+02  4.429E-02  5.664E-02  9.021E+03  3.066E-01
13     -- 12       503.1   1496.9229    200.2725  189.851  2.440E+01  1.558E+02  3.276E-02  4.429E-02  8.292E+03  3.582E-01
14     -- 13       580.5   1611.7935    185.9993  173.111  2.048E+01  1.370E+02  2.251E-02  3.276E-02  7.293E+03  3.933E-01
15     -- 14       663.4   1726.6025    173.6314  151.624  1.630E+01  1.137E+02  1.393E-02  2.251E-02  6.054E+03  4.013E-01
16     -- 15       751.7   1841.3455    162.8116  126.235  1.196E+01  8.702E+01  7.363E-03  1.393E-02  4.631E+03  3.724E-01
