* Radex version        : 30nov2011
* Geometry             : Uniform sphere
* Molecular data file  : ./data/co.dat                                                                   
* T(kin)            [K]:  240.000
* Density of H2  [cm-3]:  1.585E+06
* Density of pH2 [cm-3]:  3.962E+05
* Density of oH2 [cm-3]:  1.189E+06
* T(background)     [K]:   13.800
* Column density [cm-2]:  2.445E+21
* Line width     [km/s]:   50.000
Calculation finished in   35 iterations
      LINE         E_UP       FREQ        WAVEL     T_EX      TAU        T_R       POP        POP       FLUX        FLUX
                   (K)        (GHz)       (um)      (K)                  (K)        UP        LOW      (K*km/s) (erg/cm2/s)
1      -- 0          5.5    115.2712   2600.7576  239.980  1.819E+01  2.260E+02  3.367E-02  1.148E-02  1.203E+04  2.373E-04
2      -- 1         16.6    230.5380   1300.4037  239.979  7.024E+01  2.255E+02  5.358E-02  3.367E-02  1.200E+04  1.894E-03
3      -- 2         33.2    345.7960    866.9634  239.978  1.491E+02  2.246E+02  7.001E-02  5.358E-02  1.196E+04  6.367E-03
4      -- 3         55.3    461.0408    650.2515  239.977  2.441E+02  2.235E+02  8.208E-02  7.001E-02  1.190E+04  1.501E-02
5      -- 4         83.0    576.2679    520.2310  239.974  3.432E+02  2.221E+02  8.940E-02  8.208E-02  1.182E+04  2.913E-02
6      -- 5        116.2    691.4731    433.5562  239.972  4.344E+02  2.205E+02  9.201E-02  8.940E-02  1.173E+04  4.996E-02
7      -- 6        154.9    806.6518    371.6504  239.967  5.079E+02  2.186E+02  9.035E-02  9.201E-02  1.164E+04  7.866E-02
8      -- 7        199.1    921.7997    325.2252  239.961  5.566E+02  2.167E+02  8.515E-02  9.035E-02  1.153E+04  1.163E-01
9      -- 8        248.9   1036.9124    289.1203  239.952  5.773E+02  2.145E+02  7.734E-02  8.515E-02  1.142E+04  1.640E-01
10     -- 9        304.2   1151.9855    260.2398  239.939  5.703E+02  2.123E+02  6.789E-02  7.734E-02  1.130E+04  2.225E-01
11     -- 10       365.0   1267.0145    236.6133  239.924  5.398E+02  2.101E+02  5.771E-02  6.789E-02  1.118E+04  2.929E-01
12     -- 11       431.3   1381.9951    216.9273  239.901  4.906E+02  2.077E+02  4.758E-02  5.771E-02  1.106E+04  3.758E-01
13     -- 12       503.1   1496.9229    200.2725  239.872  4.296E+02  2.053E+02  3.809E-02  4.758E-02  1.093E+04  4.721E-01
14     -- 13       580.5   1611.7935    185.9993  239.817  3.634E+02  2.029E+02  2.963E-02  3.809E-02  1.080E+04  5.824E-01
15     -- 14       663.4   1726.6025    173.6314  239.743  2.971E+02  2.005E+02  2.242E-02  2.963E-02  1.067E+04  7.074E-01
16     -- 15       751.7   1841.3455    162.8116  239.626  2.352E+02  1.980E+02  1.650E-02  2.242E-02  1.054E+04  8.473E-01
