* Radex version        : 30nov2011
* Geometry             : Uniform sphere
* Molecular data file  : ./data/co.dat                                                                   
* T(kin)            [K]:  255.000
* Density of H2  [cm-3]:  5.012E+05
* Density of pH2 [cm-3]:  1.253E+05
* Density of oH2 [cm-3]:  3.759E+05
* T(background)     [K]:   13.800
* Column density [cm-2]:  7.733E+20
* Line width     [km/s]:   50.000
Calculation finished in   39 iterations
      LINE         E_UP       FREQ        WAVEL     T_EX      TAU        T_R       POP        POP       FLUX        FLUX
                   (K)        (GHz)       (um)      (K)                  (K)        UP        LOW      (K*km/s) (erg/cm2/s)
1      -- 0          5.5    115.2712   2600.7576  254.962  5.129E+00  2.396E+02  3.192E-02  1.087E-02  1.275E+04  2.515E-04
2      -- 1         16.6    230.5380   1300.4037  254.735  1.986E+01  2.402E+02  5.093E-02  3.192E-02  1.279E+04  2.018E-03
3      -- 2         33.2    345.7960    866.9634  254.742  4.230E+01  2.394E+02  6.681E-02  5.093E-02  1.274E+04  6.786E-03
4      -- 3         55.3    461.0408    650.2515  254.726  6.959E+01  2.382E+02  7.875E-02  6.681E-02  1.268E+04  1.600E-02
5      -- 4         83.0    576.2679    520.2310  254.699  9.843E+01  2.368E+02  8.635E-02  7.875E-02  1.260E+04  3.106E-02
6      -- 5        116.2    691.4731    433.5562  254.670  1.255E+02  2.351E+02  8.958E-02  8.635E-02  1.252E+04  5.329E-02
7      -- 6        154.9    806.6518    371.6504  254.618  1.481E+02  2.333E+02  8.878E-02  8.958E-02  1.242E+04  8.392E-02
8      -- 7        199.1    921.7997    325.2252  254.554  1.639E+02  2.312E+02  8.457E-02  8.878E-02  1.231E+04  1.241E-01
9      -- 8        248.9   1036.9124    289.1203  254.461  1.719E+02  2.290E+02  7.773E-02  8.457E-02  1.219E+04  1.750E-01
10     -- 9        304.2   1151.9855    260.2398  254.323  1.721E+02  2.267E+02  6.913E-02  7.773E-02  1.206E+04  2.375E-01
11     -- 10       365.0   1267.0145    236.6133  254.163  1.652E+02  2.242E+02  5.960E-02  6.913E-02  1.193E+04  3.126E-01
12     -- 11       431.3   1381.9951    216.9273  253.932  1.525E+02  2.217E+02  4.989E-02  5.960E-02  1.180E+04  4.010E-01
13     -- 12       503.1   1496.9229    200.2725  253.642  1.358E+02  2.190E+02  4.059E-02  4.989E-02  1.166E+04  5.036E-01
14     -- 13       580.5   1611.7935    185.9993  253.094  1.170E+02  2.161E+02  3.212E-02  4.059E-02  1.150E+04  6.202E-01
15     -- 14       663.4   1726.6025    173.6314  252.368  9.753E+01  2.130E+02  2.472E-02  3.212E-02  1.134E+04  7.515E-01
16     -- 15       751.7   1841.3455    162.8116  251.238  7.886E+01  2.095E+02  1.851E-02  2.472E-02  1.115E+04  8.965E-01
