* Radex version        : 30nov2011
* Geometry             : Uniform sphere
* Molecular data file  : ./data/co.dat                                                                   
* T(kin)            [K]:  280.000
* Density of H2  [cm-3]:  1.000E+05
* Density of pH2 [cm-3]:  2.500E+04
* Density of oH2 [cm-3]:  7.500E+04
* T(background)     [K]:    2.725
* Column density [cm-2]:  9.875E+20
* Line width     [km/s]:   50.000
Calculation finished in   43 iterations
      LINE         E_UP       FREQ        WAVEL     T_EX      TAU        T_R       POP        POP       FLUX        FLUX
                   (K)        (GHz)       (um)      (K)                  (K)        UP        LOW      (K*km/s) (erg/cm2/s)
1      -- 0          5.5    115.2712   2600.7576  279.577  5.538E+00  2.749E+02  2.962E-02  1.007E-02  1.463E+04  2.886E-04
2      -- 1         16.6    230.5380   1300.4037  278.589  2.157E+01  2.729E+02  4.745E-02  2.962E-02  1.453E+04  2.292E-03
3      -- 2         33.2    345.7960    866.9634  278.639  4.614E+01  2.704E+02  6.259E-02  4.745E-02  1.439E+04  7.664E-03
4      -- 3         55.3    461.0408    650.2515  278.590  7.640E+01  2.677E+02  7.433E-02  6.259E-02  1.425E+04  1.798E-02
5      -- 4         83.0    576.2679    520.2310  278.470  1.090E+02  2.649E+02  8.226E-02  7.433E-02  1.410E+04  3.474E-02
6      -- 5        116.2    691.4731    433.5562  278.356  1.405E+02  2.621E+02  8.629E-02  8.226E-02  1.395E+04  5.940E-02
7      -- 6        154.9    806.6518    371.6504  278.132  1.678E+02  2.592E+02  8.663E-02  8.629E-02  1.380E+04  9.326E-02
8      -- 7        199.1    921.7997    325.2252  277.858  1.884E+02  2.563E+02  8.373E-02  8.663E-02  1.364E+04  1.376E-01
9      -- 8        248.9   1036.9124    289.1203  277.451  2.009E+02  2.533E+02  7.821E-02  8.373E-02  1.348E+04  1.936E-01
10     -- 9        304.2   1151.9855    260.2398  276.861  2.048E+02  2.501E+02  7.080E-02  7.821E-02  1.331E+04  2.621E-01
11     -- 10       365.0   1267.0145    236.6133  276.201  2.006E+02  2.469E+02  6.222E-02  7.080E-02  1.314E+04  3.442E-01
12     -- 11       431.3   1381.9951    216.9273  275.273  1.893E+02  2.434E+02  5.315E-02  6.222E-02  1.296E+04  4.404E-01
13     -- 12       503.1   1496.9229    200.2725  274.113  1.726E+02  2.398E+02  4.417E-02  5.315E-02  1.276E+04  5.513E-01
14     -- 13       580.5   1611.7935    185.9993  271.945  1.528E+02  2.351E+02  3.569E-02  4.417E-02  1.251E+04  6.748E-01
15     -- 14       663.4   1726.6025    173.6314  269.048  1.311E+02  2.297E+02  2.804E-02  3.569E-02  1.223E+04  8.106E-01
16     -- 15       751.7   1841.3455    162.8116  264.714  1.093E+02  2.230E+02  2.138E-02  2.804E-02  1.187E+04  9.542E-01
