* Radex version        : 30nov2011
* Geometry             : Uniform sphere
* Molecular data file  : ./data/co.dat                                                                   
* T(kin)            [K]:  210.000
* Density of H2  [cm-3]:  1.259E+06
* Density of pH2 [cm-3]:  3.147E+05
* Density of oH2 [cm-3]:  9.442E+05
* T(background)     [K]:   13.800
* Column density [cm-2]:  1.943E+21
* Line width     [km/s]:   50.000
Calculation finished in   35 iterations
      LINE         E_UP       FREQ        WAVEL     T_EX      TAU        T_R       POP        POP       FLUX        FLUX
                   (K)        (GHz)       (um)      (K)                  (K)        UP        LOW      (K*km/s) (erg/cm2/s)
1      -- 0          5.5    115.2712   2600.7576  209.979  1.883E+01  1.960E+02  3.834E-02  1.312E-02  1.043E+04  2.058E-04
2      -- 1         16.6    230.5380   1300.4037  209.978  7.237E+01  1.955E+02  6.062E-02  3.834E-02  1.041E+04  1.642E-03
3      -- 2         33.2    345.7960    866.9634  209.976  1.524E+02  1.947E+02  7.841E-02  6.062E-02  1.036E+04  5.517E-03
4      -- 3         55.3    461.0408    650.2515  209.975  2.466E+02  1.935E+02  9.073E-02  7.841E-02  1.030E+04  1.300E-02
5      -- 4         83.0    576.2679    520.2310  209.972  3.417E+02  1.921E+02  9.721E-02  9.073E-02  1.023E+04  2.520E-02
6      -- 5        116.2    691.4731    433.5562  209.968  4.248E+02  1.905E+02  9.809E-02  9.721E-02  1.014E+04  4.318E-02
7      -- 6        154.9    806.6518    371.6504  209.962  4.861E+02  1.887E+02  9.412E-02  9.809E-02  1.004E+04  6.789E-02
8      -- 7        199.1    921.7997    325.2252  209.954  5.198E+02  1.867E+02  8.641E-02  9.412E-02  9.939E+03  1.003E-01
9      -- 8        248.9   1036.9124    289.1203  209.943  5.243E+02  1.847E+02  7.619E-02  8.641E-02  9.828E+03  1.411E-01
10     -- 9        304.2   1151.9855    260.2398  209.925  5.020E+02  1.825E+02  6.471E-02  7.619E-02  9.712E+03  1.912E-01
11     -- 10       365.0   1267.0145    236.6133  209.903  4.592E+02  1.802E+02  5.305E-02  6.471E-02  9.592E+03  2.513E-01
12     -- 11       431.3   1381.9951    216.9273  209.869  4.019E+02  1.779E+02  4.204E-02  5.305E-02  9.469E+03  3.219E-01
13     -- 12       503.1   1496.9229    200.2725  209.821  3.378E+02  1.755E+02  3.224E-02  4.204E-02  9.344E+03  4.036E-01
14     -- 13       580.5   1611.7935    185.9993  209.735  2.734E+02  1.731E+02  2.395E-02  3.224E-02  9.216E+03  4.969E-01
15     -- 14       663.4   1726.6025    173.6314  209.612  2.131E+02  1.707E+02  1.724E-02  2.395E-02  9.085E+03  6.023E-01
16     -- 15       751.7   1841.3455    162.8116  209.401  1.604E+02  1.682E+02  1.203E-02  1.724E-02  8.951E+03  7.197E-01
