* Radex version        : 30nov2011
* Geometry             : Uniform sphere
* Molecular data file  : ./data/co.dat                                                                   
* T(kin)            [K]:  290.000
* Density of H2  [cm-3]:  1.995E+02
* Density of pH2 [cm-3]:  4.988E+01
* Density of oH2 [cm-3]:  1.496E+02
* T(background)     [K]:   13.800
* Column density [cm-2]:  3.079E+17
* Line width     [km/s]:   50.000
Calculation finished in   23 iterations
      LINE         E_UP       FREQ        WAVEL     T_EX      TAU        T_R       POP        POP       FLUX        FLUX
                   (K)        (GHz)       (um)      (K)                  (K)        UP        LOW      (K*km/s) (erg/cm2/s)
1      -- 0          5.5    115.2712   2600.7576   24.581  2.567E-01  2.423E+00  3.487E-01  1.456E-01  1.289E+02  2.543E-06
2      -- 1         16.6    230.5380   1300.4037   16.845  9.788E-01  1.819E+00  3.014E-01  3.487E-01  9.683E+01  1.528E-05
3      -- 2         33.2    345.7960    866.9634   15.707  1.031E+00  1.105E+00  1.467E-01  3.014E-01  5.880E+01  3.131E-05
4      -- 3         55.3    461.0408    650.2515   15.458  5.563E-01  5.864E-01  4.507E-02  1.467E-01  3.121E+01  3.939E-05
5      -- 4         83.0    576.2679    520.2310   16.048  1.790E-01  2.786E-01  9.830E-03  4.507E-02  1.483E+01  3.654E-05
6      -- 5        116.2    691.4731    433.5562   18.548  3.878E-02  1.280E-01  1.941E-03  9.830E-03  6.812E+00  2.900E-05
7      -- 6        154.9    806.6518    371.6504   25.417  7.081E-03  5.858E-02  4.884E-04  1.941E-03  3.118E+00  2.108E-05
8      -- 7        199.1    921.7997    325.2252   37.231  1.564E-03  2.739E-02  1.687E-04  4.884E-04  1.458E+00  1.470E-05
9      -- 8        248.9   1036.9124    289.1203   47.896  4.967E-04  1.284E-02  6.670E-05  1.687E-04  6.834E-01  9.812E-06
10     -- 9        304.2   1151.9855    260.2398   56.497  1.878E-04  6.058E-03  2.771E-05  6.670E-05  3.224E-01  6.348E-06
11     -- 10       365.0   1267.0145    236.6133   65.072  7.522E-05  2.902E-03  1.192E-05  2.771E-05  1.545E-01  4.046E-06
12     -- 11       431.3   1381.9951    216.9273   72.484  3.166E-05  1.386E-03  5.189E-06  1.192E-05  7.375E-02  2.507E-06
13     -- 12       503.1   1496.9229    200.2725   80.734  1.343E-05  6.672E-04  2.302E-06  5.189E-06  3.551E-02  1.534E-06
14     -- 13       580.5   1611.7935    185.9993   80.710  6.183E-06  2.957E-04  9.481E-07  2.302E-06  1.574E-02  8.488E-07
15     -- 14       663.4   1726.6025    173.6314   82.275  2.599E-06  1.234E-04  3.702E-07  9.481E-07  6.569E-03  4.354E-07
16     -- 15       751.7   1841.3455    162.8116   93.707  9.679E-07  5.441E-05  1.535E-07  3.702E-07  2.896E-03  2.329E-07
