* Radex version        : 30nov2011
* Geometry             : Uniform sphere
* Molecular data file  : ./data/co.dat                                                                   
* T(kin)            [K]:  235.000
* Density of H2  [cm-3]:  1.259E+06
* Density of pH2 [cm-3]:  3.147E+05
* Density of oH2 [cm-3]:  9.442E+05
* T(background)     [K]:   13.800
* Column density [cm-2]:  1.943E+21
* Line width     [km/s]:   50.000
Calculation finished in   36 iterations
      LINE         E_UP       FREQ        WAVEL     T_EX      TAU        T_R       POP        POP       FLUX        FLUX
                   (K)        (GHz)       (um)      (K)                  (K)        UP        LOW      (K*km/s) (erg/cm2/s)
1      -- 0          5.5    115.2712   2600.7576  234.971  1.507E+01  2.210E+02  3.438E-02  1.173E-02  1.176E+04  2.320E-04
2      -- 1         16.6    230.5380   1300.4037  234.969  5.815E+01  2.205E+02  5.466E-02  3.438E-02  1.174E+04  1.852E-03
3      -- 2         33.2    345.7960    866.9634  234.967  1.233E+02  2.196E+02  7.130E-02  5.466E-02  1.169E+04  6.225E-03
4      -- 3         55.3    461.0408    650.2515  234.965  2.015E+02  2.185E+02  8.344E-02  7.130E-02  1.163E+04  1.468E-02
5      -- 4         83.0    576.2679    520.2310  234.962  2.827E+02  2.171E+02  9.066E-02  8.344E-02  1.155E+04  2.848E-02
6      -- 5        116.2    691.4731    433.5562  234.957  3.569E+02  2.155E+02  9.303E-02  9.066E-02  1.147E+04  4.883E-02
7      -- 6        154.9    806.6518    371.6504  234.950  4.160E+02  2.136E+02  9.103E-02  9.303E-02  1.137E+04  7.686E-02
8      -- 7        199.1    921.7997    325.2252  234.941  4.541E+02  2.116E+02  8.546E-02  9.103E-02  1.126E+04  1.136E-01
9      -- 8        248.9   1036.9124    289.1203  234.928  4.691E+02  2.095E+02  7.728E-02  8.546E-02  1.115E+04  1.601E-01
10     -- 9        304.2   1151.9855    260.2398  234.908  4.612E+02  2.073E+02  6.750E-02  7.728E-02  1.103E+04  2.173E-01
11     -- 10       365.0   1267.0145    236.6133  234.883  4.344E+02  2.050E+02  5.707E-02  6.750E-02  1.091E+04  2.859E-01
12     -- 11       431.3   1381.9951    216.9273  234.848  3.925E+02  2.027E+02  4.677E-02  5.707E-02  1.079E+04  3.667E-01
13     -- 12       503.1   1496.9229    200.2725  234.801  3.417E+02  2.003E+02  3.720E-02  4.677E-02  1.066E+04  4.606E-01
14     -- 13       580.5   1611.7935    185.9993  234.715  2.871E+02  1.979E+02  2.874E-02  3.720E-02  1.053E+04  5.679E-01
15     -- 14       663.4   1726.6025    173.6314  234.598  2.330E+02  1.954E+02  2.158E-02  2.874E-02  1.040E+04  6.894E-01
16     -- 15       751.7   1841.3455    162.8116  234.409  1.831E+02  1.928E+02  1.575E-02  2.158E-02  1.026E+04  8.253E-01
