* Radex version        : 30nov2011
* Geometry             : Uniform sphere
* Molecular data file  : ./data/co.dat                                                                   
* T(kin)            [K]:  255.000
* Density of H2  [cm-3]:  5.012E+02
* Density of pH2 [cm-3]:  1.253E+02
* Density of oH2 [cm-3]:  3.759E+02
* T(background)     [K]:   13.800
* Column density [cm-2]:  7.733E+17
* Line width     [km/s]:   50.000
Calculation finished in   27 iterations
      LINE         E_UP       FREQ        WAVEL     T_EX      TAU        T_R       POP        POP       FLUX        FLUX
                   (K)        (GHz)       (um)      (K)                  (K)        UP        LOW      (K*km/s) (erg/cm2/s)
1      -- 0          5.5    115.2712   2600.7576   61.523  2.063E-01  8.871E+00  2.994E-01  1.092E-01  4.721E+02  9.313E-06
2      -- 1         16.6    230.5380   1300.4037   23.208  1.662E+00  7.385E+00  3.098E-01  2.994E-01  3.931E+02  6.202E-05
3      -- 2         33.2    345.7960    866.9634   19.752  2.319E+00  4.937E+00  1.872E-01  3.098E-01  2.628E+02  1.399E-04
4      -- 3         55.3    461.0408    650.2515   18.022  1.657E+00  2.908E+00  7.050E-02  1.872E-01  1.548E+02  1.954E-04
5      -- 4         83.0    576.2679    520.2310   17.800  6.753E-01  1.526E+00  1.822E-02  7.050E-02  8.122E+01  2.002E-04
6      -- 5        116.2    691.4731    433.5562   20.009  1.755E-01  7.262E-01  4.100E-03  1.822E-02  3.865E+01  1.646E-04
7      -- 6        154.9    806.6518    371.6504   26.258  3.705E-02  3.274E-01  1.083E-03  4.100E-03  1.742E+01  1.178E-04
8      -- 7        199.1    921.7997    325.2252   36.501  8.803E-03  1.479E-01  3.653E-04  1.083E-03  7.872E+00  7.940E-05
9      -- 8        248.9   1036.9124    289.1203   46.069  2.762E-03  6.672E-02  1.386E-04  3.653E-04  3.551E+00  5.099E-05
10     -- 9        304.2   1151.9855    260.2398   54.115  1.005E-03  3.021E-02  5.516E-05  1.386E-04  1.608E+00  3.166E-05
11     -- 10       365.0   1267.0145    236.6133   61.945  3.874E-04  1.382E-02  2.264E-05  5.516E-05  7.356E-01  1.927E-05
12     -- 11       431.3   1381.9951    216.9273   68.962  1.556E-04  6.301E-03  9.404E-06  2.264E-05  3.354E-01  1.140E-05
13     -- 12       503.1   1496.9229    200.2725   76.736  6.307E-05  2.898E-03  3.982E-06  9.404E-06  1.542E-01  6.663E-06
14     -- 13       580.5   1611.7935    185.9993   77.221  2.758E-05  1.230E-03  1.571E-06  3.982E-06  6.548E-02  3.531E-06
15     -- 14       663.4   1726.6025    173.6314   78.745  1.109E-05  4.908E-04  5.863E-07  1.571E-06  2.612E-02  1.732E-06
16     -- 15       751.7   1841.3455    162.8116   89.012  3.969E-06  2.059E-04  2.312E-07  5.863E-07  1.096E-02  8.812E-07
