* Radex version        : 30nov2011
* Geometry             : Uniform sphere
* Molecular data file  : ./data/co.dat                                                                   
* T(kin)            [K]:  225.000
* Density of H2  [cm-3]:  1.000E+03
* Density of pH2 [cm-3]:  2.500E+02
* Density of oH2 [cm-3]:  7.500E+02
* T(background)     [K]:   13.800
* Column density [cm-2]:  1.543E+18
* Line width     [km/s]:   50.000
Calculation finished in   31 iterations
      LINE         E_UP       FREQ        WAVEL     T_EX      TAU        T_R       POP        POP       FLUX        FLUX
                   (K)        (GHz)       (um)      (K)                  (K)        UP        LOW      (K*km/s) (erg/cm2/s)
1      -- 0          5.5    115.2712   2600.7576  654.603  2.977E-02  1.879E+01  2.400E-01  8.067E-02  1.000E+03  1.973E-05
2      -- 1         16.6    230.5380   1300.4037   34.806  1.909E+00  1.752E+01  2.911E-01  2.400E-01  9.324E+02  1.471E-04
3      -- 2         33.2    345.7960    866.9634   28.021  3.418E+00  1.297E+01  2.254E-01  2.911E-01  6.904E+02  3.676E-04
4      -- 3         55.3    461.0408    650.2515   23.689  3.417E+00  8.462E+00  1.139E-01  2.254E-01  4.504E+02  5.684E-04
5      -- 4         83.0    576.2679    520.2310   20.843  2.028E+00  4.930E+00  3.692E-02  1.139E-01  2.624E+02  6.467E-04
6      -- 5        116.2    691.4731    433.5562   20.834  6.983E-01  2.601E+00  8.872E-03  3.692E-02  1.385E+02  5.896E-04
7      -- 6        154.9    806.6518    371.6504   25.085  1.631E-01  1.208E+00  2.187E-03  8.872E-03  6.431E+01  4.347E-04
8      -- 7        199.1    921.7997    325.2252   34.114  3.670E-02  5.325E-01  6.778E-04  2.187E-03  2.834E+01  2.859E-04
9      -- 8        248.9   1036.9124    289.1203   43.782  1.051E-02  2.314E-01  2.431E-04  6.778E-04  1.232E+01  1.768E-04
10     -- 9        304.2   1151.9855    260.2398   51.655  3.611E-03  1.003E-01  9.214E-05  2.431E-04  5.338E+00  1.051E-04
11     -- 10       365.0   1267.0145    236.6133   58.839  1.330E-03  4.364E-02  3.590E-05  9.214E-05  2.323E+00  6.084E-05
12     -- 11       431.3   1381.9951    216.9273   65.394  5.081E-04  1.889E-02  1.415E-05  3.590E-05  1.006E+00  3.418E-05
13     -- 12       503.1   1496.9229    200.2725   72.584  1.958E-04  8.241E-03  5.681E-06  1.415E-05  4.386E-01  1.895E-05
14     -- 13       580.5   1611.7935    185.9993   73.660  8.065E-05  3.334E-03  2.135E-06  5.681E-06  1.775E-01  9.570E-06
15     -- 14       663.4   1726.6025    173.6314   75.242  3.085E-05  1.267E-03  7.587E-07  2.135E-06  6.743E-02  4.470E-06
16     -- 15       751.7   1841.3455    162.8116   84.149  1.059E-05  5.019E-04  2.826E-07  7.587E-07  2.671E-02  2.148E-06
