* Radex version        : 30nov2011
* Geometry             : Uniform sphere
* Molecular data file  : ./data/co.dat                                                                   
* T(kin)            [K]:  275.000
* Density of H2  [cm-3]:  3.162E+06
* Density of pH2 [cm-3]:  7.906E+05
* Density of oH2 [cm-3]:  2.372E+06
* T(background)     [K]:   13.800
* Column density [cm-2]:  4.879E+21
* Line width     [km/s]:   50.000
Calculation finished in   33 iterations
      LINE         E_UP       FREQ        WAVEL     T_EX      TAU        T_R       POP        POP       FLUX        FLUX
                   (K)        (GHz)       (um)      (K)                  (K)        UP        LOW      (K*km/s) (erg/cm2/s)
1      -- 0          5.5    115.2712   2600.7576  274.992  2.768E+01  2.610E+02  2.947E-02  1.002E-02  1.389E+04  2.740E-04
2      -- 1         16.6    230.5380   1300.4037  274.992  1.073E+02  2.605E+02  4.717E-02  2.947E-02  1.386E+04  2.188E-03
3      -- 2         33.2    345.7960    866.9634  274.992  2.296E+02  2.597E+02  6.218E-02  4.717E-02  1.382E+04  7.359E-03
4      -- 3         55.3    461.0408    650.2515  274.991  3.797E+02  2.585E+02  7.376E-02  6.218E-02  1.376E+04  1.736E-02
5      -- 4         83.0    576.2679    520.2310  274.991  5.409E+02  2.571E+02  8.152E-02  7.376E-02  1.368E+04  3.372E-02
6      -- 5        116.2    691.4731    433.5562  274.990  6.958E+02  2.554E+02  8.539E-02  8.152E-02  1.360E+04  5.789E-02
7      -- 6        154.9    806.6518    371.6504  274.988  8.291E+02  2.536E+02  8.559E-02  8.539E-02  1.350E+04  9.124E-02
8      -- 7        199.1    921.7997    325.2252  274.987  9.286E+02  2.516E+02  8.259E-02  8.559E-02  1.339E+04  1.351E-01
9      -- 8        248.9   1036.9124    289.1203  274.984  9.874E+02  2.495E+02  7.703E-02  8.259E-02  1.328E+04  1.906E-01
10     -- 9        304.2   1151.9855    260.2398  274.980  1.003E+03  2.472E+02  6.963E-02  7.703E-02  1.316E+04  2.591E-01
11     -- 10       365.0   1267.0145    236.6133  274.976  9.789E+02  2.449E+02  6.113E-02  6.963E-02  1.304E+04  3.415E-01
12     -- 11       431.3   1381.9951    216.9273  274.969  9.200E+02  2.426E+02  5.220E-02  6.113E-02  1.291E+04  4.389E-01
13     -- 12       503.1   1496.9229    200.2725  274.962  8.357E+02  2.402E+02  4.342E-02  5.220E-02  1.279E+04  5.523E-01
14     -- 13       580.5   1611.7935    185.9993  274.948  7.352E+02  2.378E+02  3.520E-02  4.342E-02  1.266E+04  6.825E-01
15     -- 14       663.4   1726.6025    173.6314  274.929  6.270E+02  2.354E+02  2.783E-02  3.520E-02  1.253E+04  8.304E-01
16     -- 15       751.7   1841.3455    162.8116  274.902  5.193E+02  2.329E+02  2.148E-02  2.783E-02  1.240E+04  9.968E-01
