* Radex version        : 30nov2011
* Geometry             : Uniform sphere
* Molecular data file  : ./data/co.dat                                                                   
* T(kin)            [K]:  220.000
* Density of H2  [cm-3]:  6.310E+02
* Density of pH2 [cm-3]:  1.577E+02
* Density of oH2 [cm-3]:  4.732E+02
* T(background)     [K]:   13.800
* Column density [cm-2]:  9.736E+17
* Line width     [km/s]:   50.000
Calculation finished in   28 iterations
      LINE         E_UP       FREQ        WAVEL     T_EX      TAU        T_R       POP        POP       FLUX        FLUX
                   (K)        (GHz)       (um)      (K)                  (K)        UP        LOW      (K*km/s) (erg/cm2/s)
1      -- 0          5.5    115.2712   2600.7576   77.731  1.942E-01  1.126E+01  2.855E-01  1.022E-01  5.992E+02  1.182E-05
2      -- 1         16.6    230.5380   1300.4037   25.446  1.855E+00  9.545E+00  3.080E-01  2.855E-01  5.080E+02  8.016E-05
3      -- 2         33.2    345.7960    866.9634   21.306  2.763E+00  6.510E+00  1.979E-01  3.080E-01  3.465E+02  1.845E-04
4      -- 3         55.3    461.0408    650.2515   18.932  2.150E+00  3.889E+00  7.906E-02  1.979E-01  2.070E+02  2.612E-04
5      -- 4         83.0    576.2679    520.2310   18.129  9.461E-01  2.067E+00  2.102E-02  7.906E-02  1.100E+02  2.712E-04
6      -- 5        116.2    691.4731    433.5562   19.773  2.561E-01  9.767E-01  4.637E-03  2.102E-02  5.199E+01  2.213E-04
7      -- 6        154.9    806.6518    371.6504   25.235  5.366E-02  4.258E-01  1.154E-03  4.637E-03  2.266E+01  1.532E-04
8      -- 7        199.1    921.7997    325.2252   34.628  1.212E-02  1.835E-01  3.645E-04  1.154E-03  9.766E+00  9.851E-05
9      -- 8        248.9   1036.9124    289.1203   43.720  3.569E-03  7.864E-02  1.305E-04  3.645E-04  4.185E+00  6.009E-05
10     -- 9        304.2   1151.9855    260.2398   51.198  1.229E-03  3.367E-02  4.899E-05  1.305E-04  1.792E+00  3.529E-05
11     -- 10       365.0   1267.0145    236.6133   58.155  4.492E-04  1.446E-02  1.886E-05  4.899E-05  7.699E-01  2.017E-05
12     -- 11       431.3   1381.9951    216.9273   64.439  1.698E-04  6.168E-03  7.324E-06  1.886E-05  3.283E-01  1.116E-05
13     -- 12       503.1   1496.9229    200.2725   71.596  6.444E-05  2.654E-03  2.900E-06  7.324E-06  1.413E-01  6.102E-06
14     -- 13       580.5   1611.7935    185.9993   72.402  2.623E-05  1.054E-03  1.070E-06  2.900E-06  5.611E-02  3.026E-06
15     -- 14       663.4   1726.6025    173.6314   73.738  9.865E-06  3.917E-04  3.718E-07  1.070E-06  2.085E-02  1.382E-06
16     -- 15       751.7   1841.3455    162.8116   82.736  3.305E-06  1.524E-04  1.360E-07  3.718E-07  8.113E-03  6.523E-07
