* Radex version        : 30nov2011
* Geometry             : Uniform sphere
* Molecular data file  : ./data/co.dat                                                                   
* T(kin)            [K]:  295.000
* Density of H2  [cm-3]:  1.995E+03
* Density of pH2 [cm-3]:  4.988E+02
* Density of oH2 [cm-3]:  1.496E+03
* T(background)     [K]:   13.800
* Column density [cm-2]:  3.079E+18
* Line width     [km/s]:   50.000
Calculation finished in   32 iterations
      LINE         E_UP       FREQ        WAVEL     T_EX      TAU        T_R       POP        POP       FLUX        FLUX
                   (K)        (GHz)       (um)      (K)                  (K)        UP        LOW      (K*km/s) (erg/cm2/s)
1      -- 0          5.5    115.2712   2600.7576  -71.675 -3.448E-01  3.528E+01  1.592E-01  4.911E-02  1.878E+03  3.704E-05
2      -- 1         16.6    230.5380   1300.4037   70.836  1.342E+00  4.169E+01  2.269E-01  1.592E-01  2.219E+03  3.501E-04
3      -- 2         33.2    345.7960    866.9634   51.804  3.261E+00  3.541E+01  2.306E-01  2.269E-01  1.885E+03  1.004E-03
4      -- 3         55.3    461.0408    650.2515   43.434  4.588E+00  2.745E+01  1.781E-01  2.306E-01  1.461E+03  1.844E-03
5      -- 4         83.0    576.2679    520.2310   35.898  4.628E+00  1.933E+01  1.008E-01  1.781E-01  1.029E+03  2.535E-03
6      -- 5        116.2    691.4731    433.5562   29.887  3.201E+00  1.248E+01  3.923E-02  1.008E-01  6.643E+02  2.828E-03
7      -- 6        154.9    806.6518    371.6504   27.444  1.384E+00  7.494E+00  1.104E-02  3.923E-02  3.989E+02  2.696E-03
8      -- 7        199.1    921.7997    325.2252   31.861  3.819E-01  4.074E+00  3.122E-03  1.104E-02  2.168E+02  2.187E-03
9      -- 8        248.9   1036.9124    289.1203   43.304  9.719E-02  2.010E+00  1.106E-03  3.122E-03  1.070E+02  1.536E-03
10     -- 9        304.2   1151.9855    260.2398   55.387  3.150E-02  9.687E-01  4.505E-04  1.106E-03  5.156E+01  1.015E-03
11     -- 10       365.0   1267.0145    236.6133   65.260  1.221E-02  4.703E-01  1.943E-04  4.505E-04  2.503E+01  6.557E-04
12     -- 11       431.3   1381.9951    216.9273   73.925  5.099E-03  2.294E-01  8.612E-05  1.943E-04  1.221E+01  4.151E-04
13     -- 12       503.1   1496.9229    200.2725   82.247  2.203E-03  1.125E-01  3.883E-05  8.612E-05  5.986E+00  2.586E-04
14     -- 13       580.5   1611.7935    185.9993   83.932  1.019E-03  5.175E-02  1.659E-05  3.883E-05  2.754E+00  1.485E-04
15     -- 14       663.4   1726.6025    173.6314   86.585  4.415E-04  2.271E-02  6.812E-06  1.659E-05  1.209E+00  8.014E-05
16     -- 15       751.7   1841.3455    162.8116   96.912  1.745E-04  1.033E-02  2.913E-06  6.812E-06  5.498E-01  4.421E-05
