* Radex version        : 30nov2011
* Geometry             : Uniform sphere
* Molecular data file  : ./data/co.dat                                                                   
* T(kin)            [K]:   25.000
* Density of H2  [cm-3]:  1.259E+06
* Density of pH2 [cm-3]:  3.147E+05
* Density of oH2 [cm-3]:  9.442E+05
* T(background)     [K]:   13.800
* Column density [cm-2]:  1.943E+21
* Line width     [km/s]:   50.000
Calculation finished in   21 iterations
      LINE         E_UP       FREQ        WAVEL     T_EX      TAU        T_R       POP        POP       FLUX        FLUX
                   (K)        (GHz)       (um)      (K)                  (K)        UP        LOW      (K*km/s) (erg/cm2/s)
1      -- 0          5.5    115.2712   2600.7576   25.000  1.168E+03  1.112E+01  2.564E-01  1.066E-01  5.917E+02  1.167E-05
2      -- 1         16.6    230.5380   1300.4037   25.000  3.372E+03  1.088E+01  2.745E-01  2.564E-01  5.788E+02  9.133E-05
3      -- 2         33.2    345.7960    866.9634   25.000  4.404E+03  1.049E+01  1.978E-01  2.745E-01  5.582E+02  2.972E-04
4      -- 3         55.3    461.0408    650.2515   25.000  3.654E+03  9.974E+00  1.050E-01  1.978E-01  5.309E+02  6.700E-04
5      -- 4         83.0    576.2679    520.2310   25.000  2.143E+03  9.362E+00  4.244E-02  1.050E-01  4.983E+02  1.228E-03
6      -- 5        116.2    691.4731    433.5562   24.999  9.322E+02  8.680E+00  1.330E-02  4.244E-02  4.620E+02  1.967E-03
7      -- 6        154.9    806.6518    371.6504   24.998  3.083E+02  7.956E+00  3.261E-03  1.330E-02  4.234E+02  2.862E-03
8      -- 7        199.1    921.7997    325.2252   24.988  7.865E+01  7.209E+00  6.293E-04  3.261E-03  3.837E+02  3.870E-03
9      -- 8        248.9   1036.9124    289.1203   24.888  1.564E+01  6.404E+00  9.522E-05  6.293E-04  3.408E+02  4.894E-03
10     -- 9        304.2   1151.9855    260.2398   23.969  2.440E+00  4.647E+00  1.048E-05  9.522E-05  2.473E+02  4.869E-03
11     -- 10       365.0   1267.0145    236.6133   23.140  2.744E-01  9.559E-01  8.293E-07  1.048E-05  5.088E+01  1.333E-03
12     -- 11       431.3   1381.9951    216.9273   23.290  2.184E-02  7.636E-02  5.225E-08  8.293E-07  4.065E+00  1.382E-04
13     -- 12       503.1   1496.9229    200.2725   23.277  1.382E-03  4.202E-03  2.577E-09  5.225E-08  2.236E-01  9.661E-06
14     -- 13       580.5   1611.7935    185.9993   23.171  6.835E-05  1.750E-04  9.825E-11  2.577E-09  9.316E-03  5.024E-07
15     -- 14       663.4   1726.6025    173.6314   23.045  2.605E-06  5.555E-06  2.882E-12  9.825E-11  2.957E-04  1.960E-08
16     -- 15       751.7   1841.3455    162.8116   22.968  7.622E-08  1.356E-07  6.544E-14  2.882E-12  7.219E-06  5.805E-10
