* Radex version        : 30nov2011
* Geometry             : Uniform sphere
* Molecular data file  : ./data/co.dat                                                                   
* T(kin)            [K]:  235.000
* Density of H2  [cm-3]:  3.162E+02
* Density of pH2 [cm-3]:  7.906E+01
* Density of oH2 [cm-3]:  2.372E+02
* T(background)     [K]:   13.800
* Column density [cm-2]:  4.879E+17
* Line width     [km/s]:   50.000
Calculation finished in   25 iterations
      LINE         E_UP       FREQ        WAVEL     T_EX      TAU        T_R       POP        POP       FLUX        FLUX
                   (K)        (GHz)       (um)      (K)                  (K)        UP        LOW      (K*km/s) (erg/cm2/s)
1      -- 0          5.5    115.2712   2600.7576   31.802  2.926E-01  4.541E+00  3.332E-01  1.322E-01  2.417E+02  4.767E-06
2      -- 1         16.6    230.5380   1300.4037   18.668  1.376E+00  3.498E+00  3.070E-01  3.332E-01  1.862E+02  2.938E-05
3      -- 2         33.2    345.7960    866.9634   16.812  1.601E+00  2.180E+00  1.602E-01  3.070E-01  1.160E+02  6.178E-05
4      -- 3         55.3    461.0408    650.2515   16.121  9.445E-01  1.185E+00  5.220E-02  1.602E-01  6.306E+01  7.958E-05
5      -- 4         83.0    576.2679    520.2310   16.479  3.254E-01  5.666E-01  1.191E-02  5.220E-02  3.015E+01  7.432E-05
6      -- 5        116.2    691.4731    433.5562   18.747  7.419E-02  2.515E-01  2.397E-03  1.191E-02  1.339E+01  5.700E-05
7      -- 6        154.9    806.6518    371.6504   24.864  1.399E-02  1.090E-01  5.829E-04  2.397E-03  5.800E+00  3.921E-05
8      -- 7        199.1    921.7997    325.2252   35.151  3.047E-03  4.772E-02  1.877E-04  5.829E-04  2.540E+00  2.562E-05
9      -- 8        248.9   1036.9124    289.1203   44.704  9.101E-04  2.088E-02  6.890E-05  1.877E-04  1.112E+00  1.596E-05
10     -- 9        304.2   1151.9855    260.2398   52.416  3.210E-04  9.153E-03  2.652E-05  6.890E-05  4.872E-01  9.592E-06
11     -- 10       365.0   1267.0145    236.6133   59.795  1.200E-04  4.044E-03  1.051E-05  2.652E-05  2.152E-01  5.638E-06
12     -- 11       431.3   1381.9951    216.9273   66.283  4.666E-05  1.774E-03  4.199E-06  1.051E-05  9.440E-02  3.209E-06
13     -- 12       503.1   1496.9229    200.2725   73.814  1.819E-05  7.863E-04  1.713E-06  4.199E-06  4.185E-02  1.808E-06
14     -- 13       580.5   1611.7935    185.9993   74.212  7.660E-06  3.206E-04  6.490E-07  1.713E-06  1.706E-02  9.200E-07
15     -- 14       663.4   1726.6025    173.6314   75.466  2.961E-06  1.222E-04  2.314E-07  6.490E-07  6.503E-03  4.311E-07
16     -- 15       751.7   1841.3455    162.8116   85.278  1.013E-06  4.909E-05  8.738E-08  2.314E-07  2.613E-03  2.101E-07
