* Radex version        : 30nov2011
* Geometry             : Uniform sphere
* Molecular data file  : ./data/co.dat                                                                   
* T(kin)            [K]:  245.000
* Density of H2  [cm-3]:  2.512E+05
* Density of pH2 [cm-3]:  6.280E+04
* Density of oH2 [cm-3]:  1.884E+05
* T(background)     [K]:   13.800
* Column density [cm-2]:  3.876E+20
* Line width     [km/s]:   50.000
Calculation finished in   40 iterations
      LINE         E_UP       FREQ        WAVEL     T_EX      TAU        T_R       POP        POP       FLUX        FLUX
                   (K)        (GHz)       (um)      (K)                  (K)        UP        LOW      (K*km/s) (erg/cm2/s)
1      -- 0          5.5    115.2712   2600.7576  245.986  2.805E+00  2.180E+02  3.360E-02  1.145E-02  1.160E+04  2.289E-04
2      -- 1         16.6    230.5380   1300.4037  243.996  1.093E+01  2.295E+02  5.351E-02  3.360E-02  1.222E+04  1.927E-03
3      -- 2         33.2    345.7960    866.9634  244.105  2.321E+01  2.288E+02  6.999E-02  5.351E-02  1.218E+04  6.484E-03
4      -- 3         55.3    461.0408    650.2515  244.041  3.806E+01  2.276E+02  8.219E-02  6.999E-02  1.211E+04  1.529E-02
5      -- 4         83.0    576.2679    520.2310  243.944  5.363E+01  2.261E+02  8.968E-02  8.219E-02  1.203E+04  2.965E-02
6      -- 5        116.2    691.4731    433.5562  243.835  6.805E+01  2.243E+02  9.250E-02  8.968E-02  1.194E+04  5.084E-02
7      -- 6        154.9    806.6518    371.6504  243.648  7.981E+01  2.223E+02  9.105E-02  9.250E-02  1.183E+04  7.998E-02
8      -- 7        199.1    921.7997    325.2252  243.411  8.776E+01  2.201E+02  8.605E-02  9.105E-02  1.171E+04  1.182E-01
9      -- 8        248.9   1036.9124    289.1203  243.069  9.138E+01  2.176E+02  7.836E-02  8.605E-02  1.158E+04  1.663E-01
10     -- 9        304.2   1151.9855    260.2398  242.558  9.069E+01  2.149E+02  6.896E-02  7.836E-02  1.144E+04  2.252E-01
11     -- 10       365.0   1267.0145    236.6133  241.951  8.626E+01  2.121E+02  5.874E-02  6.896E-02  1.129E+04  2.957E-01
12     -- 11       431.3   1381.9951    216.9273  241.067  7.881E+01  2.089E+02  4.849E-02  5.874E-02  1.112E+04  3.779E-01
13     -- 12       503.1   1496.9229    200.2725  239.881  6.940E+01  2.054E+02  3.882E-02  4.849E-02  1.093E+04  4.721E-01
14     -- 13       580.5   1611.7935    185.9993  237.741  5.914E+01  2.009E+02  3.011E-02  3.882E-02  1.069E+04  5.765E-01
15     -- 14       663.4   1726.6025    173.6314  234.701  4.871E+01  1.955E+02  2.261E-02  3.011E-02  1.041E+04  6.898E-01
16     -- 15       751.7   1841.3455    162.8116  229.784  3.892E+01  1.883E+02  1.639E-02  2.261E-02  1.002E+04  8.057E-01
