* Radex version        : 30nov2011
* Geometry             : Uniform sphere
* Molecular data file  : ./data/co.dat                                                                   
* T(kin)            [K]:  240.000
* Density of H2  [cm-3]:  2.512E+02
* Density of pH2 [cm-3]:  6.280E+01
* Density of oH2 [cm-3]:  1.884E+02
* T(background)     [K]:   13.800
* Column density [cm-2]:  3.876E+17
* Line width     [km/s]:   50.000
Calculation finished in   24 iterations
      LINE         E_UP       FREQ        WAVEL     T_EX      TAU        T_R       POP        POP       FLUX        FLUX
                   (K)        (GHz)       (um)      (K)                  (K)        UP        LOW      (K*km/s) (erg/cm2/s)
1      -- 0          5.5    115.2712   2600.7576   26.629  2.913E-01  3.220E+00  3.437E-01  1.410E-01  1.714E+02  3.381E-06
2      -- 1         16.6    230.5380   1300.4037   17.442  1.185E+00  2.423E+00  3.037E-01  3.437E-01  1.290E+02  2.035E-05
3      -- 2         33.2    345.7960    866.9634   16.055  1.292E+00  1.476E+00  1.513E-01  3.037E-01  7.855E+01  4.183E-05
4      -- 3         55.3    461.0408    650.2515   15.635  7.186E-01  7.810E-01  4.723E-02  1.513E-01  4.157E+01  5.246E-05
5      -- 4         83.0    576.2679    520.2310   16.094  2.360E-01  3.648E-01  1.035E-02  4.723E-02  1.942E+01  4.786E-05
6      -- 5        116.2    691.4731    433.5562   18.326  5.165E-02  1.608E-01  2.001E-03  1.035E-02  8.556E+00  3.643E-05
7      -- 6        154.9    806.6518    371.6504   24.459  9.337E-03  6.984E-02  4.742E-04  2.001E-03  3.717E+00  2.513E-05
8      -- 7        199.1    921.7997    325.2252   35.087  1.971E-03  3.077E-02  1.523E-04  4.742E-04  1.638E+00  1.652E-05
9      -- 8        248.9   1036.9124    289.1203   44.962  5.849E-04  1.356E-02  5.628E-05  1.523E-04  7.217E-01  1.036E-05
10     -- 9        304.2   1151.9855    260.2398   52.806  2.074E-04  5.988E-03  2.183E-05  5.628E-05  3.187E-01  6.275E-06
11     -- 10       365.0   1267.0145    236.6133   60.327  7.804E-05  2.669E-03  8.727E-06  2.183E-05  1.420E-01  3.721E-06
12     -- 11       431.3   1381.9951    216.9273   66.886  3.062E-05  1.181E-03  3.519E-06  8.727E-06  6.286E-02  2.137E-06
13     -- 12       503.1   1496.9229    200.2725   74.520  1.204E-05  5.284E-04  1.449E-06  3.519E-06  2.812E-02  1.215E-06
14     -- 13       580.5   1611.7935    185.9993   74.812  5.123E-06  2.172E-04  5.536E-07  1.449E-06  1.156E-02  6.234E-07
15     -- 14       663.4   1726.6025    173.6314   76.061  1.998E-06  8.350E-05  1.991E-07  5.536E-07  4.444E-03  2.946E-07
16     -- 15       751.7   1841.3455    162.8116   86.098  6.886E-07  3.388E-05  7.592E-08  1.991E-07  1.803E-03  1.450E-07
