* Radex version        : 30nov2011
* Geometry             : Uniform sphere
* Molecular data file  : ./data/co.dat                                                                   
* T(kin)            [K]:  295.000
* Density of H2  [cm-3]:  7.943E+05
* Density of pH2 [cm-3]:  1.986E+05
* Density of oH2 [cm-3]:  5.957E+05
* T(background)     [K]:   13.800
* Column density [cm-2]:  1.226E+21
* Line width     [km/s]:   50.000
Calculation finished in   38 iterations
      LINE         E_UP       FREQ        WAVEL     T_EX      TAU        T_R       POP        POP       FLUX        FLUX
                   (K)        (GHz)       (um)      (K)                  (K)        UP        LOW      (K*km/s) (erg/cm2/s)
1      -- 0          5.5    115.2712   2600.7576  294.951  6.069E+00  2.803E+02  2.761E-02  9.377E-03  1.492E+04  2.943E-04
2      -- 1         16.6    230.5380   1300.4037  294.842  2.360E+01  2.803E+02  4.432E-02  2.761E-02  1.492E+04  2.354E-03
3      -- 2         33.2    345.7960    866.9634  294.844  5.063E+01  2.795E+02  5.865E-02  4.432E-02  1.488E+04  7.922E-03
4      -- 3         55.3    461.0408    650.2515  294.836  8.414E+01  2.783E+02  6.996E-02  5.865E-02  1.481E+04  1.870E-02
5      -- 4         83.0    576.2679    520.2310  294.821  1.206E+02  2.769E+02  7.785E-02  6.996E-02  1.474E+04  3.632E-02
6      -- 5        116.2    691.4731    433.5562  294.807  1.563E+02  2.752E+02  8.221E-02  7.785E-02  1.465E+04  6.237E-02
7      -- 6        154.9    806.6518    371.6504  294.781  1.879E+02  2.734E+02  8.318E-02  8.221E-02  1.455E+04  9.835E-02
8      -- 7        199.1    921.7997    325.2252  294.750  2.126E+02  2.713E+02  8.113E-02  8.318E-02  1.444E+04  1.457E-01
9      -- 8        248.9   1036.9124    289.1203  294.703  2.287E+02  2.691E+02  7.659E-02  8.113E-02  1.432E+04  2.057E-01
10     -- 9        304.2   1151.9855    260.2398  294.636  2.353E+02  2.668E+02  7.017E-02  7.659E-02  1.420E+04  2.796E-01
11     -- 10       365.0   1267.0145    236.6133  294.563  2.330E+02  2.645E+02  6.252E-02  7.017E-02  1.408E+04  3.687E-01
12     -- 11       431.3   1381.9951    216.9273  294.461  2.224E+02  2.620E+02  5.425E-02  6.252E-02  1.394E+04  4.740E-01
13     -- 12       503.1   1496.9229    200.2725  294.348  2.055E+02  2.595E+02  4.590E-02  5.425E-02  1.381E+04  5.966E-01
14     -- 13       580.5   1611.7935    185.9993  294.113  1.841E+02  2.568E+02  3.790E-02  4.590E-02  1.367E+04  7.372E-01
15     -- 14       663.4   1726.6025    173.6314  293.819  1.602E+02  2.541E+02  3.056E-02  3.790E-02  1.353E+04  8.966E-01
16     -- 15       751.7   1841.3455    162.8116  293.404  1.355E+02  2.513E+02  2.407E-02  3.056E-02  1.337E+04  1.075E+00
