* Radex version        : 30nov2011
* Geometry             : Uniform sphere
* Molecular data file  : ./data/co.dat                                                                   
* T(kin)            [K]:  215.000
* Density of H2  [cm-3]:  3.981E+04
* Density of pH2 [cm-3]:  9.953E+03
* Density of oH2 [cm-3]:  2.986E+04
* T(background)     [K]:   13.800
* Column density [cm-2]:  6.143E+19
* Line width     [km/s]:   50.000
Calculation finished in   39 iterations
      LINE         E_UP       FREQ        WAVEL     T_EX      TAU        T_R       POP        POP       FLUX        FLUX
                   (K)        (GHz)       (um)      (K)                  (K)        UP        LOW      (K*km/s) (erg/cm2/s)
1      -- 0          5.5    115.2712   2600.7576  305.001  4.896E-01  1.127E+02  4.597E-02  1.560E-02  5.996E+03  1.183E-04
2      -- 1         16.6    230.5380   1300.4037  203.956  2.823E+00  1.782E+02  7.257E-02  4.597E-02  9.485E+03  1.497E-03
3      -- 2         33.2    345.7960    866.9634  197.652  6.114E+00  1.819E+02  9.342E-02  7.257E-02  9.684E+03  5.157E-03
4      -- 3         55.3    461.0408    650.2515  195.953  9.919E+00  1.795E+02  1.073E-01  9.342E-02  9.555E+03  1.206E-02
5      -- 4         83.0    576.2679    520.2310  193.815  1.377E+01  1.760E+02  1.137E-01  1.073E-01  9.368E+03  2.309E-02
6      -- 5        116.2    691.4731    433.5562  190.892  1.715E+01  1.715E+02  1.129E-01  1.137E-01  9.127E+03  3.886E-02
7      -- 6        154.9    806.6518    371.6504  186.579  1.969E+01  1.654E+02  1.059E-01  1.129E-01  8.803E+03  5.951E-02
8      -- 7        199.1    921.7997    325.2252  180.594  2.114E+01  1.575E+02  9.392E-02  1.059E-01  8.383E+03  8.456E-02
9      -- 8        248.9   1036.9124    289.1203  172.249  2.143E+01  1.472E+02  7.863E-02  9.392E-02  7.833E+03  1.125E-01
10     -- 9        304.2   1151.9855    260.2398  160.805  2.059E+01  1.337E+02  6.162E-02  7.863E-02  7.117E+03  1.401E-01
11     -- 10       365.0   1267.0145    236.6133  146.242  1.870E+01  1.172E+02  4.453E-02  6.162E-02  6.237E+03  1.634E-01
12     -- 11       431.3   1381.9951    216.9273  127.906  1.593E+01  9.705E+01  2.882E-02  4.453E-02  5.165E+03  1.756E-01
13     -- 12       503.1   1496.9229    200.2725  106.391  1.240E+01  7.409E+01  1.584E-02  2.882E-02  3.943E+03  1.703E-01
14     -- 13       580.5   1611.7935    185.9993   83.343  8.329E+00  5.027E+01  6.727E-03  1.584E-02  2.675E+03  1.443E-01
15     -- 14       663.4   1726.6025    173.6314   63.711  4.218E+00  3.036E+01  1.958E-03  6.727E-03  1.616E+03  1.071E-01
16     -- 15       751.7   1841.3455    162.8116   56.577  1.322E+00  1.709E+01  4.372E-04  1.958E-03  9.099E+02  7.315E-02
