* Radex version        : 30nov2011
* Geometry             : Uniform sphere
* Molecular data file  : ./data/co.dat                                                                   
* T(kin)            [K]:  250.000
* Density of H2  [cm-3]:  3.162E+02
* Density of pH2 [cm-3]:  7.906E+01
* Density of oH2 [cm-3]:  2.372E+02
* T(background)     [K]:   13.800
* Column density [cm-2]:  4.879E+17
* Line width     [km/s]:   50.000
Calculation finished in   25 iterations
      LINE         E_UP       FREQ        WAVEL     T_EX      TAU        T_R       POP        POP       FLUX        FLUX
                   (K)        (GHz)       (um)      (K)                  (K)        UP        LOW      (K*km/s) (erg/cm2/s)
1      -- 0          5.5    115.2712   2600.7576   32.953  2.802E-01  4.654E+00  3.316E-01  1.307E-01  2.477E+02  4.886E-06
2      -- 1         16.6    230.5380   1300.4037   18.852  1.360E+00  3.612E+00  3.073E-01  3.316E-01  1.922E+02  3.033E-05
3      -- 2         33.2    345.7960    866.9634   16.932  1.595E+00  2.265E+00  1.615E-01  3.073E-01  1.206E+02  6.421E-05
4      -- 3         55.3    461.0408    650.2515   16.226  9.492E-01  1.243E+00  5.309E-02  1.615E-01  6.618E+01  8.353E-05
5      -- 4         83.0    576.2679    520.2310   16.610  3.299E-01  6.026E-01  1.227E-02  5.309E-02  3.207E+01  7.905E-05
6      -- 5        116.2    691.4731    433.5562   19.004  7.608E-02  2.723E-01  2.530E-03  1.227E-02  1.450E+01  6.172E-05
7      -- 6        154.9    806.6518    371.6504   25.388  1.464E-02  1.203E-01  6.354E-04  2.530E-03  6.401E+00  4.327E-05
8      -- 7        199.1    921.7997    325.2252   35.972  3.283E-03  5.378E-02  2.105E-04  6.354E-04  2.862E+00  2.887E-05
9      -- 8        248.9   1036.9124    289.1203   45.704  1.009E-03  2.406E-02  7.921E-05  2.105E-04  1.280E+00  1.838E-05
10     -- 9        304.2   1151.9855    260.2398   53.660  3.641E-04  1.080E-02  3.124E-05  7.921E-05  5.746E-01  1.131E-05
11     -- 10       365.0   1267.0145    236.6133   61.399  1.392E-04  4.896E-03  1.271E-05  3.124E-05  2.606E-01  6.826E-06
12     -- 11       431.3   1381.9951    216.9273   68.205  5.550E-05  2.208E-03  5.225E-06  1.271E-05  1.175E-01  3.995E-06
13     -- 12       503.1   1496.9229    200.2725   75.961  2.225E-05  1.006E-03  2.191E-06  5.225E-06  5.355E-02  2.313E-06
14     -- 13       580.5   1611.7935    185.9993   76.267  9.644E-06  4.218E-04  8.537E-07  2.191E-06  2.245E-02  1.211E-06
15     -- 14       663.4   1726.6025    173.6314   77.632  3.834E-06  1.658E-04  3.138E-07  8.537E-07  8.822E-03  5.848E-07
16     -- 15       751.7   1841.3455    162.8116   87.919  1.350E-06  6.869E-05  1.223E-07  3.138E-07  3.656E-03  2.940E-07
