* Radex version        : 30nov2011
* Geometry             : Uniform sphere
* Molecular data file  : ./data/co.dat                                                                   
* T(kin)            [K]:  290.000
* Density of H2  [cm-3]:  1.259E+04
* Density of pH2 [cm-3]:  3.147E+03
* Density of oH2 [cm-3]:  9.442E+03
* T(background)     [K]:   13.800
* Column density [cm-2]:  1.943E+19
* Line width     [km/s]:   50.000
Calculation finished in   36 iterations
      LINE         E_UP       FREQ        WAVEL     T_EX      TAU        T_R       POP        POP       FLUX        FLUX
                   (K)        (GHz)       (um)      (K)                  (K)        UP        LOW      (K*km/s) (erg/cm2/s)
1      -- 0          5.5    115.2712   2600.7576 -187.101 -3.129E-01  7.387E+01  5.836E-02  1.889E-02  3.932E+03  7.756E-05
2      -- 1         16.6    230.5380   1300.4037  278.514  8.359E-01  1.496E+02  9.348E-02  5.836E-02  7.961E+03  1.256E-03
3      -- 2         33.2    345.7960    866.9634  184.938  2.654E+00  1.577E+02  1.196E-01  9.348E-02  8.394E+03  4.470E-03
4      -- 3         55.3    461.0408    650.2515  167.752  4.649E+00  1.499E+02  1.348E-01  1.196E-01  7.979E+03  1.007E-02
5      -- 4         83.0    576.2679    520.2310  156.905  6.647E+00  1.390E+02  1.381E-01  1.348E-01  7.398E+03  1.823E-02
6      -- 5        116.2    691.4731    433.5562  145.576  8.417E+00  1.263E+02  1.300E-01  1.381E-01  6.722E+03  2.862E-02
7      -- 6        154.9    806.6518    371.6504  131.711  9.743E+00  1.108E+02  1.118E-01  1.300E-01  5.897E+03  3.986E-02
8      -- 7        199.1    921.7997    325.2252  115.596  1.033E+01  9.301E+01  8.640E-02  1.118E-01  4.951E+03  4.994E-02
9      -- 8        248.9   1036.9124    289.1203   97.464  9.933E+00  7.330E+01  5.795E-02  8.640E-02  3.901E+03  5.601E-02
10     -- 9        304.2   1151.9855    260.2398   78.838  8.313E+00  5.336E+01  3.177E-02  5.795E-02  2.840E+03  5.592E-02
11     -- 10       365.0   1267.0145    236.6133   62.194  5.591E+00  3.578E+01  1.309E-02  3.177E-02  1.904E+03  4.989E-02
12     -- 11       431.3   1381.9951    216.9273   51.291  2.655E+00  2.281E+01  3.904E-03  1.309E-02  1.214E+03  4.127E-02
13     -- 12       503.1   1496.9229    200.2725   53.493  7.995E-01  1.375E+01  1.101E-03  3.904E-03  7.320E+02  3.162E-02
14     -- 13       580.5   1611.7935    185.9993   70.848  2.010E-01  7.064E+00  3.968E-04  1.101E-03  3.760E+02  2.027E-02
15     -- 14       663.4   1726.6025    173.6314   87.096  6.637E-02  3.335E+00  1.638E-04  3.968E-04  1.775E+02  1.177E-02
16     -- 15       751.7   1841.3455    162.8116   98.859  2.615E-02  1.575E+00  7.133E-05  1.638E-04  8.385E+01  6.741E-03
