* Radex version        : 30nov2011
* Geometry             : Uniform sphere
* Molecular data file  : ./data/co.dat                                                                   
* T(kin)            [K]:  250.000
* Density of H2  [cm-3]:  1.000E+03
* Density of pH2 [cm-3]:  2.500E+02
* Density of oH2 [cm-3]:  7.500E+02
* T(background)     [K]:   13.800
* Column density [cm-2]:  1.543E+18
* Line width     [km/s]:   50.000
Calculation finished in   30 iterations
      LINE         E_UP       FREQ        WAVEL     T_EX      TAU        T_R       POP        POP       FLUX        FLUX
                   (K)        (GHz)       (um)      (K)                  (K)        UP        LOW      (K*km/s) (erg/cm2/s)
1      -- 0          5.5    115.2712   2600.7576 -1.261E+03 -1.503E-02  1.931E+01  2.349E-01  7.795E-02  1.028E+03  2.027E-05
2      -- 1         16.6    230.5380   1300.4037   36.209  1.807E+00  1.835E+01  2.884E-01  2.349E-01  9.768E+02  1.541E-04
3      -- 2         33.2    345.7960    866.9634   28.884  3.312E+00  1.373E+01  2.273E-01  2.884E-01  7.308E+02  3.892E-04
4      -- 3         55.3    461.0408    650.2515   24.402  3.385E+00  9.095E+00  1.180E-01  2.273E-01  4.841E+02  6.110E-04
5      -- 4         83.0    576.2679    520.2310   21.423  2.074E+00  5.405E+00  3.967E-02  1.180E-01  2.877E+02  7.090E-04
6      -- 5        116.2    691.4731    433.5562   21.361  7.426E-01  2.939E+00  9.915E-03  3.967E-02  1.564E+02  6.660E-04
7      -- 6        154.9    806.6518    371.6504   25.746  1.803E-01  1.414E+00  2.543E-03  9.915E-03  7.528E+01  5.089E-04
8      -- 7        199.1    921.7997    325.2252   35.190  4.202E-02  6.467E-01  8.199E-04  2.543E-03  3.442E+01  3.472E-04
9      -- 8        248.9   1036.9124    289.1203   45.328  1.248E-02  2.917E-01  3.057E-04  8.199E-04  1.552E+01  2.229E-04
10     -- 9        304.2   1151.9855    260.2398   53.701  4.442E-03  1.316E-01  1.207E-04  3.057E-04  7.005E+00  1.379E-04
11     -- 10       365.0   1267.0145    236.6133   61.530  1.698E-03  5.988E-02  4.920E-05  1.207E-04  3.187E+00  8.349E-05
12     -- 11       431.3   1381.9951    216.9273   68.673  6.766E-04  2.720E-02  2.036E-05  4.920E-05  1.448E+00  4.922E-05
13     -- 12       503.1   1496.9229    200.2725   76.309  2.733E-04  1.245E-02  8.576E-06  2.036E-05  6.626E-01  2.862E-05
14     -- 13       580.5   1611.7935    185.9993   77.279  1.184E-04  5.289E-03  3.385E-06  8.576E-06  2.815E-01  1.518E-05
15     -- 14       663.4   1726.6025    173.6314   79.066  4.759E-05  2.119E-03  1.269E-06  3.385E-06  1.128E-01  7.478E-06
16     -- 15       751.7   1841.3455    162.8116   88.795  1.717E-05  8.870E-04  4.993E-07  1.269E-06  4.721E-02  3.796E-06
