* Radex version        : 30nov2011
* Geometry             : Uniform sphere
* Molecular data file  : ./data/co.dat                                                                   
* T(kin)            [K]:  220.000
* Density of H2  [cm-3]:  6.310E+05
* Density of pH2 [cm-3]:  1.577E+05
* Density of oH2 [cm-3]:  4.732E+05
* T(background)     [K]:   13.800
* Column density [cm-2]:  9.736E+20
* Line width     [km/s]:   50.000
Calculation finished in   37 iterations
      LINE         E_UP       FREQ        WAVEL     T_EX      TAU        T_R       POP        POP       FLUX        FLUX
                   (K)        (GHz)       (um)      (K)                  (K)        UP        LOW      (K*km/s) (erg/cm2/s)
1      -- 0          5.5    115.2712   2600.7576  219.927  8.630E+00  2.059E+02  3.673E-02  1.256E-02  1.096E+04  2.162E-04
2      -- 1         16.6    230.5380   1300.4037  219.896  3.323E+01  2.054E+02  5.822E-02  3.673E-02  1.093E+04  1.725E-03
3      -- 2         33.2    345.7960    866.9634  219.893  7.016E+01  2.046E+02  7.558E-02  5.822E-02  1.089E+04  5.798E-03
4      -- 3         55.3    461.0408    650.2515  219.885  1.140E+02  2.034E+02  8.787E-02  7.558E-02  1.083E+04  1.367E-02
5      -- 4         83.0    576.2679    520.2310  219.873  1.588E+02  2.020E+02  9.471E-02  8.787E-02  1.075E+04  2.650E-02
6      -- 5        116.2    691.4731    433.5562  219.857  1.988E+02  2.004E+02  9.625E-02  9.471E-02  1.067E+04  4.541E-02
7      -- 6        154.9    806.6518    371.6504  219.832  2.293E+02  1.986E+02  9.312E-02  9.625E-02  1.057E+04  7.143E-02
8      -- 7        199.1    921.7997    325.2252  219.798  2.473E+02  1.966E+02  8.630E-02  9.312E-02  1.046E+04  1.055E-01
9      -- 8        248.9   1036.9124    289.1203  219.750  2.520E+02  1.944E+02  7.690E-02  8.630E-02  1.035E+04  1.486E-01
10     -- 9        304.2   1151.9855    260.2398  219.676  2.441E+02  1.922E+02  6.609E-02  7.690E-02  1.023E+04  2.014E-01
11     -- 10       365.0   1267.0145    236.6133  219.585  2.260E+02  1.898E+02  5.487E-02  6.609E-02  1.010E+04  2.647E-01
12     -- 11       431.3   1381.9951    216.9273  219.448  2.005E+02  1.874E+02  4.409E-02  5.487E-02  9.975E+03  3.391E-01
13     -- 12       503.1   1496.9229    200.2725  219.261  1.711E+02  1.849E+02  3.431E-02  4.409E-02  9.841E+03  4.251E-01
14     -- 13       580.5   1611.7935    185.9993  218.923  1.407E+02  1.822E+02  2.588E-02  3.431E-02  9.699E+03  5.230E-01
15     -- 14       663.4   1726.6025    173.6314  218.442  1.116E+02  1.794E+02  1.893E-02  2.588E-02  9.550E+03  6.330E-01
16     -- 15       751.7   1841.3455    162.8116  217.640  8.556E+01  1.763E+02  1.343E-02  1.893E-02  9.383E+03  7.544E-01
