* Radex version        : 30nov2011
* Geometry             : Uniform sphere
* Molecular data file  : ./data/co.dat                                                                   
* T(kin)            [K]:  255.000
* Density of H2  [cm-3]:  2.512E+04
* Density of pH2 [cm-3]:  6.280E+03
* Density of oH2 [cm-3]:  1.884E+04
* T(background)     [K]:    2.725
* Column density [cm-2]:  2.481E+20
* Line width     [km/s]:   50.000
Calculation finished in  142 iterations
      LINE         E_UP       FREQ        WAVEL     T_EX      TAU        T_R       POP        POP       FLUX        FLUX
                   (K)        (GHz)       (um)      (K)                  (K)        UP        LOW      (K*km/s) (erg/cm2/s)
1      -- 0          5.5    115.2712   2600.7576  279.314  1.685E+00  2.246E+02  3.586E-02  1.219E-02  1.195E+04  2.358E-04
2      -- 1         16.6    230.5380   1300.4037  240.649  7.567E+00  2.348E+02  5.708E-02  3.586E-02  1.250E+04  1.972E-03
3      -- 2         33.2    345.7960    866.9634  241.208  1.603E+01  2.330E+02  7.460E-02  5.708E-02  1.240E+04  6.603E-03
4      -- 3         55.3    461.0408    650.2515  240.660  2.631E+01  2.298E+02  8.748E-02  7.460E-02  1.223E+04  1.543E-02
5      -- 4         83.0    576.2679    520.2310  239.459  3.718E+01  2.259E+02  9.526E-02  8.748E-02  1.202E+04  2.963E-02
6      -- 5        116.2    691.4731    433.5562  237.865  4.735E+01  2.217E+02  9.792E-02  9.526E-02  1.180E+04  5.023E-02
7      -- 6        154.9    806.6518    371.6504  235.551  5.578E+01  2.167E+02  9.586E-02  9.792E-02  1.154E+04  7.797E-02
8      -- 7        199.1    921.7997    325.2252  231.593  6.187E+01  2.102E+02  8.975E-02  9.586E-02  1.119E+04  1.128E-01
9      -- 8        248.9   1036.9124    289.1203  227.612  6.471E+01  2.036E+02  8.061E-02  8.975E-02  1.084E+04  1.556E-01
10     -- 9        304.2   1151.9855    260.2398  218.149  6.558E+01  1.917E+02  6.915E-02  8.061E-02  1.020E+04  2.009E-01
11     -- 10       365.0   1267.0145    236.6133  211.393  6.227E+01  1.824E+02  5.681E-02  6.915E-02  9.711E+03  2.544E-01
12     -- 11       431.3   1381.9951    216.9273  190.177  5.971E+01  1.589E+02  4.356E-02  5.681E-02  8.459E+03  2.876E-01
13     -- 12       503.1   1496.9229    200.2725  171.945  5.266E+01  1.385E+02  3.098E-02  4.356E-02  7.373E+03  3.185E-01
14     -- 13       580.5   1611.7935    185.9993  123.325  5.067E+01  8.867E+01  1.777E-02  3.098E-02  4.719E+03  2.545E-01
15     -- 14       663.4   1726.6025    173.6314   48.016  5.084E+01  1.795E+01  3.382E-03  1.777E-02  9.553E+02  6.333E-02
16     -- 15       751.7   1841.3455    162.8116  -38.615 -1.034E+02  7.907E+46  3.550E-02  3.382E-03  4.208E+48  3.384E+44
