* Radex version        : 30nov2011
* Geometry             : Uniform sphere
* Molecular data file  : ./data/co.dat                                                                   
* T(kin)            [K]:  265.000
* Density of H2  [cm-3]:  6.310E+05
* Density of pH2 [cm-3]:  1.577E+05
* Density of oH2 [cm-3]:  4.732E+05
* T(background)     [K]:   13.800
* Column density [cm-2]:  9.736E+20
* Line width     [km/s]:   50.000
Calculation finished in   38 iterations
      LINE         E_UP       FREQ        WAVEL     T_EX      TAU        T_R       POP        POP       FLUX        FLUX
                   (K)        (GHz)       (um)      (K)                  (K)        UP        LOW      (K*km/s) (erg/cm2/s)
1      -- 0          5.5    115.2712   2600.7576  264.939  5.971E+00  2.503E+02  3.069E-02  1.044E-02  1.332E+04  2.628E-04
2      -- 1         16.6    230.5380   1300.4037  264.816  2.315E+01  2.503E+02  4.905E-02  3.069E-02  1.332E+04  2.102E-03
3      -- 2         33.2    345.7960    866.9634  264.818  4.940E+01  2.495E+02  6.450E-02  4.905E-02  1.328E+04  7.071E-03
4      -- 3         55.3    461.0408    650.2515  264.807  8.149E+01  2.483E+02  7.628E-02  6.450E-02  1.322E+04  1.668E-02
5      -- 4         83.0    576.2679    520.2310  264.788  1.157E+02  2.469E+02  8.399E-02  7.628E-02  1.314E+04  3.239E-02
6      -- 5        116.2    691.4731    433.5562  264.769  1.482E+02  2.452E+02  8.757E-02  8.399E-02  1.305E+04  5.557E-02
7      -- 6        154.9    806.6518    371.6504  264.734  1.757E+02  2.434E+02  8.729E-02  8.757E-02  1.295E+04  8.755E-02
8      -- 7        199.1    921.7997    325.2252  264.692  1.957E+02  2.413E+02  8.370E-02  8.729E-02  1.284E+04  1.296E-01
9      -- 8        248.9   1036.9124    289.1203  264.630  2.068E+02  2.391E+02  7.751E-02  8.370E-02  1.273E+04  1.827E-01
10     -- 9        304.2   1151.9855    260.2398  264.537  2.085E+02  2.368E+02  6.952E-02  7.751E-02  1.261E+04  2.482E-01
11     -- 10       365.0   1267.0145    236.6133  264.433  2.019E+02  2.344E+02  6.050E-02  6.952E-02  1.248E+04  3.269E-01
12     -- 11       431.3   1381.9951    216.9273  264.283  1.881E+02  2.320E+02  5.116E-02  6.050E-02  1.235E+04  4.197E-01
13     -- 12       503.1   1496.9229    200.2725  264.101  1.693E+02  2.294E+02  4.209E-02  5.116E-02  1.221E+04  5.275E-01
14     -- 13       580.5   1611.7935    185.9993  263.750  1.474E+02  2.267E+02  3.372E-02  4.209E-02  1.206E+04  6.506E-01
15     -- 14       663.4   1726.6025    173.6314  263.292  1.244E+02  2.238E+02  2.631E-02  3.372E-02  1.191E+04  7.897E-01
16     -- 15       751.7   1841.3455    162.8116  262.597  1.018E+02  2.207E+02  2.001E-02  2.631E-02  1.175E+04  9.446E-01
