* Radex version        : 30nov2011
* Geometry             : Uniform sphere
* Molecular data file  : ./data/co.dat                                                                   
* T(kin)            [K]:  295.000
* Density of H2  [cm-3]:  1.000E+06
* Density of pH2 [cm-3]:  2.500E+05
* Density of oH2 [cm-3]:  7.500E+05
* T(background)     [K]:   13.800
* Column density [cm-2]:  1.543E+21
* Line width     [km/s]:   50.000
Calculation finished in   37 iterations
      LINE         E_UP       FREQ        WAVEL     T_EX      TAU        T_R       POP        POP       FLUX        FLUX
                   (K)        (GHz)       (um)      (K)                  (K)        UP        LOW      (K*km/s) (erg/cm2/s)
1      -- 0          5.5    115.2712   2600.7576  294.945  7.631E+00  2.808E+02  2.757E-02  9.366E-03  1.495E+04  2.948E-04
2      -- 1         16.6    230.5380   1300.4037  294.902  2.966E+01  2.804E+02  4.427E-02  2.757E-02  1.492E+04  2.355E-03
3      -- 2         33.2    345.7960    866.9634  294.901  6.365E+01  2.796E+02  5.858E-02  4.427E-02  1.488E+04  7.923E-03
4      -- 3         55.3    461.0408    650.2515  294.896  1.058E+02  2.784E+02  6.987E-02  5.858E-02  1.482E+04  1.870E-02
5      -- 4         83.0    576.2679    520.2310  294.887  1.516E+02  2.770E+02  7.776E-02  6.987E-02  1.474E+04  3.633E-02
6      -- 5        116.2    691.4731    433.5562  294.878  1.965E+02  2.753E+02  8.211E-02  7.776E-02  1.465E+04  6.239E-02
7      -- 6        154.9    806.6518    371.6504  294.861  2.362E+02  2.734E+02  8.309E-02  8.211E-02  1.455E+04  9.838E-02
8      -- 7        199.1    921.7997    325.2252  294.842  2.673E+02  2.714E+02  8.105E-02  8.309E-02  1.445E+04  1.457E-01
9      -- 8        248.9   1036.9124    289.1203  294.812  2.875E+02  2.692E+02  7.651E-02  8.105E-02  1.433E+04  2.058E-01
10     -- 9        304.2   1151.9855    260.2398  294.770  2.958E+02  2.670E+02  7.010E-02  7.651E-02  1.421E+04  2.797E-01
11     -- 10       365.0   1267.0145    236.6133  294.724  2.929E+02  2.646E+02  6.247E-02  7.010E-02  1.408E+04  3.689E-01
12     -- 11       431.3   1381.9951    216.9273  294.659  2.796E+02  2.622E+02  5.421E-02  6.247E-02  1.396E+04  4.744E-01
13     -- 12       503.1   1496.9229    200.2725  294.588  2.583E+02  2.597E+02  4.588E-02  5.421E-02  1.382E+04  5.972E-01
14     -- 13       580.5   1611.7935    185.9993  294.439  2.315E+02  2.572E+02  3.789E-02  4.588E-02  1.369E+04  7.381E-01
15     -- 14       663.4   1726.6025    173.6314  294.252  2.013E+02  2.546E+02  3.056E-02  3.789E-02  1.355E+04  8.981E-01
16     -- 15       751.7   1841.3455    162.8116  293.990  1.703E+02  2.519E+02  2.409E-02  3.056E-02  1.341E+04  1.078E+00
