* Radex version        : 30nov2011
* Geometry             : Uniform sphere
* Molecular data file  : ./data/co.dat                                                                   
* T(kin)            [K]:  280.000
* Density of H2  [cm-3]:  7.943E+05
* Density of pH2 [cm-3]:  1.986E+05
* Density of oH2 [cm-3]:  5.957E+05
* T(background)     [K]:   13.800
* Column density [cm-2]:  1.226E+21
* Line width     [km/s]:   50.000
Calculation finished in   37 iterations
      LINE         E_UP       FREQ        WAVEL     T_EX      TAU        T_R       POP        POP       FLUX        FLUX
                   (K)        (GHz)       (um)      (K)                  (K)        UP        LOW      (K*km/s) (erg/cm2/s)
1      -- 0          5.5    115.2712   2600.7576  279.939  6.730E+00  2.656E+02  2.905E-02  9.875E-03  1.414E+04  2.789E-04
2      -- 1         16.6    230.5380   1300.4037  279.865  2.613E+01  2.654E+02  4.653E-02  2.905E-02  1.412E+04  2.229E-03
3      -- 2         33.2    345.7960    866.9634  279.865  5.592E+01  2.645E+02  6.140E-02  4.653E-02  1.408E+04  7.497E-03
4      -- 3         55.3    461.0408    650.2515  279.858  9.260E+01  2.634E+02  7.294E-02  6.140E-02  1.402E+04  1.769E-02
5      -- 4         83.0    576.2679    520.2310  279.844  1.321E+02  2.619E+02  8.076E-02  7.294E-02  1.394E+04  3.436E-02
6      -- 5        116.2    691.4731    433.5562  279.832  1.703E+02  2.603E+02  8.477E-02  8.076E-02  1.385E+04  5.898E-02
7      -- 6        154.9    806.6518    371.6504  279.807  2.034E+02  2.584E+02  8.517E-02  8.477E-02  1.375E+04  9.297E-02
8      -- 7        199.1    921.7997    325.2252  279.779  2.284E+02  2.564E+02  8.241E-02  8.517E-02  1.365E+04  1.376E-01
9      -- 8        248.9   1036.9124    289.1203  279.736  2.436E+02  2.542E+02  7.709E-02  8.241E-02  1.353E+04  1.943E-01
10     -- 9        304.2   1151.9855    260.2398  279.673  2.483E+02  2.519E+02  6.992E-02  7.709E-02  1.341E+04  2.640E-01
11     -- 10       365.0   1267.0145    236.6133  279.604  2.433E+02  2.496E+02  6.161E-02  6.992E-02  1.328E+04  3.479E-01
12     -- 11       431.3   1381.9951    216.9273  279.505  2.296E+02  2.471E+02  5.282E-02  6.161E-02  1.315E+04  4.471E-01
13     -- 12       503.1   1496.9229    200.2725  279.391  2.094E+02  2.446E+02  4.412E-02  5.282E-02  1.302E+04  5.624E-01
14     -- 13       580.5   1611.7935    185.9993  279.163  1.852E+02  2.420E+02  3.592E-02  4.412E-02  1.288E+04  6.945E-01
15     -- 14       663.4   1726.6025    173.6314  278.872  1.588E+02  2.393E+02  2.852E-02  3.592E-02  1.274E+04  8.442E-01
16     -- 15       751.7   1841.3455    162.8116  278.448  1.322E+02  2.364E+02  2.211E-02  2.852E-02  1.259E+04  1.012E+00
