* Radex version        : 30nov2011
* Geometry             : Uniform sphere
* Molecular data file  : ./data/co.dat                                                                   
* T(kin)            [K]:  205.000
* Density of H2  [cm-3]:  6.310E+05
* Density of pH2 [cm-3]:  1.577E+05
* Density of oH2 [cm-3]:  4.732E+05
* T(background)     [K]:   13.800
* Column density [cm-2]:  9.736E+20
* Line width     [km/s]:   50.000
Calculation finished in   37 iterations
      LINE         E_UP       FREQ        WAVEL     T_EX      TAU        T_R       POP        POP       FLUX        FLUX
                   (K)        (GHz)       (um)      (K)                  (K)        UP        LOW      (K*km/s) (erg/cm2/s)
1      -- 0          5.5    115.2712   2600.7576  204.934  9.922E+00  1.910E+02  3.932E-02  1.347E-02  1.016E+04  2.005E-04
2      -- 1         16.6    230.5380   1300.4037  204.916  3.810E+01  1.904E+02  6.209E-02  3.932E-02  1.014E+04  1.599E-03
3      -- 2         33.2    345.7960    866.9634  204.913  8.009E+01  1.896E+02  8.017E-02  6.209E-02  1.009E+04  5.374E-03
4      -- 3         55.3    461.0408    650.2515  204.906  1.293E+02  1.885E+02  9.252E-02  8.017E-02  1.003E+04  1.266E-02
5      -- 4         83.0    576.2679    520.2310  204.895  1.786E+02  1.871E+02  9.880E-02  9.252E-02  9.957E+03  2.454E-02
6      -- 5        116.2    691.4731    433.5562  204.881  2.213E+02  1.854E+02  9.931E-02  9.880E-02  9.870E+03  4.203E-02
7      -- 6        154.9    806.6518    371.6504  204.858  2.523E+02  1.836E+02  9.485E-02  9.931E-02  9.773E+03  6.606E-02
8      -- 7        199.1    921.7997    325.2252  204.827  2.684E+02  1.816E+02  8.662E-02  9.485E-02  9.667E+03  9.752E-02
9      -- 8        248.9   1036.9124    289.1203  204.783  2.693E+02  1.795E+02  7.592E-02  8.662E-02  9.555E+03  1.372E-01
10     -- 9        304.2   1151.9855    260.2398  204.715  2.563E+02  1.773E+02  6.406E-02  7.592E-02  9.436E+03  1.858E-01
11     -- 10       365.0   1267.0145    236.6133  204.627  2.328E+02  1.750E+02  5.212E-02  6.406E-02  9.313E+03  2.440E-01
12     -- 11       431.3   1381.9951    216.9273  204.494  2.023E+02  1.726E+02  4.096E-02  5.212E-02  9.185E+03  3.122E-01
13     -- 12       503.1   1496.9229    200.2725  204.303  1.687E+02  1.701E+02  3.112E-02  4.096E-02  9.053E+03  3.911E-01
14     -- 13       580.5   1611.7935    185.9993  203.962  1.353E+02  1.674E+02  2.288E-02  3.112E-02  8.912E+03  4.806E-01
15     -- 14       663.4   1726.6025    173.6314  203.462  1.045E+02  1.646E+02  1.627E-02  2.288E-02  8.762E+03  5.808E-01
16     -- 15       751.7   1841.3455    162.8116  202.592  7.790E+01  1.615E+02  1.120E-02  1.627E-02  8.594E+03  6.910E-01
