* Radex version        : 30nov2011
* Geometry             : Uniform sphere
* Molecular data file  : ./data/co.dat                                                                   
* T(kin)            [K]:   25.000
* Density of H2  [cm-3]:  1.000E+06
* Density of pH2 [cm-3]:  2.500E+05
* Density of oH2 [cm-3]:  7.500E+05
* T(background)     [K]:   13.800
* Column density [cm-2]:  1.543E+21
* Line width     [km/s]:   50.000
Calculation finished in   22 iterations
      LINE         E_UP       FREQ        WAVEL     T_EX      TAU        T_R       POP        POP       FLUX        FLUX
                   (K)        (GHz)       (um)      (K)                  (K)        UP        LOW      (K*km/s) (erg/cm2/s)
1      -- 0          5.5    115.2712   2600.7576   25.000  9.280E+02  1.112E+01  2.564E-01  1.066E-01  5.917E+02  1.167E-05
2      -- 1         16.6    230.5380   1300.4037   25.000  2.678E+03  1.088E+01  2.745E-01  2.564E-01  5.788E+02  9.133E-05
3      -- 2         33.2    345.7960    866.9634   25.000  3.499E+03  1.049E+01  1.978E-01  2.745E-01  5.582E+02  2.972E-04
4      -- 3         55.3    461.0408    650.2515   25.000  2.902E+03  9.974E+00  1.050E-01  1.978E-01  5.309E+02  6.700E-04
5      -- 4         83.0    576.2679    520.2310   25.000  1.703E+03  9.362E+00  4.244E-02  1.050E-01  4.983E+02  1.228E-03
6      -- 5        116.2    691.4731    433.5562   24.999  7.404E+02  8.680E+00  1.330E-02  4.244E-02  4.620E+02  1.967E-03
7      -- 6        154.9    806.6518    371.6504   24.996  2.449E+02  7.954E+00  3.261E-03  1.330E-02  4.234E+02  2.862E-03
8      -- 7        199.1    921.7997    325.2252   24.981  6.248E+01  7.204E+00  6.289E-04  3.261E-03  3.834E+02  3.868E-03
9      -- 8        248.9   1036.9124    289.1203   24.803  1.243E+01  6.343E+00  9.452E-05  6.289E-04  3.376E+02  4.847E-03
10     -- 9        304.2   1151.9855    260.2398   23.578  1.932E+00  4.136E+00  1.001E-05  9.452E-05  2.202E+02  4.334E-03
11     -- 10       365.0   1267.0145    236.6133   22.834  2.088E-01  7.174E-01  7.649E-07  1.001E-05  3.818E+01  1.000E-03
12     -- 11       431.3   1381.9951    216.9273   23.015  1.604E-02  5.392E-02  4.658E-08  7.649E-07  2.870E+00  9.756E-05
13     -- 12       503.1   1496.9229    200.2725   22.999  9.805E-04  2.852E-03  2.213E-09  4.658E-08  1.518E-01  6.557E-06
14     -- 13       580.5   1611.7935    185.9993   22.901  4.669E-05  1.143E-04  8.113E-11  2.213E-09  6.082E-03  3.280E-07
15     -- 14       663.4   1726.6025    173.6314   22.777  1.710E-06  3.478E-06  2.281E-12  8.113E-11  1.851E-04  1.227E-08
16     -- 15       751.7   1841.3455    162.8116   22.714  4.796E-08  8.139E-08  4.963E-14  2.281E-12  4.332E-06  3.483E-10
