* Radex version        : 30nov2011
* Geometry             : Uniform sphere
* Molecular data file  : ./data/co.dat                                                                   
* T(kin)            [K]:  290.000
* Density of H2  [cm-3]:  1.585E+02
* Density of pH2 [cm-3]:  3.962E+01
* Density of oH2 [cm-3]:  1.189E+02
* T(background)     [K]:   13.800
* Column density [cm-2]:  2.445E+17
* Line width     [km/s]:   50.000
Calculation finished in   21 iterations
      LINE         E_UP       FREQ        WAVEL     T_EX      TAU        T_R       POP        POP       FLUX        FLUX
                   (K)        (GHz)       (um)      (K)                  (K)        UP        LOW      (K*km/s) (erg/cm2/s)
1      -- 0          5.5    115.2712   2600.7576   21.594  2.406E-01  1.653E+00  3.557E-01  1.532E-01  8.796E+01  1.735E-06
2      -- 1         16.6    230.5380   1300.4037   16.079  8.194E-01  1.217E+00  2.979E-01  3.557E-01  6.479E+01  1.022E-05
3      -- 2         33.2    345.7960    866.9634   15.240  8.231E-01  7.251E-01  1.404E-01  2.979E-01  3.859E+01  2.055E-05
4      -- 3         55.3    461.0408    650.2515   15.111  4.273E-01  3.761E-01  4.174E-02  1.404E-01  2.002E+01  2.527E-05
5      -- 4         83.0    576.2679    520.2310   15.679  1.329E-01  1.756E-01  8.742E-03  4.174E-02  9.345E+00  2.303E-05
6      -- 5        116.2    691.4731    433.5562   17.981  2.770E-02  8.006E-02  1.632E-03  8.742E-03  4.261E+00  1.814E-05
7      -- 6        154.9    806.6518    371.6504   24.627  4.791E-03  3.657E-02  3.909E-04  1.632E-03  1.947E+00  1.316E-05
8      -- 7        199.1    921.7997    325.2252   36.719  1.002E-03  1.709E-02  1.328E-04  3.909E-04  9.096E-01  9.175E-06
9      -- 8        248.9   1036.9124    289.1203   47.784  3.110E-04  8.010E-03  5.239E-05  1.328E-04  4.263E-01  6.121E-06
10     -- 9        304.2   1151.9855    260.2398   56.468  1.172E-04  3.778E-03  2.175E-05  5.239E-05  2.011E-01  3.959E-06
11     -- 10       365.0   1267.0145    236.6133   65.060  4.691E-05  1.810E-03  9.356E-06  2.175E-05  9.632E-02  2.523E-06
12     -- 11       431.3   1381.9951    216.9273   72.442  1.975E-05  8.634E-04  4.071E-06  9.356E-06  4.595E-02  1.562E-06
13     -- 12       503.1   1496.9229    200.2725   80.702  8.372E-06  4.156E-04  1.805E-06  4.071E-06  2.212E-02  9.556E-07
14     -- 13       580.5   1611.7935    185.9993   80.625  3.854E-06  1.840E-04  7.428E-07  1.805E-06  9.795E-03  5.282E-07
15     -- 14       663.4   1726.6025    173.6314   82.160  1.619E-06  7.669E-05  2.896E-07  7.428E-07  4.082E-03  2.706E-07
16     -- 15       751.7   1841.3455    162.8116   93.630  6.018E-07  3.379E-05  1.200E-07  2.896E-07  1.798E-03  1.446E-07
