* Radex version        : 30nov2011
* Geometry             : Uniform sphere
* Molecular data file  : ./data/co.dat                                                                   
* T(kin)            [K]:  225.000
* Density of H2  [cm-3]:  1.259E+04
* Density of pH2 [cm-3]:  3.147E+03
* Density of oH2 [cm-3]:  9.442E+03
* T(background)     [K]:   13.800
* Column density [cm-2]:  1.943E+19
* Line width     [km/s]:   50.000
Calculation finished in   37 iterations
      LINE         E_UP       FREQ        WAVEL     T_EX      TAU        T_R       POP        POP       FLUX        FLUX
                   (K)        (GHz)       (um)      (K)                  (K)        UP        LOW      (K*km/s) (erg/cm2/s)
1      -- 0          5.5    115.2712   2600.7576 -418.133 -1.610E-01  7.548E+01  6.656E-02  2.190E-02  4.017E+03  7.924E-05
2      -- 1         16.6    230.5380   1300.4037  189.789  1.386E+00  1.315E+02  1.047E-01  6.656E-02  6.998E+03  1.104E-03
3      -- 2         33.2    345.7960    866.9634  152.618  3.567E+00  1.335E+02  1.314E-01  1.047E-01  7.104E+03  3.783E-03
4      -- 3         55.3    461.0408    650.2515  142.805  5.932E+00  1.261E+02  1.447E-01  1.314E-01  6.713E+03  8.472E-03
5      -- 4         83.0    576.2679    520.2310  134.284  8.219E+00  1.166E+02  1.440E-01  1.447E-01  6.206E+03  1.529E-02
6      -- 5        116.2    691.4731    433.5562  124.099  1.010E+01  1.049E+02  1.302E-01  1.440E-01  5.586E+03  2.378E-02
7      -- 6        154.9    806.6518    371.6504  111.296  1.126E+01  9.057E+01  1.061E-01  1.302E-01  4.820E+03  3.258E-02
8      -- 7        199.1    921.7997    325.2252   96.157  1.137E+01  7.386E+01  7.591E-02  1.061E-01  3.931E+03  3.965E-02
9      -- 8        248.9   1036.9124    289.1203   79.255  1.018E+01  5.557E+01  4.528E-02  7.591E-02  2.958E+03  4.247E-02
10     -- 9        304.2   1151.9855    260.2398   62.316  7.579E+00  3.766E+01  2.061E-02  4.528E-02  2.005E+03  3.947E-02
11     -- 10       365.0   1267.0145    236.6133   48.509  4.154E+00  2.318E+01  6.444E-03  2.061E-02  1.234E+03  3.231E-02
12     -- 11       431.3   1381.9951    216.9273   43.525  1.409E+00  1.355E+01  1.526E-03  6.444E-03  7.210E+02  2.451E-02
13     -- 12       503.1   1496.9229    200.2725   54.611  3.095E-01  6.907E+00  4.423E-04  1.526E-03  3.676E+02  1.588E-02
14     -- 13       580.5   1611.7935    185.9993   71.784  8.019E-02  3.054E+00  1.617E-04  4.423E-04  1.626E+02  8.767E-03
15     -- 14       663.4   1726.6025    173.6314   80.489  2.833E-02  1.280E+00  6.174E-05  1.617E-04  6.815E+01  4.517E-03
16     -- 15       751.7   1841.3455    162.8116   88.024  1.057E-02  5.358E-01  2.408E-05  6.174E-05  2.852E+01  2.293E-03
