* Radex version        : 30nov2011
* Geometry             : Uniform sphere
* Molecular data file  : ./data/co.dat                                                                   
* T(kin)            [K]:  225.000
* Density of H2  [cm-3]:  6.310E+03
* Density of pH2 [cm-3]:  1.577E+03
* Density of oH2 [cm-3]:  4.732E+03
* T(background)     [K]:   13.800
* Column density [cm-2]:  9.736E+18
* Line width     [km/s]:   50.000
Calculation finished in   35 iterations
      LINE         E_UP       FREQ        WAVEL     T_EX      TAU        T_R       POP        POP       FLUX        FLUX
                   (K)        (GHz)       (um)      (K)                  (K)        UP        LOW      (K*km/s) (erg/cm2/s)
1      -- 0          5.5    115.2712   2600.7576 -139.741 -3.334E-01  6.083E+01  9.313E-02  2.984E-02  3.238E+03  6.386E-05
2      -- 1         16.6    230.5380   1300.4037  141.474  1.291E+00  9.210E+01  1.435E-01  9.313E-02  4.902E+03  7.735E-04
3      -- 2         33.2    345.7960    866.9634  106.418  3.436E+00  8.827E+01  1.719E-01  1.435E-01  4.698E+03  2.502E-03
4      -- 3         55.3    461.0408    650.2515   95.367  5.611E+00  7.887E+01  1.753E-01  1.719E-01  4.198E+03  5.298E-03
5      -- 4         83.0    576.2679    520.2310   85.008  7.444E+00  6.758E+01  1.547E-01  1.753E-01  3.597E+03  8.865E-03
6      -- 5        116.2    691.4731    433.5562   73.318  8.438E+00  5.467E+01  1.163E-01  1.547E-01  2.910E+03  1.239E-02
7      -- 6        154.9    806.6518    371.6504   60.358  8.123E+00  4.055E+01  7.066E-02  1.163E-01  2.158E+03  1.459E-02
8      -- 7        199.1    921.7997    325.2252   47.704  6.221E+00  2.703E+01  3.168E-02  7.066E-02  1.439E+03  1.451E-02
9      -- 8        248.9   1036.9124    289.1203   37.936  3.335E+00  1.635E+01  9.536E-03  3.168E-02  8.703E+02  1.250E-02
10     -- 9        304.2   1151.9855    260.2398   35.946  1.068E+00  9.254E+00  2.264E-03  9.536E-03  4.925E+02  9.697E-03
11     -- 10       365.0   1267.0145    236.6133   46.509  2.335E-01  4.540E+00  6.708E-04  2.264E-03  2.416E+02  6.329E-03
12     -- 11       431.3   1381.9951    216.9273   62.245  6.160E-02  2.050E+00  2.512E-04  6.708E-04  1.091E+02  3.709E-03
13     -- 12       503.1   1496.9229    200.2725   72.540  2.193E-02  9.124E-01  1.008E-04  2.512E-04  4.856E+01  2.098E-03
14     -- 13       580.5   1611.7935    185.9993   76.529  8.831E-03  3.866E-01  3.939E-05  1.008E-04  2.058E+01  1.110E-03
15     -- 14       663.4   1726.6025    173.6314   79.890  3.474E-03  1.570E-01  1.492E-05  3.939E-05  8.359E+00  5.541E-04
16     -- 15       751.7   1841.3455    162.8116   87.069  1.289E-03  6.450E-02  5.758E-06  1.492E-05  3.433E+00  2.760E-04
