* Radex version        : 30nov2011
* Geometry             : Uniform sphere
* Molecular data file  : ./data/co.dat                                                                   
* T(kin)            [K]:   25.000
* Density of H2  [cm-3]:  2.512E+04
* Density of pH2 [cm-3]:  6.280E+03
* Density of oH2 [cm-3]:  1.884E+04
* T(background)     [K]:   13.800
* Column density [cm-2]:  3.876E+19
* Line width     [km/s]:   50.000
Calculation finished in   31 iterations
      LINE         E_UP       FREQ        WAVEL     T_EX      TAU        T_R       POP        POP       FLUX        FLUX
                   (K)        (GHz)       (um)      (K)                  (K)        UP        LOW      (K*km/s) (erg/cm2/s)
1      -- 0          5.5    115.2712   2600.7576   24.974  2.348E+01  1.109E+01  2.579E-01  1.073E-01  5.904E+02  1.164E-05
2      -- 1         16.6    230.5380   1300.4037   24.966  6.776E+01  1.084E+01  2.760E-01  2.579E-01  5.771E+02  9.106E-05
3      -- 2         33.2    345.7960    866.9634   24.942  8.851E+01  1.043E+01  1.986E-01  2.760E-01  5.552E+02  2.956E-04
4      -- 3         55.3    461.0408    650.2515   24.856  7.346E+01  9.839E+00  1.049E-01  1.986E-01  5.237E+02  6.609E-04
5      -- 4         83.0    576.2679    520.2310   24.575  4.312E+01  8.979E+00  4.159E-02  1.049E-01  4.779E+02  1.178E-03
6      -- 5        116.2    691.4731    433.5562   23.135  1.889E+01  7.086E+00  1.171E-02  4.159E-02  3.771E+02  1.606E-03
7      -- 6        154.9    806.6518    371.6504   19.349  5.947E+00  3.552E+00  1.827E-03  1.171E-02  1.891E+02  1.278E-03
8      -- 7        199.1    921.7997    325.2252   16.643  9.854E-01  9.184E-01  1.451E-04  1.827E-03  4.888E+01  4.931E-04
9      -- 8        248.9   1036.9124    289.1203   16.786  7.896E-02  1.000E-01  8.366E-06  1.451E-04  5.323E+00  7.643E-05
10     -- 9        304.2   1151.9855    260.2398   17.471  4.550E-03  6.415E-03  3.906E-07  8.366E-06  3.415E-01  6.723E-06
11     -- 10       365.0   1267.0145    236.6133   18.093  2.122E-04  3.045E-04  1.485E-08  3.906E-07  1.621E-02  4.246E-07
12     -- 11       431.3   1381.9951    216.9273   18.734  8.041E-06  1.153E-05  4.680E-10  1.485E-08  6.137E-04  2.086E-08
13     -- 12       503.1   1496.9229    200.2725   19.292  2.526E-07  3.488E-07  1.220E-11  4.680E-10  1.856E-05  8.019E-10
14     -- 13       580.5   1611.7935    185.9993   19.700  6.561E-09  8.330E-09  2.583E-13  1.220E-11  4.433E-07  2.391E-11
15     -- 14       663.4   1726.6025    173.6314   19.916  1.383E-10  1.532E-10  4.306E-15  2.583E-13  8.153E-09  5.405E-13
16     -- 15       751.7   1841.3455    162.8116   20.180  2.293E-12  2.236E-12  5.742E-17  4.306E-15  1.190E-10  9.570E-15
