* Radex version        : 30nov2011
* Geometry             : Uniform sphere
* Molecular data file  : ./data/co.dat                                                                   
* T(kin)            [K]:  200.000
* Density of H2  [cm-3]:  3.162E+03
* Density of pH2 [cm-3]:  7.906E+02
* Density of oH2 [cm-3]:  2.372E+03
* T(background)     [K]:   13.800
* Column density [cm-2]:  4.879E+18
* Line width     [km/s]:   50.000
Calculation finished in   33 iterations
      LINE         E_UP       FREQ        WAVEL     T_EX      TAU        T_R       POP        POP       FLUX        FLUX
                   (K)        (GHz)       (um)      (K)                  (K)        UP        LOW      (K*km/s) (erg/cm2/s)
1      -- 0          5.5    115.2712   2600.7576 -136.014 -2.584E-01  4.423E+01  1.403E-01  4.489E-02  2.354E+03  4.643E-05
2      -- 1         16.6    230.5380   1300.4037   80.003  1.673E+00  5.329E+01  2.036E-01  1.403E-01  2.836E+03  4.476E-04
3      -- 2         33.2    345.7960    866.9634   62.775  3.929E+00  4.678E+01  2.188E-01  2.036E-01  2.490E+03  1.326E-03
4      -- 3         55.3    461.0408    650.2515   54.005  5.809E+00  3.801E+01  1.867E-01  2.188E-01  2.023E+03  2.553E-03
5      -- 4         83.0    576.2679    520.2310   45.056  6.565E+00  2.829E+01  1.235E-01  1.867E-01  1.505E+03  3.710E-03
6      -- 5        116.2    691.4731    433.5562   36.236  5.563E+00  1.877E+01  5.842E-02  1.235E-01  9.993E+02  4.255E-03
7      -- 6        154.9    806.6518    371.6504   29.347  3.165E+00  1.114E+01  1.802E-02  5.842E-02  5.931E+02  4.009E-03
8      -- 7        199.1    921.7997    325.2252   27.711  1.049E+00  6.090E+00  4.138E-03  1.802E-02  3.241E+02  3.270E-03
9      -- 8        248.9   1036.9124    289.1203   34.467  2.283E-01  2.855E+00  1.092E-03  4.138E-03  1.520E+02  2.182E-03
10     -- 9        304.2   1151.9855    260.2398   46.323  5.438E-02  1.219E+00  3.658E-04  1.092E-03  6.487E+01  1.277E-03
11     -- 10       365.0   1267.0145    236.6133   55.473  1.726E-02  5.093E-01  1.339E-04  3.658E-04  2.711E+01  7.101E-04
12     -- 11       431.3   1381.9951    216.9273   62.420  6.152E-03  2.114E-01  5.029E-05  1.339E-04  1.125E+01  3.826E-04
13     -- 12       503.1   1496.9229    200.2725   68.970  2.265E-03  8.775E-02  1.916E-05  5.029E-05  4.671E+00  2.018E-04
14     -- 13       580.5   1611.7935    185.9993   71.252  8.765E-04  3.430E-02  6.951E-06  1.916E-05  1.826E+00  9.845E-05
15     -- 14       663.4   1726.6025    173.6314   73.382  3.220E-04  1.268E-02  2.402E-06  6.951E-06  6.749E-01  4.474E-05
16     -- 15       751.7   1841.3455    162.8116   80.284  1.088E-04  4.776E-03  8.506E-07  2.402E-06  2.542E-01  2.044E-05
