* Radex version        : 30nov2011
* Geometry             : Uniform sphere
* Molecular data file  : ./data/co.dat                                                                   
* T(kin)            [K]:  220.000
* Density of H2  [cm-3]:  3.162E+05
* Density of pH2 [cm-3]:  7.906E+04
* Density of oH2 [cm-3]:  2.372E+05
* T(background)     [K]:   13.800
* Column density [cm-2]:  4.879E+20
* Line width     [km/s]:   50.000
Calculation finished in   39 iterations
      LINE         E_UP       FREQ        WAVEL     T_EX      TAU        T_R       POP        POP       FLUX        FLUX
                   (K)        (GHz)       (um)      (K)                  (K)        UP        LOW      (K*km/s) (erg/cm2/s)
1      -- 0          5.5    115.2712   2600.7576  220.011  4.355E+00  2.034E+02  3.701E-02  1.265E-02  1.083E+04  2.135E-04
2      -- 1         16.6    230.5380   1300.4037  219.564  1.680E+01  2.051E+02  5.864E-02  3.701E-02  1.092E+04  1.722E-03
3      -- 2         33.2    345.7960    866.9634  219.581  3.547E+01  2.043E+02  7.613E-02  5.864E-02  1.087E+04  5.789E-03
4      -- 3         55.3    461.0408    650.2515  219.549  5.765E+01  2.031E+02  8.849E-02  7.613E-02  1.081E+04  1.364E-02
5      -- 4         83.0    576.2679    520.2310  219.499  8.029E+01  2.017E+02  9.535E-02  8.849E-02  1.073E+04  2.645E-02
6      -- 5        116.2    691.4731    433.5562  219.436  1.005E+02  2.000E+02  9.687E-02  9.535E-02  1.064E+04  4.532E-02
7      -- 6        154.9    806.6518    371.6504  219.337  1.159E+02  1.981E+02  9.369E-02  9.687E-02  1.054E+04  7.126E-02
8      -- 7        199.1    921.7997    325.2252  219.205  1.250E+02  1.960E+02  8.678E-02  9.369E-02  1.043E+04  1.052E-01
9      -- 8        248.9   1036.9124    289.1203  219.017  1.274E+02  1.937E+02  7.727E-02  8.678E-02  1.031E+04  1.480E-01
10     -- 9        304.2   1151.9855    260.2398  218.727  1.234E+02  1.912E+02  6.633E-02  7.727E-02  1.018E+04  2.004E-01
11     -- 10       365.0   1267.0145    236.6133  218.368  1.142E+02  1.886E+02  5.499E-02  6.633E-02  1.004E+04  2.630E-01
12     -- 11       431.3   1381.9951    216.9273  217.828  1.014E+02  1.858E+02  4.408E-02  5.499E-02  9.889E+03  3.362E-01
13     -- 12       503.1   1496.9229    200.2725  217.079  8.647E+01  1.827E+02  3.420E-02  4.408E-02  9.726E+03  4.202E-01
14     -- 13       580.5   1611.7935    185.9993  215.729  7.115E+01  1.791E+02  2.566E-02  3.420E-02  9.531E+03  5.140E-01
15     -- 14       663.4   1726.6025    173.6314  213.750  5.645E+01  1.748E+02  1.862E-02  2.566E-02  9.303E+03  6.167E-01
16     -- 15       751.7   1841.3455    162.8116  210.341  4.334E+01  1.691E+02  1.302E-02  1.862E-02  9.000E+03  7.236E-01
