* Radex version        : 30nov2011
* Geometry             : Uniform sphere
* Molecular data file  : ./data/co.dat                                                                   
* T(kin)            [K]:  290.000
* Density of H2  [cm-3]:  7.943E+04
* Density of pH2 [cm-3]:  1.986E+04
* Density of oH2 [cm-3]:  5.957E+04
* T(background)     [K]:   13.800
* Column density [cm-2]:  1.226E+20
* Line width     [km/s]:   50.000
Calculation finished in   40 iterations
      LINE         E_UP       FREQ        WAVEL     T_EX      TAU        T_R       POP        POP       FLUX        FLUX
                   (K)        (GHz)       (um)      (K)                  (K)        UP        LOW      (K*km/s) (erg/cm2/s)
1      -- 0          5.5    115.2712   2600.7576  363.108  5.669E-01  1.511E+02  3.181E-02  1.076E-02  8.041E+03  1.586E-04
2      -- 1         16.6    230.5380   1300.4037  283.894  2.821E+00  2.534E+02  5.098E-02  3.181E-02  1.348E+04  2.128E-03
3      -- 2         33.2    345.7960    866.9634  277.907  6.168E+00  2.620E+02  6.724E-02  5.098E-02  1.395E+04  7.426E-03
4      -- 3         55.3    461.0408    650.2515  277.125  1.024E+01  2.606E+02  7.981E-02  6.724E-02  1.387E+04  1.751E-02
5      -- 4         83.0    576.2679    520.2310  276.070  1.465E+01  2.582E+02  8.825E-02  7.981E-02  1.374E+04  3.386E-02
6      -- 5        116.2    691.4731    433.5562  274.876  1.893E+01  2.553E+02  9.244E-02  8.825E-02  1.359E+04  5.786E-02
7      -- 6        154.9    806.6518    371.6504  272.872  2.271E+01  2.515E+02  9.255E-02  9.244E-02  1.339E+04  9.048E-02
8      -- 7        199.1    921.7997    325.2252  270.287  2.563E+01  2.469E+02  8.905E-02  9.255E-02  1.314E+04  1.326E-01
9      -- 8        248.9   1036.9124    289.1203  266.581  2.751E+01  2.411E+02  8.258E-02  8.905E-02  1.283E+04  1.842E-01
10     -- 9        304.2   1151.9855    260.2398  261.554  2.825E+01  2.339E+02  7.388E-02  8.258E-02  1.245E+04  2.451E-01
11     -- 10       365.0   1267.0145    236.6133  255.382  2.786E+01  2.254E+02  6.378E-02  7.388E-02  1.200E+04  3.143E-01
12     -- 11       431.3   1381.9951    216.9273  247.010  2.649E+01  2.148E+02  5.300E-02  6.378E-02  1.143E+04  3.886E-01
13     -- 12       503.1   1496.9229    200.2725  235.666  2.435E+01  2.012E+02  4.220E-02  5.300E-02  1.071E+04  4.625E-01
14     -- 13       580.5   1611.7935    185.9993  219.096  2.177E+01  1.824E+02  3.184E-02  4.220E-02  9.708E+03  5.235E-01
15     -- 14       663.4   1726.6025    173.6314  198.231  1.871E+01  1.595E+02  2.241E-02  3.184E-02  8.488E+03  5.627E-01
16     -- 15       751.7   1841.3455    162.8116  173.200  1.527E+01  1.326E+02  1.432E-02  2.241E-02  7.058E+03  5.675E-01
