* Radex version        : 30nov2011
* Geometry             : Uniform sphere
* Molecular data file  : ./data/co.dat                                                                   
* T(kin)            [K]:  290.000
* Density of H2  [cm-3]:  7.943E+03
* Density of pH2 [cm-3]:  1.986E+03
* Density of oH2 [cm-3]:  5.957E+03
* T(background)     [K]:   13.800
* Column density [cm-2]:  1.226E+19
* Line width     [km/s]:   50.000
Calculation finished in   35 iterations
      LINE         E_UP       FREQ        WAVEL     T_EX      TAU        T_R       POP        POP       FLUX        FLUX
                   (K)        (GHz)       (um)      (K)                  (K)        UP        LOW      (K*km/s) (erg/cm2/s)
1      -- 0          5.5    115.2712   2600.7576 -107.373 -4.297E-01  6.515E+01  7.370E-02  2.333E-02  3.468E+03  6.840E-05
2      -- 1         16.6    230.5380   1300.4037  227.802  8.107E-01  1.185E+02  1.170E-01  7.370E-02  6.307E+03  9.951E-04
3      -- 2         33.2    345.7960    866.9634  143.956  2.659E+00  1.197E+02  1.460E-01  1.170E-01  6.370E+03  3.392E-03
4      -- 3         55.3    461.0408    650.2515  127.475  4.615E+00  1.101E+02  1.578E-01  1.460E-01  5.858E+03  7.393E-03
5      -- 4         83.0    576.2679    520.2310  115.729  6.456E+00  9.799E+01  1.518E-01  1.578E-01  5.215E+03  1.285E-02
6      -- 5        116.2    691.4731    433.5562  103.321  7.866E+00  8.429E+01  1.302E-01  1.518E-01  4.486E+03  1.910E-02
7      -- 6        154.9    806.6518    371.6504   88.957  8.529E+00  6.849E+01  9.718E-02  1.302E-01  3.646E+03  2.464E-02
8      -- 7        199.1    921.7997    325.2252   73.586  8.053E+00  5.178E+01  6.037E-02  9.718E-02  2.756E+03  2.780E-02
9      -- 8        248.9   1036.9124    289.1203   58.514  6.273E+00  3.566E+01  2.883E-02  6.037E-02  1.898E+03  2.725E-02
10     -- 9        304.2   1151.9855    260.2398   46.698  3.592E+00  2.272E+01  9.752E-03  2.883E-02  1.209E+03  2.381E-02
11     -- 10       365.0   1267.0145    236.6133   43.402  1.308E+00  1.396E+01  2.631E-03  9.752E-03  7.428E+02  1.946E-02
12     -- 11       431.3   1381.9951    216.9273   54.940  3.253E-01  7.705E+00  8.552E-04  2.631E-03  4.101E+02  1.394E-02
13     -- 12       503.1   1496.9229    200.2725   74.834  9.229E-02  3.895E+00  3.536E-04  8.552E-04  2.073E+02  8.955E-03
14     -- 13       580.5   1611.7935    185.9993   84.390  3.681E-02  1.853E+00  1.519E-04  3.536E-04  9.860E+01  5.317E-03
15     -- 14       663.4   1726.6025    173.6314   89.859  1.573E-02  8.507E-01  6.456E-05  1.519E-04  4.528E+01  3.001E-03
16     -- 15       751.7   1841.3455    162.8116   99.145  6.493E-03  3.967E-01  2.819E-05  6.456E-05  2.111E+01  1.698E-03
