* Radex version        : 30nov2011
* Geometry             : Uniform sphere
* Molecular data file  : ./data/co.dat                                                                   
* T(kin)            [K]:  295.000
* Density of H2  [cm-3]:  1.259E+06
* Density of pH2 [cm-3]:  3.147E+05
* Density of oH2 [cm-3]:  9.442E+05
* T(background)     [K]:   13.800
* Column density [cm-2]:  1.943E+21
* Line width     [km/s]:   50.000
Calculation finished in   36 iterations
      LINE         E_UP       FREQ        WAVEL     T_EX      TAU        T_R       POP        POP       FLUX        FLUX
                   (K)        (GHz)       (um)      (K)                  (K)        UP        LOW      (K*km/s) (erg/cm2/s)
1      -- 0          5.5    115.2712   2600.7576  294.955  9.598E+00  2.810E+02  2.755E-02  9.358E-03  1.495E+04  2.950E-04
2      -- 1         16.6    230.5380   1300.4037  294.939  3.731E+01  2.804E+02  4.423E-02  2.755E-02  1.493E+04  2.355E-03
3      -- 2         33.2    345.7960    866.9634  294.937  8.005E+01  2.796E+02  5.853E-02  4.423E-02  1.488E+04  7.924E-03
4      -- 3         55.3    461.0408    650.2515  294.934  1.330E+02  2.784E+02  6.982E-02  5.853E-02  1.482E+04  1.870E-02
5      -- 4         83.0    576.2679    520.2310  294.928  1.907E+02  2.770E+02  7.769E-02  6.982E-02  1.474E+04  3.634E-02
6      -- 5        116.2    691.4731    433.5562  294.923  2.471E+02  2.753E+02  8.205E-02  7.769E-02  1.466E+04  6.240E-02
7      -- 6        154.9    806.6518    371.6504  294.912  2.971E+02  2.735E+02  8.302E-02  8.205E-02  1.456E+04  9.839E-02
8      -- 7        199.1    921.7997    325.2252  294.900  3.362E+02  2.715E+02  8.098E-02  8.302E-02  1.445E+04  1.457E-01
9      -- 8        248.9   1036.9124    289.1203  294.881  3.616E+02  2.693E+02  7.646E-02  8.098E-02  1.433E+04  2.058E-01
10     -- 9        304.2   1151.9855    260.2398  294.854  3.720E+02  2.670E+02  7.006E-02  7.646E-02  1.421E+04  2.798E-01
11     -- 10       365.0   1267.0145    236.6133  294.826  3.683E+02  2.647E+02  6.243E-02  7.006E-02  1.409E+04  3.691E-01
12     -- 11       431.3   1381.9951    216.9273  294.785  3.516E+02  2.623E+02  5.419E-02  6.243E-02  1.396E+04  4.746E-01
13     -- 12       503.1   1496.9229    200.2725  294.740  3.249E+02  2.599E+02  4.586E-02  5.419E-02  1.383E+04  5.975E-01
14     -- 13       580.5   1611.7935    185.9993  294.645  2.911E+02  2.574E+02  3.789E-02  4.586E-02  1.370E+04  7.387E-01
15     -- 14       663.4   1726.6025    173.6314  294.527  2.532E+02  2.548E+02  3.057E-02  3.789E-02  1.356E+04  8.991E-01
16     -- 15       751.7   1841.3455    162.8116  294.361  2.142E+02  2.522E+02  2.410E-02  3.057E-02  1.343E+04  1.079E+00
