* Radex version        : 30nov2011
* Geometry             : Uniform sphere
* Molecular data file  : ./data/co.dat                                                                   
* T(kin)            [K]:  295.000
* Density of H2  [cm-3]:  3.162E+02
* Density of pH2 [cm-3]:  7.906E+01
* Density of oH2 [cm-3]:  2.372E+02
* T(background)     [K]:   13.800
* Column density [cm-2]:  4.879E+17
* Line width     [km/s]:   50.000
Calculation finished in   25 iterations
      LINE         E_UP       FREQ        WAVEL     T_EX      TAU        T_R       POP        POP       FLUX        FLUX
                   (K)        (GHz)       (um)      (K)                  (K)        UP        LOW      (K*km/s) (erg/cm2/s)
1      -- 0          5.5    115.2712   2600.7576   36.788  2.452E-01  4.974E+00  3.269E-01  1.267E-01  2.647E+02  5.222E-06
2      -- 1         16.6    230.5380   1300.4037   19.401  1.313E+00  3.941E+00  3.080E-01  3.269E-01  2.098E+02  3.310E-05
3      -- 2         33.2    345.7960    866.9634   17.287  1.580E+00  2.517E+00  1.651E-01  3.080E-01  1.339E+02  7.133E-05
4      -- 3         55.3    461.0408    650.2515   16.534  9.622E-01  1.417E+00  5.569E-02  1.651E-01  7.544E+01  9.521E-05
5      -- 4         83.0    576.2679    520.2310   16.990  3.430E-01  7.111E-01  1.336E-02  5.569E-02  3.785E+01  9.327E-05
6      -- 5        116.2    691.4731    433.5562   19.727  8.168E-02  3.362E-01  2.937E-03  1.336E-02  1.789E+01  7.619E-05
7      -- 6        154.9    806.6518    371.6504   26.806  1.659E-02  1.557E-01  7.995E-04  2.937E-03  8.286E+00  5.601E-05
8      -- 7        199.1    921.7997    325.2252   38.121  4.008E-03  7.328E-02  2.839E-04  7.995E-04  3.900E+00  3.934E-05
9      -- 8        248.9   1036.9124    289.1203   48.296  1.319E-03  3.456E-02  1.132E-04  2.839E-04  1.839E+00  2.641E-05
10     -- 9        304.2   1151.9855    260.2398   56.877  5.032E-04  1.641E-02  4.735E-05  1.132E-04  8.734E-01  1.720E-05
11     -- 10       365.0   1267.0145    236.6133   65.513  2.029E-04  7.911E-03  2.050E-05  4.735E-05  4.211E-01  1.103E-05
12     -- 11       431.3   1381.9951    216.9273   73.087  8.586E-05  3.805E-03  8.991E-06  2.050E-05  2.025E-01  6.885E-06
13     -- 12       503.1   1496.9229    200.2725   81.360  3.671E-05  1.845E-03  4.016E-06  8.991E-06  9.820E-02  4.242E-06
14     -- 13       580.5   1611.7935    185.9993   81.468  1.700E-05  8.251E-04  1.669E-06  4.016E-06  4.391E-02  2.368E-06
15     -- 14       663.4   1726.6025    173.6314   83.150  7.207E-06  3.480E-04  6.585E-07  1.669E-06  1.852E-02  1.228E-06
16     -- 15       751.7   1841.3455    162.8116   94.587  2.714E-06  1.548E-04  2.754E-07  6.585E-07  8.238E-03  6.623E-07
