* Radex version        : 30nov2011
* Geometry             : Uniform sphere
* Molecular data file  : ./data/co.dat                                                                   
* T(kin)            [K]:  250.000
* Density of H2  [cm-3]:  1.000E+04
* Density of pH2 [cm-3]:  2.500E+03
* Density of oH2 [cm-3]:  7.500E+03
* T(background)     [K]:   13.800
* Column density [cm-2]:  1.543E+19
* Line width     [km/s]:   50.000
Calculation finished in   36 iterations
      LINE         E_UP       FREQ        WAVEL     T_EX      TAU        T_R       POP        POP       FLUX        FLUX
                   (K)        (GHz)       (um)      (K)                  (K)        UP        LOW      (K*km/s) (erg/cm2/s)
1      -- 0          5.5    115.2712   2600.7576 -185.635 -3.018E-01  7.033E+01  7.033E-02  2.275E-02  3.743E+03  7.384E-05
2      -- 1         16.6    230.5380   1300.4037  202.721  1.091E+00  1.250E+02  1.110E-01  7.033E-02  6.655E+03  1.050E-03
3      -- 2         33.2    345.7960    866.9634  147.754  3.098E+00  1.265E+02  1.389E-01  1.110E-01  6.733E+03  3.586E-03
4      -- 3         55.3    461.0408    650.2515  134.856  5.249E+00  1.179E+02  1.515E-01  1.389E-01  6.275E+03  7.920E-03
5      -- 4         83.0    576.2679    520.2310  124.666  7.307E+00  1.070E+02  1.484E-01  1.515E-01  5.693E+03  1.403E-02
6      -- 5        116.2    691.4731    433.5562  113.181  8.951E+00  9.409E+01  1.308E-01  1.484E-01  5.008E+03  2.132E-02
7      -- 6        154.9    806.6518    371.6504   99.325  9.869E+00  7.873E+01  1.022E-01  1.308E-01  4.190E+03  2.832E-02
8      -- 7        199.1    921.7997    325.2252   83.723  9.684E+00  6.167E+01  6.828E-02  1.022E-01  3.282E+03  3.311E-02
9      -- 8        248.9   1036.9124    289.1203   67.350  8.145E+00  4.410E+01  3.645E-02  6.828E-02  2.347E+03  3.370E-02
10     -- 9        304.2   1151.9855    260.2398   52.545  5.362E+00  2.850E+01  1.407E-02  3.645E-02  1.517E+03  2.987E-02
11     -- 10       365.0   1267.0145    236.6133   43.449  2.374E+00  1.738E+01  3.801E-03  1.407E-02  9.251E+02  2.423E-02
12     -- 11       431.3   1381.9951    216.9273   47.013  6.381E-01  9.837E+00  1.008E-03  3.801E-03  5.236E+02  1.780E-02
13     -- 12       503.1   1496.9229    200.2725   65.094  1.483E-01  4.859E+00  3.610E-04  1.008E-03  2.586E+02  1.117E-02
14     -- 13       580.5   1611.7935    185.9993   78.303  4.948E-02  2.202E+00  1.444E-04  3.610E-04  1.172E+02  6.319E-03
15     -- 14       663.4   1726.6025    173.6314   84.557  1.953E-02  9.587E-01  5.793E-05  1.444E-04  5.103E+01  3.383E-03
16     -- 15       751.7   1841.3455    162.8116   92.607  7.645E-03  4.204E-01  2.375E-05  5.793E-05  2.237E+01  1.799E-03
