* Radex version        : 30nov2011
* Geometry             : Uniform sphere
* Molecular data file  : ./data/co.dat                                                                   
* T(kin)            [K]:  245.000
* Density of H2  [cm-3]:  1.000E+06
* Density of pH2 [cm-3]:  2.500E+05
* Density of oH2 [cm-3]:  7.500E+05
* T(background)     [K]:   13.800
* Column density [cm-2]:  1.543E+21
* Line width     [km/s]:   50.000
Calculation finished in   36 iterations
      LINE         E_UP       FREQ        WAVEL     T_EX      TAU        T_R       POP        POP       FLUX        FLUX
                   (K)        (GHz)       (um)      (K)                  (K)        UP        LOW      (K*km/s) (erg/cm2/s)
1      -- 0          5.5    115.2712   2600.7576  244.954  1.103E+01  2.310E+02  3.303E-02  1.126E-02  1.229E+04  2.425E-04
2      -- 1         16.6    230.5380   1300.4037  244.944  4.262E+01  2.305E+02  5.262E-02  3.303E-02  1.227E+04  1.935E-03
3      -- 2         33.2    345.7960    866.9634  244.942  9.058E+01  2.296E+02  6.885E-02  5.262E-02  1.222E+04  6.508E-03
4      -- 3         55.3    461.0408    650.2515  244.938  1.485E+02  2.285E+02  8.087E-02  6.885E-02  1.216E+04  1.535E-02
5      -- 4         83.0    576.2679    520.2310  244.932  2.093E+02  2.271E+02  8.829E-02  8.087E-02  1.209E+04  2.978E-02
6      -- 5        116.2    691.4731    433.5562  244.925  2.656E+02  2.254E+02  9.112E-02  8.829E-02  1.200E+04  5.108E-02
7      -- 6        154.9    806.6518    371.6504  244.913  3.115E+02  2.236E+02  8.977E-02  9.112E-02  1.190E+04  8.044E-02
8      -- 7        199.1    921.7997    325.2252  244.897  3.425E+02  2.216E+02  8.492E-02  8.977E-02  1.179E+04  1.190E-01
9      -- 8        248.9   1036.9124    289.1203  244.875  3.567E+02  2.194E+02  7.746E-02  8.492E-02  1.168E+04  1.677E-01
10     -- 9        304.2   1151.9855    260.2398  244.842  3.539E+02  2.172E+02  6.831E-02  7.746E-02  1.156E+04  2.276E-01
11     -- 10       365.0   1267.0145    236.6133  244.802  3.367E+02  2.149E+02  5.836E-02  6.831E-02  1.144E+04  2.996E-01
12     -- 11       431.3   1381.9951    216.9273  244.745  3.076E+02  2.125E+02  4.837E-02  5.836E-02  1.131E+04  3.845E-01
13     -- 12       503.1   1496.9229    200.2725  244.672  2.710E+02  2.101E+02  3.895E-02  4.837E-02  1.118E+04  4.831E-01
14     -- 13       580.5   1611.7935    185.9993  244.534  2.307E+02  2.076E+02  3.049E-02  3.895E-02  1.105E+04  5.959E-01
15     -- 14       663.4   1726.6025    173.6314  244.350  1.898E+02  2.051E+02  2.322E-02  3.049E-02  1.091E+04  7.235E-01
16     -- 15       751.7   1841.3455    162.8116  244.060  1.514E+02  2.024E+02  1.721E-02  2.322E-02  1.077E+04  8.661E-01
