* Radex version        : 30nov2011
* Geometry             : Uniform sphere
* Molecular data file  : ./data/co.dat                                                                   
* T(kin)            [K]:  230.000
* Density of H2  [cm-3]:  1.259E+02
* Density of pH2 [cm-3]:  3.147E+01
* Density of oH2 [cm-3]:  9.442E+01
* T(background)     [K]:    2.725
* Column density [cm-2]:  1.243E+18
* Line width     [km/s]:   50.000
Calculation finished in   32 iterations
      LINE         E_UP       FREQ        WAVEL     T_EX      TAU        T_R       POP        POP       FLUX        FLUX
                   (K)        (GHz)       (um)      (K)                  (K)        UP        LOW      (K*km/s) (erg/cm2/s)
1      -- 0          5.5    115.2712   2600.7576   12.329  3.069E+00  8.518E+00  4.602E-01  2.403E-01  4.533E+02  8.942E-06
2      -- 1         16.6    230.5380   1300.4037    9.762  7.345E+00  5.056E+00  2.469E-01  4.602E-01  2.691E+02  4.246E-05
3      -- 2         33.2    345.7960    866.9634    8.207  4.536E+00  2.468E+00  4.577E-02  2.469E-01  1.313E+02  6.994E-05
4      -- 3         55.3    461.0408    650.2515    8.998  8.423E-01  1.174E+00  5.031E-03  4.577E-02  6.249E+01  7.886E-05
5      -- 4         83.0    576.2679    520.2310   16.517  7.984E-02  4.894E-01  1.152E-03  5.031E-03  2.605E+01  6.419E-05
6      -- 5        116.2    691.4731    433.5562   26.204  1.583E-02  2.046E-01  3.839E-04  1.152E-03  1.089E+01  4.636E-05
7      -- 6        154.9    806.6518    371.6504   33.301  4.970E-03  8.732E-02  1.385E-04  3.839E-04  4.647E+00  3.141E-05
8      -- 7        199.1    921.7997    325.2252   40.228  1.718E-03  3.792E-02  5.226E-05  1.385E-04  2.018E+00  2.036E-05
9      -- 8        248.9   1036.9124    289.1203   46.565  6.314E-04  1.643E-02  2.006E-05  5.226E-05  8.746E-01  1.256E-05
10     -- 9        304.2   1151.9855    260.2398   52.840  2.370E-04  7.094E-03  7.788E-06  2.006E-05  3.776E-01  7.434E-06
11     -- 10       365.0   1267.0145    236.6133   59.965  8.960E-05  3.101E-03  3.094E-06  7.788E-06  1.651E-01  4.324E-06
12     -- 11       431.3   1381.9951    216.9273   65.493  3.525E-05  1.334E-03  1.222E-06  3.094E-06  7.098E-02  2.413E-06
13     -- 12       503.1   1496.9229    200.2725   73.242  1.354E-05  5.837E-04  4.947E-07  1.222E-06  3.107E-02  1.342E-06
14     -- 13       580.5   1611.7935    185.9993   72.606  5.705E-06  2.320E-04  1.831E-07  4.947E-07  1.235E-02  6.659E-07
15     -- 14       663.4   1726.6025    173.6314   73.431  2.161E-06  8.562E-05  6.333E-08  1.831E-07  4.557E-03  3.021E-07
16     -- 15       751.7   1841.3455    162.8116   83.691  7.141E-07  3.366E-05  2.345E-08  6.333E-08  1.792E-03  1.441E-07
