* Radex version        : 30nov2011
* Geometry             : Uniform sphere
* Molecular data file  : ./data/co.dat                                                                   
* T(kin)            [K]:  250.000
* Density of H2  [cm-3]:  3.981E+04
* Density of pH2 [cm-3]:  9.953E+03
* Density of oH2 [cm-3]:  2.986E+04
* T(background)     [K]:   13.800
* Column density [cm-2]:  6.143E+19
* Line width     [km/s]:   50.000
Calculation finished in   39 iterations
      LINE         E_UP       FREQ        WAVEL     T_EX      TAU        T_R       POP        POP       FLUX        FLUX
                   (K)        (GHz)       (um)      (K)                  (K)        UP        LOW      (K*km/s) (erg/cm2/s)
1      -- 0          5.5    115.2712   2600.7576  449.899  2.970E-01  1.120E+02  4.125E-02  1.392E-02  5.961E+03  1.176E-04
2      -- 1         16.6    230.5380   1300.4037  240.746  2.155E+00  2.000E+02  6.566E-02  4.125E-02  1.065E+04  1.680E-03
3      -- 2         33.2    345.7960    866.9634  225.983  4.863E+00  2.090E+02  8.541E-02  6.566E-02  1.113E+04  5.925E-03
4      -- 3         55.3    461.0408    650.2515  223.071  8.021E+00  2.065E+02  9.945E-02  8.541E-02  1.099E+04  1.387E-02
5      -- 4         83.0    576.2679    520.2310  220.386  1.132E+01  2.025E+02  1.072E-01  9.945E-02  1.078E+04  2.657E-02
6      -- 5        116.2    691.4731    433.5562  216.981  1.437E+01  1.975E+02  1.087E-01  1.072E-01  1.051E+04  4.476E-02
7      -- 6        154.9    806.6518    371.6504  211.976  1.689E+01  1.907E+02  1.045E-01  1.087E-01  1.015E+04  6.862E-02
8      -- 7        199.1    921.7997    325.2252  205.253  1.863E+01  1.821E+02  9.549E-02  1.045E-01  9.690E+03  9.775E-02
9      -- 8        248.9   1036.9124    289.1203  196.076  1.946E+01  1.709E+02  8.280E-02  9.549E-02  9.094E+03  1.306E-01
10     -- 9        304.2   1151.9855    260.2398  183.964  1.934E+01  1.567E+02  6.776E-02  8.280E-02  8.339E+03  1.642E-01
11     -- 10       365.0   1267.0145    236.6133  169.028  1.827E+01  1.397E+02  5.179E-02  6.776E-02  7.435E+03  1.948E-01
12     -- 11       431.3   1381.9951    216.9273  150.508  1.632E+01  1.192E+02  3.623E-02  5.179E-02  6.346E+03  2.157E-01
13     -- 12       503.1   1496.9229    200.2725  128.575  1.359E+01  9.559E+01  2.238E-02  3.623E-02  5.088E+03  2.198E-01
14     -- 13       580.5   1611.7935    185.9993  103.855  1.022E+01  6.965E+01  1.141E-02  2.238E-02  3.707E+03  1.999E-01
15     -- 14       663.4   1726.6025    173.6314   80.231  6.335E+00  4.552E+01  4.343E-03  1.141E-02  2.423E+03  1.606E-01
16     -- 15       751.7   1841.3455    162.8116   64.084  2.777E+00  2.776E+01  1.164E-03  4.343E-03  1.477E+03  1.188E-01
