* Radex version        : 30nov2011
* Geometry             : Uniform sphere
* Molecular data file  : ./data/co.dat                                                                   
* T(kin)            [K]:  200.000
* Density of H2  [cm-3]:  6.310E+03
* Density of pH2 [cm-3]:  1.577E+03
* Density of oH2 [cm-3]:  4.732E+03
* T(background)     [K]:   13.800
* Column density [cm-2]:  9.736E+18
* Line width     [km/s]:   50.000
Calculation finished in   35 iterations
      LINE         E_UP       FREQ        WAVEL     T_EX      TAU        T_R       POP        POP       FLUX        FLUX
                   (K)        (GHz)       (um)      (K)                  (K)        UP        LOW      (K*km/s) (erg/cm2/s)
1      -- 0          5.5    115.2712   2600.7576 -190.019 -2.588E-01  6.027E+01  9.782E-02  3.167E-02  3.208E+03  6.328E-05
2      -- 1         16.6    230.5380   1300.4037  125.764  1.518E+00  8.693E+01  1.493E-01  9.782E-02  4.627E+03  7.301E-04
3      -- 2         33.2    345.7960    866.9634   99.600  3.799E+00  8.252E+01  1.769E-01  1.493E-01  4.392E+03  2.339E-03
4      -- 3         55.3    461.0408    650.2515   89.815  6.089E+00  7.346E+01  1.778E-01  1.769E-01  3.910E+03  4.935E-03
5      -- 4         83.0    576.2679    520.2310   79.908  7.955E+00  6.255E+01  1.538E-01  1.778E-01  3.329E+03  8.204E-03
6      -- 5        116.2    691.4731    433.5562   68.476  8.846E+00  4.992E+01  1.119E-01  1.538E-01  2.657E+03  1.131E-02
7      -- 6        154.9    806.6518    371.6504   55.870  8.253E+00  3.623E+01  6.458E-02  1.119E-01  1.928E+03  1.303E-02
8      -- 7        199.1    921.7997    325.2252   43.762  5.984E+00  2.338E+01  2.663E-02  6.458E-02  1.244E+03  1.255E-02
9      -- 8        248.9   1036.9124    289.1203   35.032  2.911E+00  1.368E+01  7.191E-03  2.663E-02  7.279E+02  1.045E-02
10     -- 9        304.2   1151.9855    260.2398   34.799  8.162E-01  7.342E+00  1.623E-03  7.191E-03  3.908E+02  7.694E-03
11     -- 10       365.0   1267.0145    236.6133   46.422  1.675E-01  3.351E+00  4.796E-04  1.623E-03  1.784E+02  4.672E-03
12     -- 11       431.3   1381.9951    216.9273   60.240  4.486E-02  1.425E+00  1.734E-04  4.796E-04  7.587E+01  2.579E-03
13     -- 12       503.1   1496.9229    200.2725   68.873  1.560E-02  5.988E-01  6.598E-05  1.734E-04  3.187E+01  1.377E-03
14     -- 13       580.5   1611.7935    185.9993   72.443  5.965E-03  2.393E-01  2.436E-05  6.598E-05  1.274E+01  6.868E-04
15     -- 14       663.4   1726.6025    173.6314   75.404  2.219E-03  9.132E-02  8.677E-06  2.436E-05  4.861E+00  3.222E-04
16     -- 15       751.7   1841.3455    162.8116   81.613  7.771E-04  3.504E-02  3.128E-06  8.677E-06  1.865E+00  1.499E-04
