* Radex version        : 30nov2011
* Geometry             : Uniform sphere
* Molecular data file  : ./data/co.dat                                                                   
* T(kin)            [K]:  275.000
* Density of H2  [cm-3]:  3.981E+03
* Density of pH2 [cm-3]:  9.953E+02
* Density of oH2 [cm-3]:  2.986E+03
* T(background)     [K]:   13.800
* Column density [cm-2]:  6.143E+18
* Line width     [km/s]:   50.000
Calculation finished in   34 iterations
      LINE         E_UP       FREQ        WAVEL     T_EX      TAU        T_R       POP        POP       FLUX        FLUX
                   (K)        (GHz)       (um)      (K)                  (K)        UP        LOW      (K*km/s) (erg/cm2/s)
1      -- 0          5.5    115.2712   2600.7576  -76.238 -4.497E-01  5.125E+01  1.104E-01  3.423E-02  2.728E+03  5.380E-05
2      -- 1         16.6    230.5380   1300.4037  125.338  1.085E+00  7.342E+01  1.685E-01  1.104E-01  3.908E+03  6.166E-04
3      -- 2         33.2    345.7960    866.9634   86.486  3.077E+00  6.804E+01  1.947E-01  1.685E-01  3.621E+03  1.928E-03
4      -- 3         55.3    461.0408    650.2515   74.742  4.961E+00  5.824E+01  1.862E-01  1.947E-01  3.100E+03  3.912E-03
5      -- 4         83.0    576.2679    520.2310   64.258  6.282E+00  4.702E+01  1.480E-01  1.862E-01  2.503E+03  6.168E-03
6      -- 5        116.2    691.4731    433.5562   53.474  6.466E+00  3.524E+01  9.401E-02  1.480E-01  1.876E+03  7.986E-03
7      -- 6        154.9    806.6518    371.6504   42.982  5.195E+00  2.387E+01  4.407E-02  9.401E-02  1.270E+03  8.587E-03
8      -- 7        199.1    921.7997    325.2252   35.303  2.894E+00  1.494E+01  1.426E-02  4.407E-02  7.953E+02  8.022E-03
9      -- 8        248.9   1036.9124    289.1203   34.379  9.920E-01  8.752E+00  3.749E-03  1.426E-02  4.658E+02  6.688E-03
10     -- 9        304.2   1151.9855    260.2398   44.223  2.407E-01  4.529E+00  1.187E-03  3.749E-03  2.411E+02  4.746E-03
11     -- 10       365.0   1267.0145    236.6133   59.564  6.774E-02  2.194E+00  4.684E-04  1.187E-03  1.168E+02  3.059E-03
12     -- 11       431.3   1381.9951    216.9273   71.129  2.511E-02  1.054E+00  2.004E-04  4.684E-04  5.609E+01  1.907E-03
13     -- 12       503.1   1496.9229    200.2725   79.926  1.041E-02  5.068E-01  8.808E-05  2.004E-04  2.697E+01  1.165E-03
14     -- 13       580.5   1611.7935    185.9993   82.932  4.644E-03  2.312E-01  3.723E-05  8.808E-05  1.231E+01  6.636E-04
15     -- 14       663.4   1726.6025    173.6314   86.152  1.982E-03  1.011E-01  1.521E-05  3.723E-05  5.381E+00  3.567E-04
16     -- 15       751.7   1841.3455    162.8116   95.339  7.852E-04  4.532E-02  6.407E-06  1.521E-05  2.412E+00  1.939E-04
