* Radex version        : 30nov2011
* Geometry             : Uniform sphere
* Molecular data file  : ./data/co.dat                                                                   
* T(kin)            [K]:  280.000
* Density of H2  [cm-3]:  2.512E+02
* Density of pH2 [cm-3]:  6.280E+01
* Density of oH2 [cm-3]:  1.884E+02
* T(background)     [K]:    2.725
* Column density [cm-2]:  2.481E+18
* Line width     [km/s]:   50.000
Calculation finished in   33 iterations
      LINE         E_UP       FREQ        WAVEL     T_EX      TAU        T_R       POP        POP       FLUX        FLUX
                   (K)        (GHz)       (um)      (K)                  (K)        UP        LOW      (K*km/s) (erg/cm2/s)
1      -- 0          5.5    115.2712   2600.7576   26.466  1.888E+00  1.948E+01  3.456E-01  1.420E-01  1.037E+03  2.045E-05
2      -- 1         16.6    230.5380   1300.4037   18.735  7.238E+00  1.354E+01  3.191E-01  3.456E-01  7.207E+02  1.137E-04
3      -- 2         33.2    345.7960    866.9634   15.454  8.874E+00  8.575E+00  1.526E-01  3.191E-01  4.564E+02  2.430E-04
4      -- 3         55.3    461.0408    650.2515   12.613  5.069E+00  4.594E+00  3.396E-02  1.526E-01  2.445E+02  3.086E-04
5      -- 4         83.0    576.2679    520.2310   12.768  1.172E+00  2.470E+00  4.758E-03  3.396E-02  1.315E+02  3.240E-04
6      -- 5        116.2    691.4731    433.5562   21.560  1.426E-01  1.205E+00  1.206E-03  4.758E-03  6.413E+01  2.731E-04
7      -- 6        154.9    806.6518    371.6504   33.829  3.090E-02  5.504E-01  4.432E-04  1.206E-03  2.929E+01  1.980E-04
8      -- 7        199.1    921.7997    325.2252   42.478  1.064E-02  2.555E-01  1.773E-04  4.432E-04  1.360E+01  1.372E-04
9      -- 8        248.9   1036.9124    289.1203   49.658  4.120E-03  1.187E-01  7.274E-05  1.773E-04  6.316E+00  9.068E-05
10     -- 9        304.2   1151.9855    260.2398   57.082  1.640E-03  5.543E-02  3.052E-05  7.274E-05  2.950E+00  5.809E-05
11     -- 10       365.0   1267.0145    236.6133   65.004  6.680E-04  2.623E-02  1.312E-05  3.052E-05  1.396E+00  3.657E-05
12     -- 11       431.3   1381.9951    216.9273   72.025  2.818E-04  1.236E-02  5.677E-06  1.312E-05  6.581E-01  2.237E-05
13     -- 12       503.1   1496.9229    200.2725   79.968  1.191E-04  5.878E-03  2.497E-06  5.677E-06  3.129E-01  1.351E-05
14     -- 13       580.5   1611.7935    185.9993   79.735  5.443E-05  2.570E-03  1.017E-06  2.497E-06  1.368E-01  7.376E-06
15     -- 14       663.4   1726.6025    173.6314   81.114  2.264E-05  1.055E-03  3.912E-07  1.017E-06  5.617E-02  3.724E-06
16     -- 15       751.7   1841.3455    162.8116   92.419  8.310E-06  4.585E-04  1.601E-07  3.912E-07  2.440E-02  1.962E-06
