* Radex version        : 30nov2011
* Geometry             : Uniform sphere
* Molecular data file  : ./data/co.dat                                                                   
* T(kin)            [K]:  275.000
* Density of H2  [cm-3]:  1.995E+04
* Density of pH2 [cm-3]:  4.988E+03
* Density of oH2 [cm-3]:  1.496E+04
* T(background)     [K]:   13.800
* Column density [cm-2]:  3.079E+19
* Line width     [km/s]:   50.000
Calculation finished in   37 iterations
      LINE         E_UP       FREQ        WAVEL     T_EX      TAU        T_R       POP        POP       FLUX        FLUX
                   (K)        (GHz)       (um)      (K)                  (K)        UP        LOW      (K*km/s) (erg/cm2/s)
1      -- 0          5.5    115.2712   2600.7576 -662.674 -1.187E-01  8.530E+01  4.897E-02  1.619E-02  4.540E+03  8.955E-05
2      -- 1         16.6    230.5380   1300.4037  271.753  1.139E+00  1.749E+02  7.836E-02  4.897E-02  9.308E+03  1.469E-03
3      -- 2         33.2    345.7960    866.9634  211.458  3.101E+00  1.873E+02  1.014E-01  7.836E-02  9.970E+03  5.309E-03
4      -- 3         55.3    461.0408    650.2515  199.431  5.308E+00  1.821E+02  1.167E-01  1.014E-01  9.692E+03  1.223E-02
5      -- 4         83.0    576.2679    520.2310  191.729  7.581E+00  1.738E+02  1.235E-01  1.167E-01  9.252E+03  2.280E-02
6      -- 5        116.2    691.4731    433.5562  183.299  9.686E+00  1.639E+02  1.218E-01  1.235E-01  8.724E+03  3.714E-02
7      -- 6        154.9    806.6518    371.6504  172.292  1.143E+01  1.512E+02  1.122E-01  1.218E-01  8.046E+03  5.439E-02
8      -- 7        199.1    921.7997    325.2252  158.662  1.258E+01  1.357E+02  9.624E-02  1.122E-01  7.223E+03  7.286E-02
9      -- 8        248.9   1036.9124    289.1203  141.992  1.296E+01  1.172E+02  7.576E-02  9.624E-02  6.236E+03  8.954E-02
10     -- 9        304.2   1151.9855    260.2398  122.762  1.239E+01  9.616E+01  5.337E-02  7.576E-02  5.118E+03  1.008E-01
11     -- 10       365.0   1267.0145    236.6133  102.295  1.069E+01  7.413E+01  3.226E-02  5.337E-02  3.946E+03  1.034E-01
12     -- 11       431.3   1381.9951    216.9273   81.828  7.938E+00  5.253E+01  1.559E-02  3.226E-02  2.796E+03  9.504E-02
13     -- 12       503.1   1496.9229    200.2725   64.322  4.607E+00  3.421E+01  5.511E-03  1.559E-02  1.821E+03  7.866E-02
14     -- 13       580.5   1611.7935    185.9993   55.172  1.810E+00  2.088E+01  1.457E-03  5.511E-03  1.111E+03  5.993E-02
15     -- 14       663.4   1726.6025    173.6314   63.666  4.580E-01  1.131E+01  4.237E-04  1.457E-03  6.018E+02  3.989E-02
16     -- 15       751.7   1841.3455    162.8116   86.960  1.158E-01  5.464E+00  1.633E-04  4.237E-04  2.908E+02  2.338E-02
