* Radex version        : 30nov2011
* Geometry             : Uniform sphere
* Molecular data file  : ./data/co.dat                                                                   
* T(kin)            [K]:  215.000
* Density of H2  [cm-3]:  1.259E+03
* Density of pH2 [cm-3]:  3.147E+02
* Density of oH2 [cm-3]:  9.442E+02
* T(background)     [K]:   13.800
* Column density [cm-2]:  1.943E+18
* Line width     [km/s]:   50.000
Calculation finished in   30 iterations
      LINE         E_UP       FREQ        WAVEL     T_EX      TAU        T_R       POP        POP       FLUX        FLUX
                   (K)        (GHz)       (um)      (K)                  (K)        UP        LOW      (K*km/s) (erg/cm2/s)
1      -- 0          5.5    115.2712   2600.7576 -610.474 -3.634E-02  2.311E+01  2.190E-01  7.233E-02  1.230E+03  2.427E-05
2      -- 1         16.6    230.5380   1300.4037   40.632  1.919E+00  2.249E+01  2.779E-01  2.190E-01  1.197E+03  1.888E-04
3      -- 2         33.2    345.7960    866.9634   32.426  3.683E+00  1.726E+01  2.332E-01  2.779E-01  9.187E+02  4.892E-04
4      -- 3         55.3    461.0408    650.2515   27.091  4.094E+00  1.174E+01  1.325E-01  2.332E-01  6.251E+02  7.889E-04
5      -- 4         83.0    576.2679    520.2310   22.951  2.831E+00  7.083E+00  4.853E-02  1.325E-01  3.770E+02  9.291E-04
6      -- 5        116.2    691.4731    433.5562   21.512  1.140E+00  3.899E+00  1.226E-02  4.853E-02  2.075E+02  8.836E-04
7      -- 6        154.9    806.6518    371.6504   24.474  2.868E-01  1.877E+00  2.909E-03  1.226E-02  9.988E+01  6.751E-04
8      -- 7        199.1    921.7997    325.2252   32.775  6.264E-02  8.268E-01  8.550E-04  2.909E-03  4.401E+01  4.439E-04
9      -- 8        248.9   1036.9124    289.1203   42.703  1.692E-02  3.549E-01  2.979E-04  8.550E-04  1.889E+01  2.712E-04
10     -- 9        304.2   1151.9855    260.2398   50.716  5.629E-03  1.514E-01  1.107E-04  2.979E-04  8.058E+00  1.586E-04
11     -- 10       365.0   1267.0145    236.6133   57.702  2.034E-03  6.461E-02  4.227E-05  1.107E-04  3.439E+00  9.008E-05
12     -- 11       431.3   1381.9951    216.9273   64.109  7.617E-04  2.742E-02  1.633E-05  4.227E-05  1.460E+00  4.962E-05
13     -- 12       503.1   1496.9229    200.2725   71.025  2.879E-04  1.171E-02  6.413E-06  1.633E-05  6.231E-01  2.692E-05
14     -- 13       580.5   1611.7935    185.9993   72.350  1.158E-04  4.648E-03  2.365E-06  6.413E-06  2.474E-01  1.334E-05
15     -- 14       663.4   1726.6025    173.6314   73.959  4.343E-05  1.733E-03  8.244E-07  2.365E-06  9.222E-02  6.113E-06
16     -- 15       751.7   1841.3455    162.8116   82.326  1.466E-05  6.707E-04  3.000E-07  8.244E-07  3.570E-02  2.870E-06
