* Radex version        : 30nov2011
* Geometry             : Uniform sphere
* Molecular data file  : ./data/co.dat                                                                   
* T(kin)            [K]:  265.000
* Density of H2  [cm-3]:  1.995E+05
* Density of pH2 [cm-3]:  4.988E+04
* Density of oH2 [cm-3]:  1.496E+05
* T(background)     [K]:   13.800
* Column density [cm-2]:  3.079E+20
* Line width     [km/s]:   50.000
Calculation finished in   40 iterations
      LINE         E_UP       FREQ        WAVEL     T_EX      TAU        T_R       POP        POP       FLUX        FLUX
                   (K)        (GHz)       (um)      (K)                  (K)        UP        LOW      (K*km/s) (erg/cm2/s)
1      -- 0          5.5    115.2712   2600.7576  269.172  1.907E+00  2.173E+02  3.149E-02  1.071E-02  1.157E+04  2.281E-04
2      -- 1         16.6    230.5380   1300.4037  262.986  7.562E+00  2.484E+02  5.032E-02  3.149E-02  1.322E+04  2.086E-03
3      -- 2         33.2    345.7960    866.9634  263.247  1.612E+01  2.479E+02  6.615E-02  5.032E-02  1.320E+04  7.027E-03
4      -- 3         55.3    461.0408    650.2515  263.138  2.659E+01  2.467E+02  7.819E-02  6.615E-02  1.313E+04  1.657E-02
5      -- 4         83.0    576.2679    520.2310  262.959  3.775E+01  2.451E+02  8.602E-02  7.819E-02  1.304E+04  3.215E-02
6      -- 5        116.2    691.4731    433.5562  262.778  4.834E+01  2.432E+02  8.960E-02  8.602E-02  1.295E+04  5.512E-02
7      -- 6        154.9    806.6518    371.6504  262.445  5.732E+01  2.411E+02  8.921E-02  8.960E-02  1.283E+04  8.673E-02
8      -- 7        199.1    921.7997    325.2252  262.036  6.384E+01  2.387E+02  8.539E-02  8.921E-02  1.270E+04  1.281E-01
9      -- 8        248.9   1036.9124    289.1203  261.437  6.745E+01  2.360E+02  7.890E-02  8.539E-02  1.256E+04  1.803E-01
10     -- 9        304.2   1151.9855    260.2398  260.567  6.803E+01  2.329E+02  7.053E-02  7.890E-02  1.239E+04  2.440E-01
11     -- 10       365.0   1267.0145    236.6133  259.557  6.586E+01  2.296E+02  6.112E-02  7.053E-02  1.222E+04  3.201E-01
12     -- 11       431.3   1381.9951    216.9273  258.120  6.136E+01  2.258E+02  5.138E-02  6.112E-02  1.202E+04  4.086E-01
13     -- 12       503.1   1496.9229    200.2725  256.212  5.518E+01  2.216E+02  4.192E-02  5.138E-02  1.179E+04  5.094E-01
14     -- 13       580.5   1611.7935    185.9993  252.795  4.814E+01  2.158E+02  3.316E-02  4.192E-02  1.149E+04  6.194E-01
15     -- 14       663.4   1726.6025    173.6314  248.018  4.068E+01  2.087E+02  2.538E-02  3.316E-02  1.111E+04  7.363E-01
16     -- 15       751.7   1841.3455    162.8116  240.691  3.339E+01  1.991E+02  1.871E-02  2.538E-02  1.059E+04  8.518E-01
