* Radex version        : 30nov2011
* Geometry             : Uniform sphere
* Molecular data file  : ./data/co.dat                                                                   
* T(kin)            [K]:  270.000
* Density of H2  [cm-3]:  1.259E+06
* Density of pH2 [cm-3]:  3.147E+05
* Density of oH2 [cm-3]:  9.442E+05
* T(background)     [K]:   13.800
* Column density [cm-2]:  1.943E+21
* Line width     [km/s]:   50.000
Calculation finished in   36 iterations
      LINE         E_UP       FREQ        WAVEL     T_EX      TAU        T_R       POP        POP       FLUX        FLUX
                   (K)        (GHz)       (um)      (K)                  (K)        UP        LOW      (K*km/s) (erg/cm2/s)
1      -- 0          5.5    115.2712   2600.7576  269.961  1.144E+01  2.560E+02  3.004E-02  1.022E-02  1.362E+04  2.688E-04
2      -- 1         16.6    230.5380   1300.4037  269.953  4.436E+01  2.555E+02  4.805E-02  3.004E-02  1.360E+04  2.145E-03
3      -- 2         33.2    345.7960    866.9634  269.951  9.477E+01  2.546E+02  6.326E-02  4.805E-02  1.355E+04  7.216E-03
4      -- 3         55.3    461.0408    650.2515  269.949  1.565E+02  2.535E+02  7.493E-02  6.326E-02  1.349E+04  1.703E-02
5      -- 4         83.0    576.2679    520.2310  269.944  2.226E+02  2.520E+02  8.266E-02  7.493E-02  1.342E+04  3.306E-02
6      -- 5        116.2    691.4731    433.5562  269.939  2.858E+02  2.504E+02  8.639E-02  8.266E-02  1.333E+04  5.675E-02
7      -- 6        154.9    806.6518    371.6504  269.930  3.397E+02  2.485E+02  8.636E-02  8.639E-02  1.323E+04  8.942E-02
8      -- 7        199.1    921.7997    325.2252  269.919  3.795E+02  2.465E+02  8.308E-02  8.636E-02  1.312E+04  1.324E-01
9      -- 8        248.9   1036.9124    289.1203  269.903  4.022E+02  2.444E+02  7.722E-02  8.308E-02  1.301E+04  1.868E-01
10     -- 9        304.2   1151.9855    260.2398  269.879  4.071E+02  2.422E+02  6.954E-02  7.722E-02  1.289E+04  2.538E-01
11     -- 10       365.0   1267.0145    236.6133  269.852  3.958E+02  2.398E+02  6.080E-02  6.954E-02  1.277E+04  3.344E-01
12     -- 11       431.3   1381.9951    216.9273  269.813  3.704E+02  2.375E+02  5.168E-02  6.080E-02  1.264E+04  4.296E-01
13     -- 12       503.1   1496.9229    200.2725  269.768  3.349E+02  2.350E+02  4.277E-02  5.168E-02  1.251E+04  5.404E-01
14     -- 13       580.5   1611.7935    185.9993  269.678  2.932E+02  2.326E+02  3.448E-02  4.277E-02  1.238E+04  6.675E-01
15     -- 14       663.4   1726.6025    173.6314  269.562  2.487E+02  2.300E+02  2.710E-02  3.448E-02  1.224E+04  8.116E-01
16     -- 15       751.7   1841.3455    162.8116  269.389  2.048E+02  2.275E+02  2.078E-02  2.710E-02  1.211E+04  9.734E-01
