* Radex version        : 30nov2011
* Geometry             : Uniform sphere
* Molecular data file  : ./data/co.dat                                                                   
* T(kin)            [K]:  280.000
* Density of H2  [cm-3]:  1.259E+03
* Density of pH2 [cm-3]:  3.147E+02
* Density of oH2 [cm-3]:  9.442E+02
* T(background)     [K]:    2.725
* Column density [cm-2]:  1.243E+19
* Line width     [km/s]:   50.000
Calculation finished in   37 iterations
      LINE         E_UP       FREQ        WAVEL     T_EX      TAU        T_R       POP        POP       FLUX        FLUX
                   (K)        (GHz)       (um)      (K)                  (K)        UP        LOW      (K*km/s) (erg/cm2/s)
1      -- 0          5.5    115.2712   2600.7576  535.392  1.662E-01  8.141E+01  1.358E-01  4.575E-02  4.333E+03  8.547E-05
2      -- 1         16.6    230.5380   1300.4037   73.680  4.458E+00  6.730E+01  1.948E-01  1.358E-01  3.582E+03  5.652E-04
3      -- 2         33.2    345.7960    866.9634   66.095  9.159E+00  5.810E+01  2.122E-01  1.948E-01  3.092E+03  1.647E-03
4      -- 3         55.3    461.0408    650.2515   58.536  1.344E+01  4.816E+01  1.870E-01  2.122E-01  2.563E+03  3.235E-03
5      -- 4         83.0    576.2679    520.2310   49.321  1.567E+01  3.678E+01  1.304E-01  1.870E-01  1.957E+03  4.824E-03
6      -- 5        116.2    691.4731    433.5562   39.609  1.415E+01  2.531E+01  6.669E-02  1.304E-01  1.347E+03  5.735E-03
7      -- 6        154.9    806.6518    371.6504   30.656  9.009E+00  1.527E+01  2.176E-02  6.669E-02  8.126E+02  5.493E-03
8      -- 7        199.1    921.7997    325.2252   24.976  3.360E+00  8.753E+00  4.196E-03  2.176E-02  4.659E+02  4.700E-03
9      -- 8        248.9   1036.9124    289.1203   28.850  6.345E-01  5.069E+00  8.356E-04  4.196E-03  2.698E+02  3.874E-03
10     -- 9        304.2   1151.9855    260.2398   47.734  1.044E-01  2.509E+00  2.901E-04  8.356E-04  1.336E+02  2.629E-03
11     -- 10       365.0   1267.0145    236.6133   63.201  3.236E-02  1.197E+00  1.214E-04  2.901E-04  6.372E+01  1.669E-03
12     -- 11       431.3   1381.9951    216.9273   72.469  1.302E-02  5.730E-01  5.283E-05  1.214E-04  3.050E+01  1.037E-03
13     -- 12       503.1   1496.9229    200.2725   80.703  5.523E-03  2.756E-01  2.343E-05  5.283E-05  1.467E+01  6.338E-04
14     -- 13       580.5   1611.7935    185.9993   82.756  2.503E-03  1.250E-01  9.881E-06  2.343E-05  6.655E+00  3.589E-04
15     -- 14       663.4   1726.6025    173.6314   85.491  1.070E-03  5.415E-02  4.007E-06  9.881E-06  2.882E+00  1.910E-04
16     -- 15       751.7   1841.3455    162.8116   95.254  4.189E-04  2.421E-02  1.687E-06  4.007E-06  1.288E+00  1.036E-04
