* Radex version        : 30nov2011
* Geometry             : Uniform sphere
* Molecular data file  : ./data/co.dat                                                                   
* T(kin)            [K]:  210.000
* Density of H2  [cm-3]:  1.259E+02
* Density of pH2 [cm-3]:  3.147E+01
* Density of oH2 [cm-3]:  9.442E+01
* T(background)     [K]:   13.800
* Column density [cm-2]:  1.943E+17
* Line width     [km/s]:   50.000
Calculation finished in   18 iterations
      LINE         E_UP       FREQ        WAVEL     T_EX      TAU        T_R       POP        POP       FLUX        FLUX
                   (K)        (GHz)       (um)      (K)                  (K)        UP        LOW      (K*km/s) (erg/cm2/s)
1      -- 0          5.5    115.2712   2600.7576   18.367  2.355E-01  9.485E-01  3.641E-01  1.640E-01  5.048E+01  9.958E-07
2      -- 1         16.6    230.5380   1300.4037   15.209  6.921E-01  6.702E-01  2.932E-01  3.641E-01  3.567E+01  5.629E-06
3      -- 2         33.2    345.7960    866.9634   14.686  6.565E-01  3.810E-01  1.326E-01  2.932E-01  2.028E+01  1.080E-05
4      -- 3         55.3    461.0408    650.2515   14.611  3.252E-01  1.846E-01  3.749E-02  1.326E-01  9.825E+00  1.240E-05
5      -- 4         83.0    576.2679    520.2310   14.968  9.636E-02  7.952E-02  7.221E-03  3.749E-02  4.232E+00  1.043E-05
6      -- 5        116.2    691.4731    433.5562   16.420  1.872E-02  3.293E-02  1.131E-03  7.221E-03  1.753E+00  7.464E-06
7      -- 6        154.9    806.6518    371.6504   21.120  2.796E-03  1.362E-02  2.087E-04  1.131E-03  7.249E-01  4.900E-06
8      -- 7        199.1    921.7997    325.2252   31.412  4.582E-04  5.705E-03  5.784E-05  2.087E-04  3.036E-01  3.063E-06
9      -- 8        248.9   1036.9124    289.1203   42.218  1.151E-04  2.386E-03  1.989E-05  5.784E-05  1.270E-01  1.823E-06
10     -- 9        304.2   1151.9855    260.2398   49.937  3.789E-05  9.953E-04  7.265E-06  1.989E-05  5.298E-02  1.043E-06
11     -- 10       365.0   1267.0145    236.6133   56.724  1.348E-05  4.165E-04  2.724E-06  7.265E-06  2.217E-02  5.807E-07
12     -- 11       431.3   1381.9951    216.9273   62.480  4.981E-06  1.720E-04  1.024E-06  2.724E-06  9.154E-03  3.112E-07
13     -- 12       503.1   1496.9229    200.2725   69.621  1.827E-06  7.194E-05  3.941E-07  1.024E-06  3.829E-03  1.654E-07
14     -- 13       580.5   1611.7935    185.9993   70.012  7.246E-07  2.756E-05  1.402E-07  3.941E-07  1.467E-03  7.909E-08
15     -- 14       663.4   1726.6025    173.6314   70.952  2.633E-07  9.796E-06  4.662E-08  1.402E-07  5.214E-04  3.456E-08
16     -- 15       751.7   1841.3455    162.8116   79.982  8.424E-08  3.675E-06  1.644E-08  4.662E-08  1.956E-04  1.573E-08
