* Radex version        : 30nov2011
* Geometry             : Uniform sphere
* Molecular data file  : ./data/co.dat                                                                   
* T(kin)            [K]:  250.000
* Density of H2  [cm-3]:  1.995E+06
* Density of pH2 [cm-3]:  4.988E+05
* Density of oH2 [cm-3]:  1.496E+06
* T(background)     [K]:   13.800
* Column density [cm-2]:  3.079E+21
* Line width     [km/s]:   50.000
Calculation finished in   34 iterations
      LINE         E_UP       FREQ        WAVEL     T_EX      TAU        T_R       POP        POP       FLUX        FLUX
                   (K)        (GHz)       (um)      (K)                  (K)        UP        LOW      (K*km/s) (erg/cm2/s)
1      -- 0          5.5    115.2712   2600.7576  249.986  2.111E+01  2.360E+02  3.235E-02  1.102E-02  1.256E+04  2.478E-04
2      -- 1         16.6    230.5380   1300.4037  249.985  8.163E+01  2.355E+02  5.158E-02  3.235E-02  1.253E+04  1.978E-03
3      -- 2         33.2    345.7960    866.9634  249.984  1.737E+02  2.347E+02  6.757E-02  5.158E-02  1.249E+04  6.651E-03
4      -- 3         55.3    461.0408    650.2515  249.984  2.853E+02  2.335E+02  7.952E-02  6.757E-02  1.243E+04  1.569E-02
5      -- 4         83.0    576.2679    520.2310  249.982  4.027E+02  2.321E+02  8.701E-02  7.952E-02  1.235E+04  3.045E-02
6      -- 5        116.2    691.4731    433.5562  249.980  5.124E+02  2.305E+02  9.005E-02  8.701E-02  1.227E+04  5.223E-02
7      -- 6        154.9    806.6518    371.6504  249.977  6.027E+02  2.286E+02  8.899E-02  9.005E-02  1.217E+04  8.225E-02
8      -- 7        199.1    921.7997    325.2252  249.973  6.649E+02  2.266E+02  8.450E-02  8.899E-02  1.206E+04  1.217E-01
9      -- 8        248.9   1036.9124    289.1203  249.967  6.951E+02  2.245E+02  7.739E-02  8.450E-02  1.195E+04  1.716E-01
10     -- 9        304.2   1151.9855    260.2398  249.959  6.926E+02  2.223E+02  6.857E-02  7.739E-02  1.183E+04  2.330E-01
11     -- 10       365.0   1267.0145    236.6133  249.948  6.620E+02  2.200E+02  5.888E-02  6.857E-02  1.171E+04  3.068E-01
12     -- 11       431.3   1381.9951    216.9273  249.934  6.080E+02  2.177E+02  4.908E-02  5.888E-02  1.159E+04  3.939E-01
13     -- 12       503.1   1496.9229    200.2725  249.915  5.386E+02  2.153E+02  3.977E-02  4.908E-02  1.146E+04  4.951E-01
14     -- 13       580.5   1611.7935    185.9993  249.881  4.613E+02  2.129E+02  3.134E-02  3.977E-02  1.133E+04  6.111E-01
15     -- 14       663.4   1726.6025    173.6314  249.834  3.821E+02  2.105E+02  2.404E-02  3.134E-02  1.120E+04  7.426E-01
16     -- 15       751.7   1841.3455    162.8116  249.762  3.068E+02  2.080E+02  1.797E-02  2.404E-02  1.107E+04  8.902E-01
