* Radex version        : 30nov2011
* Geometry             : Uniform sphere
* Molecular data file  : ./data/co.dat                                                                   
* T(kin)            [K]:  200.000
* Density of H2  [cm-3]:  6.310E+04
* Density of pH2 [cm-3]:  1.577E+04
* Density of oH2 [cm-3]:  4.732E+04
* T(background)     [K]:   13.800
* Column density [cm-2]:  9.736E+19
* Line width     [km/s]:   50.000
Calculation finished in   40 iterations
      LINE         E_UP       FREQ        WAVEL     T_EX      TAU        T_R       POP        POP       FLUX        FLUX
                   (K)        (GHz)       (um)      (K)                  (K)        UP        LOW      (K*km/s) (erg/cm2/s)
1      -- 0          5.5    115.2712   2600.7576  220.667  1.045E+00  1.340E+02  4.462E-02  1.525E-02  7.131E+03  1.407E-04
2      -- 1         16.6    230.5380   1300.4037  193.616  4.568E+00  1.773E+02  7.024E-02  4.462E-02  9.436E+03  1.489E-03
3      -- 2         33.2    345.7960    866.9634  193.129  9.588E+00  1.778E+02  9.023E-02  7.024E-02  9.464E+03  5.040E-03
4      -- 3         55.3    461.0408    650.2515  192.568  1.544E+01  1.761E+02  1.034E-01  9.023E-02  9.375E+03  1.183E-02
5      -- 4         83.0    576.2679    520.2310  191.689  2.125E+01  1.739E+02  1.094E-01  1.034E-01  9.255E+03  2.281E-02
6      -- 5        116.2    691.4731    433.5562  190.473  2.621E+01  1.711E+02  1.086E-01  1.094E-01  9.105E+03  3.877E-02
7      -- 6        154.9    806.6518    371.6504  188.631  2.974E+01  1.674E+02  1.021E-01  1.086E-01  8.912E+03  6.024E-02
8      -- 7        199.1    921.7997    325.2252  186.021  3.148E+01  1.629E+02  9.122E-02  1.021E-01  8.671E+03  8.746E-02
9      -- 8        248.9   1036.9124    289.1203  182.220  3.141E+01  1.571E+02  7.759E-02  9.122E-02  8.361E+03  1.200E-01
10     -- 9        304.2   1151.9855    260.2398  176.523  2.976E+01  1.493E+02  6.269E-02  7.759E-02  7.946E+03  1.564E-01
11     -- 10       365.0   1267.0145    236.6133  168.567  2.684E+01  1.392E+02  4.787E-02  6.269E-02  7.411E+03  1.941E-01
12     -- 11       431.3   1381.9951    216.9273  157.032  2.311E+01  1.256E+02  3.411E-02  4.787E-02  6.688E+03  2.273E-01
13     -- 12       503.1   1496.9229    200.2725  141.017  1.891E+01  1.077E+02  2.213E-02  3.411E-02  5.734E+03  2.477E-01
14     -- 13       580.5   1611.7935    185.9993  120.054  1.448E+01  8.522E+01  1.248E-02  2.213E-02  4.536E+03  2.446E-01
15     -- 14       663.4   1726.6025    173.6314   96.138  9.847E+00  6.038E+01  5.635E-03  1.248E-02  3.214E+03  2.130E-01
16     -- 15       751.7   1841.3455    162.8116   73.531  5.336E+00  3.766E+01  1.803E-03  5.635E-03  2.005E+03  1.612E-01
