* Radex version        : 30nov2011
* Geometry             : Uniform sphere
* Molecular data file  : ./data/co.dat                                                                   
* T(kin)            [K]:  270.000
* Density of H2  [cm-3]:  1.585E+02
* Density of pH2 [cm-3]:  3.962E+01
* Density of oH2 [cm-3]:  1.189E+02
* T(background)     [K]:   13.800
* Column density [cm-2]:  2.445E+17
* Line width     [km/s]:   50.000
Calculation finished in   21 iterations
      LINE         E_UP       FREQ        WAVEL     T_EX      TAU        T_R       POP        POP       FLUX        FLUX
                   (K)        (GHz)       (um)      (K)                  (K)        UP        LOW      (K*km/s) (erg/cm2/s)
1      -- 0          5.5    115.2712   2600.7576   21.161  2.469E-01  1.596E+00  3.568E-01  1.545E-01  8.497E+01  1.676E-06
2      -- 1         16.6    230.5380   1300.4037   15.977  8.253E-01  1.168E+00  2.975E-01  3.568E-01  6.218E+01  9.811E-06
3      -- 2         33.2    345.7960    866.9634   15.172  8.239E-01  6.910E-01  1.395E-01  2.975E-01  3.678E+01  1.959E-05
4      -- 3         55.3    461.0408    650.2515   15.041  4.254E-01  3.546E-01  4.119E-02  1.395E-01  1.887E+01  2.382E-05
5      -- 4         83.0    576.2679    520.2310   15.567  1.315E-01  1.632E-01  8.519E-03  4.119E-02  8.686E+00  2.141E-05
6      -- 5        116.2    691.4731    433.5562   17.713  2.713E-02  7.302E-02  1.546E-03  8.519E-03  3.886E+00  1.655E-05
7      -- 6        154.9    806.6518    371.6504   24.002  4.588E-03  3.270E-02  3.556E-04  1.546E-03  1.740E+00  1.176E-05
8      -- 7        199.1    921.7997    325.2252   35.723  9.240E-04  1.495E-02  1.168E-04  3.556E-04  7.958E-01  8.027E-06
9      -- 8        248.9   1036.9124    289.1203   46.643  2.773E-04  6.853E-03  4.492E-05  1.168E-04  3.648E-01  5.237E-06
10     -- 9        304.2   1151.9855    260.2398   55.087  1.019E-04  3.157E-03  1.820E-05  4.492E-05  1.680E-01  3.308E-06
11     -- 10       365.0   1267.0145    236.6133   63.306  3.990E-05  1.474E-03  7.628E-06  1.820E-05  7.846E-02  2.055E-06
12     -- 11       431.3   1381.9951    216.9273   70.375  1.638E-05  6.848E-04  3.231E-06  7.628E-06  3.645E-02  1.239E-06
13     -- 12       503.1   1496.9229    200.2725   78.431  6.762E-06  3.213E-04  1.396E-06  3.231E-06  1.710E-02  7.388E-07
14     -- 13       580.5   1611.7935    185.9993   78.441  3.029E-06  1.385E-04  5.593E-07  1.396E-06  7.374E-03  3.976E-07
15     -- 14       663.4   1726.6025    173.6314   79.841  1.239E-06  5.607E-05  2.118E-07  5.593E-07  2.985E-03  1.978E-07
16     -- 15       751.7   1841.3455    162.8116   90.827  4.481E-07  2.400E-05  8.521E-08  2.118E-07  1.277E-03  1.027E-07
