* Radex version        : 30nov2011
* Geometry             : Uniform sphere
* Molecular data file  : ./data/co.dat                                                                   
* T(kin)            [K]:  215.000
* Density of H2  [cm-3]:  6.310E+03
* Density of pH2 [cm-3]:  1.577E+03
* Density of oH2 [cm-3]:  4.732E+03
* T(background)     [K]:   13.800
* Column density [cm-2]:  9.736E+18
* Line width     [km/s]:   50.000
Calculation finished in   35 iterations
      LINE         E_UP       FREQ        WAVEL     T_EX      TAU        T_R       POP        POP       FLUX        FLUX
                   (K)        (GHz)       (um)      (K)                  (K)        UP        LOW      (K*km/s) (erg/cm2/s)
1      -- 0          5.5    115.2712   2600.7576 -155.647 -3.057E-01  6.065E+01  9.492E-02  3.054E-02  3.228E+03  6.368E-05
2      -- 1         16.6    230.5380   1300.4037  134.954  1.377E+00  9.010E+01  1.457E-01  9.492E-02  4.795E+03  7.567E-04
3      -- 2         33.2    345.7960    866.9634  103.704  3.573E+00  8.602E+01  1.739E-01  1.457E-01  4.578E+03  2.438E-03
4      -- 3         55.3    461.0408    650.2515   93.180  5.792E+00  7.675E+01  1.763E-01  1.739E-01  4.085E+03  5.155E-03
5      -- 4         83.0    576.2679    520.2310   83.004  7.640E+00  6.560E+01  1.544E-01  1.763E-01  3.492E+03  8.605E-03
6      -- 5        116.2    691.4731    433.5562   71.415  8.597E+00  5.280E+01  1.147E-01  1.544E-01  2.810E+03  1.197E-02
7      -- 6        154.9    806.6518    371.6504   58.592  8.179E+00  3.885E+01  6.833E-02  1.147E-01  2.068E+03  1.398E-02
8      -- 7        199.1    921.7997    325.2252   46.144  6.138E+00  2.558E+01  2.969E-02  6.833E-02  1.362E+03  1.373E-02
9      -- 8        248.9   1036.9124    289.1203   36.769  3.173E+00  1.528E+01  8.573E-03  2.969E-02  8.132E+02  1.168E-02
10     -- 9        304.2   1151.9855    260.2398   35.457  9.656E-01  8.482E+00  1.993E-03  8.573E-03  4.515E+02  8.888E-03
11     -- 10       365.0   1267.0145    236.6133   46.496  2.056E-01  4.048E+00  5.902E-04  1.993E-03  2.155E+02  5.644E-03
12     -- 11       431.3   1381.9951    216.9273   61.525  5.455E-02  1.787E+00  2.183E-04  5.902E-04  9.512E+01  3.233E-03
13     -- 12       503.1   1496.9229    200.2725   71.143  1.928E-02  7.783E-01  8.588E-05  2.183E-04  4.143E+01  1.790E-03
14     -- 13       580.5   1611.7935    185.9993   74.957  7.616E-03  3.227E-01  3.286E-05  8.588E-05  1.718E+01  9.262E-04
15     -- 14       663.4   1726.6025    173.6314   78.159  2.934E-03  1.281E-01  1.217E-05  3.286E-05  6.816E+00  4.518E-04
16     -- 15       751.7   1841.3455    162.8116   84.963  1.065E-03  5.128E-02  4.578E-06  1.217E-05  2.729E+00  2.195E-04
