* Radex version        : 30nov2011
* Geometry             : Uniform sphere
* Molecular data file  : ./data/co.dat                                                                   
* T(kin)            [K]:  270.000
* Density of H2  [cm-3]:  1.000E+03
* Density of pH2 [cm-3]:  2.500E+02
* Density of oH2 [cm-3]:  7.500E+02
* T(background)     [K]:   13.800
* Column density [cm-2]:  1.543E+18
* Line width     [km/s]:   50.000
Calculation finished in   30 iterations
      LINE         E_UP       FREQ        WAVEL     T_EX      TAU        T_R       POP        POP       FLUX        FLUX
                   (K)        (GHz)       (um)      (K)                  (K)        UP        LOW      (K*km/s) (erg/cm2/s)
1      -- 0          5.5    115.2712   2600.7576 -389.623 -4.761E-02  1.968E+01  2.310E-01  7.593E-02  1.047E+03  2.066E-05
2      -- 1         16.6    230.5380   1300.4037   37.340  1.731E+00  1.899E+01  2.863E-01  2.310E-01  1.011E+03  1.595E-04
3      -- 2         33.2    345.7960    866.9634   29.559  3.232E+00  1.432E+01  2.286E-01  2.863E-01  7.621E+02  4.058E-04
4      -- 3         55.3    461.0408    650.2515   24.958  3.358E+00  9.589E+00  1.211E-01  2.286E-01  5.104E+02  6.441E-04
5      -- 4         83.0    576.2679    520.2310   21.877  2.107E+00  5.779E+00  4.182E-02  1.211E-01  3.076E+02  7.580E-04
6      -- 5        116.2    691.4731    433.5562   21.766  7.767E-01  3.209E+00  1.076E-02  4.182E-02  1.708E+02  7.272E-04
7      -- 6        154.9    806.6518    371.6504   26.227  1.941E-01  1.583E+00  2.837E-03  1.076E-02  8.427E+01  5.696E-04
8      -- 7        199.1    921.7997    325.2252   35.952  4.637E-02  7.426E-01  9.394E-04  2.837E-03  3.953E+01  3.987E-04
9      -- 8        248.9   1036.9124    289.1203   46.428  1.411E-02  3.435E-01  3.595E-04  9.394E-04  1.828E+01  2.625E-04
10     -- 9        304.2   1151.9855    260.2398   55.167  5.143E-03  1.592E-01  1.458E-04  3.595E-04  8.475E+00  1.668E-04
11     -- 10       365.0   1267.0145    236.6133   63.453  2.015E-03  7.463E-02  6.126E-05  1.458E-04  3.972E+00  1.041E-04
12     -- 11       431.3   1381.9951    216.9273   71.000  8.259E-04  3.499E-02  2.616E-05  6.126E-05  1.862E+00  6.330E-05
13     -- 12       503.1   1496.9229    200.2725   78.930  3.442E-04  1.651E-02  1.137E-05  2.616E-05  8.790E-01  3.797E-05
14     -- 13       580.5   1611.7935    185.9993   79.835  1.541E-04  7.245E-03  4.635E-06  1.137E-05  3.856E-01  2.079E-05
15     -- 14       663.4   1726.6025    173.6314   81.780  6.392E-05  3.005E-03  1.799E-06  4.635E-06  1.600E-01  1.060E-05
16     -- 15       751.7   1841.3455    162.8116   92.066  2.382E-05  1.303E-03  7.333E-07  1.799E-06  6.935E-02  5.576E-06
