* Radex version        : 30nov2011
* Geometry             : Uniform sphere
* Molecular data file  : ./data/co.dat                                                                   
* T(kin)            [K]:  285.000
* Density of H2  [cm-3]:  7.943E+02
* Density of pH2 [cm-3]:  1.986E+02
* Density of oH2 [cm-3]:  5.957E+02
* T(background)     [K]:   13.800
* Column density [cm-2]:  1.226E+18
* Line width     [km/s]:   50.000
Calculation finished in   31 iterations
      LINE         E_UP       FREQ        WAVEL     T_EX      TAU        T_R       POP        POP       FLUX        FLUX
                   (K)        (GHz)       (um)      (K)                  (K)        UP        LOW      (K*km/s) (erg/cm2/s)
1      -- 0          5.5    115.2712   2600.7576  797.575  2.034E-02  1.578E+01  2.518E-01  8.450E-02  8.399E+02  1.657E-05
2      -- 1         16.6    230.5380   1300.4037   32.090  1.704E+00  1.462E+01  2.972E-01  2.518E-01  7.783E+02  1.228E-04
3      -- 2         33.2    345.7960    866.9634   25.791  2.944E+00  1.066E+01  2.187E-01  2.972E-01  5.673E+02  3.021E-04
4      -- 3         55.3    461.0408    650.2515   22.194  2.738E+00  6.889E+00  1.037E-01  2.187E-01  3.667E+02  4.628E-04
5      -- 4         83.0    576.2679    520.2310   20.293  1.486E+00  4.027E+00  3.245E-02  1.037E-01  2.143E+02  5.282E-04
6      -- 5        116.2    691.4731    433.5562   21.381  4.823E-01  2.152E+00  8.123E-03  3.245E-02  1.145E+02  4.877E-04
7      -- 6        154.9    806.6518    371.6504   26.950  1.150E-01  1.041E+00  2.228E-03  8.123E-03  5.540E+01  3.745E-04
8      -- 7        199.1    921.7997    325.2252   37.261  2.840E-02  4.914E-01  7.704E-04  2.228E-03  2.616E+01  2.639E-04
9      -- 8        248.9   1036.9124    289.1203   47.531  9.071E-03  2.305E-01  3.022E-04  7.704E-04  1.227E+01  1.761E-04
10     -- 9        304.2   1151.9855    260.2398   56.252  3.396E-03  1.086E-01  1.250E-04  3.022E-04  5.781E+00  1.138E-04
11     -- 10       365.0   1267.0145    236.6133   64.766  1.355E-03  5.186E-02  5.355E-05  1.250E-04  2.760E+00  7.231E-05
12     -- 11       431.3   1381.9951    216.9273   72.475  5.663E-04  2.477E-02  2.331E-05  5.355E-05  1.318E+00  4.481E-05
13     -- 12       503.1   1496.9229    200.2725   80.605  2.404E-04  1.191E-02  1.032E-05  2.331E-05  6.340E-01  2.739E-05
14     -- 13       580.5   1611.7935    185.9993   81.270  1.099E-04  5.316E-03  4.281E-06  1.032E-05  2.829E-01  1.526E-05
15     -- 14       663.4   1726.6025    173.6314   83.211  4.642E-05  2.244E-03  1.690E-06  4.281E-06  1.194E-01  7.916E-06
16     -- 15       751.7   1841.3455    162.8116   94.016  1.756E-05  9.923E-04  7.030E-07  1.690E-06  5.281E-02  4.246E-06
