* Radex version        : 30nov2011
* Geometry             : Uniform sphere
* Molecular data file  : ./data/co.dat                                                                   
* T(kin)            [K]:  235.000
* Density of H2  [cm-3]:  3.162E+05
* Density of pH2 [cm-3]:  7.906E+04
* Density of oH2 [cm-3]:  2.372E+05
* T(background)     [K]:   13.800
* Column density [cm-2]:  4.879E+20
* Line width     [km/s]:   50.000
Calculation finished in   39 iterations
      LINE         E_UP       FREQ        WAVEL     T_EX      TAU        T_R       POP        POP       FLUX        FLUX
                   (K)        (GHz)       (um)      (K)                  (K)        UP        LOW      (K*km/s) (erg/cm2/s)
1      -- 0          5.5    115.2712   2600.7576  235.161  3.823E+00  2.164E+02  3.475E-02  1.186E-02  1.152E+04  2.271E-04
2      -- 1         16.6    230.5380   1300.4037  234.459  1.480E+01  2.200E+02  5.525E-02  3.475E-02  1.171E+04  1.847E-03
3      -- 2         33.2    345.7960    866.9634  234.494  3.137E+01  2.192E+02  7.207E-02  5.525E-02  1.167E+04  6.212E-03
4      -- 3         55.3    461.0408    650.2515  234.457  5.127E+01  2.180E+02  8.431E-02  7.207E-02  1.160E+04  1.464E-02
5      -- 4         83.0    576.2679    520.2310  234.400  7.192E+01  2.165E+02  9.158E-02  8.431E-02  1.153E+04  2.840E-02
6      -- 5        116.2    691.4731    433.5562  234.334  9.079E+01  2.148E+02  9.394E-02  9.158E-02  1.143E+04  4.869E-02
7      -- 6        154.9    806.6518    371.6504  234.222  1.058E+02  2.129E+02  9.188E-02  9.394E-02  1.133E+04  7.660E-02
8      -- 7        199.1    921.7997    325.2252  234.079  1.155E+02  2.108E+02  8.620E-02  9.188E-02  1.122E+04  1.132E-01
9      -- 8        248.9   1036.9124    289.1203  233.873  1.193E+02  2.085E+02  7.787E-02  8.620E-02  1.110E+04  1.593E-01
10     -- 9        304.2   1151.9855    260.2398  233.562  1.173E+02  2.060E+02  6.793E-02  7.787E-02  1.096E+04  2.158E-01
11     -- 10       365.0   1267.0145    236.6133  233.186  1.105E+02  2.034E+02  5.732E-02  6.793E-02  1.082E+04  2.835E-01
12     -- 11       431.3   1381.9951    216.9273  232.637  9.985E+01  2.005E+02  4.685E-02  5.732E-02  1.067E+04  3.628E-01
13     -- 12       503.1   1496.9229    200.2725  231.893  8.689E+01  1.974E+02  3.712E-02  4.685E-02  1.051E+04  4.539E-01
14     -- 13       580.5   1611.7935    185.9993  230.548  7.306E+01  1.937E+02  2.850E-02  3.712E-02  1.031E+04  5.561E-01
15     -- 14       663.4   1726.6025    173.6314  228.639  5.932E+01  1.895E+02  2.121E-02  2.850E-02  1.009E+04  6.686E-01
16     -- 15       751.7   1841.3455    162.8116  225.483  4.667E+01  1.840E+02  1.525E-02  2.121E-02  9.795E+03  7.875E-01
