* Radex version        : 30nov2011
* Geometry             : Uniform sphere
* Molecular data file  : ./data/co.dat                                                                   
* T(kin)            [K]:  240.000
* Density of H2  [cm-3]:  3.981E+02
* Density of pH2 [cm-3]:  9.953E+01
* Density of oH2 [cm-3]:  2.986E+02
* T(background)     [K]:   13.800
* Column density [cm-2]:  6.143E+17
* Line width     [km/s]:   50.000
Calculation finished in   26 iterations
      LINE         E_UP       FREQ        WAVEL     T_EX      TAU        T_R       POP        POP       FLUX        FLUX
                   (K)        (GHz)       (um)      (K)                  (K)        UP        LOW      (K*km/s) (erg/cm2/s)
1      -- 0          5.5    115.2712   2600.7576   41.163  2.668E-01  6.378E+00  3.187E-01  1.215E-01  3.395E+02  6.696E-06
2      -- 1         16.6    230.5380   1300.4037   20.490  1.547E+00  5.079E+00  3.096E-01  3.187E-01  2.703E+02  4.266E-05
3      -- 2         33.2    345.7960    866.9634   17.970  1.952E+00  3.265E+00  1.721E-01  3.096E-01  1.738E+02  9.253E-05
4      -- 3         55.3    461.0408    650.2515   16.862  1.251E+00  1.840E+00  5.957E-02  1.721E-01  9.793E+01  1.236E-04
5      -- 4         83.0    576.2679    520.2310   17.022  4.616E-01  9.151E-01  1.434E-02  5.957E-02  4.870E+01  1.200E-04
6      -- 5        116.2    691.4731    433.5562   19.309  1.112E-01  4.166E-01  3.039E-03  1.434E-02  2.217E+01  9.441E-05
7      -- 6        154.9    806.6518    371.6504   25.491  2.209E-02  1.827E-01  7.679E-04  3.039E-03  9.726E+00  6.574E-05
8      -- 7        199.1    921.7997    325.2252   35.656  5.017E-03  8.072E-02  2.517E-04  7.679E-04  4.296E+00  4.334E-05
9      -- 8        248.9   1036.9124    289.1203   45.100  1.529E-03  3.562E-02  9.331E-05  2.517E-04  1.896E+00  2.722E-05
10     -- 9        304.2   1151.9855    260.2398   52.878  5.446E-04  1.576E-02  3.625E-05  9.331E-05  8.386E-01  1.651E-05
11     -- 10       365.0   1267.0145    236.6133   60.365  2.053E-04  7.027E-03  1.450E-05  3.625E-05  3.740E-01  9.797E-06
12     -- 11       431.3   1381.9951    216.9273   67.013  8.054E-05  3.116E-03  5.858E-06  1.450E-05  1.658E-01  5.637E-06
13     -- 12       503.1   1496.9229    200.2725   74.594  3.174E-05  1.395E-03  2.415E-06  5.858E-06  7.426E-02  3.208E-06
14     -- 13       580.5   1611.7935    185.9993   75.050  1.350E-05  5.755E-04  9.253E-07  2.415E-06  3.063E-02  1.652E-06
15     -- 14       663.4   1726.6025    173.6314   76.394  5.279E-06  2.223E-04  3.343E-07  9.253E-07  1.183E-02  7.843E-07
16     -- 15       751.7   1841.3455    162.8116   86.298  1.831E-06  9.040E-05  1.278E-07  3.343E-07  4.811E-03  3.868E-07
