* Radex version        : 30nov2011
* Geometry             : Uniform sphere
* Molecular data file  : ./data/co.dat                                                                   
* T(kin)            [K]:  290.000
* Density of H2  [cm-3]:  1.000E+05
* Density of pH2 [cm-3]:  2.500E+04
* Density of oH2 [cm-3]:  7.500E+04
* T(background)     [K]:   13.800
* Column density [cm-2]:  1.543E+20
* Line width     [km/s]:   50.000
Calculation finished in   40 iterations
      LINE         E_UP       FREQ        WAVEL     T_EX      TAU        T_R       POP        POP       FLUX        FLUX
                   (K)        (GHz)       (um)      (K)                  (K)        UP        LOW      (K*km/s) (erg/cm2/s)
1      -- 0          5.5    115.2712   2600.7576  332.752  7.537E-01  1.687E+02  3.076E-02  1.042E-02  8.982E+03  1.772E-04
2      -- 1         16.6    230.5380   1300.4037  284.250  3.430E+00  2.610E+02  4.931E-02  3.076E-02  1.389E+04  2.192E-03
3      -- 2         33.2    345.7960    866.9634  281.746  7.411E+00  2.662E+02  6.508E-02  4.931E-02  1.417E+04  7.546E-03
4      -- 3         55.3    461.0408    650.2515  281.380  1.229E+01  2.649E+02  7.735E-02  6.508E-02  1.410E+04  1.779E-02
5      -- 4         83.0    576.2679    520.2310  280.662  1.759E+01  2.628E+02  8.567E-02  7.735E-02  1.398E+04  3.447E-02
6      -- 5        116.2    691.4731    433.5562  279.897  2.274E+01  2.603E+02  8.992E-02  8.567E-02  1.386E+04  5.900E-02
7      -- 6        154.9    806.6518    371.6504  278.545  2.728E+01  2.571E+02  9.029E-02  8.992E-02  1.369E+04  9.251E-02
8      -- 7        199.1    921.7997    325.2252  276.840  3.079E+01  2.534E+02  8.722E-02  9.029E-02  1.349E+04  1.361E-01
9      -- 8        248.9   1036.9124    289.1203  274.364  3.304E+01  2.488E+02  8.131E-02  8.722E-02  1.324E+04  1.902E-01
10     -- 9        304.2   1151.9855    260.2398  270.967  3.392E+01  2.432E+02  7.328E-02  8.131E-02  1.295E+04  2.549E-01
11     -- 10       365.0   1267.0145    236.6133  266.881  3.346E+01  2.369E+02  6.391E-02  7.328E-02  1.261E+04  3.303E-01
12     -- 11       431.3   1381.9951    216.9273  261.252  3.182E+01  2.289E+02  5.389E-02  6.391E-02  1.219E+04  4.142E-01
13     -- 12       503.1   1496.9229    200.2725  253.518  2.928E+01  2.189E+02  4.384E-02  5.389E-02  1.165E+04  5.033E-01
14     -- 13       580.5   1611.7935    185.9993  241.410  2.624E+01  2.045E+02  3.418E-02  4.384E-02  1.089E+04  5.870E-01
15     -- 14       663.4   1726.6025    173.6314  225.470  2.275E+01  1.864E+02  2.530E-02  3.418E-02  9.919E+03  6.575E-01
16     -- 15       751.7   1841.3455    162.8116  204.919  1.902E+01  1.638E+02  1.750E-02  2.530E-02  8.716E+03  7.008E-01
