* Radex version        : 30nov2011
* Geometry             : Uniform sphere
* Molecular data file  : ./data/co.dat                                                                   
* T(kin)            [K]:  205.000
* Density of H2  [cm-3]:  1.995E+03
* Density of pH2 [cm-3]:  4.988E+02
* Density of oH2 [cm-3]:  1.496E+03
* T(background)     [K]:   13.800
* Column density [cm-2]:  3.079E+18
* Line width     [km/s]:   50.000
Calculation finished in   32 iterations
      LINE         E_UP       FREQ        WAVEL     T_EX      TAU        T_R       POP        POP       FLUX        FLUX
                   (K)        (GHz)       (um)      (K)                  (K)        UP        LOW      (K*km/s) (erg/cm2/s)
1      -- 0          5.5    115.2712   2600.7576 -165.789 -1.695E-01  3.320E+01  1.771E-01  5.708E-02  1.767E+03  3.486E-05
2      -- 1         16.6    230.5380   1300.4037   56.945  1.822E+00  3.571E+01  2.430E-01  1.771E-01  1.901E+03  2.999E-04
3      -- 2         33.2    345.7960    866.9634   44.938  3.934E+00  2.944E+01  2.351E-01  2.430E-01  1.567E+03  8.343E-04
4      -- 3         55.3    461.0408    650.2515   37.679  5.205E+00  2.200E+01  1.681E-01  2.351E-01  1.171E+03  1.478E-03
5      -- 4         83.0    576.2679    520.2310   30.828  4.813E+00  1.461E+01  8.375E-02  1.681E-01  7.777E+02  1.917E-03
6      -- 5        116.2    691.4731    433.5562   25.621  2.881E+00  8.703E+00  2.710E-02  8.375E-02  4.632E+02  1.972E-03
7      -- 6        154.9    806.6518    371.6504   24.372  1.006E+00  4.722E+00  6.387E-03  2.710E-02  2.513E+02  1.699E-03
8      -- 7        199.1    921.7997    325.2252   29.558  2.284E-01  2.224E+00  1.620E-03  6.387E-03  1.183E+02  1.194E-03
9      -- 8        248.9   1036.9124    289.1203   39.926  5.261E-02  9.581E-01  5.208E-04  1.620E-03  5.099E+01  7.321E-04
10     -- 9        304.2   1151.9855    260.2398   49.339  1.583E-02  4.040E-01  1.877E-04  5.208E-04  2.150E+01  4.234E-04
11     -- 10       365.0   1267.0145    236.6133   56.492  5.532E-03  1.693E-01  7.006E-05  1.877E-04  9.011E+00  2.360E-04
12     -- 11       431.3   1381.9951    216.9273   62.959  2.022E-03  7.062E-02  2.656E-05  7.006E-05  3.759E+00  1.278E-04
13     -- 12       503.1   1496.9229    200.2725   69.532  7.514E-04  2.952E-02  1.021E-05  2.656E-05  1.571E+00  6.786E-05
14     -- 13       580.5   1611.7935    185.9993   71.333  2.943E-04  1.154E-02  3.707E-06  1.021E-05  6.145E-01  3.314E-05
15     -- 14       663.4   1726.6025    173.6314   73.138  1.085E-04  4.250E-03  1.276E-06  3.707E-06  2.262E-01  1.500E-05
16     -- 15       751.7   1841.3455    162.8116   80.700  3.637E-05  1.610E-03  4.544E-07  1.276E-06  8.570E-02  6.890E-06
