* Radex version        : 30nov2011
* Geometry             : Uniform sphere
* Molecular data file  : ./data/co.dat                                                                   
* T(kin)            [K]:  255.000
* Density of H2  [cm-3]:  1.585E+03
* Density of pH2 [cm-3]:  3.962E+02
* Density of oH2 [cm-3]:  1.189E+03
* T(background)     [K]:    2.725
* Column density [cm-2]:  1.565E+19
* Line width     [km/s]:   50.000
Calculation finished in   38 iterations
      LINE         E_UP       FREQ        WAVEL     T_EX      TAU        T_R       POP        POP       FLUX        FLUX
                   (K)        (GHz)       (um)      (K)                  (K)        UP        LOW      (K*km/s) (erg/cm2/s)
1      -- 0          5.5    115.2712   2600.7576  579.903  1.732E-01  9.163E+01  1.219E-01  4.101E-02  4.877E+03  9.620E-05
2      -- 1         16.6    230.5380   1300.4037   83.768  4.468E+00  7.727E+01  1.780E-01  1.219E-01  4.113E+03  6.489E-04
3      -- 2         33.2    345.7960    866.9634   76.061  9.298E+00  6.802E+01  2.003E-01  1.780E-01  3.620E+03  1.928E-03
4      -- 3         55.3    461.0408    650.2515   68.470  1.401E+01  5.799E+01  1.864E-01  2.003E-01  3.087E+03  3.896E-03
5      -- 4         83.0    576.2679    520.2310   58.902  1.717E+01  4.615E+01  1.425E-01  1.864E-01  2.456E+03  6.054E-03
6      -- 5        116.2    691.4731    433.5562   48.232  1.707E+01  3.353E+01  8.462E-02  1.425E-01  1.784E+03  7.598E-03
7      -- 6        154.9    806.6518    371.6504   37.537  1.291E+01  2.145E+01  3.481E-02  8.462E-02  1.142E+03  7.717E-03
8      -- 7        199.1    921.7997    325.2252   28.882  6.390E+00  1.218E+01  8.528E-03  3.481E-02  6.483E+02  6.539E-03
9      -- 8        248.9   1036.9124    289.1203   26.007  1.684E+00  7.016E+00  1.407E-03  8.528E-03  3.734E+02  5.361E-03
10     -- 9        304.2   1151.9855    260.2398   37.927  2.474E-01  3.677E+00  3.619E-04  1.407E-03  1.957E+02  3.853E-03
11     -- 10       365.0   1267.0145    236.6133   58.300  5.327E-02  1.716E+00  1.397E-04  3.619E-04  9.135E+01  2.393E-03
12     -- 11       431.3   1381.9951    216.9273   69.385  1.936E-02  7.944E-01  5.836E-05  1.397E-04  4.228E+01  1.437E-03
13     -- 12       503.1   1496.9229    200.2725   77.436  7.879E-03  3.688E-01  2.493E-05  5.836E-05  1.963E+01  8.479E-04
14     -- 13       580.5   1611.7935    185.9993   79.996  3.422E-03  1.621E-01  1.018E-05  2.493E-05  8.628E+00  4.653E-04
15     -- 14       663.4   1726.6025    173.6314   82.772  1.414E-03  6.802E-02  3.999E-06  1.018E-05  3.620E+00  2.400E-04
16     -- 15       751.7   1841.3455    162.8116   91.576  5.389E-04  2.930E-02  1.622E-06  3.999E-06  1.559E+00  1.254E-04
