* Radex version        : 30nov2011
* Geometry             : Uniform sphere
* Molecular data file  : ./data/co.dat                                                                   
* T(kin)            [K]:  270.000
* Density of H2  [cm-3]:  2.512E+02
* Density of pH2 [cm-3]:  6.280E+01
* Density of oH2 [cm-3]:  1.884E+02
* T(background)     [K]:   13.800
* Column density [cm-2]:  3.876E+17
* Line width     [km/s]:   50.000
Calculation finished in   24 iterations
      LINE         E_UP       FREQ        WAVEL     T_EX      TAU        T_R       POP        POP       FLUX        FLUX
                   (K)        (GHz)       (um)      (K)                  (K)        UP        LOW      (K*km/s) (erg/cm2/s)
1      -- 0          5.5    115.2712   2600.7576   28.077  2.728E-01  3.386E+00  3.411E-01  1.385E-01  1.802E+02  3.555E-06
2      -- 1         16.6    230.5380   1300.4037   17.715  1.163E+00  2.582E+00  3.045E-01  3.411E-01  1.374E+02  2.168E-05
3      -- 2         33.2    345.7960    866.9634   16.234  1.287E+00  1.592E+00  1.533E-01  3.045E-01  8.471E+01  4.511E-05
4      -- 3         55.3    461.0408    650.2515   15.799  7.250E-01  8.580E-01  4.860E-02  1.533E-01  4.567E+01  5.764E-05
5      -- 4         83.0    576.2679    520.2310   16.321  2.415E-01  4.109E-01  1.091E-02  4.860E-02  2.187E+01  5.389E-05
6      -- 5        116.2    691.4731    433.5562   18.806  5.392E-02  1.871E-01  2.208E-03  1.091E-02  9.958E+00  4.240E-05
7      -- 6        154.9    806.6518    371.6504   25.477  1.013E-02  8.418E-02  5.575E-04  2.208E-03  4.480E+00  3.028E-05
8      -- 7        199.1    921.7997    325.2252   36.679  2.265E-03  3.854E-02  1.891E-04  5.575E-04  2.051E+00  2.069E-05
9      -- 8        248.9   1036.9124    289.1203   46.861  7.099E-04  1.768E-02  7.310E-05  1.891E-04  9.409E-01  1.351E-05
10     -- 9        304.2   1151.9855    260.2398   55.147  2.627E-04  8.150E-03  2.965E-05  7.310E-05  4.338E-01  8.540E-06
11     -- 10       365.0   1267.0145    236.6133   63.330  1.030E-04  3.807E-03  1.243E-05  2.965E-05  2.026E-01  5.308E-06
12     -- 11       431.3   1381.9951    216.9273   70.462  4.229E-05  1.771E-03  5.271E-06  1.243E-05  9.425E-02  3.204E-06
13     -- 12       503.1   1496.9229    200.2725   78.491  1.748E-05  8.316E-04  2.279E-06  5.271E-06  4.426E-02  1.912E-06
14     -- 13       580.5   1611.7935    185.9993   78.616  7.829E-06  3.593E-04  9.152E-07  2.279E-06  1.912E-02  1.031E-06
15     -- 14       663.4   1726.6025    173.6314   80.079  3.209E-06  1.459E-04  3.476E-07  9.152E-07  7.764E-03  5.147E-07
16     -- 15       751.7   1841.3455    162.8116   90.980  1.165E-06  6.253E-05  1.401E-07  3.476E-07  3.328E-03  2.676E-07
