* Radex version        : 30nov2011
* Geometry             : Uniform sphere
* Molecular data file  : ./data/co.dat                                                                   
* T(kin)            [K]:  225.000
* Density of H2  [cm-3]:  5.012E+02
* Density of pH2 [cm-3]:  1.253E+02
* Density of oH2 [cm-3]:  3.759E+02
* T(background)     [K]:   13.800
* Column density [cm-2]:  7.733E+17
* Line width     [km/s]:   50.000
Calculation finished in   27 iterations
      LINE         E_UP       FREQ        WAVEL     T_EX      TAU        T_R       POP        POP       FLUX        FLUX
                   (K)        (GHz)       (um)      (K)                  (K)        UP        LOW      (K*km/s) (erg/cm2/s)
1      -- 0          5.5    115.2712   2600.7576   53.166  2.442E-01  8.501E+00  3.040E-01  1.125E-01  4.524E+02  8.925E-06
2      -- 1         16.6    230.5380   1300.4037   22.536  1.727E+00  6.951E+00  3.101E-01  3.040E-01  3.700E+02  5.838E-05
3      -- 2         33.2    345.7960    866.9634   19.315  2.355E+00  4.583E+00  1.839E-01  3.101E-01  2.439E+02  1.299E-04
4      -- 3         55.3    461.0408    650.2515   17.668  1.644E+00  2.648E+00  6.757E-02  1.839E-01  1.409E+02  1.779E-04
5      -- 4         83.0    576.2679    520.2310   17.450  6.526E-01  1.353E+00  1.693E-02  6.757E-02  7.199E+01  1.774E-04
6      -- 5        116.2    691.4731    433.5562   19.469  1.648E-01  6.203E-01  3.638E-03  1.693E-02  3.302E+01  1.406E-04
7      -- 6        154.9    806.6518    371.6504   25.271  3.342E-02  2.689E-01  9.073E-04  3.638E-03  1.431E+01  9.674E-05
8      -- 7        199.1    921.7997    325.2252   34.938  7.539E-03  1.164E-01  2.899E-04  9.073E-04  6.195E+00  6.249E-05
9      -- 8        248.9   1036.9124    289.1203   44.089  2.245E-03  5.023E-02  1.048E-04  2.899E-04  2.673E+00  3.838E-05
10     -- 9        304.2   1151.9855    260.2398   51.615  7.804E-04  2.168E-02  3.968E-05  1.048E-04  1.154E+00  2.272E-05
11     -- 10       365.0   1267.0145    236.6133   58.706  2.875E-04  9.401E-03  1.543E-05  3.968E-05  5.004E-01  1.311E-05
12     -- 11       431.3   1381.9951    216.9273   65.059  1.097E-04  4.048E-03  6.049E-06  1.543E-05  2.154E-01  7.324E-06
13     -- 12       503.1   1496.9229    200.2725   72.349  4.202E-05  1.760E-03  2.420E-06  6.049E-06  9.366E-02  4.046E-06
14     -- 13       580.5   1611.7935    185.9993   73.005  1.731E-05  7.052E-04  9.011E-07  2.420E-06  3.754E-02  2.024E-06
15     -- 14       663.4   1726.6025    173.6314   74.300  6.571E-06  2.642E-04  3.158E-07  9.011E-07  1.406E-02  9.323E-07
16     -- 15       751.7   1841.3455    162.8116   83.597  2.216E-06  1.040E-04  1.168E-07  3.158E-07  5.534E-03  4.449E-07
