* Radex version        : 30nov2011
* Geometry             : Uniform sphere
* Molecular data file  : ./data/co.dat                                                                   
* T(kin)            [K]:  285.000
* Density of H2  [cm-3]:  6.310E+02
* Density of pH2 [cm-3]:  1.577E+02
* Density of oH2 [cm-3]:  4.732E+02
* T(background)     [K]:   13.800
* Column density [cm-2]:  9.736E+17
* Line width     [km/s]:   50.000
Calculation finished in   28 iterations
      LINE         E_UP       FREQ        WAVEL     T_EX      TAU        T_R       POP        POP       FLUX        FLUX
                   (K)        (GHz)       (um)      (K)                  (K)        UP        LOW      (K*km/s) (erg/cm2/s)
1      -- 0          5.5    115.2712   2600.7576  138.644  1.030E-01  1.220E+01  2.743E-01  9.516E-02  6.493E+02  1.281E-05
2      -- 1         16.6    230.5380   1300.4037   27.415  1.679E+00  1.078E+01  3.054E-01  2.743E-01  5.739E+02  9.055E-05
3      -- 2         33.2    345.7960    866.9634   22.563  2.636E+00  7.563E+00  2.049E-01  3.054E-01  4.025E+02  2.144E-04
4      -- 3         55.3    461.0408    650.2515   19.942  2.164E+00  4.700E+00  8.685E-02  2.049E-01  2.502E+02  3.157E-04
5      -- 4         83.0    576.2679    520.2310   19.023  1.018E+00  2.634E+00  2.480E-02  8.685E-02  1.402E+02  3.455E-04
6      -- 5        116.2    691.4731    433.5562   20.922  2.955E-01  1.343E+00  6.001E-03  2.480E-02  7.147E+01  3.043E-04
7      -- 6        154.9    806.6518    371.6504   27.153  6.725E-02  6.345E-01  1.664E-03  6.001E-03  3.377E+01  2.283E-04
8      -- 7        199.1    921.7997    325.2252   37.688  1.675E-02  2.978E-01  5.831E-04  1.664E-03  1.585E+01  1.599E-04
9      -- 8        248.9   1036.9124    289.1203   47.702  5.442E-03  1.394E-01  2.296E-04  5.831E-04  7.418E+00  1.065E-04
10     -- 9        304.2   1151.9855    260.2398   56.276  2.049E-03  6.562E-02  9.502E-05  2.296E-04  3.493E+00  6.876E-05
11     -- 10       365.0   1267.0145    236.6133   64.741  8.183E-04  3.131E-02  4.068E-05  9.502E-05  1.666E+00  4.365E-05
12     -- 11       431.3   1381.9951    216.9273   72.366  3.420E-04  1.493E-02  1.768E-05  4.068E-05  7.946E-01  2.701E-05
13     -- 12       503.1   1496.9229    200.2725   80.498  1.450E-04  7.171E-03  7.824E-06  1.768E-05  3.817E-01  1.649E-05
14     -- 13       580.5   1611.7935    185.9993   81.000  6.631E-05  3.190E-03  3.234E-06  7.824E-06  1.698E-01  9.154E-06
15     -- 14       663.4   1726.6025    173.6314   82.833  2.793E-05  1.340E-03  1.271E-06  3.234E-06  7.133E-02  4.728E-06
16     -- 15       751.7   1841.3455    162.8116   93.767  1.051E-05  5.912E-04  5.273E-07  1.271E-06  3.147E-02  2.530E-06
