* Radex version        : 30nov2011
* Geometry             : Uniform sphere
* Molecular data file  : ./data/co.dat                                                                   
* T(kin)            [K]:  235.000
* Density of H2  [cm-3]:  3.162E+04
* Density of pH2 [cm-3]:  7.906E+03
* Density of oH2 [cm-3]:  2.372E+04
* T(background)     [K]:   13.800
* Column density [cm-2]:  4.879E+19
* Line width     [km/s]:   50.000
Calculation finished in   38 iterations
      LINE         E_UP       FREQ        WAVEL     T_EX      TAU        T_R       POP        POP       FLUX        FLUX
                   (K)        (GHz)       (um)      (K)                  (K)        UP        LOW      (K*km/s) (erg/cm2/s)
1      -- 0          5.5    115.2712   2600.7576  512.675  2.303E-01  1.026E+02  4.592E-02  1.547E-02  5.459E+03  1.077E-04
2      -- 1         16.6    230.5380   1300.4037  223.036  2.053E+00  1.818E+02  7.283E-02  4.592E-02  9.676E+03  1.527E-03
3      -- 2         33.2    345.7960    866.9634  206.270  4.678E+00  1.892E+02  9.408E-02  7.283E-02  1.007E+04  5.362E-03
4      -- 3         55.3    461.0408    650.2515  202.525  7.692E+00  1.860E+02  1.084E-01  9.408E-02  9.900E+03  1.249E-02
5      -- 4         83.0    576.2679    520.2310  199.038  1.078E+01  1.812E+02  1.153E-01  1.084E-01  9.645E+03  2.377E-02
6      -- 5        116.2    691.4731    433.5562  194.545  1.358E+01  1.751E+02  1.149E-01  1.153E-01  9.321E+03  3.969E-02
7      -- 6        154.9    806.6518    371.6504  188.124  1.581E+01  1.669E+02  1.080E-01  1.149E-01  8.885E+03  6.006E-02
8      -- 7        199.1    921.7997    325.2252  179.538  1.721E+01  1.565E+02  9.563E-02  1.080E-01  8.327E+03  8.400E-02
9      -- 8        248.9   1036.9124    289.1203  168.093  1.770E+01  1.430E+02  7.949E-02  9.563E-02  7.614E+03  1.093E-01
10     -- 9        304.2   1151.9855    260.2398  153.370  1.720E+01  1.264E+02  6.127E-02  7.949E-02  6.725E+03  1.324E-01
11     -- 10       365.0   1267.0145    236.6133  135.771  1.567E+01  1.069E+02  4.288E-02  6.127E-02  5.689E+03  1.490E-01
12     -- 11       431.3   1381.9951    216.9273  115.219  1.318E+01  8.467E+01  2.621E-02  4.288E-02  4.507E+03  1.532E-01
13     -- 12       503.1   1496.9229    200.2725   93.020  9.818E+00  6.128E+01  1.308E-02  2.621E-02  3.262E+03  1.409E-01
14     -- 13       580.5   1611.7935    185.9993   71.609  5.963E+00  3.938E+01  4.768E-03  1.308E-02  2.096E+03  1.130E-01
15     -- 14       663.4   1726.6025    173.6314   57.436  2.493E+00  2.333E+01  1.204E-03  4.768E-03  1.242E+03  8.231E-02
16     -- 15       751.7   1841.3455    162.8116   61.189  6.245E-01  1.261E+01  3.025E-04  1.204E-03  6.710E+02  5.395E-02
