* Radex version        : 30nov2011
* Geometry             : Uniform sphere
* Molecular data file  : ./data/co.dat                                                                   
* T(kin)            [K]:  250.000
* Density of H2  [cm-3]:  7.943E+03
* Density of pH2 [cm-3]:  1.986E+03
* Density of oH2 [cm-3]:  5.957E+03
* T(background)     [K]:   13.800
* Column density [cm-2]:  1.226E+19
* Line width     [km/s]:   50.000
Calculation finished in   35 iterations
      LINE         E_UP       FREQ        WAVEL     T_EX      TAU        T_R       POP        POP       FLUX        FLUX
                   (K)        (GHz)       (um)      (K)                  (K)        UP        LOW      (K*km/s) (erg/cm2/s)
1      -- 0          5.5    115.2712   2600.7576 -139.533 -3.562E-01  6.571E+01  7.894E-02  2.529E-02  3.497E+03  6.898E-05
2      -- 1         16.6    230.5380   1300.4037  182.400  1.078E+00  1.108E+02  1.238E-01  7.894E-02  5.897E+03  9.304E-04
3      -- 2         33.2    345.7960    866.9634  130.280  3.091E+00  1.098E+02  1.526E-01  1.238E-01  5.844E+03  3.112E-03
4      -- 3         55.3    461.0408    650.2515  117.343  5.204E+00  1.005E+02  1.625E-01  1.526E-01  5.349E+03  6.751E-03
5      -- 4         83.0    576.2679    520.2310  106.658  7.146E+00  8.905E+01  1.532E-01  1.625E-01  4.740E+03  1.168E-02
6      -- 5        116.2    691.4731    433.5562   94.725  8.541E+00  7.579E+01  1.276E-01  1.532E-01  4.034E+03  1.718E-02
7      -- 6        154.9    806.6518    371.6504   80.842  9.016E+00  6.052E+01  9.119E-02  1.276E-01  3.221E+03  2.178E-02
8      -- 7        199.1    921.7997    325.2252   66.036  8.166E+00  4.449E+01  5.289E-02  9.119E-02  2.368E+03  2.388E-02
9      -- 8        248.9   1036.9124    289.1203   51.903  5.916E+00  2.947E+01  2.266E-02  5.289E-02  1.568E+03  2.252E-02
10     -- 9        304.2   1151.9855    260.2398   41.737  2.987E+00  1.804E+01  6.660E-03  2.266E-02  9.603E+02  1.891E-02
11     -- 10       365.0   1267.0145    236.6133   41.407  9.125E-01  1.044E+01  1.679E-03  6.660E-03  5.555E+02  1.455E-02
12     -- 11       431.3   1381.9951    216.9273   55.591  2.064E-01  5.282E+00  5.536E-04  1.679E-03  2.811E+02  9.557E-03
13     -- 12       503.1   1496.9229    200.2725   72.850  6.070E-02  2.494E+00  2.230E-04  5.536E-04  1.327E+02  5.734E-03
14     -- 13       580.5   1611.7935    185.9993   79.941  2.399E-02  1.117E+00  9.103E-05  2.230E-04  5.944E+01  3.205E-03
15     -- 14       663.4   1726.6025    173.6314   84.360  9.792E-03  4.813E-01  3.644E-05  9.103E-05  2.562E+01  1.698E-03
16     -- 15       751.7   1841.3455    162.8116   92.376  3.825E-03  2.099E-01  1.490E-05  3.644E-05  1.117E+01  8.984E-04
