* Radex version        : 30nov2011
* Geometry             : Uniform sphere
* Molecular data file  : ./data/co.dat                                                                   
* T(kin)            [K]:  240.000
* Density of H2  [cm-3]:  1.585E+05
* Density of pH2 [cm-3]:  3.962E+04
* Density of oH2 [cm-3]:  1.189E+05
* T(background)     [K]:   13.800
* Column density [cm-2]:  2.445E+20
* Line width     [km/s]:   50.000
Calculation finished in   40 iterations
      LINE         E_UP       FREQ        WAVEL     T_EX      TAU        T_R       POP        POP       FLUX        FLUX
                   (K)        (GHz)       (um)      (K)                  (K)        UP        LOW      (K*km/s) (erg/cm2/s)
1      -- 0          5.5    115.2712   2600.7576  244.567  1.850E+00  1.943E+02  3.491E-02  1.190E-02  1.034E+04  2.040E-04
2      -- 1         16.6    230.5380   1300.4037  237.673  7.352E+00  2.230E+02  5.554E-02  3.491E-02  1.187E+04  1.873E-03
3      -- 2         33.2    345.7960    866.9634  237.933  1.558E+01  2.226E+02  7.252E-02  5.554E-02  1.185E+04  6.309E-03
4      -- 3         55.3    461.0408    650.2515  237.787  2.551E+01  2.213E+02  8.495E-02  7.252E-02  1.178E+04  1.487E-02
5      -- 4         83.0    576.2679    520.2310  237.561  3.586E+01  2.197E+02  9.242E-02  8.495E-02  1.169E+04  2.882E-02
6      -- 5        116.2    691.4731    433.5562  237.302  4.538E+01  2.178E+02  9.497E-02  9.242E-02  1.159E+04  4.936E-02
7      -- 6        154.9    806.6518    371.6504  236.864  5.306E+01  2.155E+02  9.306E-02  9.497E-02  1.147E+04  7.755E-02
8      -- 7        199.1    921.7997    325.2252  236.298  5.814E+01  2.130E+02  8.746E-02  9.306E-02  1.134E+04  1.144E-01
9      -- 8        248.9   1036.9124    289.1203  235.483  6.030E+01  2.101E+02  7.913E-02  8.746E-02  1.118E+04  1.605E-01
10     -- 9        304.2   1151.9855    260.2398  234.278  5.959E+01  2.067E+02  6.907E-02  7.913E-02  1.100E+04  2.166E-01
11     -- 10       365.0   1267.0145    236.6133  232.791  5.639E+01  2.030E+02  5.826E-02  6.907E-02  1.080E+04  2.830E-01
12     -- 11       431.3   1381.9951    216.9273  230.614  5.125E+01  1.985E+02  4.750E-02  5.826E-02  1.056E+04  3.591E-01
13     -- 12       503.1   1496.9229    200.2725  227.494  4.488E+01  1.931E+02  3.741E-02  4.750E-02  1.028E+04  4.439E-01
14     -- 13       580.5   1611.7935    185.9993  222.102  3.807E+01  1.854E+02  2.836E-02  3.741E-02  9.867E+03  5.321E-01
15     -- 14       663.4   1726.6025    173.6314  214.164  3.122E+01  1.752E+02  2.059E-02  2.836E-02  9.325E+03  6.181E-01
16     -- 15       751.7   1841.3455    162.8116  201.975  2.482E+01  1.609E+02  1.415E-02  2.059E-02  8.561E+03  6.884E-01
