* Radex version        : 30nov2011
* Geometry             : Uniform sphere
* Molecular data file  : ./data/co.dat                                                                   
* T(kin)            [K]:  285.000
* Density of H2  [cm-3]:  1.000E+06
* Density of pH2 [cm-3]:  2.500E+05
* Density of oH2 [cm-3]:  7.500E+05
* T(background)     [K]:   13.800
* Column density [cm-2]:  1.543E+21
* Line width     [km/s]:   50.000
Calculation finished in   37 iterations
      LINE         E_UP       FREQ        WAVEL     T_EX      TAU        T_R       POP        POP       FLUX        FLUX
                   (K)        (GHz)       (um)      (K)                  (K)        UP        LOW      (K*km/s) (erg/cm2/s)
1      -- 0          5.5    115.2712   2600.7576  284.945  8.171E+00  2.709E+02  2.852E-02  9.692E-03  1.442E+04  2.844E-04
2      -- 1         16.6    230.5380   1300.4037  284.912  3.173E+01  2.704E+02  4.572E-02  2.852E-02  1.439E+04  2.271E-03
3      -- 2         33.2    345.7960    866.9634  284.910  6.797E+01  2.696E+02  6.038E-02  4.572E-02  1.435E+04  7.640E-03
4      -- 3         55.3    461.0408    650.2515  284.906  1.127E+02  2.684E+02  7.183E-02  6.038E-02  1.429E+04  1.803E-02
5      -- 4         83.0    576.2679    520.2310  284.897  1.611E+02  2.670E+02  7.967E-02  7.183E-02  1.421E+04  3.502E-02
6      -- 5        116.2    691.4731    433.5562  284.889  2.080E+02  2.653E+02  8.381E-02  7.967E-02  1.412E+04  6.013E-02
7      -- 6        154.9    806.6518    371.6504  284.873  2.490E+02  2.635E+02  8.441E-02  8.381E-02  1.402E+04  9.479E-02
8      -- 7        199.1    921.7997    325.2252  284.854  2.803E+02  2.614E+02  8.191E-02  8.441E-02  1.392E+04  1.404E-01
9      -- 8        248.9   1036.9124    289.1203  284.826  2.999E+02  2.593E+02  7.687E-02  8.191E-02  1.380E+04  1.981E-01
10     -- 9        304.2   1151.9855    260.2398  284.785  3.066E+02  2.570E+02  6.997E-02  7.687E-02  1.368E+04  2.693E-01
11     -- 10       365.0   1267.0145    236.6133  284.741  3.015E+02  2.547E+02  6.190E-02  6.997E-02  1.355E+04  3.551E-01
12     -- 11       431.3   1381.9951    216.9273  284.678  2.857E+02  2.523E+02  5.330E-02  6.190E-02  1.343E+04  4.564E-01
13     -- 12       503.1   1496.9229    200.2725  284.606  2.617E+02  2.498E+02  4.472E-02  5.330E-02  1.330E+04  5.743E-01
14     -- 13       580.5   1611.7935    185.9993  284.460  2.325E+02  2.472E+02  3.660E-02  4.472E-02  1.316E+04  7.096E-01
15     -- 14       663.4   1726.6025    173.6314  284.276  2.003E+02  2.446E+02  2.923E-02  3.660E-02  1.302E+04  8.632E-01
16     -- 15       751.7   1841.3455    162.8116  284.010  1.677E+02  2.420E+02  2.279E-02  2.923E-02  1.288E+04  1.035E+00
