* Radex version        : 30nov2011
* Geometry             : Uniform sphere
* Molecular data file  : ./data/co.dat                                                                   
* T(kin)            [K]:  220.000
* Density of H2  [cm-3]:  3.981E+04
* Density of pH2 [cm-3]:  9.953E+03
* Density of oH2 [cm-3]:  2.986E+04
* T(background)     [K]:   13.800
* Column density [cm-2]:  6.143E+19
* Line width     [km/s]:   50.000
Calculation finished in   39 iterations
      LINE         E_UP       FREQ        WAVEL     T_EX      TAU        T_R       POP        POP       FLUX        FLUX
                   (K)        (GHz)       (um)      (K)                  (K)        UP        LOW      (K*km/s) (erg/cm2/s)
1      -- 0          5.5    115.2712   2600.7576  321.285  4.569E-01  1.127E+02  4.521E-02  1.533E-02  5.999E+03  1.183E-04
2      -- 1         16.6    230.5380   1300.4037  208.959  2.711E+00  1.816E+02  7.146E-02  4.521E-02  9.663E+03  1.525E-03
3      -- 2         33.2    345.7960    866.9634  201.719  5.904E+00  1.859E+02  9.215E-02  7.146E-02  9.894E+03  5.269E-03
4      -- 3         55.3    461.0408    650.2515  199.895  9.602E+00  1.834E+02  1.061E-01  9.215E-02  9.764E+03  1.232E-02
5      -- 4         83.0    576.2679    520.2310  197.685  1.336E+01  1.799E+02  1.127E-01  1.061E-01  9.574E+03  2.359E-02
6      -- 5        116.2    691.4731    433.5562  194.694  1.669E+01  1.753E+02  1.123E-01  1.127E-01  9.329E+03  3.972E-02
7      -- 6        154.9    806.6518    371.6504  190.280  1.925E+01  1.691E+02  1.057E-01  1.123E-01  9.000E+03  6.083E-02
8      -- 7        199.1    921.7997    325.2252  184.189  2.075E+01  1.611E+02  9.425E-02  1.057E-01  8.574E+03  8.649E-02
9      -- 8        248.9   1036.9124    289.1203  175.725  2.113E+01  1.506E+02  7.936E-02  9.425E-02  8.017E+03  1.151E-01
10     -- 9        304.2   1151.9855    260.2398  164.188  2.042E+01  1.371E+02  6.264E-02  7.936E-02  7.295E+03  1.436E-01
11     -- 10       365.0   1267.0145    236.6133  149.578  1.867E+01  1.205E+02  4.569E-02  6.264E-02  6.412E+03  1.680E-01
12     -- 11       431.3   1381.9951    216.9273  131.219  1.603E+01  1.003E+02  2.996E-02  4.569E-02  5.338E+03  1.815E-01
13     -- 12       503.1   1496.9229    200.2725  109.630  1.262E+01  7.721E+01  1.680E-02  2.996E-02  4.109E+03  1.775E-01
14     -- 13       580.5   1611.7935    185.9993   86.288  8.646E+00  5.302E+01  7.362E-03  1.680E-02  2.822E+03  1.522E-01
15     -- 14       663.4   1726.6025    173.6314   65.931  4.540E+00  3.240E+01  2.239E-03  7.362E-03  1.725E+03  1.143E-01
16     -- 15       751.7   1841.3455    162.8116   57.204  1.505E+00  1.853E+01  5.086E-04  2.239E-03  9.864E+02  7.931E-02
