* Radex version        : 30nov2011
* Geometry             : Uniform sphere
* Molecular data file  : ./data/co.dat                                                                   
* T(kin)            [K]:  295.000
* Density of H2  [cm-3]:  7.943E+04
* Density of pH2 [cm-3]:  1.986E+04
* Density of oH2 [cm-3]:  5.957E+04
* T(background)     [K]:   13.800
* Column density [cm-2]:  1.226E+20
* Line width     [km/s]:   50.000
Calculation finished in   40 iterations
      LINE         E_UP       FREQ        WAVEL     T_EX      TAU        T_R       POP        POP       FLUX        FLUX
                   (K)        (GHz)       (um)      (K)                  (K)        UP        LOW      (K*km/s) (erg/cm2/s)
1      -- 0          5.5    115.2712   2600.7576  373.997  5.427E-01  1.508E+02  3.137E-02  1.061E-02  8.025E+03  1.583E-04
2      -- 1         16.6    230.5380   1300.4037  289.159  2.732E+00  2.568E+02  5.031E-02  3.137E-02  1.367E+04  2.157E-03
3      -- 2         33.2    345.7960    866.9634  282.416  5.993E+00  2.664E+02  6.642E-02  5.031E-02  1.418E+04  7.551E-03
4      -- 3         55.3    461.0408    650.2515  281.565  9.960E+00  2.651E+02  7.894E-02  6.642E-02  1.411E+04  1.780E-02
5      -- 4         83.0    576.2679    520.2310  280.481  1.427E+01  2.626E+02  8.743E-02  7.894E-02  1.398E+04  3.444E-02
6      -- 5        116.2    691.4731    433.5562  279.265  1.847E+01  2.597E+02  9.175E-02  8.743E-02  1.382E+04  5.886E-02
7      -- 6        154.9    806.6518    371.6504  277.215  2.221E+01  2.558E+02  9.206E-02  9.175E-02  1.362E+04  9.204E-02
8      -- 7        199.1    921.7997    325.2252  274.578  2.512E+01  2.512E+02  8.881E-02  9.206E-02  1.337E+04  1.349E-01
9      -- 8        248.9   1036.9124    289.1203  270.799  2.705E+01  2.453E+02  8.260E-02  8.881E-02  1.306E+04  1.874E-01
10     -- 9        304.2   1151.9855    260.2398  265.697  2.786E+01  2.380E+02  7.414E-02  8.260E-02  1.267E+04  2.494E-01
11     -- 10       365.0   1267.0145    236.6133  259.470  2.757E+01  2.295E+02  6.424E-02  7.414E-02  1.222E+04  3.200E-01
12     -- 11       431.3   1381.9951    216.9273  251.061  2.631E+01  2.188E+02  5.361E-02  6.424E-02  1.165E+04  3.959E-01
13     -- 12       503.1   1496.9229    200.2725  239.714  2.428E+01  2.052E+02  4.291E-02  5.361E-02  1.092E+04  4.718E-01
14     -- 13       580.5   1611.7935    185.9993  223.127  2.180E+01  1.864E+02  3.258E-02  4.291E-02  9.921E+03  5.350E-01
15     -- 14       663.4   1726.6025    173.6314  202.293  1.883E+01  1.635E+02  2.312E-02  3.258E-02  8.701E+03  5.768E-01
16     -- 15       751.7   1841.3455    162.8116  177.313  1.547E+01  1.366E+02  1.495E-02  2.312E-02  7.272E+03  5.847E-01
