* Radex version        : 30nov2011
* Geometry             : Uniform sphere
* Molecular data file  : ./data/co.dat                                                                   
* T(kin)            [K]:  240.000
* Density of H2  [cm-3]:  1.585E+02
* Density of pH2 [cm-3]:  3.962E+01
* Density of oH2 [cm-3]:  1.189E+02
* T(background)     [K]:   13.800
* Column density [cm-2]:  2.445E+17
* Line width     [km/s]:   50.000
Calculation finished in   20 iterations
      LINE         E_UP       FREQ        WAVEL     T_EX      TAU        T_R       POP        POP       FLUX        FLUX
                   (K)        (GHz)       (um)      (K)                  (K)        UP        LOW      (K*km/s) (erg/cm2/s)
1      -- 0          5.5    115.2712   2600.7576   20.529  2.567E-01  1.510E+00  3.583E-01  1.564E-01  8.036E+01  1.585E-06
2      -- 1         16.6    230.5380   1300.4037   15.824  8.345E-01  1.093E+00  2.968E-01  3.583E-01  5.819E+01  9.181E-06
3      -- 2         33.2    345.7960    866.9634   15.069  8.250E-01  6.393E-01  1.381E-01  2.968E-01  3.403E+01  1.812E-05
4      -- 3         55.3    461.0408    650.2515   14.935  4.225E-01  3.222E-01  4.037E-02  1.381E-01  1.715E+01  2.164E-05
5      -- 4         83.0    576.2679    520.2310   15.396  1.293E-01  1.447E-01  8.185E-03  4.037E-02  7.702E+00  1.898E-05
6      -- 5        116.2    691.4731    433.5562   17.296  2.628E-02  6.267E-02  1.420E-03  8.185E-03  3.336E+00  1.420E-05
7      -- 6        154.9    806.6518    371.6504   22.996  4.285E-03  2.710E-02  3.043E-04  1.420E-03  1.442E+00  9.749E-06
8      -- 7        199.1    921.7997    325.2252   34.054  8.098E-04  1.192E-02  9.409E-05  3.043E-04  6.345E-01  6.400E-06
9      -- 8        248.9   1036.9124    289.1203   44.704  2.287E-04  5.249E-03  3.454E-05  9.409E-05  2.794E-01  4.011E-06
10     -- 9        304.2   1151.9855    260.2398   52.736  8.038E-05  2.316E-03  1.338E-05  3.454E-05  1.233E-01  2.427E-06
11     -- 10       365.0   1267.0145    236.6133   60.300  3.019E-05  1.032E-03  5.347E-06  1.338E-05  5.491E-02  1.438E-06
12     -- 11       431.3   1381.9951    216.9273   66.804  1.185E-05  4.560E-04  2.153E-06  5.347E-06  2.427E-02  8.250E-07
13     -- 12       503.1   1496.9229    200.2725   74.473  4.650E-06  2.039E-04  8.863E-07  2.153E-06  1.085E-02  4.688E-07
14     -- 13       580.5   1611.7935    185.9993   74.659  1.979E-06  8.363E-05  3.378E-07  8.863E-07  4.451E-03  2.400E-07
15     -- 14       663.4   1726.6025    173.6314   75.847  7.703E-07  3.205E-05  1.211E-07  3.378E-07  1.706E-03  1.131E-07
16     -- 15       751.7   1841.3455    162.8116   85.969  2.646E-07  1.298E-05  4.612E-08  1.211E-07  6.911E-04  5.557E-08
