* Radex version        : 30nov2011
* Geometry             : Uniform sphere
* Molecular data file  : ./data/co.dat                                                                   
* T(kin)            [K]:  205.000
* Density of H2  [cm-3]:  7.943E+04
* Density of pH2 [cm-3]:  1.986E+04
* Density of oH2 [cm-3]:  5.957E+04
* T(background)     [K]:    2.725
* Column density [cm-2]:  7.844E+20
* Line width     [km/s]:   50.000
Calculation finished in   43 iterations
      LINE         E_UP       FREQ        WAVEL     T_EX      TAU        T_R       POP        POP       FLUX        FLUX
                   (K)        (GHz)       (um)      (K)                  (K)        UP        LOW      (K*km/s) (erg/cm2/s)
1      -- 0          5.5    115.2712   2600.7576  204.351  8.155E+00  2.007E+02  4.000E-02  1.370E-02  1.068E+04  2.107E-04
2      -- 1         16.6    230.5380   1300.4037  204.115  3.134E+01  1.984E+02  6.314E-02  4.000E-02  1.056E+04  1.667E-03
3      -- 2         33.2    345.7960    866.9634  204.112  6.586E+01  1.959E+02  8.150E-02  6.314E-02  1.043E+04  5.552E-03
4      -- 3         55.3    461.0408    650.2515  204.055  1.063E+02  1.932E+02  9.401E-02  8.150E-02  1.028E+04  1.298E-02
5      -- 4         83.0    576.2679    520.2310  203.958  1.469E+02  1.904E+02  1.003E-01  9.401E-02  1.014E+04  2.498E-02
6      -- 5        116.2    691.4731    433.5562  203.823  1.819E+02  1.877E+02  1.008E-01  1.003E-01  9.989E+03  4.253E-02
7      -- 6        154.9    806.6518    371.6504  203.612  2.074E+02  1.849E+02  9.613E-02  1.008E-01  9.840E+03  6.651E-02
8      -- 7        199.1    921.7997    325.2252  203.317  2.206E+02  1.820E+02  8.764E-02  9.613E-02  9.687E+03  9.771E-02
9      -- 8        248.9   1036.9124    289.1203  202.899  2.213E+02  1.790E+02  7.665E-02  8.764E-02  9.529E+03  1.368E-01
10     -- 9        304.2   1151.9855    260.2398  202.247  2.107E+02  1.759E+02  6.446E-02  7.665E-02  9.360E+03  1.843E-01
11     -- 10       365.0   1267.0145    236.6133  201.400  1.914E+02  1.725E+02  5.220E-02  6.446E-02  9.183E+03  2.405E-01
12     -- 11       431.3   1381.9951    216.9273  200.097  1.662E+02  1.688E+02  4.073E-02  5.220E-02  8.982E+03  3.053E-01
13     -- 12       503.1   1496.9229    200.2725  198.135  1.386E+02  1.644E+02  3.061E-02  4.073E-02  8.749E+03  3.779E-01
14     -- 13       580.5   1611.7935    185.9993  194.638  1.114E+02  1.585E+02  2.209E-02  3.061E-02  8.437E+03  4.550E-01
15     -- 14       663.4   1726.6025    173.6314  189.093  8.628E+01  1.507E+02  1.524E-02  2.209E-02  8.020E+03  5.316E-01
16     -- 15       751.7   1841.3455    162.8116  179.556  6.463E+01  1.390E+02  9.916E-03  1.524E-02  7.397E+03  5.948E-01
