* Radex version        : 30nov2011
* Geometry             : Uniform sphere
* Molecular data file  : ./data/co.dat                                                                   
* T(kin)            [K]:  235.000
* Density of H2  [cm-3]:  3.162E+06
* Density of pH2 [cm-3]:  7.906E+05
* Density of oH2 [cm-3]:  2.372E+06
* T(background)     [K]:   13.800
* Column density [cm-2]:  4.879E+21
* Line width     [km/s]:   50.000
Calculation finished in   32 iterations
      LINE         E_UP       FREQ        WAVEL     T_EX      TAU        T_R       POP        POP       FLUX        FLUX
                   (K)        (GHz)       (um)      (K)                  (K)        UP        LOW      (K*km/s) (erg/cm2/s)
1      -- 0          5.5    115.2712   2600.7576  234.995  3.781E+01  2.210E+02  3.434E-02  1.172E-02  1.176E+04  2.320E-04
2      -- 1         16.6    230.5380   1300.4037  234.995  1.459E+02  2.205E+02  5.461E-02  3.434E-02  1.174E+04  1.852E-03
3      -- 2         33.2    345.7960    866.9634  234.995  3.094E+02  2.197E+02  7.124E-02  5.461E-02  1.169E+04  6.226E-03
4      -- 3         55.3    461.0408    650.2515  234.994  5.057E+02  2.185E+02  8.336E-02  7.124E-02  1.163E+04  1.468E-02
5      -- 4         83.0    576.2679    520.2310  234.994  7.094E+02  2.171E+02  9.057E-02  8.336E-02  1.156E+04  2.848E-02
6      -- 5        116.2    691.4731    433.5562  234.993  8.956E+02  2.155E+02  9.294E-02  9.057E-02  1.147E+04  4.884E-02
7      -- 6        154.9    806.6518    371.6504  234.992  1.044E+03  2.137E+02  9.096E-02  9.294E-02  1.137E+04  7.687E-02
8      -- 7        199.1    921.7997    325.2252  234.991  1.140E+03  2.117E+02  8.539E-02  9.096E-02  1.127E+04  1.137E-01
9      -- 8        248.9   1036.9124    289.1203  234.989  1.177E+03  2.096E+02  7.722E-02  8.539E-02  1.116E+04  1.602E-01
10     -- 9        304.2   1151.9855    260.2398  234.985  1.157E+03  2.074E+02  6.746E-02  7.722E-02  1.104E+04  2.173E-01
11     -- 10       365.0   1267.0145    236.6133  234.982  1.090E+03  2.051E+02  5.704E-02  6.746E-02  1.092E+04  2.860E-01
12     -- 11       431.3   1381.9951    216.9273  234.976  9.850E+02  2.028E+02  4.675E-02  5.704E-02  1.080E+04  3.670E-01
13     -- 12       503.1   1496.9229    200.2725  234.968  8.574E+02  2.005E+02  3.719E-02  4.675E-02  1.067E+04  4.609E-01
14     -- 13       580.5   1611.7935    185.9993  234.955  7.204E+02  1.981E+02  2.874E-02  3.719E-02  1.054E+04  5.686E-01
15     -- 14       663.4   1726.6025    173.6314  234.936  5.848E+02  1.957E+02  2.159E-02  2.874E-02  1.042E+04  6.906E-01
16     -- 15       751.7   1841.3455    162.8116  234.906  4.594E+02  1.933E+02  1.578E-02  2.159E-02  1.029E+04  8.274E-01
