* Radex version        : 30nov2011
* Geometry             : Uniform sphere
* Molecular data file  : ./data/co.dat                                                                   
* T(kin)            [K]:  275.000
* Density of H2  [cm-3]:  3.162E+04
* Density of pH2 [cm-3]:  7.906E+03
* Density of oH2 [cm-3]:  2.372E+04
* T(background)     [K]:   13.800
* Column density [cm-2]:  4.879E+19
* Line width     [km/s]:   50.000
Calculation finished in   38 iterations
      LINE         E_UP       FREQ        WAVEL     T_EX      TAU        T_R       POP        POP       FLUX        FLUX
                   (K)        (GHz)       (um)      (K)                  (K)        UP        LOW      (K*km/s) (erg/cm2/s)
1      -- 0          5.5    115.2712   2600.7576  1.264E+03  8.384E-02  1.005E+02  4.136E-02  1.385E-02  5.351E+03  1.055E-04
2      -- 1         16.6    230.5380   1300.4037  271.940  1.523E+00  2.013E+02  6.618E-02  4.136E-02  1.072E+04  1.691E-03
3      -- 2         33.2    345.7960    866.9634  236.848  3.721E+00  2.162E+02  8.638E-02  6.618E-02  1.151E+04  6.127E-03
4      -- 3         55.3    461.0408    650.2515  230.047  6.257E+00  2.132E+02  1.009E-01  8.638E-02  1.135E+04  1.432E-02
5      -- 4         83.0    576.2679    520.2310  225.520  8.923E+00  2.076E+02  1.091E-01  1.009E-01  1.105E+04  2.724E-02
6      -- 5        116.2    691.4731    433.5562  220.327  1.145E+01  2.009E+02  1.109E-01  1.091E-01  1.069E+04  4.552E-02
7      -- 6        154.9    806.6518    371.6504  213.039  1.362E+01  1.918E+02  1.067E-01  1.109E-01  1.021E+04  6.900E-02
8      -- 7        199.1    921.7997    325.2252  203.575  1.521E+01  1.804E+02  9.728E-02  1.067E-01  9.601E+03  9.685E-02
9      -- 8        248.9   1036.9124    289.1203  191.188  1.610E+01  1.660E+02  8.381E-02  9.728E-02  8.835E+03  1.269E-01
10     -- 9        304.2   1151.9855    260.2398  175.723  1.617E+01  1.485E+02  6.763E-02  8.381E-02  7.904E+03  1.556E-01
11     -- 10       365.0   1267.0145    236.6133  157.642  1.534E+01  1.284E+02  5.036E-02  6.763E-02  6.836E+03  1.791E-01
12     -- 11       431.3   1381.9951    216.9273  136.625  1.360E+01  1.056E+02  3.369E-02  5.036E-02  5.620E+03  1.910E-01
13     -- 12       503.1   1496.9229    200.2725  113.426  1.100E+01  8.087E+01  1.931E-02  3.369E-02  4.305E+03  1.859E-01
14     -- 13       580.5   1611.7935    185.9993   89.326  7.726E+00  5.585E+01  8.726E-03  1.931E-02  2.973E+03  1.603E-01
15     -- 14       663.4   1726.6025    173.6314   69.313  4.166E+00  3.519E+01  2.822E-03  8.726E-03  1.873E+03  1.241E-01
16     -- 15       751.7   1841.3455    162.8116   61.995  1.455E+00  2.133E+01  7.222E-04  2.822E-03  1.135E+03  9.126E-02
