* Radex version        : 30nov2011
* Geometry             : Uniform sphere
* Molecular data file  : ./data/co.dat                                                                   
* T(kin)            [K]:   25.000
* Density of H2  [cm-3]:  6.310E+03
* Density of pH2 [cm-3]:  1.577E+03
* Density of oH2 [cm-3]:  4.732E+03
* T(background)     [K]:   13.800
* Column density [cm-2]:  9.736E+18
* Line width     [km/s]:   50.000
Calculation finished in   30 iterations
      LINE         E_UP       FREQ        WAVEL     T_EX      TAU        T_R       POP        POP       FLUX        FLUX
                   (K)        (GHz)       (um)      (K)                  (K)        UP        LOW      (K*km/s) (erg/cm2/s)
1      -- 0          5.5    115.2712   2600.7576   24.678  6.253E+00  1.078E+01  2.698E-01  1.125E-01  5.736E+02  1.131E-05
2      -- 1         16.6    230.5380   1300.4037   24.482  1.808E+01  1.037E+01  2.862E-01  2.698E-01  5.517E+02  8.705E-05
3      -- 2         33.2    345.7960    866.9634   24.027  2.367E+01  9.550E+00  2.008E-01  2.862E-01  5.083E+02  2.707E-04
4      -- 3         55.3    461.0408    650.2515   22.601  1.976E+01  7.741E+00  9.701E-02  2.008E-01  4.120E+02  5.200E-04
5      -- 4         83.0    576.2679    520.2310   19.512  1.124E+01  4.538E+00  2.873E-02  9.701E-02  2.415E+02  5.953E-04
6      -- 5        116.2    691.4731    433.5562   16.275  3.744E+00  1.632E+00  4.419E-03  2.873E-02  8.687E+01  3.699E-04
7      -- 6        154.9    806.6518    371.6504   15.138  6.014E-01  3.436E-01  3.952E-04  4.419E-03  1.829E+01  1.236E-04
8      -- 7        199.1    921.7997    325.2252   15.250  5.441E-02  3.732E-02  2.462E-05  3.952E-04  1.986E+00  2.004E-05
9      -- 8        248.9   1036.9124    289.1203   15.709  3.399E-03  2.706E-03  1.158E-06  2.462E-05  1.440E-01  2.068E-06
10     -- 9        304.2   1151.9855    260.2398   16.379  1.596E-04  1.489E-04  4.380E-08  1.158E-06  7.925E-03  1.560E-07
11     -- 10       365.0   1267.0145    236.6133   17.168  6.013E-06  6.389E-06  1.389E-09  4.380E-08  3.400E-04  8.907E-09
12     -- 11       431.3   1381.9951    216.9273   18.019  1.897E-07  2.215E-07  3.805E-11  1.389E-09  1.179E-05  4.008E-10
13     -- 12       503.1   1496.9229    200.2725   18.807  5.169E-09  6.278E-09  9.011E-13  3.805E-11  3.342E-07  1.444E-11
14     -- 13       580.5   1611.7935    185.9993   19.310  1.219E-10  1.401E-10  1.762E-14  9.011E-13  7.455E-09  4.020E-13
15     -- 14       663.4   1726.6025    173.6314   19.592  2.372E-12  2.418E-12  2.743E-16  1.762E-14  1.287E-10  8.531E-15
16     -- 15       751.7   1841.3455    162.8116   19.824  3.670E-14  3.269E-14  3.427E-18  2.743E-16  1.740E-12  1.399E-16
