* Radex version        : 30nov2011
* Geometry             : Uniform sphere
* Molecular data file  : ./data/co.dat                                                                   
* T(kin)            [K]:  200.000
* Density of H2  [cm-3]:  7.943E+03
* Density of pH2 [cm-3]:  1.986E+03
* Density of oH2 [cm-3]:  5.957E+03
* T(background)     [K]:   13.800
* Column density [cm-2]:  1.226E+19
* Line width     [km/s]:   50.000
Calculation finished in   35 iterations
      LINE         E_UP       FREQ        WAVEL     T_EX      TAU        T_R       POP        POP       FLUX        FLUX
                   (K)        (GHz)       (um)      (K)                  (K)        UP        LOW      (K*km/s) (erg/cm2/s)
1      -- 0          5.5    115.2712   2600.7576 -257.923 -2.151E-01  6.524E+01  8.729E-02  2.848E-02  3.472E+03  6.850E-05
2      -- 1         16.6    230.5380   1300.4037  140.886  1.530E+00  9.905E+01  1.345E-01  8.729E-02  5.272E+03  8.318E-04
3      -- 2         33.2    345.7960    866.9634  113.400  3.822E+00  9.603E+01  1.627E-01  1.345E-01  5.111E+03  2.722E-03
4      -- 3         55.3    461.0408    650.2515  103.860  6.193E+00  8.744E+01  1.690E-01  1.627E-01  4.654E+03  5.873E-03
5      -- 4         83.0    576.2679    520.2310   94.330  8.268E+00  7.685E+01  1.541E-01  1.690E-01  4.090E+03  1.008E-02
6      -- 5        116.2    691.4731    433.5562   83.000  9.576E+00  6.421E+01  1.221E-01  1.541E-01  3.418E+03  1.455E-02
7      -- 6        154.9    806.6518    371.6504   69.803  9.651E+00  4.973E+01  8.089E-02  1.221E-01  2.647E+03  1.789E-02
8      -- 7        199.1    921.7997    325.2252   55.873  8.114E+00  3.476E+01  4.153E-02  8.089E-02  1.850E+03  1.866E-02
9      -- 8        248.9   1036.9124    289.1203   43.281  5.148E+00  2.155E+01  1.470E-02  4.153E-02  1.147E+03  1.647E-02
10     -- 9        304.2   1151.9855    260.2398   35.977  2.072E+00  1.235E+01  3.495E-03  1.470E-02  6.571E+02  1.294E-02
11     -- 10       365.0   1267.0145    236.6133   40.156  4.853E-01  6.304E+00  8.420E-04  3.495E-03  3.355E+02  8.789E-03
12     -- 11       431.3   1381.9951    216.9273   55.567  1.035E-01  2.783E+00  2.774E-04  8.420E-04  1.481E+02  5.035E-03
13     -- 12       503.1   1496.9229    200.2725   67.835  3.169E-02  1.177E+00  1.039E-04  2.774E-04  6.266E+01  2.707E-03
14     -- 13       580.5   1611.7935    185.9993   72.660  1.181E-02  4.746E-01  3.849E-05  1.039E-04  2.526E+01  1.362E-03
15     -- 14       663.4   1726.6025    173.6314   75.967  4.395E-03  1.829E-01  1.382E-05  3.849E-05  9.737E+00  6.454E-04
16     -- 15       751.7   1841.3455    162.8116   82.140  1.553E-03  7.072E-02  5.017E-06  1.382E-05  3.764E+00  3.027E-04
