* Radex version        : 30nov2011
* Geometry             : Uniform sphere
* Molecular data file  : ./data/co.dat                                                                   
* T(kin)            [K]:   25.000
* Density of H2  [cm-3]:  1.000E+05
* Density of pH2 [cm-3]:  2.500E+04
* Density of oH2 [cm-3]:  7.500E+04
* T(background)     [K]:   13.800
* Column density [cm-2]:  1.543E+20
* Line width     [km/s]:   50.000
Calculation finished in   30 iterations
      LINE         E_UP       FREQ        WAVEL     T_EX      TAU        T_R       POP        POP       FLUX        FLUX
                   (K)        (GHz)       (um)      (K)                  (K)        UP        LOW      (K*km/s) (erg/cm2/s)
1      -- 0          5.5    115.2712   2600.7576   24.998  9.286E+01  1.112E+01  2.565E-01  1.067E-01  5.916E+02  1.167E-05
2      -- 1         16.6    230.5380   1300.4037   24.998  2.680E+02  1.087E+01  2.746E-01  2.565E-01  5.787E+02  9.132E-05
3      -- 2         33.2    345.7960    866.9634   24.996  3.501E+02  1.048E+01  1.979E-01  2.746E-01  5.580E+02  2.971E-04
4      -- 3         55.3    461.0408    650.2515   24.991  2.904E+02  9.966E+00  1.050E-01  1.979E-01  5.304E+02  6.694E-04
5      -- 4         83.0    576.2679    520.2310   24.975  1.704E+02  9.340E+00  4.240E-02  1.050E-01  4.971E+02  1.225E-03
6      -- 5        116.2    691.4731    433.5562   24.911  7.410E+01  8.604E+00  1.322E-02  4.240E-02  4.579E+02  1.950E-03
7      -- 6        154.9    806.6518    371.6504   24.525  2.454E+01  7.568E+00  3.147E-03  1.322E-02  4.028E+02  2.723E-03
8      -- 7        199.1    921.7997    325.2252   22.130  6.282E+00  5.053E+00  4.832E-04  3.147E-03  2.690E+02  2.713E-03
9      -- 8        248.9   1036.9124    289.1203   18.953  1.024E+00  1.598E+00  3.909E-05  4.832E-04  8.506E+01  1.221E-03
10     -- 9        304.2   1151.9855    260.2398   18.995  8.356E-02  1.730E-01  2.352E-06  3.909E-05  9.208E+00  1.813E-04
11     -- 10       365.0   1267.0145    236.6133   19.505  5.038E-03  1.038E-02  1.140E-07  2.352E-06  5.524E-01  1.447E-05
12     -- 11       431.3   1381.9951    216.9273   19.859  2.443E-04  4.617E-04  4.394E-09  1.140E-07  2.457E-02  8.353E-07
13     -- 12       503.1   1496.9229    200.2725   20.230  9.395E-06  1.622E-05  1.361E-10  4.394E-09  8.631E-04  3.728E-08
14     -- 13       580.5   1611.7935    185.9993   20.394  2.906E-07  4.351E-07  3.294E-12  1.361E-10  2.316E-05  1.249E-09
15     -- 14       663.4   1726.6025    173.6314   20.545  7.005E-09  9.034E-09  6.239E-14  3.294E-12  4.808E-07  3.187E-11
16     -- 15       751.7   1841.3455    162.8116   20.745  1.320E-10  1.478E-10  9.382E-16  6.239E-14  7.866E-09  6.325E-13
