* Radex version        : 30nov2011
* Geometry             : Uniform sphere
* Molecular data file  : ./data/co.dat                                                                   
* T(kin)            [K]:  245.000
* Density of H2  [cm-3]:  1.259E+03
* Density of pH2 [cm-3]:  3.147E+02
* Density of oH2 [cm-3]:  9.442E+02
* T(background)     [K]:   13.800
* Column density [cm-2]:  1.943E+18
* Line width     [km/s]:   50.000
Calculation finished in   30 iterations
      LINE         E_UP       FREQ        WAVEL     T_EX      TAU        T_R       POP        POP       FLUX        FLUX
                   (K)        (GHz)       (um)      (K)                  (K)        UP        LOW      (K*km/s) (erg/cm2/s)
1      -- 0          5.5    115.2712   2600.7576 -223.300 -9.569E-02  2.383E+01  2.125E-01  6.911E-02  1.268E+03  2.502E-05
2      -- 1         16.6    230.5380   1300.4037   42.941  1.775E+00  2.379E+01  2.737E-01  2.125E-01  1.266E+03  1.998E-04
3      -- 2         33.2    345.7960    866.9634   33.798  3.513E+00  1.848E+01  2.345E-01  2.737E-01  9.837E+02  5.238E-04
4      -- 3         55.3    461.0408    650.2515   28.244  4.006E+00  1.280E+01  1.378E-01  2.345E-01  6.813E+02  8.598E-04
5      -- 4         83.0    576.2679    520.2310   23.904  2.882E+00  7.907E+00  5.294E-02  1.378E-01  4.208E+02  1.037E-03
6      -- 5        116.2    691.4731    433.5562   22.293  1.225E+00  4.506E+00  1.412E-02  5.294E-02  2.398E+02  1.021E-03
7      -- 6        154.9    806.6518    371.6504   25.246  3.259E-01  2.270E+00  3.516E-03  1.412E-02  1.208E+02  8.166E-04
8      -- 7        199.1    921.7997    325.2252   33.943  7.444E-02  1.049E+00  1.082E-03  3.516E-03  5.585E+01  5.634E-04
9      -- 8        248.9   1036.9124    289.1203   44.514  2.095E-02  4.723E-01  3.955E-04  1.082E-03  2.514E+01  3.609E-04
10     -- 9        304.2   1151.9855    260.2398   53.213  7.273E-03  2.120E-01  1.547E-04  3.955E-04  1.128E+01  2.221E-04
11     -- 10       365.0   1267.0145    236.6133   61.023  2.753E-03  9.576E-02  6.254E-05  1.547E-04  5.097E+00  1.335E-04
12     -- 11       431.3   1381.9951    216.9273   68.190  1.087E-03  4.322E-02  2.570E-05  6.254E-05  2.301E+00  7.820E-05
13     -- 12       503.1   1496.9229    200.2725   75.701  4.366E-04  1.963E-02  1.075E-05  2.570E-05  1.045E+00  4.514E-05
14     -- 13       580.5   1611.7935    185.9993   76.915  1.873E-04  8.304E-03  4.222E-06  1.075E-05  4.420E-01  2.383E-05
15     -- 14       663.4   1726.6025    173.6314   78.780  7.487E-05  3.315E-03  1.576E-06  4.222E-06  1.764E-01  1.170E-05
16     -- 15       751.7   1841.3455    162.8116   88.195  2.695E-05  1.378E-03  6.161E-07  1.576E-06  7.334E-02  5.897E-06
