* Radex version        : 30nov2011
* Geometry             : Uniform sphere
* Molecular data file  : ./data/co.dat                                                                   
* T(kin)            [K]:  210.000
* Density of H2  [cm-3]:  1.259E+05
* Density of pH2 [cm-3]:  3.147E+04
* Density of oH2 [cm-3]:  9.442E+04
* T(background)     [K]:   13.800
* Column density [cm-2]:  1.943E+20
* Line width     [km/s]:   50.000
Calculation finished in   40 iterations
      LINE         E_UP       FREQ        WAVEL     T_EX      TAU        T_R       POP        POP       FLUX        FLUX
                   (K)        (GHz)       (um)      (K)                  (K)        UP        LOW      (K*km/s) (erg/cm2/s)
1      -- 0          5.5    115.2712   2600.7576  213.937  1.926E+00  1.708E+02  3.996E-02  1.367E-02  9.092E+03  1.793E-04
2      -- 1         16.6    230.5380   1300.4037  207.575  7.628E+00  1.930E+02  6.314E-02  3.996E-02  1.027E+04  1.621E-03
3      -- 2         33.2    345.7960    866.9634  207.803  1.603E+01  1.925E+02  8.162E-02  6.314E-02  1.025E+04  5.456E-03
4      -- 3         55.3    461.0408    650.2515  207.617  2.595E+01  1.912E+02  9.433E-02  8.162E-02  1.018E+04  1.284E-02
5      -- 4         83.0    576.2679    520.2310  207.346  3.594E+01  1.895E+02  1.009E-01  9.433E-02  1.009E+04  2.486E-02
6      -- 5        116.2    691.4731    433.5562  206.995  4.467E+01  1.876E+02  1.016E-01  1.009E-01  9.982E+03  4.250E-02
7      -- 6        154.9    806.6518    371.6504  206.443  5.112E+01  1.852E+02  9.716E-02  1.016E-01  9.857E+03  6.663E-02
8      -- 7        199.1    921.7997    325.2252  205.691  5.465E+01  1.825E+02  8.881E-02  9.716E-02  9.713E+03  9.798E-02
9      -- 8        248.9   1036.9124    289.1203  204.612  5.512E+01  1.793E+02  7.782E-02  8.881E-02  9.546E+03  1.371E-01
10     -- 9        304.2   1151.9855    260.2398  202.973  5.281E+01  1.756E+02  6.551E-02  7.782E-02  9.344E+03  1.840E-01
11     -- 10       365.0   1267.0145    236.6133  200.782  4.829E+01  1.712E+02  5.300E-02  6.551E-02  9.110E+03  2.386E-01
12     -- 11       431.3   1381.9951    216.9273  197.423  4.228E+01  1.656E+02  4.117E-02  5.300E-02  8.812E+03  2.996E-01
13     -- 12       503.1   1496.9229    200.2725  192.217  3.558E+01  1.581E+02  3.060E-02  4.117E-02  8.417E+03  3.636E-01
14     -- 13       580.5   1611.7935    185.9993  183.501  2.893E+01  1.472E+02  2.156E-02  3.060E-02  7.837E+03  4.226E-01
15     -- 14       663.4   1726.6025    173.6314  170.459  2.262E+01  1.322E+02  1.417E-02  2.156E-02  7.035E+03  4.663E-01
16     -- 15       751.7   1841.3455    162.8116  151.703  1.691E+01  1.116E+02  8.427E-03  1.417E-02  5.942E+03  4.777E-01
