* Radex version        : 30nov2011
* Geometry             : Uniform sphere
* Molecular data file  : ./data/co.dat                                                                   
* T(kin)            [K]:  285.000
* Density of H2  [cm-3]:  5.012E+04
* Density of pH2 [cm-3]:  1.253E+04
* Density of oH2 [cm-3]:  3.759E+04
* T(background)     [K]:   13.800
* Column density [cm-2]:  7.733E+19
* Line width     [km/s]:   50.000
Calculation finished in   40 iterations
      LINE         E_UP       FREQ        WAVEL     T_EX      TAU        T_R       POP        POP       FLUX        FLUX
                   (K)        (GHz)       (um)      (K)                  (K)        UP        LOW      (K*km/s) (erg/cm2/s)
1      -- 0          5.5    115.2712   2600.7576  496.641  2.904E-01  1.216E+02  3.539E-02  1.193E-02  6.474E+03  1.277E-04
2      -- 1         16.6    230.5380   1300.4037  280.369  2.005E+00  2.301E+02  5.670E-02  3.539E-02  1.225E+04  1.932E-03
3      -- 2         33.2    345.7960    866.9634  262.217  4.579E+00  2.443E+02  7.451E-02  5.670E-02  1.301E+04  6.926E-03
4      -- 3         55.3    461.0408    650.2515  259.234  7.631E+00  2.426E+02  8.796E-02  7.451E-02  1.291E+04  1.630E-02
5      -- 4         83.0    576.2679    520.2310  256.941  1.090E+01  2.390E+02  9.654E-02  8.796E-02  1.272E+04  3.136E-02
6      -- 5        116.2    691.4731    433.5562  254.248  1.406E+01  2.347E+02  1.001E-01  9.654E-02  1.249E+04  5.319E-02
7      -- 6        154.9    806.6518    371.6504  250.144  1.682E+01  2.288E+02  9.897E-02  1.001E-01  1.218E+04  8.231E-02
8      -- 7        199.1    921.7997    325.2252  244.729  1.894E+01  2.214E+02  9.361E-02  9.897E-02  1.178E+04  1.189E-01
9      -- 8        248.9   1036.9124    289.1203  237.247  2.027E+01  2.118E+02  8.483E-02  9.361E-02  1.128E+04  1.619E-01
10     -- 9        304.2   1151.9855    260.2398  227.414  2.074E+01  1.999E+02  7.352E-02  8.483E-02  1.064E+04  2.094E-01
11     -- 10       365.0   1267.0145    236.6133  215.335  2.031E+01  1.856E+02  6.072E-02  7.352E-02  9.879E+03  2.588E-01
12     -- 11       431.3   1381.9951    216.9273  199.925  1.908E+01  1.680E+02  4.736E-02  6.072E-02  8.944E+03  3.040E-01
13     -- 12       503.1   1496.9229    200.2725  180.600  1.715E+01  1.467E+02  3.436E-02  4.736E-02  7.806E+03  3.372E-01
14     -- 13       580.5   1611.7935    185.9993  156.252  1.468E+01  1.205E+02  2.250E-02  3.436E-02  6.412E+03  3.458E-01
15     -- 14       663.4   1726.6025    173.6314  129.268  1.155E+01  9.203E+01  1.267E-02  2.250E-02  4.898E+03  3.247E-01
16     -- 15       751.7   1841.3455    162.8116  102.595  7.868E+00  6.450E+01  5.699E-03  1.267E-02  3.433E+03  2.760E-01
