* Radex version        : 30nov2011
* Geometry             : Uniform sphere
* Molecular data file  : ./data/co.dat                                                                   
* T(kin)            [K]:  255.000
* Density of H2  [cm-3]:  6.310E+05
* Density of pH2 [cm-3]:  1.577E+05
* Density of oH2 [cm-3]:  4.732E+05
* T(background)     [K]:   13.800
* Column density [cm-2]:  9.736E+20
* Line width     [km/s]:   50.000
Calculation finished in   38 iterations
      LINE         E_UP       FREQ        WAVEL     T_EX      TAU        T_R       POP        POP       FLUX        FLUX
                   (K)        (GHz)       (um)      (K)                  (K)        UP        LOW      (K*km/s) (erg/cm2/s)
1      -- 0          5.5    115.2712   2600.7576  254.929  6.444E+00  2.406E+02  3.185E-02  1.085E-02  1.280E+04  2.526E-04
2      -- 1         16.6    230.5380   1300.4037  254.837  2.494E+01  2.403E+02  5.083E-02  3.185E-02  1.279E+04  2.019E-03
3      -- 2         33.2    345.7960    866.9634  254.837  5.313E+01  2.395E+02  6.667E-02  5.083E-02  1.275E+04  6.788E-03
4      -- 3         55.3    461.0408    650.2515  254.827  8.740E+01  2.383E+02  7.860E-02  6.667E-02  1.269E+04  1.601E-02
5      -- 4         83.0    576.2679    520.2310  254.809  1.236E+02  2.369E+02  8.618E-02  7.860E-02  1.261E+04  3.108E-02
6      -- 5        116.2    691.4731    433.5562  254.791  1.577E+02  2.353E+02  8.941E-02  8.618E-02  1.252E+04  5.332E-02
7      -- 6        154.9    806.6518    371.6504  254.759  1.859E+02  2.334E+02  8.862E-02  8.941E-02  1.242E+04  8.397E-02
8      -- 7        199.1    921.7997    325.2252  254.718  2.058E+02  2.314E+02  8.443E-02  8.862E-02  1.231E+04  1.242E-01
9      -- 8        248.9   1036.9124    289.1203  254.659  2.159E+02  2.292E+02  7.761E-02  8.443E-02  1.220E+04  1.752E-01
10     -- 9        304.2   1151.9855    260.2398  254.571  2.161E+02  2.269E+02  6.903E-02  7.761E-02  1.208E+04  2.378E-01
11     -- 10       365.0   1267.0145    236.6133  254.470  2.075E+02  2.245E+02  5.954E-02  6.903E-02  1.195E+04  3.130E-01
12     -- 11       431.3   1381.9951    216.9273  254.323  1.915E+02  2.221E+02  4.986E-02  5.954E-02  1.182E+04  4.017E-01
13     -- 12       503.1   1496.9229    200.2725  254.141  1.705E+02  2.195E+02  4.059E-02  4.986E-02  1.168E+04  5.047E-01
14     -- 13       580.5   1611.7935    185.9993  253.795  1.469E+02  2.168E+02  3.214E-02  4.059E-02  1.154E+04  6.222E-01
15     -- 14       663.4   1726.6025    173.6314  253.334  1.225E+02  2.140E+02  2.477E-02  3.214E-02  1.139E+04  7.549E-01
16     -- 15       751.7   1841.3455    162.8116  252.627  9.902E+01  2.109E+02  1.859E-02  2.477E-02  1.122E+04  9.024E-01
