* Radex version        : 30nov2011
* Geometry             : Uniform sphere
* Molecular data file  : ./data/co.dat                                                                   
* T(kin)            [K]:  205.000
* Density of H2  [cm-3]:  1.585E+06
* Density of pH2 [cm-3]:  3.962E+05
* Density of oH2 [cm-3]:  1.189E+06
* T(background)     [K]:    2.725
* Column density [cm-2]:  1.565E+22
* Line width     [km/s]:   50.000
Calculation finished in   35 iterations
      LINE         E_UP       FREQ        WAVEL     T_EX      TAU        T_R       POP        POP       FLUX        FLUX
                   (K)        (GHz)       (um)      (K)                  (K)        UP        LOW      (K*km/s) (erg/cm2/s)
1      -- 0          5.5    115.2712   2600.7576  204.998  1.590E+02  2.014E+02  3.921E-02  1.343E-02  1.072E+04  2.115E-04
2      -- 1         16.6    230.5380   1300.4037  204.998  6.105E+02  1.993E+02  6.192E-02  3.921E-02  1.061E+04  1.674E-03
3      -- 2         33.2    345.7960    866.9634  204.998  1.283E+03  1.968E+02  7.994E-02  6.192E-02  1.047E+04  5.577E-03
4      -- 3         55.3    461.0408    650.2515  204.998  2.072E+03  1.941E+02  9.227E-02  7.994E-02  1.033E+04  1.304E-02
5      -- 4         83.0    576.2679    520.2310  204.997  2.863E+03  1.915E+02  9.854E-02  9.227E-02  1.019E+04  2.512E-02
6      -- 5        116.2    691.4731    433.5562  204.997  3.547E+03  1.889E+02  9.905E-02  9.854E-02  1.005E+04  4.280E-02
7      -- 6        154.9    806.6518    371.6504  204.996  4.042E+03  1.862E+02  9.462E-02  9.905E-02  9.913E+03  6.701E-02
8      -- 7        199.1    921.7997    325.2252  204.996  4.301E+03  1.837E+02  8.642E-02  9.462E-02  9.776E+03  9.861E-02
9      -- 8        248.9   1036.9124    289.1203  204.995  4.315E+03  1.811E+02  7.577E-02  8.642E-02  9.640E+03  1.384E-01
10     -- 9        304.2   1151.9855    260.2398  204.993  4.107E+03  1.786E+02  6.395E-02  7.577E-02  9.505E+03  1.871E-01
11     -- 10       365.0   1267.0145    236.6133  204.991  3.731E+03  1.761E+02  5.206E-02  6.395E-02  9.372E+03  2.455E-01
12     -- 11       431.3   1381.9951    216.9273  204.987  3.242E+03  1.736E+02  4.095E-02  5.206E-02  9.240E+03  3.141E-01
13     -- 12       503.1   1496.9229    200.2725  204.983  2.703E+03  1.712E+02  3.115E-02  4.095E-02  9.110E+03  3.935E-01
14     -- 13       580.5   1611.7935    185.9993  204.974  2.169E+03  1.687E+02  2.294E-02  3.115E-02  8.980E+03  4.843E-01
15     -- 14       663.4   1726.6025    173.6314  204.962  1.675E+03  1.663E+02  1.637E-02  2.294E-02  8.852E+03  5.868E-01
16     -- 15       751.7   1841.3455    162.8116  204.940  1.248E+03  1.639E+02  1.132E-02  1.637E-02  8.725E+03  7.015E-01
