* Radex version        : 30nov2011
* Geometry             : Uniform sphere
* Molecular data file  : ./data/co.dat                                                                   
* T(kin)            [K]:  215.000
* Density of H2  [cm-3]:  7.943E+04
* Density of pH2 [cm-3]:  1.986E+04
* Density of oH2 [cm-3]:  5.957E+04
* T(background)     [K]:   13.800
* Column density [cm-2]:  1.226E+20
* Line width     [km/s]:   50.000
Calculation finished in   40 iterations
      LINE         E_UP       FREQ        WAVEL     T_EX      TAU        T_R       POP        POP       FLUX        FLUX
                   (K)        (GHz)       (um)      (K)                  (K)        UP        LOW      (K*km/s) (erg/cm2/s)
1      -- 0          5.5    115.2712   2600.7576  231.975  1.143E+00  1.485E+02  4.078E-02  1.392E-02  7.902E+03  1.559E-04
2      -- 1         16.6    230.5380   1300.4037  209.618  4.865E+00  1.936E+02  6.447E-02  4.078E-02  1.031E+04  1.626E-03
3      -- 2         33.2    345.7960    866.9634  209.438  1.025E+01  1.941E+02  8.339E-02  6.447E-02  1.033E+04  5.502E-03
4      -- 3         55.3    461.0408    650.2515  209.033  1.662E+01  1.926E+02  9.644E-02  8.339E-02  1.025E+04  1.294E-02
5      -- 4         83.0    576.2679    520.2310  208.376  2.308E+01  1.905E+02  1.032E-01  9.644E-02  1.014E+04  2.499E-02
6      -- 5        116.2    691.4731    433.5562  207.513  2.877E+01  1.881E+02  1.040E-01  1.032E-01  1.001E+04  4.262E-02
7      -- 6        154.9    806.6518    371.6504  206.173  3.305E+01  1.849E+02  9.942E-02  1.040E-01  9.843E+03  6.653E-02
8      -- 7        199.1    921.7997    325.2252  204.329  3.549E+01  1.811E+02  9.074E-02  9.942E-02  9.641E+03  9.725E-02
9      -- 8        248.9   1036.9124    289.1203  201.660  3.600E+01  1.764E+02  7.924E-02  9.074E-02  9.389E+03  1.348E-01
10     -- 9        304.2   1151.9855    260.2398  197.699  3.471E+01  1.703E+02  6.621E-02  7.924E-02  9.065E+03  1.785E-01
11     -- 10       365.0   1267.0145    236.6133  192.274  3.195E+01  1.627E+02  5.286E-02  6.621E-02  8.661E+03  2.269E-01
12     -- 11       431.3   1381.9951    216.9273  184.232  2.819E+01  1.525E+02  4.008E-02  5.286E-02  8.117E+03  2.759E-01
13     -- 12       503.1   1496.9229    200.2725  172.477  2.388E+01  1.386E+02  2.854E-02  4.008E-02  7.379E+03  3.188E-01
14     -- 13       580.5   1611.7935    185.9993  155.460  1.941E+01  1.197E+02  1.864E-02  2.854E-02  6.371E+03  3.435E-01
15     -- 14       663.4   1726.6025    173.6314  133.642  1.481E+01  9.626E+01  1.072E-02  1.864E-02  5.123E+03  3.396E-01
16     -- 15       751.7   1841.3455    162.8116  108.456  1.018E+01  7.006E+01  5.051E-03  1.072E-02  3.729E+03  2.998E-01
