* Radex version        : 30nov2011
* Geometry             : Uniform sphere
* Molecular data file  : ./data/co.dat                                                                   
* T(kin)            [K]:  205.000
* Density of H2  [cm-3]:  7.943E+03
* Density of pH2 [cm-3]:  1.986E+03
* Density of oH2 [cm-3]:  5.957E+03
* T(background)     [K]:   13.800
* Column density [cm-2]:  1.226E+19
* Line width     [km/s]:   50.000
Calculation finished in   35 iterations
      LINE         E_UP       FREQ        WAVEL     T_EX      TAU        T_R       POP        POP       FLUX        FLUX
                   (K)        (GHz)       (um)      (K)                  (K)        UP        LOW      (K*km/s) (erg/cm2/s)
1      -- 0          5.5    115.2712   2600.7576 -235.643 -2.326E-01  6.537E+01  8.634E-02  2.811E-02  3.479E+03  6.863E-05
2      -- 1         16.6    230.5380   1300.4037  144.518  1.477E+00  1.003E+02  1.333E-01  8.634E-02  5.341E+03  8.428E-04
3      -- 2         33.2    345.7960    866.9634  115.101  3.735E+00  9.749E+01  1.615E-01  1.333E-01  5.189E+03  2.763E-03
4      -- 3         55.3    461.0408    650.2515  105.267  6.076E+00  8.881E+01  1.683E-01  1.615E-01  4.727E+03  5.966E-03
5      -- 4         83.0    576.2679    520.2310   95.627  8.139E+00  7.813E+01  1.541E-01  1.683E-01  4.159E+03  1.025E-02
6      -- 5        116.2    691.4731    433.5562   84.235  9.461E+00  6.543E+01  1.228E-01  1.541E-01  3.482E+03  1.483E-02
7      -- 6        154.9    806.6518    371.6504   70.962  9.588E+00  5.086E+01  8.211E-02  1.228E-01  2.707E+03  1.830E-02
8      -- 7        199.1    921.7997    325.2252   56.933  8.135E+00  3.577E+01  4.278E-02  8.211E-02  1.904E+03  1.920E-02
9      -- 8        248.9   1036.9124    289.1203   44.160  5.246E+00  2.235E+01  1.549E-02  4.278E-02  1.189E+03  1.708E-02
10     -- 9        304.2   1151.9855    260.2398   36.516  2.170E+00  1.291E+01  3.768E-03  1.549E-02  6.869E+02  1.352E-02
11     -- 10       365.0   1267.0145    236.6133   40.214  5.228E-01  6.695E+00  9.097E-04  3.768E-03  3.564E+02  9.334E-03
12     -- 11       431.3   1381.9951    216.9273   55.668  1.117E-01  3.001E+00  3.004E-04  9.097E-04  1.597E+02  5.430E-03
13     -- 12       503.1   1496.9229    200.2725   68.475  3.413E-02  1.286E+00  1.136E-04  3.004E-04  6.845E+01  2.957E-03
14     -- 13       580.5   1611.7935    185.9993   73.487  1.283E-02  5.250E-01  4.259E-05  1.136E-04  2.794E+01  1.507E-03
15     -- 14       663.4   1726.6025    173.6314   76.896  4.831E-03  2.051E-01  1.550E-05  4.259E-05  1.092E+01  7.237E-04
16     -- 15       751.7   1841.3455    162.8116   83.272  1.728E-03  8.047E-02  5.709E-06  1.550E-05  4.283E+00  3.444E-04
