* Radex version        : 30nov2011
* Geometry             : Uniform sphere
* Molecular data file  : ./data/co.dat                                                                   
* T(kin)            [K]:  200.000
* Density of H2  [cm-3]:  7.943E+05
* Density of pH2 [cm-3]:  1.986E+05
* Density of oH2 [cm-3]:  5.957E+05
* T(background)     [K]:   13.800
* Column density [cm-2]:  1.226E+21
* Line width     [km/s]:   50.000
Calculation finished in   36 iterations
      LINE         E_UP       FREQ        WAVEL     T_EX      TAU        T_R       POP        POP       FLUX        FLUX
                   (K)        (GHz)       (um)      (K)                  (K)        UP        LOW      (K*km/s) (erg/cm2/s)
1      -- 0          5.5    115.2712   2600.7576  199.957  1.310E+01  1.860E+02  4.023E-02  1.379E-02  9.899E+03  1.953E-04
2      -- 1         16.6    230.5380   1300.4037  199.951  5.025E+01  1.855E+02  6.344E-02  4.023E-02  9.872E+03  1.558E-03
3      -- 2         33.2    345.7960    866.9634  199.949  1.055E+02  1.846E+02  8.175E-02  6.344E-02  9.827E+03  5.233E-03
4      -- 3         55.3    461.0408    650.2515  199.945  1.699E+02  1.835E+02  9.409E-02  8.175E-02  9.767E+03  1.233E-02
5      -- 4         83.0    576.2679    520.2310  199.938  2.340E+02  1.821E+02  1.001E-01  9.409E-02  9.693E+03  2.389E-02
6      -- 5        116.2    691.4731    433.5562  199.929  2.888E+02  1.805E+02  1.003E-01  1.001E-01  9.607E+03  4.091E-02
7      -- 6        154.9    806.6518    371.6504  199.916  3.278E+02  1.787E+02  9.531E-02  1.003E-01  9.511E+03  6.429E-02
8      -- 7        199.1    921.7997    325.2252  199.897  3.470E+02  1.767E+02  8.657E-02  9.531E-02  9.406E+03  9.488E-02
9      -- 8        248.9   1036.9124    289.1203  199.870  3.461E+02  1.746E+02  7.543E-02  8.657E-02  9.295E+03  1.335E-01
10     -- 9        304.2   1151.9855    260.2398  199.827  3.274E+02  1.724E+02  6.322E-02  7.543E-02  9.178E+03  1.807E-01
11     -- 10       365.0   1267.0145    236.6133  199.773  2.953E+02  1.702E+02  5.107E-02  6.322E-02  9.057E+03  2.372E-01
12     -- 11       431.3   1381.9951    216.9273  199.689  2.546E+02  1.678E+02  3.982E-02  5.107E-02  8.932E+03  3.036E-01
13     -- 12       503.1   1496.9229    200.2725  199.567  2.105E+02  1.654E+02  3.001E-02  3.982E-02  8.803E+03  3.803E-01
14     -- 13       580.5   1611.7935    185.9993  199.351  1.674E+02  1.629E+02  2.186E-02  3.001E-02  8.669E+03  4.675E-01
15     -- 14       663.4   1726.6025    173.6314  199.031  1.280E+02  1.603E+02  1.541E-02  2.186E-02  8.530E+03  5.654E-01
16     -- 15       751.7   1841.3455    162.8116  198.469  9.442E+01  1.574E+02  1.051E-02  1.541E-02  8.378E+03  6.736E-01
