* Radex version        : 30nov2011
* Geometry             : Uniform sphere
* Molecular data file  : ./data/co.dat                                                                   
* T(kin)            [K]:  210.000
* Density of H2  [cm-3]:  1.000E+02
* Density of pH2 [cm-3]:  2.500E+01
* Density of oH2 [cm-3]:  7.500E+01
* T(background)     [K]:   13.800
* Column density [cm-2]:  1.543E+17
* Line width     [km/s]:   50.000
Calculation finished in   15 iterations
      LINE         E_UP       FREQ        WAVEL     T_EX      TAU        T_R       POP        POP       FLUX        FLUX
                   (K)        (GHz)       (um)      (K)                  (K)        UP        LOW      (K*km/s) (erg/cm2/s)
1      -- 0          5.5    115.2712   2600.7576   17.249  2.029E-01  6.267E-01  3.672E-01  1.687E-01  3.336E+01  6.580E-07
2      -- 1         16.6    230.5380   1300.4037   14.870  5.629E-01  4.384E-01  2.908E-01  3.672E-01  2.333E+01  3.682E-06
3      -- 2         33.2    345.7960    866.9634   14.479  5.212E-01  2.461E-01  1.294E-01  2.908E-01  1.310E+01  6.974E-06
4      -- 3         55.3    461.0408    650.2515   14.441  2.534E-01  1.174E-01  3.594E-02  1.294E-01  6.251E+00  7.888E-06
5      -- 4         83.0    576.2679    520.2310   14.754  7.376E-02  5.008E-02  6.741E-03  3.594E-02  2.665E+00  6.569E-06
6      -- 5        116.2    691.4731    433.5562   16.015  1.399E-02  2.065E-02  1.003E-03  6.741E-03  1.099E+00  4.681E-06
7      -- 6        154.9    806.6518    371.6504   20.325  1.996E-03  8.533E-03  1.723E-04  1.003E-03  4.541E-01  3.070E-06
8      -- 7        199.1    921.7997    325.2252   30.574  3.042E-04  3.572E-03  4.595E-05  1.723E-04  1.901E-01  1.918E-06
9      -- 8        248.9   1036.9124    289.1203   41.955  7.289E-05  1.494E-03  1.568E-05  4.595E-05  7.949E-02  1.141E-06
10     -- 9        304.2   1151.9855    260.2398   49.891  2.375E-05  6.228E-04  5.723E-06  1.568E-05  3.315E-02  6.526E-07
11     -- 10       365.0   1267.0145    236.6133   56.712  8.436E-06  2.606E-04  2.145E-06  5.723E-06  1.387E-02  3.633E-07
12     -- 11       431.3   1381.9951    216.9273   62.456  3.117E-06  1.076E-04  8.063E-07  2.145E-06  5.724E-03  1.946E-07
13     -- 12       503.1   1496.9229    200.2725   69.608  1.143E-06  4.498E-05  3.102E-07  8.063E-07  2.394E-03  1.034E-07
14     -- 13       580.5   1611.7935    185.9993   69.973  4.532E-07  1.722E-05  1.103E-07  3.102E-07  9.165E-04  4.942E-08
15     -- 14       663.4   1726.6025    173.6314   70.897  1.646E-07  6.116E-06  3.664E-08  1.103E-07  3.255E-04  2.158E-08
16     -- 15       751.7   1841.3455    162.8116   79.950  5.261E-08  2.293E-06  1.292E-08  3.664E-08  1.221E-04  9.815E-09
