* Radex version        : 30nov2011
* Geometry             : Uniform sphere
* Molecular data file  : ./data/co.dat                                                                   
* T(kin)            [K]:  275.000
* Density of H2  [cm-3]:  1.259E+02
* Density of pH2 [cm-3]:  3.147E+01
* Density of oH2 [cm-3]:  9.442E+01
* T(background)     [K]:   13.800
* Column density [cm-2]:  1.943E+17
* Line width     [km/s]:   50.000
Calculation finished in   19 iterations
      LINE         E_UP       FREQ        WAVEL     T_EX      TAU        T_R       POP        POP       FLUX        FLUX
                   (K)        (GHz)       (um)      (K)                  (K)        UP        LOW      (K*km/s) (erg/cm2/s)
1      -- 0          5.5    115.2712   2600.7576   19.317  2.206E-01  1.082E+00  3.615E-01  1.605E-01  5.758E+01  1.136E-06
2      -- 1         16.6    230.5380   1300.4037   15.461  6.795E-01  7.810E-01  2.946E-01  3.615E-01  4.157E+01  6.559E-06
3      -- 2         33.2    345.7960    866.9634   14.858  6.555E-01  4.553E-01  1.350E-01  2.946E-01  2.423E+01  1.291E-05
4      -- 3         55.3    461.0408    650.2515   14.797  3.293E-01  2.299E-01  3.890E-02  1.350E-01  1.224E+01  1.544E-05
5      -- 4         83.0    576.2679    520.2310   15.287  9.925E-02  1.048E-01  7.787E-03  3.890E-02  5.576E+00  1.374E-05
6      -- 5        116.2    691.4731    433.5562   17.248  1.988E-02  4.684E-02  1.344E-03  7.787E-03  2.493E+00  1.062E-05
7      -- 6        154.9    806.6518    371.6504   23.304  3.204E-03  2.106E-02  2.945E-04  1.344E-03  1.121E+00  7.576E-06
8      -- 7        199.1    921.7997    325.2252   35.330  6.112E-04  9.679E-03  9.540E-05  2.945E-04  5.152E-01  5.196E-06
9      -- 8        248.9   1036.9124    289.1203   46.785  1.796E-04  4.462E-03  3.681E-05  9.540E-05  2.375E-01  3.410E-06
10     -- 9        304.2   1151.9855    260.2398   55.414  6.612E-05  2.067E-03  1.500E-05  3.681E-05  1.100E-01  2.166E-06
11     -- 10       365.0   1267.0145    236.6133   63.753  2.601E-05  9.718E-04  6.329E-06  1.500E-05  5.172E-02  1.355E-06
12     -- 11       431.3   1381.9951    216.9273   70.881  1.075E-05  4.545E-04  2.699E-06  6.329E-06  2.419E-02  8.223E-07
13     -- 12       503.1   1496.9229    200.2725   79.001  4.467E-06  2.147E-04  1.174E-06  2.699E-06  1.143E-02  4.936E-07
14     -- 13       580.5   1611.7935    185.9993   78.947  2.016E-06  9.314E-05  4.733E-07  1.174E-06  4.957E-03  2.673E-07
15     -- 14       663.4   1726.6025    173.6314   80.358  8.300E-07  3.795E-05  1.804E-07  4.733E-07  2.020E-03  1.339E-07
16     -- 15       751.7   1841.3455    162.8116   91.501  3.019E-07  1.636E-05  7.312E-08  1.804E-07  8.706E-04  6.999E-08
