* Radex version        : 30nov2011
* Geometry             : Uniform sphere
* Molecular data file  : ./data/co.dat                                                                   
* T(kin)            [K]:  265.000
* Density of H2  [cm-3]:  5.012E+05
* Density of pH2 [cm-3]:  1.253E+05
* Density of oH2 [cm-3]:  3.759E+05
* T(background)     [K]:   13.800
* Column density [cm-2]:  7.733E+20
* Line width     [km/s]:   50.000
Calculation finished in   38 iterations
      LINE         E_UP       FREQ        WAVEL     T_EX      TAU        T_R       POP        POP       FLUX        FLUX
                   (K)        (GHz)       (um)      (K)                  (K)        UP        LOW      (K*km/s) (erg/cm2/s)
1      -- 0          5.5    115.2712   2600.7576  264.999  4.753E+00  2.489E+02  3.076E-02  1.047E-02  1.325E+04  2.613E-04
2      -- 1         16.6    230.5380   1300.4037  264.700  1.843E+01  2.502E+02  4.916E-02  3.076E-02  1.332E+04  2.101E-03
3      -- 2         33.2    345.7960    866.9634  264.712  3.934E+01  2.494E+02  6.464E-02  4.916E-02  1.327E+04  7.068E-03
4      -- 3         55.3    461.0408    650.2515  264.695  6.490E+01  2.482E+02  7.645E-02  6.464E-02  1.321E+04  1.667E-02
5      -- 4         83.0    576.2679    520.2310  264.666  9.214E+01  2.468E+02  8.416E-02  7.645E-02  1.313E+04  3.237E-02
6      -- 5        116.2    691.4731    433.5562  264.635  1.180E+02  2.451E+02  8.774E-02  8.416E-02  1.305E+04  5.554E-02
7      -- 6        154.9    806.6518    371.6504  264.580  1.400E+02  2.432E+02  8.746E-02  8.774E-02  1.294E+04  8.750E-02
8      -- 7        199.1    921.7997    325.2252  264.513  1.559E+02  2.411E+02  8.386E-02  8.746E-02  1.283E+04  1.295E-01
9      -- 8        248.9   1036.9124    289.1203  264.415  1.647E+02  2.389E+02  7.765E-02  8.386E-02  1.272E+04  1.826E-01
10     -- 9        304.2   1151.9855    260.2398  264.269  1.661E+02  2.366E+02  6.962E-02  7.765E-02  1.259E+04  2.479E-01
11     -- 10       365.0   1267.0145    236.6133  264.105  1.608E+02  2.341E+02  6.057E-02  6.962E-02  1.246E+04  3.264E-01
12     -- 11       431.3   1381.9951    216.9273  263.868  1.498E+02  2.315E+02  5.120E-02  6.057E-02  1.232E+04  4.189E-01
13     -- 12       503.1   1496.9229    200.2725  263.580  1.348E+02  2.289E+02  4.211E-02  5.120E-02  1.218E+04  5.263E-01
14     -- 13       580.5   1611.7935    185.9993  263.025  1.174E+02  2.260E+02  3.370E-02  4.211E-02  1.203E+04  6.485E-01
15     -- 14       663.4   1726.6025    173.6314  262.301  9.905E+01  2.228E+02  2.627E-02  3.370E-02  1.186E+04  7.862E-01
16     -- 15       751.7   1841.3455    162.8116  261.199  8.110E+01  2.194E+02  1.994E-02  2.627E-02  1.168E+04  9.387E-01
