* Radex version        : 30nov2011
* Geometry             : Uniform sphere
* Molecular data file  : ./data/co.dat                                                                   
* T(kin)            [K]:  230.000
* Density of H2  [cm-3]:  1.259E+03
* Density of pH2 [cm-3]:  3.147E+02
* Density of oH2 [cm-3]:  9.442E+02
* T(background)     [K]:   13.800
* Column density [cm-2]:  1.943E+18
* Line width     [km/s]:   50.000
Calculation finished in   30 iterations
      LINE         E_UP       FREQ        WAVEL     T_EX      TAU        T_R       POP        POP       FLUX        FLUX
                   (K)        (GHz)       (um)      (K)                  (K)        UP        LOW      (K*km/s) (erg/cm2/s)
1      -- 0          5.5    115.2712   2600.7576 -324.265 -6.713E-02  2.349E+01  2.157E-01  7.067E-02  1.250E+03  2.466E-05
2      -- 1         16.6    230.5380   1300.4037   41.783  1.845E+00  2.315E+01  2.758E-01  2.157E-01  1.232E+03  1.944E-04
3      -- 2         33.2    345.7960    866.9634   33.119  3.596E+00  1.788E+01  2.339E-01  2.758E-01  9.517E+02  5.068E-04
4      -- 3         55.3    461.0408    650.2515   27.674  4.050E+00  1.228E+01  1.352E-01  2.339E-01  6.535E+02  8.247E-04
5      -- 4         83.0    576.2679    520.2310   23.432  2.858E+00  7.498E+00  5.077E-02  1.352E-01  3.991E+02  9.835E-04
6      -- 5        116.2    691.4731    433.5562   21.906  1.184E+00  4.203E+00  1.319E-02  5.077E-02  2.237E+02  9.525E-04
7      -- 6        154.9    806.6518    371.6504   24.871  3.064E-01  2.072E+00  3.209E-03  1.319E-02  1.103E+02  7.454E-04
8      -- 7        199.1    921.7997    325.2252   33.385  6.848E-02  9.362E-01  9.666E-04  3.209E-03  4.983E+01  5.027E-04
9      -- 8        248.9   1036.9124    289.1203   43.646  1.890E-02  4.120E-01  3.454E-04  9.666E-04  2.193E+01  3.149E-04
10     -- 9        304.2   1151.9855    260.2398   52.013  6.435E-03  1.806E-01  1.319E-04  3.454E-04  9.610E+00  1.892E-04
11     -- 10       365.0   1267.0145    236.6133   59.426  2.383E-03  7.943E-02  5.192E-05  1.319E-04  4.228E+00  1.107E-04
12     -- 11       431.3   1381.9951    216.9273   66.232  9.182E-04  3.485E-02  2.073E-05  5.192E-05  1.855E+00  6.305E-05
13     -- 12       503.1   1496.9229    200.2725   73.467  3.585E-04  1.538E-02  8.421E-06  2.073E-05  8.186E-01  3.536E-05
14     -- 13       580.5   1611.7935    185.9993   74.732  1.493E-04  6.317E-03  3.213E-06  8.421E-06  3.362E-01  1.813E-05
15     -- 14       663.4   1726.6025    173.6314   76.471  5.793E-05  2.443E-03  1.162E-06  3.213E-06  1.300E-01  8.620E-06
16     -- 15       751.7   1841.3455    162.8116   85.394  2.024E-05  9.828E-04  4.395E-07  1.162E-06  5.231E-02  4.206E-06
