* Radex version        : 30nov2011
* Geometry             : Uniform sphere
* Molecular data file  : ./data/co.dat                                                                   
* T(kin)            [K]:  295.000
* Density of H2  [cm-3]:  1.585E+06
* Density of pH2 [cm-3]:  3.962E+05
* Density of oH2 [cm-3]:  1.189E+06
* T(background)     [K]:   13.800
* Column density [cm-2]:  2.445E+21
* Line width     [km/s]:   50.000
Calculation finished in   36 iterations
      LINE         E_UP       FREQ        WAVEL     T_EX      TAU        T_R       POP        POP       FLUX        FLUX
                   (K)        (GHz)       (um)      (K)                  (K)        UP        LOW      (K*km/s) (erg/cm2/s)
1      -- 0          5.5    115.2712   2600.7576  294.968  1.208E+01  2.810E+02  2.754E-02  9.352E-03  1.496E+04  2.950E-04
2      -- 1         16.6    230.5380   1300.4037  294.962  4.693E+01  2.805E+02  4.420E-02  2.754E-02  1.493E+04  2.355E-03
3      -- 2         33.2    345.7960    866.9634  294.960  1.007E+02  2.796E+02  5.850E-02  4.420E-02  1.488E+04  7.925E-03
4      -- 3         55.3    461.0408    650.2515  294.959  1.674E+02  2.785E+02  6.978E-02  5.850E-02  1.482E+04  1.870E-02
5      -- 4         83.0    576.2679    520.2310  294.955  2.399E+02  2.770E+02  7.765E-02  6.978E-02  1.475E+04  3.634E-02
6      -- 5        116.2    691.4731    433.5562  294.951  3.109E+02  2.754E+02  8.200E-02  7.765E-02  1.466E+04  6.241E-02
7      -- 6        154.9    806.6518    371.6504  294.945  3.738E+02  2.735E+02  8.298E-02  8.200E-02  1.456E+04  9.841E-02
8      -- 7        199.1    921.7997    325.2252  294.937  4.229E+02  2.715E+02  8.094E-02  8.298E-02  1.445E+04  1.458E-01
9      -- 8        248.9   1036.9124    289.1203  294.925  4.549E+02  2.694E+02  7.642E-02  8.094E-02  1.434E+04  2.058E-01
10     -- 9        304.2   1151.9855    260.2398  294.908  4.680E+02  2.671E+02  7.002E-02  7.642E-02  1.422E+04  2.799E-01
11     -- 10       365.0   1267.0145    236.6133  294.890  4.634E+02  2.648E+02  6.240E-02  7.002E-02  1.409E+04  3.692E-01
12     -- 11       431.3   1381.9951    216.9273  294.864  4.424E+02  2.624E+02  5.417E-02  6.240E-02  1.397E+04  4.747E-01
13     -- 12       503.1   1496.9229    200.2725  294.836  4.087E+02  2.600E+02  4.585E-02  5.417E-02  1.384E+04  5.977E-01
14     -- 13       580.5   1611.7935    185.9993  294.776  3.662E+02  2.575E+02  3.788E-02  4.585E-02  1.371E+04  7.391E-01
15     -- 14       663.4   1726.6025    173.6314  294.701  3.186E+02  2.550E+02  3.057E-02  3.788E-02  1.357E+04  8.997E-01
16     -- 15       751.7   1841.3455    162.8116  294.596  2.695E+02  2.525E+02  2.411E-02  3.057E-02  1.344E+04  1.080E+00
