* Radex version        : 30nov2011
* Geometry             : Uniform sphere
* Molecular data file  : ./data/co.dat                                                                   
* T(kin)            [K]:  270.000
* Density of H2  [cm-3]:  3.981E+03
* Density of pH2 [cm-3]:  9.953E+02
* Density of oH2 [cm-3]:  2.986E+03
* T(background)     [K]:   13.800
* Column density [cm-2]:  6.143E+18
* Line width     [km/s]:   50.000
Calculation finished in   34 iterations
      LINE         E_UP       FREQ        WAVEL     T_EX      TAU        T_R       POP        POP       FLUX        FLUX
                   (K)        (GHz)       (um)      (K)                  (K)        UP        LOW      (K*km/s) (erg/cm2/s)
1      -- 0          5.5    115.2712   2600.7576  -78.346 -4.411E-01  5.121E+01  1.112E-01  3.454E-02  2.726E+03  5.376E-05
2      -- 1         16.6    230.5380   1300.4037  122.945  1.113E+00  7.285E+01  1.694E-01  1.112E-01  3.877E+03  6.118E-04
3      -- 2         33.2    345.7960    866.9634   85.660  3.121E+00  6.739E+01  1.954E-01  1.694E-01  3.587E+03  1.910E-03
4      -- 3         55.3    461.0408    650.2515   74.101  5.015E+00  5.763E+01  1.863E-01  1.954E-01  3.067E+03  3.871E-03
5      -- 4         83.0    576.2679    520.2310   63.678  6.334E+00  4.646E+01  1.475E-01  1.863E-01  2.473E+03  6.094E-03
6      -- 5        116.2    691.4731    433.5562   52.932  6.494E+00  3.472E+01  9.313E-02  1.475E-01  1.848E+03  7.867E-03
7      -- 6        154.9    806.6518    371.6504   42.503  5.182E+00  2.342E+01  4.322E-02  9.313E-02  1.247E+03  8.426E-03
8      -- 7        199.1    921.7997    325.2252   34.931  2.853E+00  1.460E+01  1.380E-02  4.322E-02  7.770E+02  7.837E-03
9      -- 8        248.9   1036.9124    289.1203   34.189  9.623E-01  8.498E+00  3.599E-03  1.380E-02  4.523E+02  6.494E-03
10     -- 9        304.2   1151.9855    260.2398   44.172  2.312E-01  4.361E+00  1.138E-03  3.599E-03  2.321E+02  4.570E-03
11     -- 10       365.0   1267.0145    236.6133   59.325  6.508E-02  2.097E+00  4.471E-04  1.138E-03  1.116E+02  2.923E-03
12     -- 11       431.3   1381.9951    216.9273   70.652  2.407E-02  1.000E+00  1.901E-04  4.471E-04  5.323E+01  1.809E-03
13     -- 12       503.1   1496.9229    200.2725   79.318  9.925E-03  4.775E-01  8.299E-05  1.901E-04  2.542E+01  1.098E-03
14     -- 13       580.5   1611.7935    185.9993   82.301  4.396E-03  2.163E-01  3.482E-05  8.299E-05  1.151E+01  6.207E-04
15     -- 14       663.4   1726.6025    173.6314   85.461  1.863E-03  9.384E-02  1.412E-05  3.482E-05  4.994E+00  3.311E-04
16     -- 15       751.7   1841.3455    162.8116   94.513  7.326E-04  4.172E-02  5.899E-06  1.412E-05  2.221E+00  1.785E-04
