* Radex version        : 30nov2011
* Geometry             : Uniform sphere
* Molecular data file  : ./data/co.dat                                                                   
* T(kin)            [K]:  225.000
* Density of H2  [cm-3]:  6.310E+02
* Density of pH2 [cm-3]:  1.577E+02
* Density of oH2 [cm-3]:  4.732E+02
* T(background)     [K]:   13.800
* Column density [cm-2]:  9.736E+17
* Line width     [km/s]:   50.000
Calculation finished in   28 iterations
      LINE         E_UP       FREQ        WAVEL     T_EX      TAU        T_R       POP        POP       FLUX        FLUX
                   (K)        (GHz)       (um)      (K)                  (K)        UP        LOW      (K*km/s) (erg/cm2/s)
1      -- 0          5.5    115.2712   2600.7576   80.615  1.864E-01  1.134E+01  2.846E-01  1.016E-01  6.034E+02  1.190E-05
2      -- 1         16.6    230.5380   1300.4037   25.599  1.841E+00  9.645E+00  3.078E-01  2.846E-01  5.133E+02  8.100E-05
3      -- 2         33.2    345.7960    866.9634   21.406  2.753E+00  6.594E+00  1.985E-01  3.078E-01  3.510E+02  1.869E-04
4      -- 3         55.3    461.0408    650.2515   19.012  2.151E+00  3.953E+00  7.969E-02  1.985E-01  2.104E+02  2.656E-04
5      -- 4         83.0    576.2679    520.2310   18.201  9.520E-01  2.111E+00  2.131E-02  7.969E-02  1.124E+02  2.770E-04
6      -- 5        116.2    691.4731    433.5562   19.868  2.592E-01  1.004E+00  4.740E-03  2.131E-02  5.346E+01  2.276E-04
7      -- 6        154.9    806.6518    371.6504   25.402  5.470E-02  4.412E-01  1.191E-03  4.740E-03  2.348E+01  1.587E-04
8      -- 7        199.1    921.7997    325.2252   34.900  1.247E-02  1.916E-01  3.801E-04  1.191E-03  1.020E+01  1.029E-04
9      -- 8        248.9   1036.9124    289.1203   44.075  3.706E-03  8.283E-02  1.374E-04  3.801E-04  4.409E+00  6.330E-05
10     -- 9        304.2   1151.9855    260.2398   51.650  1.287E-03  3.580E-02  5.206E-05  1.374E-04  1.905E+00  3.751E-05
11     -- 10       365.0   1267.0145    236.6133   58.745  4.746E-04  1.554E-02  2.025E-05  5.206E-05  8.269E-01  2.166E-05
12     -- 11       431.3   1381.9951    216.9273   65.157  1.812E-04  6.700E-03  7.954E-06  2.025E-05  3.566E-01  1.212E-05
13     -- 12       503.1   1496.9229    200.2725   72.413  6.952E-05  2.915E-03  3.185E-06  7.954E-06  1.552E-01  6.703E-06
14     -- 13       580.5   1611.7935    185.9993   73.188  2.863E-05  1.171E-03  1.189E-06  3.185E-06  6.235E-02  3.362E-06
15     -- 14       663.4   1726.6025    173.6314   74.564  1.089E-05  4.407E-04  4.183E-07  1.189E-06  2.345E-02  1.555E-06
16     -- 15       751.7   1841.3455    162.8116   83.750  3.692E-06  1.737E-04  1.550E-07  4.183E-07  9.246E-03  7.434E-07
