* Radex version        : 30nov2011
* Geometry             : Uniform sphere
* Molecular data file  : ./data/co.dat                                                                   
* T(kin)            [K]:  270.000
* Density of H2  [cm-3]:  3.981E+05
* Density of pH2 [cm-3]:  9.953E+04
* Density of oH2 [cm-3]:  2.986E+05
* T(background)     [K]:   13.800
* Column density [cm-2]:  6.143E+20
* Line width     [km/s]:   50.000
Calculation finished in   39 iterations
      LINE         E_UP       FREQ        WAVEL     T_EX      TAU        T_R       POP        POP       FLUX        FLUX
                   (K)        (GHz)       (um)      (K)                  (K)        UP        LOW      (K*km/s) (erg/cm2/s)
1      -- 0          5.5    115.2712   2600.7576  270.268  3.647E+00  2.496E+02  3.031E-02  1.031E-02  1.329E+04  2.621E-04
2      -- 1         16.6    230.5380   1300.4037  269.478  1.418E+01  2.550E+02  4.848E-02  3.031E-02  1.357E+04  2.141E-03
3      -- 2         33.2    345.7960    866.9634  269.523  3.028E+01  2.542E+02  6.382E-02  4.848E-02  1.353E+04  7.204E-03
4      -- 3         55.3    461.0408    650.2515  269.493  5.002E+01  2.530E+02  7.558E-02  6.382E-02  1.347E+04  1.700E-02
5      -- 4         83.0    576.2679    520.2310  269.445  7.114E+01  2.515E+02  8.337E-02  7.558E-02  1.339E+04  3.300E-02
6      -- 5        116.2    691.4731    433.5562  269.397  9.132E+01  2.499E+02  8.711E-02  8.337E-02  1.330E+04  5.662E-02
7      -- 6        154.9    806.6518    371.6504  269.306  1.086E+02  2.479E+02  8.705E-02  8.711E-02  1.320E+04  8.920E-02
8      -- 7        199.1    921.7997    325.2252  269.199  1.213E+02  2.458E+02  8.371E-02  8.705E-02  1.308E+04  1.320E-01
9      -- 8        248.9   1036.9124    289.1203  269.039  1.285E+02  2.435E+02  7.776E-02  8.371E-02  1.296E+04  1.861E-01
10     -- 9        304.2   1151.9855    260.2398  268.804  1.301E+02  2.411E+02  6.996E-02  7.776E-02  1.283E+04  2.526E-01
11     -- 10       365.0   1267.0145    236.6133  268.541  1.265E+02  2.385E+02  6.110E-02  6.996E-02  1.270E+04  3.326E-01
12     -- 11       431.3   1381.9951    216.9273  268.165  1.184E+02  2.358E+02  5.186E-02  6.110E-02  1.255E+04  4.267E-01
13     -- 12       503.1   1496.9229    200.2725  267.704  1.070E+02  2.330E+02  4.283E-02  5.186E-02  1.240E+04  5.357E-01
14     -- 13       580.5   1611.7935    185.9993  266.830  9.369E+01  2.297E+02  3.442E-02  4.283E-02  1.223E+04  6.594E-01
15     -- 14       663.4   1726.6025    173.6314  265.675  7.949E+01  2.262E+02  2.694E-02  3.442E-02  1.204E+04  7.980E-01
16     -- 15       751.7   1841.3455    162.8116  263.937  6.549E+01  2.221E+02  2.052E-02  2.694E-02  1.182E+04  9.503E-01
