* Radex version        : 30nov2011
* Geometry             : Uniform sphere
* Molecular data file  : ./data/co.dat                                                                   
* T(kin)            [K]:  280.000
* Density of H2  [cm-3]:  2.512E+04
* Density of pH2 [cm-3]:  6.280E+03
* Density of oH2 [cm-3]:  1.884E+04
* T(background)     [K]:    2.725
* Column density [cm-2]:  2.481E+20
* Line width     [km/s]:   50.000
Calculation finished in 1790 iterations
      LINE         E_UP       FREQ        WAVEL     T_EX      TAU        T_R       POP        POP       FLUX        FLUX
                   (K)        (GHz)       (um)      (K)                  (K)        UP        LOW      (K*km/s) (erg/cm2/s)
1      -- 0          5.5    115.2712   2600.7576  322.368  1.389E+00  2.393E+02  3.416E-02  1.158E-02  1.274E+04  2.512E-04
2      -- 1         16.6    230.5380   1300.4037  262.462  6.622E+00  2.564E+02  5.458E-02  3.416E-02  1.365E+04  2.154E-03
3      -- 2         33.2    345.7960    866.9634  262.926  1.410E+01  2.547E+02  7.174E-02  5.458E-02  1.356E+04  7.218E-03
4      -- 3         55.3    461.0408    650.2515  262.300  2.330E+01  2.514E+02  8.477E-02  7.174E-02  1.338E+04  1.689E-02
5      -- 4         83.0    576.2679    520.2310  260.978  3.321E+01  2.474E+02  9.319E-02  8.477E-02  1.317E+04  3.245E-02
6      -- 5        116.2    691.4731    433.5562  259.317  4.272E+01  2.431E+02  9.690E-02  9.319E-02  1.294E+04  5.509E-02
7      -- 6        154.9    806.6518    371.6504  256.603  5.101E+01  2.377E+02  9.615E-02  9.690E-02  1.265E+04  8.553E-02
8      -- 7        199.1    921.7997    325.2252  252.998  5.725E+01  2.315E+02  9.149E-02  9.615E-02  1.232E+04  1.243E-01
9      -- 8        248.9   1036.9124    289.1203  247.864  6.110E+01  2.238E+02  8.366E-02  9.149E-02  1.191E+04  1.710E-01
10     -- 9        304.2   1151.9855    260.2398  240.914  6.234E+01  2.143E+02  7.350E-02  8.366E-02  1.141E+04  2.246E-01
11     -- 10       365.0   1267.0145    236.6133  232.222  6.100E+01  2.031E+02  6.196E-02  7.350E-02  1.081E+04  2.832E-01
12     -- 11       431.3   1381.9951    216.9273  220.622  5.743E+01  1.891E+02  4.986E-02  6.196E-02  1.007E+04  3.422E-01
13     -- 12       503.1   1496.9229    200.2725  205.286  5.210E+01  1.715E+02  3.795E-02  4.986E-02  9.126E+03  3.942E-01
14     -- 13       580.5   1611.7935    185.9993  184.425  4.563E+01  1.484E+02  2.679E-02  3.795E-02  7.901E+03  4.261E-01
15     -- 14       663.4   1726.6025    173.6314  159.478  3.779E+01  1.216E+02  1.704E-02  2.679E-02  6.473E+03  4.291E-01
16     -- 15       751.7   1841.3455    162.8116  131.822  2.871E+01  9.254E+01  9.276E-03  1.704E-02  4.925E+03  3.960E-01
