* Radex version        : 30nov2011
* Geometry             : Uniform sphere
* Molecular data file  : ./data/co.dat                                                                   
* T(kin)            [K]:  290.000
* Density of H2  [cm-3]:  3.162E+05
* Density of pH2 [cm-3]:  7.906E+04
* Density of oH2 [cm-3]:  2.372E+05
* T(background)     [K]:   13.800
* Column density [cm-2]:  4.879E+20
* Line width     [km/s]:   50.000
Calculation finished in   40 iterations
      LINE         E_UP       FREQ        WAVEL     T_EX      TAU        T_R       POP        POP       FLUX        FLUX
                   (K)        (GHz)       (um)      (K)                  (K)        UP        LOW      (K*km/s) (erg/cm2/s)
1      -- 0          5.5    115.2712   2600.7576  291.582  2.519E+00  2.552E+02  2.845E-02  9.666E-03  1.359E+04  2.680E-04
2      -- 1         16.6    230.5380   1300.4037  288.931  9.875E+00  2.744E+02  4.564E-02  2.845E-02  1.461E+04  2.305E-03
3      -- 2         33.2    345.7960    866.9634  289.082  2.116E+01  2.737E+02  6.033E-02  4.564E-02  1.457E+04  7.759E-03
4      -- 3         55.3    461.0408    650.2515  289.028  3.512E+01  2.725E+02  7.185E-02  6.033E-02  1.451E+04  1.831E-02
5      -- 4         83.0    576.2679    520.2310  288.939  5.026E+01  2.710E+02  7.980E-02  7.185E-02  1.443E+04  3.555E-02
6      -- 5        116.2    691.4731    433.5562  288.860  6.502E+01  2.693E+02  8.407E-02  7.980E-02  1.433E+04  6.103E-02
7      -- 6        154.9    806.6518    371.6504  288.699  7.801E+01  2.673E+02  8.483E-02  8.407E-02  1.423E+04  9.616E-02
8      -- 7        199.1    921.7997    325.2252  288.513  8.805E+01  2.651E+02  8.248E-02  8.483E-02  1.411E+04  1.423E-01
9      -- 8        248.9   1036.9124    289.1203  288.232  9.445E+01  2.627E+02  7.756E-02  8.248E-02  1.398E+04  2.007E-01
10     -- 9        304.2   1151.9855    260.2398  287.830  9.689E+01  2.600E+02  7.075E-02  7.756E-02  1.384E+04  2.725E-01
11     -- 10       365.0   1267.0145    236.6133  287.390  9.560E+01  2.573E+02  6.271E-02  7.075E-02  1.370E+04  3.587E-01
12     -- 11       431.3   1381.9951    216.9273  286.775  9.092E+01  2.543E+02  5.409E-02  6.271E-02  1.354E+04  4.602E-01
13     -- 12       503.1   1496.9229    200.2725  286.044  8.363E+01  2.512E+02  4.544E-02  5.409E-02  1.337E+04  5.776E-01
14     -- 13       580.5   1611.7935    185.9993  284.621  7.467E+01  2.474E+02  3.719E-02  4.544E-02  1.317E+04  7.101E-01
15     -- 14       663.4   1726.6025    173.6314  282.780  6.467E+01  2.432E+02  2.966E-02  3.719E-02  1.294E+04  8.579E-01
16     -- 15       751.7   1841.3455    162.8116  280.108  5.446E+01  2.381E+02  2.303E-02  2.966E-02  1.267E+04  1.019E+00
