* Radex version        : 30nov2011
* Geometry             : Uniform sphere
* Molecular data file  : ./data/co.dat                                                                   
* T(kin)            [K]:  280.000
* Density of H2  [cm-3]:  3.162E+05
* Density of pH2 [cm-3]:  7.906E+04
* Density of oH2 [cm-3]:  2.372E+05
* T(background)     [K]:   13.800
* Column density [cm-2]:  4.879E+20
* Line width     [km/s]:   50.000
Calculation finished in   39 iterations
      LINE         E_UP       FREQ        WAVEL     T_EX      TAU        T_R       POP        POP       FLUX        FLUX
                   (K)        (GHz)       (um)      (K)                  (K)        UP        LOW      (K*km/s) (erg/cm2/s)
1      -- 0          5.5    115.2712   2600.7576  281.195  2.701E+00  2.493E+02  2.942E-02  1.000E-02  1.327E+04  2.617E-04
2      -- 1         16.6    230.5380   1300.4037  279.044  1.056E+01  2.645E+02  4.712E-02  2.942E-02  1.408E+04  2.222E-03
3      -- 2         33.2    345.7960    866.9634  279.169  2.260E+01  2.638E+02  6.216E-02  4.712E-02  1.404E+04  7.478E-03
4      -- 3         55.3    461.0408    650.2515  279.118  3.742E+01  2.626E+02  7.383E-02  6.216E-02  1.398E+04  1.764E-02
5      -- 4         83.0    576.2679    520.2310  279.035  5.340E+01  2.611E+02  8.172E-02  7.383E-02  1.390E+04  3.425E-02
6      -- 5        116.2    691.4731    433.5562  278.958  6.882E+01  2.594E+02  8.575E-02  8.172E-02  1.381E+04  5.879E-02
7      -- 6        154.9    806.6518    371.6504  278.807  8.219E+01  2.574E+02  8.612E-02  8.575E-02  1.370E+04  9.261E-02
8      -- 7        199.1    921.7997    325.2252  278.629  9.230E+01  2.552E+02  8.327E-02  8.612E-02  1.358E+04  1.370E-01
9      -- 8        248.9   1036.9124    289.1203  278.365  9.845E+01  2.528E+02  7.783E-02  8.327E-02  1.346E+04  1.932E-01
10     -- 9        304.2   1151.9855    260.2398  277.975  1.003E+02  2.502E+02  7.051E-02  7.783E-02  1.332E+04  2.622E-01
11     -- 10       365.0   1267.0145    236.6133  277.553  9.830E+01  2.475E+02  6.203E-02  7.051E-02  1.317E+04  3.451E-01
12     -- 11       431.3   1381.9951    216.9273  276.949  9.276E+01  2.446E+02  5.306E-02  6.203E-02  1.302E+04  4.425E-01
13     -- 12       503.1   1496.9229    200.2725  276.217  8.460E+01  2.415E+02  4.418E-02  5.306E-02  1.285E+04  5.552E-01
14     -- 13       580.5   1611.7935    185.9993  274.816  7.485E+01  2.377E+02  3.581E-02  4.418E-02  1.265E+04  6.821E-01
15     -- 14       663.4   1726.6025    173.6314  272.978  6.419E+01  2.334E+02  2.826E-02  3.581E-02  1.242E+04  8.236E-01
16     -- 15       751.7   1841.3455    162.8116  270.250  5.350E+01  2.283E+02  2.169E-02  2.826E-02  1.215E+04  9.771E-01
