* Radex version        : 30nov2011
* Geometry             : Uniform sphere
* Molecular data file  : ./data/co.dat                                                                   
* T(kin)            [K]:  250.000
* Density of H2  [cm-3]:  6.310E+02
* Density of pH2 [cm-3]:  1.577E+02
* Density of oH2 [cm-3]:  4.732E+02
* T(background)     [K]:   13.800
* Column density [cm-2]:  9.736E+17
* Line width     [km/s]:   50.000
Calculation finished in   28 iterations
      LINE         E_UP       FREQ        WAVEL     T_EX      TAU        T_R       POP        POP       FLUX        FLUX
                   (K)        (GHz)       (um)      (K)                  (K)        UP        LOW      (K*km/s) (erg/cm2/s)
1      -- 0          5.5    115.2712   2600.7576   98.292  1.496E-01  1.172E+01  2.801E-01  9.878E-02  6.236E+02  1.230E-05
2      -- 1         16.6    230.5380   1300.4037   26.357  1.770E+00  1.013E+01  3.068E-01  2.801E-01  5.393E+02  8.509E-05
3      -- 2         33.2    345.7960    866.9634   21.895  2.703E+00  7.006E+00  2.013E-01  3.068E-01  3.729E+02  1.986E-04
4      -- 3         55.3    461.0408    650.2515   19.406  2.158E+00  4.269E+00  8.276E-02  2.013E-01  2.272E+02  2.868E-04
5      -- 4         83.0    576.2679    520.2310   18.551  9.806E-01  2.331E+00  2.278E-02  8.276E-02  1.240E+02  3.057E-04
6      -- 5        116.2    691.4731    433.5562   20.327  2.745E-01  1.144E+00  5.260E-03  2.278E-02  6.091E+01  2.593E-04
7      -- 6        154.9    806.6518    371.6504   26.184  5.991E-02  5.198E-01  1.384E-03  5.260E-03  2.767E+01  1.870E-04
8      -- 7        199.1    921.7997    325.2252   36.161  1.423E-02  2.341E-01  4.614E-04  1.384E-03  1.246E+01  1.257E-04
9      -- 8        248.9   1036.9124    289.1203   45.718  4.410E-03  1.051E-01  1.737E-04  4.614E-04  5.592E+00  8.028E-05
10     -- 9        304.2   1151.9855    260.2398   53.745  1.591E-03  4.728E-02  6.861E-05  1.737E-04  2.517E+00  4.954E-05
11     -- 10       365.0   1267.0145    236.6133   61.470  6.093E-04  2.147E-02  2.794E-05  6.861E-05  1.143E+00  2.994E-05
12     -- 11       431.3   1381.9951    216.9273   68.451  2.429E-04  9.720E-03  1.153E-05  2.794E-05  5.174E-01  1.759E-05
13     -- 12       503.1   1496.9229    200.2725   76.130  9.779E-05  4.438E-03  4.845E-06  1.153E-05  2.362E-01  1.020E-05
14     -- 13       580.5   1611.7935    185.9993   76.768  4.238E-05  1.873E-03  1.900E-06  4.845E-06  9.969E-02  5.376E-06
15     -- 14       663.4   1726.6025    173.6314   78.340  1.694E-05  7.432E-04  7.052E-07  1.900E-06  3.956E-02  2.622E-06
16     -- 15       751.7   1841.3455    162.8116   88.349  6.037E-06  3.095E-04  2.761E-07  7.052E-07  1.647E-02  1.324E-06
