* Radex version        : 30nov2011
* Geometry             : Uniform sphere
* Molecular data file  : ./data/co.dat                                                                   
* T(kin)            [K]:  230.000
* Density of H2  [cm-3]:  3.981E+02
* Density of pH2 [cm-3]:  9.953E+01
* Density of oH2 [cm-3]:  2.986E+02
* T(background)     [K]:    2.725
* Column density [cm-2]:  3.931E+18
* Line width     [km/s]:   50.000
Calculation finished in   34 iterations
      LINE         E_UP       FREQ        WAVEL     T_EX      TAU        T_R       POP        POP       FLUX        FLUX
                   (K)        (GHz)       (um)      (K)                  (K)        UP        LOW      (K*km/s) (erg/cm2/s)
1      -- 0          5.5    115.2712   2600.7576   39.938  1.564E+00  2.878E+01  2.828E-01  1.083E-01  1.532E+03  3.022E-05
2      -- 1         16.6    230.5380   1300.4037   26.479  7.188E+00  2.112E+01  3.103E-01  2.828E-01  1.124E+03  1.774E-04
3      -- 2         33.2    345.7960    866.9634   22.260  1.092E+01  1.495E+01  2.061E-01  3.103E-01  7.955E+02  4.236E-04
4      -- 3         55.3    461.0408    650.2515   17.714  9.357E+00  8.889E+00  7.600E-02  2.061E-01  4.731E+02  5.971E-04
5      -- 4         83.0    576.2679    520.2310   14.360  4.009E+00  4.631E+00  1.354E-02  7.600E-02  2.465E+02  6.075E-04
6      -- 5        116.2    691.4731    433.5562   16.111  7.145E-01  2.475E+00  2.040E-03  1.354E-02  1.318E+02  5.610E-04
7      -- 6        154.9    806.6518    371.6504   27.934  9.111E-02  1.124E+00  5.886E-04  2.040E-03  5.984E+01  4.045E-04
8      -- 7        199.1    921.7997    325.2252   39.322  2.338E-02  4.915E-01  2.166E-04  5.886E-04  2.616E+01  2.639E-04
9      -- 8        248.9   1036.9124    289.1203   46.468  8.283E-03  2.140E-01  8.294E-05  2.166E-04  1.139E+01  1.635E-04
10     -- 9        304.2   1151.9855    260.2398   53.140  3.089E-03  9.316E-02  3.239E-05  8.294E-05  4.959E+00  9.763E-05
11     -- 10       365.0   1267.0145    236.6133   60.057  1.177E-03  4.083E-02  1.289E-05  3.239E-05  2.173E+00  5.692E-05
12     -- 11       431.3   1381.9951    216.9273   66.218  4.613E-04  1.776E-02  5.145E-06  1.289E-05  9.452E-01  3.213E-05
13     -- 12       503.1   1496.9229    200.2725   73.543  1.799E-04  7.805E-03  2.092E-06  5.145E-06  4.154E-01  1.795E-05
14     -- 13       580.5   1611.7935    185.9993   73.875  7.554E-05  3.160E-03  7.886E-07  2.092E-06  1.682E-01  9.069E-06
15     -- 14       663.4   1726.6025    173.6314   75.199  2.905E-05  1.197E-03  2.801E-07  7.886E-07  6.373E-02  4.225E-06
16     -- 15       751.7   1841.3455    162.8116   84.674  9.921E-06  4.766E-04  1.050E-07  2.801E-07  2.537E-02  2.040E-06
