* Radex version        : 30nov2011
* Geometry             : Uniform sphere
* Molecular data file  : ./data/co.dat                                                                   
* T(kin)            [K]:  285.000
* Density of H2  [cm-3]:  3.162E+02
* Density of pH2 [cm-3]:  7.906E+01
* Density of oH2 [cm-3]:  2.372E+02
* T(background)     [K]:   13.800
* Column density [cm-2]:  4.879E+17
* Line width     [km/s]:   50.000
Calculation finished in   25 iterations
      LINE         E_UP       FREQ        WAVEL     T_EX      TAU        T_R       POP        POP       FLUX        FLUX
                   (K)        (GHz)       (um)      (K)                  (K)        UP        LOW      (K*km/s) (erg/cm2/s)
1      -- 0          5.5    115.2712   2600.7576   35.880  2.527E-01  4.905E+00  3.279E-01  1.275E-01  2.611E+02  5.149E-06
2      -- 1         16.6    230.5380   1300.4037   19.280  1.323E+00  3.869E+00  3.079E-01  3.279E-01  2.060E+02  3.250E-05
3      -- 2         33.2    345.7960    866.9634   17.209  1.583E+00  2.461E+00  1.643E-01  3.079E-01  1.310E+02  6.977E-05
4      -- 3         55.3    461.0408    650.2515   16.466  9.594E-01  1.379E+00  5.512E-02  1.643E-01  7.340E+01  9.263E-05
5      -- 4         83.0    576.2679    520.2310   16.907  3.401E-01  6.869E-01  1.312E-02  5.512E-02  3.656E+01  9.011E-05
6      -- 5        116.2    691.4731    433.5562   19.572  8.044E-02  3.218E-01  2.846E-03  1.312E-02  1.713E+01  7.294E-05
7      -- 6        154.9    806.6518    371.6504   26.509  1.616E-02  1.476E-01  7.623E-04  2.846E-03  7.857E+00  5.311E-05
8      -- 7        199.1    921.7997    325.2252   37.681  3.845E-03  6.879E-02  2.670E-04  7.623E-04  3.661E+00  3.693E-05
9      -- 8        248.9   1036.9124    289.1203   47.767  1.248E-03  3.211E-02  1.053E-04  2.670E-04  1.709E+00  2.454E-05
10     -- 9        304.2   1151.9855    260.2398   56.221  4.712E-04  1.508E-02  4.353E-05  1.053E-04  8.026E-01  1.580E-05
11     -- 10       365.0   1267.0145    236.6133   64.678  1.880E-04  7.184E-03  1.862E-05  4.353E-05  3.824E-01  1.002E-05
12     -- 11       431.3   1381.9951    216.9273   72.101  7.865E-05  3.414E-03  8.067E-06  1.862E-05  1.817E-01  6.176E-06
13     -- 12       503.1   1496.9229    200.2725   80.275  3.321E-05  1.636E-03  3.560E-06  8.067E-06  8.705E-02  3.760E-06
14     -- 13       580.5   1611.7935    185.9993   80.418  1.519E-05  7.224E-04  1.461E-06  3.560E-06  3.845E-02  2.073E-06
15     -- 14       663.4   1726.6025    173.6314   82.031  6.361E-06  3.006E-04  5.689E-07  1.461E-06  1.600E-02  1.061E-06
16     -- 15       751.7   1841.3455    162.8116   93.241  2.364E-06  1.319E-04  2.347E-07  5.689E-07  7.021E-03  5.645E-07
