* Radex version        : 30nov2011
* Geometry             : Uniform sphere
* Molecular data file  : ./data/co.dat                                                                   
* T(kin)            [K]:  275.000
* Density of H2  [cm-3]:  1.995E+03
* Density of pH2 [cm-3]:  4.988E+02
* Density of oH2 [cm-3]:  1.496E+03
* T(background)     [K]:   13.800
* Column density [cm-2]:  3.079E+18
* Line width     [km/s]:   50.000
Calculation finished in   32 iterations
      LINE         E_UP       FREQ        WAVEL     T_EX      TAU        T_R       POP        POP       FLUX        FLUX
                   (K)        (GHz)       (um)      (K)                  (K)        UP        LOW      (K*km/s) (erg/cm2/s)
1      -- 0          5.5    115.2712   2600.7576  -81.070 -3.130E-01  3.494E+01  1.627E-01  5.065E-02  1.860E+03  3.668E-05
2      -- 1         16.6    230.5380   1300.4037   67.534  1.433E+00  4.047E+01  2.302E-01  1.627E-01  2.154E+03  3.399E-04
3      -- 2         33.2    345.7960    866.9634   50.319  3.390E+00  3.416E+01  2.317E-01  2.302E-01  1.818E+03  9.682E-04
4      -- 3         55.3    461.0408    650.2515   42.215  4.711E+00  2.630E+01  1.764E-01  2.317E-01  1.400E+03  1.767E-03
5      -- 4         83.0    576.2679    520.2310   34.822  4.675E+00  1.832E+01  9.743E-02  1.764E-01  9.753E+02  2.404E-03
6      -- 5        116.2    691.4731    433.5562   28.969  3.147E+00  1.166E+01  3.662E-02  9.743E-02  6.206E+02  2.642E-03
7      -- 6        154.9    806.6518    371.6504   26.777  1.306E+00  6.880E+00  9.953E-03  3.662E-02  3.662E+02  2.475E-03
8      -- 7        199.1    921.7997    325.2252   31.416  3.464E-01  3.646E+00  2.759E-03  9.953E-03  1.941E+02  1.958E-03
9      -- 8        248.9   1036.9124    289.1203   42.737  8.648E-02  1.756E+00  9.624E-04  2.759E-03  9.344E+01  1.342E-03
10     -- 9        304.2   1151.9855    260.2398   54.294  2.773E-02  8.269E-01  3.842E-04  9.624E-04  4.401E+01  8.665E-04
11     -- 10       365.0   1267.0145    236.6133   63.627  1.057E-02  3.917E-01  1.618E-04  3.842E-04  2.085E+01  5.461E-04
12     -- 11       431.3   1381.9951    216.9273   71.883  4.320E-03  1.862E-01  6.991E-05  1.618E-04  9.913E+00  3.370E-04
13     -- 12       503.1   1496.9229    200.2725   79.900  1.821E-03  8.897E-02  3.072E-05  6.991E-05  4.736E+00  2.046E-04
14     -- 13       580.5   1611.7935    185.9993   81.593  8.199E-04  3.987E-02  1.279E-05  3.072E-05  2.122E+00  1.144E-04
15     -- 14       663.4   1726.6025    173.6314   84.069  3.462E-04  1.701E-02  5.101E-06  1.279E-05  9.052E-01  6.000E-05
16     -- 15       751.7   1841.3455    162.8116   93.910  1.332E-04  7.513E-03  2.119E-06  5.101E-06  3.999E-01  3.215E-05
