* Radex version        : 30nov2011
* Geometry             : Uniform sphere
* Molecular data file  : ./data/co.dat                                                                   
* T(kin)            [K]:  215.000
* Density of H2  [cm-3]:  1.259E+05
* Density of pH2 [cm-3]:  3.147E+04
* Density of oH2 [cm-3]:  9.442E+04
* T(background)     [K]:   13.800
* Column density [cm-2]:  1.943E+20
* Line width     [km/s]:   50.000
Calculation finished in   40 iterations
      LINE         E_UP       FREQ        WAVEL     T_EX      TAU        T_R       POP        POP       FLUX        FLUX
                   (K)        (GHz)       (um)      (K)                  (K)        UP        LOW      (K*km/s) (erg/cm2/s)
1      -- 0          5.5    115.2712   2600.7576  219.612  1.836E+00  1.729E+02  3.912E-02  1.337E-02  9.201E+03  1.815E-04
2      -- 1         16.6    230.5380   1300.4037  212.407  7.303E+00  1.978E+02  6.189E-02  3.912E-02  1.053E+04  1.661E-03
3      -- 2         33.2    345.7960    866.9634  212.650  1.537E+01  1.973E+02  8.015E-02  6.189E-02  1.050E+04  5.593E-03
4      -- 3         55.3    461.0408    650.2515  212.458  2.493E+01  1.960E+02  9.285E-02  8.015E-02  1.043E+04  1.317E-02
5      -- 4         83.0    576.2679    520.2310  212.176  3.462E+01  1.943E+02  9.962E-02  9.285E-02  1.034E+04  2.549E-02
6      -- 5        116.2    691.4731    433.5562  211.815  4.318E+01  1.924E+02  1.007E-01  9.962E-02  1.024E+04  4.359E-02
7      -- 6        154.9    806.6518    371.6504  211.244  4.961E+01  1.900E+02  9.670E-02  1.007E-01  1.011E+04  6.835E-02
8      -- 7        199.1    921.7997    325.2252  210.471  5.328E+01  1.873E+02  8.881E-02  9.670E-02  9.967E+03  1.005E-01
9      -- 8        248.9   1036.9124    289.1203  209.362  5.402E+01  1.841E+02  7.826E-02  8.881E-02  9.797E+03  1.407E-01
10     -- 9        304.2   1151.9855    260.2398  207.688  5.205E+01  1.802E+02  6.628E-02  7.826E-02  9.594E+03  1.889E-01
11     -- 10       365.0   1267.0145    236.6133  205.474  4.790E+01  1.758E+02  5.400E-02  6.628E-02  9.358E+03  2.451E-01
12     -- 11       431.3   1381.9951    216.9273  202.107  4.223E+01  1.702E+02  4.228E-02  5.400E-02  9.059E+03  3.079E-01
13     -- 12       503.1   1496.9229    200.2725  196.944  3.581E+01  1.628E+02  3.170E-02  4.228E-02  8.665E+03  3.743E-01
14     -- 13       580.5   1611.7935    185.9993  188.318  2.936E+01  1.520E+02  2.258E-02  3.170E-02  8.090E+03  4.363E-01
15     -- 14       663.4   1726.6025    173.6314  175.492  2.316E+01  1.371E+02  1.505E-02  2.258E-02  7.297E+03  4.837E-01
16     -- 15       751.7   1841.3455    162.8116  157.033  1.750E+01  1.168E+02  9.128E-03  1.505E-02  6.218E+03  4.999E-01
