* Radex version        : 30nov2011
* Geometry             : Uniform sphere
* Molecular data file  : ./data/co.dat                                                                   
* T(kin)            [K]:  265.000
* Density of H2  [cm-3]:  1.259E+06
* Density of pH2 [cm-3]:  3.147E+05
* Density of oH2 [cm-3]:  9.442E+05
* T(background)     [K]:   13.800
* Column density [cm-2]:  1.943E+21
* Line width     [km/s]:   50.000
Calculation finished in   36 iterations
      LINE         E_UP       FREQ        WAVEL     T_EX      TAU        T_R       POP        POP       FLUX        FLUX
                   (K)        (GHz)       (um)      (K)                  (K)        UP        LOW      (K*km/s) (erg/cm2/s)
1      -- 0          5.5    115.2712   2600.7576  264.962  1.187E+01  2.510E+02  3.059E-02  1.041E-02  1.336E+04  2.635E-04
2      -- 1         16.6    230.5380   1300.4037  264.956  4.601E+01  2.505E+02  4.889E-02  3.059E-02  1.333E+04  2.103E-03
3      -- 2         33.2    345.7960    866.9634  264.954  9.820E+01  2.496E+02  6.429E-02  4.889E-02  1.329E+04  7.075E-03
4      -- 3         55.3    461.0408    650.2515  264.951  1.620E+02  2.485E+02  7.604E-02  6.429E-02  1.322E+04  1.669E-02
5      -- 4         83.0    576.2679    520.2310  264.947  2.300E+02  2.471E+02  8.373E-02  7.604E-02  1.315E+04  3.241E-02
6      -- 5        116.2    691.4731    433.5562  264.942  2.946E+02  2.454E+02  8.730E-02  8.373E-02  1.306E+04  5.561E-02
7      -- 6        154.9    806.6518    371.6504  264.933  3.493E+02  2.436E+02  8.704E-02  8.730E-02  1.296E+04  8.763E-02
8      -- 7        199.1    921.7997    325.2252  264.922  3.891E+02  2.415E+02  8.347E-02  8.704E-02  1.286E+04  1.297E-01
9      -- 8        248.9   1036.9124    289.1203  264.907  4.110E+02  2.394E+02  7.731E-02  8.347E-02  1.274E+04  1.830E-01
10     -- 9        304.2   1151.9855    260.2398  264.883  4.145E+02  2.372E+02  6.935E-02  7.731E-02  1.262E+04  2.485E-01
11     -- 10       365.0   1267.0145    236.6133  264.857  4.014E+02  2.349E+02  6.038E-02  6.935E-02  1.250E+04  3.274E-01
12     -- 11       431.3   1381.9951    216.9273  264.819  3.740E+02  2.325E+02  5.109E-02  6.038E-02  1.237E+04  4.206E-01
13     -- 12       503.1   1496.9229    200.2725  264.773  3.365E+02  2.301E+02  4.206E-02  5.109E-02  1.225E+04  5.290E-01
14     -- 13       580.5   1611.7935    185.9993  264.684  2.930E+02  2.276E+02  3.373E-02  4.206E-02  1.211E+04  6.533E-01
15     -- 14       663.4   1726.6025    173.6314  264.568  2.472E+02  2.251E+02  2.636E-02  3.373E-02  1.198E+04  7.942E-01
16     -- 15       751.7   1841.3455    162.8116  264.394  2.024E+02  2.225E+02  2.009E-02  2.636E-02  1.184E+04  9.522E-01
