* Radex version        : 30nov2011
* Geometry             : Uniform sphere
* Molecular data file  : ./data/co.dat                                                                   
* T(kin)            [K]:  215.000
* Density of H2  [cm-3]:  3.162E+04
* Density of pH2 [cm-3]:  7.906E+03
* Density of oH2 [cm-3]:  2.372E+04
* T(background)     [K]:   13.800
* Column density [cm-2]:  4.879E+19
* Line width     [km/s]:   50.000
Calculation finished in   39 iterations
      LINE         E_UP       FREQ        WAVEL     T_EX      TAU        T_R       POP        POP       FLUX        FLUX
                   (K)        (GHz)       (um)      (K)                  (K)        UP        LOW      (K*km/s) (erg/cm2/s)
1      -- 0          5.5    115.2712   2600.7576  377.465  3.328E-01  1.029E+02  4.877E-02  1.650E-02  5.477E+03  1.080E-04
2      -- 1         16.6    230.5380   1300.4037  201.742  2.405E+00  1.704E+02  7.695E-02  4.877E-02  9.067E+03  1.431E-03
3      -- 2         33.2    345.7960    866.9634  191.042  5.320E+00  1.749E+02  9.877E-02  7.695E-02  9.308E+03  4.957E-03
4      -- 3         55.3    461.0408    650.2515  188.262  8.651E+00  1.718E+02  1.129E-01  9.877E-02  9.145E+03  1.154E-02
5      -- 4         83.0    576.2679    520.2310  185.192  1.200E+01  1.674E+02  1.189E-01  1.129E-01  8.910E+03  2.196E-02
6      -- 5        116.2    691.4731    433.5562  181.047  1.494E+01  1.617E+02  1.169E-01  1.189E-01  8.605E+03  3.664E-02
7      -- 6        154.9    806.6518    371.6504  175.080  1.715E+01  1.539E+02  1.082E-01  1.169E-01  8.194E+03  5.539E-02
8      -- 7        199.1    921.7997    325.2252  166.952  1.838E+01  1.439E+02  9.405E-02  1.082E-01  7.661E+03  7.728E-02
9      -- 8        248.9   1036.9124    289.1203  155.986  1.855E+01  1.310E+02  7.640E-02  9.405E-02  6.974E+03  1.001E-01
10     -- 9        304.2   1151.9855    260.2398  141.629  1.765E+01  1.148E+02  5.715E-02  7.640E-02  6.108E+03  1.203E-01
11     -- 10       365.0   1267.0145    236.6133  124.268  1.567E+01  9.558E+01  3.837E-02  5.715E-02  5.087E+03  1.333E-01
12     -- 11       431.3   1381.9951    216.9273  104.001  1.271E+01  7.379E+01  2.204E-02  3.837E-02  3.928E+03  1.335E-01
13     -- 12       503.1   1496.9229    200.2725   82.533  8.920E+00  5.136E+01  9.970E-03  2.204E-02  2.733E+03  1.181E-01
14     -- 13       580.5   1611.7935    185.9993   63.085  4.864E+00  3.159E+01  3.142E-03  9.970E-03  1.681E+03  9.067E-02
15     -- 14       663.4   1726.6025    173.6314   53.313  1.696E+00  1.797E+01  7.098E-04  3.142E-03  9.563E+02  6.339E-02
16     -- 15       751.7   1841.3455    162.8116   63.546  3.618E-01  8.847E+00  1.881E-04  7.098E-04  4.709E+02  3.786E-02
