* Radex version        : 30nov2011
* Geometry             : Uniform sphere
* Molecular data file  : ./data/co.dat                                                                   
* T(kin)            [K]:  285.000
* Density of H2  [cm-3]:  1.000E+05
* Density of pH2 [cm-3]:  2.500E+04
* Density of oH2 [cm-3]:  7.500E+04
* T(background)     [K]:   13.800
* Column density [cm-2]:  1.543E+20
* Line width     [km/s]:   50.000
Calculation finished in   40 iterations
      LINE         E_UP       FREQ        WAVEL     T_EX      TAU        T_R       POP        POP       FLUX        FLUX
                   (K)        (GHz)       (um)      (K)                  (K)        UP        LOW      (K*km/s) (erg/cm2/s)
1      -- 0          5.5    115.2712   2600.7576  324.438  7.847E-01  1.688E+02  3.122E-02  1.058E-02  8.985E+03  1.772E-04
2      -- 1         16.6    230.5380   1300.4037  279.234  3.543E+00  2.571E+02  5.001E-02  3.122E-02  1.368E+04  2.159E-03
3      -- 2         33.2    345.7960    866.9634  277.110  7.638E+00  2.616E+02  6.594E-02  5.001E-02  1.393E+04  7.416E-03
4      -- 3         55.3    461.0408    650.2515  276.760  1.266E+01  2.603E+02  7.827E-02  6.594E-02  1.385E+04  1.748E-02
5      -- 4         83.0    576.2679    520.2310  276.061  1.808E+01  2.582E+02  8.654E-02  7.827E-02  1.374E+04  3.386E-02
6      -- 5        116.2    691.4731    433.5562  275.309  2.333E+01  2.558E+02  9.066E-02  8.654E-02  1.361E+04  5.796E-02
7      -- 6        154.9    806.6518    371.6504  273.990  2.793E+01  2.526E+02  9.082E-02  9.066E-02  1.344E+04  9.088E-02
8      -- 7        199.1    921.7997    325.2252  272.321  3.144E+01  2.489E+02  8.750E-02  9.082E-02  1.325E+04  1.336E-01
9      -- 8        248.9   1036.9124    289.1203  269.899  3.365E+01  2.444E+02  8.133E-02  8.750E-02  1.301E+04  1.868E-01
10     -- 9        304.2   1151.9855    260.2398  266.559  3.443E+01  2.388E+02  7.305E-02  8.133E-02  1.271E+04  2.503E-01
11     -- 10       365.0   1267.0145    236.6133  262.517  3.385E+01  2.325E+02  6.346E-02  7.305E-02  1.238E+04  3.242E-01
12     -- 11       431.3   1381.9951    216.9273  256.920  3.206E+01  2.246E+02  5.329E-02  6.346E-02  1.196E+04  4.064E-01
13     -- 12       503.1   1496.9229    200.2725  249.188  2.938E+01  2.146E+02  4.314E-02  5.329E-02  1.142E+04  4.934E-01
14     -- 13       580.5   1611.7935    185.9993  237.092  2.622E+01  2.002E+02  3.343E-02  4.314E-02  1.066E+04  5.747E-01
15     -- 14       663.4   1726.6025    173.6314  221.103  2.262E+01  1.820E+02  2.457E-02  3.343E-02  9.689E+03  6.423E-01
16     -- 15       751.7   1841.3455    162.8116  200.432  1.880E+01  1.593E+02  1.683E-02  2.457E-02  8.481E+03  6.819E-01
