* Radex version        : 30nov2011
* Geometry             : Uniform sphere
* Molecular data file  : ./data/co.dat                                                                   
* T(kin)            [K]:  280.000
* Density of H2  [cm-3]:  1.000E+04
* Density of pH2 [cm-3]:  2.500E+03
* Density of oH2 [cm-3]:  7.500E+03
* T(background)     [K]:    2.725
* Column density [cm-2]:  9.875E+19
* Line width     [km/s]:   50.000
Calculation finished in   41 iterations
      LINE         E_UP       FREQ        WAVEL     T_EX      TAU        T_R       POP        POP       FLUX        FLUX
                   (K)        (GHz)       (um)      (K)                  (K)        UP        LOW      (K*km/s) (erg/cm2/s)
1      -- 0          5.5    115.2712   2600.7576  772.163  3.023E-01  2.005E+02  4.494E-02  1.509E-02  1.067E+04  2.105E-04
2      -- 1         16.6    230.5380   1300.4037  226.637  4.004E+00  2.169E+02  7.134E-02  4.494E-02  1.155E+04  1.822E-03
3      -- 2         33.2    345.7960    866.9634  219.319  8.743E+00  2.111E+02  9.260E-02  7.134E-02  1.123E+04  5.982E-03
4      -- 3         55.3    461.0408    650.2515  216.083  1.441E+01  2.052E+02  1.075E-01  9.260E-02  1.092E+04  1.378E-02
5      -- 4         83.0    576.2679    520.2310  211.302  2.045E+01  1.978E+02  1.152E-01  1.075E-01  1.053E+04  2.594E-02
6      -- 5        116.2    691.4731    433.5562  204.931  2.618E+01  1.888E+02  1.158E-01  1.152E-01  1.005E+04  4.278E-02
7      -- 6        154.9    806.6518    371.6504  195.910  3.108E+01  1.772E+02  1.097E-01  1.158E-01  9.431E+03  6.375E-02
8      -- 7        199.1    921.7997    325.2252  184.325  3.458E+01  1.631E+02  9.778E-02  1.097E-01  8.680E+03  8.756E-02
9      -- 8        248.9   1036.9124    289.1203  169.553  3.635E+01  1.459E+02  8.149E-02  9.778E-02  7.765E+03  1.115E-01
10     -- 9        304.2   1151.9855    260.2398  151.729  3.600E+01  1.258E+02  6.256E-02  8.149E-02  6.694E+03  1.318E-01
11     -- 10       365.0   1267.0145    236.6133  131.662  3.319E+01  1.036E+02  4.318E-02  6.256E-02  5.514E+03  1.444E-01
12     -- 11       431.3   1381.9951    216.9273  109.615  2.786E+01  7.978E+01  2.563E-02  4.318E-02  4.246E+03  1.443E-01
13     -- 12       503.1   1496.9229    200.2725   87.022  2.029E+01  5.599E+01  1.212E-02  2.563E-02  2.980E+03  1.287E-01
14     -- 13       580.5   1611.7935    185.9993   65.733  1.172E+01  3.447E+01  4.013E-03  1.212E-02  1.835E+03  9.894E-02
15     -- 14       663.4   1726.6025    173.6314   50.241  4.492E+00  1.949E+01  8.245E-04  4.013E-03  1.037E+03  6.877E-02
16     -- 15       751.7   1841.3455    162.8116   51.068  9.318E-01  1.154E+01  1.555E-04  8.245E-04  6.140E+02  4.937E-02
