* Radex version        : 30nov2011
* Geometry             : Uniform sphere
* Molecular data file  : ./data/co.dat                                                                   
* T(kin)            [K]:  285.000
* Density of H2  [cm-3]:  5.012E+02
* Density of pH2 [cm-3]:  1.253E+02
* Density of oH2 [cm-3]:  3.759E+02
* T(background)     [K]:   13.800
* Column density [cm-2]:  7.733E+17
* Line width     [km/s]:   50.000
Calculation finished in   27 iterations
      LINE         E_UP       FREQ        WAVEL     T_EX      TAU        T_R       POP        POP       FLUX        FLUX
                   (K)        (GHz)       (um)      (K)                  (K)        UP        LOW      (K*km/s) (erg/cm2/s)
1      -- 0          5.5    115.2712   2600.7576   72.342  1.717E-01  9.213E+00  2.950E-01  1.061E-01  4.904E+02  9.672E-06
2      -- 1         16.6    230.5380   1300.4037   23.876  1.602E+00  7.801E+00  3.093E-01  2.950E-01  4.152E+02  6.552E-05
3      -- 2         33.2    345.7960    866.9634   20.178  2.283E+00  5.279E+00  1.902E-01  3.093E-01  2.810E+02  1.496E-04
4      -- 3         55.3    461.0408    650.2515   18.367  1.668E+00  3.163E+00  7.332E-02  1.902E-01  1.684E+02  2.125E-04
5      -- 4         83.0    576.2679    520.2310   18.135  6.968E-01  1.698E+00  1.950E-02  7.332E-02  9.039E+01  2.228E-04
6      -- 5        116.2    691.4731    433.5562   20.509  1.860E-01  8.340E-01  4.570E-03  1.950E-02  4.439E+01  1.890E-04
7      -- 6        154.9    806.6518    371.6504   27.137  4.069E-02  3.884E-01  1.266E-03  4.570E-03  2.067E+01  1.397E-04
8      -- 7        199.1    921.7997    325.2252   37.857  1.010E-02  1.817E-01  4.460E-04  1.266E-03  9.669E+00  9.753E-05
9      -- 8        248.9   1036.9124    289.1203   47.777  3.303E-03  8.492E-02  1.759E-04  4.460E-04  4.520E+00  6.489E-05
10     -- 9        304.2   1151.9855    260.2398   56.270  1.247E-03  3.994E-02  7.278E-05  1.759E-04  2.126E+00  4.186E-05
11     -- 10       365.0   1267.0145    236.6133   64.716  4.980E-04  1.904E-02  3.115E-05  7.278E-05  1.014E+00  2.655E-05
12     -- 11       431.3   1381.9951    216.9273   72.267  2.082E-04  9.069E-03  1.352E-05  3.115E-05  4.827E-01  1.641E-05
13     -- 12       503.1   1496.9229    200.2725   80.408  8.815E-05  4.352E-03  5.977E-06  1.352E-05  2.316E-01  1.001E-05
14     -- 13       580.5   1611.7935    185.9993   80.771  4.031E-05  1.930E-03  2.464E-06  5.977E-06  1.027E-01  5.540E-06
15     -- 14       663.4   1726.6025    173.6314   82.513  1.694E-05  8.079E-04  9.648E-07  2.464E-06  4.300E-02  2.851E-06
16     -- 15       751.7   1841.3455    162.8116   93.558  6.342E-06  3.557E-04  3.994E-07  9.648E-07  1.893E-02  1.522E-06
