* Radex version        : 30nov2011
* Geometry             : Uniform sphere
* Molecular data file  : ./data/co.dat                                                                   
* T(kin)            [K]:  260.000
* Density of H2  [cm-3]:  1.259E+02
* Density of pH2 [cm-3]:  3.147E+01
* Density of oH2 [cm-3]:  9.442E+01
* T(background)     [K]:   13.800
* Column density [cm-2]:  1.943E+17
* Line width     [km/s]:   50.000
Calculation finished in   18 iterations
      LINE         E_UP       FREQ        WAVEL     T_EX      TAU        T_R       POP        POP       FLUX        FLUX
                   (K)        (GHz)       (um)      (K)                  (K)        UP        LOW      (K*km/s) (erg/cm2/s)
1      -- 0          5.5    115.2712   2600.7576   19.094  2.239E-01  1.052E+00  3.621E-01  1.613E-01  5.599E+01  1.104E-06
2      -- 1         16.6    230.5380   1300.4037   15.403  6.824E-01  7.559E-01  2.943E-01  3.621E-01  4.023E+01  6.349E-06
3      -- 2         33.2    345.7960    866.9634   14.819  6.558E-01  4.384E-01  1.344E-01  2.943E-01  2.334E+01  1.243E-05
4      -- 3         55.3    461.0408    650.2515   14.755  3.284E-01  2.195E-01  3.858E-02  1.344E-01  1.168E+01  1.475E-05
5      -- 4         83.0    576.2679    520.2310   15.215  9.860E-02  9.890E-02  7.657E-03  3.858E-02  5.264E+00  1.297E-05
6      -- 5        116.2    691.4731    433.5562   17.062  1.961E-02  4.356E-02  1.294E-03  7.657E-03  2.318E+00  9.872E-06
7      -- 6        154.9    806.6518    371.6504   22.830  3.110E-03  1.927E-02  2.739E-04  1.294E-03  1.026E+00  6.933E-06
8      -- 7        199.1    921.7997    325.2252   34.523  5.751E-04  8.701E-03  8.619E-05  2.739E-04  4.631E-01  4.672E-06
9      -- 8        248.9   1036.9124    289.1203   45.864  1.641E-04  3.938E-03  3.255E-05  8.619E-05  2.096E-01  3.010E-06
10     -- 9        304.2   1151.9855    260.2398   54.311  5.916E-05  1.790E-03  1.300E-05  3.255E-05  9.525E-02  1.875E-06
11     -- 10       365.0   1267.0145    236.6133   62.349  2.284E-05  8.237E-04  5.368E-06  1.300E-05  4.384E-02  1.148E-06
12     -- 11       431.3   1381.9951    216.9273   69.223  9.250E-06  3.768E-04  2.238E-06  5.368E-06  2.005E-02  6.817E-07
13     -- 12       503.1   1496.9229    200.2725   77.173  3.758E-06  1.742E-04  9.529E-07  2.238E-06  9.272E-03  4.005E-07
14     -- 13       580.5   1611.7935    185.9993   77.197  1.658E-06  7.392E-05  3.758E-07  9.529E-07  3.934E-03  2.122E-07
15     -- 14       663.4   1726.6025    173.6314   78.504  6.677E-07  2.940E-05  1.398E-07  3.758E-07  1.565E-03  1.037E-07
16     -- 15       751.7   1841.3455    162.8116   89.254  2.374E-07  1.237E-05  5.529E-08  1.398E-07  6.582E-04  5.292E-08
