* Radex version        : 30nov2011
* Geometry             : Uniform sphere
* Molecular data file  : ./data/co.dat                                                                   
* T(kin)            [K]:  280.000
* Density of H2  [cm-3]:  1.259E+02
* Density of pH2 [cm-3]:  3.147E+01
* Density of oH2 [cm-3]:  9.442E+01
* T(background)     [K]:   13.800
* Column density [cm-2]:  1.943E+17
* Line width     [km/s]:   50.000
Calculation finished in   19 iterations
      LINE         E_UP       FREQ        WAVEL     T_EX      TAU        T_R       POP        POP       FLUX        FLUX
                   (K)        (GHz)       (um)      (K)                  (K)        UP        LOW      (K*km/s) (erg/cm2/s)
1      -- 0          5.5    115.2712   2600.7576   19.392  2.195E-01  1.092E+00  3.613E-01  1.602E-01  5.810E+01  1.146E-06
2      -- 1         16.6    230.5380   1300.4037   15.480  6.786E-01  7.892E-01  2.947E-01  3.613E-01  4.201E+01  6.628E-06
3      -- 2         33.2    345.7960    866.9634   14.871  6.554E-01  4.609E-01  1.351E-01  2.947E-01  2.453E+01  1.306E-05
4      -- 3         55.3    461.0408    650.2515   14.811  3.296E-01  2.334E-01  3.901E-02  1.351E-01  1.242E+01  1.568E-05
5      -- 4         83.0    576.2679    520.2310   15.311  9.947E-02  1.067E-01  7.831E-03  3.901E-02  5.680E+00  1.400E-05
6      -- 5        116.2    691.4731    433.5562   17.309  1.996E-02  4.795E-02  1.360E-03  7.831E-03  2.552E+00  1.087E-05
7      -- 6        154.9    806.6518    371.6504   23.458  3.236E-03  2.166E-02  3.014E-04  1.360E-03  1.153E+00  7.794E-06
8      -- 7        199.1    921.7997    325.2252   35.587  6.233E-04  1.001E-02  9.854E-05  3.014E-04  5.329E-01  5.375E-06
9      -- 8        248.9   1036.9124    289.1203   47.077  1.849E-04  4.642E-03  3.827E-05  9.854E-05  2.470E-01  3.547E-06
10     -- 9        304.2   1151.9855    260.2398   55.764  6.849E-05  2.164E-03  1.569E-05  3.827E-05  1.152E-01  2.267E-06
11     -- 10       365.0   1267.0145    236.6133   64.197  2.710E-05  1.024E-03  6.666E-06  1.569E-05  5.449E-02  1.427E-06
12     -- 11       431.3   1381.9951    216.9273   71.404  1.127E-05  4.820E-04  2.862E-06  6.666E-06  2.566E-02  8.721E-07
13     -- 12       503.1   1496.9229    200.2725   79.575  4.716E-06  2.292E-04  1.253E-06  2.862E-06  1.220E-02  5.269E-07
14     -- 13       580.5   1611.7935    185.9993   79.499  2.143E-06  1.001E-04  5.087E-07  1.253E-06  5.328E-03  2.873E-07
15     -- 14       663.4   1726.6025    173.6314   80.943  8.883E-07  4.109E-05  1.954E-07  5.087E-07  2.187E-03  1.450E-07
16     -- 15       751.7   1841.3455    162.8116   92.209  3.254E-07  1.784E-05  7.975E-08  1.954E-07  9.496E-04  7.635E-08
