* Radex version        : 30nov2011
* Geometry             : Uniform sphere
* Molecular data file  : ./data/co.dat                                                                   
* T(kin)            [K]:  240.000
* Density of H2  [cm-3]:  2.512E+05
* Density of pH2 [cm-3]:  6.280E+04
* Density of oH2 [cm-3]:  1.884E+05
* T(background)     [K]:   13.800
* Column density [cm-2]:  3.876E+20
* Line width     [km/s]:   50.000
Calculation finished in   39 iterations
      LINE         E_UP       FREQ        WAVEL     T_EX      TAU        T_R       POP        POP       FLUX        FLUX
                   (K)        (GHz)       (um)      (K)                  (K)        UP        LOW      (K*km/s) (erg/cm2/s)
1      -- 0          5.5    115.2712   2600.7576  240.813  2.922E+00  2.146E+02  3.425E-02  1.168E-02  1.142E+04  2.253E-04
2      -- 1         16.6    230.5380   1300.4037  239.060  1.137E+01  2.246E+02  5.451E-02  3.425E-02  1.195E+04  1.886E-03
3      -- 2         33.2    345.7960    866.9634  239.156  2.412E+01  2.238E+02  7.120E-02  5.451E-02  1.191E+04  6.344E-03
4      -- 3         55.3    461.0408    650.2515  239.094  3.949E+01  2.226E+02  8.345E-02  7.120E-02  1.185E+04  1.495E-02
5      -- 4         83.0    576.2679    520.2310  239.001  5.551E+01  2.211E+02  9.085E-02  8.345E-02  1.177E+04  2.901E-02
6      -- 5        116.2    691.4731    433.5562  238.895  7.026E+01  2.194E+02  9.344E-02  9.085E-02  1.168E+04  4.972E-02
7      -- 6        154.9    806.6518    371.6504  238.714  8.215E+01  2.174E+02  9.167E-02  9.344E-02  1.157E+04  7.821E-02
8      -- 7        199.1    921.7997    325.2252  238.483  9.002E+01  2.152E+02  8.631E-02  9.167E-02  1.145E+04  1.155E-01
9      -- 8        248.9   1036.9124    289.1203  238.150  9.336E+01  2.127E+02  7.827E-02  8.631E-02  1.132E+04  1.626E-01
10     -- 9        304.2   1151.9855    260.2398  237.651  9.224E+01  2.101E+02  6.855E-02  7.827E-02  1.118E+04  2.201E-01
11     -- 10       365.0   1267.0145    236.6133  237.053  8.731E+01  2.072E+02  5.809E-02  6.855E-02  1.103E+04  2.889E-01
12     -- 11       431.3   1381.9951    216.9273  236.177  7.934E+01  2.040E+02  4.768E-02  5.809E-02  1.086E+04  3.691E-01
13     -- 12       503.1   1496.9229    200.2725  234.987  6.946E+01  2.005E+02  3.793E-02  4.768E-02  1.067E+04  4.610E-01
14     -- 13       580.5   1611.7935    185.9993  232.849  5.881E+01  1.960E+02  2.923E-02  3.793E-02  1.043E+04  5.626E-01
15     -- 14       663.4   1726.6025    173.6314  229.781  4.812E+01  1.906E+02  2.178E-02  2.923E-02  1.015E+04  6.726E-01
16     -- 15       751.7   1841.3455    162.8116  224.758  3.818E+01  1.833E+02  1.565E-02  2.178E-02  9.757E+03  7.845E-01
