* Radex version        : 30nov2011
* Geometry             : Uniform sphere
* Molecular data file  : ./data/co.dat                                                                   
* T(kin)            [K]:  215.000
* Density of H2  [cm-3]:  6.310E+05
* Density of pH2 [cm-3]:  1.577E+05
* Density of oH2 [cm-3]:  4.732E+05
* T(background)     [K]:   13.800
* Column density [cm-2]:  9.736E+20
* Line width     [km/s]:   50.000
Calculation finished in   37 iterations
      LINE         E_UP       FREQ        WAVEL     T_EX      TAU        T_R       POP        POP       FLUX        FLUX
                   (K)        (GHz)       (um)      (K)                  (K)        UP        LOW      (K*km/s) (erg/cm2/s)
1      -- 0          5.5    115.2712   2600.7576  214.929  9.031E+00  2.009E+02  3.756E-02  1.285E-02  1.069E+04  2.110E-04
2      -- 1         16.6    230.5380   1300.4037  214.903  3.474E+01  2.004E+02  5.946E-02  3.756E-02  1.067E+04  1.683E-03
3      -- 2         33.2    345.7960    866.9634  214.900  7.326E+01  1.996E+02  7.705E-02  5.946E-02  1.062E+04  5.657E-03
4      -- 3         55.3    461.0408    650.2515  214.893  1.188E+02  1.984E+02  8.937E-02  7.705E-02  1.056E+04  1.333E-02
5      -- 4         83.0    576.2679    520.2310  214.881  1.651E+02  1.970E+02  9.604E-02  8.937E-02  1.049E+04  2.585E-02
6      -- 5        116.2    691.4731    433.5562  214.865  2.059E+02  1.954E+02  9.726E-02  9.604E-02  1.040E+04  4.428E-02
7      -- 6        154.9    806.6518    371.6504  214.841  2.366E+02  1.936E+02  9.372E-02  9.726E-02  1.030E+04  6.964E-02
8      -- 7        199.1    921.7997    325.2252  214.808  2.541E+02  1.916E+02  8.645E-02  9.372E-02  1.020E+04  1.029E-01
9      -- 8        248.9   1036.9124    289.1203  214.762  2.576E+02  1.895E+02  7.663E-02  8.645E-02  1.008E+04  1.448E-01
10     -- 9        304.2   1151.9855    260.2398  214.690  2.481E+02  1.872E+02  6.547E-02  7.663E-02  9.964E+03  1.962E-01
11     -- 10       365.0   1267.0145    236.6133  214.600  2.284E+02  1.849E+02  5.401E-02  6.547E-02  9.840E+03  2.578E-01
12     -- 11       431.3   1381.9951    216.9273  214.464  2.013E+02  1.825E+02  4.309E-02  5.401E-02  9.711E+03  3.301E-01
13     -- 12       503.1   1496.9229    200.2725  214.276  1.705E+02  1.800E+02  3.328E-02  4.309E-02  9.578E+03  4.138E-01
14     -- 13       580.5   1611.7935    185.9993  213.937  1.391E+02  1.773E+02  2.490E-02  3.328E-02  9.437E+03  5.089E-01
15     -- 14       663.4   1726.6025    173.6314  213.451  1.094E+02  1.745E+02  1.805E-02  2.490E-02  9.287E+03  6.156E-01
16     -- 15       751.7   1841.3455    162.8116  212.629  8.314E+01  1.713E+02  1.268E-02  1.805E-02  9.120E+03  7.333E-01
