* Radex version        : 30nov2011
* Geometry             : Uniform sphere
* Molecular data file  : ./data/co.dat                                                                   
* T(kin)            [K]:  235.000
* Density of H2  [cm-3]:  7.943E+05
* Density of pH2 [cm-3]:  1.986E+05
* Density of oH2 [cm-3]:  5.957E+05
* T(background)     [K]:   13.800
* Column density [cm-2]:  1.226E+21
* Line width     [km/s]:   50.000
Calculation finished in   37 iterations
      LINE         E_UP       FREQ        WAVEL     T_EX      TAU        T_R       POP        POP       FLUX        FLUX
                   (K)        (GHz)       (um)      (K)                  (K)        UP        LOW      (K*km/s) (erg/cm2/s)
1      -- 0          5.5    115.2712   2600.7576  234.940  9.523E+00  2.210E+02  3.443E-02  1.175E-02  1.176E+04  2.320E-04
2      -- 1         16.6    230.5380   1300.4037  234.921  3.675E+01  2.204E+02  5.474E-02  3.443E-02  1.173E+04  1.851E-03
3      -- 2         33.2    345.7960    866.9634  234.918  7.792E+01  2.196E+02  7.140E-02  5.474E-02  1.169E+04  6.224E-03
4      -- 3         55.3    461.0408    650.2515  234.913  1.274E+02  2.184E+02  8.355E-02  7.140E-02  1.163E+04  1.467E-02
5      -- 4         83.0    576.2679    520.2310  234.904  1.787E+02  2.170E+02  9.078E-02  8.355E-02  1.155E+04  2.847E-02
6      -- 5        116.2    691.4731    433.5562  234.893  2.255E+02  2.154E+02  9.315E-02  9.078E-02  1.146E+04  4.881E-02
7      -- 6        154.9    806.6518    371.6504  234.875  2.629E+02  2.136E+02  9.115E-02  9.315E-02  1.137E+04  7.683E-02
8      -- 7        199.1    921.7997    325.2252  234.852  2.870E+02  2.116E+02  8.556E-02  9.115E-02  1.126E+04  1.136E-01
9      -- 8        248.9   1036.9124    289.1203  234.819  2.964E+02  2.094E+02  7.737E-02  8.556E-02  1.115E+04  1.600E-01
10     -- 9        304.2   1151.9855    260.2398  234.768  2.915E+02  2.072E+02  6.757E-02  7.737E-02  1.103E+04  2.171E-01
11     -- 10       365.0   1267.0145    236.6133  234.708  2.745E+02  2.049E+02  5.711E-02  6.757E-02  1.090E+04  2.856E-01
12     -- 11       431.3   1381.9951    216.9273  234.619  2.481E+02  2.025E+02  4.679E-02  5.711E-02  1.078E+04  3.663E-01
13     -- 12       503.1   1496.9229    200.2725  234.502  2.159E+02  2.000E+02  3.720E-02  4.679E-02  1.065E+04  4.599E-01
14     -- 13       580.5   1611.7935    185.9993  234.288  1.814E+02  1.974E+02  2.872E-02  3.720E-02  1.051E+04  5.667E-01
15     -- 14       663.4   1726.6025    173.6314  233.993  1.473E+02  1.948E+02  2.155E-02  2.872E-02  1.037E+04  6.873E-01
16     -- 15       751.7   1841.3455    162.8116  233.516  1.157E+02  1.920E+02  1.571E-02  2.155E-02  1.022E+04  8.215E-01
