* Radex version        : 30nov2011
* Geometry             : Uniform sphere
* Molecular data file  : ./data/co.dat                                                                   
* T(kin)            [K]:  255.000
* Density of H2  [cm-3]:  3.162E+05
* Density of pH2 [cm-3]:  7.906E+04
* Density of oH2 [cm-3]:  2.372E+05
* T(background)     [K]:   13.800
* Column density [cm-2]:  4.879E+20
* Line width     [km/s]:   50.000
Calculation finished in   39 iterations
      LINE         E_UP       FREQ        WAVEL     T_EX      TAU        T_R       POP        POP       FLUX        FLUX
                   (K)        (GHz)       (um)      (K)                  (K)        UP        LOW      (K*km/s) (erg/cm2/s)
1      -- 0          5.5    115.2712   2600.7576  255.494  3.253E+00  2.322E+02  3.215E-02  1.095E-02  1.236E+04  2.438E-04
2      -- 1         16.6    230.5380   1300.4037  254.294  1.265E+01  2.398E+02  5.131E-02  3.215E-02  1.276E+04  2.014E-03
3      -- 2         33.2    345.7960    866.9634  254.362  2.693E+01  2.390E+02  6.729E-02  5.131E-02  1.272E+04  6.775E-03
4      -- 3         55.3    461.0408    650.2515  254.319  4.429E+01  2.378E+02  7.931E-02  6.729E-02  1.266E+04  1.598E-02
5      -- 4         83.0    576.2679    520.2310  254.251  6.265E+01  2.364E+02  8.694E-02  7.931E-02  1.258E+04  3.100E-02
6      -- 5        116.2    691.4731    433.5562  254.179  7.989E+01  2.347E+02  9.017E-02  8.694E-02  1.249E+04  5.318E-02
7      -- 6        154.9    806.6518    371.6504  254.053  9.423E+01  2.327E+02  8.934E-02  9.017E-02  1.239E+04  8.372E-02
8      -- 7        199.1    921.7997    325.2252  253.892  1.043E+02  2.305E+02  8.506E-02  8.934E-02  1.227E+04  1.238E-01
9      -- 8        248.9   1036.9124    289.1203  253.662  1.094E+02  2.282E+02  7.813E-02  8.506E-02  1.215E+04  1.744E-01
10     -- 9        304.2   1151.9855    260.2398  253.320  1.095E+02  2.257E+02  6.943E-02  7.813E-02  1.201E+04  2.365E-01
11     -- 10       365.0   1267.0145    236.6133  252.921  1.051E+02  2.230E+02  5.979E-02  6.943E-02  1.187E+04  3.109E-01
12     -- 11       431.3   1381.9951    216.9273  252.352  9.704E+01  2.201E+02  4.997E-02  5.979E-02  1.171E+04  3.982E-01
13     -- 12       503.1   1496.9229    200.2725  251.614  8.640E+01  2.170E+02  4.056E-02  4.997E-02  1.155E+04  4.989E-01
14     -- 13       580.5   1611.7935    185.9993  250.255  7.447E+01  2.133E+02  3.198E-02  4.056E-02  1.135E+04  6.121E-01
15     -- 14       663.4   1726.6025    173.6314  248.397  6.210E+01  2.091E+02  2.449E-02  3.198E-02  1.113E+04  7.376E-01
16     -- 15       751.7   1841.3455    162.8116  245.477  5.025E+01  2.038E+02  1.819E-02  2.449E-02  1.085E+04  8.721E-01
