* Radex version        : 30nov2011
* Geometry             : Uniform sphere
* Molecular data file  : ./data/co.dat                                                                   
* T(kin)            [K]:  235.000
* Density of H2  [cm-3]:  6.310E+04
* Density of pH2 [cm-3]:  1.577E+04
* Density of oH2 [cm-3]:  4.732E+04
* T(background)     [K]:   13.800
* Column density [cm-2]:  9.736E+19
* Line width     [km/s]:   50.000
Calculation finished in   40 iterations
      LINE         E_UP       FREQ        WAVEL     T_EX      TAU        T_R       POP        POP       FLUX        FLUX
                   (K)        (GHz)       (um)      (K)                  (K)        UP        LOW      (K*km/s) (erg/cm2/s)
1      -- 0          5.5    115.2712   2600.7576  281.685  7.162E-01  1.369E+02  3.916E-02  1.331E-02  7.287E+03  1.437E-04
2      -- 1         16.6    230.5380   1300.4037  227.213  3.430E+00  2.058E+02  6.216E-02  3.916E-02  1.096E+04  1.729E-03
3      -- 2         33.2    345.7960    866.9634  224.495  7.343E+00  2.090E+02  8.082E-02  6.216E-02  1.113E+04  5.925E-03
4      -- 3         55.3    461.0408    650.2515  223.764  1.199E+01  2.073E+02  9.413E-02  8.082E-02  1.103E+04  1.393E-02
5      -- 4         83.0    576.2679    520.2310  222.636  1.682E+01  2.048E+02  1.016E-01  9.413E-02  1.090E+04  2.686E-02
6      -- 5        116.2    691.4731    433.5562  221.179  2.121E+01  2.017E+02  1.034E-01  1.016E-01  1.074E+04  4.571E-02
7      -- 6        154.9    806.6518    371.6504  218.920  2.471E+01  1.976E+02  9.993E-02  1.034E-01  1.052E+04  7.111E-02
8      -- 7        199.1    921.7997    325.2252  215.844  2.698E+01  1.926E+02  9.226E-02  9.993E-02  1.025E+04  1.034E-01
9      -- 8        248.9   1036.9124    289.1203  211.440  2.788E+01  1.861E+02  8.149E-02  9.226E-02  9.907E+03  1.423E-01
10     -- 9        304.2   1151.9855    260.2398  205.182  2.745E+01  1.778E+02  6.879E-02  8.149E-02  9.461E+03  1.863E-01
11     -- 10       365.0   1267.0145    236.6133  196.915  2.584E+01  1.673E+02  5.533E-02  6.879E-02  8.906E+03  2.333E-01
12     -- 11       431.3   1381.9951    216.9273  185.426  2.331E+01  1.537E+02  4.206E-02  5.533E-02  8.180E+03  2.781E-01
13     -- 12       503.1   1496.9229    200.2725  169.823  2.015E+01  1.360E+02  2.975E-02  4.206E-02  7.240E+03  3.128E-01
14     -- 13       580.5   1611.7935    185.9993  148.959  1.660E+01  1.133E+02  1.901E-02  2.975E-02  6.032E+03  3.253E-01
15     -- 14       663.4   1726.6025    173.6314  124.316  1.263E+01  8.725E+01  1.044E-02  1.901E-02  4.644E+03  3.078E-01
16     -- 15       751.7   1841.3455    162.8116   98.451  8.372E+00  6.063E+01  4.527E-03  1.044E-02  3.227E+03  2.595E-01
