* Radex version        : 30nov2011
* Geometry             : Uniform sphere
* Molecular data file  : ./data/co.dat                                                                   
* T(kin)            [K]:  250.000
* Density of H2  [cm-3]:  1.995E+02
* Density of pH2 [cm-3]:  4.988E+01
* Density of oH2 [cm-3]:  1.496E+02
* T(background)     [K]:   13.800
* Column density [cm-2]:  3.079E+17
* Line width     [km/s]:   50.000
Calculation finished in   22 iterations
      LINE         E_UP       FREQ        WAVEL     T_EX      TAU        T_R       POP        POP       FLUX        FLUX
                   (K)        (GHz)       (um)      (K)                  (K)        UP        LOW      (K*km/s) (erg/cm2/s)
1      -- 0          5.5    115.2712   2600.7576   23.305  2.745E-01  2.264E+00  3.514E-01  1.485E-01  1.205E+02  2.377E-06
2      -- 1         16.6    230.5380   1300.4037   16.574  9.975E-01  1.675E+00  3.004E-01  3.514E-01  8.913E+01  1.406E-05
3      -- 2         33.2    345.7960    866.9634   15.529  1.034E+00  1.002E+00  1.444E-01  3.004E-01  5.333E+01  2.840E-05
4      -- 3         55.3    461.0408    650.2515   15.284  5.506E-01  5.197E-01  4.366E-02  1.444E-01  2.766E+01  3.491E-05
5      -- 4         83.0    576.2679    520.2310   15.787  1.745E-01  2.395E-01  9.257E-03  4.366E-02  1.275E+01  3.142E-05
6      -- 5        116.2    691.4731    433.5562   17.961  3.694E-02  1.057E-01  1.724E-03  9.257E-03  5.626E+00  2.396E-05
7      -- 6        154.9    806.6518    371.6504   24.118  6.428E-03  4.637E-02  3.996E-04  1.724E-03  2.468E+00  1.668E-05
8      -- 7        199.1    921.7997    325.2252   35.197  1.317E-03  2.070E-02  1.289E-04  3.996E-04  1.102E+00  1.111E-05
9      -- 8        248.9   1036.9124    289.1203   45.521  3.904E-04  9.249E-03  4.827E-05  1.289E-04  4.923E-01  7.068E-06
10     -- 9        304.2   1151.9855    260.2398   53.593  1.401E-04  4.146E-03  1.901E-05  4.827E-05  2.207E-01  4.344E-06
11     -- 10       365.0   1267.0145    236.6133   61.369  5.345E-05  1.879E-03  7.732E-06  1.901E-05  1.000E-01  2.620E-06
12     -- 11       431.3   1381.9951    216.9273   68.101  2.132E-05  8.462E-04  3.173E-06  7.732E-06  4.504E-02  1.531E-06
13     -- 12       503.1   1496.9229    200.2725   75.898  8.530E-06  3.852E-04  1.330E-06  3.173E-06  2.050E-02  8.857E-07
14     -- 13       580.5   1611.7935    185.9993   76.068  3.699E-06  1.611E-04  5.167E-07  1.330E-06  8.573E-03  4.623E-07
15     -- 14       663.4   1726.6025    173.6314   77.354  1.467E-06  6.306E-05  1.892E-07  5.167E-07  3.356E-03  2.225E-07
16     -- 15       751.7   1841.3455    162.8116   87.749  5.143E-07  2.608E-05  7.358E-08  1.892E-07  1.388E-03  1.116E-07
