* Radex version        : 30nov2011
* Geometry             : Uniform sphere
* Molecular data file  : ./data/co.dat                                                                   
* T(kin)            [K]:  235.000
* Density of H2  [cm-3]:  1.000E+03
* Density of pH2 [cm-3]:  2.500E+02
* Density of oH2 [cm-3]:  7.500E+02
* T(background)     [K]:   13.800
* Column density [cm-2]:  1.543E+18
* Line width     [km/s]:   50.000
Calculation finished in   32 iterations
      LINE         E_UP       FREQ        WAVEL     T_EX      TAU        T_R       POP        POP       FLUX        FLUX
                   (K)        (GHz)       (um)      (K)                  (K)        UP        LOW      (K*km/s) (erg/cm2/s)
1      -- 0          5.5    115.2712   2600.7576  1.712E+03  1.125E-02  1.900E+01  2.379E-01  7.956E-02  1.011E+03  1.995E-05
2      -- 1         16.6    230.5380   1300.4037   35.367  1.867E+00  1.786E+01  2.900E-01  2.379E-01  9.505E+02  1.500E-04
3      -- 2         33.2    345.7960    866.9634   28.369  3.375E+00  1.328E+01  2.262E-01  2.900E-01  7.067E+02  3.764E-04
4      -- 3         55.3    461.0408    650.2515   23.977  3.405E+00  8.718E+00  1.156E-01  2.262E-01  4.640E+02  5.856E-04
5      -- 4         83.0    576.2679    520.2310   21.077  2.047E+00  5.121E+00  3.803E-02  1.156E-01  2.726E+02  6.718E-04
6      -- 5        116.2    691.4731    433.5562   21.048  7.162E-01  2.736E+00  9.287E-03  3.803E-02  1.456E+02  6.201E-04
7      -- 6        154.9    806.6518    371.6504   25.358  1.700E-01  1.290E+00  2.328E-03  9.287E-03  6.866E+01  4.641E-04
8      -- 7        199.1    921.7997    325.2252   34.562  3.881E-02  5.774E-01  7.336E-04  2.328E-03  3.073E+01  3.100E-04
9      -- 8        248.9   1036.9124    289.1203   44.425  1.129E-02  2.549E-01  2.675E-04  7.336E-04  1.357E+01  1.948E-04
10     -- 9        304.2   1151.9855    260.2398   52.505  3.937E-03  1.124E-01  1.031E-04  2.675E-04  5.981E+00  1.178E-04
11     -- 10       365.0   1267.0145    236.6133   59.957  1.473E-03  4.984E-02  4.098E-05  1.031E-04  2.652E+00  6.948E-05
12     -- 11       431.3   1381.9951    216.9273   66.760  5.730E-04  2.203E-02  1.649E-05  4.098E-05  1.172E+00  3.985E-05
13     -- 12       503.1   1496.9229    200.2725   74.141  2.253E-04  9.807E-03  6.759E-06  1.649E-05  5.220E-01  2.255E-05
14     -- 13       580.5   1611.7935    185.9993   75.171  9.484E-05  4.052E-03  2.594E-06  6.759E-06  2.157E-01  1.163E-05
15     -- 14       663.4   1726.6025    173.6314   76.836  3.706E-05  1.575E-03  9.432E-07  2.594E-06  8.384E-02  5.557E-06
16     -- 15       751.7   1841.3455    162.8116   86.091  1.299E-05  6.390E-04  3.597E-07  9.432E-07  3.401E-02  2.734E-06
