* Radex version        : 30nov2011
* Geometry             : Uniform sphere
* Molecular data file  : ./data/co.dat                                                                   
* T(kin)            [K]:  240.000
* Density of H2  [cm-3]:  3.162E+04
* Density of pH2 [cm-3]:  7.906E+03
* Density of oH2 [cm-3]:  2.372E+04
* T(background)     [K]:   13.800
* Column density [cm-2]:  4.879E+19
* Line width     [km/s]:   50.000
Calculation finished in   38 iterations
      LINE         E_UP       FREQ        WAVEL     T_EX      TAU        T_R       POP        POP       FLUX        FLUX
                   (K)        (GHz)       (um)      (K)                  (K)        UP        LOW      (K*km/s) (erg/cm2/s)
1      -- 0          5.5    115.2712   2600.7576  558.824  2.082E-01  1.024E+02  4.528E-02  1.524E-02  5.450E+03  1.075E-04
2      -- 1         16.6    230.5380   1300.4037  228.646  1.976E+00  1.845E+02  7.190E-02  4.528E-02  9.818E+03  1.549E-03
3      -- 2         33.2    345.7960    866.9634  210.073  4.538E+00  1.927E+02  9.301E-02  7.190E-02  1.026E+04  5.461E-03
4      -- 3         55.3    461.0408    650.2515  206.032  7.481E+00  1.895E+02  1.074E-01  9.301E-02  1.009E+04  1.273E-02
5      -- 4         83.0    576.2679    520.2310  202.433  1.051E+01  1.846E+02  1.145E-01  1.074E-01  9.826E+03  2.422E-02
6      -- 5        116.2    691.4731    433.5562  197.853  1.328E+01  1.784E+02  1.144E-01  1.145E-01  9.497E+03  4.044E-02
7      -- 6        154.9    806.6518    371.6504  191.321  1.550E+01  1.701E+02  1.079E-01  1.144E-01  9.055E+03  6.121E-02
8      -- 7        199.1    921.7997    325.2252  182.622  1.694E+01  1.595E+02  9.593E-02  1.079E-01  8.491E+03  8.565E-02
9      -- 8        248.9   1036.9124    289.1203  171.058  1.749E+01  1.460E+02  8.016E-02  9.593E-02  7.770E+03  1.116E-01
10     -- 9        304.2   1151.9855    260.2398  156.242  1.708E+01  1.292E+02  6.219E-02  8.016E-02  6.877E+03  1.354E-01
11     -- 10       365.0   1267.0145    236.6133  138.584  1.565E+01  1.096E+02  4.392E-02  6.219E-02  5.836E+03  1.529E-01
12     -- 11       431.3   1381.9951    216.9273  117.968  1.326E+01  8.735E+01  2.721E-02  4.392E-02  4.649E+03  1.580E-01
13     -- 12       503.1   1496.9229    200.2725   95.615  1.001E+01  6.375E+01  1.386E-02  2.721E-02  3.393E+03  1.466E-01
14     -- 13       580.5   1611.7935    185.9993   73.794  6.216E+00  4.138E+01  5.219E-03  1.386E-02  2.203E+03  1.188E-01
15     -- 14       663.4   1726.6025    173.6314   58.704  2.702E+00  2.473E+01  1.360E-03  5.219E-03  1.316E+03  8.724E-02
16     -- 15       751.7   1841.3455    162.8116   60.885  7.068E-01  1.362E+01  3.391E-04  1.360E-03  7.252E+02  5.831E-02
