* Radex version        : 30nov2011
* Geometry             : Uniform sphere
* Molecular data file  : ./data/co.dat                                                                   
* T(kin)            [K]:  280.000
* Density of H2  [cm-3]:  3.981E+02
* Density of pH2 [cm-3]:  9.953E+01
* Density of oH2 [cm-3]:  2.986E+02
* T(background)     [K]:    2.725
* Column density [cm-2]:  3.931E+18
* Line width     [km/s]:   50.000
Calculation finished in   34 iterations
      LINE         E_UP       FREQ        WAVEL     T_EX      TAU        T_R       POP        POP       FLUX        FLUX
                   (K)        (GHz)       (um)      (K)                  (K)        UP        LOW      (K*km/s) (erg/cm2/s)
1      -- 0          5.5    115.2712   2600.7576   46.252  1.284E+00  3.088E+01  2.714E-01  1.020E-01  1.644E+03  3.242E-05
2      -- 1         16.6    230.5380   1300.4037   28.173  6.561E+00  2.278E+01  3.054E-01  2.714E-01  1.212E+03  1.913E-04
3      -- 2         33.2    345.7960    866.9634   23.819  1.026E+01  1.644E+01  2.130E-01  3.054E-01  8.750E+02  4.659E-04
4      -- 3         55.3    461.0408    650.2515   19.156  9.286E+00  1.017E+01  8.628E-02  2.130E-01  5.412E+02  6.831E-04
5      -- 4         83.0    576.2679    520.2310   15.524  4.431E+00  5.532E+00  1.776E-02  8.628E-02  2.944E+02  7.256E-04
6      -- 5        116.2    691.4731    433.5562   16.561  9.293E-01  3.129E+00  2.829E-03  1.776E-02  1.666E+02  7.092E-04
7      -- 6        154.9    806.6518    371.6504   27.988  1.263E-01  1.537E+00  8.186E-04  2.829E-03  8.181E+01  5.530E-04
8      -- 7        199.1    921.7997    325.2252   41.257  3.167E-02  7.176E-01  3.175E-04  8.186E-04  3.819E+01  3.853E-04
9      -- 8        248.9   1036.9124    289.1203   49.431  1.172E-02  3.340E-01  1.297E-04  3.175E-04  1.778E+01  2.552E-04
10     -- 9        304.2   1151.9855    260.2398   57.000  4.637E-03  1.562E-01  5.433E-05  1.297E-04  8.312E+00  1.636E-04
11     -- 10       365.0   1267.0145    236.6133   65.093  1.883E-03  7.404E-02  2.338E-05  5.433E-05  3.941E+00  1.032E-04
12     -- 11       431.3   1381.9951    216.9273   72.262  7.945E-04  3.503E-02  1.015E-05  2.338E-05  1.864E+00  6.337E-05
13     -- 12       503.1   1496.9229    200.2725   80.273  3.367E-04  1.671E-02  4.479E-06  1.015E-05  8.894E-01  3.842E-05
14     -- 13       580.5   1611.7935    185.9993   80.399  1.540E-04  7.365E-03  1.838E-06  4.479E-06  3.920E-01  2.114E-05
15     -- 14       663.4   1726.6025    173.6314   82.113  6.443E-05  3.062E-03  7.163E-07  1.838E-06  1.630E-01  1.081E-05
16     -- 15       751.7   1841.3455    162.8116   93.014  2.402E-05  1.339E-03  2.949E-07  7.163E-07  7.124E-02  5.728E-06
