* Radex version        : 30nov2011
* Geometry             : Uniform sphere
* Molecular data file  : ./data/co.dat                                                                   
* T(kin)            [K]:  295.000
* Density of H2  [cm-3]:  6.310E+04
* Density of pH2 [cm-3]:  1.577E+04
* Density of oH2 [cm-3]:  4.732E+04
* T(background)     [K]:   13.800
* Column density [cm-2]:  9.736E+19
* Line width     [km/s]:   50.000
Calculation finished in   40 iterations
      LINE         E_UP       FREQ        WAVEL     T_EX      TAU        T_R       POP        POP       FLUX        FLUX
                   (K)        (GHz)       (um)      (K)                  (K)        UP        LOW      (K*km/s) (erg/cm2/s)
1      -- 0          5.5    115.2712   2600.7576  432.179  3.890E-01  1.348E+02  3.274E-02  1.105E-02  7.173E+03  1.415E-04
2      -- 1         16.6    230.5380   1300.4037  290.115  2.258E+00  2.468E+02  5.252E-02  3.274E-02  1.314E+04  2.073E-03
3      -- 2         33.2    345.7960    866.9634  277.249  5.059E+00  2.602E+02  6.926E-02  5.252E-02  1.385E+04  7.376E-03
4      -- 3         55.3    461.0408    650.2515  275.408  8.427E+00  2.589E+02  8.217E-02  6.926E-02  1.378E+04  1.739E-02
5      -- 4         83.0    576.2679    520.2310  273.786  1.207E+01  2.559E+02  9.078E-02  8.217E-02  1.362E+04  3.356E-02
6      -- 5        116.2    691.4731    433.5562  271.919  1.562E+01  2.524E+02  9.496E-02  9.078E-02  1.343E+04  5.719E-02
7      -- 6        154.9    806.6518    371.6504  268.929  1.878E+01  2.475E+02  9.488E-02  9.496E-02  1.318E+04  8.906E-02
8      -- 7        199.1    921.7997    325.2252  265.024  2.125E+01  2.417E+02  9.100E-02  9.488E-02  1.286E+04  1.297E-01
9      -- 8        248.9   1036.9124    289.1203  259.523  2.288E+01  2.340E+02  8.396E-02  9.100E-02  1.246E+04  1.789E-01
10     -- 9        304.2   1151.9855    260.2398  252.207  2.357E+01  2.245E+02  7.453E-02  8.396E-02  1.195E+04  2.353E-01
11     -- 10       365.0   1267.0145    236.6133  243.220  2.331E+01  2.133E+02  6.357E-02  7.453E-02  1.135E+04  2.974E-01
12     -- 11       431.3   1381.9951    216.9273  231.406  2.220E+01  1.993E+02  5.188E-02  6.357E-02  1.061E+04  3.605E-01
13     -- 12       503.1   1496.9229    200.2725  215.970  2.039E+01  1.816E+02  4.018E-02  5.188E-02  9.668E+03  4.176E-01
14     -- 13       580.5   1611.7935    185.9993  194.966  1.813E+01  1.586E+02  2.902E-02  4.018E-02  8.439E+03  4.551E-01
15     -- 14       663.4   1726.6025    173.6314  169.984  1.529E+01  1.317E+02  1.905E-02  2.902E-02  7.010E+03  4.647E-01
16     -- 15       751.7   1841.3455    162.8116  142.358  1.193E+01  1.026E+02  1.090E-02  1.905E-02  5.459E+03  4.389E-01
