* Radex version        : 30nov2011
* Geometry             : Uniform sphere
* Molecular data file  : ./data/co.dat                                                                   
* T(kin)            [K]:  295.000
* Density of H2  [cm-3]:  1.259E+03
* Density of pH2 [cm-3]:  3.147E+02
* Density of oH2 [cm-3]:  9.442E+02
* T(background)     [K]:   13.800
* Column density [cm-2]:  1.943E+18
* Line width     [km/s]:   50.000
Calculation finished in   30 iterations
      LINE         E_UP       FREQ        WAVEL     T_EX      TAU        T_R       POP        POP       FLUX        FLUX
                   (K)        (GHz)       (um)      (K)                  (K)        UP        LOW      (K*km/s) (erg/cm2/s)
1      -- 0          5.5    115.2712   2600.7576 -113.270 -1.780E-01  2.480E+01  2.030E-01  6.443E-02  1.320E+03  2.604E-05
2      -- 1         16.6    230.5380   1300.4037   46.905  1.568E+00  2.580E+01  2.672E-01  2.030E-01  1.373E+03  2.167E-04
3      -- 2         33.2    345.7960    866.9634   35.995  3.265E+00  2.040E+01  2.359E-01  2.672E-01  1.086E+03  5.781E-04
4      -- 3         55.3    461.0408    650.2515   30.073  3.864E+00  1.447E+01  1.453E-01  2.359E-01  7.702E+02  9.720E-04
5      -- 4         83.0    576.2679    520.2310   25.428  2.940E+00  9.234E+00  5.986E-02  1.453E-01  4.915E+02  1.211E-03
6      -- 5        116.2    691.4731    433.5562   23.537  1.352E+00  5.505E+00  1.727E-02  5.986E-02  2.930E+02  1.248E-03
7      -- 6        154.9    806.6518    371.6504   26.371  3.912E-01  2.945E+00  4.591E-03  1.727E-02  1.568E+02  1.060E-03
8      -- 7        199.1    921.7997    325.2252   35.495  9.507E-02  1.450E+00  1.496E-03  4.591E-03  7.717E+01  7.784E-04
9      -- 8        248.9   1036.9124    289.1203   46.945  2.811E-02  6.928E-01  5.793E-04  1.496E-03  3.687E+01  5.294E-04
10     -- 9        304.2   1151.9855    260.2398   56.638  1.027E-02  3.312E-01  2.412E-04  5.793E-04  1.763E+01  3.470E-04
11     -- 10       365.0   1267.0145    236.6133   65.579  4.113E-03  1.603E-01  1.045E-04  2.412E-04  8.532E+00  2.235E-04
12     -- 11       431.3   1381.9951    216.9273   73.737  1.734E-03  7.783E-02  4.622E-05  1.045E-04  4.142E+00  1.408E-04
13     -- 12       503.1   1496.9229    200.2725   81.969  7.478E-04  3.800E-02  2.078E-05  4.622E-05  2.022E+00  8.736E-05
14     -- 13       580.5   1611.7935    185.9993   83.071  3.461E-04  1.731E-02  8.795E-06  2.078E-05  9.214E-01  4.968E-05
15     -- 14       663.4   1726.6025    173.6314   85.340  1.489E-04  7.491E-03  3.560E-06  8.795E-06  3.987E-01  2.643E-05
16     -- 15       751.7   1841.3455    162.8116   96.074  5.786E-05  3.380E-03  1.511E-06  3.560E-06  1.799E-01  1.446E-05
