* Radex version        : 30nov2011
* Geometry             : Uniform sphere
* Molecular data file  : ./data/co.dat                                                                   
* T(kin)            [K]:  260.000
* Density of H2  [cm-3]:  5.012E+05
* Density of pH2 [cm-3]:  1.253E+05
* Density of oH2 [cm-3]:  3.759E+05
* T(background)     [K]:   13.800
* Column density [cm-2]:  7.733E+20
* Line width     [km/s]:   50.000
Calculation finished in   38 iterations
      LINE         E_UP       FREQ        WAVEL     T_EX      TAU        T_R       POP        POP       FLUX        FLUX
                   (K)        (GHz)       (um)      (K)                  (K)        UP        LOW      (K*km/s) (erg/cm2/s)
1      -- 0          5.5    115.2712   2600.7576  259.979  4.935E+00  2.442E+02  3.133E-02  1.067E-02  1.300E+04  2.564E-04
2      -- 1         16.6    230.5380   1300.4037  259.718  1.913E+01  2.452E+02  5.003E-02  3.133E-02  1.305E+04  2.060E-03
3      -- 2         33.2    345.7960    866.9634  259.728  4.078E+01  2.444E+02  6.571E-02  5.003E-02  1.301E+04  6.927E-03
4      -- 3         55.3    461.0408    650.2515  259.711  6.718E+01  2.432E+02  7.758E-02  6.571E-02  1.295E+04  1.634E-02
5      -- 4         83.0    576.2679    520.2310  259.683  9.521E+01  2.418E+02  8.524E-02  7.758E-02  1.287E+04  3.172E-02
6      -- 5        116.2    691.4731    433.5562  259.653  1.217E+02  2.401E+02  8.866E-02  8.524E-02  1.278E+04  5.442E-02
7      -- 6        154.9    806.6518    371.6504  259.600  1.439E+02  2.382E+02  8.812E-02  8.866E-02  1.268E+04  8.571E-02
8      -- 7        199.1    921.7997    325.2252  259.534  1.598E+02  2.362E+02  8.422E-02  8.812E-02  1.257E+04  1.268E-01
9      -- 8        248.9   1036.9124    289.1203  259.438  1.683E+02  2.340E+02  7.770E-02  8.422E-02  1.245E+04  1.788E-01
10     -- 9        304.2   1151.9855    260.2398  259.296  1.690E+02  2.316E+02  6.939E-02  7.770E-02  1.233E+04  2.427E-01
11     -- 10       365.0   1267.0145    236.6133  259.134  1.630E+02  2.292E+02  6.010E-02  6.939E-02  1.220E+04  3.195E-01
12     -- 11       431.3   1381.9951    216.9273  258.901  1.512E+02  2.266E+02  5.056E-02  6.010E-02  1.206E+04  4.100E-01
13     -- 12       503.1   1496.9229    200.2725  258.611  1.353E+02  2.240E+02  4.136E-02  5.056E-02  1.192E+04  5.149E-01
14     -- 13       580.5   1611.7935    185.9993  258.060  1.172E+02  2.210E+02  3.292E-02  4.136E-02  1.176E+04  6.344E-01
15     -- 14       663.4   1726.6025    173.6314  257.335  9.834E+01  2.179E+02  2.550E-02  3.292E-02  1.160E+04  7.689E-01
16     -- 15       751.7   1841.3455    162.8116  256.220  8.002E+01  2.144E+02  1.923E-02  2.550E-02  1.141E+04  9.176E-01
