* Radex version        : 30nov2011
* Geometry             : Uniform sphere
* Molecular data file  : ./data/co.dat                                                                   
* T(kin)            [K]:  210.000
* Density of H2  [cm-3]:  7.943E+03
* Density of pH2 [cm-3]:  1.986E+03
* Density of oH2 [cm-3]:  5.957E+03
* T(background)     [K]:   13.800
* Column density [cm-2]:  1.226E+19
* Line width     [km/s]:   50.000
Calculation finished in   35 iterations
      LINE         E_UP       FREQ        WAVEL     T_EX      TAU        T_R       POP        POP       FLUX        FLUX
                   (K)        (GHz)       (um)      (K)                  (K)        UP        LOW      (K*km/s) (erg/cm2/s)
1      -- 0          5.5    115.2712   2600.7576 -217.349 -2.492E-01  6.547E+01  8.541E-02  2.775E-02  3.485E+03  6.874E-05
2      -- 1         16.6    230.5380   1300.4037  148.246  1.425E+00  1.016E+02  1.321E-01  8.541E-02  5.409E+03  8.534E-04
3      -- 2         33.2    345.7960    866.9634  116.796  3.652E+00  9.893E+01  1.605E-01  1.321E-01  5.266E+03  2.804E-03
4      -- 3         55.3    461.0408    650.2515  106.659  5.965E+00  9.017E+01  1.677E-01  1.605E-01  4.799E+03  6.057E-03
5      -- 4         83.0    576.2679    520.2310   96.908  8.013E+00  7.940E+01  1.540E-01  1.677E-01  4.226E+03  1.042E-02
6      -- 5        116.2    691.4731    433.5562   85.453  9.348E+00  6.663E+01  1.235E-01  1.540E-01  3.547E+03  1.510E-02
7      -- 6        154.9    806.6518    371.6504   72.108  9.525E+00  5.198E+01  8.327E-02  1.235E-01  2.767E+03  1.870E-02
8      -- 7        199.1    921.7997    325.2252   57.982  8.151E+00  3.677E+01  4.400E-02  8.327E-02  1.957E+03  1.974E-02
9      -- 8        248.9   1036.9124    289.1203   45.036  5.339E+00  2.314E+01  1.629E-02  4.400E-02  1.232E+03  1.769E-02
10     -- 9        304.2   1151.9855    260.2398   37.064  2.267E+00  1.347E+01  4.051E-03  1.629E-02  7.169E+02  1.411E-02
11     -- 10       365.0   1267.0145    236.6133   40.286  5.617E-01  7.093E+00  9.807E-04  4.051E-03  3.775E+02  9.889E-03
12     -- 11       431.3   1381.9951    216.9273   55.740  1.204E-01  3.227E+00  3.243E-04  9.807E-04  1.718E+02  5.838E-03
13     -- 12       503.1   1496.9229    200.2725   69.082  3.667E-02  1.400E+00  1.238E-04  3.243E-04  7.451E+01  3.219E-03
14     -- 13       580.5   1611.7935    185.9993   74.290  1.389E-02  5.784E-01  4.695E-05  1.238E-04  3.079E+01  1.660E-03
15     -- 14       663.4   1726.6025    173.6314   77.803  5.290E-03  2.289E-01  1.730E-05  4.695E-05  1.218E+01  8.076E-04
16     -- 15       751.7   1841.3455    162.8116   84.376  1.914E-03  9.107E-02  6.461E-06  1.730E-05  4.847E+00  3.897E-04
