* Radex version        : 30nov2011
* Geometry             : Uniform sphere
* Molecular data file  : ./data/co.dat                                                                   
* T(kin)            [K]:  240.000
* Density of H2  [cm-3]:  5.012E+04
* Density of pH2 [cm-3]:  1.253E+04
* Density of oH2 [cm-3]:  3.759E+04
* T(background)     [K]:   13.800
* Column density [cm-2]:  7.733E+19
* Line width     [km/s]:   50.000
Calculation finished in   39 iterations
      LINE         E_UP       FREQ        WAVEL     T_EX      TAU        T_R       POP        POP       FLUX        FLUX
                   (K)        (GHz)       (um)      (K)                  (K)        UP        LOW      (K*km/s) (erg/cm2/s)
1      -- 0          5.5    115.2712   2600.7576  329.333  4.993E-01  1.240E+02  4.024E-02  1.364E-02  6.597E+03  1.301E-04
2      -- 1         16.6    230.5380   1300.4037  230.861  2.757E+00  2.026E+02  6.393E-02  4.024E-02  1.079E+04  1.702E-03
3      -- 2         33.2    345.7960    866.9634  224.125  6.008E+00  2.083E+02  8.311E-02  6.393E-02  1.109E+04  5.904E-03
4      -- 3         55.3    461.0408    650.2515  222.724  9.839E+00  2.063E+02  9.675E-02  8.311E-02  1.098E+04  1.386E-02
5      -- 4         83.0    576.2679    520.2310  221.006  1.382E+01  2.032E+02  1.043E-01  9.675E-02  1.081E+04  2.665E-02
6      -- 5        116.2    691.4731    433.5562  218.767  1.747E+01  1.993E+02  1.060E-01  1.043E-01  1.061E+04  4.517E-02
7      -- 6        154.9    806.6518    371.6504  215.376  2.043E+01  1.941E+02  1.021E-01  1.060E-01  1.033E+04  6.983E-02
8      -- 7        199.1    921.7997    325.2252  210.755  2.238E+01  1.875E+02  9.384E-02  1.021E-01  9.982E+03  1.007E-01
9      -- 8        248.9   1036.9124    289.1203  204.254  2.323E+01  1.790E+02  8.220E-02  9.384E-02  9.527E+03  1.368E-01
10     -- 9        304.2   1151.9855    260.2398  195.296  2.296E+01  1.679E+02  6.846E-02  8.220E-02  8.938E+03  1.760E-01
11     -- 10       365.0   1267.0145    236.6133  183.774  2.166E+01  1.543E+02  5.385E-02  6.846E-02  8.212E+03  2.151E-01
12     -- 11       431.3   1381.9951    216.9273  168.593  1.949E+01  1.371E+02  3.950E-02  5.385E-02  7.295E+03  2.480E-01
13     -- 12       503.1   1496.9229    200.2725  149.285  1.665E+01  1.158E+02  2.636E-02  3.950E-02  6.165E+03  2.663E-01
14     -- 13       580.5   1611.7935    185.9993  125.563  1.327E+01  9.055E+01  1.529E-02  2.636E-02  4.819E+03  2.599E-01
15     -- 14       663.4   1726.6025    173.6314  100.091  9.342E+00  6.410E+01  7.143E-03  1.529E-02  3.412E+03  2.262E-01
16     -- 15       751.7   1841.3455    162.8116   77.169  5.239E+00  4.087E+01  2.419E-03  7.143E-03  2.176E+03  1.749E-01
