* Radex version        : 30nov2011
* Geometry             : Uniform sphere
* Molecular data file  : ./data/co.dat                                                                   
* T(kin)            [K]:  220.000
* Density of H2  [cm-3]:  1.000E+03
* Density of pH2 [cm-3]:  2.500E+02
* Density of oH2 [cm-3]:  7.500E+02
* T(background)     [K]:   13.800
* Column density [cm-2]:  1.543E+18
* Line width     [km/s]:   50.000
Calculation finished in   30 iterations
      LINE         E_UP       FREQ        WAVEL     T_EX      TAU        T_R       POP        POP       FLUX        FLUX
                   (K)        (GHz)       (um)      (K)                  (K)        UP        LOW      (K*km/s) (erg/cm2/s)
1      -- 0          5.5    115.2712   2600.7576  498.064  3.935E-02  1.868E+01  2.411E-01  8.125E-02  9.942E+02  1.961E-05
2      -- 1         16.6    230.5380   1300.4037   34.526  1.931E+00  1.735E+01  2.916E-01  2.411E-01  9.233E+02  1.457E-04
3      -- 2         33.2    345.7960    866.9634   27.845  3.440E+00  1.282E+01  2.249E-01  2.916E-01  6.821E+02  3.632E-04
4      -- 3         55.3    461.0408    650.2515   23.543  3.424E+00  8.333E+00  1.130E-01  2.249E-01  4.435E+02  5.598E-04
5      -- 4         83.0    576.2679    520.2310   20.725  2.018E+00  4.834E+00  3.636E-02  1.130E-01  2.573E+02  6.341E-04
6      -- 5        116.2    691.4731    433.5562   20.725  6.892E-01  2.534E+00  8.665E-03  3.636E-02  1.349E+02  5.743E-04
7      -- 6        154.9    806.6518    371.6504   24.944  1.597E-01  1.168E+00  2.118E-03  8.665E-03  6.215E+01  4.201E-04
8      -- 7        199.1    921.7997    325.2252   33.881  3.565E-02  5.104E-01  6.504E-04  2.118E-03  2.717E+01  2.740E-04
9      -- 8        248.9   1036.9124    289.1203   43.448  1.013E-02  2.200E-01  2.312E-04  6.504E-04  1.171E+01  1.681E-04
10     -- 9        304.2   1151.9855    260.2398   51.214  3.451E-03  9.449E-02  8.684E-05  2.312E-04  5.029E+00  9.901E-05
11     -- 10       365.0   1267.0145    236.6133   58.258  1.261E-03  4.069E-02  3.349E-05  8.684E-05  2.166E+00  5.674E-05
12     -- 11       431.3   1381.9951    216.9273   64.682  4.770E-04  1.743E-02  1.306E-05  3.349E-05  9.275E-01  3.153E-05
13     -- 12       503.1   1496.9229    200.2725   71.768  1.818E-04  7.516E-03  5.182E-06  1.306E-05  4.000E-01  1.728E-05
14     -- 13       580.5   1611.7935    185.9993   72.869  7.401E-05  3.007E-03  1.925E-06  5.182E-06  1.600E-01  8.629E-06
15     -- 14       663.4   1726.6025    173.6314   74.410  2.799E-05  1.128E-03  6.758E-07  1.925E-06  6.006E-02  3.981E-06
16     -- 15       751.7   1841.3455    162.8116   83.130  9.495E-06  4.413E-04  2.485E-07  6.758E-07  2.349E-02  1.889E-06
