* Radex version        : 30nov2011
* Geometry             : Uniform sphere
* Molecular data file  : ./data/co.dat                                                                   
* T(kin)            [K]:  225.000
* Density of H2  [cm-3]:  1.000E+04
* Density of pH2 [cm-3]:  2.500E+03
* Density of oH2 [cm-3]:  7.500E+03
* T(background)     [K]:   13.800
* Column density [cm-2]:  1.543E+19
* Line width     [km/s]:   50.000
Calculation finished in   36 iterations
      LINE         E_UP       FREQ        WAVEL     T_EX      TAU        T_R       POP        POP       FLUX        FLUX
                   (K)        (GHz)       (um)      (K)                  (K)        UP        LOW      (K*km/s) (erg/cm2/s)
1      -- 0          5.5    115.2712   2600.7576 -250.657 -2.361E-01  7.048E+01  7.401E-02  2.413E-02  3.751E+03  7.400E-05
2      -- 1         16.6    230.5380   1300.4037  176.550  1.313E+00  1.185E+02  1.159E-01  7.401E-02  6.307E+03  9.951E-04
3      -- 2         33.2    345.7960    866.9634  137.473  3.462E+00  1.184E+02  1.438E-01  1.159E-01  6.301E+03  3.355E-03
4      -- 3         55.3    461.0408    650.2515  126.755  5.751E+00  1.101E+02  1.552E-01  1.438E-01  5.859E+03  7.395E-03
5      -- 4         83.0    576.2679    520.2310  117.283  7.903E+00  9.965E+01  1.499E-01  1.552E-01  5.304E+03  1.307E-02
6      -- 5        116.2    691.4731    433.5562  106.162  9.551E+00  8.713E+01  1.296E-01  1.499E-01  4.638E+03  1.975E-02
7      -- 6        154.9    806.6518    371.6504   92.670  1.034E+01  7.216E+01  9.844E-02  1.296E-01  3.841E+03  2.596E-02
8      -- 7        199.1    921.7997    325.2252   77.452  9.890E+00  5.555E+01  6.302E-02  9.844E-02  2.957E+03  2.983E-02
9      -- 8        248.9   1036.9124    289.1203   61.661  7.971E+00  3.869E+01  3.143E-02  6.302E-02  2.059E+03  2.956E-02
10     -- 9        304.2   1151.9855    260.2398   47.821  4.868E+00  2.418E+01  1.093E-02  3.143E-02  1.287E+03  2.533E-02
11     -- 10       365.0   1267.0145    236.6133   40.577  1.902E+00  1.425E+01  2.675E-03  1.093E-02  7.583E+02  1.986E-02
12     -- 11       431.3   1381.9951    216.9273   47.005  4.491E-01  7.543E+00  7.091E-04  2.675E-03  4.015E+02  1.365E-02
13     -- 12       503.1   1496.9229    200.2725   65.160  1.043E-01  3.497E+00  2.543E-04  7.091E-04  1.861E+02  8.041E-03
14     -- 13       580.5   1611.7935    185.9993   75.689  3.555E-02  1.509E+00  9.830E-05  2.543E-04  8.030E+01  4.330E-03
15     -- 14       663.4   1726.6025    173.6314   80.772  1.365E-02  6.250E-01  3.767E-05  9.830E-05  3.327E+01  2.205E-03
16     -- 15       751.7   1841.3455    162.8116   87.848  5.128E-03  2.598E-01  1.466E-05  3.767E-05  1.383E+01  1.112E-03
