* Radex version        : 30nov2011
* Geometry             : Uniform sphere
* Molecular data file  : ./data/co.dat                                                                   
* T(kin)            [K]:  280.000
* Density of H2  [cm-3]:  3.162E+02
* Density of pH2 [cm-3]:  7.906E+01
* Density of oH2 [cm-3]:  2.372E+02
* T(background)     [K]:    2.725
* Column density [cm-2]:  3.123E+18
* Line width     [km/s]:   50.000
Calculation finished in   34 iterations
      LINE         E_UP       FREQ        WAVEL     T_EX      TAU        T_R       POP        POP       FLUX        FLUX
                   (K)        (GHz)       (um)      (K)                  (K)        UP        LOW      (K*km/s) (erg/cm2/s)
1      -- 0          5.5    115.2712   2600.7576   34.568  1.579E+00  2.464E+01  3.076E-01  1.203E-01  1.312E+03  2.587E-05
2      -- 1         16.6    230.5380   1300.4037   22.990  6.947E+00  1.769E+01  3.168E-01  3.076E-01  9.415E+02  1.486E-04
3      -- 2         33.2    345.7960    866.9634   19.166  9.761E+00  1.201E+01  1.866E-01  3.168E-01  6.394E+02  3.405E-04
4      -- 3         55.3    461.0408    650.2515   15.386  7.194E+00  6.876E+00  5.695E-02  1.866E-01  3.659E+02  4.618E-04
5      -- 4         83.0    576.2679    520.2310   13.450  2.436E+00  3.701E+00  8.905E-03  5.695E-02  1.970E+02  4.855E-04
6      -- 5        116.2    691.4731    433.5562   18.423  3.573E-01  1.971E+00  1.737E-03  8.905E-03  1.049E+02  4.467E-04
7      -- 6        154.9    806.6518    371.6504   31.859  5.782E-02  9.174E-01  5.947E-04  1.737E-03  4.883E+01  3.301E-04
8      -- 7        199.1    921.7997    325.2252   42.151  1.806E-02  4.265E-01  2.360E-04  5.947E-04  2.270E+01  2.290E-04
9      -- 8        248.9   1036.9124    289.1203   49.569  6.910E-03  1.982E-01  9.664E-05  2.360E-04  1.055E+01  1.515E-04
10     -- 9        304.2   1151.9855    260.2398   57.075  2.743E-03  9.266E-02  4.055E-05  9.664E-05  4.932E+00  9.710E-05
11     -- 10       365.0   1267.0145    236.6133   65.046  1.117E-03  4.388E-02  1.744E-05  4.055E-05  2.335E+00  6.118E-05
12     -- 11       431.3   1381.9951    216.9273   72.144  4.711E-04  2.072E-02  7.558E-06  1.744E-05  1.103E+00  3.749E-05
13     -- 12       503.1   1496.9229    200.2725   80.118  1.994E-04  9.867E-03  3.330E-06  7.558E-06  5.252E-01  2.269E-05
14     -- 13       580.5   1611.7935    185.9993   80.042  9.117E-05  4.330E-03  1.361E-06  3.330E-06  2.305E-01  1.243E-05
15     -- 14       663.4   1726.6025    173.6314   81.590  3.802E-05  1.789E-03  5.268E-07  1.361E-06  9.522E-02  6.312E-06
16     -- 15       751.7   1841.3455    162.8116   92.691  1.406E-05  7.793E-04  2.161E-07  5.268E-07  4.148E-02  3.335E-06
