* Radex version        : 30nov2011
* Geometry             : Uniform sphere
* Molecular data file  : ./data/co.dat                                                                   
* T(kin)            [K]:  225.000
* Density of H2  [cm-3]:  1.995E+05
* Density of pH2 [cm-3]:  4.988E+04
* Density of oH2 [cm-3]:  1.496E+05
* T(background)     [K]:   13.800
* Column density [cm-2]:  3.079E+20
* Line width     [km/s]:   50.000
Calculation finished in   40 iterations
      LINE         E_UP       FREQ        WAVEL     T_EX      TAU        T_R       POP        POP       FLUX        FLUX
                   (K)        (GHz)       (um)      (K)                  (K)        UP        LOW      (K*km/s) (erg/cm2/s)
1      -- 0          5.5    115.2712   2600.7576  226.231  2.647E+00  1.972E+02  3.667E-02  1.252E-02  1.050E+04  2.071E-04
2      -- 1         16.6    230.5380   1300.4037  223.774  1.031E+01  2.093E+02  5.816E-02  3.667E-02  1.114E+04  1.758E-03
3      -- 2         33.2    345.7960    866.9634  223.900  2.178E+01  2.086E+02  7.561E-02  5.816E-02  1.110E+04  5.912E-03
4      -- 3         55.3    461.0408    650.2515  223.813  3.547E+01  2.074E+02  8.806E-02  7.561E-02  1.104E+04  1.393E-02
5      -- 4         83.0    576.2679    520.2310  223.684  4.953E+01  2.058E+02  9.512E-02  8.806E-02  1.096E+04  2.700E-02
6      -- 5        116.2    691.4731    433.5562  223.529  6.216E+01  2.041E+02  9.690E-02  9.512E-02  1.086E+04  4.624E-02
7      -- 6        154.9    806.6518    371.6504  223.275  7.196E+01  2.020E+02  9.401E-02  9.690E-02  1.075E+04  7.267E-02
8      -- 7        199.1    921.7997    325.2252  222.939  7.795E+01  1.997E+02  8.737E-02  9.401E-02  1.063E+04  1.072E-01
9      -- 8        248.9   1036.9124    289.1203  222.461  7.980E+01  1.971E+02  7.807E-02  8.737E-02  1.049E+04  1.506E-01
10     -- 9        304.2   1151.9855    260.2398  221.735  7.771E+01  1.942E+02  6.725E-02  7.807E-02  1.034E+04  2.035E-01
11     -- 10       365.0   1267.0145    236.6133  220.829  7.237E+01  1.911E+02  5.592E-02  6.725E-02  1.017E+04  2.664E-01
12     -- 11       431.3   1381.9951    216.9273  219.478  6.462E+01  1.874E+02  4.493E-02  5.592E-02  9.976E+03  3.391E-01
13     -- 12       503.1   1496.9229    200.2725  217.535  5.551E+01  1.832E+02  3.488E-02  4.493E-02  9.750E+03  4.212E-01
14     -- 13       580.5   1611.7935    185.9993  214.101  4.608E+01  1.775E+02  2.610E-02  3.488E-02  9.445E+03  5.093E-01
15     -- 14       663.4   1726.6025    173.6314  208.899  3.692E+01  1.700E+02  1.877E-02  2.610E-02  9.048E+03  5.998E-01
16     -- 15       751.7   1841.3455    162.8116  200.292  2.867E+01  1.592E+02  1.285E-02  1.877E-02  8.473E+03  6.813E-01
