* Radex version        : 30nov2011
* Geometry             : Uniform sphere
* Molecular data file  : ./data/co.dat                                                                   
* T(kin)            [K]:  220.000
* Density of H2  [cm-3]:  6.310E+04
* Density of pH2 [cm-3]:  1.577E+04
* Density of oH2 [cm-3]:  4.732E+04
* T(background)     [K]:   13.800
* Column density [cm-2]:  9.736E+19
* Line width     [km/s]:   50.000
Calculation finished in   39 iterations
      LINE         E_UP       FREQ        WAVEL     T_EX      TAU        T_R       POP        POP       FLUX        FLUX
                   (K)        (GHz)       (um)      (K)                  (K)        UP        LOW      (K*km/s) (erg/cm2/s)
1      -- 0          5.5    115.2712   2600.7576  253.730  8.394E-01  1.362E+02  4.129E-02  1.407E-02  7.248E+03  1.430E-04
2      -- 1         16.6    230.5380   1300.4037  212.635  3.859E+00  1.940E+02  6.533E-02  4.129E-02  1.032E+04  1.629E-03
3      -- 2         33.2    345.7960    866.9634  211.134  8.187E+00  1.958E+02  8.455E-02  6.533E-02  1.042E+04  5.549E-03
4      -- 3         55.3    461.0408    650.2515  210.495  1.330E+01  1.941E+02  9.786E-02  8.455E-02  1.033E+04  1.304E-02
5      -- 4         83.0    576.2679    520.2310  209.475  1.851E+01  1.916E+02  1.048E-01  9.786E-02  1.020E+04  2.514E-02
6      -- 5        116.2    691.4731    433.5562  208.121  2.314E+01  1.887E+02  1.056E-01  1.048E-01  1.004E+04  4.276E-02
7      -- 6        154.9    806.6518    371.6504  206.042  2.669E+01  1.848E+02  1.010E-01  1.056E-01  9.836E+03  6.649E-02
8      -- 7        199.1    921.7997    325.2252  203.168  2.878E+01  1.800E+02  9.205E-02  1.010E-01  9.580E+03  9.663E-02
9      -- 8        248.9   1036.9124    289.1203  199.027  2.935E+01  1.738E+02  8.012E-02  9.205E-02  9.250E+03  1.328E-01
10     -- 9        304.2   1151.9855    260.2398  193.019  2.846E+01  1.657E+02  6.650E-02  8.012E-02  8.818E+03  1.736E-01
11     -- 10       365.0   1267.0145    236.6133  184.901  2.635E+01  1.554E+02  5.242E-02  6.650E-02  8.272E+03  2.167E-01
12     -- 11       431.3   1381.9951    216.9273  173.425  2.334E+01  1.418E+02  3.887E-02  5.242E-02  7.549E+03  2.566E-01
13     -- 12       503.1   1496.9229    200.2725  157.682  1.976E+01  1.241E+02  2.662E-02  3.887E-02  6.604E+03  2.853E-01
14     -- 13       580.5   1611.7935    185.9993  136.786  1.584E+01  1.014E+02  1.624E-02  2.662E-02  5.400E+03  2.912E-01
15     -- 14       663.4   1726.6025    173.6314  112.350  1.157E+01  7.576E+01  8.304E-03  1.624E-02  4.032E+03  2.673E-01
16     -- 15       751.7   1841.3455    162.8116   87.524  7.148E+00  5.046E+01  3.221E-03  8.304E-03  2.686E+03  2.160E-01
