* Radex version        : 30nov2011
* Geometry             : Uniform sphere
* Molecular data file  : ./data/co.dat                                                                   
* T(kin)            [K]:  255.000
* Density of H2  [cm-3]:  2.512E+05
* Density of pH2 [cm-3]:  6.280E+04
* Density of oH2 [cm-3]:  1.884E+05
* T(background)     [K]:    2.725
* Column density [cm-2]:  2.481E+21
* Line width     [km/s]:   50.000
Calculation finished in   41 iterations
      LINE         E_UP       FREQ        WAVEL     T_EX      TAU        T_R       POP        POP       FLUX        FLUX
                   (K)        (GHz)       (um)      (K)                  (K)        UP        LOW      (K*km/s) (erg/cm2/s)
1      -- 0          5.5    115.2712   2600.7576  254.838  1.642E+01  2.512E+02  3.185E-02  1.085E-02  1.337E+04  2.638E-04
2      -- 1         16.6    230.5380   1300.4037  254.834  6.355E+01  2.491E+02  5.083E-02  3.185E-02  1.326E+04  2.092E-03
3      -- 2         33.2    345.7960    866.9634  254.829  1.354E+02  2.466E+02  6.667E-02  5.083E-02  1.312E+04  6.989E-03
4      -- 3         55.3    461.0408    650.2515  254.823  2.227E+02  2.439E+02  7.859E-02  6.667E-02  1.298E+04  1.638E-02
5      -- 4         83.0    576.2679    520.2310  254.807  3.150E+02  2.412E+02  8.618E-02  7.859E-02  1.284E+04  3.164E-02
6      -- 5        116.2    691.4731    433.5562  254.790  4.017E+02  2.386E+02  8.941E-02  8.618E-02  1.270E+04  5.406E-02
7      -- 6        154.9    806.6518    371.6504  254.758  4.738E+02  2.359E+02  8.862E-02  8.941E-02  1.256E+04  8.487E-02
8      -- 7        199.1    921.7997    325.2252  254.719  5.244E+02  2.332E+02  8.442E-02  8.862E-02  1.241E+04  1.252E-01
9      -- 8        248.9   1036.9124    289.1203  254.661  5.502E+02  2.306E+02  7.761E-02  8.442E-02  1.227E+04  1.762E-01
10     -- 9        304.2   1151.9855    260.2398  254.575  5.505E+02  2.279E+02  6.903E-02  7.761E-02  1.213E+04  2.388E-01
11     -- 10       365.0   1267.0145    236.6133  254.475  5.286E+02  2.253E+02  5.954E-02  6.903E-02  1.199E+04  3.141E-01
12     -- 11       431.3   1381.9951    216.9273  254.331  4.879E+02  2.226E+02  4.986E-02  5.954E-02  1.185E+04  4.028E-01
13     -- 12       503.1   1496.9229    200.2725  254.151  4.345E+02  2.199E+02  4.059E-02  4.986E-02  1.171E+04  5.056E-01
14     -- 13       580.5   1611.7935    185.9993  253.810  3.743E+02  2.171E+02  3.214E-02  4.059E-02  1.155E+04  6.231E-01
15     -- 14       663.4   1726.6025    173.6314  253.357  3.121E+02  2.142E+02  2.477E-02  3.214E-02  1.140E+04  7.557E-01
16     -- 15       751.7   1841.3455    162.8116  252.657  2.523E+02  2.110E+02  1.859E-02  2.477E-02  1.123E+04  9.031E-01
