* Radex version        : 30nov2011
* Geometry             : Uniform sphere
* Molecular data file  : ./data/co.dat                                                                   
* T(kin)            [K]:  295.000
* Density of H2  [cm-3]:  7.943E+03
* Density of pH2 [cm-3]:  1.986E+03
* Density of oH2 [cm-3]:  5.957E+03
* T(background)     [K]:   13.800
* Column density [cm-2]:  1.226E+19
* Line width     [km/s]:   50.000
Calculation finished in   35 iterations
      LINE         E_UP       FREQ        WAVEL     T_EX      TAU        T_R       POP        POP       FLUX        FLUX
                   (K)        (GHz)       (um)      (K)                  (K)        UP        LOW      (K*km/s) (erg/cm2/s)
1      -- 0          5.5    115.2712   2600.7576 -104.634 -4.371E-01  6.504E+01  7.311E-02  2.311E-02  3.462E+03  6.828E-05
2      -- 1         16.6    230.5380   1300.4037  234.612  7.814E-01  1.194E+02  1.162E-01  7.311E-02  6.353E+03  1.002E-03
3      -- 2         33.2    345.7960    866.9634  145.698  2.612E+00  1.209E+02  1.452E-01  1.162E-01  6.433E+03  3.425E-03
4      -- 3         55.3    461.0408    650.2515  128.716  4.550E+00  1.112E+02  1.572E-01  1.452E-01  5.919E+03  7.470E-03
5      -- 4         83.0    576.2679    520.2310  116.827  6.380E+00  9.907E+01  1.516E-01  1.572E-01  5.273E+03  1.299E-02
6      -- 5        116.2    691.4731    433.5562  104.357  7.789E+00  8.531E+01  1.304E-01  1.516E-01  4.541E+03  1.933E-02
7      -- 6        154.9    806.6518    371.6504   89.936  8.470E+00  6.946E+01  9.783E-02  1.304E-01  3.697E+03  2.499E-02
8      -- 7        199.1    921.7997    325.2252   74.500  8.033E+00  5.267E+01  6.122E-02  9.783E-02  2.803E+03  2.828E-02
9      -- 8        248.9   1036.9124    289.1203   59.323  6.306E+00  3.642E+01  2.957E-02  6.122E-02  1.939E+03  2.783E-02
10     -- 9        304.2   1151.9855    260.2398   47.328  3.659E+00  2.331E+01  1.016E-02  2.957E-02  1.241E+03  2.442E-02
11     -- 10       365.0   1267.0145    236.6133   43.703  1.359E+00  1.440E+01  2.769E-03  1.016E-02  7.666E+02  2.008E-02
12     -- 11       431.3   1381.9951    216.9273   54.865  3.426E-01  8.029E+00  8.984E-04  2.769E-03  4.273E+02  1.453E-02
13     -- 12       503.1   1496.9229    200.2725   74.973  9.685E-02  4.090E+00  3.722E-04  8.984E-04  2.177E+02  9.403E-03
14     -- 13       580.5   1611.7935    185.9993   84.871  3.861E-02  1.958E+00  1.607E-04  3.722E-04  1.042E+02  5.620E-03
15     -- 14       663.4   1726.6025    173.6314   90.483  1.657E-02  9.053E-01  6.874E-05  1.607E-04  4.819E+01  3.194E-03
16     -- 15       751.7   1841.3455    162.8116   99.919  6.879E-03  4.252E-01  3.022E-05  6.874E-05  2.263E+01  1.819E-03
