* Radex version        : 30nov2011
* Geometry             : Uniform sphere
* Molecular data file  : ./data/co.dat                                                                   
* T(kin)            [K]:  210.000
* Density of H2  [cm-3]:  2.512E+05
* Density of pH2 [cm-3]:  6.280E+04
* Density of oH2 [cm-3]:  1.884E+05
* T(background)     [K]:   13.800
* Column density [cm-2]:  3.876E+20
* Line width     [km/s]:   50.000
Calculation finished in   39 iterations
      LINE         E_UP       FREQ        WAVEL     T_EX      TAU        T_R       POP        POP       FLUX        FLUX
                   (K)        (GHz)       (um)      (K)                  (K)        UP        LOW      (K*km/s) (erg/cm2/s)
1      -- 0          5.5    115.2712   2600.7576  210.133  3.805E+00  1.918E+02  3.886E-02  1.330E-02  1.021E+04  2.014E-04
2      -- 1         16.6    230.5380   1300.4037  209.392  1.467E+01  1.949E+02  6.143E-02  3.886E-02  1.037E+04  1.637E-03
3      -- 2         33.2    345.7960    866.9634  209.425  3.089E+01  1.941E+02  7.945E-02  6.143E-02  1.033E+04  5.502E-03
4      -- 3         55.3    461.0408    650.2515  209.376  4.999E+01  1.929E+02  9.190E-02  7.945E-02  1.027E+04  1.296E-02
5      -- 4         83.0    576.2679    520.2310  209.304  6.925E+01  1.915E+02  9.842E-02  9.190E-02  1.019E+04  2.512E-02
6      -- 5        116.2    691.4731    433.5562  209.212  8.609E+01  1.898E+02  9.925E-02  9.842E-02  1.010E+04  4.301E-02
7      -- 6        154.9    806.6518    371.6504  209.068  9.853E+01  1.878E+02  9.516E-02  9.925E-02  9.996E+03  6.757E-02
8      -- 7        199.1    921.7997    325.2252  208.869  1.053E+02  1.857E+02  8.727E-02  9.516E-02  9.882E+03  9.968E-02
9      -- 8        248.9   1036.9124    289.1203  208.591  1.063E+02  1.833E+02  7.683E-02  8.727E-02  9.757E+03  1.401E-01
10     -- 9        304.2   1151.9855    260.2398  208.156  1.018E+02  1.807E+02  6.511E-02  7.683E-02  9.618E+03  1.894E-01
11     -- 10       365.0   1267.0145    236.6133  207.608  9.305E+01  1.779E+02  5.321E-02  6.511E-02  9.471E+03  2.481E-01
12     -- 11       431.3   1381.9951    216.9273  206.768  8.144E+01  1.748E+02  4.196E-02  5.321E-02  9.305E+03  3.163E-01
13     -- 12       503.1   1496.9229    200.2725  205.547  6.845E+01  1.713E+02  3.195E-02  4.196E-02  9.118E+03  3.939E-01
14     -- 13       580.5   1611.7935    185.9993  203.367  5.545E+01  1.669E+02  2.346E-02  3.195E-02  8.881E+03  4.789E-01
15     -- 14       663.4   1726.6025    173.6314  200.003  4.327E+01  1.612E+02  1.657E-02  2.346E-02  8.581E+03  5.688E-01
16     -- 15       751.7   1841.3455    162.8116  194.073  3.268E+01  1.531E+02  1.119E-02  1.657E-02  8.148E+03  6.551E-01
