* Radex version        : 30nov2011
* Geometry             : Uniform sphere
* Molecular data file  : ./data/co.dat                                                                   
* T(kin)            [K]:  230.000
* Density of H2  [cm-3]:  1.000E+06
* Density of pH2 [cm-3]:  2.500E+05
* Density of oH2 [cm-3]:  7.500E+05
* T(background)     [K]:   13.800
* Column density [cm-2]:  1.543E+21
* Line width     [km/s]:   50.000
Calculation finished in   36 iterations
      LINE         E_UP       FREQ        WAVEL     T_EX      TAU        T_R       POP        POP       FLUX        FLUX
                   (K)        (GHz)       (um)      (K)                  (K)        UP        LOW      (K*km/s) (erg/cm2/s)
1      -- 0          5.5    115.2712   2600.7576  229.960  1.250E+01  2.160E+02  3.512E-02  1.199E-02  1.150E+04  2.268E-04
2      -- 1         16.6    230.5380   1300.4037  229.954  4.820E+01  2.155E+02  5.579E-02  3.512E-02  1.147E+04  1.810E-03
3      -- 2         33.2    345.7960    866.9634  229.951  1.021E+02  2.146E+02  7.266E-02  5.579E-02  1.142E+04  6.083E-03
4      -- 3         55.3    461.0408    650.2515  229.948  1.665E+02  2.135E+02  8.485E-02  7.266E-02  1.136E+04  1.434E-02
5      -- 4         83.0    576.2679    520.2310  229.943  2.331E+02  2.121E+02  9.195E-02  8.485E-02  1.129E+04  2.782E-02
6      -- 5        116.2    691.4731    433.5562  229.936  2.934E+02  2.104E+02  9.407E-02  9.195E-02  1.120E+04  4.769E-02
7      -- 6        154.9    806.6518    371.6504  229.925  3.408E+02  2.086E+02  9.172E-02  9.407E-02  1.110E+04  7.506E-02
8      -- 7        199.1    921.7997    325.2252  229.911  3.707E+02  2.066E+02  8.576E-02  9.172E-02  1.100E+04  1.109E-01
9      -- 8        248.9   1036.9124    289.1203  229.891  3.812E+02  2.045E+02  7.719E-02  8.576E-02  1.089E+04  1.563E-01
10     -- 9        304.2   1151.9855    260.2398  229.860  3.730E+02  2.023E+02  6.708E-02  7.719E-02  1.077E+04  2.120E-01
11     -- 10       365.0   1267.0145    236.6133  229.822  3.494E+02  2.000E+02  5.638E-02  6.708E-02  1.065E+04  2.788E-01
12     -- 11       431.3   1381.9951    216.9273  229.766  3.139E+02  1.976E+02  4.592E-02  5.638E-02  1.052E+04  3.576E-01
13     -- 12       503.1   1496.9229    200.2725  229.692  2.715E+02  1.952E+02  3.627E-02  4.592E-02  1.039E+04  4.489E-01
14     -- 13       580.5   1611.7935    185.9993  229.557  2.266E+02  1.928E+02  2.782E-02  3.627E-02  1.026E+04  5.533E-01
15     -- 14       663.4   1726.6025    173.6314  229.370  1.826E+02  1.902E+02  2.072E-02  2.782E-02  1.012E+04  6.711E-01
16     -- 15       751.7   1841.3455    162.8116  229.064  1.423E+02  1.876E+02  1.500E-02  2.072E-02  9.983E+03  8.027E-01
