* Radex version        : 30nov2011
* Geometry             : Uniform sphere
* Molecular data file  : ./data/co.dat                                                                   
* T(kin)            [K]:  240.000
* Density of H2  [cm-3]:  1.995E+05
* Density of pH2 [cm-3]:  4.988E+04
* Density of oH2 [cm-3]:  1.496E+05
* T(background)     [K]:   13.800
* Column density [cm-2]:  3.079E+20
* Line width     [km/s]:   50.000
Calculation finished in   40 iterations
      LINE         E_UP       FREQ        WAVEL     T_EX      TAU        T_R       POP        POP       FLUX        FLUX
                   (K)        (GHz)       (um)      (K)                  (K)        UP        LOW      (K*km/s) (erg/cm2/s)
1      -- 0          5.5    115.2712   2600.7576  242.082  2.327E+00  2.059E+02  3.453E-02  1.178E-02  1.096E+04  2.161E-04
2      -- 1         16.6    230.5380   1300.4037  238.499  9.123E+00  2.240E+02  5.494E-02  3.453E-02  1.192E+04  1.881E-03
3      -- 2         33.2    345.7960    866.9634  238.678  1.935E+01  2.233E+02  7.175E-02  5.494E-02  1.189E+04  6.330E-03
4      -- 3         55.3    461.0408    650.2515  238.581  3.167E+01  2.221E+02  8.407E-02  7.175E-02  1.182E+04  1.492E-02
5      -- 4         83.0    576.2679    520.2310  238.435  4.453E+01  2.206E+02  9.150E-02  8.407E-02  1.174E+04  2.893E-02
6      -- 5        116.2    691.4731    433.5562  238.269  5.635E+01  2.188E+02  9.408E-02  9.150E-02  1.164E+04  4.958E-02
7      -- 6        154.9    806.6518    371.6504  237.987  6.589E+01  2.167E+02  9.226E-02  9.408E-02  1.153E+04  7.795E-02
8      -- 7        199.1    921.7997    325.2252  237.624  7.219E+01  2.143E+02  8.680E-02  9.226E-02  1.141E+04  1.151E-01
9      -- 8        248.9   1036.9124    289.1203  237.103  7.488E+01  2.117E+02  7.864E-02  8.680E-02  1.127E+04  1.618E-01
10     -- 9        304.2   1151.9855    260.2398  236.325  7.399E+01  2.087E+02  6.879E-02  7.864E-02  1.111E+04  2.187E-01
11     -- 10       365.0   1267.0145    236.6133  235.382  7.002E+01  2.055E+02  5.819E-02  6.879E-02  1.094E+04  2.866E-01
12     -- 11       431.3   1381.9951    216.9273  234.002  6.363E+01  2.019E+02  4.764E-02  5.819E-02  1.074E+04  3.652E-01
13     -- 12       503.1   1496.9229    200.2725  232.080  5.571E+01  1.976E+02  3.775E-02  4.764E-02  1.052E+04  4.544E-01
14     -- 13       580.5   1611.7935    185.9993  228.678  4.720E+01  1.919E+02  2.891E-02  3.775E-02  1.021E+04  5.508E-01
15     -- 14       663.4   1726.6025    173.6314  223.692  3.866E+01  1.846E+02  2.134E-02  2.891E-02  9.826E+03  6.513E-01
16     -- 15       751.7   1841.3455    162.8116  215.670  3.072E+01  1.743E+02  1.508E-02  2.134E-02  9.280E+03  7.461E-01
