* Radex version        : 30nov2011
* Geometry             : Uniform sphere
* Molecular data file  : ./data/co.dat                                                                   
* T(kin)            [K]:   25.000
* Density of H2  [cm-3]:  6.310E+02
* Density of pH2 [cm-3]:  1.577E+02
* Density of oH2 [cm-3]:  4.732E+02
* T(background)     [K]:   13.800
* Column density [cm-2]:  9.736E+17
* Line width     [km/s]:   50.000
Calculation finished in   23 iterations
      LINE         E_UP       FREQ        WAVEL     T_EX      TAU        T_R       POP        POP       FLUX        FLUX
                   (K)        (GHz)       (um)      (K)                  (K)        UP        LOW      (K*km/s) (erg/cm2/s)
1      -- 0          5.5    115.2712   2600.7576   18.326  1.162E+00  3.079E+00  3.576E-01  1.612E-01  1.639E+02  3.232E-06
2      -- 1         16.6    230.5380   1300.4037   15.996  3.291E+00  2.019E+00  2.984E-01  3.576E-01  1.075E+02  1.696E-05
3      -- 2         33.2    345.7960    866.9634   14.953  3.317E+00  9.954E-01  1.377E-01  2.984E-01  5.298E+01  2.821E-05
4      -- 3         55.3    461.0408    650.2515   14.319  1.708E+00  3.470E-01  3.776E-02  1.377E-01  1.847E+01  2.331E-05
5      -- 4         83.0    576.2679    520.2310   14.091  4.963E-01  8.282E-02  6.483E-03  3.776E-02  4.408E+00  1.086E-05
6      -- 5        116.2    691.4731    433.5562   14.041  8.798E-02  1.290E-02  7.209E-04  6.483E-03  6.867E-01  2.924E-06
7      -- 6        154.9    806.6518    371.6504   14.063  9.957E-03  1.418E-03  5.302E-05  7.209E-04  7.545E-02  5.100E-07
8      -- 7        199.1    921.7997    325.2252   14.147  7.385E-04  1.180E-04  2.635E-06  5.302E-05  6.281E-03  6.335E-08
9      -- 8        248.9   1036.9124    289.1203   14.335  3.679E-05  7.599E-06  9.149E-08  2.635E-06  4.044E-04  5.807E-09
10     -- 9        304.2   1151.9855    260.2398   14.733  1.274E-06  3.860E-07  2.372E-09  9.149E-08  2.055E-05  4.045E-10
11     -- 10       365.0   1267.0145    236.6133   15.495  3.287E-08  1.560E-08  5.133E-11  2.372E-09  8.304E-07  2.175E-11
12     -- 11       431.3   1381.9951    216.9273   16.693  7.056E-10  5.114E-10  1.050E-12  5.133E-11  2.722E-08  9.253E-13
13     -- 12       503.1   1496.9229    200.2725   18.038  1.431E-11  1.385E-11  2.112E-14  1.050E-12  7.372E-10  3.184E-14
14     -- 13       580.5   1611.7935    185.9993   18.918  2.862E-13  2.957E-13  3.804E-16  2.112E-14  1.574E-11  8.486E-16
15     -- 14       663.4   1726.6025    173.6314   19.172  5.124E-15  4.658E-15  5.505E-18  3.804E-16  2.479E-13  1.643E-17
16     -- 15       751.7   1841.3455    162.8116   24.944  7.195E-17  2.666E-16  1.100E-19  5.505E-18  1.419E-14  1.141E-18
