* Radex version        : 30nov2011
* Geometry             : Uniform sphere
* Molecular data file  : ./data/co.dat                                                                   
* T(kin)            [K]:  200.000
* Density of H2  [cm-3]:  1.259E+04
* Density of pH2 [cm-3]:  3.147E+03
* Density of oH2 [cm-3]:  9.442E+03
* T(background)     [K]:   13.800
* Column density [cm-2]:  1.943E+19
* Line width     [km/s]:   50.000
Calculation finished in   37 iterations
      LINE         E_UP       FREQ        WAVEL     T_EX      TAU        T_R       POP        POP       FLUX        FLUX
                   (K)        (GHz)       (um)      (K)                  (K)        UP        LOW      (K*km/s) (erg/cm2/s)
1      -- 0          5.5    115.2712   2600.7576 -1.052E+03 -6.824E-02  7.531E+01  7.074E-02  2.345E-02  4.008E+03  7.907E-05
2      -- 1         16.6    230.5380   1300.4037  165.201  1.685E+00  1.228E+02  1.103E-01  7.074E-02  6.535E+03  1.031E-03
3      -- 2         33.2    345.7960    866.9634  140.401  4.066E+00  1.230E+02  1.371E-01  1.103E-01  6.546E+03  3.486E-03
4      -- 3         55.3    461.0408    650.2515  132.564  6.630E+00  1.161E+02  1.492E-01  1.371E-01  6.178E+03  7.798E-03
5      -- 4         83.0    576.2679    520.2310  124.786  9.051E+00  1.071E+02  1.461E-01  1.492E-01  5.703E+03  1.405E-02
6      -- 5        116.2    691.4731    433.5562  115.047  1.094E+01  9.596E+01  1.294E-01  1.461E-01  5.107E+03  2.175E-02
7      -- 6        154.9    806.6518    371.6504  102.698  1.196E+01  8.206E+01  1.024E-01  1.294E-01  4.368E+03  2.952E-02
8      -- 7        199.1    921.7997    325.2252   87.993  1.176E+01  6.585E+01  7.022E-02  1.024E-01  3.505E+03  3.535E-02
9      -- 8        248.9   1036.9124    289.1203   71.666  1.011E+01  4.825E+01  3.919E-02  7.022E-02  2.568E+03  3.687E-02
10     -- 9        304.2   1151.9855    260.2398   55.616  7.026E+00  3.143E+01  1.603E-02  3.919E-02  1.673E+03  3.293E-02
11     -- 10       365.0   1267.0145    236.6133   43.461  3.406E+00  1.854E+01  4.333E-03  1.603E-02  9.867E+02  2.585E-02
12     -- 11       431.3   1381.9951    216.9273   41.776  9.638E-01  1.020E+01  9.628E-04  4.333E-03  5.430E+02  1.846E-02
13     -- 12       503.1   1496.9229    200.2725   55.833  1.931E-01  4.745E+00  2.872E-04  9.628E-04  2.525E+02  1.091E-02
14     -- 13       580.5   1611.7935    185.9993   70.235  5.270E-02  1.963E+00  1.025E-04  2.872E-04  1.045E+02  5.633E-03
15     -- 14       663.4   1726.6025    173.6314   76.624  1.847E-02  7.743E-01  3.717E-05  1.025E-04  4.121E+01  2.732E-03
16     -- 15       751.7   1841.3455    162.8116   82.835  6.587E-03  3.034E-01  1.361E-05  3.717E-05  1.615E+01  1.298E-03
