* Radex version        : 30nov2011
* Geometry             : Uniform sphere
* Molecular data file  : ./data/co.dat                                                                   
* T(kin)            [K]:  290.000
* Density of H2  [cm-3]:  7.943E+02
* Density of pH2 [cm-3]:  1.986E+02
* Density of oH2 [cm-3]:  5.957E+02
* T(background)     [K]:   13.800
* Column density [cm-2]:  1.226E+18
* Line width     [km/s]:   50.000
Calculation finished in   31 iterations
      LINE         E_UP       FREQ        WAVEL     T_EX      TAU        T_R       POP        POP       FLUX        FLUX
                   (K)        (GHz)       (um)      (K)                  (K)        UP        LOW      (K*km/s) (erg/cm2/s)
1      -- 0          5.5    115.2712   2600.7576  1.198E+03  1.348E-02  1.586E+01  2.509E-01  8.402E-02  8.439E+02  1.665E-05
2      -- 1         16.6    230.5380   1300.4037   32.298  1.689E+00  1.474E+01  2.969E-01  2.509E-01  7.846E+02  1.238E-04
3      -- 2         33.2    345.7960    866.9634   25.916  2.930E+00  1.076E+01  2.191E-01  2.969E-01  5.729E+02  3.051E-04
4      -- 3         55.3    461.0408    650.2515   22.296  2.735E+00  6.975E+00  1.044E-01  2.191E-01  3.713E+02  4.685E-04
5      -- 4         83.0    576.2679    520.2310   20.377  1.493E+00  4.090E+00  3.284E-02  1.044E-01  2.177E+02  5.366E-04
6      -- 5        116.2    691.4731    433.5562   21.467  4.874E-01  2.197E+00  8.272E-03  3.284E-02  1.169E+02  4.978E-04
7      -- 6        154.9    806.6518    371.6504   27.067  1.169E-01  1.068E+00  2.284E-03  8.272E-03  5.684E+01  3.842E-04
8      -- 7        199.1    921.7997    325.2252   37.446  2.903E-02  5.068E-01  7.941E-04  2.284E-03  2.698E+01  2.721E-04
9      -- 8        248.9   1036.9124    289.1203   47.782  9.321E-03  2.389E-01  3.132E-04  7.941E-04  1.272E+01  1.826E-04
10     -- 9        304.2   1151.9855    260.2398   56.578  3.508E-03  1.132E-01  1.303E-04  3.132E-04  6.027E+00  1.187E-04
11     -- 10       365.0   1267.0145    236.6133   65.189  1.407E-03  5.440E-02  5.615E-05  1.303E-04  2.895E+00  7.584E-05
12     -- 11       431.3   1381.9951    216.9273   72.981  5.913E-04  2.614E-02  2.460E-05  5.615E-05  1.391E+00  4.730E-05
13     -- 12       503.1   1496.9229    200.2725   81.168  2.526E-04  1.265E-02  1.096E-05  2.460E-05  6.733E-01  2.909E-05
14     -- 13       580.5   1611.7935    185.9993   81.820  1.163E-04  5.681E-03  4.575E-06  1.096E-05  3.024E-01  1.631E-05
15     -- 14       663.4   1726.6025    173.6314   83.798  4.940E-05  2.415E-03  1.819E-06  4.575E-06  1.285E-01  8.520E-06
16     -- 15       751.7   1841.3455    162.8116   94.720  1.881E-05  1.075E-03  7.618E-07  1.819E-06  5.724E-02  4.602E-06
