* Radex version        : 30nov2011
* Geometry             : Uniform sphere
* Molecular data file  : ./data/co.dat                                                                   
* T(kin)            [K]:   25.000
* Density of H2  [cm-3]:  2.512E+02
* Density of pH2 [cm-3]:  6.280E+01
* Density of oH2 [cm-3]:  1.884E+02
* T(background)     [K]:   13.800
* Column density [cm-2]:  3.876E+17
* Line width     [km/s]:   50.000
Calculation finished in   16 iterations
      LINE         E_UP       FREQ        WAVEL     T_EX      TAU        T_R       POP        POP       FLUX        FLUX
                   (K)        (GHz)       (um)      (K)                  (K)        UP        LOW      (K*km/s) (erg/cm2/s)
1      -- 0          5.5    115.2712   2600.7576   15.497  5.858E-01  7.434E-01  3.719E-01  1.772E-01  3.957E+01  7.805E-07
2      -- 1         16.6    230.5380   1300.4037   14.420  1.462E+00  4.528E-01  2.878E-01  3.719E-01  2.410E+01  3.803E-06
3      -- 2         33.2    345.7960    866.9634   14.107  1.314E+00  1.997E-01  1.242E-01  2.878E-01  1.063E+01  5.661E-06
4      -- 3         55.3    461.0408    650.2515   13.963  6.198E-01  6.107E-02  3.275E-02  1.242E-01  3.250E+00  4.102E-06
5      -- 4         83.0    576.2679    520.2310   13.912  1.721E-01  1.285E-02  5.483E-03  3.275E-02  6.837E-01  1.685E-06
6      -- 5        116.2    691.4731    433.5562   13.902  2.969E-02  1.878E-03  5.954E-04  5.483E-03  9.995E-02  4.256E-07
7      -- 6        154.9    806.6518    371.6504   13.913  3.281E-03  2.011E-04  4.252E-05  5.954E-04  1.070E-02  7.235E-08
8      -- 7        199.1    921.7997    325.2252   13.953  2.362E-04  1.651E-05  2.023E-06  4.252E-05  8.789E-04  8.866E-09
9      -- 8        248.9   1036.9124    289.1203   14.047  1.127E-05  1.054E-06  6.542E-08  2.023E-06  5.608E-05  8.051E-10
10     -- 9        304.2   1151.9855    260.2398   14.265  3.638E-07  5.315E-08  1.500E-09  6.542E-08  2.829E-06  5.569E-11
11     -- 10       365.0   1267.0145    236.6133   14.773  8.305E-09  2.136E-09  2.679E-11  1.500E-09  1.137E-07  2.977E-12
12     -- 11       431.3   1381.9951    216.9273   15.829  1.472E-10  6.962E-11  4.410E-13  2.679E-11  3.705E-09  1.260E-13
13     -- 12       503.1   1496.9229    200.2725   17.410  2.400E-12  1.877E-12  7.687E-15  4.410E-13  9.992E-11  4.316E-15
14     -- 13       580.5   1611.7935    185.9993   18.673  4.150E-14  3.998E-14  1.311E-16  7.687E-15  2.128E-12  1.147E-16
15     -- 14       663.4   1726.6025    173.6314   19.400  7.033E-16  6.339E-16  1.952E-18  1.311E-16  3.374E-14  2.237E-18
16     -- 15       751.7   1841.3455    162.8116   35.806  1.023E-17  0.000E+00  1.152E-19  1.952E-18  0.000E+00  0.000E+00
