* Radex version        : 30nov2011
* Geometry             : Uniform sphere
* Molecular data file  : ./data/co.dat                                                                   
* T(kin)            [K]:  290.000
* Density of H2  [cm-3]:  5.012E+03
* Density of pH2 [cm-3]:  1.253E+03
* Density of oH2 [cm-3]:  3.759E+03
* T(background)     [K]:   13.800
* Column density [cm-2]:  7.733E+18
* Line width     [km/s]:   50.000
Calculation finished in   34 iterations
      LINE         E_UP       FREQ        WAVEL     T_EX      TAU        T_R       POP        POP       FLUX        FLUX
                   (K)        (GHz)       (um)      (K)                  (K)        UP        LOW      (K*km/s) (erg/cm2/s)
1      -- 0          5.5    115.2712   2600.7576  -77.460 -4.791E-01  5.622E+01  9.489E-02  2.945E-02  2.993E+03  5.903E-05
2      -- 1         16.6    230.5380   1300.4037  162.554  9.141E-01  8.872E+01  1.477E-01  9.489E-02  4.722E+03  7.451E-04
3      -- 2         33.2    345.7960    866.9634  105.591  2.830E+00  8.505E+01  1.768E-01  1.477E-01  4.527E+03  2.411E-03
4      -- 3         55.3    461.0408    650.2515   91.788  4.740E+00  7.493E+01  1.786E-01  1.768E-01  3.988E+03  5.034E-03
5      -- 4         83.0    576.2679    520.2310   80.496  6.307E+00  6.303E+01  1.548E-01  1.786E-01  3.355E+03  8.268E-03
6      -- 5        116.2    691.4731    433.5562   68.683  7.057E+00  5.008E+01  1.128E-01  1.548E-01  2.666E+03  1.135E-02
7      -- 6        154.9    806.6518    371.6504   56.188  6.584E+00  3.649E+01  6.537E-02  1.128E-01  1.942E+03  1.313E-02
8      -- 7        199.1    921.7997    325.2252   44.891  4.741E+00  2.426E+01  2.765E-02  6.537E-02  1.291E+03  1.303E-02
9      -- 8        248.9   1036.9124    289.1203   37.677  2.320E+00  1.509E+01  8.250E-03  2.765E-02  8.030E+02  1.153E-02
10     -- 9        304.2   1151.9855    260.2398   39.803  7.016E-01  8.742E+00  2.273E-03  8.250E-03  4.653E+02  9.160E-03
11     -- 10       365.0   1267.0145    236.6133   54.150  1.723E-01  4.521E+00  8.100E-04  2.273E-03  2.406E+02  6.303E-03
12     -- 11       431.3   1381.9951    216.9273   70.357  5.503E-02  2.237E+00  3.430E-04  8.100E-04  1.191E+02  4.047E-03
13     -- 12       503.1   1496.9229    200.2725   81.200  2.222E-02  1.101E+00  1.529E-04  3.430E-04  5.862E+01  2.532E-03
14     -- 13       580.5   1611.7935    185.9993   85.031  9.997E-03  5.158E-01  6.613E-05  1.529E-04  2.745E+01  1.480E-03
15     -- 14       663.4   1726.6025    173.6314   88.890  4.351E-03  2.327E-01  2.783E-05  6.613E-05  1.238E+01  8.209E-04
16     -- 15       751.7   1841.3455    162.8116   98.232  1.776E-03  1.072E-01  1.205E-05  2.783E-05  5.708E+00  4.590E-04
