* Radex version        : 30nov2011
* Geometry             : Uniform sphere
* Molecular data file  : ./data/co.dat                                                                   
* T(kin)            [K]:  260.000
* Density of H2  [cm-3]:  3.162E+05
* Density of pH2 [cm-3]:  7.906E+04
* Density of oH2 [cm-3]:  2.372E+05
* T(background)     [K]:   13.800
* Column density [cm-2]:  4.879E+20
* Line width     [km/s]:   50.000
Calculation finished in   40 iterations
      LINE         E_UP       FREQ        WAVEL     T_EX      TAU        T_R       POP        POP       FLUX        FLUX
                   (K)        (GHz)       (um)      (K)                  (K)        UP        LOW      (K*km/s) (erg/cm2/s)
1      -- 0          5.5    115.2712   2600.7576  260.606  3.130E+00  2.358E+02  3.156E-02  1.075E-02  1.255E+04  2.476E-04
2      -- 1         16.6    230.5380   1300.4037  259.248  1.218E+01  2.448E+02  5.041E-02  3.156E-02  1.303E+04  2.056E-03
3      -- 2         33.2    345.7960    866.9634  259.325  2.597E+01  2.440E+02  6.620E-02  5.041E-02  1.299E+04  6.915E-03
4      -- 3         55.3    461.0408    650.2515  259.281  4.277E+01  2.428E+02  7.815E-02  6.620E-02  1.292E+04  1.631E-02
5      -- 4         83.0    576.2679    520.2310  259.211  6.062E+01  2.413E+02  8.585E-02  7.815E-02  1.284E+04  3.165E-02
6      -- 5        116.2    691.4731    433.5562  259.137  7.747E+01  2.396E+02  8.926E-02  8.585E-02  1.275E+04  5.430E-02
7      -- 6        154.9    806.6518    371.6504  259.007  9.163E+01  2.376E+02  8.870E-02  8.926E-02  1.265E+04  8.550E-02
8      -- 7        199.1    921.7997    325.2252  258.842  1.017E+02  2.355E+02  8.473E-02  8.870E-02  1.253E+04  1.264E-01
9      -- 8        248.9   1036.9124    289.1203  258.605  1.071E+02  2.331E+02  7.812E-02  8.473E-02  1.241E+04  1.782E-01
10     -- 9        304.2   1151.9855    260.2398  258.255  1.076E+02  2.306E+02  6.971E-02  7.812E-02  1.227E+04  2.416E-01
11     -- 10       365.0   1267.0145    236.6133  257.850  1.038E+02  2.279E+02  6.031E-02  6.971E-02  1.213E+04  3.177E-01
12     -- 11       431.3   1381.9951    216.9273  257.276  9.623E+01  2.250E+02  5.065E-02  6.031E-02  1.198E+04  4.071E-01
13     -- 12       503.1   1496.9229    200.2725  256.539  8.613E+01  2.219E+02  4.134E-02  5.065E-02  1.181E+04  5.102E-01
14     -- 13       580.5   1611.7935    185.9993  255.173  7.466E+01  2.182E+02  3.279E-02  4.134E-02  1.161E+04  6.262E-01
15     -- 14       663.4   1726.6025    173.6314  253.323  6.263E+01  2.139E+02  2.528E-02  3.279E-02  1.139E+04  7.548E-01
16     -- 15       751.7   1841.3455    162.8116  250.449  5.100E+01  2.087E+02  1.891E-02  2.528E-02  1.111E+04  8.932E-01
