* Radex version        : 30nov2011
* Geometry             : Uniform sphere
* Molecular data file  : ./data/co.dat                                                                   
* T(kin)            [K]:  215.000
* Density of H2  [cm-3]:  3.162E+05
* Density of pH2 [cm-3]:  7.906E+04
* Density of oH2 [cm-3]:  2.372E+05
* T(background)     [K]:   13.800
* Column density [cm-2]:  4.879E+20
* Line width     [km/s]:   50.000
Calculation finished in   39 iterations
      LINE         E_UP       FREQ        WAVEL     T_EX      TAU        T_R       POP        POP       FLUX        FLUX
                   (K)        (GHz)       (um)      (K)                  (K)        UP        LOW      (K*km/s) (erg/cm2/s)
1      -- 0          5.5    115.2712   2600.7576  214.976  4.557E+00  1.989E+02  3.782E-02  1.294E-02  1.059E+04  2.088E-04
2      -- 1         16.6    230.5380   1300.4037  214.595  1.756E+01  2.001E+02  5.987E-02  3.782E-02  1.065E+04  1.681E-03
3      -- 2         33.2    345.7960    866.9634  214.608  3.702E+01  1.993E+02  7.758E-02  5.987E-02  1.061E+04  5.648E-03
4      -- 3         55.3    461.0408    650.2515  214.577  6.005E+01  1.981E+02  8.998E-02  7.758E-02  1.055E+04  1.331E-02
5      -- 4         83.0    576.2679    520.2310  214.529  8.341E+01  1.967E+02  9.667E-02  8.998E-02  1.047E+04  2.580E-02
6      -- 5        116.2    691.4731    433.5562  214.468  1.040E+02  1.950E+02  9.787E-02  9.667E-02  1.038E+04  4.419E-02
7      -- 6        154.9    806.6518    371.6504  214.373  1.196E+02  1.931E+02  9.427E-02  9.787E-02  1.028E+04  6.947E-02
8      -- 7        199.1    921.7997    325.2252  214.244  1.284E+02  1.910E+02  8.691E-02  9.427E-02  1.017E+04  1.026E-01
9      -- 8        248.9   1036.9124    289.1203  214.061  1.302E+02  1.888E+02  7.698E-02  8.691E-02  1.005E+04  1.442E-01
10     -- 9        304.2   1151.9855    260.2398  213.779  1.254E+02  1.863E+02  6.570E-02  7.698E-02  9.916E+03  1.952E-01
11     -- 10       365.0   1267.0145    236.6133  213.425  1.154E+02  1.837E+02  5.411E-02  6.570E-02  9.778E+03  2.561E-01
12     -- 11       431.3   1381.9951    216.9273  212.888  1.017E+02  1.809E+02  4.307E-02  5.411E-02  9.628E+03  3.273E-01
13     -- 12       503.1   1496.9229    200.2725  212.136  8.615E+01  1.778E+02  3.316E-02  4.307E-02  9.466E+03  4.089E-01
14     -- 13       580.5   1611.7935    185.9993  210.781  7.033E+01  1.742E+02  2.467E-02  3.316E-02  9.271E+03  4.999E-01
15     -- 14       663.4   1726.6025    173.6314  208.770  5.533E+01  1.699E+02  1.773E-02  2.467E-02  9.041E+03  5.993E-01
16     -- 15       751.7   1841.3455    162.8116  205.257  4.211E+01  1.641E+02  1.227E-02  1.773E-02  8.733E+03  7.022E-01
