* Radex version        : 30nov2011
* Geometry             : Uniform sphere
* Molecular data file  : ./data/co.dat                                                                   
* T(kin)            [K]:  205.000
* Density of H2  [cm-3]:  1.995E+05
* Density of pH2 [cm-3]:  4.988E+04
* Density of oH2 [cm-3]:  1.496E+05
* T(background)     [K]:   13.800
* Column density [cm-2]:  3.079E+20
* Line width     [km/s]:   50.000
Calculation finished in   39 iterations
      LINE         E_UP       FREQ        WAVEL     T_EX      TAU        T_R       POP        POP       FLUX        FLUX
                   (K)        (GHz)       (um)      (K)                  (K)        UP        LOW      (K*km/s) (erg/cm2/s)
1      -- 0          5.5    115.2712   2600.7576  205.477  3.183E+00  1.836E+02  4.000E-02  1.370E-02  9.770E+03  1.927E-04
2      -- 1         16.6    230.5380   1300.4037  204.092  1.230E+01  1.896E+02  6.314E-02  4.000E-02  1.009E+04  1.592E-03
3      -- 2         33.2    345.7960    866.9634  204.158  2.585E+01  1.888E+02  8.150E-02  6.314E-02  1.005E+04  5.352E-03
4      -- 3         55.3    461.0408    650.2515  204.084  4.174E+01  1.876E+02  9.402E-02  8.150E-02  9.987E+03  1.260E-02
5      -- 4         83.0    576.2679    520.2310  203.977  5.765E+01  1.862E+02  1.003E-01  9.402E-02  9.908E+03  2.442E-02
6      -- 5        116.2    691.4731    433.5562  203.836  7.141E+01  1.844E+02  1.008E-01  1.003E-01  9.815E+03  4.179E-02
7      -- 6        154.9    806.6518    371.6504  203.617  8.139E+01  1.824E+02  9.614E-02  1.008E-01  9.707E+03  6.562E-02
8      -- 7        199.1    921.7997    325.2252  203.316  8.660E+01  1.801E+02  8.765E-02  9.614E-02  9.587E+03  9.671E-02
9      -- 8        248.9   1036.9124    289.1203  202.891  8.687E+01  1.776E+02  7.666E-02  8.765E-02  9.455E+03  1.357E-01
10     -- 9        304.2   1151.9855    260.2398  202.229  8.270E+01  1.748E+02  6.446E-02  7.666E-02  9.305E+03  1.832E-01
11     -- 10       365.0   1267.0145    236.6133  201.369  7.512E+01  1.717E+02  5.220E-02  6.446E-02  9.141E+03  2.394E-01
12     -- 11       431.3   1381.9951    216.9273  200.047  6.526E+01  1.682E+02  4.073E-02  5.220E-02  8.951E+03  3.043E-01
13     -- 12       503.1   1496.9229    200.2725  198.053  5.442E+01  1.639E+02  3.060E-02  4.073E-02  8.724E+03  3.768E-01
14     -- 13       580.5   1611.7935    185.9993  194.505  4.375E+01  1.581E+02  2.208E-02  3.060E-02  8.415E+03  4.538E-01
15     -- 14       663.4   1726.6025    173.6314  188.856  3.388E+01  1.502E+02  1.522E-02  2.208E-02  7.996E+03  5.301E-01
16     -- 15       751.7   1841.3455    162.8116  179.179  2.538E+01  1.385E+02  9.895E-03  1.522E-02  7.370E+03  5.925E-01
