* Radex version        : 30nov2011
* Geometry             : Uniform sphere
* Molecular data file  : ./data/co.dat                                                                   
* T(kin)            [K]:  265.000
* Density of H2  [cm-3]:  3.162E+02
* Density of pH2 [cm-3]:  7.906E+01
* Density of oH2 [cm-3]:  2.372E+02
* T(background)     [K]:   13.800
* Column density [cm-2]:  4.879E+17
* Line width     [km/s]:   50.000
Calculation finished in   25 iterations
      LINE         E_UP       FREQ        WAVEL     T_EX      TAU        T_R       POP        POP       FLUX        FLUX
                   (K)        (GHz)       (um)      (K)                  (K)        UP        LOW      (K*km/s) (erg/cm2/s)
1      -- 0          5.5    115.2712   2600.7576   34.163  2.681E-01  4.763E+00  3.300E-01  1.293E-01  2.535E+02  5.001E-06
2      -- 1         16.6    230.5380   1300.4037   19.036  1.344E+00  3.723E+00  3.076E-01  3.300E-01  1.982E+02  3.127E-05
3      -- 2         33.2    345.7960    866.9634   17.051  1.590E+00  2.350E+00  1.627E-01  3.076E-01  1.251E+02  6.661E-05
4      -- 3         55.3    461.0408    650.2515   16.330  9.537E-01  1.302E+00  5.396E-02  1.627E-01  6.929E+01  8.745E-05
5      -- 4         83.0    576.2679    520.2310   16.739  3.343E-01  6.387E-01  1.264E-02  5.396E-02  3.400E+01  8.378E-05
6      -- 5        116.2    691.4731    433.5562   19.252  7.796E-02  2.934E-01  2.665E-03  1.264E-02  1.562E+01  6.649E-05
7      -- 6        154.9    806.6518    371.6504   25.885  1.529E-02  1.318E-01  6.891E-04  2.665E-03  7.016E+00  4.743E-05
8      -- 7        199.1    921.7997    325.2252   36.738  3.522E-03  6.007E-02  2.342E-04  6.891E-04  3.197E+00  3.225E-05
9      -- 8        248.9   1036.9124    289.1203   46.632  1.110E-03  2.740E-02  9.005E-05  2.342E-04  1.458E+00  2.094E-05
10     -- 9        304.2   1151.9855    260.2398   54.812  4.089E-04  1.256E-02  3.630E-05  9.005E-05  6.684E-01  1.316E-05
11     -- 10       365.0   1267.0145    236.6133   62.877  1.594E-04  5.827E-03  1.512E-05  3.630E-05  3.101E-01  8.123E-06
12     -- 11       431.3   1381.9951    216.9273   69.967  6.501E-05  2.693E-03  6.367E-06  1.512E-05  1.433E-01  4.871E-06
13     -- 12       503.1   1496.9229    200.2725   77.918  2.670E-05  1.256E-03  2.735E-06  6.367E-06  6.685E-02  2.888E-06
14     -- 13       580.5   1611.7935    185.9993   78.146  1.187E-05  5.395E-04  1.092E-06  2.735E-06  2.871E-02  1.548E-06
15     -- 14       663.4   1726.6025    173.6314   79.618  4.834E-06  2.177E-04  4.121E-07  1.092E-06  1.159E-02  7.682E-07
16     -- 15       751.7   1841.3455    162.8116   90.328  1.746E-06  9.267E-05  1.649E-07  4.121E-07  4.932E-03  3.966E-07
