* Radex version        : 30nov2011
* Geometry             : Uniform sphere
* Molecular data file  : ./data/co.dat                                                                   
* T(kin)            [K]:  280.000
* Density of H2  [cm-3]:  1.995E+05
* Density of pH2 [cm-3]:  4.988E+04
* Density of oH2 [cm-3]:  1.496E+05
* T(background)     [K]:    2.725
* Column density [cm-2]:  1.970E+21
* Line width     [km/s]:   50.000
Calculation finished in   42 iterations
      LINE         E_UP       FREQ        WAVEL     T_EX      TAU        T_R       POP        POP       FLUX        FLUX
                   (K)        (GHz)       (um)      (K)                  (K)        UP        LOW      (K*km/s) (erg/cm2/s)
1      -- 0          5.5    115.2712   2600.7576  279.707  1.087E+01  2.761E+02  2.916E-02  9.916E-03  1.470E+04  2.899E-04
2      -- 1         16.6    230.5380   1300.4037  279.654  4.220E+01  2.740E+02  4.672E-02  2.916E-02  1.458E+04  2.301E-03
3      -- 2         33.2    345.7960    866.9634  279.650  9.033E+01  2.714E+02  6.164E-02  4.672E-02  1.445E+04  7.692E-03
4      -- 3         55.3    461.0408    650.2515  279.638  1.496E+02  2.687E+02  7.323E-02  6.164E-02  1.430E+04  1.805E-02
5      -- 4         83.0    576.2679    520.2310  279.607  2.134E+02  2.660E+02  8.107E-02  7.323E-02  1.416E+04  3.489E-02
6      -- 5        116.2    691.4731    433.5562  279.578  2.751E+02  2.633E+02  8.509E-02  8.107E-02  1.401E+04  5.967E-02
7      -- 6        154.9    806.6518    371.6504  279.520  3.285E+02  2.606E+02  8.548E-02  8.509E-02  1.387E+04  9.376E-02
8      -- 7        199.1    921.7997    325.2252  279.450  3.690E+02  2.579E+02  8.269E-02  8.548E-02  1.373E+04  1.385E-01
9      -- 8        248.9   1036.9124    289.1203  279.344  3.935E+02  2.552E+02  7.734E-02  8.269E-02  1.358E+04  1.950E-01
10     -- 9        304.2   1151.9855    260.2398  279.191  4.011E+02  2.525E+02  7.012E-02  7.734E-02  1.344E+04  2.645E-01
11     -- 10       365.0   1267.0145    236.6133  279.022  3.929E+02  2.497E+02  6.176E-02  7.012E-02  1.329E+04  3.482E-01
12     -- 11       431.3   1381.9951    216.9273  278.781  3.708E+02  2.469E+02  5.292E-02  6.176E-02  1.314E+04  4.468E-01
13     -- 12       503.1   1496.9229    200.2725  278.498  3.383E+02  2.441E+02  4.416E-02  5.292E-02  1.299E+04  5.613E-01
14     -- 13       580.5   1611.7935    185.9993  277.939  2.991E+02  2.411E+02  3.591E-02  4.416E-02  1.283E+04  6.919E-01
15     -- 14       663.4   1726.6025    173.6314  277.221  2.565E+02  2.379E+02  2.847E-02  3.591E-02  1.266E+04  8.392E-01
16     -- 15       751.7   1841.3455    162.8116  276.171  2.136E+02  2.343E+02  2.200E-02  2.847E-02  1.247E+04  1.003E+00
