* Radex version        : 30nov2011
* Geometry             : Uniform sphere
* Molecular data file  : ./data/co.dat                                                                   
* T(kin)            [K]:  270.000
* Density of H2  [cm-3]:  1.995E+04
* Density of pH2 [cm-3]:  4.988E+03
* Density of oH2 [cm-3]:  1.496E+04
* T(background)     [K]:   13.800
* Column density [cm-2]:  3.079E+19
* Line width     [km/s]:   50.000
Calculation finished in   37 iterations
      LINE         E_UP       FREQ        WAVEL     T_EX      TAU        T_R       POP        POP       FLUX        FLUX
                   (K)        (GHz)       (um)      (K)                  (K)        UP        LOW      (K*km/s) (erg/cm2/s)
1      -- 0          5.5    115.2712   2600.7576 -743.302 -1.070E-01  8.555E+01  4.950E-02  1.638E-02  4.553E+03  8.982E-05
2      -- 1         16.6    230.5380   1300.4037  264.084  1.184E+00  1.732E+02  7.911E-02  4.950E-02  9.218E+03  1.454E-03
3      -- 2         33.2    345.7960    866.9634  208.172  3.178E+00  1.848E+02  1.023E-01  7.911E-02  9.837E+03  5.238E-03
4      -- 3         55.3    461.0408    650.2515  196.802  5.420E+00  1.796E+02  1.175E-01  1.023E-01  9.558E+03  1.206E-02
5      -- 4         83.0    576.2679    520.2310  189.305  7.724E+00  1.714E+02  1.241E-01  1.175E-01  9.124E+03  2.249E-02
6      -- 5        116.2    691.4731    433.5562  180.982  9.848E+00  1.616E+02  1.221E-01  1.241E-01  8.601E+03  3.662E-02
7      -- 6        154.9    806.6518    371.6504  170.077  1.159E+01  1.490E+02  1.122E-01  1.221E-01  7.928E+03  5.359E-02
8      -- 7        199.1    921.7997    325.2252  156.540  1.272E+01  1.336E+02  9.585E-02  1.122E-01  7.110E+03  7.172E-02
9      -- 8        248.9   1036.9124    289.1203  139.966  1.307E+01  1.152E+02  7.507E-02  9.585E-02  6.130E+03  8.801E-02
10     -- 9        304.2   1151.9855    260.2398  120.821  1.243E+01  9.425E+01  5.251E-02  7.507E-02  5.017E+03  9.877E-02
11     -- 10       365.0   1267.0145    236.6133  100.445  1.066E+01  7.234E+01  3.139E-02  5.251E-02  3.850E+03  1.009E-01
12     -- 11       431.3   1381.9951    216.9273   80.134  7.830E+00  5.093E+01  1.491E-02  3.139E-02  2.711E+03  9.214E-02
13     -- 12       503.1   1496.9229    200.2725   62.963  4.458E+00  3.295E+01  5.146E-03  1.491E-02  1.754E+03  7.575E-02
14     -- 13       580.5   1611.7935    185.9993   54.555  1.699E+00  1.997E+01  1.339E-03  5.146E-03  1.063E+03  5.732E-02
15     -- 14       663.4   1726.6025    173.6314   64.042  4.197E-01  1.066E+01  3.924E-04  1.339E-03  5.674E+02  3.761E-02
16     -- 15       751.7   1841.3455    162.8116   87.114  1.071E-01  5.091E+00  1.515E-04  3.924E-04  2.710E+02  2.179E-02
