* Radex version        : 30nov2011
* Geometry             : Uniform sphere
* Molecular data file  : ./data/co.dat                                                                   
* T(kin)            [K]:  200.000
* Density of H2  [cm-3]:  5.012E+02
* Density of pH2 [cm-3]:  1.253E+02
* Density of oH2 [cm-3]:  3.759E+02
* T(background)     [K]:   13.800
* Column density [cm-2]:  7.733E+17
* Line width     [km/s]:   50.000
Calculation finished in   27 iterations
      LINE         E_UP       FREQ        WAVEL     T_EX      TAU        T_R       POP        POP       FLUX        FLUX
                   (K)        (GHz)       (um)      (K)                  (K)        UP        LOW      (K*km/s) (erg/cm2/s)
1      -- 0          5.5    115.2712   2600.7576   47.481  2.789E-01  8.166E+00  3.081E-01  1.154E-01  4.346E+02  8.573E-06
2      -- 1         16.6    230.5380   1300.4037   21.966  1.785E+00  6.572E+00  3.103E-01  3.081E-01  3.498E+02  5.520E-05
3      -- 2         33.2    345.7960    866.9634   18.939  2.385E+00  4.278E+00  1.809E-01  3.103E-01  2.277E+02  1.212E-04
4      -- 3         55.3    461.0408    650.2515   17.364  1.631E+00  2.425E+00  6.503E-02  1.809E-01  1.291E+02  1.629E-04
5      -- 4         83.0    576.2679    520.2310   17.146  6.325E-01  1.207E+00  1.584E-02  6.503E-02  6.424E+01  1.583E-04
6      -- 5        116.2    691.4731    433.5562   18.984  1.557E-01  5.337E-01  3.259E-03  1.584E-02  2.841E+01  1.210E-04
7      -- 6        154.9    806.6518    371.6504   24.349  3.040E-02  2.224E-01  7.670E-04  3.259E-03  1.184E+01  8.000E-05
8      -- 7        199.1    921.7997    325.2252   33.443  6.511E-03  9.212E-02  2.316E-04  7.670E-04  4.903E+00  4.946E-05
9      -- 8        248.9   1036.9124    289.1203   42.183  1.836E-03  3.796E-02  7.955E-05  2.316E-04  2.020E+00  2.901E-05
10     -- 9        304.2   1151.9855    260.2398   49.209  6.082E-04  1.557E-02  2.859E-05  7.955E-05  8.288E-01  1.632E-05
11     -- 10       365.0   1267.0145    236.6133   55.563  2.136E-04  6.374E-03  1.048E-05  2.859E-05  3.392E-01  8.886E-06
12     -- 11       431.3   1381.9951    216.9273   61.220  7.716E-05  2.576E-03  3.855E-06  1.048E-05  1.371E-01  4.660E-06
13     -- 12       503.1   1496.9229    200.2725   67.957  2.776E-05  1.051E-03  1.447E-06  3.855E-06  5.593E-02  2.416E-06
14     -- 13       580.5   1611.7935    185.9993   68.794  1.069E-05  3.948E-04  5.048E-07  1.447E-06  2.101E-02  1.133E-06
15     -- 14       663.4   1726.6025    173.6314   69.884  3.803E-06  1.379E-04  1.648E-07  5.048E-07  7.338E-03  4.864E-07
16     -- 15       751.7   1841.3455    162.8116   78.132  1.201E-06  5.039E-05  5.663E-08  1.648E-07  2.682E-03  2.156E-07
