* Radex version        : 30nov2011
* Geometry             : Uniform sphere
* Molecular data file  : ./data/co.dat                                                                   
* T(kin)            [K]:  255.000
* Density of H2  [cm-3]:  1.000E+06
* Density of pH2 [cm-3]:  2.500E+05
* Density of oH2 [cm-3]:  7.500E+05
* T(background)     [K]:    2.725
* Column density [cm-2]:  9.875E+21
* Line width     [km/s]:   50.000
Calculation finished in   38 iterations
      LINE         E_UP       FREQ        WAVEL     T_EX      TAU        T_R       POP        POP       FLUX        FLUX
                   (K)        (GHz)       (um)      (K)                  (K)        UP        LOW      (K*km/s) (erg/cm2/s)
1      -- 0          5.5    115.2712   2600.7576  254.989  6.508E+01  2.514E+02  3.172E-02  1.081E-02  1.338E+04  2.639E-04
2      -- 1         16.6    230.5380   1300.4037  254.990  2.518E+02  2.493E+02  5.063E-02  3.172E-02  1.327E+04  2.094E-03
3      -- 2         33.2    345.7960    866.9634  254.989  5.365E+02  2.467E+02  6.641E-02  5.063E-02  1.313E+04  6.993E-03
4      -- 3         55.3    461.0408    650.2515  254.989  8.824E+02  2.441E+02  7.829E-02  6.641E-02  1.299E+04  1.640E-02
5      -- 4         83.0    576.2679    520.2310  254.988  1.248E+03  2.414E+02  8.585E-02  7.829E-02  1.285E+04  3.167E-02
6      -- 5        116.2    691.4731    433.5562  254.987  1.592E+03  2.388E+02  8.908E-02  8.585E-02  1.271E+04  5.411E-02
7      -- 6        154.9    806.6518    371.6504  254.985  1.878E+03  2.361E+02  8.831E-02  8.908E-02  1.257E+04  8.495E-02
8      -- 7        199.1    921.7997    325.2252  254.982  2.078E+03  2.335E+02  8.414E-02  8.831E-02  1.243E+04  1.254E-01
9      -- 8        248.9   1036.9124    289.1203  254.979  2.180E+03  2.309E+02  7.736E-02  8.414E-02  1.229E+04  1.765E-01
10     -- 9        304.2   1151.9855    260.2398  254.973  2.182E+03  2.283E+02  6.884E-02  7.736E-02  1.215E+04  2.393E-01
11     -- 10       365.0   1267.0145    236.6133  254.967  2.095E+03  2.258E+02  5.940E-02  6.884E-02  1.202E+04  3.148E-01
12     -- 11       431.3   1381.9951    216.9273  254.957  1.934E+03  2.232E+02  4.977E-02  5.940E-02  1.188E+04  4.039E-01
13     -- 12       503.1   1496.9229    200.2725  254.946  1.722E+03  2.207E+02  4.056E-02  4.977E-02  1.175E+04  5.075E-01
14     -- 13       580.5   1611.7935    185.9993  254.924  1.483E+03  2.182E+02  3.216E-02  4.056E-02  1.161E+04  6.263E-01
15     -- 14       663.4   1726.6025    173.6314  254.895  1.237E+03  2.157E+02  2.484E-02  3.216E-02  1.148E+04  7.611E-01
16     -- 15       751.7   1841.3455    162.8116  254.851  9.996E+02  2.132E+02  1.869E-02  2.484E-02  1.135E+04  9.124E-01
