* Radex version        : 30nov2011
* Geometry             : Uniform sphere
* Molecular data file  : ./data/co.dat                                                                   
* T(kin)            [K]:  295.000
* Density of H2  [cm-3]:  5.012E+05
* Density of pH2 [cm-3]:  1.253E+05
* Density of oH2 [cm-3]:  3.759E+05
* T(background)     [K]:   13.800
* Column density [cm-2]:  7.733E+20
* Line width     [km/s]:   50.000
Calculation finished in   39 iterations
      LINE         E_UP       FREQ        WAVEL     T_EX      TAU        T_R       POP        POP       FLUX        FLUX
                   (K)        (GHz)       (um)      (K)                  (K)        UP        LOW      (K*km/s) (erg/cm2/s)
1      -- 0          5.5    115.2712   2600.7576  295.207  3.843E+00  2.752E+02  2.773E-02  9.420E-03  1.465E+04  2.889E-04
2      -- 1         16.6    230.5380   1300.4037  294.575  1.497E+01  2.801E+02  4.452E-02  2.773E-02  1.491E+04  2.352E-03
3      -- 2         33.2    345.7960    866.9634  294.611  3.211E+01  2.793E+02  5.891E-02  4.452E-02  1.486E+04  7.915E-03
4      -- 3         55.3    461.0408    650.2515  294.590  5.337E+01  2.781E+02  7.027E-02  5.891E-02  1.480E+04  1.868E-02
5      -- 4         83.0    576.2679    520.2310  294.552  7.649E+01  2.766E+02  7.818E-02  7.027E-02  1.472E+04  3.629E-02
6      -- 5        116.2    691.4731    433.5562  294.520  9.913E+01  2.749E+02  8.255E-02  7.818E-02  1.463E+04  6.231E-02
7      -- 6        154.9    806.6518    371.6504  294.452  1.192E+02  2.730E+02  8.352E-02  8.255E-02  1.453E+04  9.823E-02
8      -- 7        199.1    921.7997    325.2252  294.376  1.348E+02  2.709E+02  8.145E-02  8.352E-02  1.442E+04  1.455E-01
9      -- 8        248.9   1036.9124    289.1203  294.259  1.450E+02  2.687E+02  7.686E-02  8.145E-02  1.430E+04  2.053E-01
10     -- 9        304.2   1151.9855    260.2398  294.091  1.492E+02  2.663E+02  7.040E-02  7.686E-02  1.417E+04  2.790E-01
11     -- 10       365.0   1267.0145    236.6133  293.911  1.478E+02  2.638E+02  6.269E-02  7.040E-02  1.404E+04  3.678E-01
12     -- 11       431.3   1381.9951    216.9273  293.658  1.411E+02  2.612E+02  5.437E-02  6.269E-02  1.390E+04  4.726E-01
13     -- 12       503.1   1496.9229    200.2725  293.372  1.303E+02  2.585E+02  4.596E-02  5.437E-02  1.376E+04  5.944E-01
14     -- 13       580.5   1611.7935    185.9993  292.789  1.168E+02  2.555E+02  3.791E-02  4.596E-02  1.360E+04  7.334E-01
15     -- 14       663.4   1726.6025    173.6314  292.051  1.016E+02  2.524E+02  3.051E-02  3.791E-02  1.343E+04  8.904E-01
16     -- 15       751.7   1841.3455    162.8116  291.017  8.595E+01  2.489E+02  2.397E-02  3.051E-02  1.325E+04  1.065E+00
