* Radex version        : 30nov2011
* Geometry             : Uniform sphere
* Molecular data file  : ./data/co.dat                                                                   
* T(kin)            [K]:  270.000
* Density of H2  [cm-3]:  6.310E+02
* Density of pH2 [cm-3]:  1.577E+02
* Density of oH2 [cm-3]:  4.732E+02
* T(background)     [K]:   13.800
* Column density [cm-2]:  9.736E+17
* Line width     [km/s]:   50.000
Calculation finished in   28 iterations
      LINE         E_UP       FREQ        WAVEL     T_EX      TAU        T_R       POP        POP       FLUX        FLUX
                   (K)        (GHz)       (um)      (K)                  (K)        UP        LOW      (K*km/s) (erg/cm2/s)
1      -- 0          5.5    115.2712   2600.7576  118.186  1.223E-01  1.200E+01  2.768E-01  9.667E-02  6.386E+02  1.260E-05
2      -- 1         16.6    230.5380   1300.4037   26.961  1.717E+00  1.051E+01  3.060E-01  2.768E-01  5.592E+02  8.824E-05
3      -- 2         33.2    345.7960    866.9634   22.279  2.665E+00  7.327E+00  2.034E-01  3.060E-01  3.900E+02  2.077E-04
4      -- 3         55.3    461.0408    650.2515   19.714  2.162E+00  4.517E+00  8.512E-02  2.034E-01  2.404E+02  3.034E-04
5      -- 4         83.0    576.2679    520.2310   18.823  1.002E+00  2.504E+00  2.394E-02  8.512E-02  1.333E+02  3.285E-04
6      -- 5        116.2    691.4731    433.5562   20.673  2.866E-01  1.257E+00  5.682E-03  2.394E-02  6.692E+01  2.850E-04
7      -- 6        154.9    806.6518    371.6504   26.754  6.410E-02  5.847E-01  1.542E-03  5.682E-03  3.112E+01  2.104E-04
8      -- 7        199.1    921.7997    325.2252   37.064  1.566E-02  2.699E-01  5.299E-04  1.542E-03  1.437E+01  1.449E-04
9      -- 8        248.9   1036.9124    289.1203   46.892  4.994E-03  1.242E-01  2.049E-04  5.299E-04  6.613E+00  9.494E-05
10     -- 9        304.2   1151.9855    260.2398   55.243  1.849E-03  5.745E-02  8.326E-05  2.049E-04  3.058E+00  6.021E-05
11     -- 10       365.0   1267.0145    236.6133   63.408  7.260E-04  2.688E-02  3.495E-05  8.326E-05  1.431E+00  3.748E-05
12     -- 11       431.3   1381.9951    216.9273   70.776  2.979E-04  1.256E-02  1.488E-05  3.495E-05  6.685E-01  2.272E-05
13     -- 12       503.1   1496.9229    200.2725   78.729  1.237E-04  5.914E-03  6.454E-06  1.488E-05  3.148E-01  1.360E-05
14     -- 13       580.5   1611.7935    185.9993   79.282  5.540E-05  2.577E-03  2.613E-06  6.454E-06  1.372E-01  7.396E-06
15     -- 14       663.4   1726.6025    173.6314   81.005  2.286E-05  1.059E-03  1.004E-06  2.613E-06  5.634E-02  3.735E-06
16     -- 15       751.7   1841.3455    162.8116   91.568  8.418E-06  4.566E-04  4.072E-07  1.004E-06  2.430E-02  1.954E-06
