* Radex version        : 30nov2011
* Geometry             : Uniform sphere
* Molecular data file  : ./data/co.dat                                                                   
* T(kin)            [K]:  265.000
* Density of H2  [cm-3]:  2.512E+03
* Density of pH2 [cm-3]:  6.280E+02
* Density of oH2 [cm-3]:  1.884E+03
* T(background)     [K]:   13.800
* Column density [cm-2]:  3.876E+18
* Line width     [km/s]:   50.000
Calculation finished in   33 iterations
      LINE         E_UP       FREQ        WAVEL     T_EX      TAU        T_R       POP        POP       FLUX        FLUX
                   (K)        (GHz)       (um)      (K)                  (K)        UP        LOW      (K*km/s) (erg/cm2/s)
1      -- 0          5.5    115.2712   2600.7576  -79.124 -3.595E-01  4.029E+01  1.450E-01  4.507E-02  2.145E+03  4.230E-05
2      -- 1         16.6    230.5380   1300.4037   80.815  1.361E+00  4.939E+01  2.108E-01  1.450E-01  2.629E+03  4.148E-04
3      -- 2         33.2    345.7960    866.9634   59.487  3.386E+00  4.294E+01  2.232E-01  2.108E-01  2.286E+03  1.217E-03
4      -- 3         55.3    461.0408    650.2515   50.382  4.978E+00  3.431E+01  1.850E-01  2.232E-01  1.826E+03  2.305E-03
5      -- 4         83.0    576.2679    520.2310   41.828  5.448E+00  2.510E+01  1.167E-01  1.850E-01  1.336E+03  3.292E-03
6      -- 5        116.2    691.4731    433.5562   34.105  4.330E+00  1.665E+01  5.213E-02  1.167E-01  8.860E+02  3.772E-03
7      -- 6        154.9    806.6518    371.6504   29.000  2.256E+00  1.015E+01  1.583E-02  5.213E-02  5.401E+02  3.651E-03
8      -- 7        199.1    921.7997    325.2252   29.999  7.080E-01  5.713E+00  4.106E-03  1.583E-02  3.041E+02  3.067E-03
9      -- 8        248.9   1036.9124    289.1203   39.357  1.690E-01  2.830E+00  1.296E-03  4.106E-03  1.506E+02  2.162E-03
10     -- 9        304.2   1151.9855    260.2398   52.180  4.808E-02  1.329E+00  4.965E-04  1.296E-03  7.072E+01  1.392E-03
11     -- 10       365.0   1267.0145    236.6133   62.386  1.740E-02  6.227E-01  2.052E-04  4.965E-04  3.314E+01  8.681E-04
12     -- 11       431.3   1381.9951    216.9273   70.789  6.960E-03  2.926E-01  8.738E-05  2.052E-04  1.557E+01  5.293E-04
13     -- 12       503.1   1496.9229    200.2725   78.756  2.891E-03  1.381E-01  3.790E-05  8.738E-05  7.349E+00  3.175E-04
14     -- 13       580.5   1611.7935    185.9993   80.764  1.281E-03  6.131E-02  1.562E-05  3.790E-05  3.263E+00  1.760E-04
15     -- 14       663.4   1726.6025    173.6314   83.379  5.351E-04  2.594E-02  6.182E-06  1.562E-05  1.381E+00  9.152E-05
16     -- 15       751.7   1841.3455    162.8116   92.720  2.048E-04  1.132E-02  2.537E-06  6.182E-06  6.027E-01  4.846E-05
