* Radex version        : 30nov2011
* Geometry             : Uniform sphere
* Molecular data file  : ./data/co.dat                                                                   
* T(kin)            [K]:   25.000
* Density of H2  [cm-3]:  3.162E+03
* Density of pH2 [cm-3]:  7.906E+02
* Density of oH2 [cm-3]:  2.372E+03
* T(background)     [K]:   13.800
* Column density [cm-2]:  4.879E+18
* Line width     [km/s]:   50.000
Calculation finished in   28 iterations
      LINE         E_UP       FREQ        WAVEL     T_EX      TAU        T_R       POP        POP       FLUX        FLUX
                   (K)        (GHz)       (um)      (K)                  (K)        UP        LOW      (K*km/s) (erg/cm2/s)
1      -- 0          5.5    115.2712   2600.7576   24.093  3.450E+00  9.890E+00  2.892E-01  1.213E-01  5.264E+02  1.038E-05
2      -- 1         16.6    230.5380   1300.4037   23.103  1.017E+01  9.011E+00  2.985E-01  2.892E-01  4.796E+02  7.568E-05
3      -- 2         33.2    345.7960    866.9634   21.639  1.329E+01  7.265E+00  1.941E-01  2.985E-01  3.867E+02  2.059E-04
4      -- 3         55.3    461.0408    650.2515   18.922  1.057E+01  4.393E+00  7.751E-02  1.941E-01  2.338E+02  2.951E-04
5      -- 4         83.0    576.2679    520.2310   16.127  4.871E+00  1.748E+00  1.705E-02  7.751E-02  9.306E+01  2.294E-04
6      -- 5        116.2    691.4731    433.5562   14.825  1.144E+00  4.545E-01  2.149E-03  1.705E-02  2.419E+01  1.030E-04
7      -- 6        154.9    806.6518    371.6504   14.657  1.475E-01  6.561E-02  1.767E-04  2.149E-03  3.492E+00  2.361E-05
8      -- 7        199.1    921.7997    325.2252   14.844  1.225E-02  6.059E-03  1.017E-05  1.767E-04  3.225E-01  3.253E-06
9      -- 8        248.9   1036.9124    289.1203   15.239  7.063E-04  4.138E-04  4.339E-07  1.017E-05  2.202E-02  3.162E-07
10     -- 9        304.2   1151.9855    260.2398   15.877  3.006E-05  2.190E-05  1.474E-08  4.339E-07  1.166E-03  2.295E-08
11     -- 10       365.0   1267.0145    236.6133   16.734  1.017E-06  9.141E-07  4.265E-10  1.474E-08  4.865E-05  1.274E-09
12     -- 11       431.3   1381.9951    216.9273   17.706  2.924E-08  3.091E-08  1.095E-11  4.265E-10  1.645E-06  5.593E-11
13     -- 12       503.1   1496.9229    200.2725   18.611  7.461E-10  8.577E-10  2.490E-13  1.095E-11  4.565E-08  1.972E-12
14     -- 13       580.5   1611.7935    185.9993   19.184  1.689E-11  1.876E-11  4.743E-15  2.490E-13  9.988E-10  5.386E-14
15     -- 14       663.4   1726.6025    173.6314   19.475  3.201E-13  3.163E-13  7.203E-17  4.743E-15  1.684E-11  1.116E-15
16     -- 15       751.7   1841.3455    162.8116   19.625  4.828E-15  4.023E-15  9.050E-19  7.203E-17  2.141E-13  1.721E-17
