* Radex version        : 30nov2011
* Geometry             : Uniform sphere
* Molecular data file  : ./data/co.dat                                                                   
* T(kin)            [K]:  215.000
* Density of H2  [cm-3]:  1.585E+04
* Density of pH2 [cm-3]:  3.962E+03
* Density of oH2 [cm-3]:  1.189E+04
* T(background)     [K]:   13.800
* Column density [cm-2]:  2.445E+19
* Line width     [km/s]:   50.000
Calculation finished in   37 iterations
      LINE         E_UP       FREQ        WAVEL     T_EX      TAU        T_R       POP        POP       FLUX        FLUX
                   (K)        (GHz)       (um)      (K)                  (K)        UP        LOW      (K*km/s) (erg/cm2/s)
1      -- 0          5.5    115.2712   2600.7576 -2.351E+03 -3.367E-02  8.099E+01  6.184E-02  2.057E-02  4.310E+03  8.503E-05
2      -- 1         16.6    230.5380   1300.4037  188.586  1.632E+00  1.400E+02  9.720E-02  6.184E-02  7.454E+03  1.176E-03
3      -- 2         33.2    345.7960    866.9634  161.019  3.964E+00  1.430E+02  1.228E-01  9.720E-02  7.610E+03  4.052E-03
4      -- 3         55.3    461.0408    650.2515  153.448  6.526E+00  1.369E+02  1.366E-01  1.228E-01  7.285E+03  9.194E-03
5      -- 4         83.0    576.2679    520.2310  146.472  9.030E+00  1.288E+02  1.383E-01  1.366E-01  6.853E+03  1.689E-02
6      -- 5        116.2    691.4731    433.5562  137.768  1.114E+01  1.185E+02  1.284E-01  1.383E-01  6.310E+03  2.687E-02
7      -- 6        154.9    806.6518    371.6504  126.399  1.255E+01  1.055E+02  1.091E-01  1.284E-01  5.617E+03  3.797E-02
8      -- 7        199.1    921.7997    325.2252  112.348  1.299E+01  8.981E+01  8.339E-02  1.091E-01  4.780E+03  4.822E-02
9      -- 8        248.9   1036.9124    289.1203   95.735  1.224E+01  7.161E+01  5.542E-02  8.339E-02  3.811E+03  5.472E-02
10     -- 9        304.2   1151.9855    260.2398   77.601  1.012E+01  5.219E+01  3.004E-02  5.542E-02  2.778E+03  5.469E-02
11     -- 10       365.0   1267.0145    236.6133   60.311  6.777E+00  3.414E+01  1.201E-02  3.004E-02  1.817E+03  4.760E-02
12     -- 11       431.3   1381.9951    216.9273   47.626  3.175E+00  2.048E+01  3.242E-03  1.201E-02  1.090E+03  3.706E-02
13     -- 12       503.1   1496.9229    200.2725   47.004  8.857E-01  1.146E+01  7.593E-04  3.242E-03  6.099E+02  2.634E-02
14     -- 13       580.5   1611.7935    185.9993   62.280  1.869E-01  5.306E+00  2.355E-04  7.593E-04  2.824E+02  1.523E-02
15     -- 14       663.4   1726.6025    173.6314   77.023  5.325E-02  2.213E+00  8.586E-05  2.355E-04  1.178E+02  7.808E-03
16     -- 15       751.7   1841.3455    162.8116   85.924  1.876E-02  9.114E-01  3.268E-05  8.586E-05  4.851E+01  3.900E-03
