* Radex version        : 30nov2011
* Geometry             : Uniform sphere
* Molecular data file  : ./data/co.dat                                                                   
* T(kin)            [K]:  215.000
* Density of H2  [cm-3]:  2.512E+06
* Density of pH2 [cm-3]:  6.280E+05
* Density of oH2 [cm-3]:  1.884E+06
* T(background)     [K]:   13.800
* Column density [cm-2]:  3.876E+21
* Line width     [km/s]:   50.000
Calculation finished in   33 iterations
      LINE         E_UP       FREQ        WAVEL     T_EX      TAU        T_R       POP        POP       FLUX        FLUX
                   (K)        (GHz)       (um)      (K)                  (K)        UP        LOW      (K*km/s) (erg/cm2/s)
1      -- 0          5.5    115.2712   2600.7576  214.994  3.584E+01  2.010E+02  3.745E-02  1.281E-02  1.070E+04  2.110E-04
2      -- 1         16.6    230.5380   1300.4037  214.994  1.378E+02  2.005E+02  5.928E-02  3.745E-02  1.067E+04  1.684E-03
3      -- 2         33.2    345.7960    866.9634  214.994  2.907E+02  1.997E+02  7.683E-02  5.928E-02  1.063E+04  5.659E-03
4      -- 3         55.3    461.0408    650.2515  214.993  4.714E+02  1.985E+02  8.912E-02  7.683E-02  1.057E+04  1.334E-02
5      -- 4         83.0    576.2679    520.2310  214.992  6.549E+02  1.972E+02  9.578E-02  8.912E-02  1.049E+04  2.586E-02
6      -- 5        116.2    691.4731    433.5562  214.991  8.170E+02  1.955E+02  9.700E-02  9.578E-02  1.041E+04  4.431E-02
7      -- 6        154.9    806.6518    371.6504  214.990  9.387E+02  1.937E+02  9.348E-02  9.700E-02  1.031E+04  6.970E-02
8      -- 7        199.1    921.7997    325.2252  214.988  1.008E+03  1.918E+02  8.624E-02  9.348E-02  1.021E+04  1.030E-01
9      -- 8        248.9   1036.9124    289.1203  214.985  1.022E+03  1.897E+02  7.647E-02  8.624E-02  1.010E+04  1.449E-01
10     -- 9        304.2   1151.9855    260.2398  214.980  9.846E+02  1.875E+02  6.535E-02  7.647E-02  9.979E+03  1.965E-01
11     -- 10       365.0   1267.0145    236.6133  214.975  9.063E+02  1.853E+02  5.394E-02  6.535E-02  9.860E+03  2.583E-01
12     -- 11       431.3   1381.9951    216.9273  214.966  7.988E+02  1.830E+02  4.307E-02  5.394E-02  9.738E+03  3.310E-01
13     -- 12       503.1   1496.9229    200.2725  214.954  6.766E+02  1.806E+02  3.330E-02  4.307E-02  9.614E+03  4.153E-01
14     -- 13       580.5   1611.7935    185.9993  214.932  5.520E+02  1.783E+02  2.495E-02  3.330E-02  9.489E+03  5.117E-01
15     -- 14       663.4   1726.6025    173.6314  214.902  4.342E+02  1.759E+02  1.814E-02  2.495E-02  9.363E+03  6.207E-01
16     -- 15       751.7   1841.3455    162.8116  214.850  3.298E+02  1.735E+02  1.280E-02  1.814E-02  9.237E+03  7.426E-01
