* Radex version        : 30nov2011
* Geometry             : Uniform sphere
* Molecular data file  : ./data/co.dat                                                                   
* T(kin)            [K]:  225.000
* Density of H2  [cm-3]:  7.943E+05
* Density of pH2 [cm-3]:  1.986E+05
* Density of oH2 [cm-3]:  5.957E+05
* T(background)     [K]:   13.800
* Column density [cm-2]:  1.226E+21
* Line width     [km/s]:   50.000
Calculation finished in   37 iterations
      LINE         E_UP       FREQ        WAVEL     T_EX      TAU        T_R       POP        POP       FLUX        FLUX
                   (K)        (GHz)       (um)      (K)                  (K)        UP        LOW      (K*km/s) (erg/cm2/s)
1      -- 0          5.5    115.2712   2600.7576  224.944  1.038E+01  2.110E+02  3.591E-02  1.227E-02  1.123E+04  2.215E-04
2      -- 1         16.6    230.5380   1300.4037  224.931  3.999E+01  2.104E+02  5.697E-02  3.591E-02  1.120E+04  1.767E-03
3      -- 2         33.2    345.7960    866.9634  224.928  8.457E+01  2.096E+02  7.408E-02  5.697E-02  1.116E+04  5.941E-03
4      -- 3         55.3    461.0408    650.2515  224.923  1.377E+02  2.085E+02  8.633E-02  7.408E-02  1.110E+04  1.400E-02
5      -- 4         83.0    576.2679    520.2310  224.915  1.923E+02  2.071E+02  9.330E-02  8.633E-02  1.102E+04  2.716E-02
6      -- 5        116.2    691.4731    433.5562  224.904  2.414E+02  2.054E+02  9.514E-02  9.330E-02  1.093E+04  4.655E-02
7      -- 6        154.9    806.6518    371.6504  224.888  2.794E+02  2.036E+02  9.242E-02  9.514E-02  1.084E+04  7.325E-02
8      -- 7        199.1    921.7997    325.2252  224.866  3.027E+02  2.016E+02  8.603E-02  9.242E-02  1.073E+04  1.082E-01
9      -- 8        248.9   1036.9124    289.1203  224.835  3.099E+02  1.995E+02  7.706E-02  8.603E-02  1.062E+04  1.524E-01
10     -- 9        304.2   1151.9855    260.2398  224.787  3.017E+02  1.973E+02  6.660E-02  7.706E-02  1.050E+04  2.067E-01
11     -- 10       365.0   1267.0145    236.6133  224.728  2.810E+02  1.949E+02  5.565E-02  6.660E-02  1.038E+04  2.718E-01
12     -- 11       431.3   1381.9951    216.9273  224.641  2.510E+02  1.926E+02  4.503E-02  5.565E-02  1.025E+04  3.484E-01
13     -- 12       503.1   1496.9229    200.2725  224.523  2.156E+02  1.901E+02  3.531E-02  4.503E-02  1.012E+04  4.371E-01
14     -- 13       580.5   1611.7935    185.9993  224.309  1.787E+02  1.876E+02  2.687E-02  3.531E-02  9.983E+03  5.383E-01
15     -- 14       663.4   1726.6025    173.6314  224.010  1.428E+02  1.849E+02  1.984E-02  2.687E-02  9.842E+03  6.524E-01
16     -- 15       751.7   1841.3455    162.8116  223.515  1.104E+02  1.821E+02  1.422E-02  1.984E-02  9.692E+03  7.792E-01
