* Radex version        : 30nov2011
* Geometry             : Uniform sphere
* Molecular data file  : ./data/co.dat                                                                   
* T(kin)            [K]:  220.000
* Density of H2  [cm-3]:  1.259E+03
* Density of pH2 [cm-3]:  3.147E+02
* Density of oH2 [cm-3]:  9.442E+02
* T(background)     [K]:   13.800
* Column density [cm-2]:  1.943E+18
* Line width     [km/s]:   50.000
Calculation finished in   30 iterations
      LINE         E_UP       FREQ        WAVEL     T_EX      TAU        T_R       POP        POP       FLUX        FLUX
                   (K)        (GHz)       (um)      (K)                  (K)        UP        LOW      (K*km/s) (erg/cm2/s)
1      -- 0          5.5    115.2712   2600.7576 -470.322 -4.687E-02  2.324E+01  2.178E-01  7.176E-02  1.237E+03  2.440E-05
2      -- 1         16.6    230.5380   1300.4037   41.015  1.894E+00  2.271E+01  2.772E-01  2.178E-01  1.209E+03  1.907E-04
3      -- 2         33.2    345.7960    866.9634   32.659  3.653E+00  1.747E+01  2.335E-01  2.772E-01  9.298E+02  4.951E-04
4      -- 3         55.3    461.0408    650.2515   27.287  4.079E+00  1.192E+01  1.334E-01  2.335E-01  6.346E+02  8.009E-04
5      -- 4         83.0    576.2679    520.2310   23.112  2.841E+00  7.222E+00  4.928E-02  1.334E-01  3.844E+02  9.473E-04
6      -- 5        116.2    691.4731    433.5562   21.644  1.155E+00  4.001E+00  1.257E-02  4.928E-02  2.129E+02  9.066E-04
7      -- 6        154.9    806.6518    371.6504   24.609  2.933E-01  1.941E+00  3.008E-03  1.257E-02  1.033E+02  6.985E-04
8      -- 7        199.1    921.7997    325.2252   32.984  6.457E-02  8.628E-01  8.917E-04  3.008E-03  4.593E+01  4.633E-04
9      -- 8        248.9   1036.9124    289.1203   43.026  1.757E-02  3.736E-01  3.135E-04  8.917E-04  1.988E+01  2.855E-04
10     -- 9        304.2   1151.9855    260.2398   51.160  5.893E-03  1.609E-01  1.176E-04  3.135E-04  8.562E+00  1.686E-04
11     -- 10       365.0   1267.0145    236.6133   58.292  2.148E-03  6.938E-02  4.538E-05  1.176E-04  3.693E+00  9.673E-05
12     -- 11       431.3   1381.9951    216.9273   64.836  8.124E-04  2.979E-02  1.773E-05  4.538E-05  1.586E+00  5.390E-05
13     -- 12       503.1   1496.9229    200.2725   71.864  3.106E-04  1.287E-02  7.047E-06  1.773E-05  6.849E-01  2.959E-05
14     -- 13       580.5   1611.7935    185.9993   73.168  1.264E-04  5.170E-03  2.630E-06  7.047E-06  2.752E-01  1.484E-05
15     -- 14       663.4   1726.6025    173.6314   74.821  4.799E-05  1.952E-03  9.288E-07  2.630E-06  1.039E-01  6.888E-06
16     -- 15       751.7   1841.3455    162.8116   83.381  1.640E-05  7.660E-04  3.426E-07  9.288E-07  4.077E-02  3.278E-06
