* Radex version        : 30nov2011
* Geometry             : Uniform sphere
* Molecular data file  : ./data/co.dat                                                                   
* T(kin)            [K]:  245.000
* Density of H2  [cm-3]:  7.943E+05
* Density of pH2 [cm-3]:  1.986E+05
* Density of oH2 [cm-3]:  5.957E+05
* T(background)     [K]:   13.800
* Column density [cm-2]:  1.226E+21
* Line width     [km/s]:   50.000
Calculation finished in   37 iterations
      LINE         E_UP       FREQ        WAVEL     T_EX      TAU        T_R       POP        POP       FLUX        FLUX
                   (K)        (GHz)       (um)      (K)                  (K)        UP        LOW      (K*km/s) (erg/cm2/s)
1      -- 0          5.5    115.2712   2600.7576  244.937  8.768E+00  2.309E+02  3.306E-02  1.127E-02  1.229E+04  2.424E-04
2      -- 1         16.6    230.5380   1300.4037  244.910  3.389E+01  2.304E+02  5.267E-02  3.306E-02  1.226E+04  1.935E-03
3      -- 2         33.2    345.7960    866.9634  244.908  7.203E+01  2.296E+02  6.891E-02  5.267E-02  1.222E+04  6.507E-03
4      -- 3         55.3    461.0408    650.2515  244.902  1.181E+02  2.284E+02  8.094E-02  6.891E-02  1.216E+04  1.534E-02
5      -- 4         83.0    576.2679    520.2310  244.892  1.664E+02  2.270E+02  8.837E-02  8.094E-02  1.208E+04  2.978E-02
6      -- 5        116.2    691.4731    433.5562  244.881  2.112E+02  2.254E+02  9.120E-02  8.837E-02  1.200E+04  5.107E-02
7      -- 6        154.9    806.6518    371.6504  244.862  2.477E+02  2.235E+02  8.984E-02  9.120E-02  1.190E+04  8.042E-02
8      -- 7        199.1    921.7997    325.2252  244.837  2.724E+02  2.215E+02  8.499E-02  8.984E-02  1.179E+04  1.189E-01
9      -- 8        248.9   1036.9124    289.1203  244.802  2.836E+02  2.194E+02  7.751E-02  8.499E-02  1.168E+04  1.676E-01
10     -- 9        304.2   1151.9855    260.2398  244.749  2.814E+02  2.171E+02  6.835E-02  7.751E-02  1.156E+04  2.275E-01
11     -- 10       365.0   1267.0145    236.6133  244.687  2.677E+02  2.148E+02  5.839E-02  6.835E-02  1.143E+04  2.995E-01
12     -- 11       431.3   1381.9951    216.9273  244.596  2.446E+02  2.124E+02  4.839E-02  5.839E-02  1.130E+04  3.843E-01
13     -- 12       503.1   1496.9229    200.2725  244.480  2.155E+02  2.099E+02  3.896E-02  4.839E-02  1.117E+04  4.826E-01
14     -- 13       580.5   1611.7935    185.9993  244.264  1.834E+02  2.073E+02  3.048E-02  3.896E-02  1.104E+04  5.951E-01
15     -- 14       663.4   1726.6025    173.6314  243.972  1.510E+02  2.047E+02  2.320E-02  3.048E-02  1.089E+04  7.221E-01
16     -- 15       751.7   1841.3455    162.8116  243.511  1.204E+02  2.018E+02  1.718E-02  2.320E-02  1.074E+04  8.638E-01
