* Radex version        : 30nov2011
* Geometry             : Uniform sphere
* Molecular data file  : ./data/co.dat                                                                   
* T(kin)            [K]:  235.000
* Density of H2  [cm-3]:  1.585E+02
* Density of pH2 [cm-3]:  3.962E+01
* Density of oH2 [cm-3]:  1.189E+02
* T(background)     [K]:   13.800
* Column density [cm-2]:  2.445E+17
* Line width     [km/s]:   50.000
Calculation finished in   20 iterations
      LINE         E_UP       FREQ        WAVEL     T_EX      TAU        T_R       POP        POP       FLUX        FLUX
                   (K)        (GHz)       (um)      (K)                  (K)        UP        LOW      (K*km/s) (erg/cm2/s)
1      -- 0          5.5    115.2712   2600.7576   20.426  2.584E-01  1.495E+00  3.586E-01  1.567E-01  7.957E+01  1.570E-06
2      -- 1         16.6    230.5380   1300.4037   15.798  8.360E-01  1.081E+00  2.967E-01  3.586E-01  5.751E+01  9.075E-06
3      -- 2         33.2    345.7960    866.9634   15.052  8.252E-01  6.306E-01  1.379E-01  2.967E-01  3.356E+01  1.787E-05
4      -- 3         55.3    461.0408    650.2515   14.918  4.220E-01  3.168E-01  4.023E-02  1.379E-01  1.686E+01  2.128E-05
5      -- 4         83.0    576.2679    520.2310   15.367  1.290E-01  1.416E-01  8.129E-03  4.023E-02  7.538E+00  1.858E-05
6      -- 5        116.2    691.4731    433.5562   17.225  2.613E-02  6.097E-02  1.399E-03  8.129E-03  3.245E+00  1.382E-05
7      -- 6        154.9    806.6518    371.6504   22.820  4.235E-03  2.619E-02  2.960E-04  1.399E-03  1.394E+00  9.423E-06
8      -- 7        199.1    921.7997    325.2252   33.753  7.911E-04  1.144E-02  9.046E-05  2.960E-04  6.088E-01  6.141E-06
9      -- 8        248.9   1036.9124    289.1203   44.350  2.208E-04  4.998E-03  3.292E-05  9.046E-05  2.660E-01  3.819E-06
10     -- 9        304.2   1151.9855    260.2398   52.307  7.695E-05  2.187E-03  1.264E-05  3.292E-05  1.164E-01  2.292E-06
11     -- 10       365.0   1267.0145    236.6133   59.749  2.868E-05  9.653E-04  5.005E-06  1.264E-05  5.138E-02  1.346E-06
12     -- 11       431.3   1381.9951    216.9273   66.144  1.115E-05  4.225E-04  1.996E-06  5.005E-06  2.249E-02  7.644E-07
13     -- 12       503.1   1496.9229    200.2725   73.736  4.335E-06  1.871E-04  8.136E-07  1.996E-06  9.959E-03  4.302E-07
14     -- 13       580.5   1611.7935    185.9993   73.958  1.826E-06  7.601E-05  3.071E-07  8.136E-07  4.046E-03  2.182E-07
15     -- 14       663.4   1726.6025    173.6314   75.109  7.040E-07  2.882E-05  1.089E-07  3.071E-07  1.534E-03  1.017E-07
16     -- 15       751.7   1841.3455    162.8116   85.066  2.394E-07  1.155E-05  4.102E-08  1.089E-07  6.147E-04  4.942E-08
