* Radex version        : 30nov2011
* Geometry             : Uniform sphere
* Molecular data file  : ./data/co.dat                                                                   
* T(kin)            [K]:  215.000
* Density of H2  [cm-3]:  1.585E+02
* Density of pH2 [cm-3]:  3.962E+01
* Density of oH2 [cm-3]:  1.189E+02
* T(background)     [K]:   13.800
* Column density [cm-2]:  2.445E+17
* Line width     [km/s]:   50.000
Calculation finished in   20 iterations
      LINE         E_UP       FREQ        WAVEL     T_EX      TAU        T_R       POP        POP       FLUX        FLUX
                   (K)        (GHz)       (um)      (K)                  (K)        UP        LOW      (K*km/s) (erg/cm2/s)
1      -- 0          5.5    115.2712   2600.7576   20.017  2.652E-01  1.435E+00  3.596E-01  1.580E-01  7.636E+01  1.506E-06
2      -- 1         16.6    230.5380   1300.4037   15.695  8.422E-01  1.029E+00  2.961E-01  3.596E-01  5.477E+01  8.642E-06
3      -- 2         33.2    345.7960    866.9634   14.982  8.259E-01  5.954E-01  1.369E-01  2.961E-01  3.169E+01  1.687E-05
4      -- 3         55.3    461.0408    650.2515   14.845  4.200E-01  2.949E-01  3.966E-02  1.369E-01  1.570E+01  1.981E-05
5      -- 4         83.0    576.2679    520.2310   15.250  1.275E-01  1.294E-01  7.906E-03  3.966E-02  6.886E+00  1.697E-05
6      -- 5        116.2    691.4731    433.5562   16.936  2.556E-02  5.426E-02  1.317E-03  7.906E-03  2.888E+00  1.230E-05
7      -- 6        154.9    806.6518    371.6504   22.092  4.033E-03  2.265E-02  2.634E-04  1.317E-03  1.206E+00  8.149E-06
8      -- 7        199.1    921.7997    325.2252   32.477  7.170E-04  9.577E-03  7.645E-05  2.634E-04  5.097E-01  5.142E-06
9      -- 8        248.9   1036.9124    289.1203   42.836  1.901E-04  4.045E-03  2.674E-05  7.645E-05  2.153E-01  3.091E-06
10     -- 9        304.2   1151.9855    260.2398   50.471  6.377E-05  1.706E-03  9.884E-06  2.674E-05  9.079E-02  1.787E-06
11     -- 10       365.0   1267.0145    236.6133   57.377  2.294E-05  7.224E-04  3.751E-06  9.884E-06  3.845E-02  1.007E-06
12     -- 11       431.3   1381.9951    216.9273   63.286  8.573E-06  3.023E-04  1.430E-06  3.751E-06  1.609E-02  5.470E-07
13     -- 12       503.1   1496.9229    200.2725   70.517  3.187E-06  1.281E-04  5.574E-07  1.430E-06  6.819E-03  2.946E-07
14     -- 13       580.5   1611.7935    185.9993   70.898  1.281E-06  4.975E-05  2.011E-07  5.574E-07  2.648E-03  1.428E-07
15     -- 14       663.4   1726.6025    173.6314   71.898  4.720E-07  1.796E-05  6.789E-08  2.011E-07  9.559E-04  6.337E-08
16     -- 15       751.7   1841.3455    162.8116   81.112  1.533E-07  6.843E-06  2.431E-08  6.789E-08  3.642E-04  2.928E-08
