* Radex version        : 30nov2011
* Geometry             : Uniform sphere
* Molecular data file  : ./data/co.dat                                                                   
* T(kin)            [K]:  275.000
* Density of H2  [cm-3]:  1.585E+04
* Density of pH2 [cm-3]:  3.962E+03
* Density of oH2 [cm-3]:  1.189E+04
* T(background)     [K]:   13.800
* Column density [cm-2]:  2.445E+19
* Line width     [km/s]:   50.000
Calculation finished in   37 iterations
      LINE         E_UP       FREQ        WAVEL     T_EX      TAU        T_R       POP        POP       FLUX        FLUX
                   (K)        (GHz)       (um)      (K)                  (K)        UP        LOW      (K*km/s) (erg/cm2/s)
1      -- 0          5.5    115.2712   2600.7576 -330.987 -2.073E-01  7.948E+01  5.400E-02  1.770E-02  4.230E+03  8.344E-05
2      -- 1         16.6    230.5380   1300.4037  265.912  1.019E+00  1.607E+02  8.633E-02  5.400E-02  8.551E+03  1.349E-03
3      -- 2         33.2    345.7960    866.9634  195.311  2.928E+00  1.704E+02  1.110E-01  8.633E-02  9.068E+03  4.829E-03
4      -- 3         55.3    461.0408    650.2515  181.307  5.049E+00  1.638E+02  1.263E-01  1.110E-01  8.720E+03  1.101E-02
5      -- 4         83.0    576.2679    520.2310  172.173  7.201E+00  1.543E+02  1.315E-01  1.263E-01  8.212E+03  2.024E-02
6      -- 5        116.2    691.4731    433.5562  162.282  9.150E+00  1.429E+02  1.267E-01  1.315E-01  7.608E+03  3.240E-02
7      -- 6        154.9    806.6518    371.6504  149.748  1.069E+01  1.287E+02  1.129E-01  1.267E-01  6.852E+03  4.631E-02
8      -- 7        199.1    921.7997    325.2252  134.656  1.156E+01  1.119E+02  9.208E-02  1.129E-01  5.955E+03  6.006E-02
9      -- 8        248.9   1036.9124    289.1203  116.893  1.156E+01  9.238E+01  6.724E-02  9.208E-02  4.917E+03  7.060E-02
10     -- 9        304.2   1151.9855    260.2398   97.436  1.043E+01  7.137E+01  4.213E-02  6.724E-02  3.798E+03  7.478E-02
11     -- 10       365.0   1267.0145    236.6133   78.168  8.090E+00  5.090E+01  2.120E-02  4.213E-02  2.709E+03  7.097E-02
12     -- 11       431.3   1381.9951    216.9273   61.444  4.926E+00  3.334E+01  7.829E-03  2.120E-02  1.775E+03  6.033E-02
13     -- 12       503.1   1496.9229    200.2725   52.378  2.039E+00  2.090E+01  2.145E-03  7.829E-03  1.112E+03  4.805E-02
14     -- 13       580.5   1611.7935    185.9993   58.471  5.447E-01  1.167E+01  6.137E-04  2.145E-03  6.214E+02  3.351E-02
15     -- 14       663.4   1726.6025    173.6314   78.220  1.376E-01  5.625E+00  2.274E-04  6.137E-04  2.994E+02  1.985E-02
16     -- 15       751.7   1841.3455    162.8116   94.819  4.690E-02  2.623E+00  9.533E-05  2.274E-04  1.396E+02  1.123E-02
