* Radex version        : 30nov2011
* Geometry             : Uniform sphere
* Molecular data file  : ./data/co.dat                                                                   
* T(kin)            [K]:  265.000
* Density of H2  [cm-3]:  7.943E+04
* Density of pH2 [cm-3]:  1.986E+04
* Density of oH2 [cm-3]:  5.957E+04
* T(background)     [K]:   13.800
* Column density [cm-2]:  1.226E+20
* Line width     [km/s]:   50.000
Calculation finished in   40 iterations
      LINE         E_UP       FREQ        WAVEL     T_EX      TAU        T_R       POP        POP       FLUX        FLUX
                   (K)        (GHz)       (um)      (K)                  (K)        UP        LOW      (K*km/s) (erg/cm2/s)
1      -- 0          5.5    115.2712   2600.7576  313.213  7.084E-01  1.519E+02  3.424E-02  1.162E-02  8.084E+03  1.595E-04
2      -- 1         16.6    230.5380   1300.4037  258.284  3.332E+00  2.351E+02  5.468E-02  3.424E-02  1.251E+04  1.974E-03
3      -- 2         33.2    345.7960    866.9634  255.295  7.183E+00  2.398E+02  7.173E-02  5.468E-02  1.276E+04  6.796E-03
4      -- 3         55.3    461.0408    650.2515  254.743  1.184E+01  2.383E+02  8.456E-02  7.173E-02  1.268E+04  1.600E-02
5      -- 4         83.0    576.2679    520.2310  253.825  1.680E+01  2.359E+02  9.268E-02  8.456E-02  1.256E+04  3.095E-02
6      -- 5        116.2    691.4731    433.5562  252.739  2.151E+01  2.332E+02  9.605E-02  9.268E-02  1.241E+04  5.285E-02
7      -- 6        154.9    806.6518    371.6504  250.962  2.550E+01  2.296E+02  9.499E-02  9.605E-02  1.222E+04  8.261E-02
8      -- 7        199.1    921.7997    325.2252  248.632  2.839E+01  2.253E+02  9.010E-02  9.499E-02  1.199E+04  1.210E-01
9      -- 8        248.9   1036.9124    289.1203  245.286  3.001E+01  2.199E+02  8.221E-02  9.010E-02  1.170E+04  1.680E-01
10     -- 9        304.2   1151.9855    260.2398  240.629  3.030E+01  2.130E+02  7.221E-02  8.221E-02  1.134E+04  2.232E-01
11     -- 10       365.0   1267.0145    236.6133  234.729  2.933E+01  2.049E+02  6.104E-02  7.221E-02  1.091E+04  2.856E-01
12     -- 11       431.3   1381.9951    216.9273  226.524  2.733E+01  1.944E+02  4.951E-02  6.104E-02  1.035E+04  3.518E-01
13     -- 12       503.1   1496.9229    200.2725  215.154  2.458E+01  1.808E+02  3.829E-02  4.951E-02  9.625E+03  4.158E-01
14     -- 13       580.5   1611.7935    185.9993  198.595  2.143E+01  1.621E+02  2.786E-02  3.829E-02  8.630E+03  4.654E-01
15     -- 14       663.4   1726.6025    173.6314  177.513  1.787E+01  1.391E+02  1.867E-02  2.786E-02  7.403E+03  4.907E-01
16     -- 15       751.7   1841.3455    162.8116  152.246  1.402E+01  1.122E+02  1.112E-02  1.867E-02  5.970E+03  4.800E-01
