* Radex version        : 30nov2011
* Geometry             : Uniform sphere
* Molecular data file  : ./data/co.dat                                                                   
* T(kin)            [K]:  205.000
* Density of H2  [cm-3]:  1.995E+06
* Density of pH2 [cm-3]:  4.988E+05
* Density of oH2 [cm-3]:  1.496E+06
* T(background)     [K]:   13.800
* Column density [cm-2]:  3.079E+21
* Line width     [km/s]:   50.000
Calculation finished in   33 iterations
      LINE         E_UP       FREQ        WAVEL     T_EX      TAU        T_R       POP        POP       FLUX        FLUX
                   (K)        (GHz)       (um)      (K)                  (K)        UP        LOW      (K*km/s) (erg/cm2/s)
1      -- 0          5.5    115.2712   2600.7576  204.992  3.129E+01  1.910E+02  3.922E-02  1.343E-02  1.017E+04  2.005E-04
2      -- 1         16.6    230.5380   1300.4037  204.992  1.201E+02  1.905E+02  6.194E-02  3.922E-02  1.014E+04  1.600E-03
3      -- 2         33.2    345.7960    866.9634  204.991  2.525E+02  1.897E+02  7.997E-02  6.194E-02  1.010E+04  5.376E-03
4      -- 3         55.3    461.0408    650.2515  204.991  4.078E+02  1.886E+02  9.229E-02  7.997E-02  1.004E+04  1.267E-02
5      -- 4         83.0    576.2679    520.2310  204.989  5.633E+02  1.872E+02  9.857E-02  9.229E-02  9.962E+03  2.455E-02
6      -- 5        116.2    691.4731    433.5562  204.988  6.979E+02  1.855E+02  9.908E-02  9.857E-02  9.876E+03  4.205E-02
7      -- 6        154.9    806.6518    371.6504  204.986  7.954E+02  1.837E+02  9.465E-02  9.908E-02  9.780E+03  6.611E-02
8      -- 7        199.1    921.7997    325.2252  204.983  8.463E+02  1.818E+02  8.644E-02  9.465E-02  9.676E+03  9.760E-02
9      -- 8        248.9   1036.9124    289.1203  204.978  8.491E+02  1.797E+02  7.579E-02  8.644E-02  9.565E+03  1.373E-01
10     -- 9        304.2   1151.9855    260.2398  204.971  8.081E+02  1.775E+02  6.396E-02  7.579E-02  9.450E+03  1.860E-01
11     -- 10       365.0   1267.0145    236.6133  204.963  7.342E+02  1.753E+02  5.207E-02  6.396E-02  9.331E+03  2.444E-01
12     -- 11       431.3   1381.9951    216.9273  204.949  6.378E+02  1.730E+02  4.095E-02  5.207E-02  9.209E+03  3.130E-01
13     -- 12       503.1   1496.9229    200.2725  204.930  5.319E+02  1.707E+02  3.115E-02  4.095E-02  9.086E+03  3.925E-01
14     -- 13       580.5   1611.7935    185.9993  204.896  4.267E+02  1.684E+02  2.293E-02  3.115E-02  8.961E+03  4.832E-01
15     -- 14       663.4   1726.6025    173.6314  204.846  3.296E+02  1.660E+02  1.636E-02  2.293E-02  8.835E+03  5.857E-01
16     -- 15       751.7   1841.3455    162.8116  204.759  2.456E+02  1.636E+02  1.131E-02  1.636E-02  8.707E+03  7.001E-01
