* Radex version        : 30nov2011
* Geometry             : Uniform sphere
* Molecular data file  : ./data/co.dat                                                                   
* T(kin)            [K]:  245.000
* Density of H2  [cm-3]:  3.162E+04
* Density of pH2 [cm-3]:  7.906E+03
* Density of oH2 [cm-3]:  2.372E+04
* T(background)     [K]:   13.800
* Column density [cm-2]:  4.879E+19
* Line width     [km/s]:   50.000
Calculation finished in   38 iterations
      LINE         E_UP       FREQ        WAVEL     T_EX      TAU        T_R       POP        POP       FLUX        FLUX
                   (K)        (GHz)       (um)      (K)                  (K)        UP        LOW      (K*km/s) (erg/cm2/s)
1      -- 0          5.5    115.2712   2600.7576  612.229  1.873E-01  1.022E+02  4.466E-02  1.502E-02  5.440E+03  1.073E-04
2      -- 1         16.6    230.5380   1300.4037  234.384  1.902E+00  1.871E+02  7.099E-02  4.466E-02  9.957E+03  1.571E-03
3      -- 2         33.2    345.7960    866.9634  213.877  4.404E+00  1.961E+02  9.197E-02  7.099E-02  1.044E+04  5.559E-03
4      -- 3         55.3    461.0408    650.2515  209.518  7.281E+00  1.929E+02  1.064E-01  9.197E-02  1.027E+04  1.296E-02
5      -- 4         83.0    576.2679    520.2310  205.802  1.025E+01  1.880E+02  1.137E-01  1.064E-01  1.000E+04  2.466E-02
6      -- 5        116.2    691.4731    433.5562  201.136  1.298E+01  1.817E+02  1.139E-01  1.137E-01  9.671E+03  4.118E-02
7      -- 6        154.9    806.6518    371.6504  194.493  1.520E+01  1.733E+02  1.077E-01  1.139E-01  9.223E+03  6.234E-02
8      -- 7        199.1    921.7997    325.2252  185.683  1.667E+01  1.626E+02  9.621E-02  1.077E-01  8.653E+03  8.728E-02
9      -- 8        248.9   1036.9124    289.1203  173.999  1.728E+01  1.489E+02  8.078E-02  9.621E-02  7.926E+03  1.138E-01
10     -- 9        304.2   1151.9855    260.2398  159.091  1.695E+01  1.320E+02  6.307E-02  8.078E-02  7.027E+03  1.383E-01
11     -- 10       365.0   1267.0145    236.6133  141.372  1.562E+01  1.124E+02  4.493E-02  6.307E-02  5.982E+03  1.567E-01
12     -- 11       431.3   1381.9951    216.9273  120.694  1.334E+01  9.001E+01  2.819E-02  4.493E-02  4.791E+03  1.628E-01
13     -- 12       503.1   1496.9229    200.2725   98.199  1.018E+01  6.622E+01  1.465E-02  2.819E-02  3.525E+03  1.523E-01
14     -- 13       580.5   1611.7935    185.9993   75.992  6.460E+00  4.341E+01  5.685E-03  1.465E-02  2.311E+03  1.246E-01
15     -- 14       663.4   1726.6025    173.6314   60.048  2.913E+00  2.615E+01  1.529E-03  5.685E-03  1.392E+03  9.226E-02
16     -- 15       751.7   1841.3455    162.8116   60.702  7.957E-01  1.467E+01  3.796E-04  1.529E-03  7.807E+02  6.277E-02
