* Radex version        : 30nov2011
* Geometry             : Uniform sphere
* Molecular data file  : ./data/co.dat                                                                   
* T(kin)            [K]:  265.000
* Density of H2  [cm-3]:  1.585E+04
* Density of pH2 [cm-3]:  3.962E+03
* Density of oH2 [cm-3]:  1.189E+04
* T(background)     [K]:   13.800
* Column density [cm-2]:  2.445E+19
* Line width     [km/s]:   50.000
Calculation finished in   37 iterations
      LINE         E_UP       FREQ        WAVEL     T_EX      TAU        T_R       POP        POP       FLUX        FLUX
                   (K)        (GHz)       (um)      (K)                  (K)        UP        LOW      (K*km/s) (erg/cm2/s)
1      -- 0          5.5    115.2712   2600.7576 -377.888 -1.855E-01  7.988E+01  5.511E-02  1.810E-02  4.252E+03  8.387E-05
2      -- 1         16.6    230.5380   1300.4037  250.550  1.102E+00  1.577E+02  8.788E-02  5.511E-02  8.391E+03  1.324E-03
3      -- 2         33.2    345.7960    866.9634  189.492  3.069E+00  1.661E+02  1.127E-01  8.788E-02  8.840E+03  4.708E-03
4      -- 3         55.3    461.0408    650.2515  176.800  5.249E+00  1.596E+02  1.279E-01  1.127E-01  8.492E+03  1.072E-02
5      -- 4         83.0    576.2679    520.2310  168.074  7.453E+00  1.502E+02  1.326E-01  1.279E-01  7.996E+03  1.971E-02
6      -- 5        116.2    691.4731    433.5562  158.384  9.430E+00  1.391E+02  1.271E-01  1.326E-01  7.402E+03  3.152E-02
7      -- 6        154.9    806.6518    371.6504  146.034  1.096E+01  1.250E+02  1.125E-01  1.271E-01  6.655E+03  4.499E-02
8      -- 7        199.1    921.7997    325.2252  131.106  1.179E+01  1.084E+02  9.096E-02  1.125E-01  5.767E+03  5.818E-02
9      -- 8        248.9   1036.9124    289.1203  113.521  1.168E+01  8.906E+01  6.558E-02  9.096E-02  4.740E+03  6.806E-02
10     -- 9        304.2   1151.9855    260.2398   94.257  1.043E+01  6.827E+01  4.032E-02  6.558E-02  3.634E+03  7.154E-02
11     -- 10       365.0   1267.0145    236.6133   75.254  7.937E+00  4.813E+01  1.968E-02  4.032E-02  2.562E+03  6.711E-02
12     -- 11       431.3   1381.9951    216.9273   59.044  4.674E+00  3.112E+01  6.957E-03  1.968E-02  1.657E+03  5.631E-02
13     -- 12       503.1   1496.9229    200.2725   51.096  1.833E+00  1.926E+01  1.842E-03  6.957E-03  1.025E+03  4.429E-02
14     -- 13       580.5   1611.7935    185.9993   58.873  4.661E-01  1.049E+01  5.317E-04  1.842E-03  5.581E+02  3.010E-02
15     -- 14       663.4   1726.6025    173.6314   78.531  1.189E-01  4.939E+00  1.979E-04  5.317E-04  2.629E+02  1.742E-02
16     -- 15       751.7   1841.3455    162.8116   93.672  4.110E-02  2.263E+00  8.200E-05  1.979E-04  1.204E+02  9.683E-03
