* Radex version        : 30nov2011
* Geometry             : Uniform sphere
* Molecular data file  : ./data/co.dat                                                                   
* T(kin)            [K]:  295.000
* Density of H2  [cm-3]:  1.995E+06
* Density of pH2 [cm-3]:  4.988E+05
* Density of oH2 [cm-3]:  1.496E+06
* T(background)     [K]:   13.800
* Column density [cm-2]:  3.079E+21
* Line width     [km/s]:   50.000
Calculation finished in   35 iterations
      LINE         E_UP       FREQ        WAVEL     T_EX      TAU        T_R       POP        POP       FLUX        FLUX
                   (K)        (GHz)       (um)      (K)                  (K)        UP        LOW      (K*km/s) (erg/cm2/s)
1      -- 0          5.5    115.2712   2600.7576  294.978  1.520E+01  2.810E+02  2.752E-02  9.348E-03  1.496E+04  2.950E-04
2      -- 1         16.6    230.5380   1300.4037  294.976  5.906E+01  2.805E+02  4.419E-02  2.752E-02  1.493E+04  2.356E-03
3      -- 2         33.2    345.7960    866.9634  294.975  1.267E+02  2.796E+02  5.847E-02  4.419E-02  1.488E+04  7.926E-03
4      -- 3         55.3    461.0408    650.2515  294.974  2.106E+02  2.785E+02  6.975E-02  5.847E-02  1.482E+04  1.871E-02
5      -- 4         83.0    576.2679    520.2310  294.971  3.019E+02  2.771E+02  7.762E-02  6.975E-02  1.475E+04  3.634E-02
6      -- 5        116.2    691.4731    433.5562  294.969  3.912E+02  2.754E+02  8.197E-02  7.762E-02  1.466E+04  6.241E-02
7      -- 6        154.9    806.6518    371.6504  294.965  4.703E+02  2.735E+02  8.295E-02  8.197E-02  1.456E+04  9.841E-02
8      -- 7        199.1    921.7997    325.2252  294.960  5.322E+02  2.715E+02  8.091E-02  8.295E-02  1.445E+04  1.458E-01
9      -- 8        248.9   1036.9124    289.1203  294.953  5.724E+02  2.694E+02  7.639E-02  8.091E-02  1.434E+04  2.059E-01
10     -- 9        304.2   1151.9855    260.2398  294.942  5.889E+02  2.671E+02  7.000E-02  7.639E-02  1.422E+04  2.799E-01
11     -- 10       365.0   1267.0145    236.6133  294.930  5.831E+02  2.648E+02  6.239E-02  7.000E-02  1.410E+04  3.692E-01
12     -- 11       431.3   1381.9951    216.9273  294.914  5.567E+02  2.624E+02  5.415E-02  6.239E-02  1.397E+04  4.748E-01
13     -- 12       503.1   1496.9229    200.2725  294.896  5.143E+02  2.600E+02  4.584E-02  5.415E-02  1.384E+04  5.979E-01
14     -- 13       580.5   1611.7935    185.9993  294.858  4.609E+02  2.576E+02  3.787E-02  4.584E-02  1.371E+04  7.393E-01
15     -- 14       663.4   1726.6025    173.6314  294.811  4.009E+02  2.551E+02  3.057E-02  3.787E-02  1.358E+04  9.001E-01
16     -- 15       751.7   1841.3455    162.8116  294.745  3.391E+02  2.526E+02  2.411E-02  3.057E-02  1.345E+04  1.081E+00
