* Radex version        : 30nov2011
* Geometry             : Uniform sphere
* Molecular data file  : ./data/co.dat                                                                   
* T(kin)            [K]:  265.000
* Density of H2  [cm-3]:  1.259E+04
* Density of pH2 [cm-3]:  3.147E+03
* Density of oH2 [cm-3]:  9.442E+03
* T(background)     [K]:   13.800
* Column density [cm-2]:  1.943E+19
* Line width     [km/s]:   50.000
Calculation finished in   37 iterations
      LINE         E_UP       FREQ        WAVEL     T_EX      TAU        T_R       POP        POP       FLUX        FLUX
                   (K)        (GHz)       (um)      (K)                  (K)        UP        LOW      (K*km/s) (erg/cm2/s)
1      -- 0          5.5    115.2712   2600.7576 -231.270 -2.660E-01  7.475E+01  6.116E-02  1.991E-02  3.978E+03  7.848E-05
2      -- 1         16.6    230.5380   1300.4037  238.810  1.018E+00  1.433E+02  9.733E-02  6.116E-02  7.627E+03  1.204E-03
3      -- 2         33.2    345.7960    866.9634  172.297  2.956E+00  1.488E+02  1.237E-01  9.733E-02  7.922E+03  4.219E-03
4      -- 3         55.3    461.0408    650.2515  158.364  5.074E+00  1.411E+02  1.384E-01  1.237E-01  7.510E+03  9.478E-03
5      -- 4         83.0    576.2679    520.2310  148.493  7.174E+00  1.307E+02  1.404E-01  1.384E-01  6.956E+03  1.714E-02
6      -- 5        116.2    691.4731    433.5562  137.611  8.989E+00  1.184E+02  1.303E-01  1.404E-01  6.301E+03  2.683E-02
7      -- 6        154.9    806.6518    371.6504  124.141  1.028E+01  1.033E+02  1.101E-01  1.303E-01  5.498E+03  3.716E-02
8      -- 7        199.1    921.7997    325.2252  108.381  1.072E+01  8.589E+01  8.296E-02  1.101E-01  4.572E+03  4.611E-02
9      -- 8        248.9   1036.9124    289.1203   90.688  1.007E+01  6.668E+01  5.356E-02  8.296E-02  3.549E+03  5.095E-02
10     -- 9        304.2   1151.9855    260.2398   72.632  8.123E+00  4.742E+01  2.765E-02  5.356E-02  2.524E+03  4.969E-02
11     -- 10       365.0   1267.0145    236.6133   56.903  5.122E+00  3.088E+01  1.040E-02  2.765E-02  1.643E+03  4.305E-02
12     -- 11       431.3   1381.9951    216.9273   47.899  2.180E+00  1.917E+01  2.831E-03  1.040E-02  1.020E+03  3.468E-02
13     -- 12       503.1   1496.9229    200.2725   53.401  5.804E-01  1.097E+01  7.965E-04  2.831E-03  5.837E+02  2.521E-02
14     -- 13       580.5   1611.7935    185.9993   71.830  1.444E-01  5.334E+00  2.914E-04  7.965E-04  2.839E+02  1.531E-02
15     -- 14       663.4   1726.6025    173.6314   85.155  4.941E-02  2.417E+00  1.177E-04  2.914E-04  1.286E+02  8.527E-03
16     -- 15       751.7   1841.3455    162.8116   95.113  1.925E-02  1.097E+00  4.949E-05  1.177E-04  5.837E+01  4.693E-03
