* Radex version        : 30nov2011
* Geometry             : Uniform sphere
* Molecular data file  : ./data/co.dat                                                                   
* T(kin)            [K]:  250.000
* Density of H2  [cm-3]:  1.259E+04
* Density of pH2 [cm-3]:  3.147E+03
* Density of oH2 [cm-3]:  9.442E+03
* T(background)     [K]:   13.800
* Column density [cm-2]:  1.943E+19
* Line width     [km/s]:   50.000
Calculation finished in   36 iterations
      LINE         E_UP       FREQ        WAVEL     T_EX      TAU        T_R       POP        POP       FLUX        FLUX
                   (K)        (GHz)       (um)      (K)                  (K)        UP        LOW      (K*km/s) (erg/cm2/s)
1      -- 0          5.5    115.2712   2600.7576 -274.244 -2.316E-01  7.513E+01  6.304E-02  2.059E-02  3.999E+03  7.888E-05
2      -- 1         16.6    230.5380   1300.4037  218.702  1.144E+00  1.391E+02  9.988E-02  6.304E-02  7.406E+03  1.169E-03
3      -- 2         33.2    345.7960    866.9634  164.862  3.164E+00  1.433E+02  1.264E-01  9.988E-02  7.625E+03  4.060E-03
4      -- 3         55.3    461.0408    650.2515  152.623  5.366E+00  1.356E+02  1.406E-01  1.264E-01  7.218E+03  9.110E-03
5      -- 4         83.0    576.2679    520.2310  143.286  7.532E+00  1.255E+02  1.417E-01  1.406E-01  6.681E+03  1.647E-02
6      -- 5        116.2    691.4731    433.5562  132.666  9.374E+00  1.135E+02  1.304E-01  1.417E-01  6.039E+03  2.571E-02
7      -- 6        154.9    806.6518    371.6504  119.439  1.063E+01  9.863E+01  1.088E-01  1.304E-01  5.250E+03  3.549E-02
8      -- 7        199.1    921.7997    325.2252  103.904  1.097E+01  8.148E+01  8.057E-02  1.088E-01  4.337E+03  4.375E-02
9      -- 8        248.9   1036.9124    289.1203   86.492  1.013E+01  6.259E+01  5.065E-02  8.057E-02  3.331E+03  4.783E-02
10     -- 9        304.2   1151.9855    260.2398   68.821  7.959E+00  4.380E+01  2.507E-02  5.065E-02  2.331E+03  4.590E-02
11     -- 10       365.0   1267.0145    236.6133   53.734  4.792E+00  2.796E+01  8.855E-03  2.507E-02  1.488E+03  3.898E-02
12     -- 11       431.3   1381.9951    216.9273   46.077  1.889E+00  1.703E+01  2.282E-03  8.855E-03  9.063E+02  3.081E-02
13     -- 12       503.1   1496.9229    200.2725   53.676  4.665E-01  9.374E+00  6.463E-04  2.282E-03  4.989E+02  2.155E-02
14     -- 13       580.5   1611.7935    185.9993   72.109  1.169E-01  4.405E+00  2.374E-04  6.463E-04  2.345E+02  1.264E-02
15     -- 14       663.4   1726.6025    173.6314   83.627  4.069E-02  1.943E+00  9.423E-05  2.374E-04  1.034E+02  6.854E-03
16     -- 15       751.7   1841.3455    162.8116   92.619  1.565E-02  8.576E-01  3.864E-05  9.423E-05  4.564E+01  3.670E-03
