* Radex version        : 30nov2011
* Geometry             : Uniform sphere
* Molecular data file  : ./data/co.dat                                                                   
* T(kin)            [K]:  250.000
* Density of H2  [cm-3]:  3.162E+04
* Density of pH2 [cm-3]:  7.906E+03
* Density of oH2 [cm-3]:  2.372E+04
* T(background)     [K]:   13.800
* Column density [cm-2]:  4.879E+19
* Line width     [km/s]:   50.000
Calculation finished in   39 iterations
      LINE         E_UP       FREQ        WAVEL     T_EX      TAU        T_R       POP        POP       FLUX        FLUX
                   (K)        (GHz)       (um)      (K)                  (K)        UP        LOW      (K*km/s) (erg/cm2/s)
1      -- 0          5.5    115.2712   2600.7576  674.735  1.676E-01  1.020E+02  4.406E-02  1.481E-02  5.428E+03  1.071E-04
2      -- 1         16.6    230.5380   1300.4037  240.259  1.832E+00  1.896E+02  7.012E-02  4.406E-02  1.009E+04  1.592E-03
3      -- 2         33.2    345.7960    866.9634  217.685  4.277E+00  1.996E+02  9.097E-02  7.012E-02  1.062E+04  5.656E-03
4      -- 3         55.3    461.0408    650.2515  212.984  7.090E+00  1.964E+02  1.054E-01  9.097E-02  1.045E+04  1.319E-02
5      -- 4         83.0    576.2679    520.2310  209.146  1.001E+01  1.913E+02  1.129E-01  1.054E-01  1.018E+04  2.509E-02
6      -- 5        116.2    691.4731    433.5562  204.394  1.270E+01  1.850E+02  1.134E-01  1.129E-01  9.844E+03  4.192E-02
7      -- 6        154.9    806.6518    371.6504  197.642  1.492E+01  1.764E+02  1.076E-01  1.134E-01  9.390E+03  6.347E-02
8      -- 7        199.1    921.7997    325.2252  188.720  1.641E+01  1.656E+02  9.645E-02  1.076E-01  8.814E+03  8.891E-02
9      -- 8        248.9   1036.9124    289.1203  176.918  1.708E+01  1.518E+02  8.136E-02  9.645E-02  8.080E+03  1.160E-01
10     -- 9        304.2   1151.9855    260.2398  161.917  1.682E+01  1.348E+02  6.392E-02  8.136E-02  7.176E+03  1.413E-01
11     -- 10       365.0   1267.0145    236.6133  144.138  1.559E+01  1.151E+02  4.591E-02  6.392E-02  6.127E+03  1.605E-01
12     -- 11       431.3   1381.9951    216.9273  123.399  1.340E+01  9.265E+01  2.915E-02  4.591E-02  4.931E+03  1.676E-01
13     -- 12       503.1   1496.9229    200.2725  100.770  1.035E+01  6.868E+01  1.543E-02  2.915E-02  3.656E+03  1.579E-01
14     -- 13       580.5   1611.7935    185.9993   78.201  6.694E+00  4.546E+01  6.165E-03  1.543E-02  2.419E+03  1.305E-01
15     -- 14       663.4   1726.6025    173.6314   61.460  3.124E+00  2.759E+01  1.711E-03  6.165E-03  1.469E+03  9.736E-02
16     -- 15       751.7   1841.3455    162.8116   60.638  8.911E-01  1.573E+01  4.242E-04  1.711E-03  8.374E+02  6.733E-02
