* Radex version        : 30nov2011
* Geometry             : Uniform sphere
* Molecular data file  : ./data/co.dat                                                                   
* T(kin)            [K]:  205.000
* Density of H2  [cm-3]:  2.512E+06
* Density of pH2 [cm-3]:  6.280E+05
* Density of oH2 [cm-3]:  1.884E+06
* T(background)     [K]:   13.800
* Column density [cm-2]:  3.876E+21
* Line width     [km/s]:   50.000
Calculation finished in   33 iterations
      LINE         E_UP       FREQ        WAVEL     T_EX      TAU        T_R       POP        POP       FLUX        FLUX
                   (K)        (GHz)       (um)      (K)                  (K)        UP        LOW      (K*km/s) (erg/cm2/s)
1      -- 0          5.5    115.2712   2600.7576  204.995  3.938E+01  1.910E+02  3.922E-02  1.343E-02  1.017E+04  2.006E-04
2      -- 1         16.6    230.5380   1300.4037  204.995  1.512E+02  1.905E+02  6.193E-02  3.922E-02  1.014E+04  1.600E-03
3      -- 2         33.2    345.7960    866.9634  204.994  3.179E+02  1.897E+02  7.996E-02  6.193E-02  1.010E+04  5.376E-03
4      -- 3         55.3    461.0408    650.2515  204.994  5.133E+02  1.886E+02  9.228E-02  7.996E-02  1.004E+04  1.267E-02
5      -- 4         83.0    576.2679    520.2310  204.993  7.090E+02  1.872E+02  9.855E-02  9.228E-02  9.962E+03  2.455E-02
6      -- 5        116.2    691.4731    433.5562  204.992  8.784E+02  1.856E+02  9.906E-02  9.855E-02  9.876E+03  4.205E-02
7      -- 6        154.9    806.6518    371.6504  204.991  1.001E+03  1.838E+02  9.463E-02  9.906E-02  9.780E+03  6.611E-02
8      -- 7        199.1    921.7997    325.2252  204.989  1.065E+03  1.818E+02  8.643E-02  9.463E-02  9.676E+03  9.760E-02
9      -- 8        248.9   1036.9124    289.1203  204.986  1.069E+03  1.797E+02  7.578E-02  8.643E-02  9.566E+03  1.373E-01
10     -- 9        304.2   1151.9855    260.2398  204.982  1.017E+03  1.776E+02  6.396E-02  7.578E-02  9.450E+03  1.861E-01
11     -- 10       365.0   1267.0145    236.6133  204.976  9.241E+02  1.753E+02  5.207E-02  6.396E-02  9.332E+03  2.444E-01
12     -- 11       431.3   1381.9951    216.9273  204.968  8.029E+02  1.730E+02  4.095E-02  5.207E-02  9.210E+03  3.131E-01
13     -- 12       503.1   1496.9229    200.2725  204.956  6.695E+02  1.707E+02  3.115E-02  4.095E-02  9.087E+03  3.925E-01
14     -- 13       580.5   1611.7935    185.9993  204.934  5.371E+02  1.684E+02  2.294E-02  3.115E-02  8.963E+03  4.833E-01
15     -- 14       663.4   1726.6025    173.6314  204.903  4.149E+02  1.661E+02  1.636E-02  2.294E-02  8.838E+03  5.859E-01
16     -- 15       751.7   1841.3455    162.8116  204.848  3.091E+02  1.637E+02  1.132E-02  1.636E-02  8.712E+03  7.005E-01
