* Radex version        : 30nov2011
* Geometry             : Uniform sphere
* Molecular data file  : ./data/co.dat                                                                   
* T(kin)            [K]:  245.000
* Density of H2  [cm-3]:  3.162E+06
* Density of pH2 [cm-3]:  7.906E+05
* Density of oH2 [cm-3]:  2.372E+06
* T(background)     [K]:   13.800
* Column density [cm-2]:  4.879E+21
* Line width     [km/s]:   50.000
Calculation finished in   32 iterations
      LINE         E_UP       FREQ        WAVEL     T_EX      TAU        T_R       POP        POP       FLUX        FLUX
                   (K)        (GHz)       (um)      (K)                  (K)        UP        LOW      (K*km/s) (erg/cm2/s)
1      -- 0          5.5    115.2712   2600.7576  244.994  3.481E+01  2.310E+02  3.298E-02  1.124E-02  1.230E+04  2.425E-04
2      -- 1         16.6    230.5380   1300.4037  244.994  1.345E+02  2.305E+02  5.254E-02  3.298E-02  1.227E+04  1.936E-03
3      -- 2         33.2    345.7960    866.9634  244.994  2.859E+02  2.297E+02  6.874E-02  5.254E-02  1.222E+04  6.509E-03
4      -- 3         55.3    461.0408    650.2515  244.994  4.689E+02  2.285E+02  8.074E-02  6.874E-02  1.216E+04  1.535E-02
5      -- 4         83.0    576.2679    520.2310  244.993  6.606E+02  2.271E+02  8.815E-02  8.074E-02  1.209E+04  2.979E-02
6      -- 5        116.2    691.4731    433.5562  244.992  8.384E+02  2.255E+02  9.098E-02  8.815E-02  1.200E+04  5.110E-02
7      -- 6        154.9    806.6518    371.6504  244.991  9.832E+02  2.237E+02  8.964E-02  9.098E-02  1.190E+04  8.046E-02
8      -- 7        199.1    921.7997    325.2252  244.990  1.081E+03  2.217E+02  8.480E-02  8.964E-02  1.180E+04  1.190E-01
9      -- 8        248.9   1036.9124    289.1203  244.987  1.126E+03  2.196E+02  7.736E-02  8.480E-02  1.169E+04  1.678E-01
10     -- 9        304.2   1151.9855    260.2398  244.984  1.117E+03  2.174E+02  6.823E-02  7.736E-02  1.157E+04  2.278E-01
11     -- 10       365.0   1267.0145    236.6133  244.980  1.063E+03  2.151E+02  5.830E-02  6.823E-02  1.145E+04  2.999E-01
12     -- 11       431.3   1381.9951    216.9273  244.974  9.710E+02  2.128E+02  4.834E-02  5.830E-02  1.132E+04  3.849E-01
13     -- 12       503.1   1496.9229    200.2725  244.967  8.554E+02  2.104E+02  3.894E-02  4.834E-02  1.120E+04  4.838E-01
14     -- 13       580.5   1611.7935    185.9993  244.953  7.280E+02  2.080E+02  3.050E-02  3.894E-02  1.107E+04  5.971E-01
15     -- 14       663.4   1726.6025    173.6314  244.935  5.992E+02  2.056E+02  2.324E-02  3.050E-02  1.094E+04  7.255E-01
16     -- 15       751.7   1841.3455    162.8116  244.905  4.778E+02  2.032E+02  1.725E-02  2.324E-02  1.082E+04  8.697E-01
