* Radex version        : 30nov2011
* Geometry             : Uniform sphere
* Molecular data file  : ./data/co.dat                                                                   
* T(kin)            [K]:  210.000
* Density of H2  [cm-3]:  3.981E+04
* Density of pH2 [cm-3]:  9.953E+03
* Density of oH2 [cm-3]:  2.986E+04
* T(background)     [K]:   13.800
* Column density [cm-2]:  6.143E+19
* Line width     [km/s]:   50.000
Calculation finished in   39 iterations
      LINE         E_UP       FREQ        WAVEL     T_EX      TAU        T_R       POP        POP       FLUX        FLUX
                   (K)        (GHz)       (um)      (K)                  (K)        UP        LOW      (K*km/s) (erg/cm2/s)
1      -- 0          5.5    115.2712   2600.7576  289.800  5.244E-01  1.126E+02  4.676E-02  1.589E-02  5.991E+03  1.182E-04
2      -- 1         16.6    230.5380   1300.4037  199.023  2.941E+00  1.748E+02  7.373E-02  4.676E-02  9.304E+03  1.468E-03
3      -- 2         33.2    345.7960    866.9634  193.573  6.336E+00  1.780E+02  9.474E-02  7.373E-02  9.471E+03  5.044E-03
4      -- 3         55.3    461.0408    650.2515  191.986  1.026E+01  1.756E+02  1.085E-01  9.474E-02  9.344E+03  1.179E-02
5      -- 4         83.0    576.2679    520.2310  189.918  1.419E+01  1.721E+02  1.147E-01  1.085E-01  9.161E+03  2.258E-02
6      -- 5        116.2    691.4731    433.5562  187.065  1.762E+01  1.677E+02  1.135E-01  1.147E-01  8.924E+03  3.800E-02
7      -- 6        154.9    806.6518    371.6504  182.852  2.016E+01  1.617E+02  1.060E-01  1.135E-01  8.606E+03  5.817E-02
8      -- 7        199.1    921.7997    325.2252  176.974  2.154E+01  1.539E+02  9.354E-02  1.060E-01  8.192E+03  8.263E-02
9      -- 8        248.9   1036.9124    289.1203  168.747  2.172E+01  1.437E+02  7.785E-02  9.354E-02  7.648E+03  1.098E-01
10     -- 9        304.2   1151.9855    260.2398  157.394  2.075E+01  1.303E+02  6.056E-02  7.785E-02  6.937E+03  1.366E-01
11     -- 10       365.0   1267.0145    236.6133  142.876  1.873E+01  1.139E+02  4.333E-02  6.056E-02  6.061E+03  1.588E-01
12     -- 11       431.3   1381.9951    216.9273  124.563  1.582E+01  9.378E+01  2.766E-02  4.333E-02  4.992E+03  1.697E-01
13     -- 12       503.1   1496.9229    200.2725  103.128  1.216E+01  7.095E+01  1.488E-02  2.766E-02  3.776E+03  1.631E-01
14     -- 13       580.5   1611.7935    185.9993   80.400  7.994E+00  4.753E+01  6.108E-03  1.488E-02  2.530E+03  1.364E-01
15     -- 14       663.4   1726.6025    173.6314   61.564  3.894E+00  2.836E+01  1.699E-03  6.108E-03  1.510E+03  1.001E-01
16     -- 15       751.7   1841.3455    162.8116   56.133  1.151E+00  1.569E+01  3.747E-04  1.699E-03  8.349E+02  6.713E-02
