* Radex version        : 30nov2011
* Geometry             : Uniform sphere
* Molecular data file  : ./data/co.dat                                                                   
* T(kin)            [K]:  210.000
* Density of H2  [cm-3]:  3.162E+02
* Density of pH2 [cm-3]:  7.906E+01
* Density of oH2 [cm-3]:  2.372E+02
* T(background)     [K]:   13.800
* Column density [cm-2]:  4.879E+17
* Line width     [km/s]:   50.000
Calculation finished in   25 iterations
      LINE         E_UP       FREQ        WAVEL     T_EX      TAU        T_R       POP        POP       FLUX        FLUX
                   (K)        (GHz)       (um)      (K)                  (K)        UP        LOW      (K*km/s) (erg/cm2/s)
1      -- 0          5.5    115.2712   2600.7576   29.997  3.145E-01  4.344E+00  3.360E-01  1.347E-01  2.312E+02  4.561E-06
2      -- 1         16.6    230.5380   1300.4037   18.356  1.405E+00  3.303E+00  3.065E-01  3.360E-01  1.758E+02  2.774E-05
3      -- 2         33.2    345.7960    866.9634   16.607  1.609E+00  2.034E+00  1.580E-01  3.065E-01  1.082E+02  5.764E-05
4      -- 3         55.3    461.0408    650.2515   15.942  9.363E-01  1.086E+00  5.069E-02  1.580E-01  5.778E+01  7.292E-05
5      -- 4         83.0    576.2679    520.2310   16.253  3.176E-01  5.064E-01  1.130E-02  5.069E-02  2.695E+01  6.643E-05
6      -- 5        116.2    691.4731    433.5562   18.298  7.100E-02  2.174E-01  2.177E-03  1.130E-02  1.157E+01  4.927E-05
7      -- 6        154.9    806.6518    371.6504   23.925  1.291E-02  9.081E-02  4.982E-04  2.177E-03  4.834E+00  3.267E-05
8      -- 7        199.1    921.7997    325.2252   33.641  2.661E-03  3.817E-02  1.516E-04  4.982E-04  2.032E+00  2.049E-05
9      -- 8        248.9   1036.9124    289.1203   42.852  7.519E-04  1.600E-02  5.304E-05  1.516E-04  8.518E-01  1.223E-05
10     -- 9        304.2   1151.9855    260.2398   50.111  2.533E-04  6.694E-03  1.945E-05  5.304E-05  3.563E-01  7.014E-06
11     -- 10       365.0   1267.0145    236.6133   56.804  9.057E-05  2.805E-03  7.303E-06  1.945E-05  1.493E-01  3.911E-06
12     -- 11       431.3   1381.9951    216.9273   62.662  3.349E-05  1.162E-03  2.754E-06  7.303E-06  6.184E-02  2.102E-06
13     -- 12       503.1   1496.9229    200.2725   69.715  1.233E-05  4.867E-04  1.061E-06  2.754E-06  2.590E-02  1.119E-06
14     -- 13       580.5   1611.7935    185.9993   70.300  4.891E-06  1.873E-04  3.794E-07  1.061E-06  9.967E-03  5.375E-07
15     -- 14       663.4   1726.6025    173.6314   71.360  1.784E-06  6.701E-05  1.270E-07  3.794E-07  3.567E-03  2.364E-07
16     -- 15       751.7   1841.3455    162.8116   80.222  5.754E-07  2.523E-05  4.492E-08  1.270E-07  1.343E-03  1.079E-07
