* Radex version        : 30nov2011
* Geometry             : Uniform sphere
* Molecular data file  : ./data/co.dat                                                                   
* T(kin)            [K]:  225.000
* Density of H2  [cm-3]:  1.585E+03
* Density of pH2 [cm-3]:  3.962E+02
* Density of oH2 [cm-3]:  1.189E+03
* T(background)     [K]:   13.800
* Column density [cm-2]:  2.445E+18
* Line width     [km/s]:   50.000
Calculation finished in   31 iterations
      LINE         E_UP       FREQ        WAVEL     T_EX      TAU        T_R       POP        POP       FLUX        FLUX
                   (K)        (GHz)       (um)      (K)                  (K)        UP        LOW      (K*km/s) (erg/cm2/s)
1      -- 0          5.5    115.2712   2600.7576 -173.307 -1.412E-01  2.841E+01  1.940E-01  6.265E-02  1.512E+03  2.983E-05
2      -- 1         16.6    230.5380   1300.4037   49.657  1.794E+00  2.946E+01  2.588E-01  1.940E-01  1.568E+03  2.474E-04
3      -- 2         33.2    345.7960    866.9634   39.010  3.735E+00  2.359E+01  2.368E-01  2.588E-01  1.256E+03  6.687E-04
4      -- 3         55.3    461.0408    650.2515   32.536  4.625E+00  1.697E+01  1.542E-01  2.368E-01  9.035E+02  1.140E-03
5      -- 4         83.0    576.2679    520.2310   26.892  3.806E+00  1.084E+01  6.740E-02  1.542E-01  5.769E+02  1.422E-03
6      -- 5        116.2    691.4731    433.5562   23.524  1.917E+00  6.325E+00  1.943E-02  6.740E-02  3.367E+02  1.433E-03
7      -- 6        154.9    806.6518    371.6504   24.565  5.712E-01  3.308E+00  4.637E-03  1.943E-02  1.760E+02  1.190E-03
8      -- 7        199.1    921.7997    325.2252   31.816  1.274E-01  1.531E+00  1.308E-03  4.637E-03  8.149E+01  8.220E-04
9      -- 8        248.9   1036.9124    289.1203   42.472  3.269E-02  6.738E-01  4.531E-04  1.308E-03  3.586E+01  5.149E-04
10     -- 9        304.2   1151.9855    260.2398   51.414  1.069E-02  2.937E-01  1.709E-04  4.531E-04  1.563E+01  3.077E-04
11     -- 10       365.0   1267.0145    236.6133   58.856  3.909E-03  1.281E-01  6.660E-05  1.709E-04  6.820E+00  1.786E-04
12     -- 11       431.3   1381.9951    216.9273   65.705  1.490E-03  5.580E-02  2.638E-05  6.660E-05  2.970E+00  1.009E-04
13     -- 12       503.1   1496.9229    200.2725   72.780  5.775E-04  2.441E-02  1.062E-05  2.638E-05  1.299E+00  5.612E-05
14     -- 13       580.5   1611.7935    185.9993   74.304  2.377E-04  9.967E-03  4.027E-06  1.062E-05  5.305E-01  2.861E-05
15     -- 14       663.4   1726.6025    173.6314   76.130  9.163E-05  3.836E-03  1.449E-06  4.027E-06  2.042E-01  1.353E-05
16     -- 15       751.7   1841.3455    162.8116   84.692  3.194E-05  1.530E-03  5.435E-07  1.449E-06  8.143E-02  6.547E-06
