* Radex version        : 30nov2011
* Geometry             : Uniform sphere
* Molecular data file  : ./data/co.dat                                                                   
* T(kin)            [K]:  265.000
* Density of H2  [cm-3]:  2.512E+04
* Density of pH2 [cm-3]:  6.280E+03
* Density of oH2 [cm-3]:  1.884E+04
* T(background)     [K]:   13.800
* Column density [cm-2]:  3.876E+19
* Line width     [km/s]:   50.000
Calculation finished in   38 iterations
      LINE         E_UP       FREQ        WAVEL     T_EX      TAU        T_R       POP        POP       FLUX        FLUX
                   (K)        (GHz)       (um)      (K)                  (K)        UP        LOW      (K*km/s) (erg/cm2/s)
1      -- 0          5.5    115.2712   2600.7576  1.766E+04  5.273E-03  9.279E+01  4.584E-02  1.528E-02  4.939E+03  9.742E-05
2      -- 1         16.6    230.5380   1300.4037  258.826  1.407E+00  1.845E+02  7.320E-02  4.584E-02  9.822E+03  1.550E-03
3      -- 2         33.2    345.7960    866.9634  218.144  3.539E+00  1.969E+02  9.497E-02  7.320E-02  1.048E+04  5.582E-03
4      -- 3         55.3    461.0408    650.2515  209.799  5.964E+00  1.929E+02  1.099E-01  9.497E-02  1.026E+04  1.295E-02
5      -- 4         83.0    576.2679    520.2310  204.064  8.478E+00  1.862E+02  1.173E-01  1.099E-01  9.911E+03  2.442E-02
6      -- 5        116.2    691.4731    433.5562  197.461  1.082E+01  1.780E+02  1.172E-01  1.173E-01  9.476E+03  4.035E-02
7      -- 6        154.9    806.6518    371.6504  188.483  1.278E+01  1.673E+02  1.101E-01  1.172E-01  8.904E+03  6.019E-02
8      -- 7        199.1    921.7997    325.2252  177.008  1.412E+01  1.539E+02  9.717E-02  1.101E-01  8.193E+03  8.265E-02
9      -- 8        248.9   1036.9124    289.1203  162.431  1.471E+01  1.374E+02  7.994E-02  9.717E-02  7.315E+03  1.050E-01
10     -- 9        304.2   1151.9855    260.2398  144.803  1.441E+01  1.179E+02  6.032E-02  7.994E-02  6.275E+03  1.235E-01
11     -- 10       365.0   1267.0145    236.6133  124.974  1.308E+01  9.627E+01  4.061E-02  6.032E-02  5.124E+03  1.342E-01
12     -- 11       431.3   1381.9951    216.9273  103.400  1.072E+01  7.321E+01  2.324E-02  4.061E-02  3.897E+03  1.325E-01
13     -- 12       503.1   1496.9229    200.2725   81.956  7.503E+00  5.079E+01  1.045E-02  2.324E-02  2.703E+03  1.168E-01
14     -- 13       580.5   1611.7935    185.9993   63.793  4.026E+00  3.188E+01  3.337E-03  1.045E-02  1.697E+03  9.151E-02
15     -- 14       663.4   1726.6025    173.6314   57.063  1.390E+00  1.886E+01  8.350E-04  3.337E-03  1.004E+03  6.655E-02
16     -- 15       751.7   1841.3455    162.8116   71.489  3.194E-01  9.853E+00  2.582E-04  8.350E-04  5.244E+02  4.216E-02
