* Radex version        : 30nov2011
* Geometry             : Uniform sphere
* Molecular data file  : ./data/co.dat                                                                   
* T(kin)            [K]:  240.000
* Density of H2  [cm-3]:  2.512E+04
* Density of pH2 [cm-3]:  6.280E+03
* Density of oH2 [cm-3]:  1.884E+04
* T(background)     [K]:   13.800
* Column density [cm-2]:  3.876E+19
* Line width     [km/s]:   50.000
Calculation finished in   38 iterations
      LINE         E_UP       FREQ        WAVEL     T_EX      TAU        T_R       POP        POP       FLUX        FLUX
                   (K)        (GHz)       (um)      (K)                  (K)        UP        LOW      (K*km/s) (erg/cm2/s)
1      -- 0          5.5    115.2712   2600.7576  1.142E+03  8.697E-02  9.393E+01  4.877E-02  1.633E-02  4.999E+03  9.861E-05
2      -- 1         16.6    230.5380   1300.4037  226.837  1.704E+00  1.737E+02  7.741E-02  4.877E-02  9.245E+03  1.459E-03
3      -- 2         33.2    345.7960    866.9634  200.401  4.060E+00  1.819E+02  9.976E-02  7.741E-02  9.682E+03  5.156E-03
4      -- 3         55.3    461.0408    650.2515  194.430  6.733E+00  1.778E+02  1.145E-01  9.976E-02  9.463E+03  1.194E-02
5      -- 4         83.0    576.2679    520.2310  189.498  9.463E+00  1.717E+02  1.209E-01  1.145E-01  9.138E+03  2.252E-02
6      -- 5        116.2    691.4731    433.5562  183.393  1.193E+01  1.640E+02  1.192E-01  1.209E-01  8.729E+03  3.717E-02
7      -- 6        154.9    806.6518    371.6504  174.974  1.390E+01  1.538E+02  1.103E-01  1.192E-01  8.188E+03  5.535E-02
8      -- 7        199.1    921.7997    325.2252  164.034  1.512E+01  1.410E+02  9.543E-02  1.103E-01  7.507E+03  7.572E-02
9      -- 8        248.9   1036.9124    289.1203  150.005  1.546E+01  1.251E+02  7.655E-02  9.543E-02  6.659E+03  9.561E-02
10     -- 9        304.2   1151.9855    260.2398  132.817  1.480E+01  1.061E+02  5.580E-02  7.655E-02  5.645E+03  1.111E-01
11     -- 10       365.0   1267.0145    236.6133  113.355  1.304E+01  8.491E+01  3.574E-02  5.580E-02  4.519E+03  1.184E-01
12     -- 11       431.3   1381.9951    216.9273   92.334  1.022E+01  6.256E+01  1.894E-02  3.574E-02  3.330E+03  1.132E-01
13     -- 12       503.1   1496.9229    200.2725   72.111  6.606E+00  4.161E+01  7.553E-03  1.894E-02  2.214E+03  9.566E-02
14     -- 13       580.5   1611.7935    185.9993   56.853  3.080E+00  2.519E+01  2.081E-03  7.553E-03  1.341E+03  7.229E-02
15     -- 14       663.4   1726.6025    173.6314   55.802  8.753E-01  1.403E+01  5.039E-04  2.081E-03  7.469E+02  4.951E-02
16     -- 15       751.7   1841.3455    162.8116   74.918  1.881E-01  6.702E+00  1.649E-04  5.039E-04  3.567E+02  2.868E-02
