* Radex version        : 30nov2011
* Geometry             : Uniform sphere
* Molecular data file  : ./data/co.dat                                                                   
* T(kin)            [K]:  250.000
* Density of H2  [cm-3]:  3.981E+03
* Density of pH2 [cm-3]:  9.953E+02
* Density of oH2 [cm-3]:  2.986E+03
* T(background)     [K]:   13.800
* Column density [cm-2]:  6.143E+18
* Line width     [km/s]:   50.000
Calculation finished in   34 iterations
      LINE         E_UP       FREQ        WAVEL     T_EX      TAU        T_R       POP        POP       FLUX        FLUX
                   (K)        (GHz)       (um)      (K)                  (K)        UP        LOW      (K*km/s) (erg/cm2/s)
1      -- 0          5.5    115.2712   2600.7576  -88.522 -4.036E-01  5.098E+01  1.145E-01  3.585E-02  2.713E+03  5.352E-05
2      -- 1         16.6    230.5380   1300.4037  113.925  1.232E+00  7.047E+01  1.732E-01  1.145E-01  3.751E+03  5.919E-04
3      -- 2         33.2    345.7960    866.9634   82.353  3.306E+00  6.474E+01  1.982E-01  1.732E-01  3.446E+03  1.835E-03
4      -- 3         55.3    461.0408    650.2515   71.497  5.246E+00  5.514E+01  1.870E-01  1.982E-01  2.935E+03  3.704E-03
5      -- 4         83.0    576.2679    520.2310   61.315  6.550E+00  4.415E+01  1.456E-01  1.870E-01  2.350E+03  5.791E-03
6      -- 5        116.2    691.4731    433.5562   50.723  6.606E+00  3.259E+01  8.943E-02  1.456E-01  1.735E+03  7.385E-03
7      -- 6        154.9    806.6518    371.6504   40.557  5.119E+00  2.161E+01  3.973E-02  8.943E-02  1.150E+03  7.775E-03
8      -- 7        199.1    921.7997    325.2252   33.440  2.679E+00  1.322E+01  1.199E-02  3.973E-02  7.035E+02  7.097E-03
9      -- 8        248.9   1036.9124    289.1203   33.454  8.440E-01  7.487E+00  3.028E-03  1.199E-02  3.985E+02  5.722E-03
10     -- 9        304.2   1151.9855    260.2398   43.935  1.951E-01  3.707E+00  9.509E-04  3.028E-03  1.973E+02  3.885E-03
11     -- 10       365.0   1267.0145    236.6133   58.236  5.497E-02  1.726E+00  3.666E-04  9.509E-04  9.189E+01  2.407E-03
12     -- 11       431.3   1381.9951    216.9273   68.607  2.008E-02  7.984E-01  1.515E-04  3.666E-04  4.250E+01  1.445E-03
13     -- 12       503.1   1496.9229    200.2725   76.740  8.073E-03  3.695E-01  6.418E-05  1.515E-04  1.966E+01  8.495E-04
14     -- 13       580.5   1611.7935    185.9993   79.632  3.467E-03  1.621E-01  2.609E-05  6.418E-05  8.627E+00  4.652E-04
15     -- 14       663.4   1726.6025    173.6314   82.549  1.425E-03  6.795E-02  1.022E-05  2.609E-05  3.617E+00  2.397E-04
16     -- 15       751.7   1841.3455    162.8116   91.026  5.426E-04  2.915E-02  4.122E-06  1.022E-05  1.551E+00  1.247E-04
