* Radex version        : 30nov2011
* Geometry             : Uniform sphere
* Molecular data file  : ./data/co.dat                                                                   
* T(kin)            [K]:  215.000
* Density of H2  [cm-3]:  7.943E+05
* Density of pH2 [cm-3]:  1.986E+05
* Density of oH2 [cm-3]:  5.957E+05
* T(background)     [K]:   13.800
* Column density [cm-2]:  1.226E+21
* Line width     [km/s]:   50.000
Calculation finished in   37 iterations
      LINE         E_UP       FREQ        WAVEL     T_EX      TAU        T_R       POP        POP       FLUX        FLUX
                   (K)        (GHz)       (um)      (K)                  (K)        UP        LOW      (K*km/s) (erg/cm2/s)
1      -- 0          5.5    115.2712   2600.7576  214.949  1.136E+01  2.010E+02  3.752E-02  1.283E-02  1.070E+04  2.110E-04
2      -- 1         16.6    230.5380   1300.4037  214.939  4.368E+01  2.005E+02  5.939E-02  3.752E-02  1.067E+04  1.684E-03
3      -- 2         33.2    345.7960    866.9634  214.937  9.211E+01  1.996E+02  7.697E-02  5.939E-02  1.062E+04  5.658E-03
4      -- 3         55.3    461.0408    650.2515  214.932  1.494E+02  1.985E+02  8.928E-02  7.697E-02  1.056E+04  1.333E-02
5      -- 4         83.0    576.2679    520.2310  214.925  2.075E+02  1.971E+02  9.595E-02  8.928E-02  1.049E+04  2.585E-02
6      -- 5        116.2    691.4731    433.5562  214.915  2.589E+02  1.955E+02  9.717E-02  9.595E-02  1.040E+04  4.429E-02
7      -- 6        154.9    806.6518    371.6504  214.899  2.975E+02  1.936E+02  9.363E-02  9.717E-02  1.031E+04  6.966E-02
8      -- 7        199.1    921.7997    325.2252  214.879  3.195E+02  1.916E+02  8.637E-02  9.363E-02  1.020E+04  1.029E-01
9      -- 8        248.9   1036.9124    289.1203  214.849  3.240E+02  1.895E+02  7.658E-02  8.637E-02  1.009E+04  1.448E-01
10     -- 9        304.2   1151.9855    260.2398  214.804  3.120E+02  1.873E+02  6.543E-02  7.658E-02  9.970E+03  1.963E-01
11     -- 10       365.0   1267.0145    236.6133  214.747  2.872E+02  1.850E+02  5.399E-02  6.543E-02  9.848E+03  2.580E-01
12     -- 11       431.3   1381.9951    216.9273  214.661  2.531E+02  1.827E+02  4.309E-02  5.399E-02  9.722E+03  3.305E-01
13     -- 12       503.1   1496.9229    200.2725  214.542  2.144E+02  1.802E+02  3.329E-02  4.309E-02  9.593E+03  4.144E-01
14     -- 13       580.5   1611.7935    185.9993  214.328  1.749E+02  1.777E+02  2.492E-02  3.329E-02  9.457E+03  5.100E-01
15     -- 14       663.4   1726.6025    173.6314  214.023  1.376E+02  1.751E+02  1.809E-02  2.492E-02  9.317E+03  6.176E-01
16     -- 15       751.7   1841.3455    162.8116  213.504  1.045E+02  1.722E+02  1.273E-02  1.809E-02  9.166E+03  7.370E-01
