* Radex version        : 30nov2011
* Geometry             : Uniform sphere
* Molecular data file  : ./data/co.dat                                                                   
* T(kin)            [K]:  220.000
* Density of H2  [cm-3]:  5.012E+04
* Density of pH2 [cm-3]:  1.253E+04
* Density of oH2 [cm-3]:  3.759E+04
* T(background)     [K]:   13.800
* Column density [cm-2]:  7.733E+19
* Line width     [km/s]:   50.000
Calculation finished in   39 iterations
      LINE         E_UP       FREQ        WAVEL     T_EX      TAU        T_R       POP        POP       FLUX        FLUX
                   (K)        (GHz)       (um)      (K)                  (K)        UP        LOW      (K*km/s) (erg/cm2/s)
1      -- 0          5.5    115.2712   2600.7576  278.206  6.326E-01  1.239E+02  4.300E-02  1.462E-02  6.593E+03  1.300E-04
2      -- 1         16.6    230.5380   1300.4037  210.816  3.219E+00  1.885E+02  6.800E-02  4.300E-02  1.003E+04  1.583E-03
3      -- 2         33.2    345.7960    866.9634  207.082  6.897E+00  1.916E+02  8.787E-02  6.800E-02  1.020E+04  5.430E-03
4      -- 3         55.3    461.0408    650.2515  206.015  1.120E+01  1.896E+02  1.015E-01  8.787E-02  1.009E+04  1.273E-02
5      -- 4         83.0    576.2679    520.2310  204.506  1.559E+01  1.867E+02  1.083E-01  1.015E-01  9.936E+03  2.449E-02
6      -- 5        116.2    691.4731    433.5562  202.467  1.949E+01  1.830E+02  1.087E-01  1.083E-01  9.742E+03  4.148E-02
7      -- 6        154.9    806.6518    371.6504  199.396  2.247E+01  1.782E+02  1.033E-01  1.087E-01  9.483E+03  6.410E-02
8      -- 7        199.1    921.7997    325.2252  195.130  2.424E+01  1.720E+02  9.329E-02  1.033E-01  9.153E+03  9.233E-02
9      -- 8        248.9   1036.9124    289.1203  189.059  2.471E+01  1.639E+02  8.014E-02  9.329E-02  8.722E+03  1.252E-01
10     -- 9        304.2   1151.9855    260.2398  180.473  2.396E+01  1.532E+02  6.520E-02  8.014E-02  8.155E+03  1.606E-01
11     -- 10       365.0   1267.0145    236.6133  169.162  2.211E+01  1.398E+02  4.985E-02  6.520E-02  7.442E+03  1.949E-01
12     -- 11       431.3   1381.9951    216.9273  154.011  1.941E+01  1.227E+02  3.522E-02  4.985E-02  6.529E+03  2.219E-01
13     -- 12       503.1   1496.9229    200.2725  134.667  1.607E+01  1.015E+02  2.231E-02  3.522E-02  5.404E+03  2.334E-01
14     -- 13       580.5   1611.7935    185.9993  111.307  1.223E+01  7.679E+01  1.196E-02  2.231E-02  4.087E+03  2.204E-01
15     -- 14       663.4   1726.6025    173.6314   86.974  7.973E+00  5.180E+01  4.931E-03  1.196E-02  2.757E+03  1.828E-01
16     -- 15       751.7   1841.3455    162.8116   67.023  3.885E+00  3.147E+01  1.404E-03  4.931E-03  1.675E+03  1.347E-01
