* Radex version        : 30nov2011
* Geometry             : Uniform sphere
* Molecular data file  : ./data/co.dat                                                                   
* T(kin)            [K]:   25.000
* Density of H2  [cm-3]:  5.012E+02
* Density of pH2 [cm-3]:  1.253E+02
* Density of oH2 [cm-3]:  3.759E+02
* T(background)     [K]:   13.800
* Column density [cm-2]:  7.733E+17
* Line width     [km/s]:   50.000
Calculation finished in   22 iterations
      LINE         E_UP       FREQ        WAVEL     T_EX      TAU        T_R       POP        POP       FLUX        FLUX
                   (K)        (GHz)       (um)      (K)                  (K)        UP        LOW      (K*km/s) (erg/cm2/s)
1      -- 0          5.5    115.2712   2600.7576   17.398  9.957E-01  2.245E+00  3.631E-01  1.664E-01  1.195E+02  2.357E-06
2      -- 1         16.6    230.5380   1300.4037   15.404  2.724E+00  1.429E+00  2.951E-01  3.631E-01  7.604E+01  1.200E-05
3      -- 2         33.2    345.7960    866.9634   14.617  2.637E+00  6.779E-01  1.327E-01  2.951E-01  3.608E+01  1.921E-05
4      -- 3         55.3    461.0408    650.2515   14.181  1.313E+00  2.271E-01  3.585E-02  1.327E-01  1.208E+01  1.525E-05
5      -- 4         83.0    576.2679    520.2310   14.028  3.749E-01  5.188E-02  6.102E-03  3.585E-02  2.761E+00  6.805E-06
6      -- 5        116.2    691.4731    433.5562   13.995  6.583E-02  7.893E-03  6.733E-04  6.102E-03  4.201E-01  1.789E-06
7      -- 6        154.9    806.6518    371.6504   14.015  7.392E-03  8.591E-04  4.906E-05  6.733E-04  4.573E-02  3.091E-07
8      -- 7        199.1    921.7997    325.2252   14.086  5.431E-04  7.117E-05  2.405E-06  4.906E-05  3.788E-03  3.821E-08
9      -- 8        248.9   1036.9124    289.1203   14.246  2.669E-05  4.568E-06  8.171E-08  2.405E-06  2.432E-04  3.491E-09
10     -- 9        304.2   1151.9855    260.2398   14.596  9.048E-07  2.315E-07  2.045E-09  8.171E-08  1.232E-05  2.426E-10
11     -- 10       365.0   1267.0145    236.6133   15.303  2.253E-08  9.338E-09  4.212E-11  2.045E-09  4.970E-07  1.302E-11
12     -- 11       431.3   1381.9951    216.9273   16.493  4.603E-10  3.055E-10  8.207E-13  4.212E-11  1.626E-08  5.528E-13
13     -- 12       503.1   1496.9229    200.2725   17.911  8.891E-12  8.262E-12  1.606E-14  8.207E-13  4.397E-10  1.900E-14
14     -- 13       580.5   1611.7935    185.9993   18.874  1.728E-13  1.762E-13  2.862E-16  1.606E-14  9.376E-12  5.056E-16
15     -- 14       663.4   1726.6025    173.6314   19.379  3.062E-15  3.004E-15  4.223E-18  2.862E-16  1.599E-13  1.060E-17
16     -- 15       751.7   1841.3455    162.8116   24.305  4.451E-17  0.000E+00  1.143E-19  4.223E-18  0.000E+00  0.000E+00
