* Radex version        : 30nov2011
* Geometry             : Uniform sphere
* Molecular data file  : ./data/co.dat                                                                   
* T(kin)            [K]:  225.000
* Density of H2  [cm-3]:  3.162E+03
* Density of pH2 [cm-3]:  7.906E+02
* Density of oH2 [cm-3]:  2.372E+03
* T(background)     [K]:   13.800
* Column density [cm-2]:  4.879E+18
* Line width     [km/s]:   50.000
Calculation finished in   33 iterations
      LINE         E_UP       FREQ        WAVEL     T_EX      TAU        T_R       POP        POP       FLUX        FLUX
                   (K)        (GHz)       (um)      (K)                  (K)        UP        LOW      (K*km/s) (erg/cm2/s)
1      -- 0          5.5    115.2712   2600.7576 -103.893 -3.233E-01  4.500E+01  1.349E-01  4.263E-02  2.395E+03  4.725E-05
2      -- 1         16.6    230.5380   1300.4037   86.872  1.490E+00  5.613E+01  1.979E-01  1.349E-01  2.988E+03  4.714E-04
3      -- 2         33.2    345.7960    866.9634   66.082  3.653E+00  4.968E+01  2.156E-01  1.979E-01  2.644E+03  1.408E-03
4      -- 3         55.3    461.0408    650.2515   56.785  5.495E+00  4.070E+01  1.877E-01  2.156E-01  2.166E+03  2.734E-03
5      -- 4         83.0    576.2679    520.2310   47.592  6.341E+00  3.073E+01  1.283E-01  1.877E-01  1.636E+03  4.031E-03
6      -- 5        116.2    691.4731    433.5562   38.529  5.562E+00  2.091E+01  6.409E-02  1.283E-01  1.113E+03  4.740E-03
7      -- 6        154.9    806.6518    371.6504   31.186  3.369E+00  1.279E+01  2.137E-02  6.409E-02  6.805E+02  4.600E-03
8      -- 7        199.1    921.7997    325.2252   28.855  1.223E+00  7.276E+00  5.228E-03  2.137E-02  3.873E+02  3.906E-03
9      -- 8        248.9   1036.9124    289.1203   35.071  2.862E-01  3.608E+00  1.414E-03  5.228E-03  1.920E+02  2.757E-03
10     -- 9        304.2   1151.9855    260.2398   47.617  6.941E-02  1.622E+00  4.893E-04  1.414E-03  8.631E+01  1.699E-03
11     -- 10       365.0   1267.0145    236.6133   58.053  2.251E-02  7.148E-01  1.880E-04  4.893E-04  3.804E+01  9.965E-04
12     -- 11       431.3   1381.9951    216.9273   65.913  8.376E-03  3.142E-01  7.472E-05  1.880E-04  1.673E+01  5.686E-04
13     -- 12       503.1   1496.9229    200.2725   73.142  3.254E-03  1.384E-01  3.022E-05  7.472E-05  7.368E+00  3.183E-04
14     -- 13       580.5   1611.7935    185.9993   75.481  1.338E-03  5.750E-02  1.165E-05  3.022E-05  3.061E+00  1.650E-04
15     -- 14       663.4   1726.6025    173.6314   77.885  5.222E-04  2.269E-02  4.297E-06  1.165E-05  1.208E+00  8.005E-05
16     -- 15       751.7   1841.3455    162.8116   85.763  1.875E-04  9.168E-03  1.632E-06  4.297E-06  4.880E-01  3.923E-05
