* Radex version        : 30nov2011
* Geometry             : Uniform sphere
* Molecular data file  : ./data/co.dat                                                                   
* T(kin)            [K]:  235.000
* Density of H2  [cm-3]:  1.000E+02
* Density of pH2 [cm-3]:  2.500E+01
* Density of oH2 [cm-3]:  7.500E+01
* T(background)     [K]:   13.800
* Column density [cm-2]:  1.543E+17
* Line width     [km/s]:   50.000
Calculation finished in   16 iterations
      LINE         E_UP       FREQ        WAVEL     T_EX      TAU        T_R       POP        POP       FLUX        FLUX
                   (K)        (GHz)       (um)      (K)                  (K)        UP        LOW      (K*km/s) (erg/cm2/s)
1      -- 0          5.5    115.2712   2600.7576   17.511  1.990E-01  6.626E-01  3.664E-01  1.675E-01  3.527E+01  6.956E-07
2      -- 1         16.6    230.5380   1300.4037   14.945  5.599E-01  4.672E-01  2.913E-01  3.664E-01  2.486E+01  3.923E-06
3      -- 2         33.2    345.7960    866.9634   14.531  5.211E-01  2.649E-01  1.301E-01  2.913E-01  1.410E+01  7.508E-06
4      -- 3         55.3    461.0408    650.2515   14.500  2.544E-01  1.286E-01  3.637E-02  1.301E-01  6.847E+00  8.641E-06
5      -- 4         83.0    576.2679    520.2310   14.859  7.446E-02  5.618E-02  6.912E-03  3.637E-02  2.990E+00  7.369E-06
6      -- 5        116.2    691.4731    433.5562   16.302  1.427E-02  2.395E-02  1.067E-03  6.912E-03  1.275E+00  5.428E-06
7      -- 6        154.9    806.6518    371.6504   21.159  2.094E-03  1.026E-02  1.975E-04  1.067E-03  5.463E-01  3.693E-06
8      -- 7        199.1    921.7997    325.2252   32.238  3.404E-04  4.478E-03  5.675E-05  1.975E-04  2.383E-01  2.404E-06
9      -- 8        248.9   1036.9124    289.1203   43.933  8.786E-05  1.956E-03  2.043E-05  5.675E-05  1.041E-01  1.495E-06
10     -- 9        304.2   1151.9855    260.2398   52.232  3.016E-05  8.551E-04  7.836E-06  2.043E-05  4.551E-02  8.961E-07
11     -- 10       365.0   1267.0145    236.6133   59.729  1.122E-05  3.774E-04  3.101E-06  7.836E-06  2.009E-02  5.261E-07
12     -- 11       431.3   1381.9951    216.9273   66.092  4.362E-06  1.650E-04  1.236E-06  3.101E-06  8.784E-03  2.986E-07
13     -- 12       503.1   1496.9229    200.2725   73.707  1.694E-06  7.306E-05  5.035E-07  1.236E-06  3.889E-03  1.680E-07
14     -- 13       580.5   1611.7935    185.9993   73.864  7.136E-07  2.964E-05  1.898E-07  5.035E-07  1.578E-03  8.507E-08
15     -- 14       663.4   1726.6025    173.6314   74.977  2.748E-07  1.122E-05  6.717E-08  1.898E-07  5.970E-04  3.957E-08
16     -- 15       751.7   1841.3455    162.8116   84.988  9.320E-08  4.490E-06  2.528E-08  6.717E-08  2.390E-04  1.922E-08
