* Radex version        : 30nov2011
* Geometry             : Uniform sphere
* Molecular data file  : ./data/co.dat                                                                   
* T(kin)            [K]:  290.000
* Density of H2  [cm-3]:  2.512E+06
* Density of pH2 [cm-3]:  6.280E+05
* Density of oH2 [cm-3]:  1.884E+06
* T(background)     [K]:   13.800
* Column density [cm-2]:  3.876E+21
* Line width     [km/s]:   50.000
Calculation finished in   34 iterations
      LINE         E_UP       FREQ        WAVEL     T_EX      TAU        T_R       POP        POP       FLUX        FLUX
                   (K)        (GHz)       (um)      (K)                  (K)        UP        LOW      (K*km/s) (erg/cm2/s)
1      -- 0          5.5    115.2712   2600.7576  289.986  1.979E+01  2.760E+02  2.798E-02  9.507E-03  1.469E+04  2.898E-04
2      -- 1         16.6    230.5380   1300.4037  289.986  7.686E+01  2.755E+02  4.489E-02  2.798E-02  1.466E+04  2.314E-03
3      -- 2         33.2    345.7960    866.9634  289.985  1.648E+02  2.746E+02  5.935E-02  4.489E-02  1.462E+04  7.784E-03
4      -- 3         55.3    461.0408    650.2515  289.984  2.736E+02  2.735E+02  7.070E-02  5.935E-02  1.456E+04  1.837E-02
5      -- 4         83.0    576.2679    520.2310  289.983  3.915E+02  2.721E+02  7.855E-02  7.070E-02  1.448E+04  3.569E-02
6      -- 5        116.2    691.4731    433.5562  289.982  5.065E+02  2.704E+02  8.279E-02  7.855E-02  1.439E+04  6.128E-02
7      -- 6        154.9    806.6518    371.6504  289.979  6.077E+02  2.686E+02  8.359E-02  8.279E-02  1.429E+04  9.662E-02
8      -- 7        199.1    921.7997    325.2252  289.976  6.859E+02  2.665E+02  8.133E-02  8.359E-02  1.419E+04  1.431E-01
9      -- 8        248.9   1036.9124    289.1203  289.971  7.358E+02  2.644E+02  7.657E-02  8.133E-02  1.407E+04  2.021E-01
10     -- 9        304.2   1151.9855    260.2398  289.965  7.547E+02  2.622E+02  6.994E-02  7.657E-02  1.395E+04  2.747E-01
11     -- 10       365.0   1267.0145    236.6133  289.957  7.447E+02  2.599E+02  6.211E-02  6.994E-02  1.383E+04  3.623E-01
12     -- 11       431.3   1381.9951    216.9273  289.947  7.083E+02  2.575E+02  5.370E-02  6.211E-02  1.371E+04  4.659E-01
13     -- 12       503.1   1496.9229    200.2725  289.936  6.518E+02  2.551E+02  4.527E-02  5.370E-02  1.358E+04  5.865E-01
14     -- 13       580.5   1611.7935    185.9993  289.912  5.815E+02  2.527E+02  3.724E-02  4.527E-02  1.345E+04  7.252E-01
15     -- 14       663.4   1726.6025    173.6314  289.883  5.034E+02  2.502E+02  2.991E-02  3.724E-02  1.332E+04  8.828E-01
16     -- 15       751.7   1841.3455    162.8116  289.841  4.237E+02  2.478E+02  2.347E-02  2.991E-02  1.319E+04  1.060E+00
