* Radex version        : 30nov2011
* Geometry             : Uniform sphere
* Molecular data file  : ./data/co.dat                                                                   
* T(kin)            [K]:  210.000
* Density of H2  [cm-3]:  1.585E+03
* Density of pH2 [cm-3]:  3.962E+02
* Density of oH2 [cm-3]:  1.189E+03
* T(background)     [K]:   13.800
* Column density [cm-2]:  2.445E+18
* Line width     [km/s]:   50.000
Calculation finished in   31 iterations
      LINE         E_UP       FREQ        WAVEL     T_EX      TAU        T_R       POP        POP       FLUX        FLUX
                   (K)        (GHz)       (um)      (K)                  (K)        UP        LOW      (K*km/s) (erg/cm2/s)
1      -- 0          5.5    115.2712   2600.7576 -231.771 -1.079E-01  2.799E+01  1.974E-01  6.425E-02  1.490E+03  2.939E-05
2      -- 1         16.6    230.5380   1300.4037   48.077  1.879E+00  2.860E+01  2.614E-01  1.974E-01  1.522E+03  2.402E-04
3      -- 2         33.2    345.7960    866.9634   38.101  3.844E+00  2.278E+01  2.367E-01  2.614E-01  1.212E+03  6.456E-04
4      -- 3         55.3    461.0408    650.2515   31.761  4.702E+00  1.625E+01  1.516E-01  2.367E-01  8.649E+02  1.092E-03
5      -- 4         83.0    576.2679    520.2310   26.233  3.795E+00  1.025E+01  6.458E-02  1.516E-01  5.454E+02  1.344E-03
6      -- 5        116.2    691.4731    433.5562   22.996  1.856E+00  5.879E+00  1.803E-02  6.458E-02  3.129E+02  1.332E-03
7      -- 6        154.9    806.6518    371.6504   24.144  5.336E-01  3.002E+00  4.185E-03  1.803E-02  1.598E+02  1.080E-03
8      -- 7        199.1    921.7997    325.2252   31.294  1.159E-01  1.352E+00  1.154E-03  4.185E-03  7.194E+01  7.257E-04
9      -- 8        248.9   1036.9124    289.1203   41.602  2.914E-02  5.794E-01  3.899E-04  1.154E-03  3.084E+01  4.428E-04
10     -- 9        304.2   1151.9855    260.2398   50.130  9.332E-03  2.456E-01  1.430E-04  3.899E-04  1.307E+01  2.574E-04
11     -- 10       365.0   1267.0145    236.6133   57.114  3.328E-03  1.039E-01  5.402E-05  1.430E-04  5.528E+00  1.448E-04
12     -- 11       431.3   1381.9951    216.9273   63.543  1.232E-03  4.370E-02  2.068E-05  5.402E-05  2.326E+00  7.907E-05
13     -- 12       503.1   1496.9229    200.2725   70.272  4.619E-04  1.846E-02  8.034E-06  2.068E-05  9.825E-01  4.244E-05
14     -- 13       580.5   1611.7935    185.9993   71.844  1.833E-04  7.275E-03  2.940E-06  8.034E-06  3.872E-01  2.088E-05
15     -- 14       663.4   1726.6025    173.6314   73.531  6.819E-05  2.694E-03  1.018E-06  2.940E-06  1.434E-01  9.506E-06
16     -- 15       751.7   1841.3455    162.8116   81.518  2.292E-05  1.032E-03  3.666E-07  1.018E-06  5.493E-02  4.416E-06
