* Radex version        : 30nov2011
* Geometry             : Uniform sphere
* Molecular data file  : ./data/co.dat                                                                   
* T(kin)            [K]:  215.000
* Density of H2  [cm-3]:  1.585E+06
* Density of pH2 [cm-3]:  3.962E+05
* Density of oH2 [cm-3]:  1.189E+06
* T(background)     [K]:   13.800
* Column density [cm-2]:  2.445E+21
* Line width     [km/s]:   50.000
Calculation finished in   34 iterations
      LINE         E_UP       FREQ        WAVEL     T_EX      TAU        T_R       POP        POP       FLUX        FLUX
                   (K)        (GHz)       (um)      (K)                  (K)        UP        LOW      (K*km/s) (erg/cm2/s)
1      -- 0          5.5    115.2712   2600.7576  214.985  2.262E+01  2.010E+02  3.746E-02  1.281E-02  1.070E+04  2.110E-04
2      -- 1         16.6    230.5380   1300.4037  214.985  8.700E+01  2.005E+02  5.930E-02  3.746E-02  1.067E+04  1.684E-03
3      -- 2         33.2    345.7960    866.9634  214.984  1.835E+02  1.997E+02  7.686E-02  5.930E-02  1.063E+04  5.659E-03
4      -- 3         55.3    461.0408    650.2515  214.983  2.976E+02  1.985E+02  8.915E-02  7.686E-02  1.057E+04  1.334E-02
5      -- 4         83.0    576.2679    520.2310  214.981  4.134E+02  1.971E+02  9.581E-02  8.915E-02  1.049E+04  2.586E-02
6      -- 5        116.2    691.4731    433.5562  214.979  5.157E+02  1.955E+02  9.703E-02  9.581E-02  1.041E+04  4.431E-02
7      -- 6        154.9    806.6518    371.6504  214.975  5.925E+02  1.937E+02  9.351E-02  9.703E-02  1.031E+04  6.969E-02
8      -- 7        199.1    921.7997    325.2252  214.969  6.364E+02  1.917E+02  8.627E-02  9.351E-02  1.021E+04  1.029E-01
9      -- 8        248.9   1036.9124    289.1203  214.962  6.453E+02  1.896E+02  7.649E-02  8.627E-02  1.009E+04  1.449E-01
10     -- 9        304.2   1151.9855    260.2398  214.951  6.215E+02  1.875E+02  6.537E-02  7.649E-02  9.978E+03  1.964E-01
11     -- 10       365.0   1267.0145    236.6133  214.936  5.721E+02  1.852E+02  5.395E-02  6.537E-02  9.858E+03  2.582E-01
12     -- 11       431.3   1381.9951    216.9273  214.915  5.042E+02  1.829E+02  4.307E-02  5.395E-02  9.735E+03  3.309E-01
13     -- 12       503.1   1496.9229    200.2725  214.885  4.271E+02  1.806E+02  3.330E-02  4.307E-02  9.611E+03  4.152E-01
14     -- 13       580.5   1611.7935    185.9993  214.831  3.484E+02  1.782E+02  2.495E-02  3.330E-02  9.484E+03  5.114E-01
15     -- 14       663.4   1726.6025    173.6314  214.754  2.740E+02  1.758E+02  1.813E-02  2.495E-02  9.356E+03  6.202E-01
16     -- 15       751.7   1841.3455    162.8116  214.624  2.082E+02  1.733E+02  1.279E-02  1.813E-02  9.225E+03  7.417E-01
