* Radex version        : 30nov2011
* Geometry             : Uniform sphere
* Molecular data file  : ./data/co.dat                                                                   
* T(kin)            [K]:   25.000
* Density of H2  [cm-3]:  5.012E+04
* Density of pH2 [cm-3]:  1.253E+04
* Density of oH2 [cm-3]:  3.759E+04
* T(background)     [K]:   13.800
* Column density [cm-2]:  7.733E+19
* Line width     [km/s]:   50.000
Calculation finished in   31 iterations
      LINE         E_UP       FREQ        WAVEL     T_EX      TAU        T_R       POP        POP       FLUX        FLUX
                   (K)        (GHz)       (um)      (K)                  (K)        UP        LOW      (K*km/s) (erg/cm2/s)
1      -- 0          5.5    115.2712   2600.7576   24.993  4.661E+01  1.111E+01  2.568E-01  1.068E-01  5.914E+02  1.166E-05
2      -- 1         16.6    230.5380   1300.4037   24.992  1.345E+02  1.087E+01  2.749E-01  2.568E-01  5.784E+02  9.127E-05
3      -- 2         33.2    345.7960    866.9634   24.985  1.757E+02  1.047E+01  1.981E-01  2.749E-01  5.574E+02  2.968E-04
4      -- 3         55.3    461.0408    650.2515   24.966  1.458E+02  9.942E+00  1.050E-01  1.981E-01  5.292E+02  6.678E-04
5      -- 4         83.0    576.2679    520.2310   24.897  8.554E+01  9.269E+00  4.225E-02  1.050E-01  4.934E+02  1.216E-03
6      -- 5        116.2    691.4731    433.5562   24.609  3.722E+01  8.343E+00  1.296E-02  4.225E-02  4.441E+02  1.891E-03
7      -- 6        154.9    806.6518    371.6504   22.826  1.241E+01  6.203E+00  2.744E-03  1.296E-02  3.301E+02  2.232E-03
8      -- 7        199.1    921.7997    325.2252   18.888  2.870E+00  2.675E+00  2.989E-04  2.744E-03  1.424E+02  1.436E-03
9      -- 8        248.9   1036.9124    289.1203   17.525  3.221E-01  4.681E-01  1.952E-05  2.989E-04  2.491E+01  3.577E-04
10     -- 9        304.2   1151.9855    260.2398   18.170  2.106E-02  3.636E-02  1.029E-06  1.952E-05  1.935E+00  3.810E-05
11     -- 10       365.0   1267.0145    236.6133   18.704  1.111E-03  1.887E-03  4.366E-08  1.029E-06  1.004E-01  2.631E-06
12     -- 11       431.3   1381.9951    216.9273   19.223  4.705E-05  7.654E-05  1.506E-09  4.366E-08  4.074E-03  1.385E-07
13     -- 12       503.1   1496.9229    200.2725   19.685  1.619E-06  2.463E-06  4.229E-11  1.506E-09  1.311E-04  5.663E-09
14     -- 13       580.5   1611.7935    185.9993   19.982  4.532E-08  6.165E-08  9.463E-13  4.229E-11  3.281E-06  1.769E-10
15     -- 14       663.4   1726.6025    173.6314   20.184  1.010E-09  1.195E-09  1.667E-14  9.463E-13  6.363E-08  4.218E-12
16     -- 15       751.7   1841.3455    162.8116   20.477  1.770E-11  1.858E-11  2.373E-16  1.667E-14  9.890E-10  7.952E-14
