* Radex version        : 30nov2011
* Geometry             : Uniform sphere
* Molecular data file  : ./data/co.dat                                                                   
* T(kin)            [K]:  280.000
* Density of H2  [cm-3]:  6.310E+03
* Density of pH2 [cm-3]:  1.577E+03
* Density of oH2 [cm-3]:  4.732E+03
* T(background)     [K]:   13.800
* Column density [cm-2]:  9.736E+18
* Line width     [km/s]:   50.000
Calculation finished in   35 iterations
      LINE         E_UP       FREQ        WAVEL     T_EX      TAU        T_R       POP        POP       FLUX        FLUX
                   (K)        (GHz)       (um)      (K)                  (K)        UP        LOW      (K*km/s) (erg/cm2/s)
1      -- 0          5.5    115.2712   2600.7576  -93.667 -4.483E-01  6.092E+01  8.477E-02  2.664E-02  3.242E+03  6.395E-05
2      -- 1         16.6    230.5380   1300.4037  185.230  9.060E-01  1.017E+02  1.331E-01  8.477E-02  5.415E+03  8.545E-04
3      -- 2         33.2    345.7960    866.9634  121.325  2.821E+00  9.977E+01  1.625E-01  1.331E-01  5.310E+03  2.828E-03
4      -- 3         55.3    461.0408    650.2515  106.813  4.792E+00  8.981E+01  1.698E-01  1.625E-01  4.780E+03  6.033E-03
5      -- 4         83.0    576.2679    520.2310   95.368  6.538E+00  7.779E+01  1.553E-01  1.698E-01  4.140E+03  1.020E-02
6      -- 5        116.2    691.4731    433.5562   83.144  7.657E+00  6.433E+01  1.232E-01  1.553E-01  3.424E+03  1.458E-02
7      -- 6        154.9    806.6518    371.6504   69.524  7.757E+00  4.944E+01  8.143E-02  1.232E-01  2.631E+03  1.779E-02
8      -- 7        199.1    921.7997    325.2252   55.916  6.485E+00  3.476E+01  4.183E-02  8.143E-02  1.850E+03  1.866E-02
9      -- 8        248.9   1036.9124    289.1203   44.388  4.063E+00  2.228E+01  1.524E-02  4.183E-02  1.186E+03  1.703E-02
10     -- 9        304.2   1151.9855    260.2398   39.232  1.642E+00  1.359E+01  4.115E-03  1.524E-02  7.233E+02  1.424E-02
11     -- 10       365.0   1267.0145    236.6133   46.532  4.243E-01  7.545E+00  1.220E-03  4.115E-03  4.016E+02  1.052E-02
12     -- 11       431.3   1381.9951    216.9273   64.539  1.098E-01  3.785E+00  4.745E-04  1.220E-03  2.015E+02  6.849E-03
13     -- 12       503.1   1496.9229    200.2725   78.770  3.944E-02  1.850E+00  2.059E-04  4.745E-04  9.846E+01  4.253E-03
14     -- 13       580.5   1611.7935    185.9993   83.934  1.708E-02  8.607E-01  8.798E-05  2.059E-04  4.581E+01  2.470E-03
15     -- 14       663.4   1726.6025    173.6314   88.173  7.322E-03  3.861E-01  3.674E-05  8.798E-05  2.055E+01  1.362E-03
16     -- 15       751.7   1841.3455    162.8116   97.155  2.972E-03  1.764E-01  1.575E-05  3.674E-05  9.387E+00  7.548E-04
