* Radex version        : 30nov2011
* Geometry             : Uniform sphere
* Molecular data file  : ./data/co.dat                                                                   
* T(kin)            [K]:  220.000
* Density of H2  [cm-3]:  7.943E+05
* Density of pH2 [cm-3]:  1.986E+05
* Density of oH2 [cm-3]:  5.957E+05
* T(background)     [K]:   13.800
* Column density [cm-2]:  1.226E+21
* Line width     [km/s]:   50.000
Calculation finished in   37 iterations
      LINE         E_UP       FREQ        WAVEL     T_EX      TAU        T_R       POP        POP       FLUX        FLUX
                   (K)        (GHz)       (um)      (K)                  (K)        UP        LOW      (K*km/s) (erg/cm2/s)
1      -- 0          5.5    115.2712   2600.7576  219.947  1.085E+01  2.060E+02  3.669E-02  1.254E-02  1.096E+04  2.162E-04
2      -- 1         16.6    230.5380   1300.4037  219.935  4.177E+01  2.054E+02  5.816E-02  3.669E-02  1.094E+04  1.725E-03
3      -- 2         33.2    345.7960    866.9634  219.933  8.822E+01  2.046E+02  7.550E-02  5.816E-02  1.089E+04  5.799E-03
4      -- 3         55.3    461.0408    650.2515  219.928  1.434E+02  2.035E+02  8.778E-02  7.550E-02  1.083E+04  1.367E-02
5      -- 4         83.0    576.2679    520.2310  219.920  1.997E+02  2.021E+02  9.461E-02  8.778E-02  1.076E+04  2.651E-02
6      -- 5        116.2    691.4731    433.5562  219.910  2.499E+02  2.004E+02  9.615E-02  9.461E-02  1.067E+04  4.542E-02
7      -- 6        154.9    806.6518    371.6504  219.894  2.883E+02  1.986E+02  9.303E-02  9.615E-02  1.057E+04  7.146E-02
8      -- 7        199.1    921.7997    325.2252  219.872  3.110E+02  1.966E+02  8.622E-02  9.303E-02  1.047E+04  1.056E-01
9      -- 8        248.9   1036.9124    289.1203  219.842  3.168E+02  1.945E+02  7.684E-02  8.622E-02  1.035E+04  1.486E-01
10     -- 9        304.2   1151.9855    260.2398  219.795  3.069E+02  1.923E+02  6.604E-02  7.684E-02  1.023E+04  2.015E-01
11     -- 10       365.0   1267.0145    236.6133  219.738  2.842E+02  1.900E+02  5.485E-02  6.604E-02  1.011E+04  2.649E-01
12     -- 11       431.3   1381.9951    216.9273  219.651  2.521E+02  1.876E+02  4.408E-02  5.485E-02  9.985E+03  3.394E-01
13     -- 12       503.1   1496.9229    200.2725  219.533  2.151E+02  1.852E+02  3.432E-02  4.408E-02  9.856E+03  4.257E-01
14     -- 13       580.5   1611.7935    185.9993  219.319  1.769E+02  1.826E+02  2.591E-02  3.432E-02  9.720E+03  5.242E-01
15     -- 14       663.4   1726.6025    173.6314  219.017  1.403E+02  1.800E+02  1.897E-02  2.591E-02  9.580E+03  6.350E-01
16     -- 15       751.7   1841.3455    162.8116  218.511  1.076E+02  1.771E+02  1.348E-02  1.897E-02  9.429E+03  7.581E-01
