* Radex version        : 30nov2011
* Geometry             : Uniform sphere
* Molecular data file  : ./data/co.dat                                                                   
* T(kin)            [K]:  235.000
* Density of H2  [cm-3]:  5.012E+04
* Density of pH2 [cm-3]:  1.253E+04
* Density of oH2 [cm-3]:  3.759E+04
* T(background)     [K]:   13.800
* Column density [cm-2]:  7.733E+19
* Line width     [km/s]:   50.000
Calculation finished in   40 iterations
      LINE         E_UP       FREQ        WAVEL     T_EX      TAU        T_R       POP        POP       FLUX        FLUX
                   (K)        (GHz)       (um)      (K)                  (K)        UP        LOW      (K*km/s) (erg/cm2/s)
1      -- 0          5.5    115.2712   2600.7576  315.549  5.297E-01  1.240E+02  4.089E-02  1.387E-02  6.601E+03  1.302E-04
2      -- 1         16.6    230.5380   1300.4037  225.758  2.863E+00  1.992E+02  6.488E-02  4.089E-02  1.060E+04  1.673E-03
3      -- 2         33.2    345.7960    866.9634  219.878  6.212E+00  2.041E+02  8.423E-02  6.488E-02  1.087E+04  5.786E-03
4      -- 3         55.3    461.0408    650.2515  218.577  1.015E+01  2.021E+02  9.787E-02  8.423E-02  1.076E+04  1.358E-02
5      -- 4         83.0    576.2679    520.2310  216.913  1.423E+01  1.991E+02  1.053E-01  9.787E-02  1.060E+04  2.611E-02
6      -- 5        116.2    691.4731    433.5562  214.724  1.794E+01  1.953E+02  1.066E-01  1.053E-01  1.039E+04  4.425E-02
7      -- 6        154.9    806.6518    371.6504  211.412  2.091E+01  1.902E+02  1.024E-01  1.066E-01  1.012E+04  6.841E-02
8      -- 7        199.1    921.7997    325.2252  206.880  2.282E+01  1.837E+02  9.375E-02  1.024E-01  9.776E+03  9.862E-02
9      -- 8        248.9   1036.9124    289.1203  200.488  2.359E+01  1.752E+02  8.175E-02  9.375E-02  9.327E+03  1.339E-01
10     -- 9        304.2   1151.9855    260.2398  191.624  2.321E+01  1.643E+02  6.771E-02  8.175E-02  8.744E+03  1.722E-01
11     -- 10       365.0   1267.0145    236.6133  180.158  2.178E+01  1.507E+02  5.292E-02  6.771E-02  8.022E+03  2.101E-01
12     -- 11       431.3   1381.9951    216.9273  164.990  1.949E+01  1.335E+02  3.848E-02  5.292E-02  7.105E+03  2.415E-01
13     -- 12       503.1   1496.9229    200.2725  145.675  1.653E+01  1.123E+02  2.538E-02  3.848E-02  5.977E+03  2.582E-01
14     -- 13       580.5   1611.7935    185.9993  122.035  1.304E+01  8.713E+01  1.446E-02  2.538E-02  4.638E+03  2.501E-01
15     -- 14       663.4   1726.6025    173.6314   96.808  9.024E+00  6.100E+01  6.568E-03  1.446E-02  3.247E+03  2.152E-01
16     -- 15       751.7   1841.3455    162.8116   74.522  4.907E+00  3.844E+01  2.136E-03  6.568E-03  2.046E+03  1.645E-01
