* Radex version        : 30nov2011
* Geometry             : Uniform sphere
* Molecular data file  : ./data/co.dat                                                                   
* T(kin)            [K]:  295.000
* Density of H2  [cm-3]:  1.000E+05
* Density of pH2 [cm-3]:  2.500E+04
* Density of oH2 [cm-3]:  7.500E+04
* T(background)     [K]:   13.800
* Column density [cm-2]:  1.543E+20
* Line width     [km/s]:   50.000
Calculation finished in   40 iterations
      LINE         E_UP       FREQ        WAVEL     T_EX      TAU        T_R       POP        POP       FLUX        FLUX
                   (K)        (GHz)       (um)      (K)                  (K)        UP        LOW      (K*km/s) (erg/cm2/s)
1      -- 0          5.5    115.2712   2600.7576  341.246  7.242E-01  1.686E+02  3.032E-02  1.027E-02  8.976E+03  1.770E-04
2      -- 1         16.6    230.5380   1300.4037  289.297  3.323E+00  2.649E+02  4.863E-02  3.032E-02  1.410E+04  2.225E-03
3      -- 2         33.2    345.7960    866.9634  286.375  7.194E+00  2.708E+02  6.425E-02  4.863E-02  1.441E+04  7.676E-03
4      -- 3         55.3    461.0408    650.2515  285.991  1.195E+01  2.695E+02  7.646E-02  6.425E-02  1.434E+04  1.810E-02
5      -- 4         83.0    576.2679    520.2310  285.253  1.712E+01  2.673E+02  8.481E-02  7.646E-02  1.423E+04  3.507E-02
6      -- 5        116.2    691.4731    433.5562  284.475  2.217E+01  2.649E+02  8.920E-02  8.481E-02  1.410E+04  6.004E-02
7      -- 6        154.9    806.6518    371.6504  283.090  2.665E+01  2.617E+02  8.976E-02  8.920E-02  1.393E+04  9.415E-02
8      -- 7        199.1    921.7997    325.2252  281.350  3.015E+01  2.579E+02  8.693E-02  8.976E-02  1.373E+04  1.385E-01
9      -- 8        248.9   1036.9124    289.1203  278.819  3.245E+01  2.533E+02  8.128E-02  8.693E-02  1.348E+04  1.936E-01
10     -- 9        304.2   1151.9855    260.2398  275.364  3.342E+01  2.476E+02  7.349E-02  8.128E-02  1.318E+04  2.595E-01
11     -- 10       365.0   1267.0145    236.6133  271.234  3.307E+01  2.412E+02  6.432E-02  7.349E-02  1.284E+04  3.363E-01
12     -- 11       431.3   1381.9951    216.9273  265.573  3.157E+01  2.332E+02  5.447E-02  6.432E-02  1.241E+04  4.220E-01
13     -- 12       503.1   1496.9229    200.2725  257.833  2.916E+01  2.232E+02  4.452E-02  5.447E-02  1.188E+04  5.131E-01
14     -- 13       580.5   1611.7935    185.9993  245.710  2.625E+01  2.088E+02  3.490E-02  4.452E-02  1.111E+04  5.992E-01
15     -- 14       663.4   1726.6025    173.6314  229.814  2.287E+01  1.907E+02  2.601E-02  3.490E-02  1.015E+04  6.727E-01
16     -- 15       751.7   1841.3455    162.8116  209.376  1.922E+01  1.681E+02  1.816E-02  2.601E-02  8.949E+03  7.196E-01
