* Radex version        : 30nov2011
* Geometry             : Uniform sphere
* Molecular data file  : ./data/co.dat                                                                   
* T(kin)            [K]:  225.000
* Density of H2  [cm-3]:  1.000E+02
* Density of pH2 [cm-3]:  2.500E+01
* Density of oH2 [cm-3]:  7.500E+01
* T(background)     [K]:   13.800
* Column density [cm-2]:  1.543E+17
* Line width     [km/s]:   50.000
Calculation finished in   16 iterations
      LINE         E_UP       FREQ        WAVEL     T_EX      TAU        T_R       POP        POP       FLUX        FLUX
                   (K)        (GHz)       (um)      (K)                  (K)        UP        LOW      (K*km/s) (erg/cm2/s)
1      -- 0          5.5    115.2712   2600.7576   17.406  2.005E-01  6.484E-01  3.667E-01  1.680E-01  3.451E+01  6.807E-07
2      -- 1         16.6    230.5380   1300.4037   14.915  5.611E-01  4.557E-01  2.911E-01  3.667E-01  2.426E+01  3.827E-06
3      -- 2         33.2    345.7960    866.9634   14.510  5.212E-01  2.574E-01  1.298E-01  2.911E-01  1.370E+01  7.296E-06
4      -- 3         55.3    461.0408    650.2515   14.476  2.540E-01  1.242E-01  3.620E-02  1.298E-01  6.609E+00  8.341E-06
5      -- 4         83.0    576.2679    520.2310   14.817  7.418E-02  5.373E-02  6.844E-03  3.620E-02  2.860E+00  7.048E-06
6      -- 5        116.2    691.4731    433.5562   16.188  1.416E-02  2.262E-02  1.041E-03  6.844E-03  1.204E+00  5.127E-06
7      -- 6        154.9    806.6518    371.6504   20.830  2.055E-03  9.561E-03  1.873E-04  1.041E-03  5.089E-01  3.440E-06
8      -- 7        199.1    921.7997    325.2252   31.594  3.258E-04  4.107E-03  5.233E-05  1.873E-04  2.186E-01  2.205E-06
9      -- 8        248.9   1036.9124    289.1203   43.175  8.177E-05  1.765E-03  1.847E-05  5.233E-05  9.392E-02  1.349E-06
10     -- 9        304.2   1151.9855    260.2398   51.334  2.753E-05  7.581E-04  6.954E-06  1.847E-05  4.035E-02  7.944E-07
11     -- 10       365.0   1267.0145    236.6133   58.576  1.006E-05  3.280E-04  2.697E-06  6.954E-06  1.746E-02  4.573E-07
12     -- 11       431.3   1381.9951    216.9273   64.708  3.840E-06  1.404E-04  1.052E-06  2.697E-06  7.474E-03  2.541E-07
13     -- 12       503.1   1496.9229    200.2725   72.156  1.460E-06  6.089E-05  4.197E-07  1.052E-06  3.241E-03  1.400E-07
14     -- 13       580.5   1611.7935    185.9993   72.391  6.017E-07  2.418E-05  1.549E-07  4.197E-07  1.287E-03  6.941E-08
15     -- 14       663.4   1726.6025    173.6314   73.430  2.268E-07  8.941E-06  5.356E-08  1.549E-07  4.759E-04  3.155E-08
16     -- 15       751.7   1841.3455    162.8116   83.088  7.527E-08  3.496E-06  1.968E-08  5.356E-08  1.861E-04  1.496E-08
