* Radex version        : 30nov2011
* Geometry             : Uniform sphere
* Molecular data file  : ./data/co.dat                                                                   
* T(kin)            [K]:  295.000
* Density of H2  [cm-3]:  1.585E+04
* Density of pH2 [cm-3]:  3.962E+03
* Density of oH2 [cm-3]:  1.189E+04
* T(background)     [K]:   13.800
* Column density [cm-2]:  2.445E+19
* Line width     [km/s]:   50.000
Calculation finished in   37 iterations
      LINE         E_UP       FREQ        WAVEL     T_EX      TAU        T_R       POP        POP       FLUX        FLUX
                   (K)        (GHz)       (um)      (K)                  (K)        UP        LOW      (K*km/s) (erg/cm2/s)
1      -- 0          5.5    115.2712   2600.7576 -269.282 -2.447E-01  7.853E+01  5.195E-02  1.696E-02  4.180E+03  8.245E-05
2      -- 1         16.6    230.5380   1300.4037  300.836  8.685E-01  1.662E+02  8.345E-02  5.195E-02  8.846E+03  1.396E-03
3      -- 2         33.2    345.7960    866.9634  207.163  2.675E+00  1.786E+02  1.078E-01  8.345E-02  9.508E+03  5.063E-03
4      -- 3         55.3    461.0408    650.2515  190.214  4.688E+00  1.722E+02  1.234E-01  1.078E-01  9.165E+03  1.157E-02
5      -- 4         83.0    576.2679    520.2310  180.196  6.745E+00  1.622E+02  1.294E-01  1.234E-01  8.634E+03  2.128E-02
6      -- 5        116.2    691.4731    433.5562  169.893  8.638E+00  1.505E+02  1.258E-01  1.294E-01  8.011E+03  3.411E-02
7      -- 6        154.9    806.6518    371.6504  156.996  1.019E+01  1.359E+02  1.134E-01  1.258E-01  7.235E+03  4.891E-02
8      -- 7        199.1    921.7997    325.2252  141.586  1.114E+01  1.187E+02  9.404E-02  1.134E-01  6.320E+03  6.375E-02
9      -- 8        248.9   1036.9124    289.1203  123.479  1.129E+01  9.887E+01  7.024E-02  9.404E-02  5.263E+03  7.556E-02
10     -- 9        304.2   1151.9855    260.2398  103.659  1.040E+01  7.743E+01  4.554E-02  7.024E-02  4.121E+03  8.114E-02
11     -- 10       365.0   1267.0145    236.6133   83.915  8.338E+00  5.639E+01  2.417E-02  4.554E-02  3.001E+03  7.861E-02
12     -- 11       431.3   1381.9951    216.9273   66.288  5.378E+00  3.784E+01  9.658E-03  2.417E-02  2.014E+03  6.847E-02
13     -- 12       503.1   1496.9229    200.2725   55.264  2.451E+00  2.423E+01  2.843E-03  9.658E-03  1.290E+03  5.572E-02
14     -- 13       580.5   1611.7935    185.9993   58.097  7.240E-01  1.415E+01  8.064E-04  2.843E-03  7.534E+02  4.063E-02
15     -- 14       663.4   1726.6025    173.6314   77.185  1.821E-01  7.130E+00  2.946E-04  8.064E-04  3.795E+02  2.516E-02
16     -- 15       751.7   1841.3455    162.8116   96.675  6.004E-02  3.437E+00  1.257E-04  2.946E-04  1.829E+02  1.471E-02
