* Radex version        : 30nov2011
* Geometry             : Uniform sphere
* Molecular data file  : ./data/co.dat                                                                   
* T(kin)            [K]:  240.000
* Density of H2  [cm-3]:  1.995E+06
* Density of pH2 [cm-3]:  4.988E+05
* Density of oH2 [cm-3]:  1.496E+06
* T(background)     [K]:   13.800
* Column density [cm-2]:  3.079E+21
* Line width     [km/s]:   50.000
Calculation finished in   34 iterations
      LINE         E_UP       FREQ        WAVEL     T_EX      TAU        T_R       POP        POP       FLUX        FLUX
                   (K)        (GHz)       (um)      (K)                  (K)        UP        LOW      (K*km/s) (erg/cm2/s)
1      -- 0          5.5    115.2712   2600.7576  239.987  2.289E+01  2.260E+02  3.366E-02  1.148E-02  1.203E+04  2.373E-04
2      -- 1         16.6    230.5380   1300.4037  239.987  8.839E+01  2.255E+02  5.357E-02  3.366E-02  1.200E+04  1.894E-03
3      -- 2         33.2    345.7960    866.9634  239.986  1.877E+02  2.247E+02  6.999E-02  5.357E-02  1.196E+04  6.367E-03
4      -- 3         55.3    461.0408    650.2515  239.985  3.072E+02  2.235E+02  8.206E-02  6.999E-02  1.190E+04  1.501E-02
5      -- 4         83.0    576.2679    520.2310  239.984  4.319E+02  2.221E+02  8.938E-02  8.206E-02  1.182E+04  2.914E-02
6      -- 5        116.2    691.4731    433.5562  239.982  5.468E+02  2.205E+02  9.198E-02  8.938E-02  1.173E+04  4.997E-02
7      -- 6        154.9    806.6518    371.6504  239.979  6.393E+02  2.187E+02  9.032E-02  9.198E-02  1.164E+04  7.867E-02
8      -- 7        199.1    921.7997    325.2252  239.975  7.005E+02  2.167E+02  8.513E-02  9.032E-02  1.153E+04  1.163E-01
9      -- 8        248.9   1036.9124    289.1203  239.970  7.265E+02  2.146E+02  7.733E-02  8.513E-02  1.142E+04  1.640E-01
10     -- 9        304.2   1151.9855    260.2398  239.962  7.177E+02  2.124E+02  6.788E-02  7.733E-02  1.130E+04  2.225E-01
11     -- 10       365.0   1267.0145    236.6133  239.952  6.794E+02  2.101E+02  5.770E-02  6.788E-02  1.118E+04  2.929E-01
12     -- 11       431.3   1381.9951    216.9273  239.938  6.174E+02  2.078E+02  4.757E-02  5.770E-02  1.106E+04  3.759E-01
13     -- 12       503.1   1496.9229    200.2725  239.919  5.407E+02  2.054E+02  3.808E-02  4.757E-02  1.093E+04  4.722E-01
14     -- 13       580.5   1611.7935    185.9993  239.885  4.573E+02  2.030E+02  2.963E-02  3.808E-02  1.080E+04  5.826E-01
15     -- 14       663.4   1726.6025    173.6314  239.838  3.739E+02  2.006E+02  2.242E-02  2.963E-02  1.068E+04  7.077E-01
16     -- 15       751.7   1841.3455    162.8116  239.764  2.960E+02  1.981E+02  1.651E-02  2.242E-02  1.055E+04  8.479E-01
