* Radex version        : 30nov2011
* Geometry             : Uniform sphere
* Molecular data file  : ./data/co.dat                                                                   
* T(kin)            [K]:   25.000
* Density of H2  [cm-3]:  1.000E+04
* Density of pH2 [cm-3]:  2.500E+03
* Density of oH2 [cm-3]:  7.500E+03
* T(background)     [K]:   13.800
* Column density [cm-2]:  1.543E+19
* Line width     [km/s]:   50.000
Calculation finished in   31 iterations
      LINE         E_UP       FREQ        WAVEL     T_EX      TAU        T_R       POP        POP       FLUX        FLUX
                   (K)        (GHz)       (um)      (K)                  (K)        UP        LOW      (K*km/s) (erg/cm2/s)
1      -- 0          5.5    115.2712   2600.7576   24.846  9.594E+00  1.096E+01  2.632E-01  1.096E-01  5.835E+02  1.151E-05
2      -- 1         16.6    230.5380   1300.4037   24.796  2.768E+01  1.067E+01  2.808E-01  2.632E-01  5.682E+02  8.965E-05
3      -- 2         33.2    345.7960    866.9634   24.612  3.619E+01  1.011E+01  2.003E-01  2.808E-01  5.383E+02  2.866E-04
4      -- 3         55.3    461.0408    650.2515   24.042  3.010E+01  9.079E+00  1.026E-01  2.003E-01  4.832E+02  6.098E-04
5      -- 4         83.0    576.2679    520.2310   22.065  1.777E+01  6.744E+00  3.580E-02  1.026E-01  3.590E+02  8.847E-04
6      -- 5        116.2    691.4731    433.5562   18.356  7.106E+00  3.214E+00  6.939E-03  3.580E-02  1.710E+02  7.283E-04
7      -- 6        154.9    806.6518    371.6504   15.785  1.483E+00  8.916E-01  6.891E-04  6.939E-03  4.746E+01  3.208E-04
8      -- 7        199.1    921.7997    325.2252   15.564  1.498E-01  1.209E-01  4.552E-05  6.891E-04  6.437E+00  6.494E-05
9      -- 8        248.9   1036.9124    289.1203   16.040  9.929E-03  9.406E-03  2.286E-06  4.552E-05  5.007E-01  7.188E-06
10     -- 9        304.2   1151.9855    260.2398   16.716  4.978E-04  5.356E-04  9.251E-08  2.286E-06  2.851E-02  5.613E-07
11     -- 10       365.0   1267.0145    236.6133   17.461  2.009E-05  2.365E-05  3.114E-09  9.251E-08  1.259E-03  3.297E-08
12     -- 11       431.3   1381.9951    216.9273   18.222  6.733E-07  8.357E-07  8.885E-11  3.114E-09  4.448E-05  1.512E-09
13     -- 12       503.1   1496.9229    200.2725   18.956  1.912E-08  2.418E-08  2.168E-12  8.885E-11  1.287E-06  5.559E-11
14     -- 13       580.5   1611.7935    185.9993   19.409  4.647E-10  5.479E-10  4.328E-14  2.168E-12  2.916E-08  1.573E-12
15     -- 14       663.4   1726.6025    173.6314   19.691  9.230E-12  9.655E-12  6.880E-16  4.328E-14  5.139E-10  3.406E-14
16     -- 15       751.7   1841.3455    162.8116   20.089  1.459E-13  1.390E-13  8.945E-18  6.880E-16  7.401E-12  5.950E-16
