* Radex version        : 30nov2011
* Geometry             : Uniform sphere
* Molecular data file  : ./data/co.dat                                                                   
* T(kin)            [K]:  290.000
* Density of H2  [cm-3]:  2.512E+03
* Density of pH2 [cm-3]:  6.280E+02
* Density of oH2 [cm-3]:  1.884E+03
* T(background)     [K]:   13.800
* Column density [cm-2]:  3.876E+18
* Line width     [km/s]:   50.000
Calculation finished in   33 iterations
      LINE         E_UP       FREQ        WAVEL     T_EX      TAU        T_R       POP        POP       FLUX        FLUX
                   (K)        (GHz)       (um)      (K)                  (K)        UP        LOW      (K*km/s) (erg/cm2/s)
1      -- 0          5.5    115.2712   2600.7576  -68.448 -4.010E-01  4.069E+01  1.407E-01  4.326E-02  2.166E+03  4.272E-05
2      -- 1         16.6    230.5380   1300.4037   86.692  1.237E+00  5.130E+01  2.064E-01  1.407E-01  2.730E+03  4.308E-04
3      -- 2         33.2    345.7960    866.9634   61.920  3.203E+00  4.496E+01  2.210E-01  2.064E-01  2.393E+03  1.274E-03
4      -- 3         55.3    461.0408    650.2515   52.354  4.780E+00  3.619E+01  1.862E-01  2.210E-01  1.926E+03  2.431E-03
5      -- 4         83.0    576.2679    520.2310   43.597  5.325E+00  2.678E+01  1.207E-01  1.862E-01  1.425E+03  3.513E-03
6      -- 5        116.2    691.4731    433.5562   35.677  4.358E+00  1.809E+01  5.627E-02  1.207E-01  9.629E+02  4.100E-03
7      -- 6        154.9    806.6518    371.6504   30.219  2.387E+00  1.125E+01  1.803E-02  5.627E-02  5.990E+02  4.049E-03
8      -- 7        199.1    921.7997    325.2252   30.736  7.977E-01  6.529E+00  4.845E-03  1.803E-02  3.475E+02  3.506E-03
9      -- 8        248.9   1036.9124    289.1203   39.853  1.982E-01  3.349E+00  1.553E-03  4.845E-03  1.783E+02  2.560E-03
10     -- 9        304.2   1151.9855    260.2398   53.305  5.694E-02  1.623E+00  6.085E-04  1.553E-03  8.641E+01  1.701E-03
11     -- 10       365.0   1267.0145    236.6133   64.385  2.093E-02  7.861E-01  2.592E-04  6.085E-04  4.184E+01  1.096E-03
12     -- 11       431.3   1381.9951    216.9273   73.397  8.601E-03  3.821E-01  1.141E-04  2.592E-04  2.034E+01  6.913E-04
13     -- 12       503.1   1496.9229    200.2725   81.795  3.689E-03  1.866E-01  5.121E-05  1.141E-04  9.931E+00  4.290E-04
14     -- 13       580.5   1611.7935    185.9993   83.825  1.693E-03  8.579E-02  2.186E-05  5.121E-05  4.566E+00  2.462E-04
15     -- 14       663.4   1726.6025    173.6314   86.675  7.317E-04  3.770E-02  8.983E-06  2.186E-05  2.007E+00  1.330E-04
16     -- 15       751.7   1841.3455    162.8116   96.663  2.902E-04  1.711E-02  3.833E-06  8.983E-06  9.106E-01  7.321E-05
