* Radex version        : 30nov2011
* Geometry             : Uniform sphere
* Molecular data file  : ./data/co.dat                                                                   
* T(kin)            [K]:  275.000
* Density of H2  [cm-3]:  1.259E+03
* Density of pH2 [cm-3]:  3.147E+02
* Density of oH2 [cm-3]:  9.442E+02
* T(background)     [K]:   13.800
* Column density [cm-2]:  1.943E+18
* Line width     [km/s]:   50.000
Calculation finished in   30 iterations
      LINE         E_UP       FREQ        WAVEL     T_EX      TAU        T_R       POP        POP       FLUX        FLUX
                   (K)        (GHz)       (um)      (K)                  (K)        UP        LOW      (K*km/s) (erg/cm2/s)
1      -- 0          5.5    115.2712   2600.7576 -140.106 -1.472E-01  2.444E+01  2.066E-01  6.621E-02  1.301E+03  2.566E-05
2      -- 1         16.6    230.5380   1300.4037   45.296  1.647E+00  2.502E+01  2.698E-01  2.066E-01  1.332E+03  2.101E-04
3      -- 2         33.2    345.7960    866.9634   35.126  3.360E+00  1.965E+01  2.355E-01  2.698E-01  1.046E+03  5.568E-04
4      -- 3         55.3    461.0408    650.2515   29.353  3.920E+00  1.381E+01  1.425E-01  2.355E-01  7.352E+02  9.279E-04
5      -- 4         83.0    576.2679    520.2310   24.826  2.920E+00  8.709E+00  5.715E-02  1.425E-01  4.635E+02  1.142E-03
6      -- 5        116.2    691.4731    433.5562   23.047  1.303E+00  5.107E+00  1.600E-02  5.715E-02  2.718E+02  1.157E-03
7      -- 6        154.9    806.6518    371.6504   25.941  3.651E-01  2.673E+00  4.152E-03  1.600E-02  1.422E+02  9.615E-04
8      -- 7        199.1    921.7997    325.2252   34.925  8.668E-02  1.286E+00  1.326E-03  4.152E-03  6.843E+01  6.903E-04
9      -- 8        248.9   1036.9124    289.1203   46.049  2.518E-02  6.012E-01  5.029E-04  1.326E-03  3.200E+01  4.594E-04
10     -- 9        304.2   1151.9855    260.2398   55.364  9.039E-03  2.809E-01  2.048E-04  5.029E-04  1.495E+01  2.944E-04
11     -- 10       365.0   1267.0145    236.6133   63.884  3.546E-03  1.327E-01  8.657E-05  2.048E-04  7.062E+00  1.850E-04
12     -- 11       431.3   1381.9951    216.9273   71.679  1.461E-03  6.278E-02  3.730E-05  8.657E-05  3.342E+00  1.136E-04
13     -- 12       503.1   1496.9229    200.2725   79.653  6.143E-04  2.989E-02  1.635E-05  3.730E-05  1.591E+00  6.871E-05
14     -- 13       580.5   1611.7935    185.9993   80.788  2.769E-04  1.326E-02  6.740E-06  1.635E-05  7.059E-01  3.806E-05
15     -- 14       663.4   1726.6025    173.6314   82.899  1.161E-04  5.578E-03  2.652E-06  6.740E-06  2.969E-01  1.968E-05
16     -- 15       751.7   1841.3455    162.8116   93.154  4.390E-05  2.445E-03  1.093E-06  2.652E-06  1.302E-01  1.046E-05
