* Radex version        : 30nov2011
* Geometry             : Uniform sphere
* Molecular data file  : ./data/co.dat                                                                   
* T(kin)            [K]:  295.000
* Density of H2  [cm-3]:  1.995E+05
* Density of pH2 [cm-3]:  4.988E+04
* Density of oH2 [cm-3]:  1.496E+05
* T(background)     [K]:   13.800
* Column density [cm-2]:  3.079E+20
* Line width     [km/s]:   50.000
Calculation finished in   40 iterations
      LINE         E_UP       FREQ        WAVEL     T_EX      TAU        T_R       POP        POP       FLUX        FLUX
                   (K)        (GHz)       (um)      (K)                  (K)        UP        LOW      (K*km/s) (erg/cm2/s)
1      -- 0          5.5    115.2712   2600.7576  303.006  1.532E+00  2.266E+02  2.852E-02  9.681E-03  1.206E+04  2.379E-04
2      -- 1         16.6    230.5380   1300.4037  292.332  6.173E+00  2.773E+02  4.576E-02  2.852E-02  1.476E+04  2.329E-03
3      -- 2         33.2    345.7960    866.9634  292.621  1.323E+01  2.773E+02  6.053E-02  4.576E-02  1.476E+04  7.859E-03
4      -- 3         55.3    461.0408    650.2515  292.508  2.198E+01  2.760E+02  7.216E-02  6.053E-02  1.469E+04  1.854E-02
5      -- 4         83.0    576.2679    520.2310  292.285  3.150E+01  2.744E+02  8.023E-02  7.216E-02  1.460E+04  3.599E-02
6      -- 5        116.2    691.4731    433.5562  292.088  4.082E+01  2.725E+02  8.464E-02  8.023E-02  1.450E+04  6.176E-02
7      -- 6        154.9    806.6518    371.6504  291.688  4.907E+01  2.703E+02  8.552E-02  8.464E-02  1.438E+04  9.724E-02
8      -- 7        199.1    921.7997    325.2252  291.221  5.552E+01  2.678E+02  8.326E-02  8.552E-02  1.425E+04  1.438E-01
9      -- 8        248.9   1036.9124    289.1203  290.518  5.973E+01  2.650E+02  7.841E-02  8.326E-02  1.410E+04  2.025E-01
10     -- 9        304.2   1151.9855    260.2398  289.528  6.147E+01  2.617E+02  7.160E-02  7.841E-02  1.393E+04  2.743E-01
11     -- 10       365.0   1267.0145    236.6133  288.432  6.085E+01  2.583E+02  6.351E-02  7.160E-02  1.375E+04  3.602E-01
12     -- 11       431.3   1381.9951    216.9273  286.917  5.808E+01  2.545E+02  5.479E-02  6.351E-02  1.354E+04  4.604E-01
13     -- 12       503.1   1496.9229    200.2725  285.004  5.362E+01  2.502E+02  4.599E-02  5.479E-02  1.332E+04  5.752E-01
14     -- 13       580.5   1611.7935    185.9993  281.494  4.814E+01  2.443E+02  3.752E-02  4.599E-02  1.300E+04  7.012E-01
15     -- 14       663.4   1726.6025    173.6314  276.809  4.193E+01  2.372E+02  2.973E-02  3.752E-02  1.263E+04  8.370E-01
16     -- 15       751.7   1841.3455    162.8116  270.015  3.554E+01  2.281E+02  2.282E-02  2.973E-02  1.214E+04  9.761E-01
