* Radex version        : 30nov2011
* Geometry             : Uniform sphere
* Molecular data file  : ./data/co.dat                                                                   
* T(kin)            [K]:  250.000
* Density of H2  [cm-3]:  1.585E+06
* Density of pH2 [cm-3]:  3.962E+05
* Density of oH2 [cm-3]:  1.189E+06
* T(background)     [K]:   13.800
* Column density [cm-2]:  2.445E+21
* Line width     [km/s]:   50.000
Calculation finished in   35 iterations
      LINE         E_UP       FREQ        WAVEL     T_EX      TAU        T_R       POP        POP       FLUX        FLUX
                   (K)        (GHz)       (um)      (K)                  (K)        UP        LOW      (K*km/s) (erg/cm2/s)
1      -- 0          5.5    115.2712   2600.7576  249.978  1.677E+01  2.360E+02  3.236E-02  1.103E-02  1.256E+04  2.478E-04
2      -- 1         16.6    230.5380   1300.4037  249.977  6.486E+01  2.355E+02  5.159E-02  3.236E-02  1.253E+04  1.978E-03
3      -- 2         33.2    345.7960    866.9634  249.975  1.380E+02  2.346E+02  6.759E-02  5.159E-02  1.249E+04  6.650E-03
4      -- 3         55.3    461.0408    650.2515  249.974  2.267E+02  2.335E+02  7.954E-02  6.759E-02  1.243E+04  1.568E-02
5      -- 4         83.0    576.2679    520.2310  249.971  3.200E+02  2.321E+02  8.703E-02  7.954E-02  1.235E+04  3.044E-02
6      -- 5        116.2    691.4731    433.5562  249.968  4.071E+02  2.304E+02  9.007E-02  8.703E-02  1.227E+04  5.223E-02
7      -- 6        154.9    806.6518    371.6504  249.963  4.789E+02  2.286E+02  8.902E-02  9.007E-02  1.217E+04  8.225E-02
8      -- 7        199.1    921.7997    325.2252  249.957  5.284E+02  2.266E+02  8.452E-02  8.902E-02  1.206E+04  1.217E-01
9      -- 8        248.9   1036.9124    289.1203  249.948  5.523E+02  2.245E+02  7.741E-02  8.452E-02  1.195E+04  1.716E-01
10     -- 9        304.2   1151.9855    260.2398  249.934  5.504E+02  2.223E+02  6.858E-02  7.741E-02  1.183E+04  2.329E-01
11     -- 10       365.0   1267.0145    236.6133  249.918  5.260E+02  2.200E+02  5.889E-02  6.858E-02  1.171E+04  3.067E-01
12     -- 11       431.3   1381.9951    216.9273  249.895  4.831E+02  2.177E+02  4.909E-02  5.889E-02  1.158E+04  3.938E-01
13     -- 12       503.1   1496.9229    200.2725  249.866  4.280E+02  2.153E+02  3.977E-02  4.909E-02  1.146E+04  4.949E-01
14     -- 13       580.5   1611.7935    185.9993  249.811  3.665E+02  2.128E+02  3.134E-02  3.977E-02  1.133E+04  6.109E-01
15     -- 14       663.4   1726.6025    173.6314  249.738  3.036E+02  2.104E+02  2.404E-02  3.134E-02  1.120E+04  7.423E-01
16     -- 15       751.7   1841.3455    162.8116  249.623  2.438E+02  2.079E+02  1.796E-02  2.404E-02  1.107E+04  8.897E-01
