* Radex version        : 30nov2011
* Geometry             : Uniform sphere
* Molecular data file  : ./data/co.dat                                                                   
* T(kin)            [K]:  265.000
* Density of H2  [cm-3]:  6.310E+04
* Density of pH2 [cm-3]:  1.577E+04
* Density of oH2 [cm-3]:  4.732E+04
* T(background)     [K]:   13.800
* Column density [cm-2]:  9.736E+19
* Line width     [km/s]:   50.000
Calculation finished in   39 iterations
      LINE         E_UP       FREQ        WAVEL     T_EX      TAU        T_R       POP        POP       FLUX        FLUX
                   (K)        (GHz)       (um)      (K)                  (K)        UP        LOW      (K*km/s) (erg/cm2/s)
1      -- 0          5.5    115.2712   2600.7576  347.859  5.262E-01  1.366E+02  3.560E-02  1.206E-02  7.271E+03  1.434E-04
2      -- 1         16.6    230.5380   1300.4037  257.566  2.759E+00  2.277E+02  5.683E-02  3.560E-02  1.212E+04  1.912E-03
3      -- 2         33.2    345.7960    866.9634  250.950  6.029E+00  2.350E+02  7.447E-02  5.683E-02  1.251E+04  6.662E-03
4      -- 3         55.3    461.0408    650.2515  249.861  9.947E+00  2.334E+02  8.764E-02  7.447E-02  1.242E+04  1.568E-02
5      -- 4         83.0    576.2679    520.2310  248.506  1.412E+01  2.306E+02  9.583E-02  8.764E-02  1.228E+04  3.025E-02
6      -- 5        116.2    691.4731    433.5562  246.844  1.806E+01  2.273E+02  9.901E-02  9.583E-02  1.210E+04  5.152E-02
7      -- 6        154.9    806.6518    371.6504  244.221  2.141E+01  2.229E+02  9.749E-02  9.901E-02  1.186E+04  8.019E-02
8      -- 7        199.1    921.7997    325.2252  240.733  2.384E+01  2.174E+02  9.194E-02  9.749E-02  1.157E+04  1.167E-01
9      -- 8        248.9   1036.9124    289.1203  235.786  2.521E+01  2.104E+02  8.321E-02  9.194E-02  1.120E+04  1.608E-01
10     -- 9        304.2   1151.9855    260.2398  229.007  2.545E+01  2.015E+02  7.224E-02  8.321E-02  1.072E+04  2.111E-01
11     -- 10       365.0   1267.0145    236.6133  220.396  2.463E+01  1.906E+02  6.004E-02  7.224E-02  1.015E+04  2.658E-01
12     -- 11       431.3   1381.9951    216.9273  208.785  2.290E+01  1.768E+02  4.750E-02  6.004E-02  9.412E+03  3.199E-01
13     -- 12       503.1   1496.9229    200.2725  193.328  2.048E+01  1.592E+02  3.538E-02  4.750E-02  8.475E+03  3.661E-01
14     -- 13       580.5   1611.7935    185.9993  172.451  1.762E+01  1.364E+02  2.427E-02  3.538E-02  7.258E+03  3.914E-01
15     -- 14       663.4   1726.6025    173.6314  147.594  1.424E+01  1.098E+02  1.480E-02  2.427E-02  5.845E+03  3.874E-01
16     -- 15       751.7   1841.3455    162.8116  120.538  1.041E+01  8.155E+01  7.566E-03  1.480E-02  4.341E+03  3.490E-01
