* Radex version        : 30nov2011
* Geometry             : Uniform sphere
* Molecular data file  : ./data/co.dat                                                                   
* T(kin)            [K]:  285.000
* Density of H2  [cm-3]:  6.310E+03
* Density of pH2 [cm-3]:  1.577E+03
* Density of oH2 [cm-3]:  4.732E+03
* T(background)     [K]:   13.800
* Column density [cm-2]:  9.736E+18
* Line width     [km/s]:   50.000
Calculation finished in   35 iterations
      LINE         E_UP       FREQ        WAVEL     T_EX      TAU        T_R       POP        POP       FLUX        FLUX
                   (K)        (GHz)       (um)      (K)                  (K)        UP        LOW      (K*km/s) (erg/cm2/s)
1      -- 0          5.5    115.2712   2600.7576  -91.239 -4.563E-01  6.086E+01  8.411E-02  2.639E-02  3.240E+03  6.390E-05
2      -- 1         16.6    230.5380   1300.4037  190.085  8.766E-01  1.025E+02  1.323E-01  8.411E-02  5.457E+03  8.610E-04
3      -- 2         33.2    345.7960    866.9634  122.695  2.774E+00  1.008E+02  1.617E-01  1.323E-01  5.362E+03  2.856E-03
4      -- 3         55.3    461.0408    650.2515  107.818  4.729E+00  9.075E+01  1.694E-01  1.617E-01  4.830E+03  6.096E-03
5      -- 4         83.0    576.2679    520.2310   96.265  6.467E+00  7.867E+01  1.553E-01  1.694E-01  4.187E+03  1.032E-02
6      -- 5        116.2    691.4731    433.5562   83.993  7.593E+00  6.516E+01  1.236E-01  1.553E-01  3.468E+03  1.477E-02
7      -- 6        154.9    806.6518    371.6504   70.317  7.722E+00  5.021E+01  8.226E-02  1.236E-01  2.673E+03  1.807E-02
8      -- 7        199.1    921.7997    325.2252   56.635  6.496E+00  3.544E+01  4.269E-02  8.226E-02  1.886E+03  1.903E-02
9      -- 8        248.9   1036.9124    289.1203   44.973  4.117E+00  2.282E+01  1.578E-02  4.269E-02  1.215E+03  1.744E-02
10     -- 9        304.2   1151.9855    260.2398   39.571  1.694E+00  1.399E+01  4.313E-03  1.578E-02  7.446E+02  1.466E-02
11     -- 10       365.0   1267.0145    236.6133   46.554  4.446E-01  7.838E+00  1.279E-03  4.313E-03  4.172E+02  1.093E-02
12     -- 11       431.3   1381.9951    216.9273   64.631  1.150E-01  3.965E+00  4.983E-04  1.279E-03  2.110E+02  7.174E-03
13     -- 12       503.1   1496.9229    200.2725   79.225  4.127E-02  1.951E+00  2.173E-04  4.983E-04  1.039E+02  4.486E-03
14     -- 13       580.5   1611.7935    185.9993   84.516  1.795E-02  9.141E-01  9.347E-05  2.173E-04  4.865E+01  2.624E-03
15     -- 14       663.4   1726.6025    173.6314   88.837  7.744E-03  4.131E-01  3.931E-05  9.347E-05  2.199E+01  1.457E-03
16     -- 15       751.7   1841.3455    162.8116   97.965  3.164E-03  1.901E-01  1.698E-05  3.931E-05  1.012E+01  8.136E-04
