* Radex version        : 30nov2011
* Geometry             : Uniform sphere
* Molecular data file  : ./data/co.dat                                                                   
* T(kin)            [K]:  200.000
* Density of H2  [cm-3]:  1.000E+03
* Density of pH2 [cm-3]:  2.500E+02
* Density of oH2 [cm-3]:  7.500E+02
* T(background)     [K]:   13.800
* Column density [cm-2]:  1.543E+18
* Line width     [km/s]:   50.000
Calculation finished in   30 iterations
      LINE         E_UP       FREQ        WAVEL     T_EX      TAU        T_R       POP        POP       FLUX        FLUX
                   (K)        (GHz)       (um)      (K)                  (K)        UP        LOW      (K*km/s) (erg/cm2/s)
1      -- 0          5.5    115.2712   2600.7576  250.523  8.011E-02  1.821E+01  2.455E-01  8.366E-02  9.693E+02  1.912E-05
2      -- 1         16.6    230.5380   1300.4037   33.402  2.022E+00  1.664E+01  2.938E-01  2.455E-01  8.855E+02  1.397E-04
3      -- 2         33.2    345.7960    866.9634   27.128  3.532E+00  1.218E+01  2.231E-01  2.938E-01  6.481E+02  3.451E-04
4      -- 3         55.3    461.0408    650.2515   22.950  3.448E+00  7.807E+00  1.094E-01  2.231E-01  4.155E+02  5.244E-04
5      -- 4         83.0    576.2679    520.2310   20.244  1.975E+00  4.446E+00  3.410E-02  1.094E-01  2.366E+02  5.832E-04
6      -- 5        116.2    691.4731    433.5562   20.278  6.520E-01  2.264E+00  7.844E-03  3.410E-02  1.205E+02  5.131E-04
7      -- 6        154.9    806.6518    371.6504   24.346  1.460E-01  1.008E+00  1.845E-03  7.844E-03  5.367E+01  3.628E-04
8      -- 7        199.1    921.7997    325.2252   32.877  3.151E-02  4.252E-01  5.446E-04  1.845E-03  2.263E+01  2.283E-04
9      -- 8        248.9   1036.9124    289.1203   42.014  8.633E-03  1.766E-01  1.862E-04  5.446E-04  9.399E+00  1.349E-04
10     -- 9        304.2   1151.9855    260.2398   49.329  2.837E-03  7.286E-02  6.710E-05  1.862E-04  3.878E+00  7.635E-05
11     -- 10       365.0   1267.0145    236.6133   55.769  9.982E-04  2.996E-02  2.470E-05  6.710E-05  1.595E+00  4.178E-05
12     -- 11       431.3   1381.9951    216.9273   61.617  3.615E-04  1.220E-02  9.150E-06  2.470E-05  6.492E-01  2.207E-05
13     -- 12       503.1   1496.9229    200.2725   68.228  1.312E-04  4.997E-03  3.448E-06  9.150E-06  2.660E-01  1.149E-05
14     -- 13       580.5   1611.7935    185.9993   69.435  5.058E-05  1.897E-03  1.215E-06  3.448E-06  1.010E-01  5.445E-06
15     -- 14       663.4   1726.6025    173.6314   70.803  1.815E-05  6.728E-04  4.031E-07  1.215E-06  3.581E-02  2.374E-06
16     -- 15       751.7   1841.3455    162.8116   78.681  5.838E-06  2.478E-04  1.396E-07  4.031E-07  1.319E-02  1.061E-06
