* Radex version        : 30nov2011
* Geometry             : Uniform sphere
* Molecular data file  : ./data/co.dat                                                                   
* T(kin)            [K]:  245.000
* Density of H2  [cm-3]:  5.012E+04
* Density of pH2 [cm-3]:  1.253E+04
* Density of oH2 [cm-3]:  3.759E+04
* T(background)     [K]:   13.800
* Column density [cm-2]:  7.733E+19
* Line width     [km/s]:   50.000
Calculation finished in   39 iterations
      LINE         E_UP       FREQ        WAVEL     T_EX      TAU        T_R       POP        POP       FLUX        FLUX
                   (K)        (GHz)       (um)      (K)                  (K)        UP        LOW      (K*km/s) (erg/cm2/s)
1      -- 0          5.5    115.2712   2600.7576  343.875  4.706E-01  1.238E+02  3.962E-02  1.342E-02  6.591E+03  1.300E-04
2      -- 1         16.6    230.5380   1300.4037  236.032  2.656E+00  2.060E+02  6.300E-02  3.962E-02  1.096E+04  1.730E-03
3      -- 2         33.2    345.7960    866.9634  228.365  5.816E+00  2.124E+02  8.202E-02  6.300E-02  1.131E+04  6.020E-03
4      -- 3         55.3    461.0408    650.2515  226.852  9.543E+00  2.104E+02  9.566E-02  8.202E-02  1.120E+04  1.413E-02
5      -- 4         83.0    576.2679    520.2310  225.079  1.343E+01  2.072E+02  1.034E-01  9.566E-02  1.103E+04  2.718E-02
6      -- 5        116.2    691.4731    433.5562  222.789  1.703E+01  2.033E+02  1.053E-01  1.034E-01  1.082E+04  4.608E-02
7      -- 6        154.9    806.6518    371.6504  219.319  1.996E+01  1.980E+02  1.018E-01  1.053E-01  1.054E+04  7.125E-02
8      -- 7        199.1    921.7997    325.2252  214.610  2.195E+01  1.914E+02  9.390E-02  1.018E-01  1.019E+04  1.028E-01
9      -- 8        248.9   1036.9124    289.1203  208.000  2.287E+01  1.827E+02  8.262E-02  9.390E-02  9.725E+03  1.396E-01
10     -- 9        304.2   1151.9855    260.2398  198.946  2.271E+01  1.716E+02  6.916E-02  8.262E-02  9.131E+03  1.798E-01
11     -- 10       365.0   1267.0145    236.6133  187.367  2.153E+01  1.579E+02  5.475E-02  6.916E-02  8.402E+03  2.201E-01
12     -- 11       431.3   1381.9951    216.9273  172.170  1.948E+01  1.406E+02  4.049E-02  5.475E-02  7.483E+03  2.544E-01
13     -- 12       503.1   1496.9229    200.2725  152.867  1.675E+01  1.194E+02  2.733E-02  4.049E-02  6.353E+03  2.744E-01
14     -- 13       580.5   1611.7935    185.9993  129.066  1.348E+01  9.394E+01  1.612E-02  2.733E-02  5.000E+03  2.696E-01
15     -- 14       663.4   1726.6025    173.6314  103.370  9.645E+00  6.721E+01  7.731E-03  1.612E-02  3.577E+03  2.371E-01
16     -- 15       751.7   1841.3455    162.8116   79.871  5.565E+00  4.336E+01  2.722E-03  7.731E-03  2.308E+03  1.855E-01
