* Radex version        : 30nov2011
* Geometry             : Uniform sphere
* Molecular data file  : ./data/co.dat                                                                   
* T(kin)            [K]:  260.000
* Density of H2  [cm-3]:  1.000E+04
* Density of pH2 [cm-3]:  2.500E+03
* Density of oH2 [cm-3]:  7.500E+03
* T(background)     [K]:   13.800
* Column density [cm-2]:  1.543E+19
* Line width     [km/s]:   50.000
Calculation finished in   36 iterations
      LINE         E_UP       FREQ        WAVEL     T_EX      TAU        T_R       POP        POP       FLUX        FLUX
                   (K)        (GHz)       (um)      (K)                  (K)        UP        LOW      (K*km/s) (erg/cm2/s)
1      -- 0          5.5    115.2712   2600.7576 -169.498 -3.238E-01  7.017E+01  6.900E-02  2.226E-02  3.735E+03  7.367E-05
2      -- 1         16.6    230.5380   1300.4037  214.601  1.013E+00  1.274E+02  1.092E-01  6.900E-02  6.783E+03  1.070E-03
3      -- 2         33.2    345.7960    866.9634  151.899  2.970E+00  1.296E+02  1.371E-01  1.092E-01  6.899E+03  3.674E-03
4      -- 3         55.3    461.0408    650.2515  138.021  5.072E+00  1.209E+02  1.501E-01  1.371E-01  6.436E+03  8.122E-03
5      -- 4         83.0    576.2679    520.2310  127.524  7.094E+00  1.098E+02  1.477E-01  1.501E-01  5.844E+03  1.440E-02
6      -- 5        116.2    691.4731    433.5562  115.894  8.733E+00  9.678E+01  1.311E-01  1.477E-01  5.151E+03  2.193E-02
7      -- 6        154.9    806.6518    371.6504  101.898  9.689E+00  8.127E+01  1.035E-01  1.311E-01  4.325E+03  2.924E-02
8      -- 7        199.1    921.7997    325.2252   86.153  9.593E+00  6.405E+01  7.017E-02  1.035E-01  3.409E+03  3.439E-02
9      -- 8        248.9   1036.9124    289.1203   69.568  8.188E+00  4.623E+01  3.835E-02  7.017E-02  2.460E+03  3.533E-02
10     -- 9        304.2   1151.9855    260.2398   54.423  5.530E+00  3.024E+01  1.535E-02  3.835E-02  1.609E+03  3.168E-02
11     -- 10       365.0   1267.0145    236.6133   44.687  2.557E+00  1.866E+01  4.311E-03  1.535E-02  9.930E+02  2.601E-02
12     -- 11       431.3   1381.9951    216.9273   47.159  7.228E-01  1.080E+01  1.148E-03  4.311E-03  5.746E+02  1.953E-02
13     -- 12       503.1   1496.9229    200.2725   64.889  1.692E-01  5.460E+00  4.098E-04  1.148E-03  2.906E+02  1.255E-02
14     -- 13       580.5   1611.7935    185.9993   79.147  5.582E-02  2.518E+00  1.656E-04  4.098E-04  1.340E+02  7.227E-03
15     -- 14       663.4   1726.6025    173.6314   85.935  2.219E-02  1.116E+00  6.751E-05  1.656E-04  5.940E+01  3.937E-03
16     -- 15       751.7   1841.3455    162.8116   94.376  8.809E-03  4.985E-01  2.817E-05  6.751E-05  2.653E+01  2.133E-03
