* Radex version        : 30nov2011
* Geometry             : Uniform sphere
* Molecular data file  : ./data/co.dat                                                                   
* T(kin)            [K]:  270.000
* Density of H2  [cm-3]:  3.162E+04
* Density of pH2 [cm-3]:  7.906E+03
* Density of oH2 [cm-3]:  2.372E+04
* T(background)     [K]:   13.800
* Column density [cm-2]:  4.879E+19
* Line width     [km/s]:   50.000
Calculation finished in   38 iterations
      LINE         E_UP       FREQ        WAVEL     T_EX      TAU        T_R       POP        POP       FLUX        FLUX
                   (K)        (GHz)       (um)      (K)                  (K)        UP        LOW      (K*km/s) (erg/cm2/s)
1      -- 0          5.5    115.2712   2600.7576  1.086E+03  9.884E-02  1.009E+02  4.186E-02  1.403E-02  5.368E+03  1.059E-04
2      -- 1         16.6    230.5380   1300.4037  265.268  1.580E+00  1.991E+02  6.692E-02  4.186E-02  1.060E+04  1.672E-03
3      -- 2         33.2    345.7960    866.9634  232.994  3.823E+00  2.129E+02  8.725E-02  6.692E-02  1.133E+04  6.034E-03
4      -- 3         55.3    461.0408    650.2515  226.667  6.409E+00  2.099E+02  1.017E-01  8.725E-02  1.117E+04  1.410E-02
5      -- 4         83.0    576.2679    520.2310  222.290  9.122E+00  2.044E+02  1.098E-01  1.017E-01  1.088E+04  2.681E-02
6      -- 5        116.2    691.4731    433.5562  217.186  1.168E+01  1.977E+02  1.114E-01  1.098E-01  1.052E+04  4.481E-02
7      -- 6        154.9    806.6518    371.6504  210.004  1.386E+01  1.887E+02  1.069E-01  1.114E-01  1.005E+04  6.791E-02
8      -- 7        199.1    921.7997    325.2252  200.647  1.544E+01  1.775E+02  9.716E-02  1.069E-01  9.446E+03  9.528E-02
9      -- 8        248.9   1036.9124    289.1203  188.375  1.629E+01  1.632E+02  8.338E-02  9.716E-02  8.686E+03  1.247E-01
10     -- 9        304.2   1151.9855    260.2398  173.003  1.630E+01  1.458E+02  6.695E-02  8.338E-02  7.760E+03  1.528E-01
11     -- 10       365.0   1267.0145    236.6133  154.982  1.540E+01  1.258E+02  4.953E-02  6.695E-02  6.696E+03  1.754E-01
12     -- 11       431.3   1381.9951    216.9273  134.019  1.358E+01  1.030E+02  3.282E-02  4.953E-02  5.484E+03  1.864E-01
13     -- 12       503.1   1496.9229    200.2725  110.922  1.089E+01  7.845E+01  1.855E-02  3.282E-02  4.176E+03  1.804E-01
14     -- 13       580.5   1611.7935    185.9993   87.097  7.538E+00  5.376E+01  8.196E-03  1.855E-02  2.861E+03  1.543E-01
15     -- 14       663.4   1726.6025    173.6314   67.656  3.962E+00  3.362E+01  2.574E-03  8.196E-03  1.789E+03  1.186E-01
16     -- 15       751.7   1841.3455    162.8116   61.516  1.332E+00  2.018E+01  6.515E-04  2.574E-03  1.074E+03  8.635E-02
