* Radex version        : 30nov2011
* Geometry             : Uniform sphere
* Molecular data file  : ./data/co.dat                                                                   
* T(kin)            [K]:  230.000
* Density of H2  [cm-3]:  1.000E+02
* Density of pH2 [cm-3]:  2.500E+01
* Density of oH2 [cm-3]:  7.500E+01
* T(background)     [K]:    2.725
* Column density [cm-2]:  9.875E+17
* Line width     [km/s]:   50.000
Calculation finished in   32 iterations
      LINE         E_UP       FREQ        WAVEL     T_EX      TAU        T_R       POP        POP       FLUX        FLUX
                   (K)        (GHz)       (um)      (K)                  (K)        UP        LOW      (K*km/s) (erg/cm2/s)
1      -- 0          5.5    115.2712   2600.7576   10.066  3.308E+00  6.470E+00  4.828E-01  2.788E-01  3.444E+02  6.793E-06
2      -- 1         16.6    230.5380   1300.4037    8.112  6.719E+00  3.602E+00  2.057E-01  4.828E-01  1.917E+02  3.025E-05
3      -- 2         33.2    345.7960    866.9634    7.113  3.124E+00  1.668E+00  2.793E-02  2.057E-01  8.877E+01  4.727E-05
4      -- 3         55.3    461.0408    650.2515    9.305  4.052E-01  7.513E-01  3.331E-03  2.793E-02  3.999E+01  5.047E-05
5      -- 4         83.0    576.2679    520.2310   17.936  4.061E-02  2.996E-01  8.710E-04  3.331E-03  1.594E+01  3.929E-05
6      -- 5        116.2    691.4731    433.5562   26.547  9.443E-03  1.252E-01  2.949E-04  8.710E-04  6.665E+00  2.838E-05
7      -- 6        154.9    806.6518    371.6504   33.293  3.033E-03  5.332E-02  1.064E-04  2.949E-04  2.838E+00  1.918E-05
8      -- 7        199.1    921.7997    325.2252   40.334  1.047E-03  2.321E-02  4.026E-05  1.064E-04  1.235E+00  1.246E-05
9      -- 8        248.9   1036.9124    289.1203   46.432  3.869E-04  1.002E-02  1.541E-05  4.026E-05  5.335E-01  7.660E-06
10     -- 9        304.2   1151.9855    260.2398   52.876  1.445E-04  4.331E-03  5.985E-06  1.541E-05  2.305E-01  4.538E-06
11     -- 10       365.0   1267.0145    236.6133   59.877  5.474E-05  1.890E-03  2.374E-06  5.985E-06  1.006E-01  2.636E-06
12     -- 11       431.3   1381.9951    216.9273   65.440  2.150E-05  8.122E-04  9.366E-07  2.374E-06  4.323E-02  1.469E-06
13     -- 12       503.1   1496.9229    200.2725   73.182  8.252E-06  3.552E-04  3.790E-07  9.366E-07  1.891E-02  8.167E-07
14     -- 13       580.5   1611.7935    185.9993   72.447  3.476E-06  1.409E-04  1.399E-07  3.790E-07  7.497E-03  4.043E-07
15     -- 14       663.4   1726.6025    173.6314   73.204  1.314E-06  5.180E-05  4.823E-08  1.399E-07  2.757E-03  1.828E-07
16     -- 15       751.7   1841.3455    162.8116   83.559  4.324E-07  2.033E-05  1.783E-08  4.823E-08  1.082E-03  8.701E-08
