* Radex version        : 30nov2011
* Geometry             : Uniform sphere
* Molecular data file  : ./data/co.dat                                                                   
* T(kin)            [K]:  225.000
* Density of H2  [cm-3]:  2.512E+05
* Density of pH2 [cm-3]:  6.280E+04
* Density of oH2 [cm-3]:  1.884E+05
* T(background)     [K]:   13.800
* Column density [cm-2]:  3.876E+20
* Line width     [km/s]:   50.000
Calculation finished in   40 iterations
      LINE         E_UP       FREQ        WAVEL     T_EX      TAU        T_R       POP        POP       FLUX        FLUX
                   (K)        (GHz)       (um)      (K)                  (K)        UP        LOW      (K*km/s) (erg/cm2/s)
1      -- 0          5.5    115.2712   2600.7576  225.404  3.321E+00  2.038E+02  3.641E-02  1.244E-02  1.085E+04  2.140E-04
2      -- 1         16.6    230.5380   1300.4037  224.238  1.286E+01  2.098E+02  5.775E-02  3.641E-02  1.116E+04  1.762E-03
3      -- 2         33.2    345.7960    866.9634  224.298  2.719E+01  2.090E+02  7.509E-02  5.775E-02  1.112E+04  5.923E-03
4      -- 3         55.3    461.0408    650.2515  224.243  4.427E+01  2.078E+02  8.747E-02  7.509E-02  1.106E+04  1.396E-02
5      -- 4         83.0    576.2679    520.2310  224.161  6.181E+01  2.063E+02  9.450E-02  8.747E-02  1.098E+04  2.706E-02
6      -- 5        116.2    691.4731    433.5562  224.062  7.758E+01  2.046E+02  9.631E-02  9.450E-02  1.089E+04  4.636E-02
7      -- 6        154.9    806.6518    371.6504  223.899  8.981E+01  2.026E+02  9.348E-02  9.631E-02  1.078E+04  7.289E-02
8      -- 7        199.1    921.7997    325.2252  223.685  9.728E+01  2.004E+02  8.693E-02  9.348E-02  1.067E+04  1.076E-01
9      -- 8        248.9   1036.9124    289.1203  223.381  9.959E+01  1.980E+02  7.776E-02  8.693E-02  1.054E+04  1.513E-01
10     -- 9        304.2   1151.9855    260.2398  222.916  9.698E+01  1.954E+02  6.706E-02  7.776E-02  1.040E+04  2.047E-01
11     -- 10       365.0   1267.0145    236.6133  222.342  9.033E+01  1.926E+02  5.588E-02  6.706E-02  1.025E+04  2.685E-01
12     -- 11       431.3   1381.9951    216.9273  221.486  8.065E+01  1.894E+02  4.502E-02  5.588E-02  1.008E+04  3.427E-01
13     -- 12       503.1   1496.9229    200.2725  220.285  6.928E+01  1.859E+02  3.509E-02  4.502E-02  9.895E+03  4.275E-01
14     -- 13       580.5   1611.7935    185.9993  218.139  5.746E+01  1.815E+02  2.644E-02  3.509E-02  9.658E+03  5.208E-01
15     -- 14       663.4   1726.6025    173.6314  214.953  4.599E+01  1.760E+02  1.922E-02  2.644E-02  9.366E+03  6.209E-01
16     -- 15       751.7   1841.3455    162.8116  209.545  3.565E+01  1.683E+02  1.342E-02  1.922E-02  8.958E+03  7.203E-01
