* Radex version        : 30nov2011
* Geometry             : Uniform sphere
* Molecular data file  : ./data/co.dat                                                                   
* T(kin)            [K]:  215.000
* Density of H2  [cm-3]:  1.000E+05
* Density of pH2 [cm-3]:  2.500E+04
* Density of oH2 [cm-3]:  7.500E+04
* T(background)     [K]:   13.800
* Column density [cm-2]:  1.543E+20
* Line width     [km/s]:   50.000
Calculation finished in   40 iterations
      LINE         E_UP       FREQ        WAVEL     T_EX      TAU        T_R       POP        POP       FLUX        FLUX
                   (K)        (GHz)       (um)      (K)                  (K)        UP        LOW      (K*km/s) (erg/cm2/s)
1      -- 0          5.5    115.2712   2600.7576  224.161  1.454E+00  1.611E+02  3.982E-02  1.361E-02  8.574E+03  1.691E-04
2      -- 1         16.6    230.5380   1300.4037  211.168  5.938E+00  1.962E+02  6.298E-02  3.982E-02  1.044E+04  1.647E-03
3      -- 2         33.2    345.7960    866.9634  211.363  1.250E+01  1.960E+02  8.152E-02  6.298E-02  1.043E+04  5.557E-03
4      -- 3         55.3    461.0408    650.2515  211.084  2.026E+01  1.946E+02  9.438E-02  8.152E-02  1.036E+04  1.307E-02
5      -- 4         83.0    576.2679    520.2310  210.651  2.814E+01  1.928E+02  1.012E-01  9.438E-02  1.026E+04  2.529E-02
6      -- 5        116.2    691.4731    433.5562  210.091  3.509E+01  1.906E+02  1.021E-01  1.012E-01  1.015E+04  4.320E-02
7      -- 6        154.9    806.6518    371.6504  209.212  4.032E+01  1.880E+02  9.789E-02  1.021E-01  1.000E+04  6.762E-02
8      -- 7        199.1    921.7997    325.2252  208.014  4.330E+01  1.848E+02  8.969E-02  9.789E-02  9.836E+03  9.922E-02
9      -- 8        248.9   1036.9124    289.1203  206.287  4.390E+01  1.810E+02  7.875E-02  8.969E-02  9.635E+03  1.383E-01
10     -- 9        304.2   1151.9855    260.2398  203.701  4.231E+01  1.763E+02  6.635E-02  7.875E-02  9.383E+03  1.847E-01
11     -- 10       365.0   1267.0145    236.6133  200.203  3.895E+01  1.706E+02  5.364E-02  6.635E-02  9.079E+03  2.378E-01
12     -- 11       431.3   1381.9951    216.9273  194.908  3.435E+01  1.631E+02  4.149E-02  5.364E-02  8.680E+03  2.950E-01
13     -- 12       503.1   1496.9229    200.2725  186.862  2.915E+01  1.528E+02  3.050E-02  4.149E-02  8.135E+03  3.514E-01
14     -- 13       580.5   1611.7935    185.9993  174.246  2.388E+01  1.381E+02  2.102E-02  3.050E-02  7.352E+03  3.965E-01
15     -- 14       663.4   1726.6025    173.6314  156.668  1.869E+01  1.187E+02  1.324E-02  2.102E-02  6.316E+03  4.187E-01
16     -- 15       751.7   1841.3455    162.8116  133.892  1.373E+01  9.439E+01  7.284E-03  1.324E-02  5.024E+03  4.039E-01
