* Radex version        : 30nov2011
* Geometry             : Uniform sphere
* Molecular data file  : ./data/co.dat                                                                   
* T(kin)            [K]:  245.000
* Density of H2  [cm-3]:  3.981E+03
* Density of pH2 [cm-3]:  9.953E+02
* Density of oH2 [cm-3]:  2.986E+03
* T(background)     [K]:   13.800
* Column density [cm-2]:  6.143E+18
* Line width     [km/s]:   50.000
Calculation finished in   34 iterations
      LINE         E_UP       FREQ        WAVEL     T_EX      TAU        T_R       POP        POP       FLUX        FLUX
                   (K)        (GHz)       (um)      (K)                  (K)        UP        LOW      (K*km/s) (erg/cm2/s)
1      -- 0          5.5    115.2712   2600.7576  -91.618 -3.933E-01  5.090E+01  1.154E-01  3.620E-02  2.709E+03  5.344E-05
2      -- 1         16.6    230.5380   1300.4037  111.795  1.264E+00  6.986E+01  1.742E-01  1.154E-01  3.718E+03  5.867E-04
3      -- 2         33.2    345.7960    866.9634   81.524  3.355E+00  6.406E+01  1.989E-01  1.742E-01  3.410E+03  1.816E-03
4      -- 3         55.3    461.0408    650.2515   70.835  5.307E+00  5.450E+01  1.871E-01  1.989E-01  2.901E+03  3.661E-03
5      -- 4         83.0    576.2679    520.2310   60.711  6.606E+00  4.356E+01  1.450E-01  1.871E-01  2.319E+03  5.714E-03
6      -- 5        116.2    691.4731    433.5562   50.160  6.634E+00  3.205E+01  8.845E-02  1.450E-01  1.706E+03  7.263E-03
7      -- 6        154.9    806.6518    371.6504   40.064  5.100E+00  2.115E+01  3.883E-02  8.845E-02  1.126E+03  7.611E-03
8      -- 7        199.1    921.7997    325.2252   33.067  2.632E+00  1.287E+01  1.155E-02  3.883E-02  6.851E+02  6.911E-03
9      -- 8        248.9   1036.9124    289.1203   33.276  8.146E-01  7.236E+00  2.893E-03  1.155E-02  3.851E+02  5.530E-03
10     -- 9        304.2   1151.9855    260.2398   43.866  1.865E-01  3.549E+00  9.066E-04  2.893E-03  1.889E+02  3.719E-03
11     -- 10       365.0   1267.0145    236.6133   57.928  5.257E-02  1.639E+00  3.476E-04  9.066E-04  8.721E+01  2.284E-03
12     -- 11       431.3   1381.9951    216.9273   68.060  1.913E-02  7.514E-01  1.426E-04  3.476E-04  3.999E+01  1.359E-03
13     -- 12       503.1   1496.9229    200.2725   76.056  7.637E-03  3.447E-01  5.987E-05  1.426E-04  1.835E+01  7.926E-04
14     -- 13       580.5   1611.7935    185.9993   78.926  3.251E-03  1.499E-01  2.413E-05  5.987E-05  7.979E+00  4.303E-04
15     -- 14       663.4   1726.6025    173.6314   81.781  1.325E-03  6.226E-02  9.365E-06  2.413E-05  3.314E+00  2.197E-04
16     -- 15       751.7   1841.3455    162.8116   90.105  5.001E-04  2.644E-02  3.739E-06  9.365E-06  1.407E+00  1.131E-04
