* Radex version        : 30nov2011
* Geometry             : Uniform sphere
* Molecular data file  : ./data/co.dat                                                                   
* T(kin)            [K]:  210.000
* Density of H2  [cm-3]:  2.512E+04
* Density of pH2 [cm-3]:  6.280E+03
* Density of oH2 [cm-3]:  1.884E+04
* T(background)     [K]:   13.800
* Column density [cm-2]:  3.876E+19
* Line width     [km/s]:   50.000
Calculation finished in   38 iterations
      LINE         E_UP       FREQ        WAVEL     T_EX      TAU        T_R       POP        POP       FLUX        FLUX
                   (K)        (GHz)       (um)      (K)                  (K)        UP        LOW      (K*km/s) (erg/cm2/s)
1      -- 0          5.5    115.2712   2600.7576  489.883  2.213E-01  9.447E+01  5.307E-02  1.789E-02  5.028E+03  9.919E-05
2      -- 1         16.6    230.5380   1300.4037  193.718  2.162E+00  1.586E+02  8.355E-02  5.307E-02  8.442E+03  1.332E-03
3      -- 2         33.2    345.7960    866.9634  179.262  4.876E+00  1.627E+02  1.066E-01  8.355E-02  8.660E+03  4.612E-03
4      -- 3         55.3    461.0408    650.2515  175.308  7.933E+00  1.588E+02  1.208E-01  1.066E-01  8.455E+03  1.067E-02
5      -- 4         83.0    576.2679    520.2310  171.180  1.097E+01  1.534E+02  1.256E-01  1.208E-01  8.165E+03  2.012E-02
6      -- 5        116.2    691.4731    433.5562  165.674  1.360E+01  1.463E+02  1.215E-01  1.256E-01  7.789E+03  3.316E-02
7      -- 6        154.9    806.6518    371.6504  157.963  1.551E+01  1.369E+02  1.098E-01  1.215E-01  7.287E+03  4.925E-02
8      -- 7        199.1    921.7997    325.2252  147.700  1.647E+01  1.248E+02  9.220E-02  1.098E-01  6.643E+03  6.701E-02
9      -- 8        248.9   1036.9124    289.1203  134.345  1.637E+01  1.096E+02  7.114E-02  9.220E-02  5.834E+03  8.376E-02
10     -- 9        304.2   1151.9855    260.2398  117.706  1.514E+01  9.119E+01  4.916E-02  7.114E-02  4.854E+03  9.556E-02
11     -- 10       365.0   1267.0145    236.6133   98.745  1.272E+01  7.069E+01  2.909E-02  4.916E-02  3.763E+03  9.856E-02
12     -- 11       431.3   1381.9951    216.9273   78.614  9.246E+00  4.951E+01  1.360E-02  2.909E-02  2.635E+03  8.957E-02
13     -- 12       503.1   1496.9229    200.2725   60.473  5.228E+00  3.094E+01  4.477E-03  1.360E-02  1.647E+03  7.114E-02
14     -- 13       580.5   1611.7935    185.9993   50.185  1.930E+00  1.777E+01  1.029E-03  4.477E-03  9.457E+02  5.100E-02
15     -- 14       663.4   1726.6025    173.6314   57.276  4.281E-01  8.809E+00  2.590E-04  1.029E-03  4.689E+02  3.108E-02
16     -- 15       751.7   1841.3455    162.8116   77.672  9.486E-02  3.760E+00  8.837E-05  2.590E-04  2.001E+02  1.609E-02
