* Radex version        : 30nov2011
* Geometry             : Uniform sphere
* Molecular data file  : ./data/co.dat                                                                   
* T(kin)            [K]:  225.000
* Density of H2  [cm-3]:  1.000E+06
* Density of pH2 [cm-3]:  2.500E+05
* Density of oH2 [cm-3]:  7.500E+05
* T(background)     [K]:   13.800
* Column density [cm-2]:  1.543E+21
* Line width     [km/s]:   50.000
Calculation finished in   36 iterations
      LINE         E_UP       FREQ        WAVEL     T_EX      TAU        T_R       POP        POP       FLUX        FLUX
                   (K)        (GHz)       (um)      (K)                  (K)        UP        LOW      (K*km/s) (erg/cm2/s)
1      -- 0          5.5    115.2712   2600.7576  224.962  1.306E+01  2.110E+02  3.588E-02  1.226E-02  1.123E+04  2.215E-04
2      -- 1         16.6    230.5380   1300.4037  224.957  5.030E+01  2.105E+02  5.693E-02  3.588E-02  1.120E+04  1.768E-03
3      -- 2         33.2    345.7960    866.9634  224.954  1.064E+02  2.096E+02  7.403E-02  5.693E-02  1.116E+04  5.942E-03
4      -- 3         55.3    461.0408    650.2515  224.951  1.732E+02  2.085E+02  8.626E-02  7.403E-02  1.110E+04  1.401E-02
5      -- 4         83.0    576.2679    520.2310  224.946  2.419E+02  2.071E+02  9.323E-02  8.626E-02  1.102E+04  2.717E-02
6      -- 5        116.2    691.4731    433.5562  224.940  3.036E+02  2.055E+02  9.507E-02  9.323E-02  1.094E+04  4.656E-02
7      -- 6        154.9    806.6518    371.6504  224.929  3.515E+02  2.036E+02  9.235E-02  9.507E-02  1.084E+04  7.326E-02
8      -- 7        199.1    921.7997    325.2252  224.915  3.807E+02  2.017E+02  8.598E-02  9.235E-02  1.073E+04  1.083E-01
9      -- 8        248.9   1036.9124    289.1203  224.896  3.898E+02  1.995E+02  7.702E-02  8.598E-02  1.062E+04  1.525E-01
10     -- 9        304.2   1151.9855    260.2398  224.865  3.795E+02  1.973E+02  6.657E-02  7.702E-02  1.050E+04  2.068E-01
11     -- 10       365.0   1267.0145    236.6133  224.828  3.535E+02  1.950E+02  5.563E-02  6.657E-02  1.038E+04  2.719E-01
12     -- 11       431.3   1381.9951    216.9273  224.773  3.157E+02  1.927E+02  4.502E-02  5.563E-02  1.026E+04  3.486E-01
13     -- 12       503.1   1496.9229    200.2725  224.699  2.712E+02  1.903E+02  3.532E-02  4.502E-02  1.013E+04  4.375E-01
14     -- 13       580.5   1611.7935    185.9993  224.563  2.247E+02  1.878E+02  2.688E-02  3.532E-02  9.997E+03  5.391E-01
15     -- 14       663.4   1726.6025    173.6314  224.375  1.797E+02  1.853E+02  1.986E-02  2.688E-02  9.862E+03  6.537E-01
16     -- 15       751.7   1841.3455    162.8116  224.063  1.389E+02  1.826E+02  1.425E-02  1.986E-02  9.720E+03  7.815E-01
