* Radex version        : 30nov2011
* Geometry             : Uniform sphere
* Molecular data file  : ./data/co.dat                                                                   
* T(kin)            [K]:   25.000
* Density of H2  [cm-3]:  1.995E+06
* Density of pH2 [cm-3]:  4.988E+05
* Density of oH2 [cm-3]:  1.496E+06
* T(background)     [K]:   13.800
* Column density [cm-2]:  3.079E+21
* Line width     [km/s]:   50.000
Calculation finished in   19 iterations
      LINE         E_UP       FREQ        WAVEL     T_EX      TAU        T_R       POP        POP       FLUX        FLUX
                   (K)        (GHz)       (um)      (K)                  (K)        UP        LOW      (K*km/s) (erg/cm2/s)
1      -- 0          5.5    115.2712   2600.7576   25.000  1.852E+03  1.112E+01  2.564E-01  1.066E-01  5.917E+02  1.167E-05
2      -- 1         16.6    230.5380   1300.4037   25.000  5.344E+03  1.088E+01  2.745E-01  2.564E-01  5.788E+02  9.133E-05
3      -- 2         33.2    345.7960    866.9634   25.000  6.981E+03  1.049E+01  1.978E-01  2.745E-01  5.582E+02  2.972E-04
4      -- 3         55.3    461.0408    650.2515   25.000  5.791E+03  9.974E+00  1.050E-01  1.978E-01  5.309E+02  6.700E-04
5      -- 4         83.0    576.2679    520.2310   25.000  3.397E+03  9.362E+00  4.244E-02  1.050E-01  4.983E+02  1.228E-03
6      -- 5        116.2    691.4731    433.5562   25.000  1.477E+03  8.681E+00  1.330E-02  4.244E-02  4.620E+02  1.967E-03
7      -- 6        154.9    806.6518    371.6504   24.999  4.886E+02  7.957E+00  3.262E-03  1.330E-02  4.235E+02  2.863E-03
8      -- 7        199.1    921.7997    325.2252   24.995  1.247E+02  7.214E+00  6.296E-04  3.262E-03  3.840E+02  3.873E-03
9      -- 8        248.9   1036.9124    289.1203   24.963  2.479E+01  6.459E+00  9.585E-05  6.296E-04  3.438E+02  4.936E-03
10     -- 9        304.2   1151.9855    260.2398   24.517  3.870E+00  5.339E+00  1.111E-05  9.585E-05  2.842E+02  5.594E-03
11     -- 10       365.0   1267.0145    236.6133   23.698  4.587E-01  1.586E+00  9.351E-07  1.111E-05  8.441E+01  2.211E-03
12     -- 11       431.3   1381.9951    216.9273   23.758  3.890E-02  1.444E-01  6.232E-08  9.351E-07  7.687E+00  2.613E-04
13     -- 12       503.1   1496.9229    200.2725   23.763  2.605E-03  8.525E-03  3.274E-09  6.232E-08  4.537E-01  1.960E-05
14     -- 13       580.5   1611.7935    185.9993   23.659  1.372E-04  3.804E-04  1.337E-10  3.274E-09  2.025E-02  1.092E-06
15     -- 14       663.4   1726.6025    173.6314   23.539  5.605E-06  1.302E-05  4.230E-12  1.337E-10  6.928E-04  4.592E-08
16     -- 15       751.7   1841.3455    162.8116   23.454  1.770E-07  3.439E-07  1.040E-13  4.230E-12  1.830E-05  1.472E-09
