* Radex version        : 30nov2011
* Geometry             : Uniform sphere
* Molecular data file  : ./data/co.dat                                                                   
* T(kin)            [K]:  275.000
* Density of H2  [cm-3]:  1.995E+02
* Density of pH2 [cm-3]:  4.988E+01
* Density of oH2 [cm-3]:  1.496E+02
* T(background)     [K]:   13.800
* Column density [cm-2]:  3.079E+17
* Line width     [km/s]:   50.000
Calculation finished in   23 iterations
      LINE         E_UP       FREQ        WAVEL     T_EX      TAU        T_R       POP        POP       FLUX        FLUX
                   (K)        (GHz)       (um)      (K)                  (K)        UP        LOW      (K*km/s) (erg/cm2/s)
1      -- 0          5.5    115.2712   2600.7576   24.093  2.633E-01  2.364E+00  3.497E-01  1.467E-01  1.258E+02  2.482E-06
2      -- 1         16.6    230.5380   1300.4037   16.743  9.857E-01  1.766E+00  3.010E-01  3.497E-01  9.397E+01  1.483E-05
3      -- 2         33.2    345.7960    866.9634   15.641  1.032E+00  1.066E+00  1.459E-01  3.010E-01  5.676E+01  3.023E-05
4      -- 3         55.3    461.0408    650.2515   15.393  5.543E-01  5.615E-01  4.454E-02  1.459E-01  2.988E+01  3.771E-05
5      -- 4         83.0    576.2679    520.2310   15.951  1.774E-01  2.639E-01  9.615E-03  4.454E-02  1.405E+01  3.462E-05
6      -- 5        116.2    691.4731    433.5562   18.332  3.809E-02  1.195E-01  1.859E-03  9.615E-03  6.363E+00  2.709E-05
7      -- 6        154.9    806.6518    371.6504   24.948  6.836E-03  5.392E-02  4.545E-04  1.859E-03  2.870E+00  1.940E-05
8      -- 7        199.1    921.7997    325.2252   36.510  1.471E-03  2.481E-02  1.534E-04  4.545E-04  1.320E+00  1.332E-05
9      -- 8        248.9   1036.9124    289.1203   47.059  4.561E-04  1.144E-02  5.953E-05  1.534E-04  6.090E-01  8.744E-06
10     -- 9        304.2   1151.9855    260.2398   55.475  1.694E-04  5.305E-03  2.429E-05  5.953E-05  2.824E-01  5.559E-06
11     -- 10       365.0   1267.0145    236.6133   63.773  6.674E-05  2.495E-03  1.025E-05  2.429E-05  1.328E-01  3.478E-06
12     -- 11       431.3   1381.9951    216.9273   70.952  2.759E-05  1.168E-03  4.376E-06  1.025E-05  6.216E-02  2.113E-06
13     -- 12       503.1   1496.9229    200.2725   79.051  1.147E-05  5.519E-04  1.904E-06  4.376E-06  2.938E-02  1.269E-06
14     -- 13       580.5   1611.7935    185.9993   79.089  5.177E-06  2.399E-04  7.692E-07  1.904E-06  1.277E-02  6.885E-07
15     -- 14       663.4   1726.6025    173.6314   80.551  2.135E-06  9.798E-05  2.939E-07  7.692E-07  5.215E-03  3.457E-07
16     -- 15       751.7   1841.3455    162.8116   91.627  7.789E-07  4.229E-05  1.193E-07  2.939E-07  2.251E-03  1.810E-07
