* Radex version        : 30nov2011
* Geometry             : Uniform sphere
* Molecular data file  : ./data/co.dat                                                                   
* T(kin)            [K]:  220.000
* Density of H2  [cm-3]:  3.981E+05
* Density of pH2 [cm-3]:  9.953E+04
* Density of oH2 [cm-3]:  2.986E+05
* T(background)     [K]:   13.800
* Column density [cm-2]:  6.143E+20
* Line width     [km/s]:   50.000
Calculation finished in   39 iterations
      LINE         E_UP       FREQ        WAVEL     T_EX      TAU        T_R       POP        POP       FLUX        FLUX
                   (K)        (GHz)       (um)      (K)                  (K)        UP        LOW      (K*km/s) (erg/cm2/s)
1      -- 0          5.5    115.2712   2600.7576  219.920  5.467E+00  2.051E+02  3.688E-02  1.261E-02  1.092E+04  2.153E-04
2      -- 1         16.6    230.5380   1300.4037  219.731  2.106E+01  2.052E+02  5.845E-02  3.688E-02  1.092E+04  1.724E-03
3      -- 2         33.2    345.7960    866.9634  219.734  4.448E+01  2.044E+02  7.588E-02  5.845E-02  1.088E+04  5.794E-03
4      -- 3         55.3    461.0408    650.2515  219.714  7.228E+01  2.033E+02  8.821E-02  7.588E-02  1.082E+04  1.365E-02
5      -- 4         83.0    576.2679    520.2310  219.682  1.007E+02  2.018E+02  9.506E-02  8.821E-02  1.074E+04  2.648E-02
6      -- 5        116.2    691.4731    433.5562  219.643  1.260E+02  2.002E+02  9.659E-02  9.506E-02  1.065E+04  4.536E-02
7      -- 6        154.9    806.6518    371.6504  219.580  1.453E+02  1.983E+02  9.343E-02  9.659E-02  1.055E+04  7.134E-02
8      -- 7        199.1    921.7997    325.2252  219.496  1.568E+02  1.962E+02  8.656E-02  9.343E-02  1.045E+04  1.054E-01
9      -- 8        248.9   1036.9124    289.1203  219.376  1.597E+02  1.940E+02  7.711E-02  8.656E-02  1.033E+04  1.483E-01
10     -- 9        304.2   1151.9855    260.2398  219.192  1.547E+02  1.917E+02  6.623E-02  7.711E-02  1.020E+04  2.009E-01
11     -- 10       365.0   1267.0145    236.6133  218.965  1.433E+02  1.892E+02  5.495E-02  6.623E-02  1.007E+04  2.638E-01
12     -- 11       431.3   1381.9951    216.9273  218.624  1.271E+02  1.866E+02  4.410E-02  5.495E-02  9.931E+03  3.376E-01
13     -- 12       503.1   1496.9229    200.2725  218.150  1.084E+02  1.838E+02  3.426E-02  4.410E-02  9.783E+03  4.226E-01
14     -- 13       580.5   1611.7935    185.9993  217.305  8.920E+01  1.806E+02  2.578E-02  3.426E-02  9.614E+03  5.184E-01
15     -- 14       663.4   1726.6025    173.6314  216.080  7.076E+01  1.771E+02  1.878E-02  2.578E-02  9.425E+03  6.248E-01
16     -- 15       751.7   1841.3455    162.8116  213.994  5.428E+01  1.727E+02  1.323E-02  1.878E-02  9.192E+03  7.390E-01
