* Radex version        : 30nov2011
* Geometry             : Uniform sphere
* Molecular data file  : ./data/co.dat                                                                   
* T(kin)            [K]:  250.000
* Density of H2  [cm-3]:  2.512E+04
* Density of pH2 [cm-3]:  6.280E+03
* Density of oH2 [cm-3]:  1.884E+04
* T(background)     [K]:   13.800
* Column density [cm-2]:  3.876E+19
* Line width     [km/s]:   50.000
Calculation finished in   38 iterations
      LINE         E_UP       FREQ        WAVEL     T_EX      TAU        T_R       POP        POP       FLUX        FLUX
                   (K)        (GHz)       (um)      (K)                  (K)        UP        LOW      (K*km/s) (erg/cm2/s)
1      -- 0          5.5    115.2712   2600.7576  1.875E+03  5.157E-02  9.353E+01  4.753E-02  1.589E-02  4.978E+03  9.820E-05
2      -- 1         16.6    230.5380   1300.4037  239.077  1.577E+00  1.782E+02  7.564E-02  4.753E-02  9.485E+03  1.497E-03
3      -- 2         33.2    345.7960    866.9634  207.469  3.838E+00  1.880E+02  9.775E-02  7.564E-02  1.001E+04  5.329E-03
4      -- 3         55.3    461.0408    650.2515  200.630  6.405E+00  1.839E+02  1.126E-01  9.775E-02  9.788E+03  1.235E-02
5      -- 4         83.0    576.2679    520.2310  195.394  9.044E+00  1.776E+02  1.194E-01  1.126E-01  9.451E+03  2.329E-02
6      -- 5        116.2    691.4731    433.5562  189.091  1.146E+01  1.697E+02  1.184E-01  1.194E-01  9.032E+03  3.846E-02
7      -- 6        154.9    806.6518    371.6504  180.445  1.343E+01  1.593E+02  1.102E-01  1.184E-01  8.478E+03  5.731E-02
8      -- 7        199.1    921.7997    325.2252  169.288  1.470E+01  1.463E+02  9.621E-02  1.102E-01  7.785E+03  7.853E-02
9      -- 8        248.9   1036.9124    289.1203  155.038  1.515E+01  1.301E+02  7.801E-02  9.621E-02  6.924E+03  9.942E-02
10     -- 9        304.2   1151.9855    260.2398  137.673  1.465E+01  1.108E+02  5.770E-02  7.801E-02  5.900E+03  1.162E-01
11     -- 10       365.0   1267.0145    236.6133  118.059  1.307E+01  8.950E+01  3.776E-02  5.770E-02  4.764E+03  1.248E-01
12     -- 11       431.3   1381.9951    216.9273   96.801  1.045E+01  6.685E+01  2.069E-02  3.776E-02  3.558E+03  1.209E-01
13     -- 12       503.1   1496.9229    200.2725   76.047  6.992E+00  4.526E+01  8.686E-03  2.069E-02  2.409E+03  1.041E-01
14     -- 13       580.5   1611.7935    185.9993   59.521  3.465E+00  2.781E+01  2.544E-03  8.686E-03  1.480E+03  7.982E-02
15     -- 14       663.4   1726.6025    173.6314   56.054  1.068E+00  1.593E+01  6.200E-04  2.544E-03  8.477E+02  5.619E-02
16     -- 15       751.7   1841.3455    162.8116   73.551  2.337E-01  7.891E+00  1.985E-04  6.200E-04  4.200E+02  3.377E-02
