* Radex version        : 30nov2011
* Geometry             : Uniform sphere
* Molecular data file  : ./data/co.dat                                                                   
* T(kin)            [K]:  290.000
* Density of H2  [cm-3]:  1.259E+03
* Density of pH2 [cm-3]:  3.147E+02
* Density of oH2 [cm-3]:  9.442E+02
* T(background)     [K]:   13.800
* Column density [cm-2]:  1.943E+18
* Line width     [km/s]:   50.000
Calculation finished in   30 iterations
      LINE         E_UP       FREQ        WAVEL     T_EX      TAU        T_R       POP        POP       FLUX        FLUX
                   (K)        (GHz)       (um)      (K)                  (K)        UP        LOW      (K*km/s) (erg/cm2/s)
1      -- 0          5.5    115.2712   2600.7576 -118.888 -1.705E-01  2.471E+01  2.039E-01  6.486E-02  1.315E+03  2.595E-05
2      -- 1         16.6    230.5380   1300.4037   46.499  1.588E+00  2.561E+01  2.678E-01  2.039E-01  1.363E+03  2.151E-04
3      -- 2         33.2    345.7960    866.9634   35.778  3.288E+00  2.021E+01  2.358E-01  2.678E-01  1.076E+03  5.728E-04
4      -- 3         55.3    461.0408    650.2515   29.894  3.878E+00  1.431E+01  1.446E-01  2.358E-01  7.615E+02  9.610E-04
5      -- 4         83.0    576.2679    520.2310   25.278  2.935E+00  9.104E+00  5.919E-02  1.446E-01  4.845E+02  1.194E-03
6      -- 5        116.2    691.4731    433.5562   23.415  1.340E+00  5.406E+00  1.695E-02  5.919E-02  2.877E+02  1.225E-03
7      -- 6        154.9    806.6518    371.6504   26.266  3.847E-01  2.877E+00  4.480E-03  1.695E-02  1.531E+02  1.035E-03
8      -- 7        199.1    921.7997    325.2252   35.358  9.295E-02  1.408E+00  1.453E-03  4.480E-03  7.496E+01  7.561E-04
9      -- 8        248.9   1036.9124    289.1203   46.730  2.737E-02  6.695E-01  5.598E-04  1.453E-03  3.563E+01  5.116E-04
10     -- 9        304.2   1151.9855    260.2398   56.330  9.961E-03  3.183E-01  2.319E-04  5.598E-04  1.694E+01  3.335E-04
11     -- 10       365.0   1267.0145    236.6133   65.169  3.969E-03  1.532E-01  9.990E-05  2.319E-04  8.153E+00  2.136E-04
12     -- 11       431.3   1381.9951    216.9273   73.241  1.664E-03  7.392E-02  4.390E-05  9.990E-05  3.934E+00  1.337E-04
13     -- 12       503.1   1496.9229    200.2725   81.411  7.133E-04  3.587E-02  1.962E-05  4.390E-05  1.909E+00  8.248E-05
14     -- 13       580.5   1611.7935    185.9993   82.520  3.281E-04  1.624E-02  8.253E-06  1.962E-05  8.645E-01  4.662E-05
15     -- 14       663.4   1726.6025    173.6314   84.750  1.403E-04  6.981E-03  3.318E-06  8.253E-06  3.716E-01  2.463E-05
16     -- 15       751.7   1841.3455    162.8116   95.369  5.417E-05  3.129E-03  1.398E-06  3.318E-06  1.665E-01  1.339E-05
