* Radex version        : 30nov2011
* Geometry             : Uniform sphere
* Molecular data file  : ./data/co.dat                                                                   
* T(kin)            [K]:  215.000
* Density of H2  [cm-3]:  3.981E+05
* Density of pH2 [cm-3]:  9.953E+04
* Density of oH2 [cm-3]:  2.986E+05
* T(background)     [K]:   13.800
* Column density [cm-2]:  6.143E+20
* Line width     [km/s]:   50.000
Calculation finished in   39 iterations
      LINE         E_UP       FREQ        WAVEL     T_EX      TAU        T_R       POP        POP       FLUX        FLUX
                   (K)        (GHz)       (um)      (K)                  (K)        UP        LOW      (K*km/s) (erg/cm2/s)
1      -- 0          5.5    115.2712   2600.7576  214.910  5.720E+00  2.003E+02  3.770E-02  1.289E-02  1.066E+04  2.103E-04
2      -- 1         16.6    230.5380   1300.4037  214.750  2.202E+01  2.003E+02  5.968E-02  3.770E-02  1.066E+04  1.682E-03
3      -- 2         33.2    345.7960    866.9634  214.751  4.643E+01  1.994E+02  7.734E-02  5.968E-02  1.061E+04  5.653E-03
4      -- 3         55.3    461.0408    650.2515  214.732  7.530E+01  1.983E+02  8.970E-02  7.734E-02  1.055E+04  1.332E-02
5      -- 4         83.0    576.2679    520.2310  214.701  1.046E+02  1.969E+02  9.638E-02  8.970E-02  1.048E+04  2.582E-02
6      -- 5        116.2    691.4731    433.5562  214.663  1.305E+02  1.952E+02  9.759E-02  9.638E-02  1.039E+04  4.424E-02
7      -- 6        154.9    806.6518    371.6504  214.602  1.499E+02  1.933E+02  9.402E-02  9.759E-02  1.029E+04  6.956E-02
8      -- 7        199.1    921.7997    325.2252  214.521  1.610E+02  1.913E+02  8.670E-02  9.402E-02  1.018E+04  1.027E-01
9      -- 8        248.9   1036.9124    289.1203  214.405  1.633E+02  1.891E+02  7.683E-02  8.670E-02  1.006E+04  1.445E-01
10     -- 9        304.2   1151.9855    260.2398  214.225  1.573E+02  1.867E+02  6.560E-02  7.683E-02  9.939E+03  1.957E-01
11     -- 10       365.0   1267.0145    236.6133  214.001  1.447E+02  1.843E+02  5.408E-02  6.560E-02  9.809E+03  2.569E-01
12     -- 11       431.3   1381.9951    216.9273  213.663  1.276E+02  1.817E+02  4.309E-02  5.408E-02  9.669E+03  3.287E-01
13     -- 12       503.1   1496.9229    200.2725  213.187  1.080E+02  1.789E+02  3.323E-02  4.309E-02  9.521E+03  4.113E-01
14     -- 13       580.5   1611.7935    185.9993  212.339  8.818E+01  1.757E+02  2.479E-02  3.323E-02  9.353E+03  5.043E-01
15     -- 14       663.4   1726.6025    173.6314  211.098  6.936E+01  1.722E+02  1.790E-02  2.479E-02  9.163E+03  6.074E-01
16     -- 15       751.7   1841.3455    162.8116  208.952  5.274E+01  1.677E+02  1.248E-02  1.790E-02  8.927E+03  7.178E-01
