* Radex version        : 30nov2011
* Geometry             : Uniform sphere
* Molecular data file  : ./data/co.dat                                                                   
* T(kin)            [K]:  330.000
* Density of H2  [cm-3]:  3.981E+02
* Density of pH2 [cm-3]:  9.953E+01
* Density of oH2 [cm-3]:  2.986E+02
* T(background)     [K]:    2.725
* Column density [cm-2]:  3.931E+18
* Line width     [km/s]:   50.000
Calculation finished in   35 iterations
      LINE         E_UP       FREQ        WAVEL     T_EX      TAU        T_R       POP        POP       FLUX        FLUX
                   (K)        (GHz)       (um)      (K)                  (K)        UP        LOW      (K*km/s) (erg/cm2/s)
1      -- 0          5.5    115.2712   2600.7576   53.511  1.063E+00  3.269E+01  2.620E-01  9.684E-02  1.740E+03  3.432E-05
2      -- 1         16.6    230.5380   1300.4037   29.690  6.066E+00  2.425E+01  3.008E-01  2.620E-01  1.291E+03  2.037E-04
3      -- 2         33.2    345.7960    866.9634   25.203  9.714E+00  1.777E+01  2.180E-01  3.008E-01  9.458E+02  5.037E-04
4      -- 3         55.3    461.0408    650.2515   20.442  9.174E+00  1.133E+01  9.495E-02  2.180E-01  6.030E+02  7.610E-04
5      -- 4         83.0    576.2679    520.2310   16.583  4.757E+00  6.375E+00  2.190E-02  9.495E-02  3.393E+02  8.363E-04
6      -- 5        116.2    691.4731    433.5562   17.037  1.136E+00  3.746E+00  3.690E-03  2.190E-02  1.994E+02  8.489E-04
7      -- 6        154.9    806.6518    371.6504   27.849  1.651E-01  1.954E+00  1.060E-03  3.690E-03  1.040E+02  7.029E-04
8      -- 7        199.1    921.7997    325.2252   42.616  4.029E-02  9.578E-01  4.256E-04  1.060E-03  5.098E+01  5.142E-04
9      -- 8        248.9   1036.9124    289.1203   51.799  1.529E-02  4.679E-01  1.820E-04  4.256E-04  2.490E+01  3.576E-04
10     -- 9        304.2   1151.9855    260.2398   60.185  6.298E-03  2.305E-01  8.027E-05  1.820E-04  1.227E+01  2.416E-04
11     -- 10       365.0   1267.0145    236.6133   69.292  2.677E-03  1.157E-01  3.656E-05  8.027E-05  6.159E+00  1.613E-04
12     -- 11       431.3   1381.9951    216.9273   77.358  1.191E-03  5.816E-02  1.686E-05  3.656E-05  3.096E+00  1.052E-04
13     -- 12       503.1   1496.9229    200.2725   85.966  5.356E-04  2.945E-02  7.894E-06  1.686E-05  1.567E+00  6.770E-05
14     -- 13       580.5   1611.7935    185.9993   86.405  2.598E-04  1.388E-02  3.464E-06  7.894E-06  7.386E-01  3.983E-05
15     -- 14       663.4   1726.6025    173.6314   88.944  1.158E-04  6.235E-03  1.458E-06  3.464E-06  3.319E-01  2.200E-05
16     -- 15       751.7   1841.3455    162.8116  100.765  4.657E-05  2.932E-03  6.459E-07  1.458E-06  1.561E-01  1.255E-05
