* Radex version        : 30nov2011
* Geometry             : Uniform sphere
* Molecular data file  : ./data/co.dat                                                                   
* T(kin)            [K]:  305.000
* Density of H2  [cm-3]:  1.585E+06
* Density of pH2 [cm-3]:  3.962E+05
* Density of oH2 [cm-3]:  1.189E+06
* T(background)     [K]:    2.725
* Column density [cm-2]:  1.565E+22
* Line width     [km/s]:   50.000
Calculation finished in   37 iterations
      LINE         E_UP       FREQ        WAVEL     T_EX      TAU        T_R       POP        POP       FLUX        FLUX
                   (K)        (GHz)       (um)      (K)                  (K)        UP        LOW      (K*km/s) (erg/cm2/s)
1      -- 0          5.5    115.2712   2600.7576  304.993  7.225E+01  3.014E+02  2.663E-02  9.038E-03  1.604E+04  3.164E-04
2      -- 1         16.6    230.5380   1300.4037  304.993  2.811E+02  2.993E+02  4.280E-02  2.663E-02  1.593E+04  2.514E-03
3      -- 2         33.2    345.7960    866.9634  304.993  6.041E+02  2.967E+02  5.674E-02  4.280E-02  1.579E+04  8.410E-03
4      -- 3         55.3    461.0408    650.2515  304.993  1.006E+03  2.941E+02  6.785E-02  5.674E-02  1.565E+04  1.975E-02
5      -- 4         83.0    576.2679    520.2310  304.992  1.446E+03  2.914E+02  7.574E-02  6.785E-02  1.551E+04  3.822E-02
6      -- 5        116.2    691.4731    433.5562  304.992  1.880E+03  2.887E+02  8.028E-02  7.574E-02  1.537E+04  6.543E-02
7      -- 6        154.9    806.6518    371.6504  304.990  2.269E+03  2.860E+02  8.159E-02  8.028E-02  1.522E+04  1.029E-01
8      -- 7        199.1    921.7997    325.2252  304.989  2.580E+03  2.834E+02  7.998E-02  8.159E-02  1.508E+04  1.522E-01
9      -- 8        248.9   1036.9124    289.1203  304.987  2.789E+03  2.808E+02  7.593E-02  7.998E-02  1.494E+04  2.146E-01
10     -- 9        304.2   1151.9855    260.2398  304.984  2.887E+03  2.782E+02  7.001E-02  7.593E-02  1.481E+04  2.915E-01
11     -- 10       365.0   1267.0145    236.6133  304.982  2.876E+03  2.756E+02  6.282E-02  7.001E-02  1.467E+04  3.842E-01
12     -- 11       431.3   1381.9951    216.9273  304.977  2.765E+03  2.730E+02  5.493E-02  6.282E-02  1.453E+04  4.940E-01
13     -- 12       503.1   1496.9229    200.2725  304.973  2.575E+03  2.705E+02  4.688E-02  5.493E-02  1.440E+04  6.218E-01
14     -- 13       580.5   1611.7935    185.9993  304.963  2.326E+03  2.679E+02  3.907E-02  4.688E-02  1.426E+04  7.690E-01
15     -- 14       663.4   1726.6025    173.6314  304.952  2.041E+03  2.654E+02  3.183E-02  3.907E-02  1.413E+04  9.364E-01
16     -- 15       751.7   1841.3455    162.8116  304.935  1.743E+03  2.629E+02  2.536E-02  3.183E-02  1.399E+04  1.125E+00
