* Radex version        : 30nov2011
* Geometry             : Uniform sphere
* Molecular data file  : ./data/co.dat                                                                   
* T(kin)            [K]:  300.000
* Density of H2  [cm-3]:  6.310E+03
* Density of pH2 [cm-3]:  1.577E+03
* Density of oH2 [cm-3]:  4.732E+03
* T(background)     [K]:   13.800
* Column density [cm-2]:  9.736E+18
* Line width     [km/s]:   50.000
Calculation finished in   35 iterations
      LINE         E_UP       FREQ        WAVEL     T_EX      TAU        T_R       POP        POP       FLUX        FLUX
                   (K)        (GHz)       (um)      (K)                  (K)        UP        LOW      (K*km/s) (erg/cm2/s)
1      -- 0          5.5    115.2712   2600.7576  -84.878 -4.784E-01  6.067E+01  8.221E-02  2.567E-02  3.229E+03  6.369E-05
2      -- 1         16.6    230.5380   1300.4037  205.830  7.930E-01  1.048E+02  1.298E-01  8.221E-02  5.576E+03  8.799E-04
3      -- 2         33.2    345.7960    866.9634  126.836  2.640E+00  1.036E+02  1.595E-01  1.298E-01  5.516E+03  2.937E-03
4      -- 3         55.3    461.0408    650.2515  110.805  4.550E+00  9.354E+01  1.679E-01  1.595E-01  4.979E+03  6.283E-03
5      -- 4         83.0    576.2679    520.2310   98.920  6.264E+00  8.127E+01  1.552E-01  1.679E-01  4.326E+03  1.066E-02
6      -- 5        116.2    691.4731    433.5562   86.502  7.407E+00  6.763E+01  1.250E-01  1.552E-01  3.600E+03  1.533E-02
7      -- 6        154.9    806.6518    371.6504   72.665  7.614E+00  5.250E+01  8.464E-02  1.250E-01  2.794E+03  1.889E-02
8      -- 7        199.1    921.7997    325.2252   58.767  6.522E+00  3.747E+01  4.519E-02  8.464E-02  1.994E+03  2.012E-02
9      -- 8        248.9   1036.9124    289.1203   46.721  4.267E+00  2.444E+01  1.741E-02  4.519E-02  1.301E+03  1.868E-02
10     -- 9        304.2   1151.9855    260.2398   40.619  1.846E+00  1.519E+01  4.933E-03  1.741E-02  8.085E+02  1.592E-02
11     -- 10       365.0   1267.0145    236.6133   46.652  5.080E-01  8.732E+00  1.467E-03  4.933E-03  4.648E+02  1.217E-02
12     -- 11       431.3   1381.9951    216.9273   64.819  1.317E-01  4.525E+00  5.733E-04  1.467E-03  2.408E+02  8.186E-03
13     -- 12       503.1   1496.9229    200.2725   80.488  4.701E-02  2.271E+00  2.536E-04  5.733E-04  1.209E+02  5.221E-03
14     -- 13       580.5   1611.7935    185.9993   86.187  2.070E-02  1.084E+00  1.110E-04  2.536E-04  5.772E+01  3.112E-03
15     -- 14       663.4   1726.6025    173.6314   90.752  9.079E-03  5.001E-01  4.762E-05  1.110E-04  2.662E+01  1.764E-03
16     -- 15       751.7   1841.3455    162.8116  100.302  3.777E-03  2.351E-01  2.101E-05  4.762E-05  1.251E+01  1.006E-03
