* Radex version        : 30nov2011
* Geometry             : Uniform sphere
* Molecular data file  : ./data/co.dat                                                                   
* T(kin)            [K]:  300.000
* Density of H2  [cm-3]:  7.943E+03
* Density of pH2 [cm-3]:  1.986E+03
* Density of oH2 [cm-3]:  5.957E+03
* T(background)     [K]:   13.800
* Column density [cm-2]:  1.226E+19
* Line width     [km/s]:   50.000
Calculation finished in   35 iterations
      LINE         E_UP       FREQ        WAVEL     T_EX      TAU        T_R       POP        POP       FLUX        FLUX
                   (K)        (GHz)       (um)      (K)                  (K)        UP        LOW      (K*km/s) (erg/cm2/s)
1      -- 0          5.5    115.2712   2600.7576 -102.083 -4.442E-01  6.492E+01  7.253E-02  2.290E-02  3.455E+03  6.816E-05
2      -- 1         16.6    230.5380   1300.4037  241.737  7.529E-01  1.202E+02  1.155E-01  7.253E-02  6.399E+03  1.010E-03
3      -- 2         33.2    345.7960    866.9634  147.449  2.566E+00  1.220E+02  1.445E-01  1.155E-01  6.494E+03  3.458E-03
4      -- 3         55.3    461.0408    650.2515  129.952  4.487E+00  1.124E+02  1.566E-01  1.445E-01  5.980E+03  7.547E-03
5      -- 4         83.0    576.2679    520.2310  117.917  6.305E+00  1.001E+02  1.514E-01  1.566E-01  5.330E+03  1.314E-02
6      -- 5        116.2    691.4731    433.5562  105.386  7.714E+00  8.633E+01  1.306E-01  1.514E-01  4.595E+03  1.956E-02
7      -- 6        154.9    806.6518    371.6504   90.907  8.412E+00  7.041E+01  9.845E-02  1.306E-01  3.748E+03  2.533E-02
8      -- 7        199.1    921.7997    325.2252   75.407  8.013E+00  5.355E+01  6.206E-02  9.845E-02  2.850E+03  2.875E-02
9      -- 8        248.9   1036.9124    289.1203   60.128  6.337E+00  3.718E+01  3.031E-02  6.206E-02  1.979E+03  2.842E-02
10     -- 9        304.2   1151.9855    260.2398   47.960  3.724E+00  2.390E+01  1.058E-02  3.031E-02  1.272E+03  2.504E-02
11     -- 10       365.0   1267.0145    236.6133   44.013  1.410E+00  1.485E+01  2.910E-03  1.058E-02  7.904E+02  2.070E-02
12     -- 11       431.3   1381.9951    216.9273   54.795  3.604E-01  8.356E+00  9.429E-04  2.910E-03  4.448E+02  1.512E-02
13     -- 12       503.1   1496.9229    200.2725   75.089  1.016E-01  4.289E+00  3.912E-04  9.429E-04  2.283E+02  9.861E-03
14     -- 13       580.5   1611.7935    185.9993   85.335  4.045E-02  2.067E+00  1.697E-04  3.912E-04  1.100E+02  5.932E-03
15     -- 14       663.4   1726.6025    173.6314   91.093  1.743E-02  9.619E-01  7.306E-05  1.697E-04  5.120E+01  3.394E-03
16     -- 15       751.7   1841.3455    162.8116  100.679  7.277E-03  4.548E-01  3.233E-05  7.306E-05  2.421E+01  1.946E-03
