* Radex version        : 30nov2011
* Geometry             : Uniform sphere
* Molecular data file  : ./data/co.dat                                                                   
* T(kin)            [K]:  380.000
* Density of H2  [cm-3]:  3.981E+03
* Density of pH2 [cm-3]:  9.953E+02
* Density of oH2 [cm-3]:  2.986E+03
* T(background)     [K]:    2.725
* Column density [cm-2]:  3.931E+19
* Line width     [km/s]:   50.000
Calculation finished in  184 iterations
      LINE         E_UP       FREQ        WAVEL     T_EX      TAU        T_R       POP        POP       FLUX        FLUX
                   (K)        (GHz)       (um)      (K)                  (K)        UP        LOW      (K*km/s) (erg/cm2/s)
1      -- 0          5.5    115.2712   2600.7576 -204.747 -6.020E-01  1.721E+02  6.064E-02  1.968E-02  9.158E+03  1.807E-04
2      -- 1         16.6    230.5380   1300.4037  202.005  2.406E+00  1.786E+02  9.569E-02  6.064E-02  9.507E+03  1.500E-03
3      -- 2         33.2    345.7960    866.9634  173.463  5.845E+00  1.648E+02  1.217E-01  9.569E-02  8.770E+03  4.670E-03
4      -- 3         55.3    461.0408    650.2515  164.403  9.756E+00  1.536E+02  1.368E-01  1.217E-01  8.174E+03  1.032E-02
5      -- 4         83.0    576.2679    520.2310  154.418  1.385E+01  1.410E+02  1.398E-01  1.368E-01  7.505E+03  1.850E-02
6      -- 5        116.2    691.4731    433.5562  142.499  1.757E+01  1.265E+02  1.309E-01  1.398E-01  6.736E+03  2.868E-02
7      -- 6        154.9    806.6518    371.6504  127.579  2.041E+01  1.092E+02  1.115E-01  1.309E-01  5.812E+03  3.929E-02
8      -- 7        199.1    921.7997    325.2252  110.585  2.163E+01  8.994E+01  8.470E-02  1.115E-01  4.787E+03  4.829E-02
9      -- 8        248.9   1036.9124    289.1203   91.974  2.060E+01  6.932E+01  5.511E-02  8.470E-02  3.690E+03  5.298E-02
10     -- 9        304.2   1151.9855    260.2398   73.556  1.677E+01  4.934E+01  2.872E-02  5.511E-02  2.626E+03  5.171E-02
11     -- 10       365.0   1267.0145    236.6133   57.451  1.071E+01  3.231E+01  1.092E-02  2.872E-02  1.720E+03  4.505E-02
12     -- 11       431.3   1381.9951    216.9273   45.817  4.724E+00  2.021E+01  2.790E-03  1.092E-02  1.076E+03  3.656E-02
13     -- 12       503.1   1496.9229    200.2725   45.648  1.241E+00  1.335E+01  6.245E-04  2.790E-03  7.106E+02  3.069E-02
14     -- 13       580.5   1611.7935    185.9993   67.713  2.366E-01  7.636E+00  2.140E-04  6.245E-04  4.064E+02  2.192E-02
15     -- 14       663.4   1726.6025    173.6314   94.268  6.903E-02  3.924E+00  9.498E-05  2.140E-04  2.089E+02  1.385E-02
16     -- 15       751.7   1841.3455    162.8116  110.366  2.862E-02  2.032E+00  4.540E-05  9.498E-05  1.081E+02  8.694E-03
