* Radex version        : 30nov2011
* Geometry             : Uniform sphere
* Molecular data file  : ./data/co.dat                                                                   
* T(kin)            [K]:  330.000
* Density of H2  [cm-3]:  3.981E+04
* Density of pH2 [cm-3]:  9.953E+03
* Density of oH2 [cm-3]:  2.986E+04
* T(background)     [K]:    2.725
* Column density [cm-2]:  3.931E+20
* Line width     [km/s]:   50.000
Calculation finished in **** iterations
      LINE         E_UP       FREQ        WAVEL     T_EX      TAU        T_R       POP        POP       FLUX        FLUX
                   (K)        (GHz)       (um)      (K)                  (K)        UP        LOW      (K*km/s) (erg/cm2/s)
1      -- 0          5.5    115.2712   2600.7576    9.549  3.306E+01  6.212E+00  1.529E-02  6.051E-03  3.306E+02  6.522E-06
2      -- 1         16.6    230.5380   1300.4037  104.379 -3.076E+02  9.875E+01  3.586E-02  1.529E-02  5.256E+03  8.293E-04
3      -- 2         33.2    345.7960    866.9634    4.257  6.676E+02  3.058E-01  1.501E-02  3.586E-02  1.628E+01  8.667E-06
4      -- 3         55.3    461.0408    650.2515   14.058  1.563E+00  4.567E+00  2.080E-02  1.501E-02  2.431E+02  3.068E-04
5      -- 4         83.0    576.2679    520.2310   -3.715 -1.675E+02  1.562E+74  5.285E-02  2.080E-02  8.313E+75  2.049E+70
6      -- 5        116.2    691.4731    433.5562  -38.310 -1.440E+02  1.957E+64  3.295E-02  5.285E-02  1.041E+66  4.434E+60
7      -- 6        154.9    806.6518    371.6504   30.932  4.017E+02  1.551E+01  1.630E-02  3.295E-02  8.256E+02  5.581E-03
8      -- 7        199.1    921.7997    325.2252  272.053  6.044E-02  1.469E+01  2.764E-02  1.630E-02  7.821E+02  7.889E-03
9      -- 8        248.9   1036.9124    289.1203   48.838  6.047E-09  1.700E-07  4.132E-02  2.764E-02  9.048E-06  1.299E-10
10     -- 9        304.2   1151.9855    260.2398 -198.201 -3.966E+02 -2.271E+02  4.095E-02  4.132E-02 -1.209E+04 -2.380E-01
11     -- 10       365.0   1267.0145    236.6133   97.249  4.343E+02  6.999E+01  2.098E-02  4.095E-02  3.725E+03  9.758E-02
12     -- 11       431.3   1381.9951    216.9273   13.837 -2.970E+02 -5.601+128  8.106E-02  2.098E-02 -2.981+130 -1.013+126
13     -- 12       503.1   1496.9229    200.2725  163.475  5.765E+01  1.302E+02  7.200E-02  8.106E-02  6.929E+03  2.993E-01
14     -- 13       580.5   1611.7935    185.9993  -49.507 -2.481E+02  5.392+109  6.593E-02  7.200E-02  2.870+111  1.548+107
15     -- 14       663.4   1726.6025    173.6314 -1.329E+03  5.639E+02 -1.371E+03  4.030E-02  6.593E-02 -7.298E+04 -4.838E+00
16     -- 15       751.7   1841.3455    162.8116 -257.653 -1.382E+02  3.142E+62  4.511E-02  4.030E-02  1.672E+64  1.344E+60
