* Radex version        : 30nov2011
* Geometry             : Uniform sphere
* Molecular data file  : ./data/co.dat                                                                   
* T(kin)            [K]:  305.000
* Density of H2  [cm-3]:  7.943E+05
* Density of pH2 [cm-3]:  1.986E+05
* Density of oH2 [cm-3]:  5.957E+05
* T(background)     [K]:    2.725
* Column density [cm-2]:  7.844E+21
* Line width     [km/s]:   50.000
Calculation finished in   39 iterations
      LINE         E_UP       FREQ        WAVEL     T_EX      TAU        T_R       POP        POP       FLUX        FLUX
                   (K)        (GHz)       (um)      (K)                  (K)        UP        LOW      (K*km/s) (erg/cm2/s)
1      -- 0          5.5    115.2712   2600.7576  304.971  3.624E+01  3.014E+02  2.664E-02  9.043E-03  1.604E+04  3.164E-04
2      -- 1         16.6    230.5380   1300.4037  304.973  1.410E+02  2.993E+02  4.282E-02  2.664E-02  1.593E+04  2.513E-03
3      -- 2         33.2    345.7960    866.9634  304.972  3.029E+02  2.967E+02  5.677E-02  4.282E-02  1.579E+04  8.410E-03
4      -- 3         55.3    461.0408    650.2515  304.971  5.046E+02  2.940E+02  6.789E-02  5.677E-02  1.565E+04  1.975E-02
5      -- 4         83.0    576.2679    520.2310  304.968  7.252E+02  2.913E+02  7.578E-02  6.789E-02  1.551E+04  3.822E-02
6      -- 5        116.2    691.4731    433.5562  304.966  9.430E+02  2.887E+02  8.032E-02  7.578E-02  1.536E+04  6.542E-02
7      -- 6        154.9    806.6518    371.6504  304.962  1.138E+03  2.860E+02  8.163E-02  8.032E-02  1.522E+04  1.029E-01
8      -- 7        199.1    921.7997    325.2252  304.957  1.294E+03  2.834E+02  8.002E-02  8.163E-02  1.508E+04  1.521E-01
9      -- 8        248.9   1036.9124    289.1203  304.949  1.399E+03  2.807E+02  7.597E-02  8.002E-02  1.494E+04  2.145E-01
10     -- 9        304.2   1151.9855    260.2398  304.938  1.448E+03  2.781E+02  7.004E-02  7.597E-02  1.480E+04  2.914E-01
11     -- 10       365.0   1267.0145    236.6133  304.927  1.443E+03  2.755E+02  6.285E-02  7.004E-02  1.467E+04  3.841E-01
12     -- 11       431.3   1381.9951    216.9273  304.910  1.387E+03  2.729E+02  5.496E-02  6.285E-02  1.453E+04  4.938E-01
13     -- 12       503.1   1496.9229    200.2725  304.893  1.291E+03  2.704E+02  4.689E-02  5.496E-02  1.439E+04  6.217E-01
14     -- 13       580.5   1611.7935    185.9993  304.855  1.167E+03  2.678E+02  3.908E-02  4.689E-02  1.425E+04  7.687E-01
15     -- 14       663.4   1726.6025    173.6314  304.808  1.024E+03  2.653E+02  3.183E-02  3.908E-02  1.412E+04  9.359E-01
16     -- 15       751.7   1841.3455    162.8116  304.743  8.742E+02  2.627E+02  2.535E-02  3.183E-02  1.398E+04  1.124E+00
