* Radex version        : 30nov2011
* Geometry             : Uniform sphere
* Molecular data file  : ./data/co.dat                                                                   
* T(kin)            [K]:  380.000
* Density of H2  [cm-3]:  6.310E+04
* Density of pH2 [cm-3]:  1.577E+04
* Density of oH2 [cm-3]:  4.732E+04
* T(background)     [K]:    2.725
* Column density [cm-2]:  6.231E+20
* Line width     [km/s]:   50.000
Calculation finished in   44 iterations
      LINE         E_UP       FREQ        WAVEL     T_EX      TAU        T_R       POP        POP       FLUX        FLUX
                   (K)        (GHz)       (um)      (K)                  (K)        UP        LOW      (K*km/s) (erg/cm2/s)
1      -- 0          5.5    115.2712   2600.7576  401.401  1.891E+00  3.378E+02  2.309E-02  7.804E-03  1.798E+04  3.546E-04
2      -- 1         16.6    230.5380   1300.4037  371.337  7.997E+00  3.655E+02  3.736E-02  2.309E-02  1.945E+04  3.070E-03
3      -- 2         33.2    345.7960    866.9634  372.450  1.727E+01  3.642E+02  5.002E-02  3.736E-02  1.938E+04  1.032E-02
4      -- 3         55.3    461.0408    650.2515  372.325  2.911E+01  3.614E+02  6.060E-02  5.002E-02  1.923E+04  2.427E-02
5      -- 4         83.0    576.2679    520.2310  371.841  4.251E+01  3.582E+02  6.876E-02  6.060E-02  1.906E+04  4.698E-02
6      -- 5        116.2    691.4731    433.5562  371.488  5.633E+01  3.551E+02  7.432E-02  6.876E-02  1.890E+04  8.048E-02
7      -- 6        154.9    806.6518    371.6504  370.618  6.959E+01  3.516E+02  7.725E-02  7.432E-02  1.871E+04  1.265E-01
8      -- 7        199.1    921.7997    325.2252  369.615  8.124E+01  3.479E+02  7.767E-02  7.725E-02  1.852E+04  1.868E-01
9      -- 8        248.9   1036.9124    289.1203  368.049  9.059E+01  3.437E+02  7.583E-02  7.767E-02  1.829E+04  2.627E-01
10     -- 9        304.2   1151.9855    260.2398  366.008  9.704E+01  3.391E+02  7.206E-02  7.583E-02  1.805E+04  3.553E-01
11     -- 10       365.0   1267.0145    236.6133  363.914  1.003E+02  3.344E+02  6.678E-02  7.206E-02  1.780E+04  4.662E-01
12     -- 11       431.3   1381.9951    216.9273  361.215  1.004E+02  3.291E+02  6.041E-02  6.678E-02  1.751E+04  5.954E-01
13     -- 12       503.1   1496.9229    200.2725  357.975  9.765E+01  3.233E+02  5.338E-02  6.041E-02  1.721E+04  7.432E-01
14     -- 13       580.5   1611.7935    185.9993  351.953  9.287E+01  3.147E+02  4.602E-02  5.338E-02  1.675E+04  9.032E-01
15     -- 14       663.4   1726.6025    173.6314  344.420  8.603E+01  3.046E+02  3.868E-02  4.602E-02  1.621E+04  1.075E+00
16     -- 15       751.7   1841.3455    162.8116  334.909  7.774E+01  2.927E+02  3.162E-02  3.868E-02  1.558E+04  1.252E+00
