* Radex version        : 30nov2011
* Geometry             : Uniform sphere
* Molecular data file  : ./data/co.dat                                                                   
* T(kin)            [K]:  330.000
* Density of H2  [cm-3]:  1.000E+05
* Density of pH2 [cm-3]:  2.500E+04
* Density of oH2 [cm-3]:  7.500E+04
* T(background)     [K]:    2.725
* Column density [cm-2]:  9.875E+20
* Line width     [km/s]:   50.000
Calculation finished in   43 iterations
      LINE         E_UP       FREQ        WAVEL     T_EX      TAU        T_R       POP        POP       FLUX        FLUX
                   (K)        (GHz)       (um)      (K)                  (K)        UP        LOW      (K*km/s) (erg/cm2/s)
1      -- 0          5.5    115.2712   2600.7576  330.803  4.007E+00  3.213E+02  2.540E-02  8.609E-03  1.710E+04  3.373E-04
2      -- 1         16.6    230.5380   1300.4037  327.659  1.577E+01  3.220E+02  4.093E-02  2.540E-02  1.714E+04  2.704E-03
3      -- 2         33.2    345.7960    866.9634  327.857  3.397E+01  3.196E+02  5.447E-02  4.093E-02  1.701E+04  9.058E-03
4      -- 3         55.3    461.0408    650.2515  327.795  5.684E+01  3.168E+02  6.546E-02  5.447E-02  1.686E+04  2.128E-02
5      -- 4         83.0    576.2679    520.2310  327.634  8.219E+01  3.140E+02  7.353E-02  6.546E-02  1.671E+04  4.119E-02
6      -- 5        116.2    691.4731    433.5562  327.500  1.077E+02  3.112E+02  7.852E-02  7.353E-02  1.656E+04  7.052E-02
7      -- 6        154.9    806.6518    371.6504  327.206  1.311E+02  3.082E+02  8.049E-02  7.852E-02  1.641E+04  1.109E-01
8      -- 7        199.1    921.7997    325.2252  326.867  1.506E+02  3.052E+02  7.968E-02  8.049E-02  1.625E+04  1.639E-01
9      -- 8        248.9   1036.9124    289.1203  326.339  1.647E+02  3.021E+02  7.646E-02  7.968E-02  1.608E+04  2.309E-01
10     -- 9        304.2   1151.9855    260.2398  325.606  1.727E+02  2.987E+02  7.131E-02  7.646E-02  1.590E+04  3.131E-01
11     -- 10       365.0   1267.0145    236.6133  324.850  1.746E+02  2.954E+02  6.477E-02  7.131E-02  1.572E+04  4.118E-01
12     -- 11       431.3   1381.9951    216.9273  323.824  1.705E+02  2.918E+02  5.736E-02  6.477E-02  1.553E+04  5.279E-01
13     -- 12       503.1   1496.9229    200.2725  322.645  1.613E+02  2.881E+02  4.958E-02  5.736E-02  1.533E+04  6.623E-01
14     -- 13       580.5   1611.7935    185.9993  320.294  1.487E+02  2.832E+02  4.183E-02  4.958E-02  1.507E+04  8.127E-01
15     -- 14       663.4   1726.6025    173.6314  317.332  1.332E+02  2.777E+02  3.444E-02  4.183E-02  1.478E+04  9.798E-01
16     -- 15       751.7   1841.3455    162.8116  313.324  1.163E+02  2.712E+02  2.765E-02  3.444E-02  1.444E+04  1.161E+00
