* Radex version        : 30nov2011
* Geometry             : Uniform sphere
* Molecular data file  : ./data/co.dat                                                                   
* T(kin)            [K]:   30.000
* Density of H2  [cm-3]:  2.512E+06
* Density of pH2 [cm-3]:  6.280E+05
* Density of oH2 [cm-3]:  1.884E+06
* T(background)     [K]:    2.725
* Column density [cm-2]:  2.481E+22
* Line width     [km/s]:   50.000
Calculation finished in   21 iterations
      LINE         E_UP       FREQ        WAVEL     T_EX      TAU        T_R       POP        POP       FLUX        FLUX
                   (K)        (GHz)       (um)      (K)                  (K)        UP        LOW      (K*km/s) (erg/cm2/s)
1      -- 0          5.5    115.2712   2600.7576   30.000  1.061E+04  2.648E+01  2.230E-01  8.940E-02  1.410E+03  2.780E-05
2      -- 1         16.6    230.5380   1300.4037   30.000  3.231E+04  2.461E+01  2.571E-01  2.230E-01  1.310E+03  2.067E-04
3      -- 2         33.2    345.7960    866.9634   30.000  4.614E+04  2.243E+01  2.070E-01  2.571E-01  1.194E+03  6.356E-04
4      -- 3         55.3    461.0408    650.2515   30.000  4.336E+04  2.028E+01  1.273E-01  2.070E-01  1.079E+03  1.362E-03
5      -- 4         83.0    576.2679    520.2310   30.000  2.987E+04  1.827E+01  6.188E-02  1.273E-01  9.722E+02  2.396E-03
6      -- 5        116.2    691.4731    433.5562   30.000  1.580E+04  1.641E+01  2.419E-02  6.188E-02  8.732E+02  3.718E-03
7      -- 6        154.9    806.6518    371.6504   30.000  6.591E+03  1.470E+01  7.680E-03  2.419E-02  7.822E+02  5.287E-03
8      -- 7        199.1    921.7997    325.2252   30.000  2.198E+03  1.313E+01  1.992E-03  7.680E-03  6.988E+02  7.049E-03
9      -- 8        248.9   1036.9124    289.1203   29.998  5.922E+02  1.170E+01  4.238E-04  1.992E-03  6.227E+02  8.941E-03
10     -- 9        304.2   1151.9855    260.2398   29.990  1.296E+02  1.039E+01  7.412E-05  4.238E-04  5.533E+02  1.089E-02
11     -- 10       365.0   1267.0145    236.6133   29.912  2.321E+01  9.163E+00  1.063E-05  7.412E-05  4.877E+02  1.278E-02
12     -- 11       431.3   1381.9951    216.9273   29.013  3.410E+00  7.258E+00  1.175E-06  1.063E-05  3.863E+02  1.313E-02
13     -- 12       503.1   1496.9229    200.2725   27.924  3.841E-01  1.893E+00  9.683E-08  1.175E-06  1.008E+02  4.353E-03
14     -- 13       580.5   1611.7935    185.9993   28.212  3.181E-02  1.668E-01  6.703E-09  9.683E-08  8.880E+00  4.788E-04
15     -- 14       663.4   1726.6025    173.6314   28.163  2.210E-03  1.019E-02  3.779E-10  6.703E-09  5.422E-01  3.594E-05
16     -- 15       751.7   1841.3455    162.8116   28.056  1.248E-04  4.940E-04  1.724E-11  3.779E-10  2.629E-02  2.114E-06
