* Radex version        : 30nov2011
* Geometry             : Uniform sphere
* Molecular data file  : ./data/co.dat                                                                   
* T(kin)            [K]:   30.000
* Density of H2  [cm-3]:  3.981E+05
* Density of pH2 [cm-3]:  9.953E+04
* Density of oH2 [cm-3]:  2.986E+05
* T(background)     [K]:   13.800
* Column density [cm-2]:  6.143E+20
* Line width     [km/s]:   50.000
Calculation finished in   27 iterations
      LINE         E_UP       FREQ        WAVEL     T_EX      TAU        T_R       POP        POP       FLUX        FLUX
                   (K)        (GHz)       (um)      (K)                  (K)        UP        LOW      (K*km/s) (erg/cm2/s)
1      -- 0          5.5    115.2712   2600.7576   30.000  2.628E+02  1.610E+01  2.230E-01  8.941E-02  8.569E+02  1.690E-05
2      -- 1         16.6    230.5380   1300.4037   30.000  8.001E+02  1.581E+01  2.571E-01  2.230E-01  8.414E+02  1.328E-04
3      -- 2         33.2    345.7960    866.9634   30.000  1.143E+03  1.534E+01  2.070E-01  2.571E-01  8.163E+02  4.347E-04
4      -- 3         55.3    461.0408    650.2515   29.999  1.074E+03  1.471E+01  1.273E-01  2.070E-01  7.829E+02  9.881E-04
5      -- 4         83.0    576.2679    520.2310   29.998  7.396E+02  1.396E+01  6.188E-02  1.273E-01  7.428E+02  1.831E-03
6      -- 5        116.2    691.4731    433.5562   29.994  3.914E+02  1.311E+01  2.419E-02  6.188E-02  6.976E+02  2.970E-03
7      -- 6        154.9    806.6518    371.6504   29.979  1.632E+02  1.218E+01  7.672E-03  2.419E-02  6.485E+02  4.384E-03
8      -- 7        199.1    921.7997    325.2252   29.917  5.444E+01  1.119E+01  1.982E-03  7.672E-03  5.957E+02  6.009E-03
9      -- 8        248.9   1036.9124    289.1203   29.442  1.469E+01  9.867E+00  4.086E-04  1.982E-03  5.252E+02  7.540E-03
10     -- 9        304.2   1151.9855    260.2398   26.750  3.211E+00  6.706E+00  5.716E-05  4.086E-04  3.569E+02  7.027E-03
11     -- 10       365.0   1267.0145    236.6133   24.389  4.678E-01  1.766E+00  5.173E-06  5.716E-05  9.400E+01  2.462E-03
12     -- 11       431.3   1381.9951    216.9273   25.017  4.251E-02  1.868E-01  3.968E-07  5.173E-06  9.944E+00  3.380E-04
13     -- 12       503.1   1496.9229    200.2725   25.421  3.272E-03  1.349E-02  2.539E-08  3.968E-07  7.178E-01  3.101E-05
14     -- 13       580.5   1611.7935    185.9993   25.406  2.102E-04  7.529E-04  1.298E-09  2.539E-08  4.007E-02  2.161E-06
15     -- 14       663.4   1726.6025    173.6314   25.359  1.077E-05  3.312E-05  5.288E-11  1.298E-09  1.763E-03  1.169E-07
16     -- 15       751.7   1841.3455    162.8116   25.434  4.378E-07  1.173E-06  1.744E-12  5.288E-11  6.242E-05  5.018E-09
