* Radex version        : 30nov2011
* Geometry             : Uniform sphere
* Molecular data file  : ./data/co.dat                                                                   
* T(kin)            [K]:  355.000
* Density of H2  [cm-3]:  7.943E+04
* Density of pH2 [cm-3]:  1.986E+04
* Density of oH2 [cm-3]:  5.957E+04
* T(background)     [K]:    2.725
* Column density [cm-2]:  7.844E+20
* Line width     [km/s]:   50.000
Calculation finished in   44 iterations
      LINE         E_UP       FREQ        WAVEL     T_EX      TAU        T_R       POP        POP       FLUX        FLUX
                   (K)        (GHz)       (um)      (K)                  (K)        UP        LOW      (K*km/s) (erg/cm2/s)
1      -- 0          5.5    115.2712   2600.7576  360.927  2.761E+00  3.347E+02  2.406E-02  8.145E-03  1.782E+04  3.514E-04
2      -- 1         16.6    230.5380   1300.4037  350.333  1.111E+01  3.446E+02  3.886E-02  2.406E-02  1.834E+04  2.894E-03
3      -- 2         33.2    345.7960    866.9634  350.930  2.397E+01  3.427E+02  5.189E-02  3.886E-02  1.824E+04  9.712E-03
4      -- 3         55.3    461.0408    650.2515  350.830  4.027E+01  3.399E+02  6.263E-02  5.189E-02  1.809E+04  2.283E-02
5      -- 4         83.0    576.2679    520.2310  350.541  5.855E+01  3.369E+02  7.074E-02  6.263E-02  1.793E+04  4.419E-02
6      -- 5        116.2    691.4731    433.5562  350.330  7.717E+01  3.340E+02  7.605E-02  7.074E-02  1.778E+04  7.569E-02
7      -- 6        154.9    806.6518    371.6504  349.818  9.470E+01  3.308E+02  7.856E-02  7.605E-02  1.761E+04  1.190E-01
8      -- 7        199.1    921.7997    325.2252  349.223  1.097E+02  3.276E+02  7.844E-02  7.856E-02  1.743E+04  1.759E-01
9      -- 8        248.9   1036.9124    289.1203  348.307  1.212E+02  3.240E+02  7.600E-02  7.844E-02  1.725E+04  2.476E-01
10     -- 9        304.2   1151.9855    260.2398  347.064  1.286E+02  3.202E+02  7.163E-02  7.600E-02  1.704E+04  3.355E-01
11     -- 10       365.0   1267.0145    236.6133  345.807  1.316E+02  3.163E+02  6.580E-02  7.163E-02  1.683E+04  4.410E-01
12     -- 11       431.3   1381.9951    216.9273  344.136  1.302E+02  3.120E+02  5.898E-02  6.580E-02  1.661E+04  5.646E-01
13     -- 12       503.1   1496.9229    200.2725  342.179  1.250E+02  3.075E+02  5.164E-02  5.898E-02  1.637E+04  7.070E-01
14     -- 13       580.5   1611.7935    185.9993  338.379  1.171E+02  3.012E+02  4.413E-02  5.164E-02  1.603E+04  8.644E-01
15     -- 14       663.4   1726.6025    173.6314  333.598  1.068E+02  2.939E+02  3.680E-02  4.413E-02  1.564E+04  1.037E+00
16     -- 15       751.7   1841.3455    162.8116  327.387  9.498E+01  2.852E+02  2.990E-02  3.680E-02  1.518E+04  1.220E+00
