* Radex version        : 30nov2011
* Geometry             : Uniform sphere
* Molecular data file  : ./data/co.dat                                                                   
* T(kin)            [K]:  305.000
* Density of H2  [cm-3]:  1.259E+02
* Density of pH2 [cm-3]:  3.147E+01
* Density of oH2 [cm-3]:  9.442E+01
* T(background)     [K]:    2.725
* Column density [cm-2]:  1.243E+18
* Line width     [km/s]:   50.000
Calculation finished in   32 iterations
      LINE         E_UP       FREQ        WAVEL     T_EX      TAU        T_R       POP        POP       FLUX        FLUX
                   (K)        (GHz)       (um)      (K)                  (K)        UP        LOW      (K*km/s) (erg/cm2/s)
1      -- 0          5.5    115.2712   2600.7576   13.474  2.684E+00  9.373E+00  4.489E-01  2.256E-01  4.989E+02  9.840E-06
2      -- 1         16.6    230.5380   1300.4037   10.481  6.889E+00  5.705E+00  2.603E-01  4.489E-01  3.036E+02  4.791E-05
3      -- 2         33.2    345.7960    866.9634    8.844  4.667E+00  2.935E+00  5.580E-02  2.603E-01  1.562E+02  8.318E-05
4      -- 3         55.3    461.0408    650.2515    9.422  1.016E+00  1.487E+00  6.854E-03  5.580E-02  7.912E+01  9.985E-05
5      -- 4         83.0    576.2679    520.2310   16.793  1.081E-01  6.758E-01  1.614E-03  6.854E-03  3.597E+01  8.865E-05
6      -- 5        116.2    691.4731    433.5562   27.739  2.154E-02  3.064E-01  5.765E-04  1.614E-03  1.631E+01  6.943E-05
7      -- 6        154.9    806.6518    371.6504   35.810  7.176E-03  1.421E-01  2.257E-04  5.765E-04  7.564E+00  5.113E-05
8      -- 7        199.1    921.7997    325.2252   43.849  2.667E-03  6.762E-02  9.325E-05  2.257E-04  3.599E+00  3.631E-05
9      -- 8        248.9   1036.9124    289.1203   51.123  1.068E-03  3.224E-02  3.937E-05  9.325E-05  1.716E+00  2.464E-05
10     -- 9        304.2   1151.9855    260.2398   58.560  4.381E-04  1.542E-02  1.693E-05  3.937E-05  8.208E-01  1.616E-05
11     -- 10       365.0   1267.0145    236.6133   67.209  1.820E-04  7.521E-03  7.503E-06  1.693E-05  4.003E-01  1.049E-05
12     -- 11       431.3   1381.9951    216.9273   74.041  7.943E-05  3.635E-03  3.330E-06  7.503E-06  1.935E-01  6.577E-06
13     -- 12       503.1   1496.9229    200.2725   82.519  3.433E-05  1.777E-03  1.506E-06  3.330E-06  9.456E-02  4.085E-06
14     -- 13       580.5   1611.7935    185.9993   81.625  1.622E-05  7.943E-04  6.269E-07  1.506E-06  4.228E-02  2.280E-06
15     -- 14       663.4   1726.6025    173.6314   83.120  6.900E-06  3.344E-04  2.473E-07  6.269E-07  1.780E-02  1.180E-06
16     -- 15       751.7   1841.3455    162.8116   95.273  2.585E-06  1.495E-04  1.041E-07  2.473E-07  7.955E-03  6.396E-07
