* Radex version        : 30nov2011
* Geometry             : Uniform sphere
* Molecular data file  : ./data/co.dat                                                                   
* T(kin)            [K]:  355.000
* Density of H2  [cm-3]:  2.512E+03
* Density of pH2 [cm-3]:  6.280E+02
* Density of oH2 [cm-3]:  1.884E+03
* T(background)     [K]:    2.725
* Column density [cm-2]:  2.481E+19
* Line width     [km/s]:   50.000
Calculation finished in   49 iterations
      LINE         E_UP       FREQ        WAVEL     T_EX      TAU        T_R       POP        POP       FLUX        FLUX
                   (K)        (GHz)       (um)      (K)                  (K)        UP        LOW      (K*km/s) (erg/cm2/s)
1      -- 0          5.5    115.2712   2600.7576 -224.101 -4.688E-01  1.362E+02  8.183E-02  2.661E-02  7.249E+03  1.430E-04
2      -- 1         16.6    230.5380   1300.4037  140.789  2.904E+00  1.277E+02  1.261E-01  8.183E-02  6.799E+03  1.073E-03
3      -- 2         33.2    345.7960    866.9634  123.477  6.697E+00  1.152E+02  1.543E-01  1.261E-01  6.131E+03  3.265E-03
4      -- 3         55.3    461.0408    650.2515  114.936  1.085E+01  1.042E+02  1.636E-01  1.543E-01  5.547E+03  7.001E-03
5      -- 4         83.0    576.2679    520.2310  104.603  1.481E+01  9.138E+01  1.535E-01  1.636E-01  4.864E+03  1.199E-02
6      -- 5        116.2    691.4731    433.5562   92.459  1.767E+01  7.686E+01  1.267E-01  1.535E-01  4.091E+03  1.742E-02
7      -- 6        154.9    806.6518    371.6504   78.266  1.859E+01  6.050E+01  8.917E-02  1.267E-01  3.220E+03  2.177E-02
8      -- 7        199.1    921.7997    325.2252   63.479  1.661E+01  4.391E+01  5.034E-02  8.917E-02  2.337E+03  2.357E-02
9      -- 8        248.9   1036.9124    289.1203   49.466  1.172E+01  2.869E+01  2.057E-02  5.034E-02  1.527E+03  2.192E-02
10     -- 9        304.2   1151.9855    260.2398   38.643  5.689E+00  1.732E+01  5.438E-03  2.057E-02  9.218E+02  1.815E-02
11     -- 10       365.0   1267.0145    236.6133   36.076  1.596E+00  1.103E+01  1.104E-03  5.438E-03  5.871E+02  1.538E-02
12     -- 11       431.3   1381.9951    216.9273   52.985  2.814E-01  6.516E+00  3.432E-04  1.104E-03  3.468E+02  1.179E-02
13     -- 12       503.1   1496.9229    200.2725   81.108  7.137E-02  3.473E+00  1.528E-04  3.432E-04  1.848E+02  7.985E-03
14     -- 13       580.5   1611.7935    185.9993   91.132  3.069E-02  1.749E+00  7.025E-05  1.528E-04  9.309E+01  5.020E-03
15     -- 14       663.4   1726.6025    173.6314   97.012  1.404E-02  8.563E-01  3.196E-05  7.025E-05  4.558E+01  3.021E-03
16     -- 15       751.7   1841.3455    162.8116  108.105  6.159E-03  4.290E-01  1.502E-05  3.196E-05  2.283E+01  1.836E-03
