* Radex version        : 30nov2011
* Geometry             : Uniform sphere
* Molecular data file  : ./data/co.dat                                                                   
* T(kin)            [K]:  300.000
* Density of H2  [cm-3]:  1.259E+04
* Density of pH2 [cm-3]:  3.147E+03
* Density of oH2 [cm-3]:  9.442E+03
* T(background)     [K]:   13.800
* Column density [cm-2]:  1.943E+19
* Line width     [km/s]:   50.000
Calculation finished in   36 iterations
      LINE         E_UP       FREQ        WAVEL     T_EX      TAU        T_R       POP        POP       FLUX        FLUX
                   (K)        (GHz)       (um)      (K)                  (K)        UP        LOW      (K*km/s) (erg/cm2/s)
1      -- 0          5.5    115.2712   2600.7576 -174.866 -3.285E-01  7.346E+01  5.734E-02  1.852E-02  3.910E+03  7.712E-05
2      -- 1         16.6    230.5380   1300.4037  297.150  7.707E-01  1.519E+02  9.207E-02  5.734E-02  8.083E+03  1.275E-03
3      -- 2         33.2    345.7960    866.9634  190.107  2.546E+00  1.611E+02  1.181E-01  9.207E-02  8.574E+03  4.566E-03
4      -- 3         55.3    461.0408    650.2515  171.460  4.497E+00  1.533E+02  1.335E-01  1.181E-01  8.161E+03  1.030E-02
5      -- 4         83.0    576.2679    520.2310  160.189  6.458E+00  1.422E+02  1.373E-01  1.335E-01  7.570E+03  1.866E-02
6      -- 5        116.2    691.4731    433.5562  148.676  8.208E+00  1.294E+02  1.298E-01  1.373E-01  6.886E+03  2.932E-02
7      -- 6        154.9    806.6518    371.6504  134.656  9.544E+00  1.137E+02  1.123E-01  1.298E-01  6.053E+03  4.092E-02
8      -- 7        199.1    921.7997    325.2252  118.404  1.018E+01  9.579E+01  8.761E-02  1.123E-01  5.098E+03  5.143E-02
9      -- 8        248.9   1036.9124    289.1203  100.106  9.867E+00  7.588E+01  5.956E-02  8.761E-02  4.039E+03  5.799E-02
10     -- 9        304.2   1151.9855    260.2398   81.272  8.365E+00  5.570E+01  3.334E-02  5.956E-02  2.965E+03  5.837E-02
11     -- 10       365.0   1267.0145    236.6133   64.305  5.753E+00  3.775E+01  1.419E-02  3.334E-02  2.009E+03  5.263E-02
12     -- 11       431.3   1381.9951    216.9273   52.744  2.838E+00  2.430E+01  4.385E-03  1.419E-02  1.293E+03  4.396E-02
13     -- 12       503.1   1496.9229    200.2725   53.720  8.962E-01  1.490E+01  1.243E-03  4.385E-03  7.932E+02  3.427E-02
14     -- 13       580.5   1611.7935    185.9993   70.351  2.280E-01  7.815E+00  4.447E-04  1.243E-03  4.159E+02  2.243E-02
15     -- 14       663.4   1726.6025    173.6314   87.658  7.411E-02  3.747E+00  1.847E-04  4.447E-04  1.994E+02  1.322E-02
16     -- 15       751.7   1841.3455    162.8116  100.218  2.924E-02  1.795E+00  8.141E-05  1.847E-04  9.556E+01  7.683E-03
