* Radex version        : 30nov2011
* Geometry             : Uniform sphere
* Molecular data file  : ./data/co.dat                                                                   
* T(kin)            [K]:  330.000
* Density of H2  [cm-3]:  7.943E+02
* Density of pH2 [cm-3]:  1.986E+02
* Density of oH2 [cm-3]:  5.957E+02
* T(background)     [K]:    2.725
* Column density [cm-2]:  7.844E+18
* Line width     [km/s]:   50.000
Calculation finished in   36 iterations
      LINE         E_UP       FREQ        WAVEL     T_EX      TAU        T_R       POP        POP       FLUX        FLUX
                   (K)        (GHz)       (um)      (K)                  (K)        UP        LOW      (K*km/s) (erg/cm2/s)
1      -- 0          5.5    115.2712   2600.7576  231.744  3.093E-01  6.070E+01  1.723E-01  5.883E-02  3.231E+03  6.373E-05
2      -- 1         16.6    230.5380   1300.4037   54.227  4.723E+00  4.826E+01  2.342E-01  1.723E-01  2.568E+03  4.053E-04
3      -- 2         33.2    345.7960    866.9634   47.667  9.197E+00  3.981E+01  2.315E-01  2.342E-01  2.119E+03  1.128E-03
4      -- 3         55.3    461.0408    650.2515   40.783  1.231E+01  3.071E+01  1.730E-01  2.315E-01  1.634E+03  2.063E-03
5      -- 4         83.0    576.2679    520.2310   33.073  1.208E+01  2.115E+01  9.162E-02  1.730E-01  1.126E+03  2.774E-03
6      -- 5        116.2    691.4731    433.5562   26.154  7.949E+00  1.297E+01  3.044E-02  9.162E-02  6.906E+02  2.940E-03
7      -- 6        154.9    806.6518    371.6504   21.966  2.997E+00  7.621E+00  6.029E-03  3.044E-02  4.056E+02  2.742E-03
8      -- 7        199.1    921.7997    325.2252   26.640  5.731E-01  4.528E+00  1.298E-03  6.029E-03  2.410E+02  2.431E-03
9      -- 8        248.9   1036.9124    289.1203   44.260  1.018E-01  2.317E+00  4.714E-04  1.298E-03  1.233E+02  1.771E-03
10     -- 9        304.2   1151.9855    260.2398   58.647  3.307E-02  1.148E+00  2.030E-04  4.714E-04  6.108E+01  1.203E-03
11     -- 10       365.0   1267.0145    236.6133   68.690  1.358E-02  5.762E-01  9.173E-05  2.030E-04  3.067E+01  8.034E-04
12     -- 11       431.3   1381.9951    216.9273   77.615  5.949E-03  2.913E-01  4.242E-05  9.173E-05  1.551E+01  5.271E-04
13     -- 12       503.1   1496.9229    200.2725   86.314  2.682E-03  1.482E-01  1.993E-05  4.242E-05  7.887E+00  3.407E-04
14     -- 13       580.5   1611.7935    185.9993   87.778  1.296E-03  7.085E-02  8.868E-06  1.993E-05  3.771E+00  2.034E-04
15     -- 14       663.4   1726.6025    173.6314   90.824  5.841E-04  3.247E-02  3.807E-06  8.868E-06  1.728E+00  1.146E-04
16     -- 15       751.7   1841.3455    162.8116  102.068  2.406E-04  1.544E-02  1.705E-06  3.807E-06  8.218E-01  6.608E-05
