* Radex version        : 30nov2011
* Geometry             : Uniform sphere
* Molecular data file  : ./data/co.dat                                                                   
* T(kin)            [K]:  300.000
* Density of H2  [cm-3]:  1.995E+04
* Density of pH2 [cm-3]:  4.988E+03
* Density of oH2 [cm-3]:  1.496E+04
* T(background)     [K]:   13.800
* Column density [cm-2]:  3.079E+19
* Line width     [km/s]:   50.000
Calculation finished in   38 iterations
      LINE         E_UP       FREQ        WAVEL     T_EX      TAU        T_R       POP        POP       FLUX        FLUX
                   (K)        (GHz)       (um)      (K)                  (K)        UP        LOW      (K*km/s) (erg/cm2/s)
1      -- 0          5.5    115.2712   2600.7576 -442.096 -1.688E-01  8.386E+01  4.654E-02  1.532E-02  4.464E+03  8.804E-05
2      -- 1         16.6    230.5380   1300.4037  314.939  9.365E-01  1.827E+02  7.489E-02  4.654E-02  9.723E+03  1.534E-03
3      -- 2         33.2    345.7960    866.9634  228.194  2.754E+00  1.993E+02  9.750E-02  7.489E-02  1.061E+04  5.649E-03
4      -- 3         55.3    461.0408    650.2515  212.432  4.807E+00  1.944E+02  1.130E-01  9.750E-02  1.035E+04  1.306E-02
5      -- 4         83.0    576.2679    520.2310  203.598  6.938E+00  1.856E+02  1.205E-01  1.130E-01  9.878E+03  2.434E-02
6      -- 5        116.2    691.4731    433.5562  194.621  8.950E+00  1.752E+02  1.201E-01  1.205E-01  9.324E+03  3.970E-02
7      -- 6        154.9    806.6518    371.6504  183.109  1.068E+01  1.619E+02  1.122E-01  1.201E-01  8.619E+03  5.826E-02
8      -- 7        199.1    921.7997    325.2252  169.026  1.190E+01  1.460E+02  9.785E-02  1.122E-01  7.771E+03  7.839E-02
9      -- 8        248.9   1036.9124    289.1203  151.888  1.246E+01  1.270E+02  7.881E-02  9.785E-02  6.758E+03  9.703E-02
10     -- 9        304.2   1151.9855    260.2398  132.249  1.214E+01  1.055E+02  5.735E-02  7.881E-02  5.615E+03  1.106E-01
11     -- 10       365.0   1267.0145    236.6133  111.365  1.079E+01  8.296E+01  3.638E-02  5.735E-02  4.416E+03  1.157E-01
12     -- 11       431.3   1381.9951    216.9273   90.207  8.392E+00  6.051E+01  1.896E-02  3.638E-02  3.221E+03  1.095E-01
13     -- 12       503.1   1496.9229    200.2725   71.254  5.289E+00  4.067E+01  7.470E-03  1.896E-02  2.165E+03  9.350E-02
14     -- 13       580.5   1611.7935    185.9993   58.858  2.380E+00  2.553E+01  2.156E-03  7.470E-03  1.359E+03  7.327E-02
15     -- 14       663.4   1726.6025    173.6314   62.454  6.841E-01  1.472E+01  6.114E-04  2.156E-03  7.837E+02  5.195E-02
16     -- 15       751.7   1841.3455    162.8116   85.394  1.688E-01  7.541E+00  2.312E-04  6.114E-04  4.014E+02  3.227E-02
