* Radex version        : 30nov2011
* Geometry             : Uniform sphere
* Molecular data file  : ./data/co.dat                                                                   
* T(kin)            [K]:   30.000
* Density of H2  [cm-3]:  2.512E+03
* Density of pH2 [cm-3]:  6.280E+02
* Density of oH2 [cm-3]:  1.884E+03
* T(background)     [K]:    2.725
* Column density [cm-2]:  2.481E+19
* Line width     [km/s]:   50.000
Calculation finished in   39 iterations
      LINE         E_UP       FREQ        WAVEL     T_EX      TAU        T_R       POP        POP       FLUX        FLUX
                   (K)        (GHz)       (um)      (K)                  (K)        UP        LOW      (K*km/s) (erg/cm2/s)
1      -- 0          5.5    115.2712   2600.7576   28.560  1.250E+01  2.505E+01  2.490E-01  1.007E-01  1.333E+03  2.630E-05
2      -- 1         16.6    230.5380   1300.4037   28.345  3.779E+01  2.298E+01  2.809E-01  2.490E-01  1.223E+03  1.930E-04
3      -- 2         33.2    345.7960    866.9634   27.475  5.379E+01  1.997E+01  2.149E-01  2.809E-01  1.063E+03  5.660E-04
4      -- 3         55.3    461.0408    650.2515   25.133  5.052E+01  1.567E+01  1.146E-01  2.149E-01  8.338E+02  1.052E-03
5      -- 4         83.0    576.2679    520.2310   20.259  3.324E+01  9.482E+00  3.576E-02  1.146E-01  5.047E+02  1.244E-03
6      -- 5        116.2    691.4731    433.5562   14.089  1.235E+01  3.477E+00  4.009E-03  3.576E-02  1.851E+02  7.881E-04
7      -- 6        154.9    806.6518    371.6504   10.530  1.469E+00  7.738E-01  1.171E-04  4.009E-03  4.118E+01  2.784E-04
8      -- 7        199.1    921.7997    325.2252   14.706  4.130E-02  9.298E-02  6.551E-06  1.171E-04  4.949E+00  4.992E-05
9      -- 8        248.9   1036.9124    289.1203   18.270  2.247E-03  7.845E-03  4.804E-07  6.551E-06  4.176E-01  5.995E-06
10     -- 9        304.2   1151.9855    260.2398   19.643  1.641E-04  5.784E-04  3.182E-08  4.804E-07  3.079E-02  6.061E-07
11     -- 10       365.0   1267.0145    236.6133   20.353  1.089E-05  3.514E-05  1.757E-09  3.182E-08  1.870E-03  4.899E-08
12     -- 11       431.3   1381.9951    216.9273   21.158  5.999E-07  1.810E-06  8.308E-11  1.757E-09  9.633E-05  3.274E-09
13     -- 12       503.1   1496.9229    200.2725   22.020  2.828E-08  8.088E-08  3.436E-12  8.308E-11  4.305E-06  1.860E-10
14     -- 13       580.5   1611.7935    185.9993   22.304  1.168E-09  2.908E-09  1.150E-13  3.436E-12  1.548E-07  8.348E-12
15     -- 14       663.4   1726.6025    173.6314   22.463  3.904E-11  8.294E-11  3.074E-15  1.150E-13  4.414E-09  2.926E-13
16     -- 15       751.7   1841.3455    162.8116   23.022  1.038E-12  2.018E-12  7.042E-17  3.074E-15  1.074E-10  8.635E-15
