* Radex version        : 30nov2011
* Geometry             : Uniform sphere
* Molecular data file  : ./data/co.dat                                                                   
* T(kin)            [K]:  300.000
* Density of H2  [cm-3]:  1.259E+06
* Density of pH2 [cm-3]:  3.147E+05
* Density of oH2 [cm-3]:  9.442E+05
* T(background)     [K]:   13.800
* Column density [cm-2]:  1.943E+21
* Line width     [km/s]:   50.000
Calculation finished in   36 iterations
      LINE         E_UP       FREQ        WAVEL     T_EX      TAU        T_R       POP        POP       FLUX        FLUX
                   (K)        (GHz)       (um)      (K)                  (K)        UP        LOW      (K*km/s) (erg/cm2/s)
1      -- 0          5.5    115.2712   2600.7576  299.954  9.283E+00  2.860E+02  2.710E-02  9.203E-03  1.522E+04  3.002E-04
2      -- 1         16.6    230.5380   1300.4037  299.936  3.610E+01  2.854E+02  4.354E-02  2.710E-02  1.519E+04  2.397E-03
3      -- 2         33.2    345.7960    866.9634  299.934  7.752E+01  2.846E+02  5.767E-02  4.354E-02  1.515E+04  8.066E-03
4      -- 3         55.3    461.0408    650.2515  299.931  1.290E+02  2.834E+02  6.887E-02  5.767E-02  1.509E+04  1.904E-02
5      -- 4         83.0    576.2679    520.2310  299.925  1.851E+02  2.820E+02  7.676E-02  6.887E-02  1.501E+04  3.699E-02
6      -- 5        116.2    691.4731    433.5562  299.920  2.403E+02  2.803E+02  8.122E-02  7.676E-02  1.492E+04  6.353E-02
7      -- 6        154.9    806.6518    371.6504  299.909  2.895E+02  2.785E+02  8.236E-02  8.122E-02  1.482E+04  1.002E-01
8      -- 7        199.1    921.7997    325.2252  299.896  3.283E+02  2.765E+02  8.054E-02  8.236E-02  1.471E+04  1.484E-01
9      -- 8        248.9   1036.9124    289.1203  299.877  3.541E+02  2.743E+02  7.625E-02  8.054E-02  1.460E+04  2.096E-01
10     -- 9        304.2   1151.9855    260.2398  299.849  3.654E+02  2.720E+02  7.009E-02  7.625E-02  1.448E+04  2.851E-01
11     -- 10       365.0   1267.0145    236.6133  299.820  3.630E+02  2.697E+02  6.267E-02  7.009E-02  1.435E+04  3.760E-01
12     -- 11       431.3   1381.9951    216.9273  299.778  3.478E+02  2.673E+02  5.460E-02  6.267E-02  1.423E+04  4.836E-01
13     -- 12       503.1   1496.9229    200.2725  299.734  3.225E+02  2.649E+02  4.640E-02  5.460E-02  1.410E+04  6.089E-01
14     -- 13       580.5   1611.7935    185.9993  299.638  2.902E+02  2.623E+02  3.850E-02  4.640E-02  1.396E+04  7.529E-01
15     -- 14       663.4   1726.6025    173.6314  299.520  2.536E+02  2.598E+02  3.121E-02  3.850E-02  1.383E+04  9.166E-01
16     -- 15       751.7   1841.3455    162.8116  299.355  2.155E+02  2.572E+02  2.473E-02  3.121E-02  1.369E+04  1.101E+00
