* Radex version        : 30nov2011
* Geometry             : Uniform sphere
* Molecular data file  : ./data/co.dat                                                                   
* T(kin)            [K]:  330.000
* Density of H2  [cm-3]:  2.512E+02
* Density of pH2 [cm-3]:  6.280E+01
* Density of oH2 [cm-3]:  1.884E+02
* T(background)     [K]:    2.725
* Column density [cm-2]:  2.481E+18
* Line width     [km/s]:   50.000
Calculation finished in   34 iterations
      LINE         E_UP       FREQ        WAVEL     T_EX      TAU        T_R       POP        POP       FLUX        FLUX
                   (K)        (GHz)       (um)      (K)                  (K)        UP        LOW      (K*km/s) (erg/cm2/s)
1      -- 0          5.5    115.2712   2600.7576   28.920  1.665E+00  2.060E+01  3.361E-01  1.356E-01  1.096E+03  2.162E-05
2      -- 1         16.6    230.5380   1300.4037   19.652  6.795E+00  1.443E+01  3.190E-01  3.361E-01  7.678E+02  1.212E-04
3      -- 2         33.2    345.7960    866.9634   16.297  8.607E+00  9.344E+00  1.613E-01  3.190E-01  4.973E+02  2.648E-04
4      -- 3         55.3    461.0408    650.2515   13.352  5.242E+00  5.179E+00  3.955E-02  1.613E-01  2.757E+02  3.479E-04
5      -- 4         83.0    576.2679    520.2310   13.196  1.351E+00  2.873E+00  5.944E-03  3.955E-02  1.529E+02  3.769E-04
6      -- 5        116.2    691.4731    433.5562   21.589  1.781E-01  1.483E+00  1.510E-03  5.944E-03  7.891E+01  3.360E-04
7      -- 6        154.9    806.6518    371.6504   34.796  3.811E-02  7.088E-01  5.728E-04  1.510E-03  3.772E+01  2.550E-04
8      -- 7        199.1    921.7997    325.2252   44.375  1.342E-02  3.448E-01  2.396E-04  5.728E-04  1.835E+01  1.851E-04
9      -- 8        248.9   1036.9124    289.1203   52.179  5.406E-03  1.682E-01  1.032E-04  2.396E-04  8.952E+00  1.285E-04
10     -- 9        304.2   1151.9855    260.2398   60.370  2.249E-03  8.285E-02  4.563E-05  1.032E-04  4.410E+00  8.682E-05
11     -- 10       365.0   1267.0145    236.6133   69.273  9.605E-04  4.153E-02  2.078E-05  4.563E-05  2.211E+00  5.790E-05
12     -- 11       431.3   1381.9951    216.9273   77.146  4.277E-04  2.082E-02  9.558E-06  2.078E-05  1.108E+00  3.766E-05
13     -- 12       503.1   1496.9229    200.2725   85.637  1.921E-04  1.050E-02  4.461E-06  9.558E-06  5.590E-01  2.415E-05
14     -- 13       580.5   1611.7935    185.9993   85.706  9.310E-05  4.913E-03  1.943E-06  4.461E-06  2.615E-01  1.410E-05
15     -- 14       663.4   1726.6025    173.6314   87.971  4.126E-05  2.185E-03  8.099E-07  1.943E-06  1.163E-01  7.708E-06
16     -- 15       751.7   1841.3455    162.8116  100.126  1.638E-05  1.022E-03  3.567E-07  8.099E-07  5.437E-02  4.372E-06
