* Radex version        : 30nov2011
* Geometry             : Uniform sphere
* Molecular data file  : ./data/co.dat                                                                   
* T(kin)            [K]:  305.000
* Density of H2  [cm-3]:  1.000E+04
* Density of pH2 [cm-3]:  2.500E+03
* Density of oH2 [cm-3]:  7.500E+03
* T(background)     [K]:    2.725
* Column density [cm-2]:  9.875E+19
* Line width     [km/s]:   50.000
Calculation finished in   42 iterations
      LINE         E_UP       FREQ        WAVEL     T_EX      TAU        T_R       POP        POP       FLUX        FLUX
                   (K)        (GHz)       (um)      (K)                  (K)        UP        LOW      (K*km/s) (erg/cm2/s)
1      -- 0          5.5    115.2712   2600.7576  1.820E+03  1.217E-01  2.082E+02  4.275E-02  1.429E-02  1.108E+04  2.186E-04
2      -- 1         16.6    230.5380   1300.4037  244.769  3.532E+00  2.321E+02  6.809E-02  4.275E-02  1.235E+04  1.949E-03
3      -- 2         33.2    345.7960    866.9634  233.608  7.853E+00  2.253E+02  8.879E-02  6.809E-02  1.199E+04  6.385E-03
4      -- 3         55.3    461.0408    650.2515  229.854  1.303E+01  2.190E+02  1.037E-01  8.879E-02  1.165E+04  1.471E-02
5      -- 4         83.0    576.2679    520.2310  224.703  1.863E+01  2.112E+02  1.121E-01  1.037E-01  1.124E+04  2.770E-02
6      -- 5        116.2    691.4731    433.5562  217.992  2.404E+01  2.018E+02  1.137E-01  1.121E-01  1.074E+04  4.574E-02
7      -- 6        154.9    806.6518    371.6504  208.505  2.884E+01  1.897E+02  1.090E-01  1.137E-01  1.010E+04  6.827E-02
8      -- 7        199.1    921.7997    325.2252  196.454  3.247E+01  1.752E+02  9.861E-02  1.090E-01  9.323E+03  9.404E-02
9      -- 8        248.9   1036.9124    289.1203  181.181  3.462E+01  1.574E+02  8.374E-02  9.861E-02  8.380E+03  1.203E-01
10     -- 9        304.2   1151.9855    260.2398  162.956  3.486E+01  1.369E+02  6.593E-02  8.374E-02  7.285E+03  1.434E-01
11     -- 10       365.0   1267.0145    236.6133  142.584  3.283E+01  1.143E+02  4.714E-02  6.593E-02  6.085E+03  1.594E-01
12     -- 11       431.3   1381.9951    216.9273  120.163  2.842E+01  9.004E+01  2.950E-02  4.714E-02  4.792E+03  1.629E-01
13     -- 12       503.1   1496.9229    200.2725   96.848  2.177E+01  6.533E+01  1.518E-02  2.950E-02  3.477E+03  1.502E-01
14     -- 13       580.5   1611.7935    185.9993   74.078  1.374E+01  4.201E+01  5.737E-03  1.518E-02  2.236E+03  1.206E-01
15     -- 14       663.4   1726.6025    173.6314   56.020  6.137E+00  2.440E+01  1.397E-03  5.737E-03  1.298E+03  8.607E-02
16     -- 15       751.7   1841.3455    162.8116   50.614  1.584E+00  1.485E+01  2.595E-04  1.397E-03  7.902E+02  6.353E-02
