* Radex version        : 30nov2011
* Geometry             : Uniform sphere
* Molecular data file  : ./data/co.dat                                                                   
* T(kin)            [K]:   35.000
* Density of H2  [cm-3]:  1.995E+03
* Density of pH2 [cm-3]:  4.988E+02
* Density of oH2 [cm-3]:  1.496E+03
* T(background)     [K]:   13.800
* Column density [cm-2]:  3.079E+18
* Line width     [km/s]:   50.000
Calculation finished in   28 iterations
      LINE         E_UP       FREQ        WAVEL     T_EX      TAU        T_R       POP        POP       FLUX        FLUX
                   (K)        (GHz)       (um)      (K)                  (K)        UP        LOW      (K*km/s) (erg/cm2/s)
1      -- 0          5.5    115.2712   2600.7576   31.021  1.586E+00  1.361E+01  2.786E-01  1.110E-01  7.246E+02  1.429E-05
2      -- 1         16.6    230.5380   1300.4037   25.739  5.673E+00  1.156E+01  3.021E-01  2.786E-01  6.154E+02  9.711E-05
3      -- 2         33.2    345.7960    866.9634   22.814  8.185E+00  8.385E+00  2.043E-01  3.021E-01  4.463E+02  2.377E-04
4      -- 3         55.3    461.0408    650.2515   19.160  6.974E+00  4.602E+00  8.277E-02  2.043E-01  2.449E+02  3.091E-04
5      -- 4         83.0    576.2679    520.2310   16.317  3.268E+00  1.839E+00  1.857E-02  8.277E-02  9.787E+01  2.412E-04
6      -- 5        116.2    691.4731    433.5562   15.263  7.799E-01  5.217E-01  2.496E-03  1.857E-02  2.776E+01  1.182E-04
7      -- 6        154.9    806.6518    371.6504   15.412  1.070E-01  9.382E-02  2.336E-04  2.496E-03  4.994E+00  3.376E-05
8      -- 7        199.1    921.7997    325.2252   16.282  1.005E-02  1.260E-02  1.749E-05  2.336E-04  6.709E-01  6.767E-06
9      -- 8        248.9   1036.9124    289.1203   17.858  7.478E-04  1.405E-03  1.205E-06  1.749E-05  7.477E-02  1.074E-06
10     -- 9        304.2   1151.9855    260.2398   19.866  5.097E-05  1.336E-04  8.236E-08  1.205E-06  7.109E-03  1.400E-07
11     -- 10       365.0   1267.0145    236.6133   21.611  3.462E-06  1.083E-05  5.410E-09  8.236E-08  5.765E-04  1.510E-08
12     -- 11       431.3   1381.9951    216.9273   22.986  2.263E-07  7.638E-07  3.283E-10  5.410E-09  4.065E-05  1.382E-09
13     -- 12       503.1   1496.9229    200.2725   24.307  1.367E-08  4.851E-08  1.845E-11  3.283E-10  2.582E-06  1.115E-10
14     -- 13       580.5   1611.7935    185.9993   24.879  7.681E-10  2.557E-09  8.847E-13  1.845E-11  1.361E-07  7.338E-12
15     -- 14       663.4   1726.6025    173.6314   24.926  3.684E-11  1.064E-10  3.404E-14  8.847E-13  5.665E-09  3.755E-13
16     -- 15       751.7   1841.3455    162.8116   25.891  1.410E-12  4.037E-12  1.194E-15  3.404E-14  2.148E-10  1.727E-14
