* Radex version        : 30nov2011
* Geometry             : Uniform sphere
* Molecular data file  : ./data/co.dat                                                                   
* T(kin)            [K]:  355.000
* Density of H2  [cm-3]:  2.512E+02
* Density of pH2 [cm-3]:  6.280E+01
* Density of oH2 [cm-3]:  1.884E+02
* T(background)     [K]:    2.725
* Column density [cm-2]:  2.481E+18
* Line width     [km/s]:   50.000
Calculation finished in   34 iterations
      LINE         E_UP       FREQ        WAVEL     T_EX      TAU        T_R       POP        POP       FLUX        FLUX
                   (K)        (GHz)       (um)      (K)                  (K)        UP        LOW      (K*km/s) (erg/cm2/s)
1      -- 0          5.5    115.2712   2600.7576   30.175  1.569E+00  2.110E+01  3.318E-01  1.329E-01  1.123E+03  2.216E-05
2      -- 1         16.6    230.5380   1300.4037   20.076  6.603E+00  1.484E+01  3.187E-01  3.318E-01  7.896E+02  1.246E-04
3      -- 2         33.2    345.7960    866.9634   16.686  8.484E+00  9.702E+00  1.650E-01  3.187E-01  5.164E+02  2.750E-04
4      -- 3         55.3    461.0408    650.2515   13.695  5.310E+00  5.455E+00  4.218E-02  1.650E-01  2.904E+02  3.665E-04
5      -- 4         83.0    576.2679    520.2310   13.403  1.435E+00  3.065E+00  6.548E-03  4.218E-02  1.631E+02  4.020E-04
6      -- 5        116.2    691.4731    433.5562   21.586  1.962E-01  1.619E+00  1.663E-03  6.548E-03  8.615E+01  3.668E-04
7      -- 6        154.9    806.6518    371.6504   35.172  4.172E-02  7.885E-01  6.384E-04  1.663E-03  4.197E+01  2.837E-04
8      -- 7        199.1    921.7997    325.2252   45.186  1.479E-02  3.909E-01  2.718E-04  6.384E-04  2.081E+01  2.099E-04
9      -- 8        248.9   1036.9124    289.1203   53.287  6.057E-03  1.946E-01  1.194E-04  2.718E-04  1.036E+01  1.487E-04
10     -- 9        304.2   1151.9855    260.2398   61.836  2.564E-03  9.798E-02  5.397E-05  1.194E-04  5.215E+00  1.027E-04
11     -- 10       365.0   1267.0145    236.6133   71.189  1.117E-03  5.029E-02  2.516E-05  5.397E-05  2.677E+00  7.012E-05
12     -- 11       431.3   1381.9951    216.9273   79.459  5.084E-04  2.585E-02  1.187E-05  2.516E-05  1.376E+00  4.676E-05
13     -- 12       503.1   1496.9229    200.2725   88.205  2.340E-04  1.336E-02  5.677E-06  1.187E-05  7.113E-01  3.072E-05
14     -- 13       580.5   1611.7935    185.9993   88.533  1.161E-04  6.434E-03  2.545E-06  5.677E-06  3.424E-01  1.847E-05
15     -- 14       663.4   1726.6025    173.6314   91.294  5.284E-05  2.961E-03  1.098E-06  2.545E-06  1.576E-01  1.045E-05
16     -- 15       751.7   1841.3455    162.8116  103.721  2.172E-05  1.428E-03  4.984E-07  1.098E-06  7.598E-02  6.109E-06
