* Radex version        : 30nov2011
* Geometry             : Uniform sphere
* Molecular data file  : ./data/co.dat                                                                   
* T(kin)            [K]:  380.000
* Density of H2  [cm-3]:  2.512E+02
* Density of pH2 [cm-3]:  6.280E+01
* Density of oH2 [cm-3]:  1.884E+02
* T(background)     [K]:    2.725
* Column density [cm-2]:  2.481E+18
* Line width     [km/s]:   50.000
Calculation finished in   34 iterations
      LINE         E_UP       FREQ        WAVEL     T_EX      TAU        T_R       POP        POP       FLUX        FLUX
                   (K)        (GHz)       (um)      (K)                  (K)        UP        LOW      (K*km/s) (erg/cm2/s)
1      -- 0          5.5    115.2712   2600.7576   31.498  1.479E+00  2.160E+01  3.278E-01  1.302E-01  1.150E+03  2.268E-05
2      -- 1         16.6    230.5380   1300.4037   20.493  6.422E+00  1.524E+01  3.184E-01  3.278E-01  8.110E+02  1.280E-04
3      -- 2         33.2    345.7960    866.9634   17.067  8.363E+00  1.005E+01  1.686E-01  3.184E-01  5.351E+02  2.849E-04
4      -- 3         55.3    461.0408    650.2515   14.031  5.370E+00  5.729E+00  4.478E-02  1.686E-01  3.049E+02  3.848E-04
5      -- 4         83.0    576.2679    520.2310   13.609  1.516E+00  3.254E+00  7.172E-03  4.478E-02  1.732E+02  4.269E-04
6      -- 5        116.2    691.4731    433.5562   21.575  2.149E-01  1.756E+00  1.820E-03  7.172E-03  9.344E+01  3.979E-04
7      -- 6        154.9    806.6518    371.6504   35.490  4.544E-02  8.700E-01  7.057E-04  1.820E-03  4.630E+01  3.130E-04
8      -- 7        199.1    921.7997    325.2252   45.920  1.620E-02  4.386E-01  3.052E-04  7.057E-04  2.334E+01  2.355E-04
9      -- 8        248.9   1036.9124    289.1203   54.293  6.724E-03  2.222E-01  1.364E-04  3.052E-04  1.183E+01  1.698E-04
10     -- 9        304.2   1151.9855    260.2398   63.167  2.891E-03  1.140E-01  6.283E-05  1.364E-04  6.070E+00  1.195E-04
11     -- 10       365.0   1267.0145    236.6133   72.922  1.280E-03  5.974E-02  2.989E-05  6.283E-05  3.180E+00  8.329E-05
12     -- 11       431.3   1381.9951    216.9273   81.541  5.939E-04  3.136E-02  1.440E-05  2.989E-05  1.669E+00  5.675E-05
13     -- 12       503.1   1496.9229    200.2725   90.510  2.793E-04  1.656E-02  7.034E-06  1.440E-05  8.812E-01  3.807E-05
14     -- 13       580.5   1611.7935    185.9993   91.065  1.413E-04  8.167E-03  3.231E-06  7.034E-06  4.347E-01  2.344E-05
15     -- 14       663.4   1726.6025    173.6314   94.249  6.576E-05  3.867E-03  1.434E-06  3.231E-06  2.058E-01  1.365E-05
16     -- 15       751.7   1841.3455    162.8116  106.907  2.782E-05  1.912E-03  6.677E-07  1.434E-06  1.018E-01  8.184E-06
