* Radex version        : 30nov2011
* Geometry             : Uniform sphere
* Molecular data file  : ./data/co.dat                                                                   
* T(kin)            [K]:  300.000
* Density of H2  [cm-3]:  2.512E+04
* Density of pH2 [cm-3]:  6.280E+03
* Density of oH2 [cm-3]:  1.884E+04
* T(background)     [K]:   13.800
* Column density [cm-2]:  3.876E+19
* Line width     [km/s]:   50.000
Calculation finished in   38 iterations
      LINE         E_UP       FREQ        WAVEL     T_EX      TAU        T_R       POP        POP       FLUX        FLUX
                   (K)        (GHz)       (um)      (K)                  (K)        UP        LOW      (K*km/s) (erg/cm2/s)
1      -- 0          5.5    115.2712   2600.7576 -1.104E+03 -7.786E-02  9.056E+01  4.245E-02  1.408E-02  4.820E+03  9.508E-05
2      -- 1         16.6    230.5380   1300.4037  313.099  1.081E+00  1.973E+02  6.829E-02  4.245E-02  1.050E+04  1.657E-03
3      -- 2         33.2    345.7960    866.9634  243.625  2.968E+00  2.166E+02  8.930E-02  6.829E-02  1.153E+04  6.138E-03
4      -- 3         55.3    461.0408    650.2515  230.727  5.124E+00  2.130E+02  1.043E-01  8.930E-02  1.134E+04  1.431E-02
5      -- 4         83.0    576.2679    520.2310  223.589  7.389E+00  2.056E+02  1.127E-01  1.043E-01  1.094E+04  2.697E-02
6      -- 5        116.2    691.4731    433.5562  216.253  9.559E+00  1.968E+02  1.142E-01  1.127E-01  1.047E+04  4.459E-02
7      -- 6        154.9    806.6518    371.6504  206.525  1.146E+01  1.853E+02  1.093E-01  1.142E-01  9.861E+03  6.666E-02
8      -- 7        199.1    921.7997    325.2252  194.344  1.290E+01  1.712E+02  9.861E-02  1.093E-01  9.112E+03  9.191E-02
9      -- 8        248.9   1036.9124    289.1203  179.027  1.373E+01  1.539E+02  8.347E-02  9.861E-02  8.192E+03  1.176E-01
10     -- 9        304.2   1151.9855    260.2398  160.808  1.379E+01  1.337E+02  6.542E-02  8.347E-02  7.117E+03  1.401E-01
11     -- 10       365.0   1267.0145    236.6133  140.514  1.293E+01  1.115E+02  4.648E-02  6.542E-02  5.937E+03  1.555E-01
12     -- 11       431.3   1381.9951    216.9273  118.334  1.112E+01  8.771E+01  2.884E-02  4.648E-02  4.668E+03  1.587E-01
13     -- 12       503.1   1496.9229    200.2725   95.639  8.425E+00  6.376E+01  1.470E-02  2.884E-02  3.394E+03  1.466E-01
14     -- 13       580.5   1611.7935    185.9993   74.547  5.205E+00  4.192E+01  5.593E-03  1.470E-02  2.231E+03  1.203E-01
15     -- 14       663.4   1726.6025    173.6314   61.781  2.246E+00  2.606E+01  1.563E-03  5.593E-03  1.387E+03  9.193E-02
16     -- 15       751.7   1841.3455    162.8116   68.025  6.129E-01  1.512E+01  4.540E-04  1.563E-03  8.049E+02  6.472E-02
