* Radex version        : 30nov2011
* Geometry             : Uniform sphere
* Molecular data file  : ./data/co.dat                                                                   
* T(kin)            [K]:  380.000
* Density of H2  [cm-3]:  1.585E+06
* Density of pH2 [cm-3]:  3.962E+05
* Density of oH2 [cm-3]:  1.189E+06
* T(background)     [K]:    2.725
* Column density [cm-2]:  1.565E+22
* Line width     [km/s]:   50.000
Calculation finished in   37 iterations
      LINE         E_UP       FREQ        WAVEL     T_EX      TAU        T_R       POP        POP       FLUX        FLUX
                   (K)        (GHz)       (um)      (K)                  (K)        UP        LOW      (K*km/s) (erg/cm2/s)
1      -- 0          5.5    115.2712   2600.7576  379.986  4.666E+01  3.764E+02  2.146E-02  7.258E-03  2.003E+04  3.952E-04
2      -- 1         16.6    230.5380   1300.4037  379.987  1.825E+02  3.743E+02  3.474E-02  2.146E-02  1.992E+04  3.143E-03
3      -- 2         33.2    345.7960    866.9634  379.987  3.957E+02  3.717E+02  4.656E-02  3.474E-02  1.978E+04  1.054E-02
4      -- 3         55.3    461.0408    650.2515  379.987  6.673E+02  3.690E+02  5.647E-02  4.656E-02  1.964E+04  2.479E-02
5      -- 4         83.0    576.2679    520.2310  379.986  9.746E+02  3.663E+02  6.418E-02  5.647E-02  1.950E+04  4.805E-02
6      -- 5        116.2    691.4731    433.5562  379.985  1.292E+03  3.636E+02  6.950E-02  6.418E-02  1.935E+04  8.241E-02
7      -- 6        154.9    806.6518    371.6504  379.983  1.597E+03  3.610E+02  7.243E-02  6.950E-02  1.921E+04  1.299E-01
8      -- 7        199.1    921.7997    325.2252  379.982  1.864E+03  3.583E+02  7.306E-02  7.243E-02  1.907E+04  1.924E-01
9      -- 8        248.9   1036.9124    289.1203  379.979  2.078E+03  3.556E+02  7.163E-02  7.306E-02  1.893E+04  2.718E-01
10     -- 9        304.2   1151.9855    260.2398  379.975  2.224E+03  3.530E+02  6.845E-02  7.163E-02  1.879E+04  3.699E-01
11     -- 10       365.0   1267.0145    236.6133  379.971  2.301E+03  3.504E+02  6.389E-02  6.845E-02  1.865E+04  4.885E-01
12     -- 11       431.3   1381.9951    216.9273  379.966  2.305E+03  3.478E+02  5.832E-02  6.389E-02  1.851E+04  6.292E-01
13     -- 12       503.1   1496.9229    200.2725  379.962  2.244E+03  3.452E+02  5.213E-02  5.832E-02  1.837E+04  7.936E-01
14     -- 13       580.5   1611.7935    185.9993  379.950  2.127E+03  3.426E+02  4.568E-02  5.213E-02  1.823E+04  9.833E-01
15     -- 14       663.4   1726.6025    173.6314  379.937  1.966E+03  3.400E+02  3.926E-02  4.568E-02  1.810E+04  1.200E+00
16     -- 15       751.7   1841.3455    162.8116  379.921  1.774E+03  3.374E+02  3.312E-02  3.926E-02  1.796E+04  1.444E+00
