* Radex version        : 30nov2011
* Geometry             : Uniform sphere
* Molecular data file  : ./data/co.dat                                                                   
* T(kin)            [K]:  380.000
* Density of H2  [cm-3]:  1.000E+06
* Density of pH2 [cm-3]:  2.500E+05
* Density of oH2 [cm-3]:  7.500E+05
* T(background)     [K]:    2.725
* Column density [cm-2]:  9.875E+21
* Line width     [km/s]:   50.000
Calculation finished in   39 iterations
      LINE         E_UP       FREQ        WAVEL     T_EX      TAU        T_R       POP        POP       FLUX        FLUX
                   (K)        (GHz)       (um)      (K)                  (K)        UP        LOW      (K*km/s) (erg/cm2/s)
1      -- 0          5.5    115.2712   2600.7576  379.966  2.945E+01  3.764E+02  2.147E-02  7.261E-03  2.003E+04  3.951E-04
2      -- 1         16.6    230.5380   1300.4037  379.968  1.152E+02  3.743E+02  3.476E-02  2.147E-02  1.992E+04  3.143E-03
3      -- 2         33.2    345.7960    866.9634  379.967  2.498E+02  3.717E+02  4.658E-02  3.476E-02  1.978E+04  1.053E-02
4      -- 3         55.3    461.0408    650.2515  379.966  4.212E+02  3.690E+02  5.650E-02  4.658E-02  1.964E+04  2.479E-02
5      -- 4         83.0    576.2679    520.2310  379.964  6.152E+02  3.663E+02  6.421E-02  5.650E-02  1.950E+04  4.805E-02
6      -- 5        116.2    691.4731    433.5562  379.962  8.159E+02  3.636E+02  6.953E-02  6.421E-02  1.935E+04  8.240E-02
7      -- 6        154.9    806.6518    371.6504  379.958  1.008E+03  3.609E+02  7.246E-02  6.953E-02  1.921E+04  1.299E-01
8      -- 7        199.1    921.7997    325.2252  379.954  1.177E+03  3.583E+02  7.309E-02  7.246E-02  1.907E+04  1.923E-01
9      -- 8        248.9   1036.9124    289.1203  379.947  1.312E+03  3.556E+02  7.167E-02  7.309E-02  1.893E+04  2.718E-01
10     -- 9        304.2   1151.9855    260.2398  379.937  1.404E+03  3.530E+02  6.848E-02  7.167E-02  1.879E+04  3.699E-01
11     -- 10       365.0   1267.0145    236.6133  379.928  1.453E+03  3.503E+02  6.391E-02  6.848E-02  1.865E+04  4.884E-01
12     -- 11       431.3   1381.9951    216.9273  379.916  1.455E+03  3.477E+02  5.834E-02  6.391E-02  1.851E+04  6.291E-01
13     -- 12       503.1   1496.9229    200.2725  379.905  1.416E+03  3.451E+02  5.215E-02  5.834E-02  1.837E+04  7.935E-01
14     -- 13       580.5   1611.7935    185.9993  379.876  1.343E+03  3.425E+02  4.569E-02  5.215E-02  1.823E+04  9.831E-01
15     -- 14       663.4   1726.6025    173.6314  379.842  1.241E+03  3.399E+02  3.927E-02  4.569E-02  1.809E+04  1.199E+00
16     -- 15       751.7   1841.3455    162.8116  379.802  1.120E+03  3.373E+02  3.313E-02  3.927E-02  1.795E+04  1.444E+00
