* Radex version        : 30nov2011
* Geometry             : Uniform sphere
* Molecular data file  : ./data/co.dat                                                                   
* T(kin)            [K]:  330.000
* Density of H2  [cm-3]:  5.012E+04
* Density of pH2 [cm-3]:  1.253E+04
* Density of oH2 [cm-3]:  3.759E+04
* T(background)     [K]:    2.725
* Column density [cm-2]:  4.949E+20
* Line width     [km/s]:   50.000
Calculation finished in 6725 iterations
      LINE         E_UP       FREQ        WAVEL     T_EX      TAU        T_R       POP        POP       FLUX        FLUX
                   (K)        (GHz)       (um)      (K)                  (K)        UP        LOW      (K*km/s) (erg/cm2/s)
1      -- 0          5.5    115.2712   2600.7576  346.995  2.018E+00  2.977E+02  2.678E-02  9.071E-03  1.585E+04  3.126E-04
2      -- 1         16.6    230.5380   1300.4037  321.155  8.499E+00  3.154E+02  4.313E-02  2.678E-02  1.679E+04  2.649E-03
3      -- 2         33.2    345.7960    866.9634  322.108  1.825E+01  3.138E+02  5.734E-02  4.313E-02  1.670E+04  8.895E-03
4      -- 3         55.3    461.0408    650.2515  321.901  3.052E+01  3.110E+02  6.883E-02  5.734E-02  1.655E+04  2.089E-02
5      -- 4         83.0    576.2679    520.2310  321.347  4.413E+01  3.077E+02  7.719E-02  6.883E-02  1.638E+04  4.036E-02
6      -- 5        116.2    691.4731    433.5562  320.830  5.776E+01  3.045E+02  8.226E-02  7.719E-02  1.621E+04  6.901E-02
7      -- 6        154.9    806.6518    371.6504  319.780  7.034E+01  3.008E+02  8.409E-02  8.226E-02  1.601E+04  1.082E-01
8      -- 7        199.1    921.7997    325.2252  318.502  8.076E+01  2.969E+02  8.294E-02  8.409E-02  1.580E+04  1.594E-01
9      -- 8        248.9   1036.9124    289.1203  316.588  8.838E+01  2.924E+02  7.922E-02  8.294E-02  1.556E+04  2.234E-01
10     -- 9        304.2   1151.9855    260.2398  314.014  9.273E+01  2.872E+02  7.342E-02  7.922E-02  1.529E+04  3.009E-01
11     -- 10       365.0   1267.0145    236.6133  311.157  9.368E+01  2.817E+02  6.614E-02  7.342E-02  1.500E+04  3.928E-01
12     -- 11       431.3   1381.9951    216.9273  307.327  9.145E+01  2.754E+02  5.794E-02  6.614E-02  1.466E+04  4.982E-01
13     -- 12       503.1   1496.9229    200.2725  302.316  8.653E+01  2.678E+02  4.934E-02  5.794E-02  1.425E+04  6.158E-01
14     -- 13       580.5   1611.7935    185.9993  293.885  7.997E+01  2.569E+02  4.073E-02  4.934E-02  1.367E+04  7.373E-01
15     -- 14       663.4   1726.6025    173.6314  282.893  7.181E+01  2.435E+02  3.248E-02  4.073E-02  1.296E+04  8.591E-01
16     -- 15       751.7   1841.3455    162.8116  268.418  6.273E+01  2.267E+02  2.488E-02  3.248E-02  1.206E+04  9.699E-01
