* Radex version        : 30nov2011
* Geometry             : Uniform sphere
* Molecular data file  : ./data/co.dat                                                                   
* T(kin)            [K]:  305.000
* Density of H2  [cm-3]:  2.512E+02
* Density of pH2 [cm-3]:  6.280E+01
* Density of oH2 [cm-3]:  1.884E+02
* T(background)     [K]:    2.725
* Column density [cm-2]:  2.481E+18
* Line width     [km/s]:   50.000
Calculation finished in   34 iterations
      LINE         E_UP       FREQ        WAVEL     T_EX      TAU        T_R       POP        POP       FLUX        FLUX
                   (K)        (GHz)       (um)      (K)                  (K)        UP        LOW      (K*km/s) (erg/cm2/s)
1      -- 0          5.5    115.2712   2600.7576   27.725  1.767E+00  2.008E+01  3.405E-01  1.386E-01  1.069E+03  2.108E-05
2      -- 1         16.6    230.5380   1300.4037   19.219  6.999E+00  1.401E+01  3.191E-01  3.405E-01  7.456E+02  1.176E-04
3      -- 2         33.2    345.7960    866.9634   15.898  8.734E+00  8.979E+00  1.573E-01  3.191E-01  4.779E+02  2.545E-04
4      -- 3         55.3    461.0408    650.2515   13.001  5.165E+00  4.899E+00  3.688E-02  1.573E-01  2.608E+02  3.291E-04
5      -- 4         83.0    576.2679    520.2310   12.989  1.266E+00  2.680E+00  5.360E-03  3.688E-02  1.426E+02  3.515E-04
6      -- 5        116.2    691.4731    433.5562   21.581  1.606E-01  1.348E+00  1.361E-03  5.360E-03  7.173E+01  3.054E-04
7      -- 6        154.9    806.6518    371.6504   34.355  3.458E-02  6.308E-01  5.089E-04  1.361E-03  3.358E+01  2.270E-04
8      -- 7        199.1    921.7997    325.2252   43.476  1.206E-02  3.003E-01  2.085E-04  5.089E-04  1.598E+01  1.612E-04
9      -- 8        248.9   1036.9124    289.1203   50.957  4.772E-03  1.431E-01  8.776E-05  2.085E-04  7.617E+00  1.094E-04
10     -- 9        304.2   1151.9855    260.2398   58.749  1.945E-03  6.873E-02  3.785E-05  8.776E-05  3.658E+00  7.202E-05
11     -- 10       365.0   1267.0145    236.6133   67.143  8.122E-04  3.351E-02  1.676E-05  3.785E-05  1.783E+00  4.671E-05
12     -- 11       431.3   1381.9951    216.9273   74.560  3.525E-04  1.630E-02  7.484E-06  1.676E-05  8.675E-01  2.949E-05
13     -- 12       503.1   1496.9229    200.2725   82.754  1.537E-04  7.986E-03  3.393E-06  7.484E-06  4.251E-01  1.836E-05
14     -- 13       580.5   1611.7935    185.9993   82.522  7.245E-05  3.608E-03  1.427E-06  3.393E-06  1.920E-01  1.036E-05
15     -- 14       663.4   1726.6025    173.6314   84.186  3.111E-05  1.538E-03  5.701E-07  1.427E-06  8.186E-02  5.426E-06
16     -- 15       751.7   1841.3455    162.8116   96.006  1.183E-05  6.924E-04  2.417E-07  5.701E-07  3.685E-02  2.963E-06
