* Radex version        : 30nov2011
* Geometry             : Uniform sphere
* Molecular data file  : ./data/co.dat                                                                   
* T(kin)            [K]:  305.000
* Density of H2  [cm-3]:  1.995E+02
* Density of pH2 [cm-3]:  4.988E+01
* Density of oH2 [cm-3]:  1.496E+02
* T(background)     [K]:    2.725
* Column density [cm-2]:  1.970E+18
* Line width     [km/s]:   50.000
Calculation finished in   33 iterations
      LINE         E_UP       FREQ        WAVEL     T_EX      TAU        T_R       POP        POP       FLUX        FLUX
                   (K)        (GHz)       (um)      (K)                  (K)        UP        LOW      (K*km/s) (erg/cm2/s)
1      -- 0          5.5    115.2712   2600.7576   21.450  2.081E+00  1.572E+01  3.790E-01  1.635E-01  8.369E+02  1.651E-05
2      -- 1         16.6    230.5380   1300.4037   15.649  7.167E+00  1.056E+01  3.115E-01  3.790E-01  5.621E+02  8.870E-05
3      -- 2         33.2    345.7960    866.9634   12.889  7.568E+00  6.283E+00  1.203E-01  3.115E-01  3.344E+02  1.781E-04
4      -- 3         55.3    461.0408    650.2515   11.009  3.324E+00  3.294E+00  2.073E-02  1.203E-01  1.753E+02  2.213E-04
5      -- 4         83.0    576.2679    520.2310   13.456  5.595E-01  1.740E+00  3.245E-03  2.073E-02  9.260E+01  2.282E-04
6      -- 5        116.2    691.4731    433.5562   24.677  7.274E-02  8.204E-01  9.993E-04  3.245E-03  4.367E+01  1.859E-04
7      -- 6        154.9    806.6518    371.6504   35.295  1.987E-02  3.819E-01  3.850E-04  9.993E-04  2.032E+01  1.374E-04
8      -- 7        199.1    921.7997    325.2252   43.641  7.232E-03  1.816E-01  1.583E-04  3.850E-04  9.663E+00  9.748E-05
9      -- 8        248.9   1036.9124    289.1203   51.059  2.875E-03  8.658E-02  6.677E-05  1.583E-04  4.608E+00  6.616E-05
10     -- 9        304.2   1151.9855    260.2398   58.691  1.176E-03  4.152E-02  2.877E-05  6.677E-05  2.210E+00  4.351E-05
11     -- 10       365.0   1267.0145    236.6133   67.158  4.904E-04  2.024E-02  1.274E-05  2.877E-05  1.077E+00  2.822E-05
12     -- 11       431.3   1381.9951    216.9273   74.392  2.132E-04  9.825E-03  5.679E-06  1.274E-05  5.229E-01  1.778E-05
13     -- 12       503.1   1496.9229    200.2725   82.640  9.272E-05  4.808E-03  2.571E-06  5.679E-06  2.559E-01  1.105E-05
14     -- 13       580.5   1611.7935    185.9993   82.205  4.372E-05  2.164E-03  1.078E-06  2.571E-06  1.152E-01  6.211E-06
15     -- 14       663.4   1726.6025    173.6314   83.763  1.871E-05  9.180E-04  4.284E-07  1.078E-06  4.886E-02  3.239E-06
16     -- 15       751.7   1841.3455    162.8116   95.739  7.076E-06  4.122E-04  1.812E-07  4.284E-07  2.194E-02  1.764E-06
