* Radex version        : 30nov2011
* Geometry             : Uniform sphere
* Molecular data file  : ./data/co.dat                                                                   
* T(kin)            [K]:   30.000
* Density of H2  [cm-3]:  1.000E+06
* Density of pH2 [cm-3]:  2.500E+05
* Density of oH2 [cm-3]:  7.500E+05
* T(background)     [K]:    2.725
* Column density [cm-2]:  9.875E+21
* Line width     [km/s]:   50.000
Calculation finished in   26 iterations
      LINE         E_UP       FREQ        WAVEL     T_EX      TAU        T_R       POP        POP       FLUX        FLUX
                   (K)        (GHz)       (um)      (K)                  (K)        UP        LOW      (K*km/s) (erg/cm2/s)
1      -- 0          5.5    115.2712   2600.7576   30.000  4.225E+03  2.648E+01  2.230E-01  8.940E-02  1.410E+03  2.780E-05
2      -- 1         16.6    230.5380   1300.4037   30.000  1.286E+04  2.461E+01  2.571E-01  2.230E-01  1.310E+03  2.067E-04
3      -- 2         33.2    345.7960    866.9634   30.000  1.837E+04  2.243E+01  2.070E-01  2.571E-01  1.194E+03  6.356E-04
4      -- 3         55.3    461.0408    650.2515   30.000  1.726E+04  2.028E+01  1.273E-01  2.070E-01  1.079E+03  1.362E-03
5      -- 4         83.0    576.2679    520.2310   30.000  1.189E+04  1.827E+01  6.188E-02  1.273E-01  9.722E+02  2.396E-03
6      -- 5        116.2    691.4731    433.5562   30.000  6.292E+03  1.641E+01  2.419E-02  6.188E-02  8.732E+02  3.718E-03
7      -- 6        154.9    806.6518    371.6504   29.999  2.624E+03  1.469E+01  7.680E-03  2.419E-02  7.821E+02  5.287E-03
8      -- 7        199.1    921.7997    325.2252   29.998  8.751E+02  1.313E+01  1.992E-03  7.680E-03  6.987E+02  7.048E-03
9      -- 8        248.9   1036.9124    289.1203   29.988  2.357E+02  1.169E+01  4.235E-04  1.992E-03  6.223E+02  8.935E-03
10     -- 9        304.2   1151.9855    260.2398   29.934  5.161E+01  1.035E+01  7.382E-05  4.235E-04  5.510E+02  1.085E-02
11     -- 10       365.0   1267.0145    236.6133   29.233  9.265E+00  8.680E+00  1.010E-05  7.382E-05  4.620E+02  1.210E-02
12     -- 11       431.3   1381.9951    216.9273   26.548  1.317E+00  4.351E+00  9.026E-07  1.010E-05  2.316E+02  7.871E-03
13     -- 12       503.1   1496.9229    200.2725   26.356  1.189E-01  5.642E-01  6.384E-08  9.026E-07  3.003E+01  1.297E-03
14     -- 13       580.5   1611.7935    185.9993   26.905  8.420E-03  3.877E-02  3.868E-09  6.384E-08  2.064E+00  1.113E-04
15     -- 14       663.4   1726.6025    173.6314   26.721  5.119E-04  1.998E-03  1.861E-10  3.868E-09  1.064E-01  7.051E-06
16     -- 15       751.7   1841.3455    162.8116   26.741  2.463E-05  8.294E-05  7.273E-12  1.861E-10  4.414E-03  3.549E-07
