* Radex version        : 30nov2011
* Geometry             : Uniform sphere
* Molecular data file  : ./data/co.dat                                                                   
* T(kin)            [K]:  355.000
* Density of H2  [cm-3]:  1.259E+02
* Density of pH2 [cm-3]:  3.147E+01
* Density of oH2 [cm-3]:  9.442E+01
* T(background)     [K]:    2.725
* Column density [cm-2]:  1.243E+18
* Line width     [km/s]:   50.000
Calculation finished in   32 iterations
      LINE         E_UP       FREQ        WAVEL     T_EX      TAU        T_R       POP        POP       FLUX        FLUX
                   (K)        (GHz)       (um)      (K)                  (K)        UP        LOW      (K*km/s) (erg/cm2/s)
1      -- 0          5.5    115.2712   2600.7576   14.163  2.490E+00  9.849E+00  4.424E-01  2.180E-01  5.242E+02  1.034E-05
2      -- 1         16.6    230.5380   1300.4037   10.886  6.645E+00  6.073E+00  2.669E-01  4.424E-01  3.232E+02  5.101E-05
3      -- 2         33.2    345.7960    866.9634    9.204  4.719E+00  3.208E+00  6.157E-02  2.669E-01  1.707E+02  9.092E-05
4      -- 3         55.3    461.0408    650.2515    9.667  1.114E+00  1.672E+00  8.024E-03  6.157E-02  8.899E+01  1.123E-04
5      -- 4         83.0    576.2679    520.2310   16.891  1.262E-01  7.917E-01  1.907E-03  8.024E-03  4.214E+01  1.039E-04
6      -- 5        116.2    691.4731    433.5562   28.442  2.513E-02  3.723E-01  7.019E-04  1.907E-03  1.982E+01  8.438E-05
7      -- 6        154.9    806.6518    371.6504   37.052  8.572E-03  1.793E-01  2.849E-04  7.019E-04  9.542E+00  6.450E-05
8      -- 7        199.1    921.7997    325.2252   45.703  3.286E-03  8.891E-02  1.226E-04  2.849E-04  4.732E+00  4.773E-05
9      -- 8        248.9   1036.9124    289.1203   53.565  1.365E-03  4.432E-02  5.413E-05  1.226E-04  2.359E+00  3.387E-05
10     -- 9        304.2   1151.9855    260.2398   61.753  5.832E-04  2.226E-02  2.444E-05  5.413E-05  1.185E+00  2.333E-05
11     -- 10       365.0   1267.0145    236.6133   71.314  2.532E-04  1.144E-02  1.141E-05  2.444E-05  6.087E-01  1.594E-05
12     -- 11       431.3   1381.9951    216.9273   78.997  1.160E-04  5.848E-03  5.357E-06  1.141E-05  3.112E-01  1.058E-05
13     -- 12       503.1   1496.9229    200.2725   87.941  5.304E-05  3.016E-03  2.556E-06  5.357E-06  1.605E-01  6.933E-06
14     -- 13       580.5   1611.7935    185.9993   87.664  2.636E-05  1.439E-03  1.136E-06  2.556E-06  7.660E-02  4.131E-06
15     -- 14       663.4   1726.6025    173.6314   90.334  1.190E-05  6.560E-04  4.852E-07  1.136E-06  3.492E-02  2.315E-06
16     -- 15       751.7   1841.3455    162.8116  103.007  4.832E-06  3.144E-04  2.190E-07  4.852E-07  1.673E-02  1.345E-06
