* Radex version        : 30nov2011
* Geometry             : Uniform sphere
* Molecular data file  : ./data/co.dat                                                                   
* T(kin)            [K]:   35.000
* Density of H2  [cm-3]:  3.162E+05
* Density of pH2 [cm-3]:  7.906E+04
* Density of oH2 [cm-3]:  2.372E+05
* T(background)     [K]:   13.800
* Column density [cm-2]:  4.879E+20
* Line width     [km/s]:   50.000
Calculation finished in   29 iterations
      LINE         E_UP       FREQ        WAVEL     T_EX      TAU        T_R       POP        POP       FLUX        FLUX
                   (K)        (GHz)       (um)      (K)                  (K)        UP        LOW      (K*km/s) (erg/cm2/s)
1      -- 0          5.5    115.2712   2600.7576   34.999  1.561E+02  2.109E+01  1.972E-01  7.698E-02  1.122E+03  2.214E-05
2      -- 1         16.6    230.5380   1300.4037   34.999  4.937E+02  2.076E+01  2.396E-01  1.972E-01  1.105E+03  1.743E-04
3      -- 2         33.2    345.7960    866.9634   34.999  7.516E+02  2.023E+01  2.087E-01  2.396E-01  1.077E+03  5.733E-04
4      -- 3         55.3    461.0408    650.2515   34.998  7.726E+02  1.952E+01  1.426E-01  2.087E-01  1.039E+03  1.311E-03
5      -- 4         83.0    576.2679    520.2310   34.995  5.971E+02  1.866E+01  7.909E-02  1.426E-01  9.933E+02  2.448E-03
6      -- 5        116.2    691.4731    433.5562   34.989  3.638E+02  1.769E+01  3.620E-02  7.909E-02  9.414E+02  4.008E-03
7      -- 6        154.9    806.6518    371.6504   34.969  1.792E+02  1.662E+01  1.381E-02  3.620E-02  8.846E+02  5.980E-03
8      -- 7        199.1    921.7997    325.2252   34.894  7.243E+01  1.546E+01  4.404E-03  1.381E-02  8.228E+02  8.300E-03
9      -- 8        248.9   1036.9124    289.1203   34.532  2.428E+01  1.404E+01  1.165E-03  4.404E-03  7.473E+02  1.073E-02
10     -- 9        304.2   1151.9855    260.2398   32.151  6.835E+00  1.103E+01  2.306E-04  1.165E-03  5.870E+02  1.156E-02
11     -- 10       365.0   1267.0145    236.6133   27.422  1.456E+00  5.122E+00  2.750E-05  2.306E-04  2.726E+02  7.141E-03
12     -- 11       431.3   1381.9951    216.9273   26.918  1.767E-01  9.106E-01  2.544E-06  2.750E-05  4.847E+01  1.648E-03
13     -- 12       503.1   1496.9229    200.2725   28.266  1.632E-02  9.297E-02  2.163E-07  2.544E-06  4.948E+00  2.137E-04
14     -- 13       580.5   1611.7935    185.9993   28.421  1.396E-03  7.196E-03  1.528E-08  2.163E-07  3.830E-01  2.065E-05
15     -- 14       663.4   1726.6025    173.6314   28.410  9.896E-05  4.488E-04  8.839E-10  1.528E-08  2.389E-02  1.583E-06
16     -- 15       751.7   1841.3455    162.8116   28.643  5.725E-06  2.340E-05  4.302E-11  8.839E-10  1.246E-03  1.001E-07
