* Radex version        : 30nov2011
* Geometry             : Uniform sphere
* Molecular data file  : ./data/co.dat                                                                   
* T(kin)            [K]:  305.000
* Density of H2  [cm-3]:  2.512E+05
* Density of pH2 [cm-3]:  6.280E+04
* Density of oH2 [cm-3]:  1.884E+05
* T(background)     [K]:    2.725
* Column density [cm-2]:  2.481E+21
* Line width     [km/s]:   50.000
Calculation finished in   42 iterations
      LINE         E_UP       FREQ        WAVEL     T_EX      TAU        T_R       POP        POP       FLUX        FLUX
                   (K)        (GHz)       (um)      (K)                  (K)        UP        LOW      (K*km/s) (erg/cm2/s)
1      -- 0          5.5    115.2712   2600.7576  304.759  1.153E+01  3.012E+02  2.678E-02  9.090E-03  1.603E+04  3.162E-04
2      -- 1         16.6    230.5380   1300.4037  304.722  4.485E+01  2.990E+02  4.304E-02  2.678E-02  1.592E+04  2.511E-03
3      -- 2         33.2    345.7960    866.9634  304.718  9.637E+01  2.965E+02  5.707E-02  4.304E-02  1.578E+04  8.403E-03
4      -- 3         55.3    461.0408    650.2515  304.710  1.605E+02  2.938E+02  6.823E-02  5.707E-02  1.564E+04  1.973E-02
5      -- 4         83.0    576.2679    520.2310  304.687  2.307E+02  2.911E+02  7.616E-02  6.823E-02  1.549E+04  3.818E-02
6      -- 5        116.2    691.4731    433.5562  304.667  3.000E+02  2.884E+02  8.072E-02  7.616E-02  1.535E+04  6.535E-02
7      -- 6        154.9    806.6518    371.6504  304.624  3.621E+02  2.857E+02  8.202E-02  8.072E-02  1.521E+04  1.028E-01
8      -- 7        199.1    921.7997    325.2252  304.575  4.116E+02  2.830E+02  8.039E-02  8.202E-02  1.506E+04  1.519E-01
9      -- 8        248.9   1036.9124    289.1203  304.498  4.450E+02  2.803E+02  7.630E-02  8.039E-02  1.492E+04  2.142E-01
10     -- 9        304.2   1151.9855    260.2398  304.388  4.605E+02  2.776E+02  7.032E-02  7.630E-02  1.477E+04  2.909E-01
11     -- 10       365.0   1267.0145    236.6133  304.273  4.589E+02  2.749E+02  6.307E-02  7.032E-02  1.463E+04  3.832E-01
12     -- 11       431.3   1381.9951    216.9273  304.111  4.412E+02  2.722E+02  5.512E-02  6.307E-02  1.449E+04  4.924E-01
13     -- 12       503.1   1496.9229    200.2725  303.934  4.107E+02  2.694E+02  4.700E-02  5.512E-02  1.434E+04  6.195E-01
14     -- 13       580.5   1611.7935    185.9993  303.561  3.711E+02  2.665E+02  3.912E-02  4.700E-02  1.419E+04  7.650E-01
15     -- 14       663.4   1726.6025    173.6314  303.097  3.257E+02  2.636E+02  3.182E-02  3.912E-02  1.403E+04  9.299E-01
16     -- 15       751.7   1841.3455    162.8116  302.459  2.781E+02  2.604E+02  2.529E-02  3.182E-02  1.386E+04  1.114E+00
