* Radex version        : 30nov2011
* Geometry             : Uniform sphere
* Molecular data file  : ./data/co.dat                                                                   
* T(kin)            [K]:  305.000
* Density of H2  [cm-3]:  3.162E+03
* Density of pH2 [cm-3]:  7.906E+02
* Density of oH2 [cm-3]:  2.372E+03
* T(background)     [K]:    2.725
* Column density [cm-2]:  3.123E+19
* Line width     [km/s]:   50.000
Calculation finished in   39 iterations
      LINE         E_UP       FREQ        WAVEL     T_EX      TAU        T_R       POP        POP       FLUX        FLUX
                   (K)        (GHz)       (um)      (K)                  (K)        UP        LOW      (K*km/s) (erg/cm2/s)
1      -- 0          5.5    115.2712   2600.7576 -422.462 -2.920E-01  1.445E+02  7.587E-02  2.496E-02  7.690E+03  1.517E-04
2      -- 1         16.6    230.5380   1300.4037  148.358  3.224E+00  1.370E+02  1.174E-01  7.587E-02  7.293E+03  1.151E-03
3      -- 2         33.2    345.7960    866.9634  133.817  7.280E+00  1.256E+02  1.452E-01  1.174E-01  6.683E+03  3.559E-03
4      -- 3         55.3    461.0408    650.2515  126.054  1.181E+01  1.153E+02  1.566E-01  1.452E-01  6.137E+03  7.745E-03
5      -- 4         83.0    576.2679    520.2310  116.283  1.626E+01  1.030E+02  1.509E-01  1.566E-01  5.482E+03  1.351E-02
6      -- 5        116.2    691.4731    433.5562  104.408  1.974E+01  8.869E+01  1.298E-01  1.509E-01  4.721E+03  2.010E-02
7      -- 6        154.9    806.6518    371.6504   90.070  2.145E+01  7.210E+01  9.741E-02  1.298E-01  3.837E+03  2.594E-02
8      -- 7        199.1    921.7997    325.2252   74.414  2.040E+01  5.447E+01  6.092E-02  9.741E-02  2.899E+03  2.925E-02
9      -- 8        248.9   1036.9124    289.1203   58.600  1.611E+01  3.720E+01  2.912E-02  6.092E-02  1.980E+03  2.843E-02
10     -- 9        304.2   1151.9855    260.2398   44.840  9.441E+00  2.274E+01  9.381E-03  2.912E-02  1.210E+03  2.383E-02
11     -- 10       365.0   1267.0145    236.6133   36.204  3.461E+00  1.350E+01  1.916E-03  9.381E-03  7.185E+02  1.882E-02
12     -- 11       431.3   1381.9951    216.9273   41.274  6.883E-01  8.276E+00  4.175E-04  1.916E-03  4.405E+02  1.497E-02
13     -- 12       503.1   1496.9229    200.2725   67.830  1.215E-01  4.363E+00  1.563E-04  4.175E-04  2.322E+02  1.003E-02
14     -- 13       580.5   1611.7935    185.9993   84.607  4.140E-02  2.099E+00  6.731E-05  1.563E-04  1.117E+02  6.023E-03
15     -- 14       663.4   1726.6025    173.6314   91.064  1.762E-02  9.751E-01  2.896E-05  6.731E-05  5.190E+01  3.440E-03
16     -- 15       751.7   1841.3455    162.8116  100.923  7.339E-03  4.615E-01  1.284E-05  2.896E-05  2.456E+01  1.975E-03
