* Radex version        : 30nov2011
* Geometry             : Uniform sphere
* Molecular data file  : ./data/co.dat                                                                   
* T(kin)            [K]:  330.000
* Density of H2  [cm-3]:  1.259E+03
* Density of pH2 [cm-3]:  3.147E+02
* Density of oH2 [cm-3]:  9.442E+02
* T(background)     [K]:    2.725
* Column density [cm-2]:  1.243E+19
* Line width     [km/s]:   50.000
Calculation finished in   37 iterations
      LINE         E_UP       FREQ        WAVEL     T_EX      TAU        T_R       POP        POP       FLUX        FLUX
                   (K)        (GHz)       (um)      (K)                  (K)        UP        LOW      (K*km/s) (erg/cm2/s)
1      -- 0          5.5    115.2712   2600.7576 -1.450E+03 -5.779E-02  8.650E+01  1.289E-01  4.280E-02  4.604E+03  9.082E-05
2      -- 1         16.6    230.5380   1300.4037   79.490  3.942E+00  7.246E+01  1.869E-01  1.289E-01  3.857E+03  6.085E-04
3      -- 2         33.2    345.7960    866.9634   70.605  8.289E+00  6.258E+01  2.069E-01  1.869E-01  3.331E+03  1.774E-03
4      -- 3         55.3    461.0408    650.2515   62.853  1.236E+01  5.243E+01  1.871E-01  2.069E-01  2.791E+03  3.522E-03
5      -- 4         83.0    576.2679    520.2310   53.453  1.475E+01  4.081E+01  1.363E-01  1.871E-01  2.172E+03  5.353E-03
6      -- 5        116.2    691.4731    433.5562   43.506  1.391E+01  2.900E+01  7.511E-02  1.363E-01  1.544E+03  6.573E-03
7      -- 6        154.9    806.6518    371.6504   34.042  9.611E+00  1.828E+01  2.779E-02  7.511E-02  9.727E+02  6.575E-03
8      -- 7        199.1    921.7997    325.2252   27.391  4.142E+00  1.081E+01  6.264E-03  2.779E-02  5.752E+02  5.802E-03
9      -- 8        248.9   1036.9124    289.1203   28.837  9.474E-01  6.600E+00  1.247E-03  6.264E-03  3.513E+02  5.044E-03
10     -- 9        304.2   1151.9855    260.2398   46.418  1.580E-01  3.528E+00  4.187E-04  1.247E-03  1.878E+02  3.697E-03
11     -- 10       365.0   1267.0145    236.6133   65.883  4.556E-02  1.786E+00  1.822E-04  4.187E-04  9.504E+01  2.489E-03
12     -- 11       431.3   1381.9951    216.9273   77.064  1.881E-02  9.058E-01  8.376E-05  1.822E-04  4.821E+01  1.639E-03
13     -- 12       503.1   1496.9229    200.2725   86.242  8.398E-03  4.621E-01  3.932E-05  8.376E-05  2.459E+01  1.062E-03
14     -- 13       580.5   1611.7935    185.9993   88.733  4.025E-03  2.234E-01  1.766E-05  3.932E-05  1.189E+01  6.411E-04
15     -- 14       663.4   1726.6025    173.6314   92.265  1.826E-03  1.039E-01  7.692E-06  1.766E-05  5.530E+00  3.666E-04
16     -- 15       751.7   1841.3455    162.8116  103.143  7.654E-04  4.988E-02  3.476E-06  7.692E-06  2.655E+00  2.135E-04
