* Radex version        : 30nov2011
* Geometry             : Uniform sphere
* Molecular data file  : ./data/co.dat                                                                   
* T(kin)            [K]:  300.000
* Density of H2  [cm-3]:  5.012E+04
* Density of pH2 [cm-3]:  1.253E+04
* Density of oH2 [cm-3]:  3.759E+04
* T(background)     [K]:   13.800
* Column density [cm-2]:  7.733E+19
* Line width     [km/s]:   50.000
Calculation finished in   39 iterations
      LINE         E_UP       FREQ        WAVEL     T_EX      TAU        T_R       POP        POP       FLUX        FLUX
                   (K)        (GHz)       (um)      (K)                  (K)        UP        LOW      (K*km/s) (erg/cm2/s)
1      -- 0          5.5    115.2712   2600.7576  578.006  2.401E-01  1.204E+02  3.408E-02  1.147E-02  6.407E+03  1.264E-04
2      -- 1         16.6    230.5380   1300.4037  298.650  1.815E+00  2.379E+02  5.473E-02  3.408E-02  1.266E+04  1.998E-03
3      -- 2         33.2    345.7960    866.9634  274.978  4.221E+00  2.558E+02  7.214E-02  5.473E-02  1.362E+04  7.251E-03
4      -- 3         55.3    461.0408    650.2515  271.119  7.078E+00  2.544E+02  8.548E-02  7.214E-02  1.354E+04  1.709E-02
5      -- 4         83.0    576.2679    520.2310  268.576  1.016E+01  2.507E+02  9.425E-02  8.548E-02  1.334E+04  3.288E-02
6      -- 5        116.2    691.4731    433.5562  265.726  1.317E+01  2.462E+02  9.831E-02  9.425E-02  1.310E+04  5.579E-02
7      -- 6        154.9    806.6518    371.6504  261.388  1.586E+01  2.400E+02  9.782E-02  9.831E-02  1.277E+04  8.635E-02
8      -- 7        199.1    921.7997    325.2252  255.711  1.798E+01  2.324E+02  9.325E-02  9.782E-02  1.237E+04  1.248E-01
9      -- 8        248.9   1036.9124    289.1203  247.903  1.941E+01  2.225E+02  8.527E-02  9.325E-02  1.184E+04  1.700E-01
10     -- 9        304.2   1151.9855    260.2398  237.776  2.004E+01  2.102E+02  7.469E-02  8.527E-02  1.119E+04  2.202E-01
11     -- 10       365.0   1267.0145    236.6133  225.499  1.983E+01  1.957E+02  6.247E-02  7.469E-02  1.042E+04  2.729E-01
12     -- 11       431.3   1381.9951    216.9273  209.983  1.883E+01  1.780E+02  4.951E-02  6.247E-02  9.475E+03  3.221E-01
13     -- 12       503.1   1496.9229    200.2725  190.623  1.715E+01  1.566E+02  3.668E-02  4.951E-02  8.333E+03  3.600E-01
14     -- 13       580.5   1611.7935    185.9993  166.084  1.495E+01  1.301E+02  2.473E-02  3.668E-02  6.925E+03  3.734E-01
15     -- 14       663.4   1726.6025    173.6314  138.764  1.206E+01  1.012E+02  1.455E-02  2.473E-02  5.388E+03  3.571E-01
16     -- 15       751.7   1841.3455    162.8116  111.335  8.574E+00  7.277E+01  7.003E-03  1.455E-02  3.873E+03  3.114E-01
