* Radex version        : 30nov2011
* Geometry             : Uniform sphere
* Molecular data file  : ./data/co.dat                                                                   
* T(kin)            [K]:  330.000
* Density of H2  [cm-3]:  1.259E+02
* Density of pH2 [cm-3]:  3.147E+01
* Density of oH2 [cm-3]:  9.442E+01
* T(background)     [K]:    2.725
* Column density [cm-2]:  1.243E+18
* Line width     [km/s]:   50.000
Calculation finished in   32 iterations
      LINE         E_UP       FREQ        WAVEL     T_EX      TAU        T_R       POP        POP       FLUX        FLUX
                   (K)        (GHz)       (um)      (K)                  (K)        UP        LOW      (K*km/s) (erg/cm2/s)
1      -- 0          5.5    115.2712   2600.7576   13.817  2.584E+00  9.613E+00  4.456E-01  2.217E-01  5.117E+02  1.009E-05
2      -- 1         16.6    230.5380   1300.4037   10.686  6.764E+00  5.891E+00  2.637E-01  4.456E-01  3.135E+02  4.947E-05
3      -- 2         33.2    345.7960    866.9634    9.026  4.695E+00  3.072E+00  5.871E-02  2.637E-01  1.635E+02  8.708E-05
4      -- 3         55.3    461.0408    650.2515    9.546  1.065E+00  1.580E+00  7.434E-03  5.871E-02  8.408E+01  1.061E-04
5      -- 4         83.0    576.2679    520.2310   16.847  1.171E-01  7.336E-01  1.760E-03  7.434E-03  3.905E+01  9.623E-05
6      -- 5        116.2    691.4731    433.5562   28.111  2.332E-02  3.391E-01  6.387E-04  1.760E-03  1.805E+01  7.684E-05
7      -- 6        154.9    806.6518    371.6504   36.461  7.870E-03  1.604E-01  2.549E-04  6.387E-04  8.540E+00  5.772E-05
8      -- 7        199.1    921.7997    325.2252   44.821  2.974E-03  7.805E-02  1.076E-04  2.549E-04  4.154E+00  4.190E-05
9      -- 8        248.9   1036.9124    289.1203   52.405  1.214E-03  3.811E-02  4.655E-05  1.076E-04  2.029E+00  2.913E-05
10     -- 9        304.2   1151.9855    260.2398   60.239  5.092E-04  1.872E-02  2.055E-05  4.655E-05  9.961E-01  1.961E-05
11     -- 10       365.0   1267.0145    236.6133   69.375  2.166E-04  9.389E-03  9.367E-06  2.055E-05  4.997E-01  1.309E-05
12     -- 11       431.3   1381.9951    216.9273   76.664  9.704E-05  4.679E-03  4.287E-06  9.367E-06  2.491E-01  8.466E-06
13     -- 12       503.1   1496.9229    200.2725   85.396  4.325E-05  2.355E-03  1.996E-06  4.287E-06  1.254E-01  5.415E-06
14     -- 13       580.5   1611.7935    185.9993   84.835  2.101E-05  1.091E-03  8.614E-07  1.996E-06  5.809E-02  3.133E-06
15     -- 14       663.4   1726.6025    173.6314   86.980  9.230E-06  4.802E-04  3.552E-07  8.614E-07  2.556E-02  1.694E-06
16     -- 15       751.7   1841.3455    162.8116   99.423  3.617E-06  2.231E-04  1.554E-07  3.552E-07  1.188E-02  9.549E-07
