* Radex version        : 30nov2011
* Geometry             : Uniform sphere
* Molecular data file  : ./data/co.dat                                                                   
* T(kin)            [K]:  305.000
* Density of H2  [cm-3]:  7.943E+04
* Density of pH2 [cm-3]:  1.986E+04
* Density of oH2 [cm-3]:  5.957E+04
* T(background)     [K]:    2.725
* Column density [cm-2]:  7.844E+20
* Line width     [km/s]:   50.000
Calculation finished in   44 iterations
      LINE         E_UP       FREQ        WAVEL     T_EX      TAU        T_R       POP        POP       FLUX        FLUX
                   (K)        (GHz)       (um)      (K)                  (K)        UP        LOW      (K*km/s) (erg/cm2/s)
1      -- 0          5.5    115.2712   2600.7576  306.145  3.746E+00  2.954E+02  2.765E-02  9.385E-03  1.572E+04  3.101E-04
2      -- 1         16.6    230.5380   1300.4037  302.072  1.477E+01  2.964E+02  4.443E-02  2.765E-02  1.577E+04  2.489E-03
3      -- 2         33.2    345.7960    866.9634  302.317  3.170E+01  2.941E+02  5.887E-02  4.443E-02  1.565E+04  8.334E-03
4      -- 3         55.3    461.0408    650.2515  302.224  5.278E+01  2.913E+02  7.035E-02  5.887E-02  1.550E+04  1.957E-02
5      -- 4         83.0    576.2679    520.2310  302.011  7.585E+01  2.884E+02  7.846E-02  7.035E-02  1.535E+04  3.783E-02
6      -- 5        116.2    691.4731    433.5562  301.819  9.860E+01  2.855E+02  8.307E-02  7.846E-02  1.520E+04  6.471E-02
7      -- 6        154.9    806.6518    371.6504  301.412  1.190E+02  2.825E+02  8.430E-02  8.307E-02  1.503E+04  1.016E-01
8      -- 7        199.1    921.7997    325.2252  300.937  1.353E+02  2.794E+02  8.248E-02  8.430E-02  1.487E+04  1.500E-01
9      -- 8        248.9   1036.9124    289.1203  300.214  1.463E+02  2.760E+02  7.810E-02  8.248E-02  1.469E+04  2.109E-01
10     -- 9        304.2   1151.9855    260.2398  299.198  1.514E+02  2.724E+02  7.176E-02  7.810E-02  1.450E+04  2.855E-01
11     -- 10       365.0   1267.0145    236.6133  298.091  1.508E+02  2.687E+02  6.409E-02  7.176E-02  1.430E+04  3.746E-01
12     -- 11       431.3   1381.9951    216.9273  296.572  1.450E+02  2.646E+02  5.570E-02  6.409E-02  1.409E+04  4.788E-01
13     -- 12       503.1   1496.9229    200.2725  294.683  1.349E+02  2.602E+02  4.714E-02  5.570E-02  1.385E+04  5.983E-01
14     -- 13       580.5   1611.7935    185.9993  291.177  1.221E+02  2.542E+02  3.882E-02  4.714E-02  1.353E+04  7.296E-01
15     -- 14       663.4   1726.6025    173.6314  286.552  1.073E+02  2.471E+02  3.108E-02  3.882E-02  1.315E+04  8.719E-01
16     -- 15       751.7   1841.3455    162.8116  279.998  9.177E+01  2.381E+02  2.413E-02  3.108E-02  1.267E+04  1.019E+00
