* Radex version        : 30nov2011
* Geometry             : Uniform sphere
* Molecular data file  : ./data/co.dat                                                                   
* T(kin)            [K]:   35.000
* Density of H2  [cm-3]:  3.162E+04
* Density of pH2 [cm-3]:  7.906E+03
* Density of oH2 [cm-3]:  2.372E+04
* T(background)     [K]:   13.800
* Column density [cm-2]:  4.879E+19
* Line width     [km/s]:   50.000
Calculation finished in   34 iterations
      LINE         E_UP       FREQ        WAVEL     T_EX      TAU        T_R       POP        POP       FLUX        FLUX
                   (K)        (GHz)       (um)      (K)                  (K)        UP        LOW      (K*km/s) (erg/cm2/s)
1      -- 0          5.5    115.2712   2600.7576   34.931  1.580E+01  2.102E+01  1.993E-01  7.782E-02  1.119E+03  2.207E-05
2      -- 1         16.6    230.5380   1300.4037   34.920  4.999E+01  2.068E+01  2.419E-01  1.993E-01  1.101E+03  1.737E-04
3      -- 2         33.2    345.7960    866.9634   34.881  7.610E+01  2.011E+01  2.105E-01  2.419E-01  1.070E+03  5.700E-04
4      -- 3         55.3    461.0408    650.2515   34.785  7.824E+01  1.931E+01  1.432E-01  2.105E-01  1.028E+03  1.297E-03
5      -- 4         83.0    576.2679    520.2310   34.536  6.049E+01  1.823E+01  7.860E-02  1.432E-01  9.701E+02  2.391E-03
6      -- 5        116.2    691.4731    433.5562   33.769  3.692E+01  1.656E+01  3.477E-02  7.860E-02  8.813E+02  3.752E-03
7      -- 6        154.9    806.6518    371.6504   31.009  1.833E+01  1.309E+01  1.151E-02  3.477E-02  6.965E+02  4.708E-03
8      -- 7        199.1    921.7997    325.2252   24.974  6.975E+00  7.192E+00  2.219E-03  1.151E-02  3.828E+02  3.861E-03
9      -- 8        248.9   1036.9124    289.1203   19.954  1.470E+00  2.380E+00  2.048E-04  2.219E-03  1.267E+02  1.819E-03
10     -- 9        304.2   1151.9855    260.2398   20.499  1.365E-01  3.792E-01  1.526E-05  2.048E-04  2.018E+01  3.974E-04
11     -- 10       365.0   1267.0145    236.6133   22.657  1.007E-02  3.716E-02  1.142E-06  1.526E-05  1.978E+00  5.180E-05
12     -- 11       431.3   1381.9951    216.9273   24.176  7.500E-04  3.010E-03  7.984E-08  1.142E-06  1.602E-01  5.445E-06
13     -- 12       503.1   1496.9229    200.2725   25.372  5.231E-05  2.146E-04  5.081E-09  7.984E-08  1.142E-02  4.933E-07
14     -- 13       580.5   1611.7935    185.9993   25.738  3.335E-06  1.249E-05  2.702E-10  5.081E-09  6.646E-04  3.584E-08
15     -- 14       663.4   1726.6025    173.6314   26.051  1.773E-07  6.006E-07  1.200E-11  2.702E-10  3.197E-05  2.119E-09
16     -- 15       751.7   1841.3455    162.8116   26.636  7.851E-09  2.493E-08  4.630E-13  1.200E-11  1.327E-06  1.067E-10
