* Radex version        : 30nov2011
* Geometry             : Uniform sphere
* Molecular data file  : ./data/co.dat                                                                   
* T(kin)            [K]:  380.000
* Density of H2  [cm-3]:  1.995E+05
* Density of pH2 [cm-3]:  4.988E+04
* Density of oH2 [cm-3]:  1.496E+05
* T(background)     [K]:    2.725
* Column density [cm-2]:  1.970E+21
* Line width     [km/s]:   50.000
Calculation finished in   43 iterations
      LINE         E_UP       FREQ        WAVEL     T_EX      TAU        T_R       POP        POP       FLUX        FLUX
                   (K)        (GHz)       (um)      (K)                  (K)        UP        LOW      (K*km/s) (erg/cm2/s)
1      -- 0          5.5    115.2712   2600.7576  379.797  5.950E+00  3.752E+02  2.173E-02  7.349E-03  1.997E+04  3.939E-04
2      -- 1         16.6    230.5380   1300.4037  379.142  2.331E+01  3.734E+02  3.517E-02  2.173E-02  1.988E+04  3.136E-03
3      -- 2         33.2    345.7960    866.9634  379.176  5.054E+01  3.709E+02  4.713E-02  3.517E-02  1.974E+04  1.051E-02
4      -- 3         55.3    461.0408    650.2515  379.165  8.522E+01  3.682E+02  5.716E-02  4.713E-02  1.960E+04  2.473E-02
5      -- 4         83.0    576.2679    520.2310  379.102  1.245E+02  3.654E+02  6.495E-02  5.716E-02  1.945E+04  4.794E-02
6      -- 5        116.2    691.4731    433.5562  379.070  1.651E+02  3.627E+02  7.033E-02  6.495E-02  1.931E+04  8.220E-02
7      -- 6        154.9    806.6518    371.6504  378.969  2.039E+02  3.599E+02  7.327E-02  7.033E-02  1.916E+04  1.295E-01
8      -- 7        199.1    921.7997    325.2252  378.864  2.381E+02  3.572E+02  7.388E-02  7.327E-02  1.901E+04  1.918E-01
9      -- 8        248.9   1036.9124    289.1203  378.688  2.653E+02  3.544E+02  7.241E-02  7.388E-02  1.886E+04  2.708E-01
10     -- 9        304.2   1151.9855    260.2398  378.446  2.841E+02  3.515E+02  6.915E-02  7.241E-02  1.871E+04  3.683E-01
11     -- 10       365.0   1267.0145    236.6133  378.226  2.939E+02  3.486E+02  6.449E-02  6.915E-02  1.856E+04  4.861E-01
12     -- 11       431.3   1381.9951    216.9273  377.922  2.943E+02  3.457E+02  5.881E-02  6.449E-02  1.840E+04  6.255E-01
13     -- 12       503.1   1496.9229    200.2725  377.643  2.864E+02  3.429E+02  5.251E-02  5.881E-02  1.825E+04  7.883E-01
14     -- 13       580.5   1611.7935    185.9993  376.941  2.717E+02  3.396E+02  4.594E-02  5.251E-02  1.807E+04  9.747E-01
15     -- 14       663.4   1726.6025    173.6314  376.114  2.511E+02  3.362E+02  3.940E-02  4.594E-02  1.789E+04  1.186E+00
16     -- 15       751.7   1841.3455    162.8116  375.142  2.266E+02  3.327E+02  3.314E-02  3.940E-02  1.771E+04  1.424E+00
