* Radex version        : 30nov2011
* Geometry             : Uniform sphere
* Molecular data file  : ./data/co.dat                                                                   
* T(kin)            [K]:   30.000
* Density of H2  [cm-3]:  3.162E+05
* Density of pH2 [cm-3]:  7.906E+04
* Density of oH2 [cm-3]:  2.372E+05
* T(background)     [K]:   13.800
* Column density [cm-2]:  4.879E+20
* Line width     [km/s]:   50.000
Calculation finished in   28 iterations
      LINE         E_UP       FREQ        WAVEL     T_EX      TAU        T_R       POP        POP       FLUX        FLUX
                   (K)        (GHz)       (um)      (K)                  (K)        UP        LOW      (K*km/s) (erg/cm2/s)
1      -- 0          5.5    115.2712   2600.7576   30.000  2.088E+02  1.610E+01  2.231E-01  8.941E-02  8.569E+02  1.690E-05
2      -- 1         16.6    230.5380   1300.4037   30.000  6.356E+02  1.581E+01  2.571E-01  2.231E-01  8.413E+02  1.328E-04
3      -- 2         33.2    345.7960    866.9634   29.999  9.077E+02  1.534E+01  2.070E-01  2.571E-01  8.163E+02  4.347E-04
4      -- 3         55.3    461.0408    650.2515   29.999  8.531E+02  1.471E+01  1.273E-01  2.070E-01  7.829E+02  9.881E-04
5      -- 4         83.0    576.2679    520.2310   29.997  5.876E+02  1.396E+01  6.188E-02  1.273E-01  7.428E+02  1.831E-03
6      -- 5        116.2    691.4731    433.5562   29.991  3.109E+02  1.310E+01  2.418E-02  6.188E-02  6.974E+02  2.970E-03
7      -- 6        154.9    806.6518    371.6504   29.966  1.297E+02  1.217E+01  7.666E-03  2.418E-02  6.479E+02  4.380E-03
8      -- 7        199.1    921.7997    325.2252   29.866  4.325E+01  1.115E+01  1.975E-03  7.666E-03  5.934E+02  5.986E-03
9      -- 8        248.9   1036.9124    289.1203   29.041  1.170E+01  9.551E+00  3.979E-04  1.975E-03  5.083E+02  7.298E-03
10     -- 9        304.2   1151.9855    260.2398   25.654  2.514E+00  5.719E+00  5.096E-05  3.979E-04  3.044E+02  5.993E-03
11     -- 10       365.0   1267.0145    236.6133   23.765  3.332E-01  1.233E+00  4.320E-06  5.096E-05  6.562E+01  1.719E-03
12     -- 11       431.3   1381.9951    216.9273   24.608  2.829E-02  1.187E-01  3.171E-07  4.320E-06  6.319E+00  2.148E-04
13     -- 12       503.1   1496.9229    200.2725   25.006  2.083E-03  8.133E-03  1.936E-08  3.171E-07  4.329E-01  1.870E-05
14     -- 13       580.5   1611.7935    185.9993   25.053  1.276E-04  4.352E-04  9.484E-10  1.936E-08  2.316E-02  1.249E-06
15     -- 14       663.4   1726.6025    173.6314   25.029  6.256E-06  1.835E-05  3.699E-11  9.484E-10  9.767E-04  6.474E-08
16     -- 15       751.7   1841.3455    162.8116   25.156  2.436E-07  6.257E-07  1.174E-12  3.699E-11  3.331E-05  2.678E-09
