* Radex version        : 30nov2011
* Geometry             : Uniform sphere
* Molecular data file  : ./data/co.dat                                                                   
* T(kin)            [K]:  305.000
* Density of H2  [cm-3]:  3.981E+02
* Density of pH2 [cm-3]:  9.953E+01
* Density of oH2 [cm-3]:  2.986E+02
* T(background)     [K]:    2.725
* Column density [cm-2]:  3.931E+18
* Line width     [km/s]:   50.000
Calculation finished in   34 iterations
      LINE         E_UP       FREQ        WAVEL     T_EX      TAU        T_R       POP        POP       FLUX        FLUX
                   (K)        (GHz)       (um)      (K)                  (K)        UP        LOW      (K*km/s) (erg/cm2/s)
1      -- 0          5.5    115.2712   2600.7576   49.859  1.164E+00  3.185E+01  2.664E-01  9.921E-02  1.695E+03  3.344E-05
2      -- 1         16.6    230.5380   1300.4037   28.972  6.293E+00  2.355E+01  3.030E-01  2.664E-01  1.254E+03  1.978E-04
3      -- 2         33.2    345.7960    866.9634   24.547  9.969E+00  1.714E+01  2.158E-01  3.030E-01  9.122E+02  4.858E-04
4      -- 3         55.3    461.0408    650.2515   19.830  9.233E+00  1.078E+01  9.090E-02  2.158E-01  5.735E+02  7.238E-04
5      -- 4         83.0    576.2679    520.2310   16.077  4.608E+00  5.969E+00  1.989E-02  9.090E-02  3.177E+02  7.830E-04
6      -- 5        116.2    691.4731    433.5562   16.801  1.036E+00  3.448E+00  3.260E-03  1.989E-02  1.835E+02  7.815E-04
7      -- 6        154.9    806.6518    371.6504   27.925  1.457E-01  1.749E+00  9.405E-04  3.260E-03  9.310E+01  6.293E-04
8      -- 7        199.1    921.7997    325.2252   41.992  3.603E-02  8.383E-01  3.717E-04  9.405E-04  4.462E+01  4.501E-04
9      -- 8        248.9   1036.9124    289.1203   50.662  1.353E-02  4.003E-01  1.556E-04  3.717E-04  2.131E+01  3.059E-04
10     -- 9        304.2   1151.9855    260.2398   58.628  5.470E-03  1.924E-01  6.696E-05  1.556E-04  1.024E+01  2.016E-04
11     -- 10       365.0   1267.0145    236.6133   67.215  2.276E-03  9.397E-02  2.968E-05  6.696E-05  5.001E+00  1.310E-04
12     -- 11       431.3   1381.9951    216.9273   74.809  9.872E-04  4.587E-02  1.329E-05  2.968E-05  2.441E+00  8.298E-05
13     -- 12       503.1   1496.9229    200.2725   83.096  4.315E-04  2.256E-02  6.047E-06  1.329E-05  1.201E+00  5.186E-05
14     -- 13       580.5   1611.7935    185.9993   83.239  2.036E-04  1.027E-02  2.564E-06  6.047E-06  5.468E-01  2.949E-05
15     -- 14       663.4   1726.6025    173.6314   85.225  8.795E-05  4.433E-03  1.037E-06  2.564E-06  2.359E-01  1.564E-05
16     -- 15       751.7   1841.3455    162.8116   96.663  3.397E-05  2.008E-03  4.424E-07  1.037E-06  1.069E-01  8.594E-06
