* Radex version        : 30nov2011
* Geometry             : Uniform sphere
* Molecular data file  : ./data/co.dat                                                                   
* T(kin)            [K]:  330.000
* Density of H2  [cm-3]:  7.943E+05
* Density of pH2 [cm-3]:  1.986E+05
* Density of oH2 [cm-3]:  5.957E+05
* T(background)     [K]:    2.725
* Column density [cm-2]:  7.844E+21
* Line width     [km/s]:   50.000
Calculation finished in   39 iterations
      LINE         E_UP       FREQ        WAVEL     T_EX      TAU        T_R       POP        POP       FLUX        FLUX
                   (K)        (GHz)       (um)      (K)                  (K)        UP        LOW      (K*km/s) (erg/cm2/s)
1      -- 0          5.5    115.2712   2600.7576  329.964  3.099E+01  3.264E+02  2.466E-02  8.361E-03  1.737E+04  3.426E-04
2      -- 1         16.6    230.5380   1300.4037  329.966  1.208E+02  3.243E+02  3.975E-02  2.466E-02  1.726E+04  2.723E-03
3      -- 2         33.2    345.7960    866.9634  329.964  2.605E+02  3.217E+02  5.292E-02  3.975E-02  1.712E+04  9.118E-03
4      -- 3         55.3    461.0408    650.2515  329.964  4.359E+02  3.190E+02  6.363E-02  5.292E-02  1.698E+04  2.143E-02
5      -- 4         83.0    576.2679    520.2310  329.961  6.304E+02  3.163E+02  7.152E-02  6.363E-02  1.684E+04  4.149E-02
6      -- 5        116.2    691.4731    433.5562  329.959  8.259E+02  3.136E+02  7.644E-02  7.152E-02  1.669E+04  7.108E-02
7      -- 6        154.9    806.6518    371.6504  329.954  1.006E+03  3.110E+02  7.843E-02  7.644E-02  1.655E+04  1.119E-01
8      -- 7        199.1    921.7997    325.2252  329.948  1.155E+03  3.083E+02  7.773E-02  7.843E-02  1.641E+04  1.655E-01
9      -- 8        248.9   1036.9124    289.1203  329.939  1.264E+03  3.057E+02  7.472E-02  7.773E-02  1.627E+04  2.336E-01
10     -- 9        304.2   1151.9855    260.2398  329.927  1.325E+03  3.031E+02  6.984E-02  7.472E-02  1.613E+04  3.176E-01
11     -- 10       365.0   1267.0145    236.6133  329.915  1.339E+03  3.004E+02  6.362E-02  6.984E-02  1.599E+04  4.189E-01
12     -- 11       431.3   1381.9951    216.9273  329.897  1.308E+03  2.978E+02  5.655E-02  6.362E-02  1.585E+04  5.389E-01
13     -- 12       503.1   1496.9229    200.2725  329.880  1.239E+03  2.953E+02  4.913E-02  5.655E-02  1.572E+04  6.789E-01
14     -- 13       580.5   1611.7935    185.9993  329.839  1.140E+03  2.927E+02  4.173E-02  4.913E-02  1.558E+04  8.400E-01
15     -- 14       663.4   1726.6025    173.6314  329.790  1.020E+03  2.901E+02  3.470E-02  4.173E-02  1.544E+04  1.024E+00
16     -- 15       751.7   1841.3455    162.8116  329.727  8.901E+02  2.875E+02  2.825E-02  3.470E-02  1.530E+04  1.230E+00
