* Radex version        : 30nov2011
* Geometry             : Uniform sphere
* Molecular data file  : ./data/co.dat                                                                   
* T(kin)            [K]:  305.000
* Density of H2  [cm-3]:  1.000E+03
* Density of pH2 [cm-3]:  2.500E+02
* Density of oH2 [cm-3]:  7.500E+02
* T(background)     [K]:    2.725
* Column density [cm-2]:  9.875E+18
* Line width     [km/s]:   50.000
Calculation finished in   37 iterations
      LINE         E_UP       FREQ        WAVEL     T_EX      TAU        T_R       POP        POP       FLUX        FLUX
                   (K)        (GHz)       (um)      (K)                  (K)        UP        LOW      (K*km/s) (erg/cm2/s)
1      -- 0          5.5    115.2712   2600.7576  374.673  2.122E-01  7.096E+01  1.525E-01  5.160E-02  3.777E+03  7.450E-05
2      -- 1         16.6    230.5380   1300.4037   63.706  4.547E+00  5.752E+01  2.137E-01  1.525E-01  3.062E+03  4.831E-04
3      -- 2         33.2    345.7960    866.9634   56.542  9.140E+00  4.861E+01  2.231E-01  2.137E-01  2.587E+03  1.378E-03
4      -- 3         55.3    461.0408    650.2515   49.229  1.291E+01  3.898E+01  1.830E-01  2.231E-01  2.075E+03  2.619E-03
5      -- 4         83.0    576.2679    520.2310   40.645  1.401E+01  2.837E+01  1.132E-01  1.830E-01  1.510E+03  3.722E-03
6      -- 5        116.2    691.4731    433.5562   32.205  1.107E+01  1.841E+01  4.776E-02  1.132E-01  9.800E+02  4.173E-03
7      -- 6        154.9    806.6518    371.6504   25.349  5.594E+00  1.070E+01  1.197E-02  4.776E-02  5.694E+02  3.849E-03
8      -- 7        199.1    921.7997    325.2252   23.962  1.489E+00  6.421E+00  2.140E-03  1.197E-02  3.417E+02  3.447E-03
9      -- 8        248.9   1036.9124    289.1203   35.936  2.345E-01  3.475E+00  5.990E-04  2.140E-03  1.849E+02  2.655E-03
10     -- 9        304.2   1151.9855    260.2398   54.808  5.505E-02  1.700E+00  2.414E-04  5.990E-04  9.048E+01  1.781E-03
11     -- 10       365.0   1267.0145    236.6133   66.270  2.079E-02  8.324E-01  1.056E-04  2.414E-04  4.430E+01  1.161E-03
12     -- 11       431.3   1381.9951    216.9273   75.117  8.804E-03  4.100E-01  4.748E-05  1.056E-04  2.182E+01  7.417E-04
13     -- 12       503.1   1496.9229    200.2725   83.594  3.857E-03  2.031E-01  2.171E-05  4.748E-05  1.081E+01  4.670E-04
14     -- 13       580.5   1611.7935    185.9993   85.180  1.811E-03  9.458E-02  9.405E-06  2.171E-05  5.034E+00  2.714E-04
15     -- 14       663.4   1726.6025    173.6314   87.984  7.950E-04  4.209E-02  3.920E-06  9.405E-06  2.240E+00  1.485E-04
16     -- 15       751.7   1841.3455    162.8116   98.530  3.189E-04  1.940E-02  1.702E-06  3.920E-06  1.033E+00  8.304E-05
