* Radex version        : 30nov2011
* Geometry             : Uniform sphere
* Molecular data file  : ./data/co.dat                                                                   
* T(kin)            [K]:   35.000
* Density of H2  [cm-3]:  3.162E+06
* Density of pH2 [cm-3]:  7.906E+05
* Density of oH2 [cm-3]:  2.372E+06
* T(background)     [K]:   13.800
* Column density [cm-2]:  4.879E+21
* Line width     [km/s]:   50.000
Calculation finished in   20 iterations
      LINE         E_UP       FREQ        WAVEL     T_EX      TAU        T_R       POP        POP       FLUX        FLUX
                   (K)        (GHz)       (um)      (K)                  (K)        UP        LOW      (K*km/s) (erg/cm2/s)
1      -- 0          5.5    115.2712   2600.7576   35.000  1.560E+03  2.109E+01  1.971E-01  7.697E-02  1.122E+03  2.214E-05
2      -- 1         16.6    230.5380   1300.4037   35.000  4.936E+03  2.076E+01  2.395E-01  1.971E-01  1.105E+03  1.743E-04
3      -- 2         33.2    345.7960    866.9634   35.000  7.515E+03  2.023E+01  2.087E-01  2.395E-01  1.077E+03  5.733E-04
4      -- 3         55.3    461.0408    650.2515   35.000  7.725E+03  1.952E+01  1.426E-01  2.087E-01  1.039E+03  1.311E-03
5      -- 4         83.0    576.2679    520.2310   35.000  5.970E+03  1.867E+01  7.909E-02  1.426E-01  9.935E+02  2.448E-03
6      -- 5        116.2    691.4731    433.5562   35.000  3.637E+03  1.770E+01  3.621E-02  7.909E-02  9.419E+02  4.011E-03
7      -- 6        154.9    806.6518    371.6504   35.000  1.792E+03  1.665E+01  1.382E-02  3.621E-02  8.861E+02  5.990E-03
8      -- 7        199.1    921.7997    325.2252   34.999  7.242E+02  1.555E+01  4.426E-03  1.382E-02  8.277E+02  8.349E-03
9      -- 8        248.9   1036.9124    289.1203   34.996  2.426E+02  1.443E+01  1.193E-03  4.426E-03  7.681E+02  1.103E-02
10     -- 9        304.2   1151.9855    260.2398   34.982  6.774E+01  1.331E+01  2.715E-04  1.193E-03  7.084E+02  1.395E-02
11     -- 10       365.0   1267.0145    236.6133   34.877  1.588E+01  1.214E+01  5.202E-05  2.715E-04  6.461E+02  1.693E-02
12     -- 11       431.3   1381.9951    216.9273   34.008  3.134E+00  9.995E+00  8.041E-06  5.202E-05  5.320E+02  1.808E-02
13     -- 12       503.1   1496.9229    200.2725   32.974  4.966E-01  3.434E+00  9.829E-07  8.041E-06  1.827E+02  7.894E-03
14     -- 13       580.5   1611.7935    185.9993   33.047  6.135E-02  4.733E-01  1.016E-07  9.829E-07  2.519E+01  1.358E-03
15     -- 14       663.4   1726.6025    173.6314   32.954  6.396E-03  4.519E-02  8.789E-09  1.016E-07  2.405E+00  1.595E-04
16     -- 15       751.7   1841.3455    162.8116   32.842  5.562E-04  3.494E-03  6.346E-10  8.789E-09  1.860E-01  1.495E-05
