* Radex version        : 30nov2011
* Geometry             : Uniform sphere
* Molecular data file  : ./data/co.dat                                                                   
* T(kin)            [K]:   35.000
* Density of H2  [cm-3]:  7.943E+03
* Density of pH2 [cm-3]:  1.986E+03
* Density of oH2 [cm-3]:  5.957E+03
* T(background)     [K]:   13.800
* Column density [cm-2]:  1.226E+19
* Line width     [km/s]:   50.000
Calculation finished in   33 iterations
      LINE         E_UP       FREQ        WAVEL     T_EX      TAU        T_R       POP        POP       FLUX        FLUX
                   (K)        (GHz)       (um)      (K)                  (K)        UP        LOW      (K*km/s) (erg/cm2/s)
1      -- 0          5.5    115.2712   2600.7576   34.372  4.351E+00  2.020E+01  2.146E-01  8.404E-02  1.075E+03  2.121E-05
2      -- 1         16.6    230.5380   1300.4037   33.820  1.390E+01  1.959E+01  2.579E-01  2.146E-01  1.043E+03  1.645E-04
3      -- 2         33.2    345.7960    866.9634   33.222  2.117E+01  1.849E+01  2.191E-01  2.579E-01  9.839E+02  5.239E-04
4      -- 3         55.3    461.0408    650.2515   31.657  2.186E+01  1.630E+01  1.400E-01  2.191E-01  8.675E+02  1.095E-03
5      -- 4         83.0    576.2679    520.2310   28.175  1.686E+01  1.226E+01  6.413E-02  1.400E-01  6.528E+02  1.609E-03
6      -- 5        116.2    691.4731    433.5562   22.696  9.292E+00  6.716E+00  1.756E-02  6.413E-02  3.574E+02  1.522E-03
7      -- 6        154.9    806.6518    371.6504   17.990  2.883E+00  2.455E+00  2.356E-03  1.756E-02  1.307E+02  8.832E-04
8      -- 7        199.1    921.7997    325.2252   17.021  4.000E-01  5.552E-01  1.985E-04  2.356E-03  2.955E+01  2.981E-04
9      -- 8        248.9   1036.9124    289.1203   18.447  3.359E-02  7.283E-02  1.494E-05  1.985E-04  3.876E+00  5.565E-05
10     -- 9        304.2   1151.9855    260.2398   20.485  2.503E-03  7.407E-03  1.111E-06  1.494E-05  3.942E-01  7.761E-06
11     -- 10       365.0   1267.0145    236.6133   22.173  1.851E-04  6.358E-04  7.840E-08  1.111E-06  3.384E-02  8.864E-07
12     -- 11       431.3   1381.9951    216.9273   23.453  1.301E-05  4.712E-05  5.039E-09  7.840E-08  2.508E-03  8.525E-08
13     -- 12       503.1   1496.9229    200.2725   24.683  8.332E-07  3.117E-06  2.963E-10  5.039E-09  1.659E-04  7.165E-09
14     -- 13       580.5   1611.7935    185.9993   25.188  4.901E-08  1.703E-07  1.476E-11  2.963E-10  9.067E-06  4.889E-10
15     -- 14       663.4   1726.6025    173.6314   25.377  2.441E-09  7.529E-09  6.024E-13  1.476E-11  4.008E-07  2.657E-11
16     -- 15       751.7   1841.3455    162.8116   26.168  9.919E-11  2.954E-10  2.190E-14  6.024E-13  1.572E-08  1.264E-12
