* Radex version        : 30nov2011
* Geometry             : Uniform sphere
* Molecular data file  : ./data/co.dat                                                                   
* T(kin)            [K]:  355.000
* Density of H2  [cm-3]:  5.012E+05
* Density of pH2 [cm-3]:  1.253E+05
* Density of oH2 [cm-3]:  3.759E+05
* T(background)     [K]:    2.725
* Column density [cm-2]:  4.949E+21
* Line width     [km/s]:   50.000
Calculation finished in   41 iterations
      LINE         E_UP       FREQ        WAVEL     T_EX      TAU        T_R       POP        POP       FLUX        FLUX
                   (K)        (GHz)       (um)      (K)                  (K)        UP        LOW      (K*km/s) (erg/cm2/s)
1      -- 0          5.5    115.2712   2600.7576  354.895  1.693E+01  3.513E+02  2.299E-02  7.785E-03  1.870E+04  3.688E-04
2      -- 1         16.6    230.5380   1300.4037  354.894  6.613E+01  3.492E+02  3.714E-02  2.299E-02  1.859E+04  2.933E-03
3      -- 2         33.2    345.7960    866.9634  354.890  1.430E+02  3.466E+02  4.963E-02  3.714E-02  1.845E+04  9.824E-03
4      -- 3         55.3    461.0408    650.2515  354.889  2.403E+02  3.439E+02  5.995E-02  4.963E-02  1.831E+04  2.310E-02
5      -- 4         83.0    576.2679    520.2310  354.880  3.494E+02  3.412E+02  6.778E-02  5.995E-02  1.816E+04  4.476E-02
6      -- 5        116.2    691.4731    433.5562  354.875  4.608E+02  3.385E+02  7.295E-02  6.778E-02  1.802E+04  7.672E-02
7      -- 6        154.9    806.6518    371.6504  354.861  5.654E+02  3.359E+02  7.547E-02  7.295E-02  1.788E+04  1.208E-01
8      -- 7        199.1    921.7997    325.2252  354.845  6.551E+02  3.332E+02  7.551E-02  7.547E-02  1.773E+04  1.789E-01
9      -- 8        248.9   1036.9124    289.1203  354.820  7.239E+02  3.305E+02  7.335E-02  7.551E-02  1.759E+04  2.526E-01
10     -- 9        304.2   1151.9855    260.2398  354.785  7.674E+02  3.279E+02  6.937E-02  7.335E-02  1.745E+04  3.436E-01
11     -- 10       365.0   1267.0145    236.6133  354.752  7.855E+02  3.252E+02  6.401E-02  6.937E-02  1.731E+04  4.534E-01
12     -- 11       431.3   1381.9951    216.9273  354.705  7.776E+02  3.226E+02  5.771E-02  6.401E-02  1.717E+04  5.836E-01
13     -- 12       503.1   1496.9229    200.2725  354.662  7.473E+02  3.200E+02  5.090E-02  5.771E-02  1.703E+04  7.356E-01
14     -- 13       580.5   1611.7935    185.9993  354.554  6.988E+02  3.173E+02  4.395E-02  5.090E-02  1.689E+04  9.106E-01
15     -- 14       663.4   1726.6025    173.6314  354.426  6.363E+02  3.146E+02  3.719E-02  4.395E-02  1.674E+04  1.110E+00
16     -- 15       751.7   1841.3455    162.8116  354.269  5.652E+02  3.119E+02  3.085E-02  3.719E-02  1.660E+04  1.335E+00
