* Radex version        : 30nov2011
* Geometry             : Uniform sphere
* Molecular data file  : ./data/co.dat                                                                   
* T(kin)            [K]:  355.000
* Density of H2  [cm-3]:  1.585E+06
* Density of pH2 [cm-3]:  3.962E+05
* Density of oH2 [cm-3]:  1.189E+06
* T(background)     [K]:    2.725
* Column density [cm-2]:  1.565E+22
* Line width     [km/s]:   50.000
Calculation finished in   37 iterations
      LINE         E_UP       FREQ        WAVEL     T_EX      TAU        T_R       POP        POP       FLUX        FLUX
                   (K)        (GHz)       (um)      (K)                  (K)        UP        LOW      (K*km/s) (erg/cm2/s)
1      -- 0          5.5    115.2712   2600.7576  354.988  5.342E+01  3.514E+02  2.294E-02  7.768E-03  1.870E+04  3.689E-04
2      -- 1         16.6    230.5380   1300.4037  354.989  2.086E+02  3.493E+02  3.707E-02  2.294E-02  1.859E+04  2.934E-03
3      -- 2         33.2    345.7960    866.9634  354.989  4.512E+02  3.467E+02  4.952E-02  3.707E-02  1.845E+04  9.827E-03
4      -- 3         55.3    461.0408    650.2515  354.989  7.582E+02  3.440E+02  5.982E-02  4.952E-02  1.831E+04  2.311E-02
5      -- 4         83.0    576.2679    520.2310  354.988  1.102E+03  3.413E+02  6.764E-02  5.982E-02  1.817E+04  4.477E-02
6      -- 5        116.2    691.4731    433.5562  354.987  1.454E+03  3.387E+02  7.280E-02  6.764E-02  1.802E+04  7.675E-02
7      -- 6        154.9    806.6518    371.6504  354.986  1.784E+03  3.360E+02  7.532E-02  7.280E-02  1.788E+04  1.209E-01
8      -- 7        199.1    921.7997    325.2252  354.985  2.067E+03  3.333E+02  7.536E-02  7.532E-02  1.774E+04  1.790E-01
9      -- 8        248.9   1036.9124    289.1203  354.982  2.284E+03  3.307E+02  7.321E-02  7.536E-02  1.760E+04  2.527E-01
10     -- 9        304.2   1151.9855    260.2398  354.978  2.421E+03  3.281E+02  6.925E-02  7.321E-02  1.746E+04  3.438E-01
11     -- 10       365.0   1267.0145    236.6133  354.975  2.478E+03  3.254E+02  6.390E-02  6.925E-02  1.732E+04  4.537E-01
12     -- 11       431.3   1381.9951    216.9273  354.970  2.453E+03  3.228E+02  5.762E-02  6.390E-02  1.718E+04  5.841E-01
13     -- 12       503.1   1496.9229    200.2725  354.966  2.358E+03  3.203E+02  5.083E-02  5.762E-02  1.705E+04  7.363E-01
14     -- 13       580.5   1611.7935    185.9993  354.955  2.204E+03  3.177E+02  4.390E-02  5.083E-02  1.691E+04  9.118E-01
15     -- 14       663.4   1726.6025    173.6314  354.942  2.007E+03  3.151E+02  3.716E-02  4.390E-02  1.677E+04  1.112E+00
16     -- 15       751.7   1841.3455    162.8116  354.927  1.783E+03  3.126E+02  3.084E-02  3.716E-02  1.664E+04  1.338E+00
