* Radex version        : 30nov2011
* Geometry             : Uniform sphere
* Molecular data file  : ./data/co.dat                                                                   
* T(kin)            [K]:   35.000
* Density of H2  [cm-3]:  2.512E+04
* Density of pH2 [cm-3]:  6.280E+03
* Density of oH2 [cm-3]:  1.884E+04
* T(background)     [K]:   13.800
* Column density [cm-2]:  3.876E+19
* Line width     [km/s]:   50.000
Calculation finished in   35 iterations
      LINE         E_UP       FREQ        WAVEL     T_EX      TAU        T_R       POP        POP       FLUX        FLUX
                   (K)        (GHz)       (um)      (K)                  (K)        UP        LOW      (K*km/s) (erg/cm2/s)
1      -- 0          5.5    115.2712   2600.7576   34.894  1.263E+01  2.098E+01  2.002E-01  7.821E-02  1.117E+03  2.203E-05
2      -- 1         16.6    230.5380   1300.4037   34.873  3.994E+01  2.063E+01  2.430E-01  2.002E-01  1.098E+03  1.733E-04
3      -- 2         33.2    345.7960    866.9634   34.813  6.081E+01  2.005E+01  2.112E-01  2.430E-01  1.067E+03  5.681E-04
4      -- 3         55.3    461.0408    650.2515   34.658  6.253E+01  1.919E+01  1.434E-01  2.112E-01  1.021E+03  1.289E-03
5      -- 4         83.0    576.2679    520.2310   34.257  4.836E+01  1.796E+01  7.818E-02  1.434E-01  9.560E+02  2.356E-03
6      -- 5        116.2    691.4731    433.5562   32.966  2.958E+01  1.582E+01  3.376E-02  7.818E-02  8.419E+02  3.585E-03
7      -- 6        154.9    806.6518    371.6504   29.029  1.460E+01  1.136E+01  1.027E-02  3.376E-02  6.046E+02  4.087E-03
8      -- 7        199.1    921.7997    325.2252   22.604  5.113E+00  5.376E+00  1.643E-03  1.027E-02  2.861E+02  2.886E-03
9      -- 8        248.9   1036.9124    289.1203   19.092  8.732E-01  1.500E+00  1.355E-04  1.643E-03  7.983E+01  1.146E-03
10     -- 9        304.2   1151.9855    260.2398   20.513  7.176E-02  2.063E-01  1.012E-05  1.355E-04  1.098E+01  2.162E-04
11     -- 10       365.0   1267.0145    236.6133   22.560  5.310E-03  1.934E-02  7.482E-07  1.012E-05  1.029E+00  2.697E-05
12     -- 11       431.3   1381.9951    216.9273   24.056  3.908E-04  1.543E-03  5.162E-08  7.482E-07  8.212E-02  2.791E-06
13     -- 12       503.1   1496.9229    200.2725   25.202  2.690E-05  1.079E-04  3.223E-09  5.162E-08  5.743E-03  2.481E-07
14     -- 13       580.5   1611.7935    185.9993   25.634  1.681E-06  6.209E-06  1.693E-10  3.223E-09  3.305E-04  1.782E-08
15     -- 14       663.4   1726.6025    173.6314   25.914  8.832E-08  2.937E-07  7.396E-12  1.693E-10  1.563E-05  1.036E-09
16     -- 15       751.7   1841.3455    162.8116   26.541  3.844E-09  1.205E-08  2.819E-13  7.396E-12  6.415E-07  5.158E-11
