* Radex version        : 30nov2011
* Geometry             : Uniform sphere
* Molecular data file  : ./data/co.dat                                                                   
* T(kin)            [K]:  355.000
* Density of H2  [cm-3]:  1.585E+04
* Density of pH2 [cm-3]:  3.962E+03
* Density of oH2 [cm-3]:  1.189E+04
* T(background)     [K]:    2.725
* Column density [cm-2]:  1.565E+20
* Line width     [km/s]:   50.000
Calculation finished in   42 iterations
      LINE         E_UP       FREQ        WAVEL     T_EX      TAU        T_R       POP        POP       FLUX        FLUX
                   (K)        (GHz)       (um)      (K)                  (K)        UP        LOW      (K*km/s) (erg/cm2/s)
1      -- 0          5.5    115.2712   2600.7576  1.291E+03  2.085E-01  2.423E+02  3.275E-02  1.096E-02  1.290E+04  2.544E-04
2      -- 1         16.6    230.5380   1300.4037  310.334  3.399E+00  2.945E+02  5.267E-02  3.275E-02  1.567E+04  2.473E-03
3      -- 2         33.2    345.7960    866.9634  298.290  7.597E+00  2.899E+02  6.975E-02  5.267E-02  1.543E+04  8.216E-03
4      -- 3         55.3    461.0408    650.2515  295.808  1.274E+01  2.849E+02  8.322E-02  6.975E-02  1.516E+04  1.914E-02
5      -- 4         83.0    576.2679    520.2310  292.335  1.847E+01  2.787E+02  9.253E-02  8.322E-02  1.484E+04  3.656E-02
6      -- 5        116.2    691.4731    433.5562  287.976  2.425E+01  2.717E+02  9.745E-02  9.253E-02  1.446E+04  6.157E-02
7      -- 6        154.9    806.6518    371.6504  281.300  2.971E+01  2.624E+02  9.799E-02  9.745E-02  1.397E+04  9.440E-02
8      -- 7        199.1    921.7997    325.2252  272.700  3.436E+01  2.512E+02  9.442E-02  9.799E-02  1.337E+04  1.349E-01
9      -- 8        248.9   1036.9124    289.1203  261.290  3.793E+01  2.372E+02  8.723E-02  9.442E-02  1.262E+04  1.813E-01
10     -- 9        304.2   1151.9855    260.2398  247.278  4.007E+01  2.207E+02  7.709E-02  8.723E-02  1.174E+04  2.312E-01
11     -- 10       365.0   1267.0145    236.6133  231.136  4.054E+01  2.021E+02  6.490E-02  7.709E-02  1.075E+04  2.817E-01
12     -- 11       431.3   1381.9951    216.9273  211.861  3.930E+01  1.804E+02  5.159E-02  6.490E-02  9.603E+03  3.264E-01
13     -- 12       503.1   1496.9229    200.2725  189.091  3.641E+01  1.554E+02  3.810E-02  5.159E-02  8.273E+03  3.574E-01
14     -- 13       580.5   1611.7935    185.9993  161.617  3.210E+01  1.260E+02  2.536E-02  3.810E-02  6.707E+03  3.617E-01
15     -- 14       663.4   1726.6025    173.6314  132.508  2.589E+01  9.537E+01  1.450E-02  2.536E-02  5.076E+03  3.365E-01
16     -- 15       751.7   1841.3455    162.8116  104.715  1.800E+01  6.667E+01  6.640E-03  1.450E-02  3.549E+03  2.853E-01
