* Radex version        : 30nov2011
* Geometry             : Uniform sphere
* Molecular data file  : ./data/co.dat                                                                   
* T(kin)            [K]:  330.000
* Density of H2  [cm-3]:  1.259E+05
* Density of pH2 [cm-3]:  3.147E+04
* Density of oH2 [cm-3]:  9.442E+04
* T(background)     [K]:    2.725
* Column density [cm-2]:  1.243E+21
* Line width     [km/s]:   50.000
Calculation finished in   43 iterations
      LINE         E_UP       FREQ        WAVEL     T_EX      TAU        T_R       POP        POP       FLUX        FLUX
                   (K)        (GHz)       (um)      (K)                  (K)        UP        LOW      (K*km/s) (erg/cm2/s)
1      -- 0          5.5    115.2712   2600.7576  329.917  5.012E+00  3.241E+02  2.517E-02  8.531E-03  1.725E+04  3.403E-04
2      -- 1         16.6    230.5380   1300.4037  328.547  1.962E+01  3.229E+02  4.056E-02  2.517E-02  1.718E+04  2.711E-03
3      -- 2         33.2    345.7960    866.9634  328.628  4.228E+01  3.204E+02  5.398E-02  4.056E-02  1.705E+04  9.080E-03
4      -- 3         55.3    461.0408    650.2515  328.593  7.075E+01  3.176E+02  6.489E-02  5.398E-02  1.691E+04  2.134E-02
5      -- 4         83.0    576.2679    520.2310  328.483  1.023E+02  3.148E+02  7.290E-02  6.489E-02  1.676E+04  4.130E-02
6      -- 5        116.2    691.4731    433.5562  328.404  1.340E+02  3.121E+02  7.788E-02  7.290E-02  1.661E+04  7.073E-02
7      -- 6        154.9    806.6518    371.6504  328.213  1.632E+02  3.092E+02  7.986E-02  7.788E-02  1.646E+04  1.113E-01
8      -- 7        199.1    921.7997    325.2252  327.997  1.874E+02  3.064E+02  7.909E-02  7.986E-02  1.631E+04  1.645E-01
9      -- 8        248.9   1036.9124    289.1203  327.659  2.051E+02  3.034E+02  7.594E-02  7.909E-02  1.615E+04  2.319E-01
10     -- 9        304.2   1151.9855    260.2398  327.185  2.150E+02  3.003E+02  7.088E-02  7.594E-02  1.598E+04  3.147E-01
11     -- 10       365.0   1267.0145    236.6133  326.703  2.173E+02  2.972E+02  6.445E-02  7.088E-02  1.582E+04  4.144E-01
12     -- 11       431.3   1381.9951    216.9273  326.043  2.123E+02  2.940E+02  5.716E-02  6.445E-02  1.565E+04  5.319E-01
13     -- 12       503.1   1496.9229    200.2725  325.316  2.009E+02  2.907E+02  4.950E-02  5.716E-02  1.547E+04  6.684E-01
14     -- 13       580.5   1611.7935    185.9993  323.803  1.851E+02  2.867E+02  4.187E-02  4.950E-02  1.526E+04  8.228E-01
15     -- 14       663.4   1726.6025    173.6314  321.927  1.657E+02  2.823E+02  3.460E-02  4.187E-02  1.502E+04  9.959E-01
16     -- 15       751.7   1841.3455    162.8116  319.425  1.446E+02  2.773E+02  2.793E-02  3.460E-02  1.476E+04  1.187E+00
