* Radex version        : 30nov2011
* Geometry             : Uniform sphere
* Molecular data file  : ./data/co.dat                                                                   
* T(kin)            [K]:   35.000
* Density of H2  [cm-3]:  1.585E+06
* Density of pH2 [cm-3]:  3.962E+05
* Density of oH2 [cm-3]:  1.189E+06
* T(background)     [K]:   13.800
* Column density [cm-2]:  2.445E+21
* Line width     [km/s]:   50.000
Calculation finished in   23 iterations
      LINE         E_UP       FREQ        WAVEL     T_EX      TAU        T_R       POP        POP       FLUX        FLUX
                   (K)        (GHz)       (um)      (K)                  (K)        UP        LOW      (K*km/s) (erg/cm2/s)
1      -- 0          5.5    115.2712   2600.7576   35.000  7.820E+02  2.109E+01  1.971E-01  7.697E-02  1.122E+03  2.214E-05
2      -- 1         16.6    230.5380   1300.4037   35.000  2.474E+03  2.076E+01  2.395E-01  1.971E-01  1.105E+03  1.743E-04
3      -- 2         33.2    345.7960    866.9634   35.000  3.766E+03  2.023E+01  2.087E-01  2.395E-01  1.077E+03  5.733E-04
4      -- 3         55.3    461.0408    650.2515   35.000  3.872E+03  1.952E+01  1.426E-01  2.087E-01  1.039E+03  1.311E-03
5      -- 4         83.0    576.2679    520.2310   35.000  2.992E+03  1.867E+01  7.909E-02  1.426E-01  9.935E+02  2.448E-03
6      -- 5        116.2    691.4731    433.5562   35.000  1.823E+03  1.770E+01  3.621E-02  7.909E-02  9.419E+02  4.011E-03
7      -- 6        154.9    806.6518    371.6504   34.999  8.979E+02  1.665E+01  1.382E-02  3.621E-02  8.861E+02  5.989E-03
8      -- 7        199.1    921.7997    325.2252   34.996  3.629E+02  1.555E+01  4.425E-03  1.382E-02  8.276E+02  8.348E-03
9      -- 8        248.9   1036.9124    289.1203   34.984  1.216E+02  1.442E+01  1.193E-03  4.425E-03  7.676E+02  1.102E-02
10     -- 9        304.2   1151.9855    260.2398   34.927  3.395E+01  1.326E+01  2.707E-04  1.193E-03  7.060E+02  1.390E-02
11     -- 10       365.0   1267.0145    236.6133   34.373  7.975E+00  1.174E+01  5.055E-05  2.707E-04  6.250E+02  1.637E-02
12     -- 11       431.3   1381.9951    216.9273   32.298  1.551E+00  7.259E+00  7.047E-06  5.055E-05  3.864E+02  1.313E-02
13     -- 12       503.1   1496.9229    200.2725   31.630  2.206E-01  1.557E+00  7.853E-07  7.047E-06  8.290E+01  3.581E-03
14     -- 13       580.5   1611.7935    185.9993   31.903  2.478E-02  1.768E-01  7.466E-08  7.853E-07  9.411E+00  5.075E-04
15     -- 14       663.4   1726.6025    173.6314   31.691  2.374E-03  1.503E-02  5.841E-09  7.466E-08  8.001E-01  5.304E-05
16     -- 15       751.7   1841.3455    162.8116   31.623  1.865E-04  1.046E-03  3.802E-10  5.841E-09  5.568E-02  4.477E-06
