* Radex version        : 30nov2011
* Geometry             : Uniform sphere
* Molecular data file  : ./data/co.dat                                                                   
* T(kin)            [K]:   35.000
* Density of H2  [cm-3]:  1.000E+03
* Density of pH2 [cm-3]:  2.500E+02
* Density of oH2 [cm-3]:  7.500E+02
* T(background)     [K]:   13.800
* Column density [cm-2]:  1.543E+18
* Line width     [km/s]:   50.000
Calculation finished in   26 iterations
      LINE         E_UP       FREQ        WAVEL     T_EX      TAU        T_R       POP        POP       FLUX        FLUX
                   (K)        (GHz)       (um)      (K)                  (K)        UP        LOW      (K*km/s) (erg/cm2/s)
1      -- 0          5.5    115.2712   2600.7576   25.318  1.154E+00  7.828E+00  3.233E-01  1.341E-01  4.166E+02  8.218E-06
2      -- 1         16.6    230.5380   1300.4037   19.954  4.019E+00  5.825E+00  3.095E-01  3.233E-01  3.100E+02  4.892E-05
3      -- 2         33.2    345.7960    866.9634   17.614  4.962E+00  3.449E+00  1.689E-01  3.095E-01  1.836E+02  9.775E-05
4      -- 3         55.3    461.0408    650.2515   15.693  3.188E+00  1.508E+00  5.301E-02  1.689E-01  8.029E+01  1.013E-04
5      -- 4         83.0    576.2679    520.2310   14.801  1.086E+00  4.901E-01  1.000E-02  5.301E-02  2.608E+01  6.429E-05
6      -- 5        116.2    691.4731    433.5562   14.664  2.127E-01  1.072E-01  1.229E-03  1.000E-02  5.705E+00  2.429E-05
7      -- 6        154.9    806.6518    371.6504   14.942  2.659E-02  1.691E-02  1.063E-04  1.229E-03  8.999E-01  6.083E-06
8      -- 7        199.1    921.7997    325.2252   15.703  2.308E-03  2.176E-03  7.203E-06  1.063E-04  1.158E-01  1.168E-06
9      -- 8        248.9   1036.9124    289.1203   17.191  1.554E-04  2.369E-04  4.453E-07  7.203E-06  1.261E-02  1.810E-07
10     -- 9        304.2   1151.9855    260.2398   19.332  9.490E-06  2.215E-05  2.819E-08  4.453E-07  1.179E-03  2.321E-08
11     -- 10       365.0   1267.0145    236.6133   21.310  5.953E-07  1.767E-06  1.780E-09  2.819E-08  9.406E-05  2.464E-09
12     -- 11       431.3   1381.9951    216.9273   22.806  3.736E-08  1.226E-07  1.056E-10  1.780E-09  6.526E-06  2.218E-10
13     -- 12       503.1   1496.9229    200.2725   24.208  2.205E-09  7.713E-09  5.863E-12  1.056E-10  4.105E-07  1.773E-11
14     -- 13       580.5   1611.7935    185.9993   24.797  1.224E-10  4.026E-10  2.782E-13  5.863E-12  2.143E-08  1.155E-12
15     -- 14       663.4   1726.6025    173.6314   24.787  5.810E-12  1.644E-11  1.051E-14  2.782E-13  8.751E-10  5.801E-14
16     -- 15       751.7   1841.3455    162.8116   25.817  2.181E-13  6.180E-13  3.648E-16  1.051E-14  3.289E-11  2.645E-15
