* Radex version        : 30nov2011
* Geometry             : Uniform sphere
* Molecular data file  : ./data/co.dat                                                                   
* T(kin)            [K]:   30.000
* Density of H2  [cm-3]:  1.000E+03
* Density of pH2 [cm-3]:  2.500E+02
* Density of oH2 [cm-3]:  7.500E+02
* T(background)     [K]:    2.725
* Column density [cm-2]:  9.875E+18
* Line width     [km/s]:   50.000
Calculation finished in   37 iterations
      LINE         E_UP       FREQ        WAVEL     T_EX      TAU        T_R       POP        POP       FLUX        FLUX
                   (K)        (GHz)       (um)      (K)                  (K)        UP        LOW      (K*km/s) (erg/cm2/s)
1      -- 0          5.5    115.2712   2600.7576   24.382  7.245E+00  2.087E+01  3.041E-01  1.272E-01  1.111E+03  2.191E-05
2      -- 1         16.6    230.5380   1300.4037   23.048  2.168E+01  1.776E+01  3.136E-01  3.041E-01  9.454E+02  1.492E-04
3      -- 2         33.2    345.7960    866.9634   20.075  2.967E+01  1.287E+01  1.921E-01  3.136E-01  6.850E+02  3.648E-04
4      -- 3         55.3    461.0408    650.2515   15.234  2.352E+01  6.753E+00  5.779E-02  1.921E-01  3.594E+02  4.536E-04
5      -- 4         83.0    576.2679    520.2310   10.485  8.323E+00  2.129E+00  5.052E-03  5.779E-02  1.133E+02  2.793E-04
6      -- 5        116.2    691.4731    433.5562    9.051  7.480E-01  4.585E-01  1.526E-04  5.052E-03  2.440E+01  1.039E-04
7      -- 6        154.9    806.6518    371.6504   13.922  2.143E-02  5.423E-02  1.092E-05  1.526E-04  2.887E+00  1.951E-05
8      -- 7        199.1    921.7997    325.2252   17.029  1.493E-03  5.308E-03  9.210E-07  1.092E-05  2.825E-01  2.850E-06
9      -- 8        248.9   1036.9124    289.1203   18.405  1.256E-04  4.485E-04  6.892E-08  9.210E-07  2.387E-02  3.427E-07
10     -- 9        304.2   1151.9855    260.2398   19.314  9.401E-06  3.149E-05  4.351E-09  6.892E-08  1.676E-03  3.299E-08
11     -- 10       365.0   1267.0145    236.6133   20.201  5.932E-07  1.870E-06  2.349E-10  4.351E-09  9.953E-05  2.607E-09
12     -- 11       431.3   1381.9951    216.9273   20.852  3.199E-08  9.198E-08  1.061E-11  2.349E-10  4.896E-06  1.664E-10
13     -- 12       503.1   1496.9229    200.2725   21.841  1.439E-09  4.003E-09  4.271E-13  1.061E-11  2.130E-07  9.203E-12
14     -- 13       580.5   1611.7935    185.9993   22.137  5.787E-11  1.402E-10  1.393E-14  4.271E-13  7.463E-09  4.024E-13
15     -- 14       663.4   1726.6025    173.6314   22.166  1.884E-12  3.806E-12  3.543E-16  1.393E-14  2.026E-10  1.343E-14
16     -- 15       751.7   1841.3455    162.8116   22.891  4.765E-14  9.053E-14  7.940E-18  3.543E-16  4.818E-12  3.874E-16
