* Radex version        : 30nov2011
* Geometry             : Uniform sphere
* Molecular data file  : ./data/co.dat                                                                   
* T(kin)            [K]:  355.000
* Density of H2  [cm-3]:  3.162E+02
* Density of pH2 [cm-3]:  7.906E+01
* Density of oH2 [cm-3]:  2.372E+02
* T(background)     [K]:    2.725
* Column density [cm-2]:  3.123E+18
* Line width     [km/s]:   50.000
Calculation finished in   34 iterations
      LINE         E_UP       FREQ        WAVEL     T_EX      TAU        T_R       POP        POP       FLUX        FLUX
                   (K)        (GHz)       (um)      (K)                  (K)        UP        LOW      (K*km/s) (erg/cm2/s)
1      -- 0          5.5    115.2712   2600.7576   40.811  1.262E+00  2.672E+01  2.938E-01  1.121E-01  1.422E+03  2.805E-05
2      -- 1         16.6    230.5380   1300.4037   24.714  6.269E+00  1.936E+01  3.129E-01  2.938E-01  1.031E+03  1.626E-04
3      -- 2         33.2    345.7960    866.9634   20.749  9.163E+00  1.351E+01  1.969E-01  3.129E-01  7.189E+02  3.828E-04
4      -- 3         55.3    461.0408    650.2515   16.823  7.282E+00  8.106E+00  6.795E-02  1.969E-01  4.314E+02  5.445E-04
5      -- 4         83.0    576.2679    520.2310   14.509  2.837E+00  4.545E+00  1.235E-02  6.795E-02  2.419E+02  5.962E-04
6      -- 5        116.2    691.4731    433.5562   18.587  4.937E-01  2.606E+00  2.447E-03  1.235E-02  1.387E+02  5.905E-04
7      -- 6        154.9    806.6518    371.6504   32.417  8.071E-02  1.305E+00  8.554E-04  2.447E-03  6.944E+01  4.694E-04
8      -- 7        199.1    921.7997    325.2252   44.625  2.514E-02  6.479E-01  3.597E-04  8.554E-04  3.449E+01  3.479E-04
9      -- 8        248.9   1036.9124    289.1203   53.116  1.011E-02  3.226E-01  1.575E-04  3.597E-04  1.717E+01  2.465E-04
10     -- 9        304.2   1151.9855    260.2398   61.753  4.263E-03  1.624E-01  7.113E-05  1.575E-04  8.645E+00  1.702E-04
11     -- 10       365.0   1267.0145    236.6133   71.194  1.853E-03  8.342E-02  3.316E-05  7.113E-05  4.440E+00  1.163E-04
12     -- 11       431.3   1381.9951    216.9273   79.552  8.428E-04  4.292E-02  1.566E-05  3.316E-05  2.284E+00  7.765E-05
13     -- 12       503.1   1496.9229    200.2725   88.378  3.882E-04  2.223E-02  7.501E-06  1.566E-05  1.183E+00  5.111E-05
14     -- 13       580.5   1611.7935    185.9993   88.853  1.927E-04  1.074E-02  3.373E-06  7.501E-06  5.714E-01  3.081E-05
15     -- 14       663.4   1726.6025    173.6314   91.745  8.790E-05  4.963E-03  1.461E-06  3.373E-06  2.642E-01  1.751E-05
16     -- 15       751.7   1841.3455    162.8116  104.019  3.634E-05  2.399E-03  6.652E-07  1.461E-06  1.277E-01  1.026E-05
