* Radex version        : 30nov2011
* Geometry             : Uniform sphere
* Molecular data file  : ./data/co.dat                                                                   
* T(kin)            [K]:  355.000
* Density of H2  [cm-3]:  1.259E+03
* Density of pH2 [cm-3]:  3.147E+02
* Density of oH2 [cm-3]:  9.442E+02
* T(background)     [K]:    2.725
* Column density [cm-2]:  1.243E+19
* Line width     [km/s]:   50.000
Calculation finished in   37 iterations
      LINE         E_UP       FREQ        WAVEL     T_EX      TAU        T_R       POP        POP       FLUX        FLUX
                   (K)        (GHz)       (um)      (K)                  (K)        UP        LOW      (K*km/s) (erg/cm2/s)
1      -- 0          5.5    115.2712   2600.7576 -539.084 -1.514E-01  8.871E+01  1.259E-01  4.155E-02  4.722E+03  9.313E-05
2      -- 1         16.6    230.5380   1300.4037   82.291  3.729E+00  7.485E+01  1.835E-01  1.259E-01  3.984E+03  6.286E-04
3      -- 2         33.2    345.7960    866.9634   72.691  7.928E+00  6.465E+01  2.044E-01  1.835E-01  3.441E+03  1.832E-03
4      -- 3         55.3    461.0408    650.2515   64.846  1.189E+01  5.440E+01  1.869E-01  2.044E-01  2.896E+03  3.654E-03
5      -- 4         83.0    576.2679    520.2310   55.366  1.435E+01  4.268E+01  1.386E-01  1.869E-01  2.272E+03  5.599E-03
6      -- 5        116.2    691.4731    433.5562   45.320  1.376E+01  3.073E+01  7.875E-02  1.386E-01  1.636E+03  6.965E-03
7      -- 6        154.9    806.6518    371.6504   35.638  9.828E+00  1.972E+01  3.066E-02  7.875E-02  1.049E+03  7.094E-03
8      -- 7        199.1    921.7997    325.2252   28.591  4.490E+00  1.183E+01  7.396E-03  3.066E-02  6.294E+02  6.349E-03
9      -- 8        248.9   1036.9124    289.1203   29.032  1.116E+00  7.351E+00  1.489E-03  7.396E-03  3.912E+02  5.617E-03
10     -- 9        304.2   1151.9855    260.2398   45.635  1.904E-01  4.065E+00  4.900E-04  1.489E-03  2.163E+02  4.259E-03
11     -- 10       365.0   1267.0145    236.6133   66.816  5.286E-02  2.109E+00  2.160E-04  4.900E-04  1.122E+02  2.940E-03
12     -- 11       431.3   1381.9951    216.9273   79.047  2.195E-02  1.096E+00  1.015E-04  2.160E-04  5.831E+01  1.982E-03
13     -- 12       503.1   1496.9229    200.2725   88.692  9.990E-03  5.722E-01  4.874E-05  1.015E-04  3.046E+01  1.316E-03
14     -- 13       580.5   1611.7935    185.9993   91.476  4.894E-03  2.841E-01  2.247E-05  4.874E-05  1.512E+01  8.153E-04
15     -- 14       663.4   1726.6025    173.6314   95.455  2.275E-03  1.362E-01  1.008E-05  2.247E-05  7.249E+00  4.805E-04
16     -- 15       751.7   1841.3455    162.8116  106.788  9.815E-04  6.733E-02  4.692E-06  1.008E-05  3.583E+00  2.881E-04
