* Radex version        : 30nov2011
* Geometry             : Uniform sphere
* Molecular data file  : ./data/co.dat                                                                   
* T(kin)            [K]:  330.000
* Density of H2  [cm-3]:  3.162E+06
* Density of pH2 [cm-3]:  7.906E+05
* Density of oH2 [cm-3]:  2.372E+06
* T(background)     [K]:    2.725
* Column density [cm-2]:  3.123E+22
* Line width     [km/s]:   50.000
Calculation finished in   34 iterations
      LINE         E_UP       FREQ        WAVEL     T_EX      TAU        T_R       POP        POP       FLUX        FLUX
                   (K)        (GHz)       (um)      (K)                  (K)        UP        LOW      (K*km/s) (erg/cm2/s)
1      -- 0          5.5    115.2712   2600.7576  329.998  1.232E+02  3.264E+02  2.464E-02  8.353E-03  1.737E+04  3.427E-04
2      -- 1         16.6    230.5380   1300.4037  329.998  4.804E+02  3.243E+02  3.972E-02  2.464E-02  1.726E+04  2.724E-03
3      -- 2         33.2    345.7960    866.9634  329.998  1.036E+03  3.217E+02  5.288E-02  3.972E-02  1.712E+04  9.119E-03
4      -- 3         55.3    461.0408    650.2515  329.998  1.734E+03  3.191E+02  6.358E-02  5.288E-02  1.698E+04  2.143E-02
5      -- 4         83.0    576.2679    520.2310  329.998  2.507E+03  3.164E+02  7.146E-02  6.358E-02  1.684E+04  4.150E-02
6      -- 5        116.2    691.4731    433.5562  329.997  3.285E+03  3.137E+02  7.637E-02  7.146E-02  1.670E+04  7.109E-02
7      -- 6        154.9    806.6518    371.6504  329.997  4.000E+03  3.110E+02  7.836E-02  7.637E-02  1.655E+04  1.119E-01
8      -- 7        199.1    921.7997    325.2252  329.997  4.594E+03  3.084E+02  7.767E-02  7.836E-02  1.641E+04  1.656E-01
9      -- 8        248.9   1036.9124    289.1203  329.996  5.025E+03  3.057E+02  7.466E-02  7.767E-02  1.627E+04  2.336E-01
10     -- 9        304.2   1151.9855    260.2398  329.995  5.268E+03  3.031E+02  6.979E-02  7.466E-02  1.613E+04  3.176E-01
11     -- 10       365.0   1267.0145    236.6133  329.995  5.326E+03  3.005E+02  6.357E-02  6.979E-02  1.600E+04  4.190E-01
12     -- 11       431.3   1381.9951    216.9273  329.993  5.202E+03  2.979E+02  5.652E-02  6.357E-02  1.586E+04  5.390E-01
13     -- 12       503.1   1496.9229    200.2725  329.992  4.926E+03  2.954E+02  4.910E-02  5.652E-02  1.572E+04  6.791E-01
14     -- 13       580.5   1611.7935    185.9993  329.990  4.534E+03  2.928E+02  4.171E-02  4.910E-02  1.559E+04  8.404E-01
15     -- 14       663.4   1726.6025    173.6314  329.987  4.058E+03  2.903E+02  3.469E-02  4.171E-02  1.545E+04  1.024E+00
16     -- 15       751.7   1841.3455    162.8116  329.983  3.540E+03  2.878E+02  2.825E-02  3.469E-02  1.532E+04  1.231E+00
