* Radex version        : 30nov2011
* Geometry             : Uniform sphere
* Molecular data file  : ./data/co.dat                                                                   
* T(kin)            [K]:  355.000
* Density of H2  [cm-3]:  1.585E+05
* Density of pH2 [cm-3]:  3.962E+04
* Density of oH2 [cm-3]:  1.189E+05
* T(background)     [K]:    2.725
* Column density [cm-2]:  1.565E+21
* Line width     [km/s]:   50.000
Calculation finished in   43 iterations
      LINE         E_UP       FREQ        WAVEL     T_EX      TAU        T_R       POP        POP       FLUX        FLUX
                   (K)        (GHz)       (um)      (K)                  (K)        UP        LOW      (K*km/s) (erg/cm2/s)
1      -- 0          5.5    115.2712   2600.7576  354.845  5.432E+00  3.497E+02  2.332E-02  7.895E-03  1.861E+04  3.672E-04
2      -- 1         16.6    230.5380   1300.4037  353.872  2.127E+01  3.482E+02  3.767E-02  2.332E-02  1.853E+04  2.924E-03
3      -- 2         33.2    345.7960    866.9634  353.928  4.599E+01  3.457E+02  5.032E-02  3.767E-02  1.840E+04  9.797E-03
4      -- 3         55.3    461.0408    650.2515  353.907  7.727E+01  3.430E+02  6.078E-02  5.032E-02  1.825E+04  2.304E-02
5      -- 4         83.0    576.2679    520.2310  353.824  1.123E+02  3.402E+02  6.870E-02  6.078E-02  1.811E+04  4.462E-02
6      -- 5        116.2    691.4731    433.5562  353.773  1.481E+02  3.374E+02  7.392E-02  6.870E-02  1.796E+04  7.647E-02
7      -- 6        154.9    806.6518    371.6504  353.633  1.818E+02  3.346E+02  7.645E-02  7.392E-02  1.781E+04  1.204E-01
8      -- 7        199.1    921.7997    325.2252  353.483  2.106E+02  3.318E+02  7.645E-02  7.645E-02  1.766E+04  1.782E-01
9      -- 8        248.9   1036.9124    289.1203  353.238  2.327E+02  3.289E+02  7.421E-02  7.645E-02  1.751E+04  2.514E-01
10     -- 9        304.2   1151.9855    260.2398  352.898  2.467E+02  3.260E+02  7.013E-02  7.421E-02  1.735E+04  3.416E-01
11     -- 10       365.0   1267.0145    236.6133  352.572  2.525E+02  3.230E+02  6.464E-02  7.013E-02  1.719E+04  4.504E-01
12     -- 11       431.3   1381.9951    216.9273  352.124  2.500E+02  3.200E+02  5.820E-02  6.464E-02  1.703E+04  5.790E-01
13     -- 12       503.1   1496.9229    200.2725  351.672  2.401E+02  3.170E+02  5.124E-02  5.820E-02  1.687E+04  7.288E-01
14     -- 13       580.5   1611.7935    185.9993  350.643  2.247E+02  3.134E+02  4.414E-02  5.124E-02  1.668E+04  8.995E-01
15     -- 14       663.4   1726.6025    173.6314  349.406  2.047E+02  3.096E+02  3.722E-02  4.414E-02  1.648E+04  1.092E+00
16     -- 15       751.7   1841.3455    162.8116  347.856  1.818E+02  3.055E+02  3.074E-02  3.722E-02  1.626E+04  1.308E+00
