* Radex version        : 30nov2011
* Geometry             : Uniform sphere
* Molecular data file  : ./data/co.dat                                                                   
* T(kin)            [K]:   35.000
* Density of H2  [cm-3]:  5.012E+05
* Density of pH2 [cm-3]:  1.253E+05
* Density of oH2 [cm-3]:  3.759E+05
* T(background)     [K]:   13.800
* Column density [cm-2]:  7.733E+20
* Line width     [km/s]:   50.000
Calculation finished in   28 iterations
      LINE         E_UP       FREQ        WAVEL     T_EX      TAU        T_R       POP        POP       FLUX        FLUX
                   (K)        (GHz)       (um)      (K)                  (K)        UP        LOW      (K*km/s) (erg/cm2/s)
1      -- 0          5.5    115.2712   2600.7576   35.000  2.473E+02  2.109E+01  1.972E-01  7.697E-02  1.122E+03  2.214E-05
2      -- 1         16.6    230.5380   1300.4037   35.000  7.823E+02  2.076E+01  2.395E-01  1.972E-01  1.105E+03  1.743E-04
3      -- 2         33.2    345.7960    866.9634   35.000  1.191E+03  2.023E+01  2.087E-01  2.395E-01  1.077E+03  5.733E-04
4      -- 3         55.3    461.0408    650.2515   34.999  1.224E+03  1.952E+01  1.426E-01  2.087E-01  1.039E+03  1.311E-03
5      -- 4         83.0    576.2679    520.2310   34.998  9.463E+02  1.866E+01  7.909E-02  1.426E-01  9.934E+02  2.448E-03
6      -- 5        116.2    691.4731    433.5562   34.996  5.765E+02  1.769E+01  3.621E-02  7.909E-02  9.417E+02  4.010E-03
7      -- 6        154.9    806.6518    371.6504   34.988  2.840E+02  1.664E+01  1.382E-02  3.621E-02  8.855E+02  5.986E-03
8      -- 7        199.1    921.7997    325.2252   34.958  1.148E+02  1.551E+01  4.417E-03  1.382E-02  8.258E+02  8.330E-03
9      -- 8        248.9   1036.9124    289.1203   34.837  3.844E+01  1.430E+01  1.183E-03  4.417E-03  7.610E+02  1.093E-02
10     -- 9        304.2   1151.9855    260.2398   33.910  1.078E+01  1.244E+01  2.561E-04  1.183E-03  6.621E+02  1.304E-02
11     -- 10       365.0   1267.0145    236.6133   30.211  2.492E+00  7.913E+00  3.748E-05  2.561E-04  4.212E+02  1.103E-02
12     -- 11       431.3   1381.9951    216.9273   28.150  3.777E-01  2.012E+00  3.862E-06  3.748E-05  1.071E+02  3.641E-03
13     -- 12       503.1   1496.9229    200.2725   29.188  3.898E-02  2.410E-01  3.559E-07  3.862E-06  1.283E+01  5.542E-04
14     -- 13       580.5   1611.7935    185.9993   29.410  3.614E-03  2.064E-02  2.754E-08  3.559E-07  1.099E+00  5.924E-05
15     -- 14       663.4   1726.6025    173.6314   29.233  2.813E-04  1.397E-03  1.730E-09  2.754E-08  7.435E-02  4.929E-06
16     -- 15       751.7   1841.3455    162.8116   29.417  1.768E-05  7.893E-05  9.129E-11  1.730E-09  4.201E-03  3.378E-07
