* Radex version        : 30nov2011
* Geometry             : Uniform sphere
* Molecular data file  : ./data/co.dat                                                                   
* T(kin)            [K]:  380.000
* Density of H2  [cm-3]:  2.512E+03
* Density of pH2 [cm-3]:  6.280E+02
* Density of oH2 [cm-3]:  1.884E+03
* T(background)     [K]:    2.725
* Column density [cm-2]:  2.481E+19
* Line width     [km/s]:   50.000
Calculation finished in   63 iterations
      LINE         E_UP       FREQ        WAVEL     T_EX      TAU        T_R       POP        POP       FLUX        FLUX
                   (K)        (GHz)       (um)      (K)                  (K)        UP        LOW      (K*km/s) (erg/cm2/s)
1      -- 0          5.5    115.2712   2600.7576 -182.908 -5.578E-01  1.393E+02  7.968E-02  2.577E-02  7.415E+03  1.463E-04
2      -- 1         16.6    230.5380   1300.4037  147.552  2.703E+00  1.324E+02  1.232E-01  7.968E-02  7.047E+03  1.112E-03
3      -- 2         33.2    345.7960    866.9634  127.588  6.348E+00  1.192E+02  1.515E-01  1.232E-01  6.346E+03  3.379E-03
4      -- 3         55.3    461.0408    650.2515  118.709  1.034E+01  1.080E+02  1.616E-01  1.515E-01  5.747E+03  7.253E-03
5      -- 4         83.0    576.2679    520.2310  108.228  1.420E+01  9.499E+01  1.530E-01  1.616E-01  5.056E+03  1.246E-02
6      -- 5        116.2    691.4731    433.5562   95.987  1.707E+01  8.035E+01  1.280E-01  1.530E-01  4.277E+03  1.821E-02
7      -- 6        154.9    806.6518    371.6504   81.631  1.816E+01  6.380E+01  9.189E-02  1.280E-01  3.396E+03  2.295E-02
8      -- 7        199.1    921.7997    325.2252   66.611  1.655E+01  4.692E+01  5.360E-02  9.189E-02  2.497E+03  2.519E-02
9      -- 8        248.9   1036.9124    289.1203   52.211  1.209E+01  3.122E+01  2.310E-02  5.360E-02  1.662E+03  2.386E-02
10     -- 9        304.2   1151.9855    260.2398   40.788  6.229E+00  1.917E+01  6.581E-03  2.310E-02  1.020E+03  2.009E-02
11     -- 10       365.0   1267.0145    236.6133   36.847  1.916E+00  1.232E+01  1.384E-03  6.581E-03  6.558E+02  1.718E-02
12     -- 11       431.3   1381.9951    216.9273   51.323  3.584E-01  7.563E+00  4.131E-04  1.384E-03  4.026E+02  1.368E-02
13     -- 12       503.1   1496.9229    200.2725   80.931  8.603E-02  4.143E+00  1.837E-04  4.131E-04  2.205E+02  9.525E-03
14     -- 13       580.5   1611.7935    185.9993   93.126  3.638E-02  2.134E+00  8.596E-05  1.837E-04  1.136E+02  6.125E-03
15     -- 14       663.4   1726.6025    173.6314   99.699  1.689E-02  1.071E+00  4.002E-05  8.596E-05  5.699E+01  3.777E-03
16     -- 15       751.7   1841.3455    162.8116  111.358  7.564E-03  5.498E-01  1.927E-05  4.002E-05  2.926E+01  2.353E-03
