* Radex version        : 30nov2011
* Geometry             : Uniform sphere
* Molecular data file  : ./data/co.dat                                                                   
* T(kin)            [K]:  355.000
* Density of H2  [cm-3]:  1.259E+04
* Density of pH2 [cm-3]:  3.147E+03
* Density of oH2 [cm-3]:  9.442E+03
* T(background)     [K]:    2.725
* Column density [cm-2]:  1.243E+20
* Line width     [km/s]:   50.000
Calculation finished in   44 iterations
      LINE         E_UP       FREQ        WAVEL     T_EX      TAU        T_R       POP        POP       FLUX        FLUX
                   (K)        (GHz)       (um)      (K)                  (K)        UP        LOW      (K*km/s) (erg/cm2/s)
1      -- 0          5.5    115.2712   2600.7576  2.262E+04  1.027E-02  2.311E+02  3.565E-02  1.189E-02  1.230E+04  2.426E-04
2      -- 1         16.6    230.5380   1300.4037  298.196  3.057E+00  2.787E+02  5.726E-02  3.565E-02  1.484E+04  2.341E-03
3      -- 2         33.2    345.7960    866.9634  280.801  6.956E+00  2.723E+02  7.556E-02  5.726E-02  1.449E+04  7.717E-03
4      -- 3         55.3    461.0408    650.2515  277.019  1.167E+01  2.661E+02  8.969E-02  7.556E-02  1.416E+04  1.787E-02
5      -- 4         83.0    576.2679    520.2310  272.396  1.691E+01  2.588E+02  9.904E-02  8.969E-02  1.377E+04  3.395E-02
6      -- 5        116.2    691.4731    433.5562  266.585  2.217E+01  2.503E+02  1.033E-01  9.904E-02  1.332E+04  5.673E-02
7      -- 6        154.9    806.6518    371.6504  258.084  2.712E+01  2.392E+02  1.026E-01  1.033E-01  1.273E+04  8.606E-02
8      -- 7        199.1    921.7997    325.2252  247.269  3.128E+01  2.258E+02  9.726E-02  1.026E-01  1.202E+04  1.212E-01
9      -- 8        248.9   1036.9124    289.1203  233.319  3.438E+01  2.093E+02  8.782E-02  9.726E-02  1.114E+04  1.600E-01
10     -- 9        304.2   1151.9855    260.2398  216.563  3.604E+01  1.901E+02  7.520E-02  8.782E-02  1.012E+04  1.992E-01
11     -- 10       365.0   1267.0145    236.6133  197.618  3.596E+01  1.688E+02  6.055E-02  7.520E-02  8.983E+03  2.353E-01
12     -- 11       431.3   1381.9951    216.9273  175.813  3.404E+01  1.447E+02  4.513E-02  6.055E-02  7.703E+03  2.619E-01
13     -- 12       503.1   1496.9229    200.2725  151.266  3.026E+01  1.182E+02  3.031E-02  4.513E-02  6.290E+03  2.717E-01
14     -- 13       580.5   1611.7935    185.9993  123.727  2.479E+01  8.905E+01  1.742E-02  3.031E-02  4.740E+03  2.556E-01
15     -- 14       663.4   1726.6025    173.6314   96.827  1.748E+01  6.123E+01  7.915E-03  1.742E-02  3.259E+03  2.160E-01
16     -- 15       751.7   1841.3455    162.8116   74.192  9.527E+00  3.857E+01  2.560E-03  7.915E-03  2.053E+03  1.651E-01
