* Radex version        : 30nov2011
* Geometry             : Uniform sphere
* Molecular data file  : ./data/co.dat                                                                   
* T(kin)            [K]:   35.000
* Density of H2  [cm-3]:  1.995E+06
* Density of pH2 [cm-3]:  4.988E+05
* Density of oH2 [cm-3]:  1.496E+06
* T(background)     [K]:   13.800
* Column density [cm-2]:  3.079E+21
* Line width     [km/s]:   50.000
Calculation finished in   22 iterations
      LINE         E_UP       FREQ        WAVEL     T_EX      TAU        T_R       POP        POP       FLUX        FLUX
                   (K)        (GHz)       (um)      (K)                  (K)        UP        LOW      (K*km/s) (erg/cm2/s)
1      -- 0          5.5    115.2712   2600.7576   35.000  9.845E+02  2.109E+01  1.971E-01  7.697E-02  1.122E+03  2.214E-05
2      -- 1         16.6    230.5380   1300.4037   35.000  3.114E+03  2.076E+01  2.395E-01  1.971E-01  1.105E+03  1.743E-04
3      -- 2         33.2    345.7960    866.9634   35.000  4.741E+03  2.023E+01  2.087E-01  2.395E-01  1.077E+03  5.733E-04
4      -- 3         55.3    461.0408    650.2515   35.000  4.874E+03  1.952E+01  1.426E-01  2.087E-01  1.039E+03  1.311E-03
5      -- 4         83.0    576.2679    520.2310   35.000  3.767E+03  1.867E+01  7.909E-02  1.426E-01  9.935E+02  2.448E-03
6      -- 5        116.2    691.4731    433.5562   35.000  2.295E+03  1.770E+01  3.621E-02  7.909E-02  9.419E+02  4.011E-03
7      -- 6        154.9    806.6518    371.6504   34.999  1.130E+03  1.665E+01  1.382E-02  3.621E-02  8.861E+02  5.989E-03
8      -- 7        199.1    921.7997    325.2252   34.997  4.569E+02  1.555E+01  4.426E-03  1.382E-02  8.276E+02  8.348E-03
9      -- 8        248.9   1036.9124    289.1203   34.990  1.530E+02  1.443E+01  1.193E-03  4.426E-03  7.679E+02  1.102E-02
10     -- 9        304.2   1151.9855    260.2398   34.955  4.274E+01  1.329E+01  2.711E-04  1.193E-03  7.072E+02  1.392E-02
11     -- 10       365.0   1267.0145    236.6133   34.630  1.003E+01  1.195E+01  5.130E-05  2.711E-04  6.359E+02  1.666E-02
12     -- 11       431.3   1381.9951    216.9273   32.987  1.969E+00  8.351E+00  7.465E-06  5.130E-05  4.445E+02  1.511E-02
13     -- 12       503.1   1496.9229    200.2725   32.105  2.930E-01  2.079E+00  8.603E-07  7.465E-06  1.106E+02  4.779E-03
14     -- 13       580.5   1611.7935    185.9993   32.324  3.406E-02  2.509E-01  8.441E-08  8.603E-07  1.335E+01  7.200E-04
15     -- 14       663.4   1726.6025    173.6314   32.152  3.369E-03  2.223E-02  6.856E-09  8.441E-08  1.183E+00  7.843E-05
16     -- 15       751.7   1841.3455    162.8116   32.055  2.750E-04  1.607E-03  4.634E-10  6.856E-09  8.553E-02  6.877E-06
