* Radex version        : 30nov2011
* Geometry             : Uniform sphere
* Molecular data file  : ./data/co.dat                                                                   
* T(kin)            [K]:  380.000
* Density of H2  [cm-3]:  3.981E+04
* Density of pH2 [cm-3]:  9.953E+03
* Density of oH2 [cm-3]:  2.986E+04
* T(background)     [K]:    2.725
* Column density [cm-2]:  3.931E+20
* Line width     [km/s]:   50.000
Calculation finished in  362 iterations
      LINE         E_UP       FREQ        WAVEL     T_EX      TAU        T_R       POP        POP       FLUX        FLUX
                   (K)        (GHz)       (um)      (K)                  (K)        UP        LOW      (K*km/s) (erg/cm2/s)
1      -- 0          5.5    115.2712   2600.7576   19.552  7.448E-17  1.739E-15  3.401E-02  5.591E-03  9.256E-14  1.826E-21
2      -- 1         16.6    230.5380   1300.4037   67.222 -6.780E+03  6.165E+01  4.712E-01  3.401E-02  3.281E+03  5.177E-04
3      -- 2         33.2    345.7960    866.9634   31.799  1.014E+04  2.418E+01  3.283E-02  4.712E-01  1.287E+03  6.854E-04
4      -- 3         55.3    461.0408    650.2515   36.776  3.066E+01  2.681E+01  5.306E-02  3.283E-02  1.427E+03  1.801E-03
5      -- 4         83.0    576.2679    520.2310 -155.489  1.140E-02 -1.924E+00  4.004E-02  5.306E-02 -1.024E+02 -2.524E-04
6      -- 5        116.2    691.4731    433.5562  115.312  9.306E-18  0.000E+00  5.606E-02  4.004E-02  0.000E+00  0.000E+00
7      -- 6        154.9    806.6518    371.6504  -25.555  7.943E-18  0.000E+00  7.084E-02  5.606E-02  0.000E+00  0.000E+00
8      -- 7        199.1    921.7997    325.2252 -3.619E+03 -2.638E+02  1.287+118  3.144E-02  7.084E-02  6.851+119  6.910+114
9      -- 8        248.9   1036.9124    289.1203  -50.598  2.957E+02 -7.949E+01  2.373E-02  3.144E-02 -4.231E+03 -6.075E-02
10     -- 9        304.2   1151.9855    260.2398  112.097  3.846E-06  3.335E-04  3.479E-02  2.373E-02  1.775E-02  3.494E-07
11     -- 10       365.0   1267.0145    236.6133  205.642  6.478E-15  1.138E-12  2.749E-02  3.479E-02  6.057E-11  1.587E-15
12     -- 11       431.3   1381.9951    216.9273 -158.094  4.526E-18  0.000E+00  4.284E-02  2.749E-02  0.000E+00  0.000E+00
13     -- 12       503.1   1496.9229    200.2725  187.546  4.155E-18  0.000E+00  3.233E-02  4.284E-02  0.000E+00  0.000E+00
14     -- 13       580.5   1611.7935    185.9993  173.528  3.837E-18  0.000E+00  2.270E-02  3.233E-02  0.000E+00  0.000E+00
15     -- 14       663.4   1726.6025    173.6314 -495.944  3.559E-18  0.000E+00  3.944E-02  2.270E-02  0.000E+00  0.000E+00
16     -- 15       751.7   1841.3455    162.8116  191.293  3.314E-18  0.000E+00  2.874E-02  3.944E-02  0.000E+00  0.000E+00
