* Radex version        : 30nov2011
* Geometry             : Uniform sphere
* Molecular data file  : ./data/co.dat                                                                   
* T(kin)            [K]:  300.000
* Density of H2  [cm-3]:  2.512E+03
* Density of pH2 [cm-3]:  6.280E+02
* Density of oH2 [cm-3]:  1.884E+03
* T(background)     [K]:   13.800
* Column density [cm-2]:  3.876E+18
* Line width     [km/s]:   50.000
Calculation finished in   33 iterations
      LINE         E_UP       FREQ        WAVEL     T_EX      TAU        T_R       POP        POP       FLUX        FLUX
                   (K)        (GHz)       (um)      (K)                  (K)        UP        LOW      (K*km/s) (erg/cm2/s)
1      -- 0          5.5    115.2712   2600.7576  -65.075 -4.161E-01  4.081E+01  1.391E-01  4.257E-02  2.172E+03  4.285E-05
2      -- 1         16.6    230.5380   1300.4037   89.176  1.191E+00  5.203E+01  2.047E-01  1.391E-01  2.769E+03  4.370E-04
3      -- 2         33.2    345.7960    866.9634   62.888  3.134E+00  4.575E+01  2.201E-01  2.047E-01  2.435E+03  1.297E-03
4      -- 3         55.3    461.0408    650.2515   53.127  4.705E+00  3.692E+01  1.866E-01  2.201E-01  1.965E+03  2.480E-03
5      -- 4         83.0    576.2679    520.2310   44.289  5.277E+00  2.744E+01  1.222E-01  1.866E-01  1.461E+03  3.600E-03
6      -- 5        116.2    691.4731    433.5562   36.295  4.365E+00  1.866E+01  5.786E-02  1.222E-01  9.933E+02  4.229E-03
7      -- 6        154.9    806.6518    371.6504   30.703  2.435E+00  1.169E+01  1.892E-02  5.786E-02  6.224E+02  4.207E-03
8      -- 7        199.1    921.7997    325.2252   31.029  8.335E-01  6.858E+00  5.153E-03  1.892E-02  3.650E+02  3.682E-03
9      -- 8        248.9   1036.9124    289.1203   40.028  2.103E-01  3.563E+00  1.661E-03  5.153E-03  1.897E+02  2.723E-03
10     -- 9        304.2   1151.9855    260.2398   53.701  6.064E-02  1.747E+00  6.558E-04  1.661E-03  9.299E+01  1.831E-03
11     -- 10       365.0   1267.0145    236.6133   65.118  2.241E-02  8.559E-01  2.823E-04  6.558E-04  4.555E+01  1.193E-03
12     -- 11       431.3   1381.9951    216.9273   74.360  9.293E-03  4.210E-01  1.258E-04  2.823E-04  2.241E+01  7.618E-04
13     -- 12       503.1   1496.9229    200.2725   82.916  4.031E-03  2.081E-01  5.711E-05  1.258E-04  1.107E+01  4.784E-04
14     -- 13       580.5   1611.7935    185.9993   84.959  1.872E-03  9.687E-02  2.468E-05  5.711E-05  5.156E+00  2.780E-04
15     -- 14       663.4   1726.6025    173.6314   87.900  8.192E-04  4.314E-02  1.028E-05  2.468E-05  2.296E+00  1.522E-04
16     -- 15       751.7   1841.3455    162.8116   98.124  3.289E-04  1.984E-02  4.446E-06  1.028E-05  1.056E+00  8.492E-05
