* Radex version        : 30nov2011
* Geometry             : Uniform sphere
* Molecular data file  : ./data/co.dat                                                                   
* T(kin)            [K]:   30.000
* Density of H2  [cm-3]:  7.943E+03
* Density of pH2 [cm-3]:  1.986E+03
* Density of oH2 [cm-3]:  5.957E+03
* T(background)     [K]:    2.725
* Column density [cm-2]:  7.844E+19
* Line width     [km/s]:   50.000
Calculation finished in   38 iterations
      LINE         E_UP       FREQ        WAVEL     T_EX      TAU        T_R       POP        POP       FLUX        FLUX
                   (K)        (GHz)       (um)      (K)                  (K)        UP        LOW      (K*km/s) (erg/cm2/s)
1      -- 0          5.5    115.2712   2600.7576   29.825  3.445E+01  2.631E+01  2.275E-01  9.129E-02  1.400E+03  2.762E-05
2      -- 1         16.6    230.5380   1300.4037   29.812  1.048E+02  2.443E+01  2.616E-01  2.275E-01  1.300E+03  2.052E-04
3      -- 2         33.2    345.7960    866.9634   29.728  1.495E+02  2.216E+01  2.096E-01  2.616E-01  1.179E+03  6.281E-04
4      -- 3         55.3    461.0408    650.2515   29.477  1.405E+02  1.978E+01  1.272E-01  2.096E-01  1.053E+03  1.329E-03
5      -- 4         83.0    576.2679    520.2310   28.771  9.680E+01  1.712E+01  5.945E-02  1.272E-01  9.114E+02  2.246E-03
6      -- 5        116.2    691.4731    433.5562   26.205  5.153E+01  1.302E+01  1.980E-02  5.945E-02  6.932E+02  2.952E-03
7      -- 6        154.9    806.6518    371.6504   20.222  2.007E+01  6.694E+00  3.369E-03  1.980E-02  3.563E+02  2.408E-03
8      -- 7        199.1    921.7997    325.2252   13.783  3.794E+00  1.819E+00  1.541E-04  3.369E-03  9.683E+01  9.767E-04
9      -- 8        248.9   1036.9124    289.1203   14.474  1.732E-01  2.627E-01  5.533E-06  1.541E-04  1.398E+01  2.007E-04
10     -- 9        304.2   1151.9855    260.2398   19.308  5.996E-03  2.000E-02  3.490E-07  5.533E-06  1.065E+00  2.096E-05
11     -- 10       365.0   1267.0145    236.6133   20.578  3.769E-04  1.259E-03  1.991E-08  3.490E-07  6.701E-02  1.755E-06
12     -- 11       431.3   1381.9951    216.9273   21.626  2.143E-05  6.942E-05  1.008E-09  1.991E-08  3.695E-03  1.256E-07
13     -- 12       503.1   1496.9229    200.2725   22.125  1.084E-06  3.151E-06  4.232E-11  1.008E-09  1.677E-04  7.245E-09
14     -- 13       580.5   1611.7935    185.9993   22.762  4.541E-08  1.215E-07  1.520E-12  4.232E-11  6.467E-06  3.487E-10
15     -- 14       663.4   1726.6025    173.6314   22.677  1.629E-09  3.587E-09  4.205E-14  1.520E-12  1.909E-07  1.266E-11
16     -- 15       751.7   1841.3455    162.8116   23.391  4.483E-11  9.272E-11  1.024E-15  4.205E-14  4.935E-09  3.968E-13
