* Radex version        : 30nov2011
* Geometry             : Uniform sphere
* Molecular data file  : ./data/co.dat                                                                   
* T(kin)            [K]:   35.000
* Density of H2  [cm-3]:  1.000E+04
* Density of pH2 [cm-3]:  2.500E+03
* Density of oH2 [cm-3]:  7.500E+03
* T(background)     [K]:   13.800
* Column density [cm-2]:  1.543E+19
* Line width     [km/s]:   50.000
Calculation finished in   34 iterations
      LINE         E_UP       FREQ        WAVEL     T_EX      TAU        T_R       POP        POP       FLUX        FLUX
                   (K)        (GHz)       (um)      (K)                  (K)        UP        LOW      (K*km/s) (erg/cm2/s)
1      -- 0          5.5    115.2712   2600.7576   34.526  5.329E+00  2.052E+01  2.098E-01  8.209E-02  1.092E+03  2.154E-05
2      -- 1         16.6    230.5380   1300.4037   34.236  1.692E+01  2.000E+01  2.531E-01  2.098E-01  1.065E+03  1.680E-04
3      -- 2         33.2    345.7960    866.9634   33.855  2.577E+01  1.911E+01  2.170E-01  2.531E-01  1.017E+03  5.415E-04
4      -- 3         55.3    461.0408    650.2515   32.837  2.658E+01  1.743E+01  1.422E-01  2.170E-01  9.278E+02  1.171E-03
5      -- 4         83.0    576.2679    520.2310   30.275  2.065E+01  1.422E+01  6.974E-02  1.422E-01  7.566E+02  1.865E-03
6      -- 5        116.2    691.4731    433.5562   25.238  1.211E+01  8.887E+00  2.213E-02  6.974E-02  4.730E+02  2.014E-03
7      -- 6        154.9    806.6518    371.6504   19.581  4.457E+00  3.687E+00  3.535E-03  2.213E-02  1.962E+02  1.326E-03
8      -- 7        199.1    921.7997    325.2252   17.308  7.529E-01  9.806E-01  3.110E-04  3.535E-03  5.219E+01  5.265E-04
9      -- 8        248.9   1036.9124    289.1203   18.449  6.624E-02  1.414E-01  2.342E-05  3.110E-04  7.525E+00  1.080E-04
10     -- 9        304.2   1151.9855    260.2398   20.522  4.936E-03  1.469E-02  1.750E-06  2.342E-05  7.820E-01  1.540E-05
11     -- 10       365.0   1267.0145    236.6133   22.254  3.666E-04  1.276E-03  1.247E-07  1.750E-06  6.791E-02  1.779E-06
12     -- 11       431.3   1381.9951    216.9273   23.571  2.603E-05  9.591E-05  8.129E-09  1.247E-07  5.105E-03  1.735E-07
13     -- 12       503.1   1496.9229    200.2725   24.744  1.691E-06  6.380E-06  4.814E-10  8.129E-09  3.396E-04  1.467E-08
14     -- 13       580.5   1611.7935    185.9993   25.286  1.002E-07  3.530E-07  2.427E-11  4.814E-10  1.879E-05  1.013E-09
15     -- 14       663.4   1726.6025    173.6314   25.452  5.051E-09  1.575E-08  1.000E-12  2.427E-11  8.382E-07  5.556E-11
16     -- 15       751.7   1841.3455    162.8116   26.247  2.072E-10  6.240E-10  3.673E-14  1.000E-12  3.321E-08  2.670E-12
