* Radex version        : 30nov2011
* Geometry             : Uniform sphere
* Molecular data file  : ./data/co.dat                                                                   
* T(kin)            [K]:   35.000
* Density of H2  [cm-3]:  1.000E+05
* Density of pH2 [cm-3]:  2.500E+04
* Density of oH2 [cm-3]:  7.500E+04
* T(background)     [K]:   13.800
* Column density [cm-2]:  1.543E+20
* Line width     [km/s]:   50.000
Calculation finished in   32 iterations
      LINE         E_UP       FREQ        WAVEL     T_EX      TAU        T_R       POP        POP       FLUX        FLUX
                   (K)        (GHz)       (um)      (K)                  (K)        UP        LOW      (K*km/s) (erg/cm2/s)
1      -- 0          5.5    115.2712   2600.7576   34.993  4.942E+01  2.108E+01  1.974E-01  7.708E-02  1.122E+03  2.213E-05
2      -- 1         16.6    230.5380   1300.4037   34.992  1.563E+02  2.075E+01  2.399E-01  1.974E-01  1.104E+03  1.743E-04
3      -- 2         33.2    345.7960    866.9634   34.988  2.380E+02  2.022E+01  2.090E-01  2.399E-01  1.076E+03  5.730E-04
4      -- 3         55.3    461.0408    650.2515   34.978  2.447E+02  1.950E+01  1.427E-01  2.090E-01  1.038E+03  1.310E-03
5      -- 4         83.0    576.2679    520.2310   34.956  1.891E+02  1.862E+01  7.908E-02  1.427E-01  9.912E+02  2.443E-03
6      -- 5        116.2    691.4731    433.5562   34.887  1.152E+02  1.759E+01  3.610E-02  7.908E-02  9.363E+02  3.987E-03
7      -- 6        154.9    806.6518    371.6504   34.675  5.676E+01  1.635E+01  1.364E-02  3.610E-02  8.705E+02  5.884E-03
8      -- 7        199.1    921.7997    325.2252   33.678  2.302E+01  1.440E+01  4.155E-03  1.364E-02  7.663E+02  7.730E-03
9      -- 8        248.9   1036.9124    289.1203   29.552  7.728E+00  9.951E+00  8.621E-04  4.155E-03  5.296E+02  7.604E-03
10     -- 9        304.2   1151.9855    260.2398   23.695  1.760E+00  4.067E+00  9.240E-05  8.621E-04  2.165E+02  4.262E-03
11     -- 10       365.0   1267.0145    236.6133   23.196  1.920E-01  7.016E-01  7.357E-06  9.240E-05  3.735E+01  9.782E-04
12     -- 11       431.3   1381.9951    216.9273   25.267  1.515E-02  6.968E-02  5.793E-07  7.357E-06  3.709E+00  1.261E-04
13     -- 12       503.1   1496.9229    200.2725   26.303  1.192E-03  5.493E-03  4.075E-08  5.793E-07  2.923E-01  1.263E-05
14     -- 13       580.5   1611.7935    185.9993   26.777  8.404E-05  3.590E-04  2.436E-09  4.075E-08  1.911E-02  1.030E-06
15     -- 14       663.4   1726.6025    173.6314   26.819  5.033E-06  1.885E-05  1.185E-10  2.436E-09  1.003E-03  6.652E-08
16     -- 15       751.7   1841.3455    162.8116   27.388  2.442E-07  8.562E-07  5.006E-12  1.185E-10  4.557E-05  3.664E-09
