* Radex version        : 30nov2011
* Geometry             : Uniform sphere
* Molecular data file  : ./data/co.dat                                                                   
* T(kin)            [K]:   30.000
* Density of H2  [cm-3]:  1.995E+04
* Density of pH2 [cm-3]:  4.988E+03
* Density of oH2 [cm-3]:  1.496E+04
* T(background)     [K]:   13.800
* Column density [cm-2]:  3.079E+19
* Line width     [km/s]:   50.000
Calculation finished in   33 iterations
      LINE         E_UP       FREQ        WAVEL     T_EX      TAU        T_R       POP        POP       FLUX        FLUX
                   (K)        (GHz)       (um)      (K)                  (K)        UP        LOW      (K*km/s) (erg/cm2/s)
1      -- 0          5.5    115.2712   2600.7576   29.911  1.341E+01  1.601E+01  2.264E-01  9.081E-02  8.522E+02  1.681E-05
2      -- 1         16.6    230.5380   1300.4037   29.889  4.083E+01  1.570E+01  2.606E-01  2.264E-01  8.355E+02  1.318E-04
3      -- 2         33.2    345.7960    866.9634   29.824  5.831E+01  1.517E+01  2.092E-01  2.606E-01  8.072E+02  4.298E-04
4      -- 3         55.3    461.0408    650.2515   29.633  5.484E+01  1.436E+01  1.274E-01  2.092E-01  7.643E+02  9.646E-04
5      -- 4         83.0    576.2679    520.2310   29.074  3.783E+01  1.310E+01  6.017E-02  1.274E-01  6.971E+02  1.718E-03
6      -- 5        116.2    691.4731    433.5562   26.973  2.017E+01  1.041E+01  2.078E-02  6.017E-02  5.538E+02  2.358E-03
7      -- 6        154.9    806.6518    371.6504   22.160  8.003E+00  5.678E+00  4.178E-03  2.078E-02  3.022E+02  2.043E-03
8      -- 7        199.1    921.7997    325.2252   17.908  1.762E+00  1.836E+00  4.004E-04  4.178E-03  9.774E+01  9.860E-04
9      -- 8        248.9   1036.9124    289.1203   17.745  1.714E-01  2.864E-01  2.709E-05  4.004E-04  1.524E+01  2.188E-04
10     -- 9        304.2   1151.9855    260.2398   19.126  1.154E-02  2.555E-02  1.663E-06  2.709E-05  1.360E+00  2.677E-05
11     -- 10       365.0   1267.0145    236.6133   20.338  7.063E-04  1.744E-03  9.163E-08  1.663E-06  9.280E-02  2.431E-06
12     -- 11       431.3   1381.9951    216.9273   21.397  3.877E-05  1.001E-04  4.488E-09  9.163E-08  5.329E-03  1.811E-07
13     -- 12       503.1   1496.9229    200.2725   22.196  1.894E-06  4.815E-06  1.905E-10  4.488E-09  2.563E-04  1.107E-08
14     -- 13       580.5   1611.7935    185.9993   22.713  8.023E-08  1.901E-07  6.788E-12  1.905E-10  1.012E-05  5.456E-10
15     -- 14       663.4   1726.6025    173.6314   22.907  2.853E-09  5.940E-09  1.949E-13  6.788E-12  3.161E-07  2.096E-11
16     -- 15       751.7   1841.3455    162.8116   23.433  8.152E-11  1.578E-10  4.776E-15  1.949E-13  8.401E-09  6.755E-13
