* Radex version        : 30nov2011
* Geometry             : Uniform sphere
* Molecular data file  : ./data/co.dat                                                                   
* T(kin)            [K]:  305.000
* Density of H2  [cm-3]:  1.259E+03
* Density of pH2 [cm-3]:  3.147E+02
* Density of oH2 [cm-3]:  9.442E+02
* T(background)     [K]:    2.725
* Column density [cm-2]:  1.243E+19
* Line width     [km/s]:   50.000
Calculation finished in   37 iterations
      LINE         E_UP       FREQ        WAVEL     T_EX      TAU        T_R       POP        POP       FLUX        FLUX
                   (K)        (GHz)       (um)      (K)                  (K)        UP        LOW      (K*km/s) (erg/cm2/s)
1      -- 0          5.5    115.2712   2600.7576  1.936E+03  4.453E-02  8.415E+01  1.321E-01  4.417E-02  4.479E+03  8.835E-05
2      -- 1         16.6    230.5380   1300.4037   76.698  4.177E+00  7.001E+01  1.906E-01  1.321E-01  3.726E+03  5.880E-04
3      -- 2         33.2    345.7960    866.9634   68.461  8.687E+00  6.045E+01  2.094E-01  1.906E-01  3.217E+03  1.713E-03
4      -- 3         55.3    461.0408    650.2515   60.796  1.286E+01  5.040E+01  1.871E-01  2.094E-01  2.682E+03  3.385E-03
5      -- 4         83.0    576.2679    520.2310   51.478  1.519E+01  3.888E+01  1.336E-01  1.871E-01  2.069E+03  5.100E-03
6      -- 5        116.2    691.4731    433.5562   41.637  1.404E+01  2.722E+01  7.118E-02  1.336E-01  1.449E+03  6.170E-03
7      -- 6        154.9    806.6518    371.6504   32.408  9.347E+00  1.682E+01  2.487E-02  7.118E-02  8.950E+02  6.050E-03
8      -- 7        199.1    921.7997    325.2252   26.199  3.772E+00  9.797E+00  5.209E-03  2.487E-02  5.214E+02  5.260E-03
9      -- 8        248.9   1036.9124    289.1203   28.761  7.885E-01  5.848E+00  1.032E-03  5.209E-03  3.112E+02  4.469E-03
10     -- 9        304.2   1151.9855    260.2398   47.117  1.298E-01  3.014E+00  3.527E-04  1.032E-03  1.604E+02  3.158E-03
11     -- 10       365.0   1267.0145    236.6133   64.662  3.882E-02  1.483E+00  1.508E-04  3.527E-04  7.894E+01  2.068E-03
12     -- 11       431.3   1381.9951    216.9273   74.848  1.586E-02  7.321E-01  6.759E-05  1.508E-04  3.897E+01  1.325E-03
13     -- 12       503.1   1496.9229    200.2725   83.537  6.916E-03  3.632E-01  3.089E-05  6.759E-05  1.933E+01  8.351E-04
14     -- 13       580.5   1611.7935    185.9993   85.711  3.231E-03  1.702E-01  1.346E-05  3.089E-05  9.060E+00  4.886E-04
15     -- 14       663.4   1726.6025    173.6314   88.749  1.424E-03  7.640E-02  5.654E-06  1.346E-05  4.066E+00  2.695E-04
16     -- 15       751.7   1841.3455    162.8116   99.109  5.769E-04  3.541E-02  2.468E-06  5.654E-06  1.885E+00  1.516E-04
