* Radex version        : 30nov2011
* Geometry             : Uniform sphere
* Molecular data file  : ./data/co.dat                                                                   
* T(kin)            [K]:   30.000
* Density of H2  [cm-3]:  1.585E+03
* Density of pH2 [cm-3]:  3.962E+02
* Density of oH2 [cm-3]:  1.189E+03
* T(background)     [K]:   13.800
* Column density [cm-2]:  2.445E+18
* Line width     [km/s]:   50.000
Calculation finished in   27 iterations
      LINE         E_UP       FREQ        WAVEL     T_EX      TAU        T_R       POP        POP       FLUX        FLUX
                   (K)        (GHz)       (um)      (K)                  (K)        UP        LOW      (K*km/s) (erg/cm2/s)
1      -- 0          5.5    115.2712   2600.7576   25.939  1.681E+00  9.810E+00  3.054E-01  1.260E-01  5.221E+02  1.030E-05
2      -- 1         16.6    230.5380   1300.4037   21.997  5.588E+00  7.897E+00  3.078E-01  3.054E-01  4.203E+02  6.632E-05
3      -- 2         33.2    345.7960    866.9634   19.475  7.350E+00  5.212E+00  1.838E-01  3.078E-01  2.774E+02  1.477E-04
4      -- 3         55.3    461.0408    650.2515   16.763  5.331E+00  2.480E+00  6.312E-02  1.838E-01  1.320E+02  1.666E-04
5      -- 4         83.0    576.2679    520.2310   15.117  2.035E+00  8.510E-01  1.238E-02  6.312E-02  4.529E+01  1.116E-04
6      -- 5        116.2    691.4731    433.5562   14.671  4.173E-01  1.924E-01  1.524E-03  1.238E-02  1.024E+01  4.361E-05
7      -- 6        154.9    806.6518    371.6504   14.775  5.235E-02  2.789E-02  1.280E-04  1.524E-03  1.484E+00  1.003E-05
8      -- 7        199.1    921.7997    325.2252   15.223  4.427E-03  3.052E-03  7.933E-06  1.280E-04  1.624E-01  1.638E-06
9      -- 8        248.9   1036.9124    289.1203   16.105  2.741E-04  2.694E-04  4.034E-07  7.933E-06  1.434E-02  2.058E-07
10     -- 9        304.2   1151.9855    260.2398   17.489  1.384E-05  1.967E-05  1.889E-08  4.034E-07  1.047E-03  2.061E-08
11     -- 10       365.0   1267.0145    236.6133   19.042  6.435E-07  1.191E-06  8.490E-10  1.889E-08  6.339E-05  1.660E-09
12     -- 11       431.3   1381.9951    216.9273   20.388  2.873E-08  6.089E-08  3.567E-11  8.490E-10  3.241E-06  1.102E-10
13     -- 12       503.1   1496.9229    200.2725   21.524  1.200E-09  2.700E-09  1.368E-12  3.567E-11  1.437E-07  6.208E-12
14     -- 13       580.5   1611.7935    185.9993   22.092  4.592E-11  9.734E-11  4.431E-14  1.368E-12  5.181E-09  2.794E-13
15     -- 14       663.4   1726.6025    173.6314   22.266  1.484E-12  2.744E-12  1.146E-15  4.431E-14  1.461E-10  9.683E-15
16     -- 15       751.7   1841.3455    162.8116   22.890  3.817E-14  6.698E-14  2.571E-17  1.146E-15  3.565E-12  2.866E-16
