* Radex version        : 30nov2011
* Geometry             : Uniform sphere
* Molecular data file  : ./data/co.dat                                                                   
* T(kin)            [K]:   35.000
* Density of H2  [cm-3]:  2.512E+06
* Density of pH2 [cm-3]:  6.280E+05
* Density of oH2 [cm-3]:  1.884E+06
* T(background)     [K]:   13.800
* Column density [cm-2]:  3.876E+21
* Line width     [km/s]:   50.000
Calculation finished in   21 iterations
      LINE         E_UP       FREQ        WAVEL     T_EX      TAU        T_R       POP        POP       FLUX        FLUX
                   (K)        (GHz)       (um)      (K)                  (K)        UP        LOW      (K*km/s) (erg/cm2/s)
1      -- 0          5.5    115.2712   2600.7576   35.000  1.239E+03  2.109E+01  1.971E-01  7.697E-02  1.122E+03  2.214E-05
2      -- 1         16.6    230.5380   1300.4037   35.000  3.921E+03  2.076E+01  2.395E-01  1.971E-01  1.105E+03  1.743E-04
3      -- 2         33.2    345.7960    866.9634   35.000  5.969E+03  2.023E+01  2.087E-01  2.395E-01  1.077E+03  5.733E-04
4      -- 3         55.3    461.0408    650.2515   35.000  6.136E+03  1.952E+01  1.426E-01  2.087E-01  1.039E+03  1.311E-03
5      -- 4         83.0    576.2679    520.2310   35.000  4.742E+03  1.867E+01  7.909E-02  1.426E-01  9.935E+02  2.448E-03
6      -- 5        116.2    691.4731    433.5562   35.000  2.889E+03  1.770E+01  3.621E-02  7.909E-02  9.419E+02  4.011E-03
7      -- 6        154.9    806.6518    371.6504   35.000  1.423E+03  1.665E+01  1.382E-02  3.621E-02  8.861E+02  5.990E-03
8      -- 7        199.1    921.7997    325.2252   34.998  5.752E+02  1.555E+01  4.426E-03  1.382E-02  8.277E+02  8.349E-03
9      -- 8        248.9   1036.9124    289.1203   34.994  1.927E+02  1.443E+01  1.193E-03  4.426E-03  7.680E+02  1.103E-02
10     -- 9        304.2   1151.9855    260.2398   34.972  5.381E+01  1.330E+01  2.714E-04  1.193E-03  7.079E+02  1.394E-02
11     -- 10       365.0   1267.0145    236.6133   34.786  1.262E+01  1.207E+01  5.175E-05  2.714E-04  6.424E+02  1.683E-02
12     -- 11       431.3   1381.9951    216.9273   33.558  2.487E+00  9.280E+00  7.794E-06  5.175E-05  4.939E+02  1.679E-02
13     -- 12       503.1   1496.9229    200.2725   32.555  3.836E-01  2.704E+00  9.264E-07  7.794E-06  1.439E+02  6.218E-03
14     -- 13       580.5   1611.7935    185.9993   32.706  4.605E-02  3.481E-01  9.347E-08  9.264E-07  1.853E+01  9.990E-04
15     -- 14       663.4   1726.6025    173.6314   32.575  4.684E-03  3.206E-02  7.850E-09  9.347E-08  1.706E+00  1.131E-04
16     -- 15       751.7   1841.3455    162.8116   32.464  3.954E-04  2.400E-03  5.493E-10  7.850E-09  1.278E-01  1.027E-05
