* Radex version        : 30nov2011
* Geometry             : Uniform sphere
* Molecular data file  : ./data/co.dat                                                                   
* T(kin)            [K]:  380.000
* Density of H2  [cm-3]:  1.585E+05
* Density of pH2 [cm-3]:  3.962E+04
* Density of oH2 [cm-3]:  1.189E+05
* T(background)     [K]:    2.725
* Column density [cm-2]:  1.565E+21
* Line width     [km/s]:   50.000
Calculation finished in   43 iterations
      LINE         E_UP       FREQ        WAVEL     T_EX      TAU        T_R       POP        POP       FLUX        FLUX
                   (K)        (GHz)       (um)      (K)                  (K)        UP        LOW      (K*km/s) (erg/cm2/s)
1      -- 0          5.5    115.2712   2600.7576  380.203  4.748E+00  3.733E+02  2.185E-02  7.391E-03  1.987E+04  3.920E-04
2      -- 1         16.6    230.5380   1300.4037  378.605  1.865E+01  3.729E+02  3.537E-02  2.185E-02  1.985E+04  3.132E-03
3      -- 2         33.2    345.7960    866.9634  378.707  4.042E+01  3.704E+02  4.740E-02  3.537E-02  1.972E+04  1.050E-02
4      -- 3         55.3    461.0408    650.2515  378.684  6.816E+01  3.677E+02  5.748E-02  4.740E-02  1.957E+04  2.470E-02
5      -- 4         83.0    576.2679    520.2310  378.591  9.955E+01  3.649E+02  6.530E-02  5.748E-02  1.942E+04  4.787E-02
6      -- 5        116.2    691.4731    433.5562  378.536  1.320E+02  3.622E+02  7.070E-02  6.530E-02  1.928E+04  8.208E-02
7      -- 6        154.9    806.6518    371.6504  378.379  1.631E+02  3.594E+02  7.364E-02  7.070E-02  1.913E+04  1.293E-01
8      -- 7        199.1    921.7997    325.2252  378.214  1.904E+02  3.565E+02  7.425E-02  7.364E-02  1.898E+04  1.914E-01
9      -- 8        248.9   1036.9124    289.1203  377.937  2.122E+02  3.536E+02  7.275E-02  7.425E-02  1.882E+04  2.702E-01
10     -- 9        304.2   1151.9855    260.2398  377.560  2.272E+02  3.506E+02  6.945E-02  7.275E-02  1.866E+04  3.674E-01
11     -- 10       365.0   1267.0145    236.6133  377.214  2.350E+02  3.476E+02  6.474E-02  6.945E-02  1.850E+04  4.847E-01
12     -- 11       431.3   1381.9951    216.9273  376.741  2.354E+02  3.446E+02  5.901E-02  6.474E-02  1.834E+04  6.234E-01
13     -- 12       503.1   1496.9229    200.2725  376.288  2.290E+02  3.415E+02  5.265E-02  5.901E-02  1.818E+04  7.852E-01
14     -- 13       580.5   1611.7935    185.9993  375.194  2.173E+02  3.378E+02  4.602E-02  5.265E-02  1.798E+04  9.697E-01
15     -- 14       663.4   1726.6025    173.6314  373.901  2.009E+02  3.340E+02  3.941E-02  4.602E-02  1.778E+04  1.178E+00
16     -- 15       751.7   1841.3455    162.8116  372.361  1.813E+02  3.299E+02  3.309E-02  3.941E-02  1.756E+04  1.412E+00
