* Radex version        : 30nov2011
* Geometry             : Uniform sphere
* Molecular data file  : ./data/co.dat                                                                   
* T(kin)            [K]:   30.000
* Density of H2  [cm-3]:  1.585E+06
* Density of pH2 [cm-3]:  3.962E+05
* Density of oH2 [cm-3]:  1.189E+06
* T(background)     [K]:   13.800
* Column density [cm-2]:  2.445E+21
* Line width     [km/s]:   50.000
Calculation finished in   22 iterations
      LINE         E_UP       FREQ        WAVEL     T_EX      TAU        T_R       POP        POP       FLUX        FLUX
                   (K)        (GHz)       (um)      (K)                  (K)        UP        LOW      (K*km/s) (erg/cm2/s)
1      -- 0          5.5    115.2712   2600.7576   30.000  1.046E+03  1.610E+01  2.230E-01  8.940E-02  8.569E+02  1.690E-05
2      -- 1         16.6    230.5380   1300.4037   30.000  3.185E+03  1.581E+01  2.571E-01  2.230E-01  8.414E+02  1.328E-04
3      -- 2         33.2    345.7960    866.9634   30.000  4.549E+03  1.534E+01  2.070E-01  2.571E-01  8.163E+02  4.347E-04
4      -- 3         55.3    461.0408    650.2515   30.000  4.275E+03  1.471E+01  1.273E-01  2.070E-01  7.830E+02  9.882E-04
5      -- 4         83.0    576.2679    520.2310   30.000  2.944E+03  1.396E+01  6.188E-02  1.273E-01  7.429E+02  1.831E-03
6      -- 5        116.2    691.4731    433.5562   30.000  1.558E+03  1.311E+01  2.419E-02  6.188E-02  6.979E+02  2.971E-03
7      -- 6        154.9    806.6518    371.6504   29.999  6.498E+02  1.220E+01  7.680E-03  2.419E-02  6.494E+02  4.390E-03
8      -- 7        199.1    921.7997    325.2252   29.995  2.167E+02  1.126E+01  1.991E-03  7.680E-03  5.991E+02  6.043E-03
9      -- 8        248.9   1036.9124    289.1203   29.976  5.838E+01  1.029E+01  4.231E-04  1.991E-03  5.478E+02  7.865E-03
10     -- 9        304.2   1151.9855    260.2398   29.792  1.279E+01  9.220E+00  7.311E-05  4.231E-04  4.907E+02  9.662E-03
11     -- 10       365.0   1267.0145    236.6133   28.494  2.289E+00  6.661E+00  9.477E-06  7.311E-05  3.546E+02  9.287E-03
12     -- 11       431.3   1381.9951    216.9273   27.535  3.036E-01  1.573E+00  9.263E-07  9.477E-06  8.371E+01  2.846E-03
13     -- 12       503.1   1496.9229    200.2725   27.799  2.989E-02  1.610E-01  7.549E-08  9.263E-07  8.567E+00  3.701E-04
14     -- 13       580.5   1611.7935    185.9993   27.748  2.452E-03  1.173E-02  4.991E-09  7.549E-08  6.242E-01  3.366E-05
15     -- 14       663.4   1726.6025    173.6314   27.540  1.628E-04  6.669E-04  2.633E-10  4.991E-09  3.550E-02  2.353E-06
16     -- 15       751.7   1841.3455    162.8116   27.471  8.598E-06  3.046E-05  1.123E-11  2.633E-10  1.621E-03  1.304E-07
