* Radex version        : 30nov2011
* Geometry             : Uniform sphere
* Molecular data file  : ./data/co.dat                                                                   
* T(kin)            [K]:   35.000
* Density of H2  [cm-3]:  1.259E+04
* Density of pH2 [cm-3]:  3.147E+03
* Density of oH2 [cm-3]:  9.442E+03
* T(background)     [K]:   13.800
* Column density [cm-2]:  1.943E+19
* Line width     [km/s]:   50.000
Calculation finished in   34 iterations
      LINE         E_UP       FREQ        WAVEL     T_EX      TAU        T_R       POP        POP       FLUX        FLUX
                   (K)        (GHz)       (um)      (K)                  (K)        UP        LOW      (K*km/s) (erg/cm2/s)
1      -- 0          5.5    115.2712   2600.7576   34.658  6.566E+00  2.072E+01  2.062E-01  8.062E-02  1.103E+03  2.175E-05
2      -- 1         16.6    230.5380   1300.4037   34.509  2.080E+01  2.027E+01  2.494E-01  2.062E-01  1.079E+03  1.703E-04
3      -- 2         33.2    345.7960    866.9634   34.269  3.166E+01  1.951E+01  2.151E-01  2.494E-01  1.039E+03  5.530E-04
4      -- 3         55.3    461.0408    650.2515   33.627  3.261E+01  1.819E+01  1.432E-01  2.151E-01  9.684E+02  1.222E-03
5      -- 4         83.0    576.2679    520.2310   31.912  2.533E+01  1.575E+01  7.359E-02  1.432E-01  8.382E+02  2.066E-03
6      -- 5        116.2    691.4731    433.5562   27.742  1.534E+01  1.109E+01  2.629E-02  7.359E-02  5.901E+02  2.513E-03
7      -- 6        154.9    806.6518    371.6504   21.685  6.441E+00  5.303E+00  5.089E-03  2.629E-02  2.822E+02  1.908E-03
8      -- 7        199.1    921.7997    325.2252   17.892  1.355E+00  1.638E+00  4.866E-04  5.089E-03  8.716E+01  8.792E-04
9      -- 8        248.9   1036.9124    289.1203   18.448  1.305E-01  2.698E-01  3.664E-05  4.866E-04  1.436E+01  2.062E-04
10     -- 9        304.2   1151.9855    260.2398   20.546  9.721E-03  2.899E-02  2.747E-06  3.664E-05  1.543E+00  3.038E-05
11     -- 10       365.0   1267.0145    236.6133   22.324  7.240E-04  2.547E-03  1.974E-07  2.747E-06  1.356E-01  3.551E-06
12     -- 11       431.3   1381.9951    216.9273   23.705  5.182E-05  1.947E-04  1.307E-08  1.974E-07  1.036E-02  3.522E-07
13     -- 12       503.1   1496.9229    200.2725   24.808  3.423E-06  1.303E-05  7.801E-10  1.307E-08  6.933E-04  2.995E-08
14     -- 13       580.5   1611.7935    185.9993   25.393  2.043E-07  7.303E-07  3.983E-11  7.801E-10  3.887E-05  2.096E-09
15     -- 14       663.4   1726.6025    173.6314   25.532  1.043E-08  3.290E-08  1.658E-12  3.983E-11  1.751E-06  1.161E-10
16     -- 15       751.7   1841.3455    162.8116   26.331  4.325E-10  1.317E-09  6.156E-14  1.658E-12  7.012E-08  5.638E-12
