* Radex version        : 30nov2011
* Geometry             : Uniform sphere
* Molecular data file  : ./data/co.dat                                                                   
* T(kin)            [K]:  380.000
* Density of H2  [cm-3]:  6.310E+05
* Density of pH2 [cm-3]:  1.577E+05
* Density of oH2 [cm-3]:  4.732E+05
* T(background)     [K]:    2.725
* Column density [cm-2]:  6.231E+21
* Line width     [km/s]:   50.000
Calculation finished in   40 iterations
      LINE         E_UP       FREQ        WAVEL     T_EX      TAU        T_R       POP        POP       FLUX        FLUX
                   (K)        (GHz)       (um)      (K)                  (K)        UP        LOW      (K*km/s) (erg/cm2/s)
1      -- 0          5.5    115.2712   2600.7576  379.918  1.861E+01  3.763E+02  2.149E-02  7.269E-03  2.003E+04  3.951E-04
2      -- 1         16.6    230.5380   1300.4037  379.919  7.277E+01  3.742E+02  3.479E-02  2.149E-02  1.992E+04  3.143E-03
3      -- 2         33.2    345.7960    866.9634  379.916  1.578E+02  3.716E+02  4.663E-02  3.479E-02  1.978E+04  1.053E-02
4      -- 3         55.3    461.0408    650.2515  379.915  2.661E+02  3.690E+02  5.656E-02  4.663E-02  1.964E+04  2.478E-02
5      -- 4         83.0    576.2679    520.2310  379.909  3.886E+02  3.662E+02  6.427E-02  5.656E-02  1.949E+04  4.804E-02
6      -- 5        116.2    691.4731    433.5562  379.906  5.154E+02  3.636E+02  6.960E-02  6.427E-02  1.935E+04  8.239E-02
7      -- 6        154.9    806.6518    371.6504  379.895  6.367E+02  3.609E+02  7.253E-02  6.960E-02  1.921E+04  1.298E-01
8      -- 7        199.1    921.7997    325.2252  379.885  7.433E+02  3.582E+02  7.316E-02  7.253E-02  1.906E+04  1.923E-01
9      -- 8        248.9   1036.9124    289.1203  379.867  8.285E+02  3.555E+02  7.173E-02  7.316E-02  1.892E+04  2.717E-01
10     -- 9        304.2   1151.9855    260.2398  379.842  8.869E+02  3.529E+02  6.854E-02  7.173E-02  1.878E+04  3.698E-01
11     -- 10       365.0   1267.0145    236.6133  379.820  9.176E+02  3.502E+02  6.397E-02  6.854E-02  1.864E+04  4.883E-01
12     -- 11       431.3   1381.9951    216.9273  379.788  9.191E+02  3.476E+02  5.839E-02  6.397E-02  1.850E+04  6.289E-01
13     -- 12       503.1   1496.9229    200.2725  379.761  8.946E+02  3.450E+02  5.219E-02  5.839E-02  1.836E+04  7.932E-01
14     -- 13       580.5   1611.7935    185.9993  379.688  8.482E+02  3.423E+02  4.572E-02  5.219E-02  1.822E+04  9.825E-01
15     -- 14       663.4   1726.6025    173.6314  379.603  7.839E+02  3.397E+02  3.929E-02  4.572E-02  1.808E+04  1.198E+00
16     -- 15       751.7   1841.3455    162.8116  379.504  7.074E+02  3.370E+02  3.314E-02  3.929E-02  1.794E+04  1.442E+00
