* Radex version        : 30nov2011
* Geometry             : Uniform sphere
* Molecular data file  : ./data/co.dat                                                                   
* T(kin)            [K]:  380.000
* Density of H2  [cm-3]:  7.943E+03
* Density of pH2 [cm-3]:  1.986E+03
* Density of oH2 [cm-3]:  5.957E+03
* T(background)     [K]:    2.725
* Column density [cm-2]:  7.844E+19
* Line width     [km/s]:   50.000
Calculation finished in   49 iterations
      LINE         E_UP       FREQ        WAVEL     T_EX      TAU        T_R       POP        POP       FLUX        FLUX
                   (K)        (GHz)       (um)      (K)                  (K)        UP        LOW      (K*km/s) (erg/cm2/s)
1      -- 0          5.5    115.2712   2600.7576 -424.617 -4.041E-01  2.132E+02  4.201E-02  1.382E-02  1.135E+04  2.239E-04
2      -- 1         16.6    230.5380   1300.4037  282.697  2.395E+00  2.517E+02  6.734E-02  4.201E-02  1.340E+04  2.114E-03
3      -- 2         33.2    345.7960    866.9634  249.760  5.782E+00  2.408E+02  8.821E-02  6.734E-02  1.282E+04  6.824E-03
4      -- 3         55.3    461.0408    650.2515  242.359  9.774E+00  2.314E+02  1.035E-01  8.821E-02  1.232E+04  1.555E-02
5      -- 4         83.0    576.2679    520.2310  234.882  1.417E+01  2.213E+02  1.125E-01  1.035E-01  1.178E+04  2.903E-02
6      -- 5        116.2    691.4731    433.5562  225.827  1.855E+01  2.096E+02  1.148E-01  1.125E-01  1.116E+04  4.751E-02
7      -- 6        154.9    806.6518    371.6504  213.530  2.262E+01  1.948E+02  1.104E-01  1.148E-01  1.037E+04  7.007E-02
8      -- 7        199.1    921.7997    325.2252  198.500  2.590E+01  1.772E+02  1.002E-01  1.104E-01  9.432E+03  9.514E-02
9      -- 8        248.9   1036.9124    289.1203  180.225  2.806E+01  1.565E+02  8.494E-02  1.002E-01  8.329E+03  1.196E-01
10     -- 9        304.2   1151.9855    260.2398  159.519  2.859E+01  1.335E+02  6.638E-02  8.494E-02  7.104E+03  1.399E-01
11     -- 10       365.0   1267.0145    236.6133  137.539  2.702E+01  1.094E+02  4.673E-02  6.638E-02  5.821E+03  1.525E-01
12     -- 11       431.3   1381.9951    216.9273  114.530  2.319E+01  8.455E+01  2.846E-02  4.673E-02  4.500E+03  1.530E-01
13     -- 12       503.1   1496.9229    200.2725   91.770  1.729E+01  6.049E+01  1.405E-02  2.846E-02  3.220E+03  1.391E-01
14     -- 13       580.5   1611.7935    185.9993   70.526  1.039E+01  3.878E+01  5.040E-03  1.405E-02  2.064E+03  1.113E-01
15     -- 14       663.4   1726.6025    173.6314   55.354  4.305E+00  2.357E+01  1.206E-03  5.040E-03  1.254E+03  8.316E-02
16     -- 15       751.7   1841.3455    162.8116   56.751  1.038E+00  1.524E+01  2.705E-04  1.206E-03  8.112E+02  6.522E-02
