* Radex version        : 30nov2011
* Geometry             : Uniform sphere
* Molecular data file  : ./data/co.dat                                                                   
* T(kin)            [K]:  305.000
* Density of H2  [cm-3]:  7.943E+02
* Density of pH2 [cm-3]:  1.986E+02
* Density of oH2 [cm-3]:  5.957E+02
* T(background)     [K]:    2.725
* Column density [cm-2]:  7.844E+18
* Line width     [km/s]:   50.000
Calculation finished in   36 iterations
      LINE         E_UP       FREQ        WAVEL     T_EX      TAU        T_R       POP        POP       FLUX        FLUX
                   (K)        (GHz)       (um)      (K)                  (K)        UP        LOW      (K*km/s) (erg/cm2/s)
1      -- 0          5.5    115.2712   2600.7576  179.232  4.100E-01  5.908E+01  1.760E-01  6.052E-02  3.145E+03  6.203E-05
2      -- 1         16.6    230.5380   1300.4037   52.631  4.957E+00  4.677E+01  2.378E-01  1.760E-01  2.489E+03  3.928E-04
3      -- 2         33.2    345.7960    866.9634   46.328  9.563E+00  3.848E+01  2.327E-01  2.378E-01  2.048E+03  1.091E-03
4      -- 3         55.3    461.0408    650.2515   39.489  1.267E+01  2.945E+01  1.708E-01  2.327E-01  1.567E+03  1.978E-03
5      -- 4         83.0    576.2679    520.2310   31.864  1.221E+01  2.001E+01  8.764E-02  1.708E-01  1.065E+03  2.625E-03
6      -- 5        116.2    691.4731    433.5562   25.086  7.760E+00  1.204E+01  2.759E-02  8.764E-02  6.410E+02  2.729E-03
7      -- 6        154.9    806.6518    371.6504   21.240  2.749E+00  6.984E+00  5.144E-03  2.759E-02  3.717E+02  2.513E-03
8      -- 7        199.1    921.7997    325.2252   26.722  4.885E-01  4.036E+00  1.113E-03  5.144E-03  2.148E+02  2.167E-03
9      -- 8        248.9   1036.9124    289.1203   44.332  8.720E-02  2.005E+00  4.050E-04  1.113E-03  1.067E+02  1.532E-03
10     -- 9        304.2   1151.9855    260.2398   57.450  2.876E-02  9.689E-01  1.710E-04  4.050E-04  5.157E+01  1.015E-03
11     -- 10       365.0   1267.0145    236.6133   66.774  1.164E-02  4.737E-01  7.534E-05  1.710E-04  2.521E+01  6.605E-04
12     -- 11       431.3   1381.9951    216.9273   75.195  4.984E-03  2.329E-01  3.390E-05  7.534E-05  1.240E+01  4.214E-04
13     -- 12       503.1   1496.9229    200.2725   83.493  2.189E-03  1.151E-01  1.548E-05  3.390E-05  6.129E+00  2.647E-04
14     -- 13       580.5   1611.7935    185.9993   84.677  1.029E-03  5.330E-02  6.671E-06  1.548E-05  2.837E+00  1.530E-04
15     -- 14       663.4   1726.6025    173.6314   87.210  4.503E-04  2.352E-02  2.757E-06  6.671E-06  1.252E+00  8.298E-05
16     -- 15       751.7   1841.3455    162.8116   98.000  1.787E-04  1.079E-02  1.191E-06  2.757E-06  5.743E-01  4.617E-05
