* Radex version        : 30nov2011
* Geometry             : Uniform sphere
* Molecular data file  : ./data/co.dat                                                                   
* T(kin)            [K]:   35.000
* Density of H2  [cm-3]:  3.162E+03
* Density of pH2 [cm-3]:  7.906E+02
* Density of oH2 [cm-3]:  2.372E+03
* T(background)     [K]:   13.800
* Column density [cm-2]:  4.879E+18
* Line width     [km/s]:   50.000
Calculation finished in   30 iterations
      LINE         E_UP       FREQ        WAVEL     T_EX      TAU        T_R       POP        POP       FLUX        FLUX
                   (K)        (GHz)       (um)      (K)                  (K)        UP        LOW      (K*km/s) (erg/cm2/s)
1      -- 0          5.5    115.2712   2600.7576   33.113  2.106E+00  1.687E+01  2.506E-01  9.872E-02  8.978E+02  1.771E-05
2      -- 1         16.6    230.5380   1300.4037   29.571  7.225E+00  1.537E+01  2.873E-01  2.506E-01  8.182E+02  1.291E-04
3      -- 2         33.2    345.7960    866.9634   27.227  1.089E+01  1.264E+01  2.186E-01  2.873E-01  6.728E+02  3.583E-04
4      -- 3         55.3    461.0408    650.2515   23.298  1.059E+01  8.386E+00  1.087E-01  2.186E-01  4.463E+02  5.633E-04
5      -- 4         83.0    576.2679    520.2310   18.939  6.399E+00  4.047E+00  3.086E-02  1.087E-01  2.154E+02  5.309E-04
6      -- 5        116.2    691.4731    433.5562   16.182  2.019E+00  1.392E+00  4.691E-03  3.086E-02  7.411E+01  3.155E-04
7      -- 6        154.9    806.6518    371.6504   15.749  3.172E-01  3.074E-01  4.633E-04  4.691E-03  1.636E+01  1.106E-04
8      -- 7        199.1    921.7997    325.2252   16.572  3.148E-02  4.415E-02  3.638E-05  4.633E-04  2.350E+00  2.370E-05
9      -- 8        248.9   1036.9124    289.1203   18.177  2.457E-03  5.041E-03  2.631E-06  3.638E-05  2.683E-01  3.852E-06
10     -- 9        304.2   1151.9855    260.2398   20.144  1.760E-04  4.880E-04  1.869E-07  2.631E-06  2.597E-02  5.113E-07
11     -- 10       365.0   1267.0145    236.6133   21.785  1.243E-05  4.008E-05  1.256E-08  1.869E-07  2.133E-03  5.587E-08
12     -- 11       431.3   1381.9951    216.9273   23.137  8.318E-07  2.873E-06  7.766E-10  1.256E-08  1.529E-04  5.198E-09
13     -- 12       503.1   1496.9229    200.2725   24.393  5.122E-08  1.840E-07  4.411E-11  7.766E-10  9.793E-06  4.230E-10
14     -- 13       580.5   1611.7935    185.9993   24.967  2.909E-09  9.803E-09  2.138E-12  4.411E-11  5.217E-07  2.814E-11
15     -- 14       663.4   1726.6025    173.6314   25.048  1.410E-10  4.148E-10  8.361E-14  2.138E-12  2.208E-08  1.463E-12
16     -- 15       751.7   1841.3455    162.8116   25.966  5.486E-12  1.588E-11  2.960E-15  8.361E-14  8.450E-10  6.794E-14
