* Radex version        : 30nov2011
* Geometry             : Uniform sphere
* Molecular data file  : ./data/co.dat                                                                   
* T(kin)            [K]:  305.000
* Density of H2  [cm-3]:  1.259E+05
* Density of pH2 [cm-3]:  3.147E+04
* Density of oH2 [cm-3]:  9.442E+04
* T(background)     [K]:    2.725
* Column density [cm-2]:  1.243E+21
* Line width     [km/s]:   50.000
Calculation finished in   43 iterations
      LINE         E_UP       FREQ        WAVEL     T_EX      TAU        T_R       POP        POP       FLUX        FLUX
                   (K)        (GHz)       (um)      (K)                  (K)        UP        LOW      (K*km/s) (erg/cm2/s)
1      -- 0          5.5    115.2712   2600.7576  304.628  5.853E+00  3.002E+02  2.712E-02  9.205E-03  1.598E+04  3.151E-04
2      -- 1         16.6    230.5380   1300.4037  303.861  2.282E+01  2.982E+02  4.358E-02  2.712E-02  1.587E+04  2.504E-03
3      -- 2         33.2    345.7960    866.9634  303.899  4.904E+01  2.956E+02  5.777E-02  4.358E-02  1.574E+04  8.379E-03
4      -- 3         55.3    461.0408    650.2515  303.865  8.166E+01  2.929E+02  6.906E-02  5.777E-02  1.559E+04  1.968E-02
5      -- 4         83.0    576.2679    520.2310  303.773  1.174E+02  2.902E+02  7.706E-02  6.906E-02  1.544E+04  3.806E-02
6      -- 5        116.2    691.4731    433.5562  303.697  1.526E+02  2.874E+02  8.165E-02  7.706E-02  1.530E+04  6.513E-02
7      -- 6        154.9    806.6518    371.6504  303.529  1.842E+02  2.846E+02  8.293E-02  8.165E-02  1.515E+04  1.024E-01
8      -- 7        199.1    921.7997    325.2252  303.336  2.093E+02  2.818E+02  8.123E-02  8.293E-02  1.500E+04  1.513E-01
9      -- 8        248.9   1036.9124    289.1203  303.038  2.264E+02  2.788E+02  7.704E-02  8.123E-02  1.484E+04  2.131E-01
10     -- 9        304.2   1151.9855    260.2398  302.614  2.343E+02  2.758E+02  7.093E-02  7.704E-02  1.468E+04  2.890E-01
11     -- 10       365.0   1267.0145    236.6133  302.163  2.334E+02  2.728E+02  6.352E-02  7.093E-02  1.452E+04  3.803E-01
12     -- 11       431.3   1381.9951    216.9273  301.538  2.244E+02  2.696E+02  5.542E-02  6.352E-02  1.435E+04  4.878E-01
13     -- 12       503.1   1496.9229    200.2725  300.818  2.088E+02  2.663E+02  4.713E-02  5.542E-02  1.418E+04  6.123E-01
14     -- 13       580.5   1611.7935    185.9993  299.377  1.888E+02  2.624E+02  3.910E-02  4.713E-02  1.396E+04  7.530E-01
15     -- 14       663.4   1726.6025    173.6314  297.550  1.658E+02  2.580E+02  3.164E-02  3.910E-02  1.373E+04  9.104E-01
16     -- 15       751.7   1841.3455    162.8116  294.982  1.416E+02  2.530E+02  2.496E-02  3.164E-02  1.347E+04  1.083E+00
