* Radex version        : 30nov2011
* Geometry             : Uniform sphere
* Molecular data file  : ./data/co.dat                                                                   
* T(kin)            [K]:  300.000
* Density of H2  [cm-3]:  3.981E+02
* Density of pH2 [cm-3]:  9.953E+01
* Density of oH2 [cm-3]:  2.986E+02
* T(background)     [K]:   13.800
* Column density [cm-2]:  6.143E+17
* Line width     [km/s]:   50.000
Calculation finished in   26 iterations
      LINE         E_UP       FREQ        WAVEL     T_EX      TAU        T_R       POP        POP       FLUX        FLUX
                   (K)        (GHz)       (um)      (K)                  (K)        UP        LOW      (K*km/s) (erg/cm2/s)
1      -- 0          5.5    115.2712   2600.7576   50.756  2.085E-01  6.929E+00  3.111E-01  1.156E-01  3.688E+02  7.274E-06
2      -- 1         16.6    230.5380   1300.4037   21.478  1.457E+00  5.691E+00  3.098E-01  3.111E-01  3.029E+02  4.779E-05
3      -- 2         33.2    345.7960    866.9634   18.605  1.912E+00  3.748E+00  1.777E-01  3.098E-01  1.995E+02  1.062E-04
4      -- 3         55.3    461.0408    650.2515   17.390  1.272E+00  2.187E+00  6.403E-02  1.777E-01  1.164E+02  1.469E-04
5      -- 4         83.0    576.2679    520.2310   17.601  4.894E-01  1.140E+00  1.626E-02  6.403E-02  6.066E+01  1.495E-04
6      -- 5        116.2    691.4731    433.5562   20.300  1.237E-01  5.521E-01  3.747E-03  1.626E-02  2.939E+01  1.251E-04
7      -- 6        154.9    806.6518    371.6504   27.339  2.641E-02  2.584E-01  1.049E-03  3.747E-03  1.375E+01  9.296E-05
8      -- 7        199.1    921.7997    325.2252   38.476  6.589E-03  1.224E-01  3.766E-04  1.049E-03  6.514E+00  6.571E-05
9      -- 8        248.9   1036.9124    289.1203   48.569  2.195E-03  5.804E-02  1.511E-04  3.766E-04  3.089E+00  4.436E-05
10     -- 9        304.2   1151.9855    260.2398   57.220  8.422E-04  2.773E-02  6.354E-05  1.511E-04  1.476E+00  2.905E-05
11     -- 10       365.0   1267.0145    236.6133   65.934  3.414E-04  1.345E-02  2.767E-05  6.354E-05  7.157E-01  1.875E-05
12     -- 11       431.3   1381.9951    216.9273   73.643  1.452E-04  6.512E-03  1.222E-05  2.767E-05  3.466E-01  1.178E-05
13     -- 12       503.1   1496.9229    200.2725   81.949  6.253E-05  3.177E-03  5.492E-06  1.222E-05  1.691E-01  7.305E-06
14     -- 13       580.5   1611.7935    185.9993   82.144  2.913E-05  1.432E-03  2.301E-06  5.492E-06  7.621E-02  4.110E-06
15     -- 14       663.4   1726.6025    173.6314   83.918  1.244E-05  6.095E-04  9.161E-07  2.301E-06  3.244E-02  2.150E-06
16     -- 15       751.7   1841.3455    162.8116   95.391  4.728E-06  2.732E-04  3.862E-07  9.161E-07  1.454E-02  1.169E-06
