* Radex version        : 30nov2011
* Geometry             : Uniform sphere
* Molecular data file  : ./data/co.dat                                                                   
* T(kin)            [K]:  355.000
* Density of H2  [cm-3]:  3.981E+04
* Density of pH2 [cm-3]:  9.953E+03
* Density of oH2 [cm-3]:  2.986E+04
* T(background)     [K]:    2.725
* Column density [cm-2]:  3.931E+20
* Line width     [km/s]:   50.000
Calculation finished in   15 iterations
      LINE         E_UP       FREQ        WAVEL     T_EX      TAU        T_R       POP        POP       FLUX        FLUX
                   (K)        (GHz)       (um)      (K)                  (K)        UP        LOW      (K*km/s) (erg/cm2/s)
1      -- 0          5.5    115.2712   2600.7576   16.192  1.618E+04  1.275E+01  2.223E-01  5.046E-01  6.784E+02  1.338E-05
2      -- 1         16.6    230.5380   1300.4037   55.688  4.892E+03  5.014E+01  9.402E-03  2.223E-01  2.669E+03  4.211E-04
3      -- 2         33.2    345.7960    866.9634   24.847  1.913E-17  0.000E+00  2.755E-02  9.402E-03  0.000E+00  0.000E+00
4      -- 3         55.3    461.0408    650.2515   55.037 -9.152E+02  4.471E+01  8.589E-02  2.755E-02  2.379E+03  3.003E-03
5      -- 4         83.0    576.2679    520.2310   -7.540  7.071E+02 -2.838E+01  1.031E-01  8.589E-02 -1.511E+03 -3.723E-03
6      -- 5        116.2    691.4731    433.5562  126.353  5.203E+02  1.105E+02  5.783E-02  1.031E-01  5.881E+03  2.504E-02
7      -- 6        154.9    806.6518    371.6504   13.292  7.943E-18  0.000E+00  1.543E-02  5.783E-02  0.000E+00  0.000E+00
8      -- 7        199.1    921.7997    325.2252  -50.004  6.921E-18  0.000E+00  1.866E-02  1.543E-02  0.000E+00  0.000E+00
9      -- 8        248.9   1036.9124    289.1203  1.683E+03  6.125E-18  0.000E+00  2.195E-02  1.866E-02  0.000E+00  0.000E+00
10     -- 9        304.2   1151.9855    260.2398  -26.709  5.485E-18  0.000E+00  2.768E-02  2.195E-02  0.000E+00  0.000E+00
11     -- 10       365.0   1267.0145    236.6133  136.231  4.965E-18  0.000E+00  4.285E-02  2.768E-02  0.000E+00  0.000E+00
12     -- 11       431.3   1381.9951    216.9273 -112.839  4.526E-18  0.000E+00  3.961E-02  4.285E-02  0.000E+00  0.000E+00
13     -- 12       503.1   1496.9229    200.2725 -395.720  4.155E-18  0.000E+00  4.414E-02  3.961E-02  0.000E+00  0.000E+00
14     -- 13       580.5   1611.7935    185.9993  1.799E+03  3.837E-18  0.000E+00  4.363E-02  4.414E-02  0.000E+00  0.000E+00
15     -- 14       663.4   1726.6025    173.6314  1.590E+03  3.559E-18  0.000E+00  4.248E-02  4.363E-02  0.000E+00  0.000E+00
16     -- 15       751.7   1841.3455    162.8116  911.135  3.314E-18  0.000E+00  4.029E-02  4.248E-02  0.000E+00  0.000E+00
