* Radex version        : 30nov2011
* Geometry             : Uniform sphere
* Molecular data file  : ./data/co.dat                                                                   
* T(kin)            [K]:  380.000
* Density of H2  [cm-3]:  3.162E+03
* Density of pH2 [cm-3]:  7.906E+02
* Density of oH2 [cm-3]:  2.372E+03
* T(background)     [K]:    2.725
* Column density [cm-2]:  3.123E+19
* Line width     [km/s]:   50.000
Calculation finished in  119 iterations
      LINE         E_UP       FREQ        WAVEL     T_EX      TAU        T_R       POP        POP       FLUX        FLUX
                   (K)        (GHz)       (um)      (K)                  (K)        UP        LOW      (K*km/s) (erg/cm2/s)
1      -- 0          5.5    115.2712   2600.7576 -187.169 -5.975E-01  1.560E+02  6.936E-02  2.245E-02  8.302E+03  1.638E-04
2      -- 1         16.6    230.5380   1300.4037  173.895  2.528E+00  1.548E+02  1.085E-01  6.936E-02  8.239E+03  1.300E-03
3      -- 2         33.2    345.7960    866.9634  149.607  6.056E+00  1.411E+02  1.359E-01  1.085E-01  7.510E+03  3.999E-03
4      -- 3         55.3    461.0408    650.2515  140.565  1.001E+01  1.298E+02  1.493E-01  1.359E-01  6.907E+03  8.718E-03
5      -- 4         83.0    576.2679    520.2310  130.217  1.401E+01  1.169E+02  1.476E-01  1.493E-01  6.221E+03  1.533E-02
6      -- 5        116.2    691.4731    433.5562  117.967  1.738E+01  1.022E+02  1.316E-01  1.476E-01  5.437E+03  2.315E-02
7      -- 6        154.9    806.6518    371.6504  103.080  1.950E+01  8.493E+01  1.043E-01  1.316E-01  4.521E+03  3.056E-02
8      -- 7        199.1    921.7997    325.2252   86.728  1.948E+01  6.648E+01  7.099E-02  1.043E-01  3.538E+03  3.569E-02
9      -- 8        248.9   1036.9124    289.1203   69.798  1.673E+01  4.785E+01  3.889E-02  7.099E-02  2.547E+03  3.656E-02
10     -- 9        304.2   1151.9855    260.2398   54.396  1.135E+01  3.136E+01  1.556E-02  3.889E-02  1.669E+03  3.286E-02
11     -- 10       365.0   1267.0145    236.6133   42.983  5.341E+00  1.943E+01  4.140E-03  1.556E-02  1.034E+03  2.708E-02
12     -- 11       431.3   1381.9951    216.9273   41.027  1.491E+00  1.273E+01  8.937E-04  4.140E-03  6.778E+02  2.304E-02
13     -- 12       503.1   1496.9229    200.2725   60.769  2.761E-01  7.664E+00  2.959E-04  8.937E-04  4.079E+02  1.762E-02
14     -- 13       580.5   1611.7935    185.9993   87.455  7.677E-02  4.021E+00  1.312E-04  2.959E-04  2.140E+02  1.154E-02
15     -- 14       663.4   1726.6025    173.6314   99.089  3.258E-02  2.031E+00  6.079E-05  1.312E-04  1.081E+02  7.167E-03
16     -- 15       751.7   1841.3455    162.8116  111.266  1.447E-02  1.047E+00  2.925E-05  6.079E-05  5.573E+01  4.480E-03
