* Radex version        : 30nov2011
* Geometry             : Uniform sphere
* Molecular data file  : ./data/co.dat                                                                   
* T(kin)            [K]:  355.000
* Density of H2  [cm-3]:  1.259E+05
* Density of pH2 [cm-3]:  3.147E+04
* Density of oH2 [cm-3]:  9.442E+04
* T(background)     [K]:    2.725
* Column density [cm-2]:  1.243E+21
* Line width     [km/s]:   50.000
Calculation finished in   43 iterations
      LINE         E_UP       FREQ        WAVEL     T_EX      TAU        T_R       POP        POP       FLUX        FLUX
                   (K)        (GHz)       (um)      (K)                  (K)        UP        LOW      (K*km/s) (erg/cm2/s)
1      -- 0          5.5    115.2712   2600.7576  355.473  4.338E+00  3.473E+02  2.349E-02  7.952E-03  1.848E+04  3.646E-04
2      -- 1         16.6    230.5380   1300.4037  353.174  1.705E+01  3.475E+02  3.794E-02  2.349E-02  1.849E+04  2.918E-03
3      -- 2         33.2    345.7960    866.9634  353.321  3.686E+01  3.451E+02  5.068E-02  3.794E-02  1.837E+04  9.780E-03
4      -- 3         55.3    461.0408    650.2515  353.282  6.192E+01  3.423E+02  6.120E-02  5.068E-02  1.822E+04  2.300E-02
5      -- 4         83.0    576.2679    520.2310  353.160  9.002E+01  3.395E+02  6.917E-02  6.120E-02  1.807E+04  4.453E-02
6      -- 5        116.2    691.4731    433.5562  353.073  1.187E+02  3.367E+02  7.441E-02  6.917E-02  1.792E+04  7.631E-02
7      -- 6        154.9    806.6518    371.6504  352.857  1.457E+02  3.339E+02  7.694E-02  7.441E-02  1.777E+04  1.201E-01
8      -- 7        199.1    921.7997    325.2252  352.619  1.688E+02  3.310E+02  7.692E-02  7.694E-02  1.762E+04  1.777E-01
9      -- 8        248.9   1036.9124    289.1203  352.236  1.865E+02  3.279E+02  7.464E-02  7.692E-02  1.745E+04  2.506E-01
10     -- 9        304.2   1151.9855    260.2398  351.709  1.977E+02  3.248E+02  7.050E-02  7.464E-02  1.729E+04  3.403E-01
11     -- 10       365.0   1267.0145    236.6133  351.196  2.024E+02  3.217E+02  6.493E-02  7.050E-02  1.712E+04  4.485E-01
12     -- 11       431.3   1381.9951    216.9273  350.500  2.003E+02  3.184E+02  5.841E-02  6.493E-02  1.695E+04  5.760E-01
13     -- 12       503.1   1496.9229    200.2725  349.766  1.924E+02  3.151E+02  5.137E-02  5.841E-02  1.677E+04  7.244E-01
14     -- 13       580.5   1611.7935    185.9993  348.169  1.801E+02  3.109E+02  4.418E-02  5.137E-02  1.655E+04  8.924E-01
15     -- 14       663.4   1726.6025    173.6314  346.227  1.640E+02  3.064E+02  3.718E-02  4.418E-02  1.631E+04  1.081E+00
16     -- 15       751.7   1841.3455    162.8116  343.763  1.457E+02  3.015E+02  3.061E-02  3.718E-02  1.605E+04  1.290E+00
