* Radex version        : 30nov2011
* Geometry             : Uniform sphere
* Molecular data file  : ./data/co.dat                                                                   
* T(kin)            [K]:   35.000
* Density of H2  [cm-3]:  3.981E+02
* Density of pH2 [cm-3]:  9.953E+01
* Density of oH2 [cm-3]:  2.986E+02
* T(background)     [K]:   13.800
* Column density [cm-2]:  6.143E+17
* Line width     [km/s]:   50.000
Calculation finished in   22 iterations
      LINE         E_UP       FREQ        WAVEL     T_EX      TAU        T_R       POP        POP       FLUX        FLUX
                   (K)        (GHz)       (um)      (K)                  (K)        UP        LOW      (K*km/s) (erg/cm2/s)
1      -- 0          5.5    115.2712   2600.7576   18.398  7.371E-01  2.374E+00  3.611E-01  1.626E-01  1.264E+02  2.492E-06
2      -- 1         16.6    230.5380   1300.4037   15.646  2.129E+00  1.551E+00  2.967E-01  3.611E-01  8.258E+01  1.303E-05
3      -- 2         33.2    345.7960    866.9634   14.784  2.094E+00  7.714E-01  1.352E-01  2.967E-01  4.106E+01  2.186E-05
4      -- 3         55.3    461.0408    650.2515   14.330  1.057E+00  2.827E-01  3.711E-02  1.352E-01  1.505E+01  1.899E-05
5      -- 4         83.0    576.2679    520.2310   14.186  3.071E-01  7.443E-02  6.457E-03  3.711E-02  3.962E+00  9.764E-06
6      -- 5        116.2    691.4731    433.5562   14.213  5.512E-02  1.415E-02  7.388E-04  6.457E-03  7.532E-01  3.207E-06
7      -- 6        154.9    806.6518    371.6504   14.399  6.409E-03  2.116E-03  5.795E-05  7.388E-04  1.126E-01  7.612E-07
8      -- 7        199.1    921.7997    325.2252   14.901  5.053E-04  2.660E-04  3.374E-06  5.795E-05  1.416E-02  1.428E-07
9      -- 8        248.9   1036.9124    289.1203   16.088  2.928E-05  2.854E-05  1.710E-07  3.374E-06  1.519E-03  2.181E-08
10     -- 9        304.2   1151.9855    260.2398   18.285  1.464E-06  2.636E-06  9.189E-09  1.710E-07  1.403E-04  2.762E-09
11     -- 10       365.0   1267.0145    236.6133   20.752  7.760E-08  2.078E-07  5.373E-10  9.189E-09  1.106E-05  2.898E-10
12     -- 11       431.3   1381.9951    216.9273   22.587  4.498E-09  1.425E-08  3.098E-11  5.373E-10  7.587E-07  2.579E-11
13     -- 12       503.1   1496.9229    200.2725   24.125  2.577E-10  8.910E-10  1.703E-12  3.098E-11  4.742E-08  2.049E-12
14     -- 13       580.5   1611.7935    185.9993   24.742  1.416E-11  4.621E-11  8.027E-14  1.703E-12  2.460E-09  1.326E-13
15     -- 14       663.4   1726.6025    173.6314   24.685  6.677E-13  1.860E-12  2.990E-15  8.027E-14  9.902E-11  6.564E-15
16     -- 15       751.7   1841.3455    162.8116   25.772  2.472E-14  6.967E-14  1.032E-16  2.990E-15  3.708E-12  2.981E-16
