* Radex version        : 30nov2011
* Geometry             : Uniform sphere
* Molecular data file  : ./data/co.dat                                                                   
* T(kin)            [K]:  405.000
* Density of H2  [cm-3]:  2.512E+04
* Density of pH2 [cm-3]:  6.280E+03
* Density of oH2 [cm-3]:  1.884E+04
* T(background)     [K]:    2.725
* Column density [cm-2]:  2.481E+20
* Line width     [km/s]:   50.000
Calculation finished in   43 iterations
      LINE         E_UP       FREQ        WAVEL     T_EX      TAU        T_R       POP        POP       FLUX        FLUX
                   (K)        (GHz)       (um)      (K)                  (K)        UP        LOW      (K*km/s) (erg/cm2/s)
1      -- 0          5.5    115.2712   2600.7576  858.135  3.944E-01  2.785E+02  2.595E-02  8.707E-03  1.482E+04  2.924E-04
2      -- 1         16.6    230.5380   1300.4037  373.709  3.556E+00  3.575E+02  4.199E-02  2.595E-02  1.903E+04  3.002E-03
3      -- 2         33.2    345.7960    866.9634  364.176  7.902E+00  3.558E+02  5.617E-02  4.199E-02  1.894E+04  1.008E-02
4      -- 3         55.3    461.0408    650.2515  362.996  1.334E+01  3.520E+02  6.795E-02  5.617E-02  1.874E+04  2.365E-02
5      -- 4         83.0    576.2679    520.2310  360.901  1.953E+01  3.472E+02  7.692E-02  6.795E-02  1.848E+04  4.555E-02
6      -- 5        116.2    691.4731    433.5562  358.507  2.596E+01  3.422E+02  8.287E-02  7.692E-02  1.821E+04  7.754E-02
7      -- 6        154.9    806.6518    371.6504  354.324  3.224E+01  3.353E+02  8.573E-02  8.287E-02  1.785E+04  1.206E-01
8      -- 7        199.1    921.7997    325.2252  348.962  3.788E+01  3.273E+02  8.559E-02  8.573E-02  1.742E+04  1.757E-01
9      -- 8        248.9   1036.9124    289.1203  341.526  4.261E+01  3.172E+02  8.269E-02  8.559E-02  1.689E+04  2.424E-01
10     -- 9        304.2   1151.9855    260.2398  332.336  4.605E+01  3.055E+02  7.738E-02  8.269E-02  1.626E+04  3.201E-01
11     -- 10       365.0   1267.0145    236.6133  322.014  4.797E+01  2.926E+02  7.017E-02  7.738E-02  1.557E+04  4.079E-01
12     -- 11       431.3   1381.9951    216.9273  309.213  4.836E+01  2.772E+02  6.155E-02  7.017E-02  1.476E+04  5.016E-01
13     -- 12       503.1   1496.9229    200.2725  293.260  4.733E+01  2.588E+02  5.203E-02  6.155E-02  1.377E+04  5.950E-01
14     -- 13       580.5   1611.7935    185.9993  271.242  4.532E+01  2.344E+02  4.202E-02  5.203E-02  1.248E+04  6.728E-01
15     -- 14       663.4   1726.6025    173.6314  245.566  4.188E+01  2.065E+02  3.205E-02  4.202E-02  1.099E+04  7.284E-01
16     -- 15       751.7   1841.3455    162.8116  217.219  3.696E+01  1.760E+02  2.271E-02  3.205E-02  9.369E+03  7.533E-01
