* Radex version        : 30nov2011
* Geometry             : Uniform sphere
* Molecular data file  : ./data/co.dat                                                                   
* T(kin)            [K]:  405.000
* Density of H2  [cm-3]:  1.259E+04
* Density of pH2 [cm-3]:  3.147E+03
* Density of oH2 [cm-3]:  9.442E+03
* T(background)     [K]:    2.725
* Column density [cm-2]:  1.243E+20
* Line width     [km/s]:   50.000
Calculation finished in   42 iterations
      LINE         E_UP       FREQ        WAVEL     T_EX      TAU        T_R       POP        POP       FLUX        FLUX
                   (K)        (GHz)       (um)      (K)                  (K)        UP        LOW      (K*km/s) (erg/cm2/s)
1      -- 0          5.5    115.2712   2600.7576 -1.000E+03 -2.141E-01  2.396E+02  3.296E-02  1.093E-02  1.275E+04  2.516E-04
2      -- 1         16.6    230.5380   1300.4037  343.161  2.461E+00  3.087E+02  5.319E-02  3.296E-02  1.643E+04  2.592E-03
3      -- 2         33.2    345.7960    866.9634  310.631  5.858E+00  3.015E+02  7.059E-02  5.319E-02  1.605E+04  8.546E-03
4      -- 3         55.3    461.0408    650.2515  304.980  9.942E+00  2.940E+02  8.441E-02  7.059E-02  1.565E+04  1.975E-02
5      -- 4         83.0    576.2679    520.2310  299.646  1.453E+01  2.860E+02  9.407E-02  8.441E-02  1.522E+04  3.752E-02
6      -- 5        116.2    691.4731    433.5562  293.269  1.925E+01  2.770E+02  9.928E-02  9.407E-02  1.474E+04  6.277E-02
7      -- 6        154.9    806.6518    371.6504  283.985  2.383E+01  2.651E+02  9.996E-02  9.928E-02  1.411E+04  9.537E-02
8      -- 7        199.1    921.7997    325.2252  272.318  2.788E+01  2.508E+02  9.630E-02  9.996E-02  1.335E+04  1.347E-01
9      -- 8        248.9   1036.9124    289.1203  257.425  3.115E+01  2.333E+02  8.871E-02  9.630E-02  1.242E+04  1.783E-01
10     -- 9        304.2   1151.9855    260.2398  239.877  3.326E+01  2.133E+02  7.786E-02  8.871E-02  1.135E+04  2.235E-01
11     -- 10       365.0   1267.0145    236.6133  220.401  3.389E+01  1.914E+02  6.472E-02  7.786E-02  1.019E+04  2.668E-01
12     -- 11       431.3   1381.9951    216.9273  198.161  3.294E+01  1.668E+02  5.033E-02  6.472E-02  8.880E+03  3.019E-01
13     -- 12       503.1   1496.9229    200.2725  173.096  3.033E+01  1.397E+02  3.590E-02  5.033E-02  7.433E+03  3.211E-01
14     -- 13       580.5   1611.7935    185.9993  144.376  2.620E+01  1.091E+02  2.256E-02  3.590E-02  5.809E+03  3.132E-01
15     -- 14       663.4   1726.6025    173.6314  115.613  2.014E+01  7.909E+01  1.178E-02  2.256E-02  4.209E+03  2.790E-01
16     -- 15       751.7   1841.3455    162.8116   90.182  1.272E+01  5.310E+01  4.706E-03  1.178E-02  2.826E+03  2.272E-01
