* Radex version        : 30nov2011
* Geometry             : Uniform sphere
* Molecular data file  : ./data/co.dat                                                                   
* T(kin)            [K]:   40.000
* Density of H2  [cm-3]:  1.000E+04
* Density of pH2 [cm-3]:  2.500E+03
* Density of oH2 [cm-3]:  7.500E+03
* T(background)     [K]:   13.800
* Column density [cm-2]:  1.543E+19
* Line width     [km/s]:   50.000
Calculation finished in   34 iterations
      LINE         E_UP       FREQ        WAVEL     T_EX      TAU        T_R       POP        POP       FLUX        FLUX
                   (K)        (GHz)       (um)      (K)                  (K)        UP        LOW      (K*km/s) (erg/cm2/s)
1      -- 0          5.5    115.2712   2600.7576   39.374  4.229E+00  2.508E+01  1.918E-01  7.357E-02  1.335E+03  2.633E-05
2      -- 1         16.6    230.5380   1300.4037   38.764  1.391E+01  2.450E+01  2.403E-01  1.918E-01  1.304E+03  2.057E-04
3      -- 2         33.2    345.7960    866.9634   38.277  2.221E+01  2.345E+01  2.180E-01  2.403E-01  1.248E+03  6.647E-04
4      -- 3         55.3    461.0408    650.2515   37.017  2.451E+01  2.148E+01  1.542E-01  2.180E-01  1.143E+03  1.443E-03
5      -- 4         83.0    576.2679    520.2310   34.169  2.074E+01  1.788E+01  8.389E-02  1.542E-01  9.516E+02  2.345E-03
6      -- 5        116.2    691.4731    433.5562   28.748  1.364E+01  1.198E+01  3.126E-02  8.389E-02  6.379E+02  2.716E-03
7      -- 6        154.9    806.6518    371.6504   22.103  6.040E+00  5.622E+00  6.258E-03  3.126E-02  2.992E+02  2.023E-03
8      -- 7        199.1    921.7997    325.2252   18.324  1.316E+00  1.812E+00  6.342E-04  6.258E-03  9.642E+01  9.726E-04
9      -- 8        248.9   1036.9124    289.1203   19.260  1.339E-01  3.351E-01  5.351E-05  6.342E-04  1.784E+01  2.561E-04
10     -- 9        304.2   1151.9855    260.2398   22.037  1.111E-02  4.278E-02  4.812E-06  5.351E-05  2.277E+00  4.483E-05
11     -- 10       365.0   1267.0145    236.6133   24.284  9.902E-04  4.615E-03  4.309E-07  4.812E-06  2.456E-01  6.434E-06
12     -- 11       431.3   1381.9951    216.9273   25.924  8.828E-05  4.431E-04  3.626E-08  4.309E-07  2.358E-02  8.016E-07
13     -- 12       503.1   1496.9229    200.2725   27.325  7.407E-06  3.844E-05  2.825E-09  3.626E-08  2.046E-03  8.838E-08
14     -- 13       580.5   1611.7935    185.9993   27.936  5.782E-07  2.828E-06  1.903E-10  2.825E-09  1.505E-04  8.117E-09
15     -- 14       663.4   1726.6025    173.6314   27.999  3.907E-08  1.690E-07  1.055E-11  1.903E-10  8.995E-06  5.963E-10
16     -- 15       751.7   1841.3455    162.8116   29.100  2.155E-09  9.285E-09  5.389E-13  1.055E-11  4.942E-07  3.973E-11
