* Radex version        : 30nov2011
* Geometry             : Uniform sphere
* Molecular data file  : ./data/co.dat                                                                   
* T(kin)            [K]:   40.000
* Density of H2  [cm-3]:  1.259E+05
* Density of pH2 [cm-3]:  3.147E+04
* Density of oH2 [cm-3]:  9.442E+04
* T(background)     [K]:   13.800
* Column density [cm-2]:  1.943E+20
* Line width     [km/s]:   50.000
Calculation finished in   33 iterations
      LINE         E_UP       FREQ        WAVEL     T_EX      TAU        T_R       POP        POP       FLUX        FLUX
                   (K)        (GHz)       (um)      (K)                  (K)        UP        LOW      (K*km/s) (erg/cm2/s)
1      -- 0          5.5    115.2712   2600.7576   39.992  4.825E+01  2.607E+01  1.768E-01  6.767E-02  1.388E+03  2.737E-05
2      -- 1         16.6    230.5380   1300.4037   39.991  1.571E+02  2.571E+01  2.234E-01  1.768E-01  1.369E+03  2.160E-04
3      -- 2         33.2    345.7960    866.9634   39.988  2.510E+02  2.514E+01  2.065E-01  2.234E-01  1.338E+03  7.124E-04
4      -- 3         55.3    461.0408    650.2515   39.980  2.761E+02  2.436E+01  1.527E-01  2.065E-01  1.296E+03  1.636E-03
5      -- 4         83.0    576.2679    520.2310   39.963  2.327E+02  2.341E+01  9.341E-02  1.527E-01  1.246E+03  3.071E-03
6      -- 5        116.2    691.4731    433.5562   39.919  1.576E+02  2.231E+01  4.807E-02  9.341E-02  1.187E+03  5.055E-03
7      -- 6        154.9    806.6518    371.6504   39.792  8.801E+01  2.103E+01  2.097E-02  4.807E-02  1.119E+03  7.567E-03
8      -- 7        199.1    921.7997    325.2252   39.376  4.113E+01  1.944E+01  7.726E-03  2.097E-02  1.035E+03  1.044E-02
9      -- 8        248.9   1036.9124    289.1203   37.420  1.634E+01  1.651E+01  2.284E-03  7.726E-03  8.786E+02  1.262E-02
10     -- 9        304.2   1151.9855    260.2398   31.389  5.383E+00  1.040E+01  4.337E-04  2.284E-03  5.534E+02  1.089E-02
11     -- 10       365.0   1267.0145    236.6133   25.665  1.109E+00  3.702E+00  4.444E-05  4.337E-04  1.971E+02  5.162E-03
12     -- 11       431.3   1381.9951    216.9273   26.924  1.137E-01  6.044E-01  4.112E-06  4.444E-05  3.217E+01  1.093E-03
13     -- 12       503.1   1496.9229    200.2725   29.340  1.041E-02  6.629E-02  3.838E-07  4.112E-06  3.528E+00  1.524E-04
14     -- 13       580.5   1611.7935    185.9993   29.834  9.761E-04  5.824E-03  3.084E-08  3.838E-07  3.100E-01  1.672E-05
15     -- 14       663.4   1726.6025    173.6314   30.098  7.869E-05  4.277E-04  2.101E-09  3.084E-08  2.276E-02  1.509E-06
16     -- 15       751.7   1841.3455    162.8116   30.608  5.360E-06  2.717E-05  1.246E-10  2.101E-09  1.446E-03  1.163E-07
