* Radex version        : 30nov2011
* Geometry             : Uniform sphere
* Molecular data file  : ./data/co.dat                                                                   
* T(kin)            [K]:  480.000
* Density of H2  [cm-3]:  6.310E+05
* Density of pH2 [cm-3]:  1.577E+05
* Density of oH2 [cm-3]:  4.732E+05
* T(background)     [K]:    2.725
* Column density [cm-2]:  6.231E+21
* Line width     [km/s]:   50.000
Calculation finished in   41 iterations
      LINE         E_UP       FREQ        WAVEL     T_EX      TAU        T_R       POP        POP       FLUX        FLUX
                   (K)        (GHz)       (um)      (K)                  (K)        UP        LOW      (K*km/s) (erg/cm2/s)
1      -- 0          5.5    115.2712   2600.7576  479.867  1.169E+01  4.763E+02  1.709E-02  5.762E-03  2.535E+04  5.000E-04
2      -- 1         16.6    230.5380   1300.4037  479.841  4.595E+01  4.741E+02  2.783E-02  1.709E-02  2.524E+04  3.982E-03
3      -- 2         33.2    345.7960    866.9634  479.837  1.004E+02  4.715E+02  3.764E-02  2.783E-02  2.510E+04  1.337E-02
4      -- 3         55.3    461.0408    650.2515  479.837  1.711E+02  4.689E+02  4.621E-02  3.764E-02  2.495E+04  3.149E-02
5      -- 4         83.0    576.2679    520.2310  479.827  2.533E+02  4.661E+02  5.332E-02  4.621E-02  2.481E+04  6.114E-02
6      -- 5        116.2    691.4731    433.5562  479.824  3.416E+02  4.634E+02  5.880E-02  5.332E-02  2.467E+04  1.050E-01
7      -- 6        154.9    806.6518    371.6504  479.808  4.303E+02  4.607E+02  6.259E-02  5.880E-02  2.452E+04  1.658E-01
8      -- 7        199.1    921.7997    325.2252  479.793  5.139E+02  4.580E+02  6.468E-02  6.259E-02  2.438E+04  2.459E-01
9      -- 8        248.9   1036.9124    289.1203  479.765  5.877E+02  4.553E+02  6.517E-02  6.468E-02  2.423E+04  3.479E-01
10     -- 9        304.2   1151.9855    260.2398  479.729  6.475E+02  4.526E+02  6.419E-02  6.517E-02  2.409E+04  4.743E-01
11     -- 10       365.0   1267.0145    236.6133  479.701  6.915E+02  4.499E+02  6.193E-02  6.419E-02  2.395E+04  6.273E-01
12     -- 11       431.3   1381.9951    216.9273  479.661  7.172E+02  4.473E+02  5.862E-02  6.193E-02  2.381E+04  8.092E-01
13     -- 12       503.1   1496.9229    200.2725  479.633  7.250E+02  4.446E+02  5.451E-02  5.862E-02  2.366E+04  1.022E+00
14     -- 13       580.5   1611.7935    185.9993  479.539  7.160E+02  4.419E+02  4.982E-02  5.451E-02  2.352E+04  1.268E+00
15     -- 14       663.4   1726.6025    173.6314  479.435  6.913E+02  4.392E+02  4.481E-02  4.982E-02  2.338E+04  1.550E+00
16     -- 15       751.7   1841.3455    162.8116  479.331  6.538E+02  4.365E+02  3.967E-02  4.481E-02  2.323E+04  1.868E+00
