* Radex version        : 30nov2011
* Geometry             : Uniform sphere
* Molecular data file  : ./data/co.dat                                                                   
* T(kin)            [K]:  430.000
* Density of H2  [cm-3]:  1.259E+03
* Density of pH2 [cm-3]:  3.147E+02
* Density of oH2 [cm-3]:  9.442E+02
* T(background)     [K]:    2.725
* Column density [cm-2]:  1.243E+19
* Line width     [km/s]:   50.000
Calculation finished in   37 iterations
      LINE         E_UP       FREQ        WAVEL     T_EX      TAU        T_R       POP        POP       FLUX        FLUX
                   (K)        (GHz)       (um)      (K)                  (K)        UP        LOW      (K*km/s) (erg/cm2/s)
1      -- 0          5.5    115.2712   2600.7576 -198.981 -3.824E-01  9.437E+01  1.184E-01  3.839E-02  5.023E+03  9.907E-05
2      -- 1         16.6    230.5380   1300.4037   90.476  3.208E+00  8.143E+01  1.747E-01  1.184E-01  4.334E+03  6.839E-04
3      -- 2         33.2    345.7960    866.9634   78.434  7.051E+00  7.033E+01  1.979E-01  1.747E-01  3.743E+03  1.993E-03
4      -- 3         55.3    461.0408    650.2515   70.276  1.076E+01  5.978E+01  1.857E-01  1.979E-01  3.182E+03  4.016E-03
5      -- 4         83.0    576.2679    520.2310   60.588  1.329E+01  4.781E+01  1.438E-01  1.857E-01  2.545E+03  6.271E-03
6      -- 5        116.2    691.4731    433.5562   50.283  1.329E+01  3.550E+01  8.783E-02  1.438E-01  1.890E+03  8.046E-03
7      -- 6        154.9    806.6518    371.6504   40.062  1.025E+01  2.377E+01  3.856E-02  8.783E-02  1.265E+03  8.553E-03
8      -- 7        199.1    921.7997    325.2252   32.068  5.368E+00  1.481E+01  1.100E-02  3.856E-02  7.883E+02  7.952E-03
9      -- 8        248.9   1036.9124    289.1203   30.152  1.635E+00  9.518E+00  2.360E-03  1.100E-02  5.066E+02  7.274E-03
10     -- 9        304.2   1151.9855    260.2398   43.464  3.093E-01  5.728E+00  7.310E-04  2.360E-03  3.049E+02  6.002E-03
11     -- 10       365.0   1267.0145    236.6133   68.190  7.788E-02  3.165E+00  3.282E-04  7.310E-04  1.685E+02  4.413E-03
12     -- 11       431.3   1381.9951    216.9273   83.837  3.210E-02  1.738E+00  1.617E-04  3.282E-04  9.248E+01  3.144E-03
13     -- 12       503.1   1496.9229    200.2725   94.821  1.524E-02  9.588E-01  8.188E-05  1.617E-04  5.103E+01  2.204E-03
14     -- 13       580.5   1611.7935    185.9993   98.759  7.823E-03  5.071E-01  4.018E-05  8.188E-05  2.699E+01  1.456E-03
15     -- 14       663.4   1726.6025    173.6314  104.152  3.846E-03  2.616E-01  1.938E-05  4.018E-05  1.392E+01  9.230E-04
16     -- 15       751.7   1841.3455    162.8116  116.435  1.783E-03  1.386E-01  9.661E-06  1.938E-05  7.375E+00  5.929E-04
