* Radex version        : 30nov2011
* Geometry             : Uniform sphere
* Molecular data file  : ./data/co.dat                                                                   
* T(kin)            [K]:  480.000
* Density of H2  [cm-3]:  3.981E+02
* Density of pH2 [cm-3]:  9.953E+01
* Density of oH2 [cm-3]:  2.986E+02
* T(background)     [K]:    2.725
* Column density [cm-2]:  3.931E+18
* Line width     [km/s]:   50.000
Calculation finished in   35 iterations
      LINE         E_UP       FREQ        WAVEL     T_EX      TAU        T_R       POP        POP       FLUX        FLUX
                   (K)        (GHz)       (um)      (K)                  (K)        UP        LOW      (K*km/s) (erg/cm2/s)
1      -- 0          5.5    115.2712   2600.7576   85.355  6.017E-01  3.698E+01  2.413E-01  8.582E-02  1.968E+03  3.882E-05
2      -- 1         16.6    230.5380   1300.4037   33.518  5.049E+00  2.792E+01  2.891E-01  2.413E-01  1.486E+03  2.344E-04
3      -- 2         33.2    345.7960    866.9634   28.605  8.520E+00  2.106E+01  2.266E-01  2.891E-01  1.121E+03  5.970E-04
4      -- 3         55.3    461.0408    650.2515   23.619  8.769E+00  1.425E+01  1.142E-01  2.266E-01  7.584E+02  9.572E-04
5      -- 4         83.0    576.2679    520.2310   19.274  5.371E+00  8.603E+00  3.322E-02  1.142E-01  4.579E+02  1.128E-03
6      -- 5        116.2    691.4731    433.5562   18.495  1.676E+00  5.378E+00  6.527E-03  3.322E-02  2.862E+02  1.219E-03
7      -- 6        154.9    806.6518    371.6504   27.291  2.947E-01  3.156E+00  1.823E-03  6.527E-03  1.680E+02  1.135E-03
8      -- 7        199.1    921.7997    325.2252   44.687  6.740E-02  1.705E+00  7.678E-04  1.823E-03  9.074E+01  9.153E-04
9      -- 8        248.9   1036.9124    289.1203   56.839  2.606E-02  9.143E-01  3.575E-04  7.678E-04  4.867E+01  6.987E-04
10     -- 9        304.2   1151.9855    260.2398   67.303  1.154E-02  4.978E-01  1.738E-04  3.575E-04  2.649E+01  5.216E-04
11     -- 10       365.0   1267.0145    236.6133   78.576  5.346E-03  2.775E-01  8.779E-05  1.738E-04  1.477E+01  3.869E-04
12     -- 11       431.3   1381.9951    216.9273   88.675  2.616E-03  1.557E-01  4.517E-05  8.779E-05  8.288E+00  2.817E-04
13     -- 12       503.1   1496.9229    200.2725   98.701  1.310E-03  8.784E-02  2.356E-05  4.517E-05  4.675E+00  2.020E-04
14     -- 13       580.5   1611.7935    185.9993  101.538  6.988E-04  4.731E-02  1.181E-05  2.356E-05  2.518E+00  1.358E-04
15     -- 14       663.4   1726.6025    173.6314  107.069  3.510E-04  2.489E-02  5.823E-06  1.181E-05  1.325E+00  8.783E-05
16     -- 15       751.7   1841.3455    162.8116  119.776  1.662E-04  1.345E-02  2.964E-06  5.823E-06  7.161E-01  5.758E-05
