* Radex version        : 30nov2011
* Geometry             : Uniform sphere
* Molecular data file  : ./data/co.dat                                                                   
* T(kin)            [K]:  480.000
* Density of H2  [cm-3]:  2.512E+03
* Density of pH2 [cm-3]:  6.280E+02
* Density of oH2 [cm-3]:  1.884E+03
* T(background)     [K]:    2.725
* Column density [cm-2]:  2.481E+19
* Line width     [km/s]:   50.000
Calculation finished in **** iterations
      LINE         E_UP       FREQ        WAVEL     T_EX      TAU        T_R       POP        POP       FLUX        FLUX
                   (K)        (GHz)       (um)      (K)                  (K)        UP        LOW      (K*km/s) (erg/cm2/s)
1      -- 0          5.5    115.2712   2600.7576   54.689  9.213E-01  3.078E+01  7.357E-02  2.371E-02  1.638E+03  3.232E-05
2      -- 1         16.6    230.5380   1300.4037  -28.806 -6.629E+00  2.637E+04  1.204E-01  7.357E-02  1.404E+06  2.215E-01
3      -- 2         33.2    345.7960    866.9634    0.463  2.638E+01 -3.772E-02  1.370E-01  1.204E-01 -2.007E+00 -1.069E-06
4      -- 3         55.3    461.0408    650.2515  -31.198 -1.819E+01  3.464E+09  1.613E-01  1.370E-01  1.844E+11  2.327E+05
5      -- 4         83.0    576.2679    520.2310  -10.089  3.781E+01 -2.956E+01  1.437E-01  1.613E-01 -1.574E+03 -3.878E-03
6      -- 5        116.2    691.4731    433.5562 -898.738 -1.123E+00  1.898E+03  1.320E-01  1.437E-01  1.010E+05  4.301E-01
7      -- 6        154.9    806.6518    371.6504   97.962  2.372E+01  7.988E+01  9.778E-02  1.320E-01  4.251E+03  2.874E-02
8      -- 7        199.1    921.7997    325.2252   81.844  1.374E+01  6.171E+01  6.339E-02  9.778E-02  3.284E+03  3.313E-02
9      -- 8        248.9   1036.9124    289.1203   61.688  1.314E+01  4.012E+01  3.168E-02  6.339E-02  2.135E+03  3.066E-02
10     -- 9        304.2   1151.9855    260.2398   48.766  7.830E+00  2.623E+01  1.128E-02  3.168E-02  1.396E+03  2.748E-02
11     -- 10       365.0   1267.0145    236.6133   41.415  3.103E+00  1.738E+01  2.840E-03  1.128E-02  9.250E+02  2.423E-02
12     -- 11       431.3   1381.9951    216.9273   47.644  7.679E-01  1.176E+01  7.686E-04  2.840E-03  6.259E+02  2.127E-02
13     -- 12       503.1   1496.9229    200.2725   77.053  1.635E-01  7.035E+00  3.262E-04  7.686E-04  3.744E+02  1.617E-02
14     -- 13       580.5   1611.7935    185.9993   98.648  6.269E-02  3.948E+00  1.601E-04  3.262E-04  2.102E+02  1.133E-02
15     -- 14       663.4   1726.6025    173.6314  109.626  2.939E-02  2.125E+00  8.032E-05  1.601E-04  1.131E+02  7.498E-03
16     -- 15       751.7   1841.3455    162.8116  122.565  1.428E-02  1.186E+00  4.159E-05  8.032E-05  6.310E+01  5.073E-03
