* Radex version        : 30nov2011
* Geometry             : Uniform sphere
* Molecular data file  : ./data/co.dat                                                                   
* T(kin)            [K]:  480.000
* Density of H2  [cm-3]:  7.943E+04
* Density of pH2 [cm-3]:  1.986E+04
* Density of oH2 [cm-3]:  5.957E+04
* T(background)     [K]:    2.725
* Column density [cm-2]:  7.844E+20
* Line width     [km/s]:   50.000
Calculation finished in   44 iterations
      LINE         E_UP       FREQ        WAVEL     T_EX      TAU        T_R       POP        POP       FLUX        FLUX
                   (K)        (GHz)       (um)      (K)                  (K)        UP        LOW      (K*km/s) (erg/cm2/s)
1      -- 0          5.5    115.2712   2600.7576  525.526  1.443E+00  3.986E+02  1.835E-02  6.182E-03  2.122E+04  4.185E-04
2      -- 1         16.6    230.5380   1300.4037  469.354  6.349E+00  4.628E+02  2.987E-02  1.835E-02  2.463E+04  3.887E-03
3      -- 2         33.2    345.7960    866.9634  470.643  1.382E+01  4.624E+02  4.037E-02  2.987E-02  2.461E+04  1.310E-02
4      -- 3         55.3    461.0408    650.2515  470.652  2.354E+01  4.597E+02  4.952E-02  4.037E-02  2.447E+04  3.088E-02
5      -- 4         83.0    576.2679    520.2310  470.176  3.486E+01  4.565E+02  5.707E-02  4.952E-02  2.430E+04  5.988E-02
6      -- 5        116.2    691.4731    433.5562  469.932  4.696E+01  4.535E+02  6.285E-02  5.707E-02  2.414E+04  1.028E-01
7      -- 6        154.9    806.6518    371.6504  469.086  5.917E+01  4.500E+02  6.677E-02  6.285E-02  2.395E+04  1.619E-01
8      -- 7        199.1    921.7997    325.2252  468.173  7.066E+01  4.464E+02  6.885E-02  6.677E-02  2.376E+04  2.397E-01
9      -- 8        248.9   1036.9124    289.1203  466.685  8.085E+01  4.422E+02  6.917E-02  6.885E-02  2.354E+04  3.380E-01
10     -- 9        304.2   1151.9855    260.2398  464.822  8.913E+01  4.377E+02  6.788E-02  6.917E-02  2.330E+04  4.587E-01
11     -- 10       365.0   1267.0145    236.6133  463.158  9.514E+01  4.334E+02  6.519E-02  6.788E-02  2.307E+04  6.043E-01
12     -- 11       431.3   1381.9951    216.9273  461.043  9.861E+01  4.287E+02  6.137E-02  6.519E-02  2.282E+04  7.756E-01
13     -- 12       503.1   1496.9229    200.2725  458.715  9.956E+01  4.237E+02  5.667E-02  6.137E-02  2.255E+04  9.742E-01
14     -- 13       580.5   1611.7935    185.9993  453.991  9.855E+01  4.164E+02  5.133E-02  5.667E-02  2.216E+04  1.195E+00
15     -- 14       663.4   1726.6025    173.6314  448.427  9.531E+01  4.083E+02  4.561E-02  5.133E-02  2.173E+04  1.440E+00
16     -- 15       751.7   1841.3455    162.8116  442.145  9.016E+01  3.994E+02  3.976E-02  4.561E-02  2.126E+04  1.709E+00
