* Radex version        : 30nov2011
* Geometry             : Uniform sphere
* Molecular data file  : ./data/co.dat                                                                   
* T(kin)            [K]:  480.000
* Density of H2  [cm-3]:  3.981E+05
* Density of pH2 [cm-3]:  9.953E+04
* Density of oH2 [cm-3]:  2.986E+05
* T(background)     [K]:    2.725
* Column density [cm-2]:  3.931E+21
* Line width     [km/s]:   50.000
Calculation finished in   42 iterations
      LINE         E_UP       FREQ        WAVEL     T_EX      TAU        T_R       POP        POP       FLUX        FLUX
                   (K)        (GHz)       (um)      (K)                  (K)        UP        LOW      (K*km/s) (erg/cm2/s)
1      -- 0          5.5    115.2712   2600.7576  479.825  7.403E+00  4.759E+02  1.714E-02  5.781E-03  2.533E+04  4.997E-04
2      -- 1         16.6    230.5380   1300.4037  479.585  2.910E+01  4.739E+02  2.792E-02  1.714E-02  2.522E+04  3.980E-03
3      -- 2         33.2    345.7960    866.9634  479.595  6.358E+01  4.713E+02  3.776E-02  2.792E-02  2.509E+04  1.336E-02
4      -- 3         55.3    461.0408    650.2515  479.592  1.084E+02  4.686E+02  4.636E-02  3.776E-02  2.494E+04  3.148E-02
5      -- 4         83.0    576.2679    520.2310  479.567  1.604E+02  4.659E+02  5.349E-02  4.636E-02  2.480E+04  6.111E-02
6      -- 5        116.2    691.4731    433.5562  479.559  2.163E+02  4.632E+02  5.899E-02  5.349E-02  2.465E+04  1.050E-01
7      -- 6        154.9    806.6518    371.6504  479.519  2.725E+02  4.604E+02  6.278E-02  5.899E-02  2.451E+04  1.656E-01
8      -- 7        199.1    921.7997    325.2252  479.481  3.255E+02  4.577E+02  6.488E-02  6.278E-02  2.436E+04  2.457E-01
9      -- 8        248.9   1036.9124    289.1203  479.413  3.722E+02  4.550E+02  6.536E-02  6.488E-02  2.422E+04  3.477E-01
10     -- 9        304.2   1151.9855    260.2398  479.322  4.101E+02  4.522E+02  6.437E-02  6.536E-02  2.407E+04  4.739E-01
11     -- 10       365.0   1267.0145    236.6133  479.253  4.380E+02  4.495E+02  6.210E-02  6.437E-02  2.392E+04  6.267E-01
12     -- 11       431.3   1381.9951    216.9273  479.153  4.542E+02  4.468E+02  5.878E-02  6.210E-02  2.378E+04  8.083E-01
13     -- 12       503.1   1496.9229    200.2725  479.083  4.591E+02  4.441E+02  5.464E-02  5.878E-02  2.364E+04  1.021E+00
14     -- 13       580.5   1611.7935    185.9993  478.849  4.535E+02  4.412E+02  4.993E-02  5.464E-02  2.348E+04  1.266E+00
15     -- 14       663.4   1726.6025    173.6314  478.588  4.379E+02  4.384E+02  4.489E-02  4.993E-02  2.333E+04  1.547E+00
16     -- 15       751.7   1841.3455    162.8116  478.330  4.141E+02  4.355E+02  3.973E-02  4.489E-02  2.318E+04  1.864E+00
