* Radex version        : 30nov2011
* Geometry             : Uniform sphere
* Molecular data file  : ./data/co.dat                                                                   
* T(kin)            [K]:   40.000
* Density of H2  [cm-3]:  3.162E+04
* Density of pH2 [cm-3]:  7.906E+03
* Density of oH2 [cm-3]:  2.372E+04
* T(background)     [K]:   13.800
* Column density [cm-2]:  4.879E+19
* Line width     [km/s]:   50.000
Calculation finished in   35 iterations
      LINE         E_UP       FREQ        WAVEL     T_EX      TAU        T_R       POP        POP       FLUX        FLUX
                   (K)        (GHz)       (um)      (K)                  (K)        UP        LOW      (K*km/s) (erg/cm2/s)
1      -- 0          5.5    115.2712   2600.7576   39.886  1.232E+01  2.597E+01  1.792E-01  6.860E-02  1.382E+03  2.726E-05
2      -- 1         16.6    230.5380   1300.4037   39.867  4.011E+01  2.559E+01  2.262E-01  1.792E-01  1.362E+03  2.149E-04
3      -- 2         33.2    345.7960    866.9634   39.815  6.408E+01  2.496E+01  2.088E-01  2.262E-01  1.329E+03  7.076E-04
4      -- 3         55.3    461.0408    650.2515   39.691  7.047E+01  2.408E+01  1.537E-01  2.088E-01  1.281E+03  1.617E-03
5      -- 4         83.0    576.2679    520.2310   39.401  5.942E+01  2.287E+01  9.311E-02  1.537E-01  1.217E+03  3.000E-03
6      -- 5        116.2    691.4731    433.5562   38.607  4.031E+01  2.107E+01  4.659E-02  9.311E-02  1.121E+03  4.775E-03
7      -- 6        154.9    806.6518    371.6504   36.096  2.266E+01  1.764E+01  1.839E-02  4.659E-02  9.390E+02  6.347E-03
8      -- 7        199.1    921.7997    325.2252   30.044  1.035E+01  1.130E+01  4.780E-03  1.839E-02  6.013E+02  6.065E-03
9      -- 8        248.9   1036.9124    289.1203   22.843  3.062E+00  4.731E+00  6.048E-04  4.780E-03  2.518E+02  3.615E-03
10     -- 9        304.2   1151.9855    260.2398   21.177  4.006E-01  1.109E+00  4.912E-05  6.048E-04  5.902E+01  1.162E-03
11     -- 10       365.0   1267.0145    236.6133   24.085  3.202E-02  1.432E-01  4.308E-06  4.912E-05  7.619E+00  1.996E-04
12     -- 11       431.3   1381.9951    216.9273   26.422  2.780E-03  1.476E-02  3.805E-07  4.308E-06  7.857E-01  2.671E-05
13     -- 12       503.1   1496.9229    200.2725   28.045  2.444E-04  1.372E-03  3.171E-08  3.805E-07  7.301E-02  3.154E-06
14     -- 13       580.5   1611.7935    185.9993   28.480  2.045E-05  1.062E-04  2.253E-09  3.171E-08  5.652E-03  3.048E-07
15     -- 14       663.4   1726.6025    173.6314   28.724  1.456E-06  6.840E-06  1.345E-10  2.253E-09  3.641E-04  2.413E-08
16     -- 15       751.7   1841.3455    162.8116   29.589  8.669E-08  3.944E-07  7.225E-12  1.345E-10  2.099E-05  1.688E-09
