* Radex version        : 30nov2011
* Geometry             : Uniform sphere
* Molecular data file  : ./data/co.dat                                                                   
* T(kin)            [K]:  405.000
* Density of H2  [cm-3]:  3.981E+03
* Density of pH2 [cm-3]:  9.953E+02
* Density of oH2 [cm-3]:  2.986E+03
* T(background)     [K]:    2.725
* Column density [cm-2]:  3.931E+19
* Line width     [km/s]:   50.000
Calculation finished in **** iterations
      LINE         E_UP       FREQ        WAVEL     T_EX      TAU        T_R       POP        POP       FLUX        FLUX
                   (K)        (GHz)       (um)      (K)                  (K)        UP        LOW      (K*km/s) (erg/cm2/s)
1      -- 0          5.5    115.2712   2600.7576 -316.404 -1.271E+00  8.204E+02  5.939E-02  1.908E-02  4.367E+04  8.613E-04
2      -- 1         16.6    230.5380   1300.4037 -162.354  5.355E+00 -1.673E+02  9.277E-02  5.939E-02 -8.907E+03 -1.405E-03
3      -- 2         33.2    345.7960    866.9634 -265.368 -2.534E+00  3.178E+03  1.212E-01  9.277E-02  1.692E+05  9.008E-02
4      -- 3         55.3    461.0408    650.2515 -225.365  2.178E+01 -2.366E+02  1.323E-01  1.212E-01 -1.259E+04 -1.589E-02
5      -- 4         83.0    576.2679    520.2310  2.398E+03  4.912E-01  9.252E+02  1.400E-01  1.323E-01  4.925E+04  1.214E-01
6      -- 5        116.2    691.4731    433.5562  170.836  2.653E+01  1.548E+02  1.292E-01  1.400E-01  8.238E+03  3.508E-02
7      -- 6        154.9    806.6518    371.6504  154.971  1.423E+01  1.364E+02  1.128E-01  1.292E-01  7.261E+03  4.908E-02
8      -- 7        199.1    921.7997    325.2252  112.676  2.326E+01  9.200E+01  8.656E-02  1.128E-01  4.897E+03  4.939E-02
9      -- 8        248.9   1036.9124    289.1203   97.281  1.975E+01  7.451E+01  5.787E-02  8.656E-02  3.966E+03  5.694E-02
10     -- 9        304.2   1151.9855    260.2398   77.613  1.702E+01  5.322E+01  3.138E-02  5.787E-02  2.833E+03  5.577E-02
11     -- 10       365.0   1267.0145    236.6133   60.950  1.133E+01  3.552E+01  1.268E-02  3.138E-02  1.890E+03  4.952E-02
12     -- 11       431.3   1381.9951    216.9273   48.532  5.329E+00  2.259E+01  3.512E-03  1.268E-02  1.202E+03  4.087E-02
13     -- 12       503.1   1496.9229    200.2725   45.989  1.560E+00  1.505E+01  7.957E-04  3.512E-03  8.013E+02  3.461E-02
14     -- 13       580.5   1611.7935    185.9993   65.048  3.072E-01  8.956E+00  2.601E-04  7.957E-04  4.767E+02  2.571E-02
15     -- 14       663.4   1726.6025    173.6314   94.233  8.405E-02  4.740E+00  1.154E-04  2.601E-04  2.523E+02  1.672E-02
16     -- 15       751.7   1841.3455    162.8116  112.894  3.422E-02  2.504E+00  5.616E-05  1.154E-04  1.333E+02  1.071E-02
