* Radex version        : 30nov2011
* Geometry             : Uniform sphere
* Molecular data file  : ./data/co.dat                                                                   
* T(kin)            [K]:  455.000
* Density of H2  [cm-3]:  5.012E+03
* Density of pH2 [cm-3]:  1.253E+03
* Density of oH2 [cm-3]:  3.759E+03
* T(background)     [K]:    2.725
* Column density [cm-2]:  4.949E+19
* Line width     [km/s]:   50.000
Calculation finished in **** iterations
      LINE         E_UP       FREQ        WAVEL     T_EX      TAU        T_R       POP        POP       FLUX        FLUX
                   (K)        (GHz)       (um)      (K)                  (K)        UP        LOW      (K*km/s) (erg/cm2/s)
1      -- 0          5.5    115.2712   2600.7576    4.587  1.071E+01  1.528E+00  7.073E-02  2.428E-02  8.131E+01  1.604E-06
2      -- 1         16.6    230.5380   1300.4037   -6.899 -6.311E+01  3.594E+28  1.151E-01  7.073E-02  1.913E+30  3.018E+23
3      -- 2         33.2    345.7960    866.9634   -0.138  1.618E+02 -1.663E+01  9.312E-02  1.151E-01 -8.853E+02 -4.714E-04
4      -- 3         55.3    461.0408    650.2515   -2.043 -1.547E+02  3.566E+68  1.457E-01  9.312E-02  1.898E+70  2.395E+64
5      -- 4         83.0    576.2679    520.2310    0.166  1.938E+02 -1.084E-03  1.029E-01  1.457E-01 -5.767E-02 -1.421E-07
6      -- 5        116.2    691.4731    433.5562   -1.506 -1.524E+02  5.165E+67  1.376E-01  1.029E-01  2.749E+69  1.170E+64
7      -- 6        154.9    806.6518    371.6504    2.996  1.765E+02  6.833E-05  8.258E-02  1.376E-01  3.637E-03  2.458E-08
8      -- 7        199.1    921.7997    325.2252    2.525 -9.424E+01  2.432E+35  9.052E-02  8.258E-02  1.295E+37  1.306E+32
9      -- 8        248.9   1036.9124    289.1203   61.728  9.112E+01  4.015E+01  5.429E-02  9.052E-02  2.137E+03  3.069E-02
10     -- 9        304.2   1151.9855    260.2398   -7.871 -9.960E+00  1.171E+06  4.360E-02  5.429E-02  6.234E+07  1.227E+03
11     -- 10       365.0   1267.0145    236.6133   89.716  1.495E+01  6.272E+01  2.443E-02  4.360E-02  3.338E+03  8.744E-02
12     -- 11       431.3   1381.9951    216.9273   71.340  1.015E+01  4.324E+01  1.058E-02  2.443E-02  2.302E+03  7.824E-02
13     -- 12       503.1   1496.9229    200.2725   59.398  4.499E+00  3.021E+01  3.357E-03  1.058E-02  1.608E+03  6.945E-02
14     -- 13       580.5   1611.7935    185.9993   51.263  1.734E+00  1.808E+01  8.002E-04  3.357E-03  9.625E+02  5.190E-02
15     -- 14       663.4   1726.6025    173.6314   69.003  3.374E-01  1.021E+01  2.505E-04  8.002E-04  5.437E+02  3.604E-02
16     -- 15       751.7   1841.3455    162.8116  102.739  9.737E-02  6.013E+00  1.131E-04  2.505E-04  3.201E+02  2.573E-02
