* Radex version        : 30nov2011
* Geometry             : Uniform sphere
* Molecular data file  : ./data/co.dat                                                                   
* T(kin)            [K]:   45.000
* Density of H2  [cm-3]:  1.000E+03
* Density of pH2 [cm-3]:  2.500E+02
* Density of oH2 [cm-3]:  7.500E+02
* T(background)     [K]:   13.800
* Column density [cm-2]:  1.543E+18
* Line width     [km/s]:   50.000
Calculation finished in   27 iterations
      LINE         E_UP       FREQ        WAVEL     T_EX      TAU        T_R       POP        POP       FLUX        FLUX
                   (K)        (GHz)       (um)      (K)                  (K)        UP        LOW      (K*km/s) (erg/cm2/s)
1      -- 0          5.5    115.2712   2600.7576   29.770  9.280E-01  9.596E+00  3.109E-01  1.248E-01  5.108E+02  1.007E-05
2      -- 1         16.6    230.5380   1300.4037   21.594  3.641E+00  7.336E+00  3.104E-01  3.109E-01  3.904E+02  6.161E-05
3      -- 2         33.2    345.7960    866.9634   18.799  4.783E+00  4.541E+00  1.798E-01  3.104E-01  2.417E+02  1.287E-04
4      -- 3         55.3    461.0408    650.2515   16.464  3.319E+00  2.153E+00  6.028E-02  1.798E-01  1.146E+02  1.446E-04
5      -- 4         83.0    576.2679    520.2310   15.300  1.221E+00  7.887E-01  1.209E-02  6.028E-02  4.198E+01  1.035E-04
6      -- 5        116.2    691.4731    433.5562   15.191  2.546E-01  2.054E-01  1.607E-03  1.209E-02  1.093E+01  4.656E-05
7      -- 6        154.9    806.6518    371.6504   15.853  3.431E-02  4.033E-02  1.613E-04  1.607E-03  2.147E+00  1.451E-05
8      -- 7        199.1    921.7997    325.2252   17.524  3.426E-03  6.783E-03  1.464E-05  1.613E-04  3.610E-01  3.642E-06
9      -- 8        248.9   1036.9124    289.1203   20.305  3.056E-04  1.010E-03  1.411E-06  1.464E-05  5.377E-02  7.720E-07
10     -- 9        304.2   1151.9855    260.2398   23.270  2.893E-05  1.342E-04  1.449E-07  1.411E-06  7.144E-03  1.407E-07
11     -- 10       365.0   1267.0145    236.6133   25.396  2.952E-06  1.580E-05  1.448E-08  1.449E-07  8.410E-04  2.203E-08
12     -- 11       431.3   1381.9951    216.9273   27.086  2.938E-07  1.682E-06  1.360E-09  1.448E-08  8.954E-05  3.044E-09
13     -- 12       503.1   1496.9229    200.2725   29.120  2.740E-08  1.716E-07  1.246E-10  1.360E-09  9.136E-06  3.946E-10
14     -- 13       580.5   1611.7935    185.9993   29.760  2.519E-09  1.493E-08  9.949E-12  1.246E-10  7.945E-07  4.284E-11
15     -- 14       663.4   1726.6025    173.6314   29.419  2.025E-10  1.026E-09  6.360E-13  9.949E-12  5.460E-08  3.619E-12
16     -- 15       751.7   1841.3455    162.8116   31.294  1.284E-11  6.974E-11  4.020E-14  6.360E-13  3.712E-09  2.985E-13
