* Radex version        : 30nov2011
* Geometry             : Uniform sphere
* Molecular data file  : ./data/co.dat                                                                   
* T(kin)            [K]:  405.000
* Density of H2  [cm-3]:  1.000E+02
* Density of pH2 [cm-3]:  2.500E+01
* Density of oH2 [cm-3]:  7.500E+01
* T(background)     [K]:    2.725
* Column density [cm-2]:  9.875E+17
* Line width     [km/s]:   50.000
Calculation finished in   31 iterations
      LINE         E_UP       FREQ        WAVEL     T_EX      TAU        T_R       POP        POP       FLUX        FLUX
                   (K)        (GHz)       (um)      (K)                  (K)        UP        LOW      (K*km/s) (erg/cm2/s)
1      -- 0          5.5    115.2712   2600.7576   11.864  2.586E+00  7.838E+00  4.654E-01  2.473E-01  4.172E+02  8.229E-06
2      -- 1         16.6    230.5380   1300.4037    9.286  6.059E+00  4.622E+00  2.356E-01  4.654E-01  2.460E+02  3.882E-05
3      -- 2         33.2    345.7960    866.9634    8.133  3.448E+00  2.364E+00  4.288E-02  2.356E-01  1.258E+02  6.700E-05
4      -- 3         55.3    461.0408    650.2515    9.918  6.118E-01  1.216E+00  5.922E-03  4.288E-02  6.471E+01  8.167E-05
5      -- 4         83.0    576.2679    520.2310   18.783  7.080E-02  5.625E-01  1.660E-03  5.922E-03  2.994E+01  7.379E-05
6      -- 5        116.2    691.4731    433.5562   29.676  1.698E-02  2.713E-01  6.413E-04  1.660E-03  1.444E+01  6.149E-05
7      -- 6        154.9    806.6518    371.6504   38.176  6.116E-03  1.344E-01  2.684E-04  6.413E-04  7.151E+00  4.834E-05
8      -- 7        199.1    921.7997    325.2252   47.404  2.407E-03  6.893E-02  1.196E-04  2.684E-04  3.669E+00  3.701E-05
9      -- 8        248.9   1036.9124    289.1203   55.556  1.035E-03  3.551E-02  5.460E-05  1.196E-04  1.890E+00  2.714E-05
10     -- 9        304.2   1151.9855    260.2398   64.452  4.549E-04  1.852E-02  2.559E-05  5.460E-05  9.855E-01  1.940E-05
11     -- 10       365.0   1267.0145    236.6133   74.624  2.045E-04  9.880E-03  1.241E-05  2.559E-05  5.258E-01  1.377E-05
12     -- 11       431.3   1381.9951    216.9273   82.916  9.711E-05  5.256E-03  6.061E-06  1.241E-05  2.797E-01  9.509E-06
13     -- 12       503.1   1496.9229    200.2725   92.200  4.622E-05  2.815E-03  3.003E-06  6.061E-06  1.498E-01  6.471E-06
14     -- 13       580.5   1611.7935    185.9993   92.362  2.381E-05  1.405E-03  1.396E-06  3.003E-06  7.478E-02  4.033E-06
15     -- 14       663.4   1726.6025    173.6314   95.949  1.119E-05  6.758E-04  6.292E-07  1.396E-06  3.597E-02  2.384E-06
16     -- 15       751.7   1841.3455    162.8116  108.956  4.802E-06  3.394E-04  2.976E-07  6.292E-07  1.806E-02  1.452E-06
