* Radex version        : 30nov2011
* Geometry             : Uniform sphere
* Molecular data file  : ./data/co.dat                                                                   
* T(kin)            [K]:   45.000
* Density of H2  [cm-3]:  1.995E+06
* Density of pH2 [cm-3]:  4.988E+05
* Density of oH2 [cm-3]:  1.496E+06
* T(background)     [K]:   13.800
* Column density [cm-2]:  3.079E+21
* Line width     [km/s]:   50.000
Calculation finished in   24 iterations
      LINE         E_UP       FREQ        WAVEL     T_EX      TAU        T_R       POP        POP       FLUX        FLUX
                   (K)        (GHz)       (um)      (K)                  (K)        UP        LOW      (K*km/s) (erg/cm2/s)
1      -- 0          5.5    115.2712   2600.7576   45.000  6.094E+02  3.107E+01  1.597E-01  6.021E-02  1.654E+03  3.262E-05
2      -- 1         16.6    230.5380   1300.4037   45.000  2.030E+03  3.069E+01  2.082E-01  1.597E-01  1.634E+03  2.578E-04
3      -- 2         33.2    345.7960    866.9634   45.000  3.367E+03  3.008E+01  2.016E-01  2.082E-01  1.601E+03  8.527E-04
4      -- 3         55.3    461.0408    650.2515   45.000  3.902E+03  2.927E+01  1.585E-01  2.016E-01  1.558E+03  1.966E-03
5      -- 4         83.0    576.2679    520.2310   45.000  3.519E+03  2.827E+01  1.048E-01  1.585E-01  1.505E+03  3.708E-03
6      -- 5        116.2    691.4731    433.5562   45.000  2.589E+03  2.713E+01  5.923E-02  1.048E-01  1.444E+03  6.149E-03
7      -- 6        154.9    806.6518    371.6504   44.999  1.594E+03  2.589E+01  2.891E-02  5.923E-02  1.378E+03  9.315E-03
8      -- 7        199.1    921.7997    325.2252   44.998  8.336E+02  2.458E+01  1.226E-02  2.891E-02  1.308E+03  1.320E-02
9      -- 8        248.9   1036.9124    289.1203   44.994  3.738E+02  2.322E+01  4.533E-03  1.226E-02  1.236E+03  1.774E-02
10     -- 9        304.2   1151.9855    260.2398   44.979  1.447E+02  2.184E+01  1.466E-03  4.533E-03  1.162E+03  2.288E-02
11     -- 10       365.0   1267.0145    236.6133   44.925  4.861E+01  2.043E+01  4.147E-04  1.466E-03  1.087E+03  2.848E-02
12     -- 11       431.3   1381.9951    216.9273   44.606  1.422E+01  1.883E+01  1.019E-04  4.147E-04  1.002E+03  3.406E-02
13     -- 12       503.1   1496.9229    200.2725   42.757  3.642E+00  1.564E+01  2.051E-05  1.019E-04  8.322E+02  3.595E-02
14     -- 13       580.5   1611.7935    185.9993   40.247  7.628E-01  6.923E+00  3.223E-06  2.051E-05  3.685E+02  1.987E-02
15     -- 14       663.4   1726.6025    173.6314   39.962  1.217E-01  1.342E+00  4.331E-07  3.223E-06  7.144E+01  4.736E-03
16     -- 15       751.7   1841.3455    162.8116   40.302  1.648E-02  1.791E-01  5.146E-08  4.331E-07  9.531E+00  7.663E-04
