* Radex version        : 30nov2011
* Geometry             : Uniform sphere
* Molecular data file  : ./data/co.dat                                                                   
* T(kin)            [K]:  430.000
* Density of H2  [cm-3]:  1.585E+05
* Density of pH2 [cm-3]:  3.962E+04
* Density of oH2 [cm-3]:  1.189E+05
* T(background)     [K]:    2.725
* Column density [cm-2]:  1.565E+21
* Line width     [km/s]:   50.000
Calculation finished in   44 iterations
      LINE         E_UP       FREQ        WAVEL     T_EX      TAU        T_R       POP        POP       FLUX        FLUX
                   (K)        (GHz)       (um)      (K)                  (K)        UP        LOW      (K*km/s) (erg/cm2/s)
1      -- 0          5.5    115.2712   2600.7576  431.701  3.714E+00  4.177E+02  1.943E-02  6.559E-03  2.223E+04  4.385E-04
2      -- 1         16.6    230.5380   1300.4037  427.920  1.469E+01  4.222E+02  3.155E-02  1.943E-02  2.247E+04  3.546E-03
3      -- 2         33.2    345.7960    866.9634  428.177  3.197E+01  4.199E+02  4.249E-02  3.155E-02  2.235E+04  1.190E-02
4      -- 3         55.3    461.0408    650.2515  428.150  5.422E+01  4.172E+02  5.188E-02  4.249E-02  2.220E+04  2.802E-02
5      -- 4         83.0    576.2679    520.2310  428.031  7.980E+01  4.144E+02  5.944E-02  5.188E-02  2.205E+04  5.435E-02
6      -- 5        116.2    691.4731    433.5562  427.973  1.068E+02  4.116E+02  6.501E-02  5.944E-02  2.191E+04  9.328E-02
7      -- 6        154.9    806.6518    371.6504  427.778  1.334E+02  4.087E+02  6.852E-02  6.501E-02  2.175E+04  1.470E-01
8      -- 7        199.1    921.7997    325.2252  427.581  1.577E+02  4.058E+02  7.002E-02  6.852E-02  2.160E+04  2.179E-01
9      -- 8        248.9   1036.9124    289.1203  427.238  1.783E+02  4.028E+02  6.965E-02  7.002E-02  2.144E+04  3.078E-01
10     -- 9        304.2   1151.9855    260.2398  426.782  1.940E+02  3.997E+02  6.763E-02  6.965E-02  2.128E+04  4.189E-01
11     -- 10       365.0   1267.0145    236.6133  426.393  2.043E+02  3.967E+02  6.423E-02  6.763E-02  2.111E+04  5.531E-01
12     -- 11       431.3   1381.9951    216.9273  425.864  2.086E+02  3.936E+02  5.974E-02  6.423E-02  2.095E+04  7.121E-01
13     -- 12       503.1   1496.9229    200.2725  425.395  2.073E+02  3.905E+02  5.450E-02  5.974E-02  2.078E+04  8.978E-01
14     -- 13       580.5   1611.7935    185.9993  424.166  2.012E+02  3.867E+02  4.878E-02  5.450E-02  2.058E+04  1.110E+00
15     -- 14       663.4   1726.6025    173.6314  422.749  1.906E+02  3.827E+02  4.286E-02  4.878E-02  2.037E+04  1.350E+00
16     -- 15       751.7   1841.3455    162.8116  421.192  1.766E+02  3.786E+02  3.699E-02  4.286E-02  2.015E+04  1.620E+00
