* Radex version        : 30nov2011
* Geometry             : Uniform sphere
* Molecular data file  : ./data/co.dat                                                                   
* T(kin)            [K]:  405.000
* Density of H2  [cm-3]:  1.585E+02
* Density of pH2 [cm-3]:  3.962E+01
* Density of oH2 [cm-3]:  1.189E+02
* T(background)     [K]:    2.725
* Column density [cm-2]:  1.565E+18
* Line width     [km/s]:   50.000
Calculation finished in   33 iterations
      LINE         E_UP       FREQ        WAVEL     T_EX      TAU        T_R       POP        POP       FLUX        FLUX
                   (K)        (GHz)       (um)      (K)                  (K)        UP        LOW      (K*km/s) (erg/cm2/s)
1      -- 0          5.5    115.2712   2600.7576   18.922  2.021E+00  1.341E+01  4.013E-01  1.792E-01  7.135E+02  1.407E-05
2      -- 1         16.6    230.5380   1300.4037   13.788  6.562E+00  8.782E+00  2.998E-01  4.013E-01  4.674E+02  7.375E-05
3      -- 2         33.2    345.7960    866.9634   11.490  6.106E+00  5.075E+00  9.903E-02  2.998E-01  2.701E+02  1.438E-04
4      -- 3         55.3    461.0408    650.2515   10.551  2.201E+00  2.749E+00  1.564E-02  9.903E-02  1.463E+02  1.847E-04
5      -- 4         83.0    576.2679    520.2310   15.084  3.230E-01  1.452E+00  3.055E-03  1.564E-02  7.729E+01  1.905E-04
6      -- 5        116.2    691.4731    433.5562   27.574  5.149E-02  7.142E-01  1.084E-03  3.055E-03  3.801E+01  1.619E-04
7      -- 6        154.9    806.6518    371.6504   37.834  1.646E-02  3.547E-01  4.494E-04  1.084E-03  1.888E+01  1.276E-04
8      -- 7        199.1    921.7997    325.2252   47.082  6.412E-03  1.814E-01  1.990E-04  4.494E-04  9.653E+00  9.737E-05
9      -- 8        248.9   1036.9124    289.1203   55.531  2.729E-03  9.352E-02  9.079E-05  1.990E-04  4.978E+00  7.147E-05
10     -- 9        304.2   1151.9855    260.2398   64.403  1.199E-03  4.875E-02  4.253E-05  9.079E-05  2.595E+00  5.108E-05
11     -- 10       365.0   1267.0145    236.6133   74.625  5.387E-04  2.602E-02  2.062E-05  4.253E-05  1.385E+00  3.627E-05
12     -- 11       431.3   1381.9951    216.9273   83.155  2.553E-04  1.387E-02  1.010E-05  2.062E-05  7.384E-01  2.510E-05
13     -- 12       503.1   1496.9229    200.2725   92.383  1.219E-04  7.441E-03  5.010E-06  1.010E-05  3.961E-01  1.711E-05
14     -- 13       580.5   1611.7935    185.9993   92.866  6.272E-05  3.732E-03  2.339E-06  5.010E-06  1.986E-01  1.071E-05
15     -- 14       663.4   1726.6025    173.6314   96.416  2.962E-05  1.802E-03  1.059E-06  2.339E-06  9.593E-02  6.359E-06
16     -- 15       751.7   1841.3455    162.8116  109.396  1.277E-05  9.082E-04  5.025E-07  1.059E-06  4.834E-02  3.886E-06
