* Radex version        : 30nov2011
* Geometry             : Uniform sphere
* Molecular data file  : ./data/co.dat                                                                   
* T(kin)            [K]:  405.000
* Density of H2  [cm-3]:  5.012E+03
* Density of pH2 [cm-3]:  1.253E+03
* Density of oH2 [cm-3]:  3.759E+03
* T(background)     [K]:    2.725
* Column density [cm-2]:  4.949E+19
* Line width     [km/s]:   50.000
Calculation finished in **** iterations
      LINE         E_UP       FREQ        WAVEL     T_EX      TAU        T_R       POP        POP       FLUX        FLUX
                   (K)        (GHz)       (um)      (K)                  (K)        UP        LOW      (K*km/s) (erg/cm2/s)
1      -- 0          5.5    115.2712   2600.7576 -197.004 -8.517E-01  2.695E+02  5.186E-02  1.679E-02  1.435E+04  2.830E-04
2      -- 1         16.6    230.5380   1300.4037  280.840  3.340E+00  2.654E+02  8.224E-02  5.186E-02  1.413E+04  2.229E-03
3      -- 2         33.2    345.7960    866.9634  401.755  1.995E+00  3.400E+02  1.072E-01  8.224E-02  1.809E+04  9.636E-03
4      -- 3         55.3    461.0408    650.2515  231.971  1.468E+01  2.211E+02  1.216E-01  1.072E-01  1.177E+04  1.485E-02
5      -- 4         83.0    576.2679    520.2310  275.043  6.821E+00  2.612E+02  1.298E-01  1.216E-01  1.390E+04  3.426E-02
6      -- 5        116.2    691.4731    433.5562  171.382  2.220E+01  1.553E+02  1.256E-01  1.298E-01  8.267E+03  3.520E-02
7      -- 6        154.9    806.6518    371.6504  173.408  1.693E+01  1.548E+02  1.147E-01  1.256E-01  8.238E+03  5.568E-02
8      -- 7        199.1    921.7997    325.2252  140.883  2.405E+01  1.199E+02  9.519E-02  1.147E-01  6.383E+03  6.438E-02
9      -- 8        248.9   1036.9124    289.1203  124.851  2.256E+01  1.016E+02  7.131E-02  9.519E-02  5.409E+03  7.766E-02
10     -- 9        304.2   1151.9855    260.2398  103.159  2.151E+01  7.797E+01  4.613E-02  7.131E-02  4.150E+03  8.171E-02
11     -- 10       365.0   1267.0145    236.6133   83.406  1.718E+01  5.666E+01  2.436E-02  4.613E-02  3.016E+03  7.900E-02
12     -- 11       431.3   1381.9951    216.9273   65.684  1.102E+01  3.801E+01  9.625E-03  2.436E-02  2.023E+03  6.877E-02
13     -- 12       503.1   1496.9229    200.2725   52.143  5.094E+00  2.407E+01  2.608E-03  9.625E-03  1.281E+03  5.535E-02
14     -- 13       580.5   1611.7935    185.9993   49.199  1.458E+00  1.555E+01  5.809E-04  2.608E-03  8.275E+02  4.462E-02
15     -- 14       663.4   1726.6025    173.6314   70.823  2.820E-01  9.163E+00  1.939E-04  5.809E-04  4.877E+02  3.233E-02
16     -- 15       751.7   1841.3455    162.8116  105.574  7.596E-02  4.936E+00  8.952E-05  1.939E-04  2.627E+02  2.112E-02
