* Radex version        : 30nov2011
* Geometry             : Uniform sphere
* Molecular data file  : ./data/co.dat                                                                   
* T(kin)            [K]:   40.000
* Density of H2  [cm-3]:  5.012E+03
* Density of pH2 [cm-3]:  1.253E+03
* Density of oH2 [cm-3]:  3.759E+03
* T(background)     [K]:   13.800
* Column density [cm-2]:  7.733E+18
* Line width     [km/s]:   50.000
Calculation finished in   32 iterations
      LINE         E_UP       FREQ        WAVEL     T_EX      TAU        T_R       POP        POP       FLUX        FLUX
                   (K)        (GHz)       (um)      (K)                  (K)        UP        LOW      (K*km/s) (erg/cm2/s)
1      -- 0          5.5    115.2712   2600.7576   38.876  2.395E+00  2.268E+01  2.138E-01  8.216E-02  1.207E+03  2.381E-05
2      -- 1         16.6    230.5380   1300.4037   35.936  8.295E+00  2.168E+01  2.619E-01  2.138E-01  1.154E+03  1.821E-04
3      -- 2         33.2    345.7960    866.9634   34.293  1.323E+01  1.953E+01  2.260E-01  2.619E-01  1.040E+03  5.537E-04
4      -- 3         55.3    461.0408    650.2515   30.885  1.447E+01  1.556E+01  1.419E-01  2.260E-01  8.280E+02  1.045E-03
5      -- 4         83.0    576.2679    520.2310   25.661  1.137E+01  9.962E+00  5.905E-02  1.419E-01  5.302E+02  1.307E-03
6      -- 5        116.2    691.4731    433.5562   20.105  5.677E+00  4.573E+00  1.339E-02  5.905E-02  2.434E+02  1.036E-03
7      -- 6        154.9    806.6518    371.6504   17.100  1.406E+00  1.509E+00  1.606E-03  1.339E-02  8.029E+01  5.428E-04
8      -- 7        199.1    921.7997    325.2252   17.484  1.711E-01  3.081E-01  1.450E-04  1.606E-03  1.640E+01  1.654E-04
9      -- 8        248.9   1036.9124    289.1203   19.625  1.528E-02  4.385E-02  1.283E-05  1.450E-04  2.334E+00  3.351E-05
10     -- 9        304.2   1151.9855    260.2398   22.184  1.334E-03  5.280E-03  1.174E-06  1.283E-05  2.810E-01  5.533E-06
11     -- 10       365.0   1267.0145    236.6133   24.081  1.213E-04  5.505E-04  1.029E-07  1.174E-06  2.930E-02  7.675E-07
12     -- 11       431.3   1381.9951    216.9273   25.570  1.060E-05  5.097E-05  8.358E-09  1.029E-07  2.713E-03  9.221E-08
13     -- 12       503.1   1496.9229    200.2725   27.108  8.571E-07  4.341E-06  6.377E-10  8.358E-09  2.310E-04  9.980E-09
14     -- 13       580.5   1611.7935    185.9993   27.639  6.554E-08  3.100E-07  4.170E-11  6.377E-10  1.650E-05  8.896E-10
15     -- 14       663.4   1726.6025    173.6314   27.705  4.297E-09  1.795E-08  2.239E-12  4.170E-11  9.556E-07  6.335E-11
16     -- 15       751.7   1841.3455    162.8116   28.854  2.296E-10  9.618E-10  1.115E-13  2.239E-12  5.119E-08  4.116E-12
