* Radex version        : 30nov2011
* Geometry             : Uniform sphere
* Molecular data file  : ./data/co.dat                                                                   
* T(kin)            [K]:  405.000
* Density of H2  [cm-3]:  1.259E+03
* Density of pH2 [cm-3]:  3.147E+02
* Density of oH2 [cm-3]:  9.442E+02
* T(background)     [K]:    2.725
* Column density [cm-2]:  1.243E+19
* Line width     [km/s]:   50.000
Calculation finished in   37 iterations
      LINE         E_UP       FREQ        WAVEL     T_EX      TAU        T_R       POP        POP       FLUX        FLUX
                   (K)        (GHz)       (um)      (K)                  (K)        UP        LOW      (K*km/s) (erg/cm2/s)
1      -- 0          5.5    115.2712   2600.7576 -246.106 -3.157E-01  9.271E+01  1.206E-01  3.931E-02  4.934E+03  9.733E-05
2      -- 1         16.6    230.5380   1300.4037   87.908  3.357E+00  7.943E+01  1.772E-01  1.206E-01  4.228E+03  6.671E-04
3      -- 2         33.2    345.7960    866.9634   76.687  7.302E+00  6.860E+01  1.999E-01  1.772E-01  3.651E+03  1.944E-03
4      -- 3         55.3    461.0408    650.2515   68.632  1.109E+01  5.815E+01  1.861E-01  1.999E-01  3.095E+03  3.906E-03
5      -- 4         83.0    576.2679    520.2310   59.000  1.360E+01  4.625E+01  1.424E-01  1.861E-01  2.462E+03  6.066E-03
6      -- 5        116.2    691.4731    433.5562   48.772  1.344E+01  3.405E+01  8.521E-02  1.424E-01  1.812E+03  7.716E-03
7      -- 6        154.9    806.6518    371.6504   38.703  1.015E+01  2.252E+01  3.616E-02  8.521E-02  1.199E+03  8.102E-03
8      -- 7        199.1    921.7997    325.2252   30.974  5.114E+00  1.386E+01  9.823E-03  3.616E-02  7.380E+02  7.444E-03
9      -- 8        248.9   1036.9124    289.1203   29.710  1.469E+00  8.830E+00  2.056E-03  9.823E-03  4.700E+02  6.748E-03
10     -- 9        304.2   1151.9855    260.2398   44.065  2.677E-01  5.181E+00  6.482E-04  2.056E-03  2.757E+02  5.429E-03
11     -- 10       365.0   1267.0145    236.6133   67.905  6.923E-02  2.808E+00  2.899E-04  6.482E-04  1.495E+02  3.915E-03
12     -- 11       431.3   1381.9951    216.9273   82.408  2.868E-02  1.517E+00  1.409E-04  2.899E-04  8.072E+01  2.744E-03
13     -- 12       503.1   1496.9229    200.2725   92.950  1.346E-02  8.235E-01  7.027E-05  1.409E-04  4.383E+01  1.893E-03
14     -- 13       580.5   1611.7935    185.9993   96.335  6.824E-03  4.270E-01  3.381E-05  7.027E-05  2.272E+01  1.225E-03
15     -- 14       663.4   1726.6025    173.6314  101.147  3.298E-03  2.150E-01  1.593E-05  3.381E-05  1.145E+01  7.587E-04
16     -- 15       751.7   1841.3455    162.8116  113.228  1.493E-03  1.115E-01  7.770E-06  1.593E-05  5.932E+00  4.770E-04
