* Radex version        : 30nov2011
* Geometry             : Uniform sphere
* Molecular data file  : ./data/co.dat                                                                   
* T(kin)            [K]:  405.000
* Density of H2  [cm-3]:  3.981E+04
* Density of pH2 [cm-3]:  9.953E+03
* Density of oH2 [cm-3]:  2.986E+04
* T(background)     [K]:    2.725
* Column density [cm-2]:  3.931E+20
* Line width     [km/s]:   50.000
Calculation finished in **** iterations
      LINE         E_UP       FREQ        WAVEL     T_EX      TAU        T_R       POP        POP       FLUX        FLUX
                   (K)        (GHz)       (um)      (K)                  (K)        UP        LOW      (K*km/s) (erg/cm2/s)
1      -- 0          5.5    115.2712   2600.7576  -24.058  3.817E+01 -2.777E+01  1.962E-02  8.472E-03 -1.478E+03 -2.915E-05
2      -- 1         16.6    230.5380   1300.4037   10.479 -3.945E+02  5.708E+00  5.551E-02  1.962E-02  3.038E+02  4.794E-05
3      -- 2         33.2    345.7960    866.9634  -85.776  1.055E+03 -9.438E+01  1.602E-02  5.551E-02 -5.023E+03 -2.675E-03
4      -- 3         55.3    461.0408    650.2515 -291.655 -1.314E+03 -3.029E+02  9.654E-02  1.602E-02 -1.612E+04 -2.034E-02
5      -- 4         83.0    576.2679    520.2310 -237.700  1.643E+03 -2.518E+02  2.462E-02  9.654E-02 -1.340E+04 -3.303E-02
6      -- 5        116.2    691.4731    433.5562  117.330  7.707E-02  7.531E+00  3.311E-02  2.462E-02  4.008E+02  1.707E-03
7      -- 6        154.9    806.6518    371.6504   24.380 -7.909E+02  9.943E+00  7.301E-02  3.311E-02  5.292E+02  3.577E-03
8      -- 7        199.1    921.7997    325.2252   -2.645  9.011E+02 -4.424E+01  3.675E-02  7.301E-02 -2.355E+03 -2.375E-02
9      -- 8        248.9   1036.9124    289.1203  139.323 -3.714E+02  1.159E+02  5.944E-02  3.675E-02  6.170E+03  8.859E-02
10     -- 9        304.2   1151.9855    260.2398 -133.462 -9.400E+01  1.085E+43  6.552E-02  5.944E-02  5.773E+44  1.137E+40
11     -- 10       365.0   1267.0145    236.6133   -0.291  5.531E+02 -6.081E+01  4.525E-02  6.552E-02 -3.236E+03 -8.478E-02
12     -- 11       431.3   1381.9951    216.9273   19.510 -5.152E+02  2.291E+00  3.665E-02  4.525E-02  1.219E+02  4.145E-03
13     -- 12       503.1   1496.9229    200.2725  -16.746  5.519E+02 -7.284E+01  8.335E-03  3.665E-02 -3.877E+03 -1.675E-01
14     -- 13       580.5   1611.7935    185.9993  -48.888 -2.436E+00  1.016E+03  9.343E-03  8.335E-03  5.406E+04  2.915E+00
15     -- 14       663.4   1726.6025    173.6314  -38.978 -1.435E+02  2.050E+64  6.021E-02  9.343E-03  1.091E+66  7.234E+61
16     -- 15       751.7   1841.3455    162.8116  389.822  7.431E+01  3.473E+02  5.000E-02  6.021E-02  1.849E+04  1.486E+00
