* Radex version        : 30nov2011
* Geometry             : Uniform sphere
* Molecular data file  : ./data/co.dat                                                                   
* T(kin)            [K]:  430.000
* Density of H2  [cm-3]:  3.981E+02
* Density of pH2 [cm-3]:  9.953E+01
* Density of oH2 [cm-3]:  2.986E+02
* T(background)     [K]:    2.725
* Column density [cm-2]:  3.931E+18
* Line width     [km/s]:   50.000
Calculation finished in   35 iterations
      LINE         E_UP       FREQ        WAVEL     T_EX      TAU        T_R       POP        POP       FLUX        FLUX
                   (K)        (GHz)       (um)      (K)                  (K)        UP        LOW      (K*km/s) (erg/cm2/s)
1      -- 0          5.5    115.2712   2600.7576   72.540  7.294E-01  3.572E+01  2.472E-01  8.892E-02  1.901E+03  3.750E-05
2      -- 1         16.6    230.5380   1300.4037   32.352  5.329E+00  2.681E+01  2.926E-01  2.472E-01  1.427E+03  2.252E-04
3      -- 2         33.2    345.7960    866.9634   27.585  8.857E+00  2.007E+01  2.245E-01  2.926E-01  1.068E+03  5.690E-04
4      -- 3         55.3    461.0408    650.2515   22.666  8.904E+00  1.337E+01  1.087E-01  2.245E-01  7.114E+02  8.979E-04
5      -- 4         83.0    576.2679    520.2310   18.455  5.214E+00  7.914E+00  2.970E-02  1.087E-01  4.212E+02  1.038E-03
6      -- 5        116.2    691.4731    433.5562   18.018  1.512E+00  4.873E+00  5.564E-03  2.970E-02  2.594E+02  1.104E-03
7      -- 6        154.9    806.6518    371.6504   27.452  2.505E-01  2.770E+00  1.567E-03  5.564E-03  1.475E+02  9.968E-04
8      -- 7        199.1    921.7997    325.2252   44.231  5.828E-02  1.457E+00  6.532E-04  1.567E-03  7.755E+01  7.823E-04
9      -- 8        248.9   1036.9124    289.1203   55.405  2.253E-02  7.618E-01  2.974E-04  6.532E-04  4.055E+01  5.822E-04
10     -- 9        304.2   1151.9855    260.2398   65.227  9.789E-03  4.037E-01  1.408E-04  2.974E-04  2.149E+01  4.230E-04
11     -- 10       365.0   1267.0145    236.6133   75.919  4.431E-03  2.190E-01  6.923E-05  1.408E-04  1.165E+01  3.053E-04
12     -- 11       431.3   1381.9951    216.9273   85.440  2.115E-03  1.194E-01  3.462E-05  6.923E-05  6.356E+00  2.160E-04
13     -- 12       503.1   1496.9229    200.2725   95.037  1.030E-03  6.548E-02  1.756E-05  3.462E-05  3.485E+00  1.506E-04
14     -- 13       580.5   1611.7935    185.9993   96.850  5.374E-04  3.399E-02  8.485E-06  1.756E-05  1.809E+00  9.756E-05
15     -- 14       663.4   1726.6025    173.6314  101.319  2.615E-04  1.712E-02  4.004E-06  8.485E-06  9.110E-01  6.039E-05
16     -- 15       751.7   1841.3455    162.8116  113.987  1.181E-04  8.910E-03  1.963E-06  4.004E-06  4.743E-01  3.813E-05
