* Radex version        : 30nov2011
* Geometry             : Uniform sphere
* Molecular data file  : ./data/co.dat                                                                   
* T(kin)            [K]:  430.000
* Density of H2  [cm-3]:  1.259E+06
* Density of pH2 [cm-3]:  3.147E+05
* Density of oH2 [cm-3]:  9.442E+05
* T(background)     [K]:    2.725
* Column density [cm-2]:  1.243E+22
* Line width     [km/s]:   50.000
Calculation finished in   38 iterations
      LINE         E_UP       FREQ        WAVEL     T_EX      TAU        T_R       POP        POP       FLUX        FLUX
                   (K)        (GHz)       (um)      (K)                  (K)        UP        LOW      (K*km/s) (erg/cm2/s)
1      -- 0          5.5    115.2712   2600.7576  429.969  2.898E+01  4.264E+02  1.901E-02  6.417E-03  2.269E+04  4.476E-04
2      -- 1         16.6    230.5380   1300.4037  429.971  1.136E+02  4.243E+02  3.087E-02  1.901E-02  2.258E+04  3.563E-03
3      -- 2         33.2    345.7960    866.9634  429.970  2.475E+02  4.217E+02  4.158E-02  3.087E-02  2.244E+04  1.195E-02
4      -- 3         55.3    461.0408    650.2515  429.970  4.198E+02  4.190E+02  5.078E-02  4.158E-02  2.230E+04  2.815E-02
5      -- 4         83.0    576.2679    520.2310  429.968  6.178E+02  4.163E+02  5.820E-02  5.078E-02  2.216E+04  5.461E-02
6      -- 5        116.2    691.4731    433.5562  429.967  8.269E+02  4.136E+02  6.367E-02  5.820E-02  2.201E+04  9.373E-02
7      -- 6        154.9    806.6518    371.6504  429.964  1.033E+03  4.109E+02  6.714E-02  6.367E-02  2.187E+04  1.478E-01
8      -- 7        199.1    921.7997    325.2252  429.961  1.221E+03  4.082E+02  6.866E-02  6.714E-02  2.173E+04  2.192E-01
9      -- 8        248.9   1036.9124    289.1203  429.955  1.381E+03  4.056E+02  6.835E-02  6.866E-02  2.159E+04  3.099E-01
10     -- 9        304.2   1151.9855    260.2398  429.947  1.502E+03  4.029E+02  6.643E-02  6.835E-02  2.144E+04  4.222E-01
11     -- 10       365.0   1267.0145    236.6133  429.941  1.582E+03  4.003E+02  6.316E-02  6.643E-02  2.130E+04  5.580E-01
12     -- 11       431.3   1381.9951    216.9273  429.932  1.615E+03  3.976E+02  5.884E-02  6.316E-02  2.116E+04  7.194E-01
13     -- 12       503.1   1496.9229    200.2725  429.925  1.606E+03  3.950E+02  5.376E-02  5.884E-02  2.102E+04  9.082E-01
14     -- 13       580.5   1611.7935    185.9993  429.904  1.558E+03  3.924E+02  4.824E-02  5.376E-02  2.088E+04  1.126E+00
15     -- 14       663.4   1726.6025    173.6314  429.880  1.475E+03  3.898E+02  4.252E-02  4.824E-02  2.075E+04  1.375E+00
16     -- 15       751.7   1841.3455    162.8116  429.855  1.366E+03  3.872E+02  3.686E-02  4.252E-02  2.061E+04  1.657E+00
