* Radex version        : 30nov2011
* Geometry             : Uniform sphere
* Molecular data file  : ./data/co.dat                                                                   
* T(kin)            [K]:  430.000
* Density of H2  [cm-3]:  2.512E+05
* Density of pH2 [cm-3]:  6.280E+04
* Density of oH2 [cm-3]:  1.884E+05
* T(background)     [K]:    2.725
* Column density [cm-2]:  2.481E+21
* Line width     [km/s]:   50.000
Calculation finished in   43 iterations
      LINE         E_UP       FREQ        WAVEL     T_EX      TAU        T_R       POP        POP       FLUX        FLUX
                   (K)        (GHz)       (um)      (K)                  (K)        UP        LOW      (K*km/s) (erg/cm2/s)
1      -- 0          5.5    115.2712   2600.7576  429.896  5.843E+00  4.251E+02  1.920E-02  6.483E-03  2.262E+04  4.463E-04
2      -- 1         16.6    230.5380   1300.4037  429.222  2.295E+01  4.235E+02  3.119E-02  1.920E-02  2.254E+04  3.557E-03
3      -- 2         33.2    345.7960    866.9634  429.260  4.996E+01  4.210E+02  4.200E-02  3.119E-02  2.241E+04  1.193E-02
4      -- 3         55.3    461.0408    650.2515  429.254  8.474E+01  4.183E+02  5.129E-02  4.200E-02  2.226E+04  2.810E-02
5      -- 4         83.0    576.2679    520.2310  429.201  1.247E+02  4.155E+02  5.878E-02  5.129E-02  2.212E+04  5.451E-02
6      -- 5        116.2    691.4731    433.5562  429.182  1.669E+02  4.128E+02  6.430E-02  5.878E-02  2.197E+04  9.355E-02
7      -- 6        154.9    806.6518    371.6504  429.101  2.085E+02  4.100E+02  6.779E-02  6.430E-02  2.182E+04  1.475E-01
8      -- 7        199.1    921.7997    325.2252  429.022  2.465E+02  4.073E+02  6.930E-02  6.779E-02  2.168E+04  2.187E-01
9      -- 8        248.9   1036.9124    289.1203  428.882  2.787E+02  4.045E+02  6.897E-02  6.930E-02  2.153E+04  3.091E-01
10     -- 9        304.2   1151.9855    260.2398  428.694  3.032E+02  4.016E+02  6.700E-02  6.897E-02  2.138E+04  4.209E-01
11     -- 10       365.0   1267.0145    236.6133  428.538  3.193E+02  3.989E+02  6.368E-02  6.700E-02  2.123E+04  5.561E-01
12     -- 11       431.3   1381.9951    216.9273  428.319  3.261E+02  3.960E+02  5.928E-02  6.368E-02  2.108E+04  7.165E-01
13     -- 12       503.1   1496.9229    200.2725  428.143  3.241E+02  3.932E+02  5.414E-02  5.928E-02  2.093E+04  9.041E-01
14     -- 13       580.5   1611.7935    185.9993  427.634  3.145E+02  3.901E+02  4.852E-02  5.414E-02  2.076E+04  1.120E+00
15     -- 14       663.4   1726.6025    173.6314  427.052  2.978E+02  3.870E+02  4.272E-02  4.852E-02  2.060E+04  1.365E+00
16     -- 15       751.7   1841.3455    162.8116  426.429  2.759E+02  3.838E+02  3.697E-02  4.272E-02  2.043E+04  1.642E+00
