* Radex version        : 30nov2011
* Geometry             : Uniform sphere
* Molecular data file  : ./data/co.dat                                                                   
* T(kin)            [K]:   40.000
* Density of H2  [cm-3]:  1.585E+03
* Density of pH2 [cm-3]:  3.962E+02
* Density of oH2 [cm-3]:  1.189E+03
* T(background)     [K]:   13.800
* Column density [cm-2]:  2.445E+18
* Line width     [km/s]:   50.000
Calculation finished in   28 iterations
      LINE         E_UP       FREQ        WAVEL     T_EX      TAU        T_R       POP        POP       FLUX        FLUX
                   (K)        (GHz)       (um)      (K)                  (K)        UP        LOW      (K*km/s) (erg/cm2/s)
1      -- 0          5.5    115.2712   2600.7576   32.797  1.211E+00  1.327E+01  2.846E-01  1.123E-01  7.060E+02  1.393E-05
2      -- 1         16.6    230.5380   1300.4037   25.132  4.693E+00  1.090E+01  3.054E-01  2.846E-01  5.804E+02  9.158E-05
3      -- 2         33.2    345.7960    866.9634   21.913  6.755E+00  7.517E+00  2.005E-01  3.054E-01  4.001E+02  2.131E-04
4      -- 3         55.3    461.0408    650.2515   18.433  5.548E+00  3.942E+00  7.762E-02  2.005E-01  2.098E+02  2.648E-04
5      -- 4         83.0    576.2679    520.2310   16.059  2.449E+00  1.561E+00  1.695E-02  7.762E-02  8.307E+01  2.047E-04
6      -- 5        116.2    691.4731    433.5562   15.355  5.643E-01  4.428E-01  2.308E-03  1.695E-02  2.357E+01  1.003E-04
7      -- 6        154.9    806.6518    371.6504   15.745  7.819E-02  8.492E-02  2.278E-04  2.308E-03  4.520E+00  3.055E-05
8      -- 7        199.1    921.7997    325.2252   17.030  7.714E-03  1.298E-02  1.922E-05  2.278E-04  6.909E-01  6.969E-06
9      -- 8        248.9   1036.9124    289.1203   19.223  6.433E-04  1.706E-03  1.613E-06  1.922E-05  9.078E-02  1.303E-06
10     -- 9        304.2   1151.9855    260.2398   21.722  5.326E-05  1.961E-04  1.399E-07  1.613E-06  1.044E-02  2.055E-07
11     -- 10       365.0   1267.0145    236.6133   23.647  4.588E-06  1.964E-05  1.171E-08  1.399E-07  1.045E-03  2.738E-08
12     -- 11       431.3   1381.9951    216.9273   25.160  3.826E-07  1.749E-06  9.117E-10  1.171E-08  9.307E-05  3.164E-09
13     -- 12       503.1   1496.9229    200.2725   26.815  2.963E-08  1.451E-07  6.757E-11  9.117E-10  7.723E-06  3.336E-10
14     -- 13       580.5   1611.7935    185.9993   27.403  2.200E-09  1.012E-08  4.314E-12  6.757E-11  5.388E-07  2.906E-11
15     -- 14       663.4   1726.6025    173.6314   27.267  1.409E-10  5.583E-10  2.208E-13  4.314E-12  2.972E-08  1.970E-12
16     -- 15       751.7   1841.3455    162.8116   28.647  7.167E-12  2.931E-11  1.075E-14  2.208E-13  1.560E-09  1.254E-13
