* Radex version        : 30nov2011
* Geometry             : Uniform sphere
* Molecular data file  : ./data/co.dat                                                                   
* T(kin)            [K]:   40.000
* Density of H2  [cm-3]:  1.259E+04
* Density of pH2 [cm-3]:  3.147E+03
* Density of oH2 [cm-3]:  9.442E+03
* T(background)     [K]:   13.800
* Column density [cm-2]:  1.943E+19
* Line width     [km/s]:   50.000
Calculation finished in   34 iterations
      LINE         E_UP       FREQ        WAVEL     T_EX      TAU        T_R       POP        POP       FLUX        FLUX
                   (K)        (GHz)       (um)      (K)                  (K)        UP        LOW      (K*km/s) (erg/cm2/s)
1      -- 0          5.5    115.2712   2600.7576   39.515  5.185E+00  2.545E+01  1.875E-01  7.190E-02  1.355E+03  2.672E-05
2      -- 1         16.6    230.5380   1300.4037   39.198  1.696E+01  2.493E+01  2.357E-01  1.875E-01  1.327E+03  2.093E-04
3      -- 2         33.2    345.7960    866.9634   38.888  2.708E+01  2.405E+01  2.153E-01  2.357E-01  1.280E+03  6.817E-04
4      -- 3         55.3    461.0408    650.2515   38.080  2.984E+01  2.251E+01  1.548E-01  2.153E-01  1.198E+03  1.512E-03
5      -- 4         83.0    576.2679    520.2310   36.149  2.526E+01  1.976E+01  8.805E-02  1.548E-01  1.052E+03  2.592E-03
6      -- 5        116.2    691.4731    433.5562   31.763  1.706E+01  1.471E+01  3.661E-02  8.805E-02  7.832E+02  3.335E-03
7      -- 6        154.9    806.6518    371.6504   25.006  8.483E+00  7.961E+00  8.982E-03  3.661E-02  4.237E+02  2.864E-03
8      -- 7        199.1    921.7997    325.2252   19.488  2.341E+00  2.917E+00  1.052E-03  8.982E-03  1.553E+02  1.566E-03
9      -- 8        248.9   1036.9124    289.1203   19.153  2.798E-01  6.374E-01  8.744E-05  1.052E-03  3.392E+01  4.871E-04
10     -- 9        304.2   1151.9855    260.2398   21.885  2.290E-02  8.556E-02  7.728E-06  8.744E-05  4.554E+00  8.965E-05
11     -- 10       365.0   1267.0145    236.6133   24.294  2.002E-03  9.337E-03  6.927E-07  7.728E-06  4.970E-01  1.302E-05
12     -- 11       431.3   1381.9951    216.9273   26.064  1.785E-04  9.105E-04  5.910E-08  6.927E-07  4.846E-02  1.647E-06
13     -- 12       503.1   1496.9229    200.2725   27.410  1.519E-05  7.958E-05  4.643E-09  5.910E-08  4.236E-03  1.830E-07
14     -- 13       580.5   1611.7935    185.9993   28.047  1.195E-06  5.920E-06  3.162E-10  4.643E-09  3.151E-04  1.699E-08
15     -- 14       663.4   1726.6025    173.6314   28.117  8.166E-08  3.581E-07  1.774E-11  3.162E-10  1.906E-05  1.264E-09
16     -- 15       751.7   1841.3455    162.8116   29.187  4.562E-09  1.985E-08  9.147E-13  1.774E-11  1.056E-06  8.494E-11
