* Radex version        : 30nov2011
* Geometry             : Uniform sphere
* Molecular data file  : ./data/co.dat                                                                   
* T(kin)            [K]:  405.000
* Density of H2  [cm-3]:  1.585E+03
* Density of pH2 [cm-3]:  3.962E+02
* Density of oH2 [cm-3]:  1.189E+03
* T(background)     [K]:    2.725
* Column density [cm-2]:  1.565E+19
* Line width     [km/s]:   50.000
Calculation finished in   38 iterations
      LINE         E_UP       FREQ        WAVEL     T_EX      TAU        T_R       POP        POP       FLUX        FLUX
                   (K)        (GHz)       (um)      (K)                  (K)        UP        LOW      (K*km/s) (erg/cm2/s)
1      -- 0          5.5    115.2712   2600.7576 -184.643 -4.549E-01  1.084E+02  1.040E-01  3.363E-02  5.772E+03  1.139E-04
2      -- 1         16.6    230.5380   1300.4037  106.763  3.032E+00  9.626E+01  1.562E-01  1.040E-01  5.123E+03  8.084E-04
3      -- 2         33.2    345.7960    866.9634   92.580  6.832E+00  8.440E+01  1.828E-01  1.562E-01  4.492E+03  2.392E-03
4      -- 3         55.3    461.0408    650.2515   84.097  1.071E+01  7.351E+01  1.807E-01  1.828E-01  3.913E+03  4.938E-03
5      -- 4         83.0    576.2679    520.2310   73.926  1.386E+01  6.096E+01  1.519E-01  1.807E-01  3.244E+03  7.996E-03
6      -- 5        116.2    691.4731    433.5562   62.664  1.504E+01  4.753E+01  1.057E-01  1.519E-01  2.530E+03  1.077E-02
7      -- 6        154.9    806.6518    371.6504   50.683  1.339E+01  3.377E+01  5.682E-02  1.057E-01  1.797E+03  1.215E-02
8      -- 7        199.1    921.7997    325.2252   39.906  8.915E+00  2.179E+01  2.125E-02  5.682E-02  1.160E+03  1.170E-02
9      -- 8        248.9   1036.9124    289.1203   32.455  3.861E+00  1.341E+01  5.126E-03  2.125E-02  7.136E+02  1.025E-02
10     -- 9        304.2   1151.9855    260.2398   34.775  9.357E-01  8.608E+00  1.156E-03  5.126E-03  4.581E+02  9.020E-03
11     -- 10       365.0   1267.0145    236.6133   56.024  1.739E-01  4.952E+00  4.275E-04  1.156E-03  2.636E+02  6.904E-03
12     -- 11       431.3   1381.9951    216.9273   79.379  5.454E-02  2.695E+00  2.015E-04  4.275E-04  1.435E+02  4.876E-03
13     -- 12       503.1   1496.9229    200.2725   92.253  2.434E-02  1.466E+00  9.988E-05  2.015E-04  7.802E+01  3.370E-03
14     -- 13       580.5   1611.7935    185.9993   96.482  1.220E-02  7.629E-01  4.812E-05  9.988E-05  4.061E+01  2.190E-03
15     -- 14       663.4   1726.6025    173.6314  101.770  5.886E-03  3.867E-01  2.279E-05  4.812E-05  2.058E+01  1.364E-03
16     -- 15       751.7   1841.3455    162.8116  113.729  2.680E-03  2.013E-01  1.115E-05  2.279E-05  1.071E+01  8.614E-04
