* Radex version        : 30nov2011
* Geometry             : Uniform sphere
* Molecular data file  : ./data/co.dat                                                                   
* T(kin)            [K]:  405.000
* Density of H2  [cm-3]:  1.000E+05
* Density of pH2 [cm-3]:  2.500E+04
* Density of oH2 [cm-3]:  7.500E+04
* T(background)     [K]:    2.725
* Column density [cm-2]:  9.875E+20
* Line width     [km/s]:   50.000
Calculation finished in   44 iterations
      LINE         E_UP       FREQ        WAVEL     T_EX      TAU        T_R       POP        POP       FLUX        FLUX
                   (K)        (GHz)       (um)      (K)                  (K)        UP        LOW      (K*km/s) (erg/cm2/s)
1      -- 0          5.5    115.2712   2600.7576  412.149  2.655E+00  3.798E+02  2.100E-02  7.095E-03  2.022E+04  3.988E-04
2      -- 1         16.6    230.5380   1300.4037  400.570  1.070E+01  3.949E+02  3.405E-02  2.100E-02  2.102E+04  3.316E-03
3      -- 2         33.2    345.7960    866.9634  401.242  2.320E+01  3.930E+02  4.574E-02  3.405E-02  2.092E+04  1.114E-02
4      -- 3         55.3    461.0408    650.2515  401.177  3.923E+01  3.902E+02  5.565E-02  4.574E-02  2.077E+04  2.621E-02
5      -- 4         83.0    576.2679    520.2310  400.925  5.754E+01  3.873E+02  6.348E-02  5.565E-02  2.061E+04  5.080E-02
6      -- 5        116.2    691.4731    433.5562  400.791  7.665E+01  3.844E+02  6.906E-02  6.348E-02  2.046E+04  8.712E-02
7      -- 6        154.9    806.6518    371.6504  400.372  9.524E+01  3.813E+02  7.234E-02  6.906E-02  2.030E+04  1.372E-01
8      -- 7        199.1    921.7997    325.2252  399.913  1.119E+02  3.782E+02  7.340E-02  7.234E-02  2.013E+04  2.031E-01
9      -- 8        248.9   1036.9124    289.1203  399.171  1.257E+02  3.748E+02  7.242E-02  7.340E-02  1.995E+04  2.864E-01
10     -- 9        304.2   1151.9855    260.2398  398.185  1.358E+02  3.712E+02  6.967E-02  7.242E-02  1.976E+04  3.890E-01
11     -- 10       365.0   1267.0145    236.6133  397.279  1.418E+02  3.677E+02  6.547E-02  6.967E-02  1.957E+04  5.126E-01
12     -- 11       431.3   1381.9951    216.9273  396.092  1.435E+02  3.639E+02  6.019E-02  6.547E-02  1.937E+04  6.583E-01
13     -- 12       503.1   1496.9229    200.2725  394.853  1.411E+02  3.600E+02  5.419E-02  6.019E-02  1.916E+04  8.278E-01
14     -- 13       580.5   1611.7935    185.9993  392.110  1.356E+02  3.547E+02  4.779E-02  5.419E-02  1.888E+04  1.018E+00
15     -- 14       663.4   1726.6025    173.6314  388.833  1.271E+02  3.489E+02  4.128E-02  4.779E-02  1.857E+04  1.231E+00
16     -- 15       751.7   1841.3455    162.8116  384.951  1.163E+02  3.425E+02  3.493E-02  4.128E-02  1.823E+04  1.466E+00
