* Radex version        : 30nov2011
* Geometry             : Uniform sphere
* Molecular data file  : ./data/co.dat                                                                   
* T(kin)            [K]:  405.000
* Density of H2  [cm-3]:  1.585E+05
* Density of pH2 [cm-3]:  3.962E+04
* Density of oH2 [cm-3]:  1.189E+05
* T(background)     [K]:    2.725
* Column density [cm-2]:  1.565E+21
* Line width     [km/s]:   50.000
Calculation finished in   43 iterations
      LINE         E_UP       FREQ        WAVEL     T_EX      TAU        T_R       POP        POP       FLUX        FLUX
                   (K)        (GHz)       (um)      (K)                  (K)        UP        LOW      (K*km/s) (erg/cm2/s)
1      -- 0          5.5    115.2712   2600.7576  405.798  4.185E+00  3.961E+02  2.056E-02  6.949E-03  2.108E+04  4.158E-04
2      -- 1         16.6    230.5380   1300.4037  403.292  1.649E+01  3.976E+02  3.335E-02  2.056E-02  2.116E+04  3.339E-03
3      -- 2         33.2    345.7960    866.9634  403.459  3.582E+01  3.952E+02  4.480E-02  3.335E-02  2.103E+04  1.120E-02
4      -- 3         55.3    461.0408    650.2515  403.434  6.058E+01  3.925E+02  5.453E-02  4.480E-02  2.089E+04  2.636E-02
5      -- 4         83.0    576.2679    520.2310  403.328  8.884E+01  3.897E+02  6.223E-02  5.453E-02  2.074E+04  5.111E-02
6      -- 5        116.2    691.4731    433.5562  403.272  1.184E+02  3.869E+02  6.774E-02  6.223E-02  2.059E+04  8.768E-02
7      -- 6        154.9    806.6518    371.6504  403.096  1.471E+02  3.840E+02  7.100E-02  6.774E-02  2.044E+04  1.382E-01
8      -- 7        199.1    921.7997    325.2252  402.916  1.729E+02  3.812E+02  7.210E-02  7.100E-02  2.029E+04  2.047E-01
9      -- 8        248.9   1036.9124    289.1203  402.606  1.942E+02  3.782E+02  7.121E-02  7.210E-02  2.013E+04  2.890E-01
10     -- 9        304.2   1151.9855    260.2398  402.189  2.097E+02  3.752E+02  6.860E-02  7.121E-02  1.997E+04  3.931E-01
11     -- 10       365.0   1267.0145    236.6133  401.821  2.190E+02  3.722E+02  6.458E-02  6.860E-02  1.981E+04  5.189E-01
12     -- 11       431.3   1381.9951    216.9273  401.322  2.216E+02  3.691E+02  5.950E-02  6.458E-02  1.964E+04  6.677E-01
13     -- 12       503.1   1496.9229    200.2725  400.867  2.180E+02  3.660E+02  5.372E-02  5.950E-02  1.948E+04  8.415E-01
14     -- 13       580.5   1611.7935    185.9993  399.704  2.094E+02  3.623E+02  4.755E-02  5.372E-02  1.928E+04  1.040E+00
15     -- 14       663.4   1726.6025    173.6314  398.347  1.961E+02  3.584E+02  4.128E-02  4.755E-02  1.907E+04  1.264E+00
16     -- 15       751.7   1841.3455    162.8116  396.808  1.794E+02  3.543E+02  3.517E-02  4.128E-02  1.886E+04  1.516E+00
