* Radex version        : 30nov2011
* Geometry             : Uniform sphere
* Molecular data file  : ./data/co.dat                                                                   
* T(kin)            [K]:   40.000
* Density of H2  [cm-3]:  7.943E+02
* Density of pH2 [cm-3]:  1.986E+02
* Density of oH2 [cm-3]:  5.957E+02
* T(background)     [K]:   13.800
* Column density [cm-2]:  1.226E+18
* Line width     [km/s]:   50.000
Calculation finished in   26 iterations
      LINE         E_UP       FREQ        WAVEL     T_EX      TAU        T_R       POP        POP       FLUX        FLUX
                   (K)        (GHz)       (um)      (K)                  (K)        UP        LOW      (K*km/s) (erg/cm2/s)
1      -- 0          5.5    115.2712   2600.7576   24.991  9.508E-01  6.816E+00  3.305E-01  1.375E-01  3.628E+02  7.156E-06
2      -- 1         16.6    230.5380   1300.4037   19.118  3.370E+00  4.941E+00  3.088E-01  3.305E-01  2.630E+02  4.150E-05
3      -- 2         33.2    345.7960    866.9634   16.982  4.020E+00  2.836E+00  1.627E-01  3.088E-01  1.510E+02  8.039E-05
4      -- 3         55.3    461.0408    650.2515   15.424  2.459E+00  1.231E+00  4.984E-02  1.627E-01  6.549E+01  8.266E-05
5      -- 4         83.0    576.2679    520.2310   14.776  8.118E-01  4.005E-01  9.371E-03  4.984E-02  2.131E+01  5.253E-05
6      -- 5        116.2    691.4731    433.5562   14.760  1.581E-01  9.114E-02  1.169E-03  9.371E-03  4.851E+00  2.065E-05
7      -- 6        154.9    806.6518    371.6504   15.206  2.001E-02  1.587E-02  1.058E-04  1.169E-03  8.445E-01  5.709E-06
8      -- 7        199.1    921.7997    325.2252   16.349  1.810E-03  2.348E-03  8.009E-06  1.058E-04  1.250E-01  1.261E-06
9      -- 8        248.9   1036.9124    289.1203   18.502  1.354E-04  3.027E-04  6.077E-07  8.009E-06  1.611E-02  2.314E-07
10     -- 9        304.2   1151.9855    260.2398   21.236  1.010E-05  3.430E-05  4.972E-08  6.077E-07  1.826E-03  3.594E-08
11     -- 10       365.0   1267.0145    236.6133   23.391  8.193E-07  3.383E-06  4.046E-09  4.972E-08  1.801E-04  4.717E-09
12     -- 11       431.3   1381.9951    216.9273   24.993  6.635E-08  2.969E-07  3.096E-10  4.046E-09  1.580E-05  5.371E-10
13     -- 12       503.1   1496.9229    200.2725   26.729  5.045E-09  2.446E-08  2.275E-11  3.096E-10  1.302E-06  5.624E-11
14     -- 13       580.5   1611.7935    185.9993   27.333  3.712E-10  1.695E-09  1.442E-12  2.275E-11  9.021E-08  4.864E-12
15     -- 14       663.4   1726.6025    173.6314   27.108  2.362E-11  9.178E-11  7.249E-14  1.442E-12  4.885E-09  3.238E-13
16     -- 15       751.7   1841.3455    162.8116   28.586  1.180E-12  4.789E-12  3.506E-15  7.249E-14  2.549E-10  2.049E-14
