* Radex version        : 30nov2011
* Geometry             : Uniform sphere
* Molecular data file  : ./data/co.dat                                                                   
* T(kin)            [K]:  480.000
* Density of H2  [cm-3]:  1.259E+04
* Density of pH2 [cm-3]:  3.147E+03
* Density of oH2 [cm-3]:  9.442E+03
* T(background)     [K]:    2.725
* Column density [cm-2]:  1.243E+20
* Line width     [km/s]:   50.000
Calculation finished in  128 iterations
      LINE         E_UP       FREQ        WAVEL     T_EX      TAU        T_R       POP        POP       FLUX        FLUX
                   (K)        (GHz)       (um)      (K)                  (K)        UP        LOW      (K*km/s) (erg/cm2/s)
1      -- 0          5.5    115.2712   2600.7576 -424.877 -4.557E-01  2.474E+02  2.992E-02  9.843E-03  1.317E+04  2.597E-04
2      -- 1         16.6    230.5380   1300.4037  421.765  1.823E+00  3.489E+02  4.857E-02  2.992E-02  1.857E+04  2.930E-03
3      -- 2         33.2    345.7960    866.9634  353.489  4.716E+00  3.421E+02  6.488E-02  4.857E-02  1.821E+04  9.697E-03
4      -- 3         55.3    461.0408    650.2515  343.331  8.150E+00  3.323E+02  7.821E-02  6.488E-02  1.769E+04  2.232E-02
5      -- 4         83.0    576.2679    520.2310  336.739  1.204E+01  3.231E+02  8.805E-02  7.821E-02  1.720E+04  4.238E-02
6      -- 5        116.2    691.4731    433.5562  329.489  1.614E+01  3.132E+02  9.409E-02  8.805E-02  1.667E+04  7.097E-02
7      -- 6        154.9    806.6518    371.6504  319.192  2.024E+01  3.002E+02  9.617E-02  9.409E-02  1.598E+04  1.080E-01
8      -- 7        199.1    921.7997    325.2252  306.444  2.405E+01  2.849E+02  9.434E-02  9.617E-02  1.516E+04  1.529E-01
9      -- 8        248.9   1036.9124    289.1203  290.440  2.733E+01  2.663E+02  8.883E-02  9.434E-02  1.417E+04  2.035E-01
10     -- 9        304.2   1151.9855    260.2398  271.921  2.977E+01  2.452E+02  8.012E-02  8.883E-02  1.305E+04  2.570E-01
11     -- 10       365.0   1267.0145    236.6133  251.677  3.105E+01  2.225E+02  6.892E-02  8.012E-02  1.184E+04  3.102E-01
12     -- 11       431.3   1381.9951    216.9273  228.715  3.104E+01  1.972E+02  5.605E-02  6.892E-02  1.049E+04  3.567E-01
13     -- 12       503.1   1496.9229    200.2725  202.881  2.965E+01  1.691E+02  4.248E-02  5.605E-02  8.999E+03  3.887E-01
14     -- 13       580.5   1611.7935    185.9993  172.965  2.695E+01  1.372E+02  2.918E-02  4.248E-02  7.300E+03  3.937E-01
15     -- 14       663.4   1726.6025    173.6314  142.366  2.246E+01  1.049E+02  1.743E-02  2.918E-02  5.585E+03  3.702E-01
16     -- 15       751.7   1841.3455    162.8116  114.067  1.625E+01  7.553E+01  8.549E-03  1.743E-02  4.020E+03  3.232E-01
