* Radex version        : 30nov2011
* Geometry             : Uniform sphere
* Molecular data file  : ./data/co.dat                                                                   
* T(kin)            [K]:  430.000
* Density of H2  [cm-3]:  1.585E+02
* Density of pH2 [cm-3]:  3.962E+01
* Density of oH2 [cm-3]:  1.189E+02
* T(background)     [K]:    2.725
* Column density [cm-2]:  1.565E+18
* Line width     [km/s]:   50.000
Calculation finished in   33 iterations
      LINE         E_UP       FREQ        WAVEL     T_EX      TAU        T_R       POP        POP       FLUX        FLUX
                   (K)        (GHz)       (um)      (K)                  (K)        UP        LOW      (K*km/s) (erg/cm2/s)
1      -- 0          5.5    115.2712   2600.7576   19.393  1.950E+00  1.366E+01  3.984E-01  1.766E-01  7.268E+02  1.434E-05
2      -- 1         16.6    230.5380   1300.4037   14.000  6.449E+00  8.981E+00  3.013E-01  3.984E-01  4.780E+02  7.543E-05
3      -- 2         33.2    345.7960    866.9634   11.681  6.090E+00  5.236E+00  1.019E-01  3.013E-01  2.787E+02  1.484E-04
4      -- 3         55.3    461.0408    650.2515   10.700  2.255E+00  2.861E+00  1.656E-02  1.019E-01  1.523E+02  1.922E-04
5      -- 4         83.0    576.2679    520.2310   15.125  3.418E-01  1.532E+00  3.252E-03  1.656E-02  8.154E+01  2.009E-04
6      -- 5        116.2    691.4731    433.5562   27.704  5.467E-02  7.633E-01  1.160E-03  3.252E-03  4.063E+01  1.730E-04
7      -- 6        154.9    806.6518    371.6504   38.249  1.751E-02  3.837E-01  4.864E-04  1.160E-03  2.042E+01  1.380E-04
8      -- 7        199.1    921.7997    325.2252   47.744  6.882E-03  1.988E-01  2.183E-04  4.864E-04  1.058E+01  1.068E-04
9      -- 8        248.9   1036.9124    289.1203   56.456  2.962E-03  1.041E-01  1.010E-04  2.183E-04  5.538E+00  7.952E-05
10     -- 9        304.2   1151.9855    260.2398   65.652  1.319E-03  5.514E-02  4.811E-05  1.010E-04  2.935E+00  5.778E-05
11     -- 10       365.0   1267.0145    236.6133   76.178  6.013E-04  2.992E-02  2.372E-05  4.811E-05  1.592E+00  4.171E-05
12     -- 11       431.3   1381.9951    216.9273   85.030  2.893E-04  1.624E-02  1.182E-05  2.372E-05  8.643E-01  2.938E-05
13     -- 12       503.1   1496.9229    200.2725   94.465  1.405E-04  8.860E-03  5.965E-06  1.182E-05  4.716E-01  2.037E-05
14     -- 13       580.5   1611.7935    185.9993   95.581  7.331E-05  4.550E-03  2.852E-06  5.965E-06  2.422E-01  1.306E-05
15     -- 14       663.4   1726.6025    173.6314   99.843  3.532E-05  2.263E-03  1.330E-06  2.852E-06  1.205E-01  7.985E-06
16     -- 15       751.7   1841.3455    162.8116  112.784  1.572E-05  1.168E-03  6.465E-07  1.330E-06  6.219E-02  5.000E-06
