* Radex version        : 30nov2011
* Geometry             : Uniform sphere
* Molecular data file  : ./data/co.dat                                                                   
* T(kin)            [K]:   40.000
* Density of H2  [cm-3]:  2.512E+05
* Density of pH2 [cm-3]:  6.280E+04
* Density of oH2 [cm-3]:  1.884E+05
* T(background)     [K]:   13.800
* Column density [cm-2]:  3.876E+20
* Line width     [km/s]:   50.000
Calculation finished in   31 iterations
      LINE         E_UP       FREQ        WAVEL     T_EX      TAU        T_R       POP        POP       FLUX        FLUX
                   (K)        (GHz)       (um)      (K)                  (K)        UP        LOW      (K*km/s) (erg/cm2/s)
1      -- 0          5.5    115.2712   2600.7576   39.998  9.617E+01  2.608E+01  1.766E-01  6.760E-02  1.388E+03  2.738E-05
2      -- 1         16.6    230.5380   1300.4037   39.998  3.131E+02  2.572E+01  2.232E-01  1.766E-01  1.369E+03  2.160E-04
3      -- 2         33.2    345.7960    866.9634   39.997  5.003E+02  2.514E+01  2.064E-01  2.232E-01  1.338E+03  7.127E-04
4      -- 3         55.3    461.0408    650.2515   39.995  5.502E+02  2.437E+01  1.526E-01  2.064E-01  1.297E+03  1.637E-03
5      -- 4         83.0    576.2679    520.2310   39.991  4.637E+02  2.344E+01  9.339E-02  1.526E-01  1.247E+03  3.074E-03
6      -- 5        116.2    691.4731    433.5562   39.979  3.141E+02  2.236E+01  4.812E-02  9.339E-02  1.190E+03  5.068E-03
7      -- 6        154.9    806.6518    371.6504   39.949  1.754E+02  2.118E+01  2.107E-02  4.812E-02  1.127E+03  7.620E-03
8      -- 7        199.1    921.7997    325.2252   39.851  8.192E+01  1.987E+01  7.868E-03  2.107E-02  1.058E+03  1.067E-02
9      -- 8        248.9   1036.9124    289.1203   39.480  3.234E+01  1.830E+01  2.493E-03  7.868E-03  9.742E+02  1.399E-02
10     -- 9        304.2   1151.9855    260.2398   37.358  1.093E+01  1.527E+01  6.273E-04  2.493E-03  8.128E+02  1.600E-02
11     -- 10       365.0   1267.0145    236.6133   31.399  3.022E+00  9.032E+00  9.907E-05  6.273E-04  4.807E+02  1.259E-02
12     -- 11       431.3   1381.9951    216.9273   28.254  4.998E-01  2.543E+00  1.030E-05  9.907E-05  1.353E+02  4.601E-03
13     -- 12       503.1   1496.9229    200.2725   30.305  5.162E-02  3.525E-01  1.039E-06  1.030E-05  1.876E+01  8.106E-04
14     -- 13       580.5   1611.7935    185.9993   31.103  5.225E-03  3.507E-02  9.279E-08  1.039E-06  1.867E+00  1.007E-04
15     -- 14       663.4   1726.6025    173.6314   31.095  4.695E-04  2.814E-03  6.904E-09  9.279E-08  1.498E-01  9.927E-06
16     -- 15       751.7   1841.3455    162.8116   31.644  3.494E-05  1.964E-04  4.502E-10  6.904E-09  1.045E-02  8.404E-07
