* Radex version        : 30nov2011
* Geometry             : Uniform sphere
* Molecular data file  : ./data/co.dat                                                                   
* T(kin)            [K]:  455.000
* Density of H2  [cm-3]:  7.943E+05
* Density of pH2 [cm-3]:  1.986E+05
* Density of oH2 [cm-3]:  5.957E+05
* T(background)     [K]:    2.725
* Column density [cm-2]:  7.844E+21
* Line width     [km/s]:   50.000
Calculation finished in   40 iterations
      LINE         E_UP       FREQ        WAVEL     T_EX      TAU        T_R       POP        POP       FLUX        FLUX
                   (K)        (GHz)       (um)      (K)                  (K)        UP        LOW      (K*km/s) (erg/cm2/s)
1      -- 0          5.5    115.2712   2600.7576  454.916  1.636E+01  4.513E+02  1.799E-02  6.071E-03  2.402E+04  4.738E-04
2      -- 1         16.6    230.5380   1300.4037  454.915  6.421E+01  4.492E+02  2.927E-02  1.799E-02  2.391E+04  3.773E-03
3      -- 2         33.2    345.7960    866.9634  454.912  1.401E+02  4.466E+02  3.951E-02  2.927E-02  2.377E+04  1.266E-02
4      -- 3         55.3    461.0408    650.2515  454.912  2.382E+02  4.439E+02  4.839E-02  3.951E-02  2.363E+04  2.982E-02
5      -- 4         83.0    576.2679    520.2310  454.906  3.517E+02  4.412E+02  5.565E-02  4.839E-02  2.348E+04  5.788E-02
6      -- 5        116.2    691.4731    433.5562  454.904  4.725E+02  4.385E+02  6.114E-02  5.565E-02  2.334E+04  9.938E-02
7      -- 6        154.9    806.6518    371.6504  454.894  5.929E+02  4.358E+02  6.479E-02  6.114E-02  2.320E+04  1.568E-01
8      -- 7        199.1    921.7997    325.2252  454.886  7.048E+02  4.331E+02  6.663E-02  6.479E-02  2.305E+04  2.325E-01
9      -- 8        248.9   1036.9124    289.1203  454.870  8.016E+02  4.304E+02  6.675E-02  6.663E-02  2.291E+04  3.289E-01
10     -- 9        304.2   1151.9855    260.2398  454.849  8.779E+02  4.278E+02  6.533E-02  6.675E-02  2.277E+04  4.483E-01
11     -- 10       365.0   1267.0145    236.6133  454.832  9.313E+02  4.251E+02  6.260E-02  6.533E-02  2.263E+04  5.927E-01
12     -- 11       431.3   1381.9951    216.9273  454.808  9.589E+02  4.225E+02  5.881E-02  6.260E-02  2.248E+04  7.643E-01
13     -- 12       503.1   1496.9229    200.2725  454.791  9.617E+02  4.198E+02  5.423E-02  5.881E-02  2.234E+04  9.652E-01
14     -- 13       580.5   1611.7935    185.9993  454.735  9.417E+02  4.172E+02  4.914E-02  5.423E-02  2.220E+04  1.197E+00
15     -- 14       663.4   1726.6025    173.6314  454.672  9.010E+02  4.145E+02  4.378E-02  4.914E-02  2.206E+04  1.462E+00
16     -- 15       751.7   1841.3455    162.8116  454.608  8.438E+02  4.119E+02  3.837E-02  4.378E-02  2.192E+04  1.762E+00
