* Radex version        : 30nov2011
* Geometry             : Uniform sphere
* Molecular data file  : ./data/co.dat                                                                   
* T(kin)            [K]:  455.000
* Density of H2  [cm-3]:  3.981E+02
* Density of pH2 [cm-3]:  9.953E+01
* Density of oH2 [cm-3]:  2.986E+02
* T(background)     [K]:    2.725
* Column density [cm-2]:  3.931E+18
* Line width     [km/s]:   50.000
Calculation finished in   35 iterations
      LINE         E_UP       FREQ        WAVEL     T_EX      TAU        T_R       POP        POP       FLUX        FLUX
                   (K)        (GHz)       (um)      (K)                  (K)        UP        LOW      (K*km/s) (erg/cm2/s)
1      -- 0          5.5    115.2712   2600.7576   78.496  6.640E-01  3.635E+01  2.442E-01  8.734E-02  1.935E+03  3.817E-05
2      -- 1         16.6    230.5380   1300.4037   32.937  5.185E+00  2.737E+01  2.909E-01  2.442E-01  1.457E+03  2.298E-04
3      -- 2         33.2    345.7960    866.9634   28.100  8.684E+00  2.057E+01  2.256E-01  2.909E-01  1.095E+03  5.831E-04
4      -- 3         55.3    461.0408    650.2515   23.147  8.837E+00  1.381E+01  1.115E-01  2.256E-01  7.351E+02  9.277E-04
5      -- 4         83.0    576.2679    520.2310   18.868  5.296E+00  8.260E+00  3.147E-02  1.115E-01  4.396E+02  1.083E-03
6      -- 5        116.2    691.4731    433.5562   18.255  1.594E+00  5.127E+00  6.038E-03  3.147E-02  2.729E+02  1.162E-03
7      -- 6        154.9    806.6518    371.6504   27.370  2.723E-01  2.963E+00  1.693E-03  6.038E-03  1.577E+02  1.066E-03
8      -- 7        199.1    921.7997    325.2252   44.484  6.277E-02  1.580E+00  7.099E-04  1.693E-03  8.410E+01  8.483E-04
9      -- 8        248.9   1036.9124    289.1203   56.152  2.428E-02  8.372E-01  3.271E-04  7.099E-04  4.456E+01  6.398E-04
10     -- 9        304.2   1151.9855    260.2398   66.303  1.065E-02  4.500E-01  1.570E-04  3.271E-04  2.395E+01  4.715E-04
11     -- 10       365.0   1267.0145    236.6133   77.298  4.883E-03  2.476E-01  7.831E-05  1.570E-04  1.318E+01  3.453E-04
12     -- 11       431.3   1381.9951    216.9273   87.119  2.361E-03  1.371E-01  3.976E-05  7.831E-05  7.297E+00  2.480E-04
13     -- 12       503.1   1496.9229    200.2725   96.938  1.167E-03  7.631E-02  2.046E-05  3.976E-05  4.062E+00  1.754E-04
14     -- 13       580.5   1611.7935    185.9993   99.286  6.161E-04  4.039E-02  1.008E-05  2.046E-05  2.150E+00  1.159E-04
15     -- 14       663.4   1726.6025    173.6314  104.319  3.049E-04  2.082E-02  4.871E-06  1.008E-05  1.108E+00  7.347E-05
16     -- 15       751.7   1841.3455    162.8116  117.012  1.412E-04  1.106E-02  2.437E-06  4.871E-06  5.887E-01  4.733E-05
