* Radex version        : 30nov2011
* Geometry             : Uniform sphere
* Molecular data file  : ./data/co.dat                                                                   
* T(kin)            [K]:  455.000
* Density of H2  [cm-3]:  1.259E+03
* Density of pH2 [cm-3]:  3.147E+02
* Density of oH2 [cm-3]:  9.442E+02
* T(background)     [K]:    2.725
* Column density [cm-2]:  1.243E+19
* Line width     [km/s]:   50.000
Calculation finished in   37 iterations
      LINE         E_UP       FREQ        WAVEL     T_EX      TAU        T_R       POP        POP       FLUX        FLUX
                   (K)        (GHz)       (um)      (K)                  (K)        UP        LOW      (K*km/s) (erg/cm2/s)
1      -- 0          5.5    115.2712   2600.7576 -167.661 -4.448E-01  9.594E+01  1.164E-01  3.753E-02  5.106E+03  1.007E-04
2      -- 1         16.6    230.5380   1300.4037   93.074  3.070E+00  8.340E+01  1.722E-01  1.164E-01  4.439E+03  7.004E-04
3      -- 2         33.2    345.7960    866.9634   80.150  6.818E+00  7.202E+01  1.960E-01  1.722E-01  3.833E+03  2.041E-03
4      -- 3         55.3    461.0408    650.2515   71.883  1.045E+01  6.138E+01  1.852E-01  1.960E-01  3.267E+03  4.123E-03
5      -- 4         83.0    576.2679    520.2310   62.139  1.299E+01  4.933E+01  1.451E-01  1.852E-01  2.626E+03  6.471E-03
6      -- 5        116.2    691.4731    433.5562   51.759  1.313E+01  3.693E+01  9.029E-02  1.451E-01  1.965E+03  8.368E-03
7      -- 6        154.9    806.6518    371.6504   41.395  1.033E+01  2.501E+01  4.089E-02  9.029E-02  1.331E+03  8.999E-03
8      -- 7        199.1    921.7997    325.2252   33.155  5.604E+00  1.576E+01  1.220E-02  4.089E-02  8.386E+02  8.459E-03
9      -- 8        248.9   1036.9124    289.1203   30.641  1.803E+00  1.020E+01  2.688E-03  1.220E-02  5.430E+02  7.797E-03
10     -- 9        304.2   1151.9855    260.2398   42.908  3.546E-01  6.283E+00  8.191E-04  2.688E-03  3.344E+02  6.584E-03
11     -- 10       365.0   1267.0145    236.6133   68.290  8.719E-02  3.535E+00  3.683E-04  8.191E-04  1.882E+02  4.929E-03
12     -- 11       431.3   1381.9951    216.9273   85.120  3.566E-02  1.969E+00  1.836E-04  3.683E-04  1.048E+02  3.563E-03
13     -- 12       503.1   1496.9229    200.2725   96.551  1.710E-02  1.103E+00  9.424E-05  1.836E-04  5.868E+01  2.535E-03
14     -- 13       580.5   1611.7935    185.9993  101.009  8.871E-03  5.937E-01  4.706E-05  9.424E-05  3.160E+01  1.704E-03
15     -- 14       663.4   1726.6025    173.6314  106.933  4.427E-03  3.127E-01  2.318E-05  4.706E-05  1.664E+01  1.103E-03
16     -- 15       751.7   1841.3455    162.8116  119.396  2.096E-03  1.688E-01  1.177E-05  2.318E-05  8.984E+00  7.224E-04
