* Radex version        : 30nov2011
* Geometry             : Uniform sphere
* Molecular data file  : ./data/co.dat                                                                   
* T(kin)            [K]:  430.000
* Density of H2  [cm-3]:  1.259E+05
* Density of pH2 [cm-3]:  3.147E+04
* Density of oH2 [cm-3]:  9.442E+04
* T(background)     [K]:    2.725
* Column density [cm-2]:  1.243E+21
* Line width     [km/s]:   50.000
Calculation finished in   44 iterations
      LINE         E_UP       FREQ        WAVEL     T_EX      TAU        T_R       POP        POP       FLUX        FLUX
                   (K)        (GHz)       (um)      (K)                  (K)        UP        LOW      (K*km/s) (erg/cm2/s)
1      -- 0          5.5    115.2712   2600.7576  434.782  2.958E+00  4.088E+02  1.961E-02  6.621E-03  2.176E+04  4.292E-04
2      -- 1         16.6    230.5380   1300.4037  426.631  1.182E+01  4.209E+02  3.185E-02  1.961E-02  2.240E+04  3.535E-03
3      -- 2         33.2    345.7960    866.9634  427.150  2.570E+01  4.189E+02  4.289E-02  3.185E-02  2.229E+04  1.187E-02
4      -- 3         55.3    461.0408    650.2515  427.105  4.358E+01  4.161E+02  5.236E-02  4.289E-02  2.215E+04  2.795E-02
5      -- 4         83.0    576.2679    520.2310  426.919  6.414E+01  4.132E+02  5.999E-02  5.236E-02  2.199E+04  5.421E-02
6      -- 5        116.2    691.4731    433.5562  426.839  8.583E+01  4.105E+02  6.559E-02  5.999E-02  2.185E+04  9.302E-02
7      -- 6        154.9    806.6518    371.6504  426.524  1.072E+02  4.075E+02  6.911E-02  6.559E-02  2.169E+04  1.466E-01
8      -- 7        199.1    921.7997    325.2252  426.217  1.268E+02  4.045E+02  7.061E-02  6.911E-02  2.153E+04  2.172E-01
9      -- 8        248.9   1036.9124    289.1203  425.683  1.433E+02  4.013E+02  7.021E-02  7.061E-02  2.136E+04  3.067E-01
10     -- 9        304.2   1151.9855    260.2398  424.981  1.560E+02  3.979E+02  6.813E-02  7.021E-02  2.118E+04  4.170E-01
11     -- 10       365.0   1267.0145    236.6133  424.369  1.642E+02  3.947E+02  6.466E-02  6.813E-02  2.101E+04  5.503E-01
12     -- 11       431.3   1381.9951    216.9273  423.554  1.677E+02  3.913E+02  6.009E-02  6.466E-02  2.082E+04  7.079E-01
13     -- 12       503.1   1496.9229    200.2725  422.777  1.666E+02  3.879E+02  5.476E-02  6.009E-02  2.064E+04  8.918E-01
14     -- 13       580.5   1611.7935    185.9993  420.889  1.617E+02  3.834E+02  4.894E-02  5.476E-02  2.041E+04  1.100E+00
15     -- 14       663.4   1726.6025    173.6314  418.691  1.533E+02  3.786E+02  4.292E-02  4.894E-02  2.015E+04  1.336E+00
16     -- 15       751.7   1841.3455    162.8116  416.223  1.420E+02  3.736E+02  3.695E-02  4.292E-02  1.988E+04  1.599E+00
