* Radex version        : 30nov2011
* Geometry             : Uniform sphere
* Molecular data file  : ./data/co.dat                                                                   
* T(kin)            [K]:  455.000
* Density of H2  [cm-3]:  3.162E+06
* Density of pH2 [cm-3]:  7.906E+05
* Density of oH2 [cm-3]:  2.372E+06
* T(background)     [K]:    2.725
* Column density [cm-2]:  3.123E+22
* Line width     [km/s]:   50.000
Calculation finished in   31 iterations
      LINE         E_UP       FREQ        WAVEL     T_EX      TAU        T_R       POP        POP       FLUX        FLUX
                   (K)        (GHz)       (um)      (K)                  (K)        UP        LOW      (K*km/s) (erg/cm2/s)
1      -- 0          5.5    115.2712   2600.7576  454.994  6.501E+01  4.514E+02  1.797E-02  6.062E-03  2.403E+04  4.739E-04
2      -- 1         16.6    230.5380   1300.4037  454.995  2.552E+02  4.493E+02  2.922E-02  1.797E-02  2.391E+04  3.773E-03
3      -- 2         33.2    345.7960    866.9634  454.994  5.566E+02  4.467E+02  3.945E-02  2.922E-02  2.378E+04  1.266E-02
4      -- 3         55.3    461.0408    650.2515  454.994  9.466E+02  4.440E+02  4.831E-02  3.945E-02  2.363E+04  2.983E-02
5      -- 4         83.0    576.2679    520.2310  454.994  1.397E+03  4.413E+02  5.556E-02  4.831E-02  2.349E+04  5.789E-02
6      -- 5        116.2    691.4731    433.5562  454.994  1.878E+03  4.386E+02  6.105E-02  5.556E-02  2.334E+04  9.940E-02
7      -- 6        154.9    806.6518    371.6504  454.993  2.356E+03  4.359E+02  6.469E-02  6.105E-02  2.320E+04  1.568E-01
8      -- 7        199.1    921.7997    325.2252  454.993  2.801E+03  4.332E+02  6.653E-02  6.469E-02  2.306E+04  2.326E-01
9      -- 8        248.9   1036.9124    289.1203  454.992  3.186E+03  4.306E+02  6.665E-02  6.653E-02  2.292E+04  3.290E-01
10     -- 9        304.2   1151.9855    260.2398  454.990  3.489E+03  4.279E+02  6.524E-02  6.665E-02  2.278E+04  4.484E-01
11     -- 10       365.0   1267.0145    236.6133  454.989  3.701E+03  4.253E+02  6.251E-02  6.524E-02  2.263E+04  5.929E-01
12     -- 11       431.3   1381.9951    216.9273  454.988  3.811E+03  4.226E+02  5.873E-02  6.251E-02  2.249E+04  7.646E-01
13     -- 12       503.1   1496.9229    200.2725  454.987  3.822E+03  4.200E+02  5.416E-02  5.873E-02  2.236E+04  9.657E-01
14     -- 13       580.5   1611.7935    185.9993  454.983  3.742E+03  4.174E+02  4.908E-02  5.416E-02  2.222E+04  1.198E+00
15     -- 14       663.4   1726.6025    173.6314  454.979  3.580E+03  4.148E+02  4.373E-02  4.908E-02  2.208E+04  1.464E+00
16     -- 15       751.7   1841.3455    162.8116  454.975  3.353E+03  4.122E+02  3.833E-02  4.373E-02  2.194E+04  1.764E+00
