* Radex version        : 30nov2011
* Geometry             : Uniform sphere
* Molecular data file  : ./data/co.dat                                                                   
* T(kin)            [K]:   40.000
* Density of H2  [cm-3]:  3.162E+06
* Density of pH2 [cm-3]:  7.906E+05
* Density of oH2 [cm-3]:  2.372E+06
* T(background)     [K]:   13.800
* Column density [cm-2]:  4.879E+21
* Line width     [km/s]:   50.000
Calculation finished in   21 iterations
      LINE         E_UP       FREQ        WAVEL     T_EX      TAU        T_R       POP        POP       FLUX        FLUX
                   (K)        (GHz)       (um)      (K)                  (K)        UP        LOW      (K*km/s) (erg/cm2/s)
1      -- 0          5.5    115.2712   2600.7576   40.000  1.210E+03  2.608E+01  1.765E-01  6.757E-02  1.388E+03  2.738E-05
2      -- 1         16.6    230.5380   1300.4037   40.000  3.940E+03  2.572E+01  2.231E-01  1.765E-01  1.369E+03  2.160E-04
3      -- 2         33.2    345.7960    866.9634   40.000  6.295E+03  2.515E+01  2.063E-01  2.231E-01  1.338E+03  7.128E-04
4      -- 3         55.3    461.0408    650.2515   40.000  6.923E+03  2.438E+01  1.525E-01  2.063E-01  1.297E+03  1.638E-03
5      -- 4         83.0    576.2679    520.2310   40.000  5.835E+03  2.344E+01  9.338E-02  1.525E-01  1.248E+03  3.075E-03
6      -- 5        116.2    691.4731    433.5562   40.000  3.952E+03  2.238E+01  4.814E-02  9.338E-02  1.191E+03  5.072E-03
7      -- 6        154.9    806.6518    371.6504   40.000  2.207E+03  2.123E+01  2.110E-02  4.814E-02  1.130E+03  7.636E-03
8      -- 7        199.1    921.7997    325.2252   39.999  1.031E+03  2.001E+01  7.912E-03  2.110E-02  1.065E+03  1.074E-02
9      -- 8        248.9   1036.9124    289.1203   39.997  4.068E+02  1.876E+01  2.548E-03  7.912E-03  9.983E+02  1.433E-02
10     -- 9        304.2   1151.9855    260.2398   39.989  1.365E+02  1.750E+01  7.068E-04  2.548E-03  9.312E+02  1.833E-02
11     -- 10       365.0   1267.0145    236.6133   39.951  3.915E+01  1.623E+01  1.689E-04  7.068E-04  8.637E+02  2.262E-02
12     -- 11       431.3   1381.9951    216.9273   39.642  9.638E+00  1.477E+01  3.446E-05  1.689E-04  7.864E+02  2.673E-02
13     -- 12       503.1   1496.9229    200.2725   38.180  2.034E+00  1.088E+01  5.670E-06  3.446E-05  5.790E+02  2.501E-02
14     -- 13       580.5   1611.7935    185.9993   37.214  3.426E-01  3.126E+00  7.618E-07  5.670E-06  1.664E+02  8.971E-03
15     -- 14       663.4   1726.6025    173.6314   37.241  4.653E-02  4.471E-01  8.800E-08  7.618E-07  2.379E+01  1.577E-03
16     -- 15       751.7   1841.3455    162.8116   37.245  5.417E-03  4.829E-02  8.733E-09  8.800E-08  2.570E+00  2.066E-04
