* Radex version        : 30nov2011
* Geometry             : Uniform sphere
* Molecular data file  : ./data/co.dat                                                                   
* T(kin)            [K]:   40.000
* Density of H2  [cm-3]:  6.310E+05
* Density of pH2 [cm-3]:  1.577E+05
* Density of oH2 [cm-3]:  4.732E+05
* T(background)     [K]:   13.800
* Column density [cm-2]:  9.736E+20
* Line width     [km/s]:   50.000
Calculation finished in   28 iterations
      LINE         E_UP       FREQ        WAVEL     T_EX      TAU        T_R       POP        POP       FLUX        FLUX
                   (K)        (GHz)       (um)      (K)                  (K)        UP        LOW      (K*km/s) (erg/cm2/s)
1      -- 0          5.5    115.2712   2600.7576   40.000  2.415E+02  2.608E+01  1.765E-01  6.757E-02  1.388E+03  2.738E-05
2      -- 1         16.6    230.5380   1300.4037   40.000  7.863E+02  2.572E+01  2.231E-01  1.765E-01  1.369E+03  2.160E-04
3      -- 2         33.2    345.7960    866.9634   40.000  1.256E+03  2.515E+01  2.063E-01  2.231E-01  1.338E+03  7.127E-04
4      -- 3         55.3    461.0408    650.2515   39.999  1.381E+03  2.438E+01  1.525E-01  2.063E-01  1.297E+03  1.637E-03
5      -- 4         83.0    576.2679    520.2310   39.999  1.164E+03  2.344E+01  9.338E-02  1.525E-01  1.248E+03  3.075E-03
6      -- 5        116.2    691.4731    433.5562   39.997  7.887E+02  2.238E+01  4.814E-02  9.338E-02  1.191E+03  5.072E-03
7      -- 6        154.9    806.6518    371.6504   39.992  4.404E+02  2.122E+01  2.110E-02  4.814E-02  1.129E+03  7.634E-03
8      -- 7        199.1    921.7997    325.2252   39.977  2.057E+02  1.999E+01  7.906E-03  2.110E-02  1.064E+03  1.073E-02
9      -- 8        248.9   1036.9124    289.1203   39.924  8.117E+01  1.869E+01  2.541E-03  7.906E-03  9.949E+02  1.429E-02
10     -- 9        304.2   1151.9855    260.2398   39.691  2.724E+01  1.724E+01  6.973E-04  2.541E-03  9.177E+02  1.807E-02
11     -- 10       365.0   1267.0145    236.6133   38.054  7.865E+00  1.467E+01  1.545E-04  6.973E-04  7.806E+02  2.045E-02
12     -- 11       431.3   1381.9951    216.9273   33.671  1.863E+00  8.620E+00  2.343E-05  1.545E-04  4.588E+02  1.560E-02
13     -- 12       503.1   1496.9229    200.2725   32.342  2.901E-01  2.101E+00  2.744E-06  2.343E-05  1.118E+02  4.832E-03
14     -- 13       580.5   1611.7935    185.9993   33.285  3.411E-02  2.719E-01  2.885E-07  2.744E-06  1.447E+01  7.804E-04
15     -- 14       663.4   1726.6025    173.6314   33.217  3.616E-03  2.616E-02  2.545E-08  2.885E-07  1.392E+00  9.230E-05
16     -- 15       751.7   1841.3455    162.8116   33.423  3.202E-04  2.118E-03  1.926E-09  2.545E-08  1.127E-01  9.062E-06
