* Radex version        : 30nov2011
* Geometry             : Uniform sphere
* Molecular data file  : ./data/co.dat                                                                   
* T(kin)            [K]:  455.000
* Density of H2  [cm-3]:  6.310E+02
* Density of pH2 [cm-3]:  1.577E+02
* Density of oH2 [cm-3]:  4.732E+02
* T(background)     [K]:    2.725
* Column density [cm-2]:  6.231E+18
* Line width     [km/s]:   50.000
Calculation finished in   35 iterations
      LINE         E_UP       FREQ        WAVEL     T_EX      TAU        T_R       POP        POP       FLUX        FLUX
                   (K)        (GHz)       (um)      (K)                  (K)        UP        LOW      (K*km/s) (erg/cm2/s)
1      -- 0          5.5    115.2712   2600.7576  415.108  1.449E-01  5.550E+01  1.830E-01  6.181E-02  2.954E+03  5.827E-05
2      -- 1         16.6    230.5380   1300.4037   50.110  4.276E+00  4.397E+01  2.445E-01  1.830E-01  2.340E+03  3.693E-04
3      -- 2         33.2    345.7960    866.9634   43.425  8.241E+00  3.561E+01  2.336E-01  2.445E-01  1.895E+03  1.009E-03
4      -- 3         55.3    461.0408    650.2515   36.943  1.062E+01  2.697E+01  1.650E-01  2.336E-01  1.436E+03  1.812E-03
5      -- 4         83.0    576.2679    520.2310   30.008  9.724E+00  1.827E+01  8.024E-02  1.650E-01  9.726E+02  2.397E-03
6      -- 5        116.2    691.4731    433.5562   24.345  5.725E+00  1.137E+01  2.426E-02  8.024E-02  6.053E+02  2.577E-03
7      -- 6        154.9    806.6518    371.6504   22.523  1.880E+00  7.166E+00  5.019E-03  2.426E-02  3.814E+02  2.578E-03
8      -- 7        199.1    921.7997    325.2252   31.776  3.516E-01  4.337E+00  1.414E-03  5.019E-03  2.308E+02  2.329E-03
9      -- 8        248.9   1036.9124    289.1203   51.057  8.117E-02  2.351E+00  5.961E-04  1.414E-03  1.251E+02  1.797E-03
10     -- 9        304.2   1151.9855    260.2398   65.038  3.116E-02  1.266E+00  2.816E-04  5.961E-04  6.738E+01  1.327E-03
11     -- 10       365.0   1267.0145    236.6133   76.655  1.395E-02  6.960E-01  1.395E-04  2.816E-04  3.705E+01  9.704E-04
12     -- 11       431.3   1381.9951    216.9273   87.115  6.667E-03  3.862E-01  7.082E-05  1.395E-04  2.056E+01  6.988E-04
13     -- 12       503.1   1496.9229    200.2725   97.106  3.292E-03  2.155E-01  3.650E-05  7.082E-05  1.147E+01  4.955E-04
14     -- 13       580.5   1611.7935    185.9993  100.078  1.733E-03  1.148E-01  1.810E-05  3.650E-05  6.112E+00  3.296E-04
15     -- 14       663.4   1726.6025    173.6314  105.296  8.619E-04  5.966E-02  8.807E-06  1.810E-05  3.175E+00  2.105E-04
16     -- 15       751.7   1841.3455    162.8116  117.886  4.026E-04  3.187E-02  4.430E-06  8.807E-06  1.696E+00  1.364E-04
