* Radex version        : 30nov2011
* Geometry             : Uniform sphere
* Molecular data file  : ./data/co.dat                                                                   
* T(kin)            [K]:   40.000
* Density of H2  [cm-3]:  2.512E+02
* Density of pH2 [cm-3]:  6.280E+01
* Density of oH2 [cm-3]:  1.884E+02
* T(background)     [K]:   13.800
* Column density [cm-2]:  3.876E+17
* Line width     [km/s]:   50.000
Calculation finished in   19 iterations
      LINE         E_UP       FREQ        WAVEL     T_EX      TAU        T_R       POP        POP       FLUX        FLUX
                   (K)        (GHz)       (um)      (K)                  (K)        UP        LOW      (K*km/s) (erg/cm2/s)
1      -- 0          5.5    115.2712   2600.7576   16.938  5.212E-01  1.261E+00  3.675E-01  1.698E-01  6.710E+01  1.324E-06
2      -- 1         16.6    230.5380   1300.4037   14.930  1.412E+00  8.131E-01  2.919E-01  3.675E-01  4.328E+01  6.829E-06
3      -- 2         33.2    345.7960    866.9634   14.406  1.318E+00  3.961E-01  1.292E-01  2.919E-01  2.108E+01  1.123E-05
4      -- 3         55.3    461.0408    650.2515   14.171  6.403E-01  1.428E-01  3.484E-02  1.292E-01  7.599E+00  9.591E-06
5      -- 4         83.0    576.2679    520.2310   14.113  1.822E-01  3.790E-02  6.000E-03  3.484E-02  2.017E+00  4.971E-06
6      -- 5        116.2    691.4731    433.5562   14.177  3.234E-02  7.661E-03  6.826E-04  6.000E-03  4.077E-01  1.736E-06
7      -- 6        154.9    806.6518    371.6504   14.419  3.735E-03  1.276E-03  5.373E-05  6.826E-04  6.790E-02  4.590E-07
8      -- 7        199.1    921.7997    325.2252   15.100  2.950E-04  1.851E-04  3.253E-06  5.373E-05  9.851E-03  9.937E-08
9      -- 8        248.9   1036.9124    289.1203   16.813  1.769E-05  2.355E-05  1.884E-07  3.253E-06  1.253E-03  1.799E-08
10     -- 9        304.2   1151.9855    260.2398   19.877  1.004E-06  2.635E-06  1.290E-08  1.884E-07  1.403E-04  2.762E-09
11     -- 10       365.0   1267.0145    236.6133   22.827  6.755E-08  2.569E-07  9.845E-10  1.290E-08  1.368E-05  3.582E-10
12     -- 11       431.3   1381.9951    216.9273   24.789  5.113E-09  2.229E-08  7.369E-11  9.845E-10  1.186E-06  4.032E-11
13     -- 12       503.1   1496.9229    200.2725   26.661  3.800E-10  1.828E-09  5.378E-12  7.369E-11  9.728E-08  4.202E-12
14     -- 13       580.5   1611.7935    185.9993   27.284  2.776E-11  1.260E-10  3.391E-13  5.378E-12  6.707E-09  3.617E-13
15     -- 14       663.4   1726.6025    173.6314   26.982  1.758E-12  6.724E-12  1.681E-14  3.391E-13  3.579E-10  2.372E-14
16     -- 15       751.7   1841.3455    162.8116   28.541  8.652E-14  3.493E-13  8.089E-16  1.681E-14  1.859E-11  1.495E-15
