* Radex version        : 30nov2011
* Geometry             : Uniform sphere
* Molecular data file  : ./data/co.dat                                                                   
* T(kin)            [K]:  455.000
* Density of H2  [cm-3]:  3.981E+05
* Density of pH2 [cm-3]:  9.953E+04
* Density of oH2 [cm-3]:  2.986E+05
* T(background)     [K]:    2.725
* Column density [cm-2]:  3.931E+21
* Line width     [km/s]:   50.000
Calculation finished in   42 iterations
      LINE         E_UP       FREQ        WAVEL     T_EX      TAU        T_R       POP        POP       FLUX        FLUX
                   (K)        (GHz)       (um)      (K)                  (K)        UP        LOW      (K*km/s) (erg/cm2/s)
1      -- 0          5.5    115.2712   2600.7576  454.800  8.232E+00  4.511E+02  1.806E-02  6.095E-03  2.401E+04  4.736E-04
2      -- 1         16.6    230.5380   1300.4037  454.648  3.232E+01  4.489E+02  2.938E-02  1.806E-02  2.390E+04  3.770E-03
3      -- 2         33.2    345.7960    866.9634  454.651  7.051E+01  4.464E+02  3.966E-02  2.938E-02  2.376E+04  1.265E-02
4      -- 3         55.3    461.0408    650.2515  454.649  1.199E+02  4.437E+02  4.857E-02  3.966E-02  2.361E+04  2.980E-02
5      -- 4         83.0    576.2679    520.2310  454.626  1.770E+02  4.409E+02  5.586E-02  4.857E-02  2.347E+04  5.784E-02
6      -- 5        116.2    691.4731    433.5562  454.618  2.379E+02  4.382E+02  6.137E-02  5.586E-02  2.332E+04  9.931E-02
7      -- 6        154.9    806.6518    371.6504  454.582  2.984E+02  4.355E+02  6.503E-02  6.137E-02  2.318E+04  1.567E-01
8      -- 7        199.1    921.7997    325.2252  454.547  3.548E+02  4.328E+02  6.687E-02  6.503E-02  2.304E+04  2.324E-01
9      -- 8        248.9   1036.9124    289.1203  454.485  4.035E+02  4.301E+02  6.698E-02  6.687E-02  2.289E+04  3.286E-01
10     -- 9        304.2   1151.9855    260.2398  454.402  4.419E+02  4.273E+02  6.555E-02  6.698E-02  2.274E+04  4.478E-01
11     -- 10       365.0   1267.0145    236.6133  454.336  4.688E+02  4.246E+02  6.280E-02  6.555E-02  2.260E+04  5.920E-01
12     -- 11       431.3   1381.9951    216.9273  454.242  4.827E+02  4.219E+02  5.899E-02  6.280E-02  2.245E+04  7.633E-01
13     -- 12       503.1   1496.9229    200.2725  454.173  4.841E+02  4.192E+02  5.439E-02  5.899E-02  2.231E+04  9.638E-01
14     -- 13       580.5   1611.7935    185.9993  453.953  4.741E+02  4.164E+02  4.926E-02  5.439E-02  2.216E+04  1.195E+00
15     -- 14       663.4   1726.6025    173.6314  453.705  4.536E+02  4.135E+02  4.387E-02  4.926E-02  2.201E+04  1.459E+00
16     -- 15       751.7   1841.3455    162.8116  453.451  4.248E+02  4.107E+02  3.843E-02  4.387E-02  2.186E+04  1.758E+00
