* Radex version        : 30nov2011
* Geometry             : Uniform sphere
* Molecular data file  : ./data/co.dat                                                                   
* T(kin)            [K]:  405.000
* Density of H2  [cm-3]:  3.981E+02
* Density of pH2 [cm-3]:  9.953E+01
* Density of oH2 [cm-3]:  2.986E+02
* T(background)     [K]:    2.725
* Column density [cm-2]:  3.931E+18
* Line width     [km/s]:   50.000
Calculation finished in   35 iterations
      LINE         E_UP       FREQ        WAVEL     T_EX      TAU        T_R       POP        POP       FLUX        FLUX
                   (K)        (GHz)       (um)      (K)                  (K)        UP        LOW      (K*km/s) (erg/cm2/s)
1      -- 0          5.5    115.2712   2600.7576   67.312  7.984E-01  3.506E+01  2.503E-01  9.058E-02  1.866E+03  3.681E-05
2      -- 1         16.6    230.5380   1300.4037   31.759  5.480E+00  2.624E+01  2.945E-01  2.503E-01  1.397E+03  2.204E-04
3      -- 2         33.2    345.7960    866.9634   27.061  9.037E+00  1.957E+01  2.233E-01  2.945E-01  1.041E+03  5.545E-04
4      -- 3         55.3    461.0408    650.2515   22.176  8.970E+00  1.291E+01  1.058E-01  2.233E-01  6.874E+02  8.675E-04
5      -- 4         83.0    576.2679    520.2310   18.036  5.125E+00  7.564E+00  2.791E-02  1.058E-01  4.026E+02  9.923E-04
6      -- 5        116.2    691.4731    433.5562   17.784  1.427E+00  4.617E+00  5.105E-03  2.791E-02  2.457E+02  1.046E-03
7      -- 6        154.9    806.6518    371.6504   27.536  2.295E-01  2.579E+00  1.444E-03  5.105E-03  1.372E+02  9.277E-04
8      -- 7        199.1    921.7997    325.2252   43.922  5.392E-02  1.336E+00  5.977E-04  1.444E-03  7.111E+01  7.173E-04
9      -- 8        248.9   1036.9124    289.1203   54.593  2.080E-02  6.884E-01  2.685E-04  5.977E-04  3.664E+01  5.261E-04
10     -- 9        304.2   1151.9855    260.2398   64.066  8.939E-03  3.591E-01  1.252E-04  2.685E-04  1.911E+01  3.763E-04
11     -- 10       365.0   1267.0145    236.6133   74.429  3.990E-03  1.916E-01  6.057E-05  1.252E-04  1.020E+01  2.672E-04
12     -- 11       431.3   1381.9951    216.9273   83.623  1.877E-03  1.027E-01  2.979E-05  6.057E-05  5.468E+00  1.859E-04
13     -- 12       503.1   1496.9229    200.2725   92.980  8.993E-04  5.540E-02  1.486E-05  2.979E-05  2.949E+00  1.274E-04
14     -- 13       580.5   1611.7935    185.9993   94.205  4.629E-04  2.812E-02  7.020E-06  1.486E-05  1.497E+00  8.071E-05
15     -- 14       663.4   1726.6025    173.6314   98.031  2.209E-04  1.378E-02  3.222E-06  7.020E-06  7.332E-01  4.861E-05
16     -- 15       751.7   1841.3455    162.8116  110.654  9.692E-05  7.006E-03  1.543E-06  3.222E-06  3.729E-01  2.998E-05
