* Radex version        : 30nov2011
* Geometry             : Uniform sphere
* Molecular data file  : ./data/co.dat                                                                   
* T(kin)            [K]:   40.000
* Density of H2  [cm-3]:  5.012E+05
* Density of pH2 [cm-3]:  1.253E+05
* Density of oH2 [cm-3]:  3.759E+05
* T(background)     [K]:   13.800
* Column density [cm-2]:  7.733E+20
* Line width     [km/s]:   50.000
Calculation finished in   29 iterations
      LINE         E_UP       FREQ        WAVEL     T_EX      TAU        T_R       POP        POP       FLUX        FLUX
                   (K)        (GHz)       (um)      (K)                  (K)        UP        LOW      (K*km/s) (erg/cm2/s)
1      -- 0          5.5    115.2712   2600.7576   40.000  1.918E+02  2.608E+01  1.765E-01  6.758E-02  1.388E+03  2.738E-05
2      -- 1         16.6    230.5380   1300.4037   39.999  6.246E+02  2.572E+01  2.231E-01  1.765E-01  1.369E+03  2.160E-04
3      -- 2         33.2    345.7960    866.9634   39.999  9.979E+02  2.515E+01  2.063E-01  2.231E-01  1.338E+03  7.127E-04
4      -- 3         55.3    461.0408    650.2515   39.999  1.097E+03  2.438E+01  1.525E-01  2.063E-01  1.297E+03  1.637E-03
5      -- 4         83.0    576.2679    520.2310   39.998  9.249E+02  2.344E+01  9.338E-02  1.525E-01  1.248E+03  3.075E-03
6      -- 5        116.2    691.4731    433.5562   39.995  6.265E+02  2.238E+01  4.813E-02  9.338E-02  1.191E+03  5.071E-03
7      -- 6        154.9    806.6518    371.6504   39.987  3.498E+02  2.121E+01  2.109E-02  4.813E-02  1.129E+03  7.632E-03
8      -- 7        199.1    921.7997    325.2252   39.963  1.634E+02  1.997E+01  7.902E-03  2.109E-02  1.063E+03  1.072E-02
9      -- 8        248.9   1036.9124    289.1203   39.880  6.448E+01  1.865E+01  2.536E-03  7.902E-03  9.929E+02  1.426E-02
10     -- 9        304.2   1151.9855    260.2398   39.469  2.165E+01  1.705E+01  6.906E-04  2.536E-03  9.076E+02  1.787E-02
11     -- 10       365.0   1267.0145    236.6133   36.919  6.262E+00  1.373E+01  1.457E-04  6.906E-04  7.307E+02  1.914E-02
12     -- 11       431.3   1381.9951    216.9273   32.116  1.416E+00  6.879E+00  2.008E-05  1.457E-04  3.661E+02  1.245E-02
13     -- 12       503.1   1496.9229    200.2725   31.659  1.986E-01  1.421E+00  2.242E-06  2.008E-05  7.564E+01  3.267E-03
14     -- 13       580.5   1611.7935    185.9993   32.722  2.223E-02  1.703E-01  2.265E-07  2.242E-06  9.062E+00  4.887E-04
15     -- 14       663.4   1726.6025    173.6314   32.607  2.264E-03  1.556E-02  1.907E-08  2.265E-07  8.280E-01  5.489E-05
16     -- 15       751.7   1841.3455    162.8116   32.929  1.911E-04  1.210E-03  1.387E-09  1.907E-08  6.441E-02  5.179E-06
