* Radex version        : 30nov2011
* Geometry             : Uniform sphere
* Molecular data file  : ./data/co.dat                                                                   
* T(kin)            [K]:  430.000
* Density of H2  [cm-3]:  7.943E+03
* Density of pH2 [cm-3]:  1.986E+03
* Density of oH2 [cm-3]:  5.957E+03
* T(background)     [K]:    2.725
* Column density [cm-2]:  7.844E+19
* Line width     [km/s]:   50.000
Calculation finished in **** iterations
      LINE         E_UP       FREQ        WAVEL     T_EX      TAU        T_R       POP        POP       FLUX        FLUX
                   (K)        (GHz)       (um)      (K)                  (K)        UP        LOW      (K*km/s) (erg/cm2/s)
1      -- 0          5.5    115.2712   2600.7576 -400.541 -2.939E-01  1.381E+02  4.056E-02  1.324E-02  7.350E+03  1.450E-04
2      -- 1         16.6    230.5380   1300.4037  -78.554 -6.645E+00  6.479E+04  6.765E-02  4.056E-02  3.449E+06  5.442E-01
3      -- 2         33.2    345.7960    866.9634   -9.155  3.420E+01 -1.987E+01  8.299E-02  6.765E-02 -1.058E+03 -5.632E-04
4      -- 3         55.3    461.0408    650.2515  -31.628 -4.344E+01  3.241E+20  1.072E-01  8.299E-02  1.725E+22  2.177E+16
5      -- 4         83.0    576.2679    520.2310   -5.474  9.389E+01 -2.784E+01  1.007E-01  1.072E-01 -1.482E+03 -3.651E-03
6      -- 5        116.2    691.4731    433.5562  -39.432 -5.602E+01  1.241E+26  1.158E-01  1.007E-01  6.603E+27  2.811E+22
7      -- 6        154.9    806.6518    371.6504 -216.807  7.648E+01 -2.367E+02  1.032E-01  1.158E-01 -1.260E+04 -8.517E-02
8      -- 7        199.1    921.7997    325.2252 -451.109 -1.169E+01  5.664E+07  1.010E-01  1.032E-01  3.015E+09  3.041E+04
9      -- 8        248.9   1036.9124    289.1203  221.220  4.120E+01  1.973E+02  8.536E-02  1.010E-01  1.050E+04  1.508E-01
10     -- 9        304.2   1151.9855    260.2398  194.205  2.087E+01  1.679E+02  6.961E-02  8.536E-02  8.935E+03  1.759E-01
11     -- 10       365.0   1267.0145    236.6133  151.186  2.681E+01  1.228E+02  5.107E-02  6.961E-02  6.537E+03  1.712E-01
12     -- 11       431.3   1381.9951    216.9273  128.015  2.328E+01  9.770E+01  3.311E-02  5.107E-02  5.200E+03  1.768E-01
13     -- 12       503.1   1496.9229    200.2725  105.534  1.790E+01  7.366E+01  1.807E-02  3.311E-02  3.920E+03  1.694E-01
14     -- 13       580.5   1611.7935    185.9993   81.366  1.231E+01  4.873E+01  7.518E-03  1.807E-02  2.593E+03  1.399E-01
15     -- 14       663.4   1726.6025    173.6314   63.570  5.923E+00  3.081E+01  2.180E-03  7.518E-03  1.640E+03  1.087E-01
16     -- 15       751.7   1841.3455    162.8116   57.144  1.857E+00  2.018E+01  4.943E-04  2.180E-03  1.074E+03  8.637E-02
