* Radex version        : 30nov2011
* Geometry             : Uniform sphere
* Molecular data file  : ./data/co.dat                                                                   
* T(kin)            [K]:   45.000
* Density of H2  [cm-3]:  1.585E+03
* Density of pH2 [cm-3]:  3.962E+02
* Density of oH2 [cm-3]:  1.189E+03
* T(background)     [K]:   13.800
* Column density [cm-2]:  2.445E+18
* Line width     [km/s]:   50.000
Calculation finished in   28 iterations
      LINE         E_UP       FREQ        WAVEL     T_EX      TAU        T_R       POP        POP       FLUX        FLUX
                   (K)        (GHz)       (um)      (K)                  (K)        UP        LOW      (K*km/s) (erg/cm2/s)
1      -- 0          5.5    115.2712   2600.7576   36.287  1.057E+00  1.459E+01  2.769E-01  1.075E-01  7.768E+02  1.532E-05
2      -- 1         16.6    230.5380   1300.4037   26.418  4.387E+00  1.212E+01  3.036E-01  2.769E-01  6.450E+02  1.018E-04
3      -- 2         33.2    345.7960    866.9634   22.927  6.513E+00  8.483E+00  2.061E-01  3.036E-01  4.515E+02  2.404E-04
4      -- 3         55.3    461.0408    650.2515   19.177  5.586E+00  4.605E+00  8.360E-02  2.061E-01  2.451E+02  3.093E-04
5      -- 4         83.0    576.2679    520.2310   16.516  2.609E+00  1.917E+00  1.915E-02  8.360E-02  1.021E+02  2.515E-04
6      -- 5        116.2    691.4731    433.5562   15.689  6.336E-01  5.901E-01  2.729E-03  1.915E-02  3.141E+01  1.337E-04
7      -- 6        154.9    806.6518    371.6504   16.228  9.182E-02  1.256E-01  2.898E-04  2.729E-03  6.684E+00  4.518E-05
8      -- 7        199.1    921.7997    325.2252   17.947  9.703E-03  2.164E-02  2.792E-05  2.898E-04  1.152E+00  1.162E-05
9      -- 8        248.9   1036.9124    289.1203   20.705  9.192E-04  3.268E-03  2.821E-06  2.792E-05  1.739E-01  2.497E-06
10     -- 9        304.2   1151.9855    260.2398   23.522  9.143E-05  4.389E-04  2.972E-07  2.821E-06  2.336E-02  4.600E-07
11     -- 10       365.0   1267.0145    236.6133   25.558  9.579E-06  5.227E-05  3.015E-08  2.972E-07  2.782E-03  7.287E-08
12     -- 11       431.3   1381.9951    216.9273   27.219  9.685E-07  5.625E-06  2.866E-09  3.015E-08  2.994E-04  1.018E-08
13     -- 12       503.1   1496.9229    200.2725   29.182  9.148E-08  5.764E-07  2.640E-10  2.866E-09  3.068E-05  1.325E-09
14     -- 13       580.5   1611.7935    185.9993   29.813  8.453E-09  5.035E-08  2.117E-11  2.640E-10  2.680E-06  1.445E-10
15     -- 14       663.4   1726.6025    173.6314   29.557  6.823E-10  3.507E-09  1.371E-12  2.117E-11  1.867E-07  1.237E-11
16     -- 15       751.7   1841.3455    162.8116   31.335  4.386E-11  2.392E-10  8.699E-14  1.371E-12  1.273E-08  1.024E-12
