* Radex version        : 30nov2011
* Geometry             : Uniform sphere
* Molecular data file  : ./data/co.dat                                                                   
* T(kin)            [K]:  405.000
* Density of H2  [cm-3]:  1.000E+03
* Density of pH2 [cm-3]:  2.500E+02
* Density of oH2 [cm-3]:  7.500E+02
* T(background)     [K]:    2.725
* Column density [cm-2]:  9.875E+18
* Line width     [km/s]:   50.000
Calculation finished in   37 iterations
      LINE         E_UP       FREQ        WAVEL     T_EX      TAU        T_R       POP        POP       FLUX        FLUX
                   (K)        (GHz)       (um)      (K)                  (K)        UP        LOW      (K*km/s) (erg/cm2/s)
1      -- 0          5.5    115.2712   2600.7576 -492.100 -1.465E-01  7.818E+01  1.401E-01  4.616E-02  4.161E+03  8.208E-05
2      -- 1         16.6    230.5380   1300.4037   72.085  3.726E+00  6.490E+01  2.002E-01  1.401E-01  3.454E+03  5.450E-04
3      -- 2         33.2    345.7960    866.9634   63.042  7.792E+00  5.505E+01  2.154E-01  2.002E-01  2.930E+03  1.560E-03
4      -- 3         55.3    461.0408    650.2515   55.463  1.133E+01  4.513E+01  1.858E-01  2.154E-01  2.402E+03  3.031E-03
5      -- 4         83.0    576.2679    520.2310   46.578  1.291E+01  3.411E+01  1.254E-01  1.858E-01  1.815E+03  4.474E-03
6      -- 5        116.2    691.4731    433.5562   37.689  1.116E+01  2.350E+01  6.146E-02  1.254E-01  1.251E+03  5.326E-03
7      -- 6        154.9    806.6518    371.6504   29.891  6.678E+00  1.458E+01  1.942E-02  6.146E-02  7.761E+02  5.246E-03
8      -- 7        199.1    921.7997    325.2252   26.299  2.336E+00  9.129E+00  4.093E-03  1.942E-02  4.859E+02  4.901E-03
9      -- 8        248.9   1036.9124    289.1203   34.145  4.590E-01  5.559E+00  1.065E-03  4.093E-03  2.959E+02  4.248E-03
10     -- 9        304.2   1151.9855    260.2398   55.558  9.713E-02  3.001E+00  4.352E-04  1.065E-03  1.597E+02  3.145E-03
11     -- 10       365.0   1267.0145    236.6133   72.141  3.555E-02  1.605E+00  2.052E-04  4.352E-04  8.543E+01  2.238E-03
12     -- 11       431.3   1381.9951    216.9273   83.269  1.601E-02  8.651E-01  1.006E-04  2.052E-04  4.605E+01  1.565E-03
13     -- 12       503.1   1496.9229    200.2725   93.233  7.612E-03  4.693E-01  5.026E-05  1.006E-04  2.498E+01  1.079E-03
14     -- 13       580.5   1611.7935    185.9993   95.973  3.887E-03  2.422E-01  2.411E-05  5.026E-05  1.289E+01  6.951E-04
15     -- 14       663.4   1726.6025    173.6314  100.492  1.876E-03  1.212E-01  1.130E-05  2.411E-05  6.453E+00  4.278E-04
16     -- 15       751.7   1841.3455    162.8116  112.665  8.437E-04  6.257E-02  5.490E-06  1.130E-05  3.330E+00  2.678E-04
