* Radex version        : 30nov2011
* Geometry             : Uniform sphere
* Molecular data file  : ./data/co.dat                                                                   
* T(kin)            [K]:  430.000
* Density of H2  [cm-3]:  6.310E+02
* Density of pH2 [cm-3]:  1.577E+02
* Density of oH2 [cm-3]:  4.732E+02
* T(background)     [K]:    2.725
* Column density [cm-2]:  6.231E+18
* Line width     [km/s]:   50.000
Calculation finished in   35 iterations
      LINE         E_UP       FREQ        WAVEL     T_EX      TAU        T_R       POP        POP       FLUX        FLUX
                   (K)        (GHz)       (um)      (K)                  (K)        UP        LOW      (K*km/s) (erg/cm2/s)
1      -- 0          5.5    115.2712   2600.7576  293.262  2.086E-01  5.454E+01  1.856E-01  6.305E-02  2.903E+03  5.726E-05
2      -- 1         16.6    230.5380   1300.4037   49.082  4.419E+00  4.304E+01  2.469E-01  1.856E-01  2.291E+03  3.615E-04
3      -- 2         33.2    345.7960    866.9634   42.592  8.454E+00  3.479E+01  2.341E-01  2.469E-01  1.852E+03  9.860E-04
4      -- 3         55.3    461.0408    650.2515   36.149  1.081E+01  2.620E+01  1.632E-01  2.341E-01  1.395E+03  1.760E-03
5      -- 4         83.0    576.2679    520.2310   29.272  9.765E+00  1.759E+01  7.755E-02  1.632E-01  9.361E+02  2.307E-03
6      -- 5        116.2    691.4731    433.5562   23.715  5.600E+00  1.083E+01  2.262E-02  7.755E-02  5.765E+02  2.455E-03
7      -- 6        154.9    806.6518    371.6504   22.167  1.763E+00  6.775E+00  4.551E-03  2.262E-02  3.606E+02  2.437E-03
8      -- 7        199.1    921.7997    325.2252   31.950  3.181E-01  4.026E+00  1.292E-03  4.551E-03  2.143E+02  2.162E-03
9      -- 8        248.9   1036.9124    289.1203   50.876  7.433E-02  2.148E+00  5.428E-04  1.292E-03  1.143E+02  1.642E-03
10     -- 9        304.2   1151.9855    260.2398   64.119  2.863E-02  1.140E+00  2.533E-04  5.428E-04  6.068E+01  1.195E-03
11     -- 10       365.0   1267.0145    236.6133   75.348  1.269E-02  6.179E-01  1.238E-04  2.533E-04  3.289E+01  8.615E-04
12     -- 11       431.3   1381.9951    216.9273   85.495  5.990E-03  3.379E-01  6.194E-05  1.238E-04  1.798E+01  6.113E-04
13     -- 12       503.1   1496.9229    200.2725   95.229  2.917E-03  1.858E-01  3.146E-05  6.194E-05  9.887E+00  4.271E-04
14     -- 13       580.5   1611.7935    185.9993   97.690  1.517E-03  9.713E-02  1.531E-05  3.146E-05  5.170E+00  2.788E-04
15     -- 14       663.4   1726.6025    173.6314  102.361  7.426E-04  4.933E-02  7.282E-06  1.531E-05  2.626E+00  1.741E-04
16     -- 15       751.7   1841.3455    162.8116  114.876  3.387E-04  2.584E-02  3.592E-06  7.282E-06  1.375E+00  1.106E-04
