* Radex version        : 30nov2011
* Geometry             : Uniform sphere
* Molecular data file  : ./data/co.dat                                                                   
* T(kin)            [K]:  455.000
* Density of H2  [cm-3]:  3.162E+03
* Density of pH2 [cm-3]:  7.906E+02
* Density of oH2 [cm-3]:  2.372E+03
* T(background)     [K]:    2.725
* Column density [cm-2]:  3.123E+19
* Line width     [km/s]:   50.000
Calculation finished in **** iterations
      LINE         E_UP       FREQ        WAVEL     T_EX      TAU        T_R       POP        POP       FLUX        FLUX
                   (K)        (GHz)       (um)      (K)                  (K)        UP        LOW      (K*km/s) (erg/cm2/s)
1      -- 0          5.5    115.2712   2600.7576   22.704  2.580E+00  1.776E+01  6.698E-02  2.191E-02  9.451E+02  1.864E-05
2      -- 1         16.6    230.5380   1300.4037  -14.049 -1.718E+01  5.954E+08  1.162E-01  6.698E-02  3.169E+10  5.000E+03
3      -- 2         33.2    345.7960    866.9634   -0.876  5.441E+01 -1.663E+01  1.200E-01  1.162E-01 -8.853E+02 -4.714E-04
4      -- 3         55.3    461.0408    650.2515  -12.506 -5.007E+01  1.480E+23  1.561E-01  1.200E-01  7.877E+24  9.942E+18
5      -- 4         83.0    576.2679    520.2310   -0.389  7.422E+01 -2.766E+01  1.285E-01  1.561E-01 -1.472E+03 -3.628E-03
6      -- 5        116.2    691.4731    433.5562  -62.527 -2.571E+01  1.182E+13  1.337E-01  1.285E-01  6.292E+14  2.679E+09
7      -- 6        154.9    806.6518    371.6504  556.856  3.553E+01  5.377E+02  1.037E-01  1.337E-01  2.862E+04  1.935E-01
8      -- 7        199.1    921.7997    325.2252  119.812  1.145E+01  9.905E+01  7.680E-02  1.037E-01  5.272E+03  5.318E-02
9      -- 8        248.9   1036.9124    289.1203   78.603  1.726E+01  5.633E+01  4.573E-02  7.680E-02  2.998E+03  4.305E-02
10     -- 9        304.2   1151.9855    260.2398   62.777  1.216E+01  3.914E+01  2.100E-02  4.573E-02  2.083E+03  4.101E-02
11     -- 10       365.0   1267.0145    236.6133   50.294  6.490E+00  2.583E+01  6.835E-03  2.100E-02  1.375E+03  3.602E-02
12     -- 11       431.3   1381.9951    216.9273   43.600  2.400E+00  1.686E+01  1.626E-03  6.835E-03  8.971E+02  3.050E-02
13     -- 12       503.1   1496.9229    200.2725   55.944  5.108E-01  1.100E+01  4.844E-04  1.626E-03  5.856E+02  2.530E-02
14     -- 13       580.5   1611.7935    185.9993   85.323  1.279E-01  6.293E+00  2.107E-04  4.844E-04  3.349E+02  1.806E-02
15     -- 14       663.4   1726.6025    173.6314  105.412  4.929E-02  3.335E+00  1.025E-04  2.107E-04  1.775E+02  1.177E-02
16     -- 15       751.7   1841.3455    162.8116  119.271  2.318E-02  1.844E+00  5.203E-05  1.025E-04  9.815E+01  7.891E-03
