* Radex version        : 30nov2011
* Geometry             : Uniform sphere
* Molecular data file  : ./data/co.dat                                                                   
* T(kin)            [K]:  405.000
* Density of H2  [cm-3]:  1.585E+06
* Density of pH2 [cm-3]:  3.962E+05
* Density of oH2 [cm-3]:  1.189E+06
* T(background)     [K]:    2.725
* Column density [cm-2]:  1.565E+22
* Line width     [km/s]:   50.000
Calculation finished in   37 iterations
      LINE         E_UP       FREQ        WAVEL     T_EX      TAU        T_R       POP        POP       FLUX        FLUX
                   (K)        (GHz)       (um)      (K)                  (K)        UP        LOW      (K*km/s) (erg/cm2/s)
1      -- 0          5.5    115.2712   2600.7576  404.983  4.110E+01  4.014E+02  2.016E-02  6.811E-03  2.136E+04  4.214E-04
2      -- 1         16.6    230.5380   1300.4037  404.985  1.610E+02  3.993E+02  3.269E-02  2.016E-02  2.125E+04  3.353E-03
3      -- 2         33.2    345.7960    866.9634  404.984  3.498E+02  3.967E+02  4.392E-02  3.269E-02  2.111E+04  1.124E-02
4      -- 3         55.3    461.0408    650.2515  404.984  5.917E+02  3.940E+02  5.347E-02  4.392E-02  2.097E+04  2.647E-02
5      -- 4         83.0    576.2679    520.2310  404.983  8.677E+02  3.913E+02  6.104E-02  5.347E-02  2.083E+04  5.133E-02
6      -- 5        116.2    691.4731    433.5562  404.982  1.156E+03  3.886E+02  6.646E-02  6.104E-02  2.068E+04  8.807E-02
7      -- 6        154.9    806.6518    371.6504  404.980  1.437E+03  3.859E+02  6.970E-02  6.646E-02  2.054E+04  1.388E-01
8      -- 7        199.1    921.7997    325.2252  404.979  1.689E+03  3.833E+02  7.082E-02  6.970E-02  2.040E+04  2.058E-01
9      -- 8        248.9   1036.9124    289.1203  404.975  1.897E+03  3.806E+02  7.000E-02  7.082E-02  2.026E+04  2.909E-01
10     -- 9        304.2   1151.9855    260.2398  404.971  2.048E+03  3.780E+02  6.749E-02  7.000E-02  2.012E+04  3.961E-01
11     -- 10       365.0   1267.0145    236.6133  404.967  2.139E+03  3.753E+02  6.361E-02  6.749E-02  1.998E+04  5.233E-01
12     -- 11       431.3   1381.9951    216.9273  404.962  2.165E+03  3.727E+02  5.870E-02  6.361E-02  1.984E+04  6.743E-01
13     -- 12       503.1   1496.9229    200.2725  404.958  2.131E+03  3.701E+02  5.309E-02  5.870E-02  1.970E+04  8.509E-01
14     -- 13       580.5   1611.7935    185.9993  404.945  2.045E+03  3.675E+02  4.711E-02  5.309E-02  1.956E+04  1.055E+00
15     -- 14       663.4   1726.6025    173.6314  404.931  1.914E+03  3.649E+02  4.104E-02  4.711E-02  1.942E+04  1.287E+00
16     -- 15       751.7   1841.3455    162.8116  404.915  1.752E+03  3.623E+02  3.512E-02  4.104E-02  1.929E+04  1.551E+00
