* Radex version        : 30nov2011
* Geometry             : Uniform sphere
* Molecular data file  : ./data/co.dat                                                                   
* T(kin)            [K]:  480.000
* Density of H2  [cm-3]:  3.162E+05
* Density of pH2 [cm-3]:  7.906E+04
* Density of oH2 [cm-3]:  2.372E+05
* T(background)     [K]:    2.725
* Column density [cm-2]:  3.123E+21
* Line width     [km/s]:   50.000
Calculation finished in   42 iterations
      LINE         E_UP       FREQ        WAVEL     T_EX      TAU        T_R       POP        POP       FLUX        FLUX
                   (K)        (GHz)       (um)      (K)                  (K)        UP        LOW      (K*km/s) (erg/cm2/s)
1      -- 0          5.5    115.2712   2600.7576  479.949  5.896E+00  4.750E+02  1.719E-02  5.797E-03  2.528E+04  4.987E-04
2      -- 1         16.6    230.5380   1300.4037  479.324  2.319E+01  4.736E+02  2.800E-02  1.719E-02  2.521E+04  3.978E-03
3      -- 2         33.2    345.7960    866.9634  479.360  5.067E+01  4.711E+02  3.787E-02  2.800E-02  2.507E+04  1.335E-02
4      -- 3         55.3    461.0408    650.2515  479.358  8.635E+01  4.684E+02  4.649E-02  3.787E-02  2.493E+04  3.146E-02
5      -- 4         83.0    576.2679    520.2310  479.315  1.279E+02  4.656E+02  5.363E-02  4.649E-02  2.478E+04  6.108E-02
6      -- 5        116.2    691.4731    433.5562  479.303  1.724E+02  4.629E+02  5.914E-02  5.363E-02  2.464E+04  1.049E-01
7      -- 6        154.9    806.6518    371.6504  479.240  2.172E+02  4.601E+02  6.295E-02  5.914E-02  2.449E+04  1.655E-01
8      -- 7        199.1    921.7997    325.2252  479.181  2.594E+02  4.574E+02  6.505E-02  6.295E-02  2.435E+04  2.456E-01
9      -- 8        248.9   1036.9124    289.1203  479.074  2.966E+02  4.546E+02  6.553E-02  6.505E-02  2.420E+04  3.474E-01
10     -- 9        304.2   1151.9855    260.2398  478.930  3.268E+02  4.518E+02  6.453E-02  6.553E-02  2.405E+04  4.735E-01
11     -- 10       365.0   1267.0145    236.6133  478.821  3.490E+02  4.491E+02  6.225E-02  6.453E-02  2.390E+04  6.261E-01
12     -- 11       431.3   1381.9951    216.9273  478.663  3.620E+02  4.463E+02  5.891E-02  6.225E-02  2.375E+04  8.074E-01
13     -- 12       503.1   1496.9229    200.2725  478.550  3.659E+02  4.435E+02  5.475E-02  5.891E-02  2.361E+04  1.020E+00
14     -- 13       580.5   1611.7935    185.9993  478.184  3.614E+02  4.405E+02  5.002E-02  5.475E-02  2.345E+04  1.264E+00
15     -- 14       663.4   1726.6025    173.6314  477.774  3.490E+02  4.375E+02  4.496E-02  5.002E-02  2.329E+04  1.544E+00
16     -- 15       751.7   1841.3455    162.8116  477.367  3.300E+02  4.345E+02  3.977E-02  4.496E-02  2.313E+04  1.860E+00
