* Radex version        : 30nov2011
* Geometry             : Uniform sphere
* Molecular data file  : ./data/co.dat                                                                   
* T(kin)            [K]:  405.000
* Density of H2  [cm-3]:  1.259E+02
* Density of pH2 [cm-3]:  3.147E+01
* Density of oH2 [cm-3]:  9.442E+01
* T(background)     [K]:    2.725
* Column density [cm-2]:  1.243E+18
* Line width     [km/s]:   50.000
Calculation finished in   32 iterations
      LINE         E_UP       FREQ        WAVEL     T_EX      TAU        T_R       POP        POP       FLUX        FLUX
                   (K)        (GHz)       (um)      (K)                  (K)        UP        LOW      (K*km/s) (erg/cm2/s)
1      -- 0          5.5    115.2712   2600.7576   14.858  2.318E+00  1.030E+01  4.364E-01  2.111E-01  5.483E+02  1.082E-05
2      -- 1         16.6    230.5380   1300.4037   11.271  6.423E+00  6.425E+00  2.725E-01  4.364E-01  3.420E+02  5.396E-05
3      -- 2         33.2    345.7960    866.9634    9.545  4.756E+00  3.471E+00  6.706E-02  2.725E-01  1.847E+02  9.838E-05
4      -- 3         55.3    461.0408    650.2515    9.899  1.205E+00  1.852E+00  9.223E-03  6.706E-02  9.856E+01  1.244E-04
5      -- 4         83.0    576.2679    520.2310   16.954  1.449E-01  9.072E-01  2.206E-03  9.223E-03  4.829E+01  1.190E-04
6      -- 5        116.2    691.4731    433.5562   28.996  2.876E-02  4.395E-01  8.300E-04  2.206E-03  2.339E+01  9.959E-05
7      -- 6        154.9    806.6518    371.6504   38.080  9.978E-03  2.179E-01  3.465E-04  8.300E-04  1.160E+01  7.840E-05
8      -- 7        199.1    921.7997    325.2252   47.237  3.919E-03  1.116E-01  1.539E-04  3.465E-04  5.938E+00  5.989E-05
9      -- 8        248.9   1036.9124    289.1203   55.589  1.675E-03  5.753E-02  7.028E-05  1.539E-04  3.062E+00  4.397E-05
10     -- 9        304.2   1151.9855    260.2398   64.393  7.376E-04  2.998E-02  3.292E-05  7.028E-05  1.596E+00  3.141E-05
11     -- 10       365.0   1267.0145    236.6133   74.663  3.311E-04  1.600E-02  1.597E-05  3.292E-05  8.518E-01  2.231E-05
12     -- 11       431.3   1381.9951    216.9273   83.003  1.572E-04  8.521E-03  7.806E-06  1.597E-05  4.535E-01  1.542E-05
13     -- 12       503.1   1496.9229    200.2725   92.304  7.488E-05  4.567E-03  3.871E-06  7.806E-06  2.431E-01  1.050E-05
14     -- 13       580.5   1611.7935    185.9993   92.589  3.857E-05  2.285E-03  1.803E-06  3.871E-06  1.216E-01  6.557E-06
15     -- 14       663.4   1726.6025    173.6314   96.164  1.816E-05  1.101E-03  8.143E-07  1.803E-06  5.860E-02  3.884E-06
16     -- 15       751.7   1841.3455    162.8116  109.162  7.814E-06  5.538E-04  3.858E-07  8.143E-07  2.948E-02  2.370E-06
