* Radex version        : 30nov2011
* Geometry             : Uniform sphere
* Molecular data file  : ./data/co.dat                                                                   
* T(kin)            [K]:  405.000
* Density of H2  [cm-3]:  7.943E+04
* Density of pH2 [cm-3]:  1.986E+04
* Density of oH2 [cm-3]:  5.957E+04
* T(background)     [K]:    2.725
* Column density [cm-2]:  7.844E+20
* Line width     [km/s]:   50.000
Calculation finished in   44 iterations
      LINE         E_UP       FREQ        WAVEL     T_EX      TAU        T_R       POP        POP       FLUX        FLUX
                   (K)        (GHz)       (um)      (K)                  (K)        UP        LOW      (K*km/s) (erg/cm2/s)
1      -- 0          5.5    115.2712   2600.7576  420.820  2.100E+00  3.661E+02  2.135E-02  7.212E-03  1.949E+04  3.844E-04
2      -- 1         16.6    230.5380   1300.4037  398.136  8.692E+00  3.924E+02  3.461E-02  2.135E-02  2.088E+04  3.295E-03
3      -- 2         33.2    345.7960    866.9634  399.169  1.883E+01  3.909E+02  4.649E-02  3.461E-02  2.081E+04  1.108E-02
4      -- 3         55.3    461.0408    650.2515  399.083  3.184E+01  3.881E+02  5.655E-02  4.649E-02  2.066E+04  2.607E-02
5      -- 4         83.0    576.2679    520.2310  398.711  4.669E+01  3.850E+02  6.448E-02  5.655E-02  2.049E+04  5.051E-02
6      -- 5        116.2    691.4731    433.5562  398.491  6.218E+01  3.821E+02  7.011E-02  6.448E-02  2.034E+04  8.660E-02
7      -- 6        154.9    806.6518    371.6504  397.849  7.727E+01  3.788E+02  7.340E-02  7.011E-02  2.016E+04  1.363E-01
8      -- 7        199.1    921.7997    325.2252  397.151  9.081E+01  3.754E+02  7.442E-02  7.340E-02  1.998E+04  2.016E-01
9      -- 8        248.9   1036.9124    289.1203  395.991  1.020E+02  3.716E+02  7.335E-02  7.442E-02  1.978E+04  2.840E-01
10     -- 9        304.2   1151.9855    260.2398  394.506  1.102E+02  3.675E+02  7.047E-02  7.335E-02  1.956E+04  3.851E-01
11     -- 10       365.0   1267.0145    236.6133  393.095  1.151E+02  3.635E+02  6.612E-02  7.047E-02  1.935E+04  5.068E-01
12     -- 11       431.3   1381.9951    216.9273  391.267  1.164E+02  3.590E+02  6.066E-02  6.612E-02  1.911E+04  6.496E-01
13     -- 12       503.1   1496.9229    200.2725  389.218  1.144E+02  3.544E+02  5.447E-02  6.066E-02  1.886E+04  8.148E-01
14     -- 13       580.5   1611.7935    185.9993  385.051  1.101E+02  3.477E+02  4.786E-02  5.447E-02  1.850E+04  9.979E-01
15     -- 14       663.4   1726.6025    173.6314  379.977  1.032E+02  3.400E+02  4.114E-02  4.786E-02  1.810E+04  1.200E+00
16     -- 15       751.7   1841.3455    162.8116  373.881  9.448E+01  3.314E+02  3.457E-02  4.114E-02  1.764E+04  1.418E+00
