* Radex version        : 30nov2011
* Geometry             : Uniform sphere
* Molecular data file  : ./data/co.dat                                                                   
* T(kin)            [K]:   40.000
* Density of H2  [cm-3]:  3.162E+03
* Density of pH2 [cm-3]:  7.906E+02
* Density of oH2 [cm-3]:  2.372E+03
* T(background)     [K]:   13.800
* Column density [cm-2]:  4.879E+18
* Line width     [km/s]:   50.000
Calculation finished in   31 iterations
      LINE         E_UP       FREQ        WAVEL     T_EX      TAU        T_R       POP        POP       FLUX        FLUX
                   (K)        (GHz)       (um)      (K)                  (K)        UP        LOW      (K*km/s) (erg/cm2/s)
1      -- 0          5.5    115.2712   2600.7576   37.839  1.730E+00  1.968E+01  2.377E-01  9.172E-02  1.047E+03  2.066E-05
2      -- 1         16.6    230.5380   1300.4037   32.281  6.373E+00  1.803E+01  2.812E-01  2.377E-01  9.599E+02  1.515E-04
3      -- 2         33.2    345.7960    866.9634   29.570  1.004E+01  1.492E+01  2.246E-01  2.812E-01  7.939E+02  4.228E-04
4      -- 3         55.3    461.0408    650.2515   25.215  1.037E+01  1.018E+01  1.201E-01  2.246E-01  5.416E+02  6.835E-04
5      -- 4         83.0    576.2679    520.2310   20.317  6.845E+00  5.219E+00  3.762E-02  1.201E-01  2.778E+02  6.846E-04
6      -- 5        116.2    691.4731    433.5562   16.932  2.427E+00  1.958E+00  6.263E-03  3.762E-02  1.042E+02  4.436E-04
7      -- 6        154.9    806.6518    371.6504   16.272  4.202E-01  5.007E-01  6.694E-04  6.263E-03  2.665E+01  1.802E-04
8      -- 7        199.1    921.7997    325.2252   17.409  4.503E-02  8.427E-02  5.976E-05  6.694E-04  4.485E+00  4.524E-05
9      -- 8        248.9   1036.9124    289.1203   19.615  3.975E-03  1.144E-02  5.283E-06  5.976E-05  6.091E-01  8.745E-06
10     -- 9        304.2   1151.9855    260.2398   22.069  3.468E-04  1.349E-03  4.768E-07  5.283E-06  7.182E-02  1.414E-06
11     -- 10       365.0   1267.0145    236.6133   23.891  3.114E-05  1.378E-04  4.097E-08  4.768E-07  7.335E-03  1.921E-07
12     -- 11       431.3   1381.9951    216.9273   25.408  2.666E-06  1.257E-05  3.273E-09  4.097E-08  6.689E-04  2.274E-08
13     -- 12       503.1   1496.9229    200.2725   26.946  2.121E-07  1.054E-06  2.458E-10  3.273E-09  5.611E-05  2.424E-09
14     -- 13       580.5   1611.7935    185.9993   27.539  1.595E-08  7.457E-08  1.591E-11  2.458E-10  3.969E-06  2.140E-10
15     -- 14       663.4   1726.6025    173.6314   27.494  1.036E-09  4.219E-09  8.351E-13  1.591E-11  2.246E-07  1.489E-11
16     -- 15       751.7   1841.3455    162.8116   28.760  5.405E-11  2.240E-10  4.116E-14  8.351E-13  1.192E-08  9.584E-13
