* Radex version        : 30nov2011
* Geometry             : Uniform sphere
* Molecular data file  : ./data/co.dat                                                                   
* T(kin)            [K]:  430.000
* Density of H2  [cm-3]:  1.000E+03
* Density of pH2 [cm-3]:  2.500E+02
* Density of oH2 [cm-3]:  7.500E+02
* T(background)     [K]:    2.725
* Column density [cm-2]:  9.875E+18
* Line width     [km/s]:   50.000
Calculation finished in   37 iterations
      LINE         E_UP       FREQ        WAVEL     T_EX      TAU        T_R       POP        POP       FLUX        FLUX
                   (K)        (GHz)       (um)      (K)                  (K)        UP        LOW      (K*km/s) (erg/cm2/s)
1      -- 0          5.5    115.2712   2600.7576 -331.452 -2.132E-01  7.960E+01  1.377E-01  4.513E-02  4.237E+03  8.357E-05
2      -- 1         16.6    230.5380   1300.4037   73.964  3.576E+00  6.646E+01  1.976E-01  1.377E-01  3.537E+03  5.582E-04
3      -- 2         33.2    345.7960    866.9634   64.414  7.546E+00  5.640E+01  2.138E-01  1.976E-01  3.002E+03  1.599E-03
4      -- 3         55.3    461.0408    650.2515   56.768  1.103E+01  4.641E+01  1.861E-01  2.138E-01  2.470E+03  3.118E-03
5      -- 4         83.0    576.2679    520.2310   47.830  1.268E+01  3.533E+01  1.276E-01  1.861E-01  1.880E+03  4.634E-03
6      -- 5        116.2    691.4731    433.5562   38.853  1.114E+01  2.459E+01  6.419E-02  1.276E-01  1.309E+03  5.574E-03
7      -- 6        154.9    806.6518    371.6504   30.884  6.863E+00  1.545E+01  2.115E-02  6.419E-02  8.225E+02  5.560E-03
8      -- 7        199.1    921.7997    325.2252   26.915  2.521E+00  9.746E+00  4.632E-03  2.115E-02  5.188E+02  5.233E-03
9      -- 8        248.9   1036.9124    289.1203   33.932  5.208E-01  6.059E+00  1.194E-03  4.632E-03  3.225E+02  4.630E-03
10     -- 9        304.2   1151.9855    260.2398   55.455  1.090E-01  3.340E+00  4.871E-04  1.194E-03  1.777E+02  3.499E-03
11     -- 10       365.0   1267.0145    236.6133   73.231  3.941E-02  1.816E+00  2.325E-04  4.871E-04  9.664E+01  2.531E-03
12     -- 11       431.3   1381.9951    216.9273   84.891  1.792E-02  9.946E-01  1.157E-04  2.325E-04  5.294E+01  1.799E-03
13     -- 12       503.1   1496.9229    200.2725   95.176  8.640E-03  5.483E-01  5.875E-05  1.157E-04  2.918E+01  1.261E-03
14     -- 13       580.5   1611.7935    185.9993   98.469  4.468E-03  2.889E-01  2.877E-05  5.875E-05  1.538E+01  8.291E-04
15     -- 14       663.4   1726.6025    173.6314  103.566  2.195E-03  1.482E-01  1.382E-05  2.877E-05  7.889E+00  5.229E-04
16     -- 15       751.7   1841.3455    162.8116  115.912  1.012E-03  7.820E-02  6.861E-06  1.382E-05  4.162E+00  3.346E-04
