* Radex version        : 30nov2011
* Geometry             : Uniform sphere
* Molecular data file  : ./data/co.dat                                                                   
* T(kin)            [K]:   40.000
* Density of H2  [cm-3]:  7.943E+04
* Density of pH2 [cm-3]:  1.986E+04
* Density of oH2 [cm-3]:  5.957E+04
* T(background)     [K]:   13.800
* Column density [cm-2]:  1.226E+20
* Line width     [km/s]:   50.000
Calculation finished in   34 iterations
      LINE         E_UP       FREQ        WAVEL     T_EX      TAU        T_R       POP        POP       FLUX        FLUX
                   (K)        (GHz)       (um)      (K)                  (K)        UP        LOW      (K*km/s) (erg/cm2/s)
1      -- 0          5.5    115.2712   2600.7576   39.981  3.051E+01  2.606E+01  1.771E-01  6.779E-02  1.387E+03  2.736E-05
2      -- 1         16.6    230.5380   1300.4037   39.979  9.934E+01  2.570E+01  2.238E-01  1.771E-01  1.368E+03  2.159E-04
3      -- 2         33.2    345.7960    866.9634   39.970  1.587E+02  2.512E+01  2.068E-01  2.238E-01  1.337E+03  7.119E-04
4      -- 3         55.3    461.0408    650.2515   39.950  1.745E+02  2.433E+01  1.528E-01  2.068E-01  1.295E+03  1.634E-03
5      -- 4         83.0    576.2679    520.2310   39.907  1.471E+02  2.336E+01  9.342E-02  1.528E-01  1.243E+03  3.064E-03
6      -- 5        116.2    691.4731    433.5562   39.792  9.965E+01  2.219E+01  4.795E-02  9.342E-02  1.181E+03  5.028E-03
7      -- 6        154.9    806.6518    371.6504   39.468  5.566E+01  2.073E+01  2.075E-02  4.795E-02  1.104E+03  7.459E-03
8      -- 7        199.1    921.7997    325.2252   38.220  2.609E+01  1.841E+01  7.389E-03  2.075E-02  9.797E+02  9.882E-03
9      -- 8        248.9   1036.9124    289.1203   33.701  1.034E+01  1.334E+01  1.886E-03  7.389E-03  7.101E+02  1.020E-02
10     -- 9        304.2   1151.9855    260.2398   26.282  2.974E+00  6.318E+00  2.544E-04  1.886E-03  3.363E+02  6.620E-03
11     -- 10       365.0   1267.0145    236.6133   23.874  4.173E-01  1.507E+00  2.182E-05  2.544E-04  8.019E+01  2.101E-03
12     -- 11       431.3   1381.9951    216.9273   26.834  3.524E-02  1.928E-01  2.002E-06  2.182E-05  1.026E+01  3.489E-04
13     -- 12       503.1   1496.9229    200.2725   28.724  3.215E-03  1.932E-02  1.773E-07  2.002E-06  1.028E+00  4.443E-05
14     -- 13       580.5   1611.7935    185.9993   29.350  2.855E-04  1.624E-03  1.365E-08  1.773E-07  8.642E-02  4.660E-06
15     -- 14       663.4   1726.6025    173.6314   29.477  2.206E-05  1.125E-04  8.776E-10  1.365E-08  5.986E-03  3.968E-07
16     -- 15       751.7   1841.3455    162.8116   30.212  1.416E-06  6.888E-06  5.013E-11  8.776E-10  3.666E-04  2.948E-08
