* Radex version        : 30nov2011
* Geometry             : Uniform sphere
* Molecular data file  : ./data/co.dat                                                                   
* T(kin)            [K]:  480.000
* Density of H2  [cm-3]:  3.162E+02
* Density of pH2 [cm-3]:  7.906E+01
* Density of oH2 [cm-3]:  2.372E+02
* T(background)     [K]:    2.725
* Column density [cm-2]:  3.123E+18
* Line width     [km/s]:   50.000
Calculation finished in   34 iterations
      LINE         E_UP       FREQ        WAVEL     T_EX      TAU        T_R       POP        POP       FLUX        FLUX
                   (K)        (GHz)       (um)      (K)                  (K)        UP        LOW      (K*km/s) (erg/cm2/s)
1      -- 0          5.5    115.2712   2600.7576   53.550  8.906E-01  2.948E+01  2.766E-01  1.023E-01  1.569E+03  3.095E-05
2      -- 1         16.6    230.5380   1300.4037   27.113  5.480E+00  2.167E+01  3.066E-01  2.766E-01  1.153E+03  1.820E-04
3      -- 2         33.2    345.7960    866.9634   22.913  8.402E+00  1.557E+01  2.080E-01  3.066E-01  8.286E+02  4.412E-04
4      -- 3         55.3    461.0408    650.2515   18.799  7.275E+00  9.844E+00  8.243E-02  2.080E-01  5.239E+02  6.612E-04
5      -- 4         83.0    576.2679    520.2310   16.041  3.322E+00  5.785E+00  1.797E-02  8.243E-02  3.079E+02  7.589E-04
6      -- 5        116.2    691.4731    433.5562   18.960  7.133E-01  3.558E+00  3.689E-03  1.797E-02  1.894E+02  8.064E-04
7      -- 6        154.9    806.6518    371.6504   32.527  1.215E-01  1.935E+00  1.295E-03  3.689E-03  1.030E+02  6.963E-04
8      -- 7        199.1    921.7997    325.2252   47.278  3.676E-02  1.031E+00  5.756E-04  1.295E-03  5.486E+01  5.534E-04
9      -- 8        248.9   1036.9124    289.1203   57.417  1.542E-02  5.522E-01  2.704E-04  5.756E-04  2.939E+01  4.220E-04
10     -- 9        304.2   1151.9855    260.2398   67.592  6.911E-03  3.008E-01  1.319E-04  2.704E-04  1.601E+01  3.152E-04
11     -- 10       365.0   1267.0145    236.6133   78.716  3.219E-03  1.677E-01  6.672E-05  1.319E-04  8.927E+00  2.338E-04
12     -- 11       431.3   1381.9951    216.9273   88.629  1.580E-03  9.402E-02  3.431E-05  6.672E-05  5.004E+00  1.701E-04
13     -- 12       503.1   1496.9229    200.2725   98.567  7.912E-04  5.297E-02  1.788E-05  3.431E-05  2.819E+00  1.218E-04
14     -- 13       580.5   1611.7935    185.9993  101.186  4.223E-04  2.845E-02  8.941E-06  1.788E-05  1.514E+00  8.166E-05
15     -- 14       663.4   1726.6025    173.6314  106.680  2.116E-04  1.493E-02  4.395E-06  8.941E-06  7.945E-01  5.266E-05
16     -- 15       751.7   1841.3455    162.8116  119.397  9.984E-05  8.048E-03  2.232E-06  4.395E-06  4.284E-01  3.444E-05
