* Radex version        : 30nov2011
* Geometry             : Uniform sphere
* Molecular data file  : ./data/co.dat                                                                   
* T(kin)            [K]:  430.000
* Density of H2  [cm-3]:  5.012E+03
* Density of pH2 [cm-3]:  1.253E+03
* Density of oH2 [cm-3]:  3.759E+03
* T(background)     [K]:    2.725
* Column density [cm-2]:  4.949E+19
* Line width     [km/s]:   50.000
Calculation finished in **** iterations
      LINE         E_UP       FREQ        WAVEL     T_EX      TAU        T_R       POP        POP       FLUX        FLUX
                   (K)        (GHz)       (um)      (K)                  (K)        UP        LOW      (K*km/s) (erg/cm2/s)
1      -- 0          5.5    115.2712   2600.7576  776.749  3.902E-01  2.498E+02  5.115E-02  1.663E-02  1.330E+04  2.623E-04
2      -- 1         16.6    230.5380   1300.4037  -51.562 -7.004E+00  6.325E+04  8.503E-02  5.115E-02  3.367E+06  5.312E-01
3      -- 2         33.2    345.7960    866.9634  -10.825  3.121E+01 -2.120E+01  1.015E-01  8.503E-02 -1.128E+03 -6.009E-04
4      -- 3         55.3    461.0408    650.2515  -36.347 -3.011E+01  5.769E+14  1.271E-01  1.015E-01  3.071E+16  3.875E+10
5      -- 4         83.0    576.2679    520.2310   -6.163  6.103E+01 -2.797E+01  1.200E-01  1.271E-01 -1.489E+03 -3.669E-03
6      -- 5        116.2    691.4731    433.5562  -71.860 -2.250E+01  5.304E+11  1.280E-01  1.200E-01  2.823E+13  1.202E+08
7      -- 6        154.9    806.6518    371.6504 -772.940  4.281E+01 -7.925E+02  1.113E-01  1.280E-01 -4.218E+04 -2.851E-01
8      -- 7        199.1    921.7997    325.2252  227.448  1.007E+01  2.060E+02  9.646E-02  1.113E-01  1.097E+04  1.106E-01
9      -- 8        248.9   1036.9124    289.1203  125.094  2.588E+01  1.019E+02  7.261E-02  9.646E-02  5.421E+03  7.784E-02
10     -- 9        304.2   1151.9855    260.2398  109.026  2.040E+01  8.371E+01  4.824E-02  7.261E-02  4.455E+03  8.772E-02
11     -- 10       365.0   1267.0145    236.6133   88.237  1.708E+01  6.130E+01  2.650E-02  4.824E-02  3.263E+03  8.546E-02
12     -- 11       431.3   1381.9951    216.9273   69.252  1.167E+01  4.130E+01  1.107E-02  2.650E-02  2.198E+03  7.473E-02
13     -- 12       503.1   1496.9229    200.2725   55.390  5.607E+00  2.693E+01  3.264E-03  1.107E-02  1.433E+03  6.191E-02
14     -- 13       580.5   1611.7935    185.9993   50.031  1.796E+00  1.747E+01  7.473E-04  3.264E-03  9.299E+02  5.014E-02
15     -- 14       663.4   1726.6025    173.6314   67.929  3.620E-01  1.054E+01  2.356E-04  7.473E-04  5.612E+02  3.720E-02
16     -- 15       751.7   1841.3455    162.8116  104.359  9.251E-02  5.862E+00  1.076E-04  2.356E-04  3.120E+02  2.508E-02
