* Radex version        : 30nov2011
* Geometry             : Uniform sphere
* Molecular data file  : ./data/co.dat                                                                   
* T(kin)            [K]:  405.000
* Density of H2  [cm-3]:  5.012E+05
* Density of pH2 [cm-3]:  1.253E+05
* Density of oH2 [cm-3]:  3.759E+05
* T(background)     [K]:    2.725
* Column density [cm-2]:  4.949E+21
* Line width     [km/s]:   50.000
Calculation finished in   41 iterations
      LINE         E_UP       FREQ        WAVEL     T_EX      TAU        T_R       POP        POP       FLUX        FLUX
                   (K)        (GHz)       (um)      (K)                  (K)        UP        LOW      (K*km/s) (erg/cm2/s)
1      -- 0          5.5    115.2712   2600.7576  404.859  1.304E+01  4.013E+02  2.021E-02  6.829E-03  2.136E+04  4.213E-04
2      -- 1         16.6    230.5380   1300.4037  404.845  5.105E+01  3.991E+02  3.278E-02  2.021E-02  2.124E+04  3.352E-03
3      -- 2         33.2    345.7960    866.9634  404.841  1.109E+02  3.966E+02  4.404E-02  3.278E-02  2.111E+04  1.124E-02
4      -- 3         55.3    461.0408    650.2515  404.840  1.877E+02  3.939E+02  5.361E-02  4.404E-02  2.096E+04  2.646E-02
5      -- 4         83.0    576.2679    520.2310  404.829  2.752E+02  3.912E+02  6.120E-02  5.361E-02  2.082E+04  5.131E-02
6      -- 5        116.2    691.4731    433.5562  404.823  3.668E+02  3.885E+02  6.664E-02  6.120E-02  2.068E+04  8.803E-02
7      -- 6        154.9    806.6518    371.6504  404.805  4.558E+02  3.858E+02  6.988E-02  6.664E-02  2.053E+04  1.388E-01
8      -- 7        199.1    921.7997    325.2252  404.787  5.357E+02  3.831E+02  7.099E-02  6.988E-02  2.039E+04  2.057E-01
9      -- 8        248.9   1036.9124    289.1203  404.755  6.017E+02  3.804E+02  7.017E-02  7.099E-02  2.025E+04  2.907E-01
10     -- 9        304.2   1151.9855    260.2398  404.711  6.496E+02  3.777E+02  6.765E-02  7.017E-02  2.010E+04  3.958E-01
11     -- 10       365.0   1267.0145    236.6133  404.674  6.784E+02  3.750E+02  6.376E-02  6.765E-02  1.996E+04  5.229E-01
12     -- 11       431.3   1381.9951    216.9273  404.621  6.866E+02  3.724E+02  5.882E-02  6.376E-02  1.982E+04  6.737E-01
13     -- 12       503.1   1496.9229    200.2725  404.579  6.758E+02  3.697E+02  5.319E-02  5.882E-02  1.968E+04  8.501E-01
14     -- 13       580.5   1611.7935    185.9993  404.455  6.485E+02  3.670E+02  4.719E-02  5.319E-02  1.953E+04  1.053E+00
15     -- 14       663.4   1726.6025    173.6314  404.313  6.072E+02  3.643E+02  4.109E-02  4.719E-02  1.939E+04  1.285E+00
16     -- 15       751.7   1841.3455    162.8116  404.157  5.556E+02  3.616E+02  3.515E-02  4.109E-02  1.925E+04  1.547E+00
