* Radex version        : 30nov2011
* Geometry             : Uniform sphere
* Molecular data file  : ./data/co.dat                                                                   
* T(kin)            [K]:  455.000
* Density of H2  [cm-3]:  1.259E+06
* Density of pH2 [cm-3]:  3.147E+05
* Density of oH2 [cm-3]:  9.442E+05
* T(background)     [K]:    2.725
* Column density [cm-2]:  1.243E+22
* Line width     [km/s]:   50.000
Calculation finished in   37 iterations
      LINE         E_UP       FREQ        WAVEL     T_EX      TAU        T_R       POP        POP       FLUX        FLUX
                   (K)        (GHz)       (um)      (K)                  (K)        UP        LOW      (K*km/s) (erg/cm2/s)
1      -- 0          5.5    115.2712   2600.7576  454.964  2.590E+01  4.514E+02  1.798E-02  6.066E-03  2.402E+04  4.739E-04
2      -- 1         16.6    230.5380   1300.4037  454.966  1.017E+02  4.493E+02  2.924E-02  1.798E-02  2.391E+04  3.773E-03
3      -- 2         33.2    345.7960    866.9634  454.965  2.217E+02  4.467E+02  3.947E-02  2.924E-02  2.377E+04  1.266E-02
4      -- 3         55.3    461.0408    650.2515  454.965  3.771E+02  4.440E+02  4.834E-02  3.947E-02  2.363E+04  2.982E-02
5      -- 4         83.0    576.2679    520.2310  454.962  5.567E+02  4.413E+02  5.560E-02  4.834E-02  2.349E+04  5.788E-02
6      -- 5        116.2    691.4731    433.5562  454.962  7.481E+02  4.386E+02  6.108E-02  5.560E-02  2.334E+04  9.939E-02
7      -- 6        154.9    806.6518    371.6504  454.958  9.386E+02  4.359E+02  6.473E-02  6.108E-02  2.320E+04  1.568E-01
8      -- 7        199.1    921.7997    325.2252  454.954  1.116E+03  4.332E+02  6.657E-02  6.473E-02  2.306E+04  2.326E-01
9      -- 8        248.9   1036.9124    289.1203  454.948  1.269E+03  4.305E+02  6.669E-02  6.657E-02  2.291E+04  3.290E-01
10     -- 9        304.2   1151.9855    260.2398  454.940  1.390E+03  4.279E+02  6.527E-02  6.669E-02  2.277E+04  4.483E-01
11     -- 10       365.0   1267.0145    236.6133  454.933  1.474E+03  4.252E+02  6.255E-02  6.527E-02  2.263E+04  5.928E-01
12     -- 11       431.3   1381.9951    216.9273  454.924  1.518E+03  4.226E+02  5.876E-02  6.255E-02  2.249E+04  7.645E-01
13     -- 12       503.1   1496.9229    200.2725  454.917  1.523E+03  4.199E+02  5.419E-02  5.876E-02  2.235E+04  9.655E-01
14     -- 13       580.5   1611.7935    185.9993  454.894  1.491E+03  4.173E+02  4.910E-02  5.419E-02  2.221E+04  1.198E+00
15     -- 14       663.4   1726.6025    173.6314  454.869  1.426E+03  4.147E+02  4.375E-02  4.910E-02  2.207E+04  1.463E+00
16     -- 15       751.7   1841.3455    162.8116  454.844  1.336E+03  4.121E+02  3.835E-02  4.375E-02  2.193E+04  1.763E+00
