* Radex version        : 30nov2011
* Geometry             : Uniform sphere
* Molecular data file  : ./data/co.dat                                                                   
* T(kin)            [K]:  480.000
* Density of H2  [cm-3]:  3.981E+04
* Density of pH2 [cm-3]:  9.953E+03
* Density of oH2 [cm-3]:  2.986E+04
* T(background)     [K]:    2.725
* Column density [cm-2]:  3.931E+20
* Line width     [km/s]:   50.000
Calculation finished in **** iterations
      LINE         E_UP       FREQ        WAVEL     T_EX      TAU        T_R       POP        POP       FLUX        FLUX
                   (K)        (GHz)       (um)      (K)                  (K)        UP        LOW      (K*km/s) (erg/cm2/s)
1      -- 0          5.5    115.2712   2600.7576   -2.374  7.448E-17 -7.729E-16  4.595E-02  7.601E-03 -4.114E-14 -8.115E-22
2      -- 1         16.6    230.5380   1300.4037   -0.702  2.977E-17  0.000E+00  2.675E-02  4.595E-02  0.000E+00  0.000E+00
3      -- 2         33.2    345.7960    866.9634  103.203  1.913E-17  0.000E+00  2.945E-02  2.675E-02  0.000E+00  0.000E+00
4      -- 3         55.3    461.0408    650.2515  144.912  1.414E-17  0.000E+00  6.083E-02  2.945E-02  0.000E+00  0.000E+00
5      -- 4         83.0    576.2679    520.2310  184.858  1.123E-17  0.000E+00  4.014E-02  6.083E-02  0.000E+00  0.000E+00
6      -- 5        116.2    691.4731    433.5562  252.731  9.306E-18  0.000E+00  6.991E-02  4.014E-02  0.000E+00  0.000E+00
7      -- 6        154.9    806.6518    371.6504   14.543  7.943E-18  0.000E+00  7.661E-02  6.991E-02  0.000E+00  0.000E+00
8      -- 7        199.1    921.7997    325.2252  -17.822  6.921E-18  0.000E+00  1.743E-02  7.661E-02  0.000E+00  0.000E+00
9      -- 8        248.9   1036.9124    289.1203  -17.978  6.125E-18  0.000E+00  2.653E-02  1.743E-02  0.000E+00  0.000E+00
10     -- 9        304.2   1151.9855    260.2398   15.098  5.485E-18  0.000E+00  2.871E-02  2.653E-02  0.000E+00  0.000E+00
11     -- 10       365.0   1267.0145    236.6133  222.162  4.965E-18  0.000E+00  4.444E-02  2.871E-02  0.000E+00  0.000E+00
12     -- 11       431.3   1381.9951    216.9273  938.640 -1.772E+02 -8.242E+79  4.915E-02  4.444E-02 -4.387E+81 -1.491E+77
13     -- 12       503.1   1496.9229    200.2725   42.685 -3.493E+02  1.639E+01  5.940E-02  4.915E-02  8.726E+02  3.770E-02
14     -- 13       580.5   1611.7935    185.9993  -72.505 -2.515E+02  2.023+111  6.900E-02  5.940E-02  1.077+113  5.807+108
15     -- 14       663.4   1726.6025    173.6314  142.237  2.779E+02  1.048E+02  4.760E-02  6.900E-02  5.578E+03  3.698E-01
16     -- 15       751.7   1841.3455    162.8116  -28.352 -1.788E+03 -9.247E+01  1.751E-01  4.760E-02 -4.922E+03 -3.957E-01
