* Radex version        : 30nov2011
* Geometry             : Uniform sphere
* Molecular data file  : ./data/co.dat                                                                   
* T(kin)            [K]:  430.000
* Density of H2  [cm-3]:  1.585E+03
* Density of pH2 [cm-3]:  3.962E+02
* Density of oH2 [cm-3]:  1.189E+03
* T(background)     [K]:    2.725
* Column density [cm-2]:  1.565E+19
* Line width     [km/s]:   50.000
Calculation finished in   38 iterations
      LINE         E_UP       FREQ        WAVEL     T_EX      TAU        T_R       POP        POP       FLUX        FLUX
                   (K)        (GHz)       (um)      (K)                  (K)        UP        LOW      (K*km/s) (erg/cm2/s)
1      -- 0          5.5    115.2712   2600.7576 -157.448 -5.219E-01  1.104E+02  1.020E-01  3.281E-02  5.874E+03  1.159E-04
2      -- 1         16.6    230.5380   1300.4037  110.290  2.884E+00  9.880E+01  1.537E-01  1.020E-01  5.259E+03  8.298E-04
3      -- 2         33.2    345.7960    866.9634   94.807  6.578E+00  8.659E+01  1.806E-01  1.537E-01  4.609E+03  2.454E-03
4      -- 3         55.3    461.0408    650.2515   86.165  1.036E+01  7.557E+01  1.796E-01  1.806E-01  4.022E+03  5.076E-03
5      -- 4         83.0    576.2679    520.2310   75.927  1.348E+01  6.293E+01  1.525E-01  1.796E-01  3.350E+03  8.255E-03
6      -- 5        116.2    691.4731    433.5562   64.591  1.476E+01  4.941E+01  1.078E-01  1.525E-01  2.630E+03  1.120E-02
7      -- 6        154.9    806.6518    371.6504   52.477  1.334E+01  3.548E+01  5.950E-02  1.078E-01  1.888E+03  1.276E-02
8      -- 7        199.1    921.7997    325.2252   41.478  9.139E+00  2.322E+01  2.321E-02  5.950E-02  1.236E+03  1.246E-02
9      -- 8        248.9   1036.9124    289.1203   33.607  4.154E+00  1.442E+01  5.901E-03  2.321E-02  7.676E+02  1.102E-02
10     -- 9        304.2   1151.9855    260.2398   34.891  1.076E+00  9.396E+00  1.337E-03  5.901E-03  5.001E+02  9.846E-03
11     -- 10       365.0   1267.0145    236.6133   55.118  2.031E-01  5.550E+00  4.860E-04  1.337E-03  2.954E+02  7.738E-03
12     -- 11       431.3   1381.9951    216.9273   80.091  6.164E-02  3.076E+00  2.308E-04  4.860E-04  1.637E+02  5.565E-03
13     -- 12       503.1   1496.9229    200.2725   93.963  2.754E-02  1.700E+00  1.160E-04  2.308E-04  9.048E+01  3.908E-03
14     -- 13       580.5   1611.7935    185.9993   98.810  1.395E-02  9.023E-01  5.696E-05  1.160E-04  4.803E+01  2.590E-03
15     -- 14       663.4   1726.6025    173.6314  104.678  6.840E-03  4.680E-01  2.759E-05  5.696E-05  2.491E+01  1.651E-03
16     -- 15       751.7   1841.3455    162.8116  116.891  3.186E-03  2.488E-01  1.379E-05  2.759E-05  1.324E+01  1.065E-03
