* Radex version        : 30nov2011
* Geometry             : Uniform sphere
* Molecular data file  : ./data/co.dat                                                                   
* T(kin)            [K]:  405.000
* Density of H2  [cm-3]:  1.995E+04
* Density of pH2 [cm-3]:  4.988E+03
* Density of oH2 [cm-3]:  1.496E+04
* T(background)     [K]:    2.725
* Column density [cm-2]:  1.970E+20
* Line width     [km/s]:   50.000
Calculation finished in   43 iterations
      LINE         E_UP       FREQ        WAVEL     T_EX      TAU        T_R       POP        POP       FLUX        FLUX
                   (K)        (GHz)       (um)      (K)                  (K)        UP        LOW      (K*km/s) (erg/cm2/s)
1      -- 0          5.5    115.2712   2600.7576  1.705E+03  1.686E-01  2.640E+02  2.780E-02  9.298E-03  1.405E+04  2.772E-04
2      -- 1         16.6    230.5380   1300.4037  366.127  3.087E+00  3.440E+02  4.496E-02  2.780E-02  1.831E+04  2.889E-03
3      -- 2         33.2    345.7960    866.9634  349.489  6.996E+00  3.409E+02  6.002E-02  4.496E-02  1.814E+04  9.662E-03
4      -- 3         55.3    461.0408    650.2515  347.146  1.182E+01  3.362E+02  7.241E-02  6.002E-02  1.789E+04  2.258E-02
5      -- 4         83.0    576.2679    520.2310  344.194  1.730E+01  3.306E+02  8.167E-02  7.241E-02  1.759E+04  4.336E-02
6      -- 5        116.2    691.4731    433.5562  340.691  2.298E+01  3.244E+02  8.756E-02  8.167E-02  1.726E+04  7.351E-02
7      -- 6        154.9    806.6518    371.6504  334.994  2.853E+01  3.160E+02  9.000E-02  8.756E-02  1.682E+04  1.137E-01
8      -- 7        199.1    921.7997    325.2252  327.688  3.351E+01  3.061E+02  8.912E-02  9.000E-02  1.629E+04  1.643E-01
9      -- 8        248.9   1036.9124    289.1203  317.840  3.767E+01  2.936E+02  8.517E-02  8.912E-02  1.563E+04  2.244E-01
10     -- 9        304.2   1151.9855    260.2398  305.832  4.066E+01  2.790E+02  7.857E-02  8.517E-02  1.485E+04  2.924E-01
11     -- 10       365.0   1267.0145    236.6133  292.272  4.223E+01  2.629E+02  6.989E-02  7.857E-02  1.399E+04  3.666E-01
12     -- 11       431.3   1381.9951    216.9273  275.853  4.235E+01  2.440E+02  5.973E-02  6.989E-02  1.299E+04  4.415E-01
13     -- 12       503.1   1496.9229    200.2725  255.938  4.110E+01  2.217E+02  4.872E-02  5.973E-02  1.180E+04  5.097E-01
14     -- 13       580.5   1611.7935    185.9993  230.086  3.879E+01  1.936E+02  3.739E-02  4.872E-02  1.030E+04  5.556E-01
15     -- 14       663.4   1726.6025    173.6314  201.058  3.491E+01  1.625E+02  2.647E-02  3.739E-02  8.647E+03  5.732E-01
16     -- 15       751.7   1841.3455    162.8116  170.663  2.932E+01  1.303E+02  1.679E-02  2.647E-02  6.934E+03  5.575E-01
