* Radex version        : 30nov2011
* Geometry             : Uniform sphere
* Molecular data file  : ./data/co.dat                                                                   
* T(kin)            [K]:   40.000
* Density of H2  [cm-3]:  3.162E+02
* Density of pH2 [cm-3]:  7.906E+01
* Density of oH2 [cm-3]:  2.372E+02
* T(background)     [K]:   13.800
* Column density [cm-2]:  4.879E+17
* Line width     [km/s]:   50.000
Calculation finished in   21 iterations
      LINE         E_UP       FREQ        WAVEL     T_EX      TAU        T_R       POP        POP       FLUX        FLUX
                   (K)        (GHz)       (um)      (K)                  (K)        UP        LOW      (K*km/s) (erg/cm2/s)
1      -- 0          5.5    115.2712   2600.7576   17.898  6.091E-01  1.850E+00  3.639E-01  1.652E-01  9.847E+01  1.942E-06
2      -- 1         16.6    230.5380   1300.4037   15.341  1.727E+00  1.207E+00  2.948E-01  3.639E-01  6.427E+01  1.014E-05
3      -- 2         33.2    345.7960    866.9634   14.630  1.662E+00  6.006E-01  1.327E-01  2.948E-01  3.197E+01  1.702E-05
4      -- 3         55.3    461.0408    650.2515   14.285  8.258E-01  2.226E-01  3.626E-02  1.327E-01  1.185E+01  1.495E-05
5      -- 4         83.0    576.2679    520.2310   14.192  2.384E-01  6.054E-02  6.313E-03  3.626E-02  3.222E+00  7.941E-06
6      -- 5        116.2    691.4731    433.5562   14.262  4.277E-02  1.238E-02  7.283E-04  6.313E-03  6.590E-01  2.806E-06
7      -- 6        154.9    806.6518    371.6504   14.546  5.008E-03  2.071E-03  5.869E-05  7.283E-04  1.102E-01  7.451E-07
8      -- 7        199.1    921.7997    325.2252   15.327  4.046E-04  3.012E-04  3.710E-06  5.869E-05  1.603E-02  1.617E-07
9      -- 8        248.9   1036.9124    289.1203   17.174  2.532E-05  3.837E-05  2.287E-07  3.710E-06  2.042E-03  2.932E-08
10     -- 9        304.2   1151.9855    260.2398   20.218  1.529E-06  4.301E-06  1.641E-08  2.287E-07  2.289E-04  4.507E-09
11     -- 10       365.0   1267.0145    236.6133   22.972  1.081E-07  4.199E-07  1.274E-09  1.641E-08  2.235E-05  5.855E-10
12     -- 11       431.3   1381.9951    216.9273   24.829  8.325E-09  3.647E-08  9.575E-11  1.274E-09  1.941E-06  6.599E-11
13     -- 12       503.1   1496.9229    200.2725   26.671  6.215E-10  2.993E-09  6.994E-12  9.575E-11  1.593E-07  6.881E-12
14     -- 13       580.5   1611.7935    185.9993   27.290  4.546E-11  2.065E-10  4.413E-13  6.994E-12  1.099E-08  5.926E-13
15     -- 14       663.4   1726.6025    173.6314   26.997  2.881E-12  1.104E-11  2.191E-14  4.413E-13  5.875E-10  3.894E-14
16     -- 15       751.7   1841.3455    162.8116   28.543  1.420E-13  5.736E-13  1.055E-15  2.191E-14  3.053E-11  2.455E-15
