* Radex version        : 30nov2011
* Geometry             : Uniform sphere
* Molecular data file  : ./data/co.dat                                                                   
* T(kin)            [K]:   55.000
* Density of H2  [cm-3]:  3.162E+02
* Density of pH2 [cm-3]:  7.906E+01
* Density of oH2 [cm-3]:  2.372E+02
* T(background)     [K]:    2.725
* Column density [cm-2]:  3.123E+18
* Line width     [km/s]:   50.000
Calculation finished in   34 iterations
      LINE         E_UP       FREQ        WAVEL     T_EX      TAU        T_R       POP        POP       FLUX        FLUX
                   (K)        (GHz)       (um)      (K)                  (K)        UP        LOW      (K*km/s) (erg/cm2/s)
1      -- 0          5.5    115.2712   2600.7576   17.758  4.280E+00  1.410E+01  3.958E-01  1.802E-01  7.505E+02  1.480E-05
2      -- 1         16.6    230.5380   1300.4037   14.713  1.237E+01  9.674E+00  3.110E-01  3.958E-01  5.149E+02  8.125E-05
3      -- 2         33.2    345.7960    866.9634   11.449  1.266E+01  5.052E+00  1.022E-01  3.110E-01  2.689E+02  1.432E-04
4      -- 3         55.3    461.0408    650.2515    8.628  4.768E+00  1.822E+00  1.011E-02  1.022E-01  9.700E+01  1.224E-04
5      -- 4         83.0    576.2679    520.2310    9.313  4.704E-01  5.610E-01  6.341E-04  1.011E-02  2.986E+01  7.359E-05
6      -- 5        116.2    691.4731    433.5562   15.843  2.672E-02  1.228E-01  9.226E-05  6.341E-04  6.538E+00  2.784E-05
7      -- 6        154.9    806.6518    371.6504   20.424  3.710E-03  2.535E-02  1.599E-05  9.226E-05  1.349E+00  9.119E-06
8      -- 7        199.1    921.7997    325.2252   23.183  6.365E-04  4.903E-03  2.689E-06  1.599E-05  2.610E-01  2.632E-06
9      -- 8        248.9   1036.9124    289.1203   25.332  1.069E-04  8.673E-04  4.214E-07  2.689E-06  4.616E-02  6.628E-07
10     -- 9        304.2   1151.9855    260.2398   27.273  1.674E-05  1.404E-04  6.135E-08  4.214E-07  7.472E-03  1.471E-07
11     -- 10       365.0   1267.0145    236.6133   28.795  2.446E-06  2.048E-05  8.132E-09  6.135E-08  1.090E-03  2.855E-08
12     -- 11       431.3   1381.9951    216.9273   30.709  3.233E-07  2.796E-06  1.020E-09  8.132E-09  1.488E-04  5.059E-09
13     -- 12       503.1   1496.9229    200.2725   33.706  4.004E-08  3.873E-07  1.307E-10  1.020E-09  2.061E-05  8.905E-10
14     -- 13       580.5   1611.7935    185.9993   34.278  5.170E-09  4.677E-08  1.469E-11  1.307E-10  2.489E-06  1.342E-10
15     -- 14       663.4   1726.6025    173.6314   33.036  5.914E-10  4.343E-09  1.279E-12  1.469E-11  2.312E-07  1.532E-11
16     -- 15       751.7   1841.3455    162.8116   36.486  5.062E-11  4.356E-10  1.208E-13  1.279E-12  2.318E-08  1.864E-12
