* Radex version        : 30nov2011
* Geometry             : Uniform sphere
* Molecular data file  : ./data/co.dat                                                                   
* T(kin)            [K]:   50.000
* Density of H2  [cm-3]:  1.259E+02
* Density of pH2 [cm-3]:  3.147E+01
* Density of oH2 [cm-3]:  9.442E+01
* T(background)     [K]:   13.800
* Column density [cm-2]:  1.943E+17
* Line width     [km/s]:   50.000
Calculation finished in   13 iterations
      LINE         E_UP       FREQ        WAVEL     T_EX      TAU        T_R       POP        POP       FLUX        FLUX
                   (K)        (GHz)       (um)      (K)                  (K)        UP        LOW      (K*km/s) (erg/cm2/s)
1      -- 0          5.5    115.2712   2600.7576   15.539  2.929E-01  4.363E-01  3.722E-01  1.771E-01  2.322E+01  4.581E-07
2      -- 1         16.6    230.5380   1300.4037   14.370  7.351E-01  2.817E-01  2.872E-01  3.722E-01  1.499E+01  2.365E-06
3      -- 2         33.2    345.7960    866.9634   14.118  6.569E-01  1.364E-01  1.241E-01  2.872E-01  7.258E+00  3.865E-06
4      -- 3         55.3    461.0408    650.2515   14.029  3.097E-01  4.949E-02  3.296E-02  1.241E-01  2.634E+00  3.324E-06
5      -- 4         83.0    576.2679    520.2310   14.029  8.657E-02  1.380E-02  5.610E-03  3.296E-02  7.348E-01  1.811E-06
6      -- 5        116.2    691.4731    433.5562   14.126  1.517E-02  3.131E-03  6.329E-04  5.610E-03  1.667E-01  7.096E-07
7      -- 6        154.9    806.6518    371.6504   14.445  1.735E-03  6.193E-04  5.007E-05  6.329E-04  3.296E-02  2.228E-07
8      -- 7        199.1    921.7997    325.2252   15.456  1.372E-04  1.114E-04  3.242E-06  5.007E-05  5.930E-03  5.982E-08
9      -- 8        248.9   1036.9124    289.1203   18.236  8.713E-06  1.818E-05  2.366E-07  3.242E-06  9.678E-04  1.390E-08
10     -- 9        304.2   1151.9855    260.2398   22.849  6.134E-07  2.682E-06  2.326E-08  2.366E-07  1.428E-04  2.811E-09
11     -- 10       365.0   1267.0145    236.6133   26.439  5.904E-08  3.557E-07  2.554E-09  2.326E-08  1.893E-05  4.960E-10
12     -- 11       431.3   1381.9951    216.9273   28.658  6.435E-09  4.329E-08  2.744E-10  2.554E-09  2.304E-06  7.832E-11
13     -- 12       503.1   1496.9229    200.2725   31.268  6.841E-10  5.220E-09  2.978E-11  2.744E-10  2.778E-07  1.200E-11
14     -- 13       580.5   1611.7935    185.9993   31.952  7.460E-11  5.413E-10  2.842E-12  2.978E-11  2.881E-08  1.554E-12
15     -- 14       663.4   1726.6025    173.6314   31.252  7.198E-12  4.380E-11  2.143E-13  2.842E-12  2.331E-09  1.545E-13
16     -- 15       751.7   1841.3455    162.8116   33.802  5.366E-13  3.668E-12  1.670E-14  2.143E-13  1.952E-10  1.570E-14
