* Radex version        : 30nov2011
* Geometry             : Uniform sphere
* Molecular data file  : ./data/co.dat                                                                   
* T(kin)            [K]:    5.000
* Density of H2  [cm-3]:  3.162E+06
* Density of pH2 [cm-3]:  7.906E+05
* Density of oH2 [cm-3]:  2.372E+06
* T(background)     [K]:    2.725
* Column density [cm-2]:  3.123E+22
* Line width     [km/s]:   50.000
Calculation finished in   12 iterations
      LINE         E_UP       FREQ        WAVEL     T_EX      TAU        T_R       POP        POP       FLUX        FLUX
                   (K)        (GHz)       (um)      (K)                  (K)        UP        LOW      (K*km/s) (erg/cm2/s)
1      -- 0          5.5    115.2712   2600.7576    5.000  2.721E+05  1.897E+00  4.546E-01  4.582E-01  1.010E+02  1.992E-06
2      -- 1         16.6    230.5380   1300.4037    5.000  2.394E+05  1.165E+00  8.289E-02  4.546E-01  6.199E+01  9.782E-06
3      -- 2         33.2    345.7960    866.9634    5.000  4.248E+04  5.853E-01  4.199E-03  8.289E-02  3.115E+01  1.659E-05
4      -- 3         55.3    461.0408    650.2515    5.000  2.097E+03  2.615E-01  6.461E-05  4.199E-03  1.392E+01  1.756E-05
5      -- 4         83.0    576.2679    520.2310    4.999  3.157E+01  1.088E-01  3.124E-07  6.461E-05  5.790E+00  1.427E-05
6      -- 5        116.2    691.4731    433.5562    4.973  1.500E-01  5.827E-03  4.669E-10  3.124E-07  3.102E-01  1.321E-06
7      -- 6        154.9    806.6518    371.6504    4.980  2.209E-04  3.594E-06  2.267E-13  4.669E-10  1.913E-04  1.293E-09
8      -- 7        199.1    921.7997    325.2252    5.060  1.059E-07  7.479E-10  4.116E-17  2.267E-13  3.981E-08  4.016E-13
9      -- 8        248.9   1036.9124    289.1203   23.883  1.660E-11  1.174E-10  5.923E-18  4.116E-17  6.250E-09  8.974E-14
10     -- 9        304.2   1151.9855    260.2398  363.625  2.160E-13  7.270E-11  5.626E-18  5.923E-18  3.870E-09  7.618E-14
11     -- 10       365.0   1267.0145    236.6133  422.868  1.928E-13  7.578E-11  5.338E-18  5.626E-18  4.033E-09  1.057E-13
12     -- 11       431.3   1381.9951    216.9273  472.742  1.771E-13  7.798E-11  5.044E-18  5.338E-18  4.150E-09  1.411E-13
13     -- 12       503.1   1496.9229    200.2725  442.326  1.898E-13  7.729E-11  4.632E-18  5.044E-18  4.114E-09  1.777E-13
14     -- 13       580.5   1611.7935    185.9993  866.749  9.856E-14  8.169E-11  4.552E-18  4.632E-18  4.348E-09  2.345E-13
15     -- 14       663.4   1726.6025    173.6314  870.115  1.021E-13  8.462E-11  4.425E-18  4.552E-18  4.504E-09  2.985E-13
16     -- 15       751.7   1841.3455    162.8116  925.499  9.857E-14  8.696E-11  4.283E-18  4.425E-18  4.628E-09  3.721E-13
