* Radex version        : 30nov2011
* Geometry             : Uniform sphere
* Molecular data file  : ./data/co.dat                                                                   
* T(kin)            [K]:   50.000
* Density of H2  [cm-3]:  5.012E+05
* Density of pH2 [cm-3]:  1.253E+05
* Density of oH2 [cm-3]:  3.759E+05
* T(background)     [K]:   13.800
* Column density [cm-2]:  7.733E+20
* Line width     [km/s]:   50.000
Calculation finished in   30 iterations
      LINE         E_UP       FREQ        WAVEL     T_EX      TAU        T_R       POP        POP       FLUX        FLUX
                   (K)        (GHz)       (um)      (K)                  (K)        UP        LOW      (K*km/s) (erg/cm2/s)
1      -- 0          5.5    115.2712   2600.7576   49.999  1.250E+02  3.607E+01  1.459E-01  5.431E-02  1.920E+03  3.786E-05
2      -- 1         16.6    230.5380   1300.4037   49.999  4.240E+02  3.567E+01  1.949E-01  1.459E-01  1.899E+03  2.996E-04
3      -- 2         33.2    345.7960    866.9634   49.998  7.248E+02  3.503E+01  1.958E-01  1.949E-01  1.865E+03  9.929E-04
4      -- 3         55.3    461.0408    650.2515   49.998  8.764E+02  3.417E+01  1.617E-01  1.958E-01  1.819E+03  2.296E-03
5      -- 4         83.0    576.2679    520.2310   49.996  8.344E+02  3.313E+01  1.136E-01  1.617E-01  1.763E+03  4.346E-03
6      -- 5        116.2    691.4731    433.5562   49.993  6.560E+02  3.193E+01  6.916E-02  1.136E-01  1.699E+03  7.236E-03
7      -- 6        154.9    806.6518    371.6504   49.985  4.368E+02  3.061E+01  3.678E-02  6.916E-02  1.629E+03  1.101E-02
8      -- 7        199.1    921.7997    325.2252   49.966  2.500E+02  2.920E+01  1.720E-02  3.678E-02  1.554E+03  1.568E-02
9      -- 8        248.9   1036.9124    289.1203   49.911  1.242E+02  2.771E+01  7.092E-03  1.720E-02  1.475E+03  2.117E-02
10     -- 9        304.2   1151.9855    260.2398   49.736  5.391E+01  2.609E+01  2.579E-03  7.092E-03  1.388E+03  2.734E-02
11     -- 10       365.0   1267.0145    236.6133   48.998  2.059E+01  2.398E+01  8.165E-04  2.579E-03  1.276E+03  3.343E-02
12     -- 11       431.3   1381.9951    216.9273   45.518  6.971E+00  1.957E+01  2.067E-04  8.165E-04  1.042E+03  3.541E-02
13     -- 12       503.1   1496.9229    200.2725   39.083  1.918E+00  1.126E+01  3.552E-05  2.067E-04  5.992E+02  2.588E-02
14     -- 13       580.5   1611.7935    185.9993   37.067  3.405E-01  3.080E+00  4.733E-06  3.552E-05  1.639E+02  8.840E-03
15     -- 14       663.4   1726.6025    173.6314   38.517  4.539E-02  4.749E-01  5.886E-07  4.733E-06  2.528E+01  1.676E-03
16     -- 15       751.7   1841.3455    162.8116   39.448  5.658E-03  5.856E-02  6.670E-08  5.886E-07  3.117E+00  2.506E-04
