* Radex version        : 30nov2011
* Geometry             : Uniform sphere
* Molecular data file  : ./data/co.dat                                                                   
* T(kin)            [K]:    5.000
* Density of H2  [cm-3]:  1.995E+05
* Density of pH2 [cm-3]:  4.988E+04
* Density of oH2 [cm-3]:  1.496E+05
* T(background)     [K]:    2.725
* Column density [cm-2]:  1.970E+21
* Line width     [km/s]:   50.000
Calculation finished in   20 iterations
      LINE         E_UP       FREQ        WAVEL     T_EX      TAU        T_R       POP        POP       FLUX        FLUX
                   (K)        (GHz)       (um)      (K)                  (K)        UP        LOW      (K*km/s) (erg/cm2/s)
1      -- 0          5.5    115.2712   2600.7576    5.000  1.717E+04  1.897E+00  4.546E-01  4.582E-01  1.010E+02  1.992E-06
2      -- 1         16.6    230.5380   1300.4037    5.000  1.510E+04  1.165E+00  8.289E-02  4.546E-01  6.199E+01  9.782E-06
3      -- 2         33.2    345.7960    866.9634    5.000  2.681E+03  5.853E-01  4.199E-03  8.289E-02  3.115E+01  1.659E-05
4      -- 3         55.3    461.0408    650.2515    4.998  1.323E+02  2.611E-01  6.452E-05  4.199E-03  1.390E+01  1.754E-05
5      -- 4         83.0    576.2679    520.2310    4.846  1.991E+00  7.869E-02  2.621E-07  6.452E-05  4.188E+00  1.032E-05
6      -- 5        116.2    691.4731    433.5562    4.747  7.939E-03  2.404E-04  2.851E-10  2.621E-07  1.280E-02  5.449E-08
7      -- 6        154.9    806.6518    371.6504    4.788  8.511E-06  1.013E-07  1.013E-13  2.851E-10  5.392E-06  3.645E-11
8      -- 7        199.1    921.7997    325.2252    4.444  2.988E-09  6.268E-12  8.952E-18  1.013E-13  3.336E-10  3.365E-15
9      -- 8        248.9   1036.9124    289.1203   37.472  7.395E-14  1.327E-12  1.485E-18  8.952E-18  7.061E-11  1.014E-15
10     -- 9        304.2   1151.9855    260.2398  201.294  2.749E-17  0.000E+00  1.249E-18  1.485E-18  0.000E+00  0.000E+00
11     -- 10       365.0   1267.0145    236.6133  226.240  2.488E-17  0.000E+00  1.047E-18  1.249E-18  0.000E+00  0.000E+00
12     -- 11       431.3   1381.9951    216.9273  255.609  2.268E-17  0.000E+00  8.792E-19  1.047E-18  0.000E+00  0.000E+00
13     -- 12       503.1   1496.9229    200.2725  286.486  2.082E-17  0.000E+00  7.403E-19  8.792E-19  0.000E+00  0.000E+00
14     -- 13       580.5   1611.7935    185.9993  341.649  1.923E-17  0.000E+00  6.352E-19  7.403E-19  0.000E+00  0.000E+00
15     -- 14       663.4   1726.6025    173.6314  376.818  1.783E-17  0.000E+00  5.461E-19  6.352E-19  0.000E+00  0.000E+00
16     -- 15       751.7   1841.3455    162.8116  417.761  1.661E-17  0.000E+00  4.716E-19  5.461E-19  0.000E+00  0.000E+00
