* Radex version        : 30nov2011
* Geometry             : Uniform sphere
* Molecular data file  : ./data/co.dat                                                                   
* T(kin)            [K]:   50.000
* Density of H2  [cm-3]:  1.259E+03
* Density of pH2 [cm-3]:  3.147E+02
* Density of oH2 [cm-3]:  9.442E+02
* T(background)     [K]:   13.800
* Column density [cm-2]:  1.943E+18
* Line width     [km/s]:   50.000
Calculation finished in   28 iterations
      LINE         E_UP       FREQ        WAVEL     T_EX      TAU        T_R       POP        POP       FLUX        FLUX
                   (K)        (GHz)       (um)      (K)                  (K)        UP        LOW      (K*km/s) (erg/cm2/s)
1      -- 0          5.5    115.2712   2600.7576   35.902  8.848E-01  1.291E+01  2.886E-01  1.122E-01  6.872E+02  1.356E-05
2      -- 1         16.6    230.5380   1300.4037   24.742  3.828E+00  1.039E+01  3.076E-01  2.886E-01  5.530E+02  8.726E-05
3      -- 2         33.2    345.7960    866.9634   21.319  5.504E+00  6.932E+00  1.977E-01  3.076E-01  3.689E+02  1.965E-04
4      -- 3         55.3    461.0408    650.2515   18.082  4.389E+00  3.602E+00  7.478E-02  1.977E-01  1.917E+02  2.419E-04
5      -- 4         83.0    576.2679    520.2310   16.094  1.872E+00  1.469E+00  1.639E-02  7.478E-02  7.819E+01  1.927E-04
6      -- 5        116.2    691.4731    433.5562   15.696  4.308E-01  4.418E-01  2.338E-03  1.639E-02  2.352E+01  1.001E-04
7      -- 6        154.9    806.6518    371.6504   16.515  6.223E-02  9.747E-02  2.589E-04  2.338E-03  5.188E+00  3.507E-05
8      -- 7        199.1    921.7997    325.2252   18.660  6.821E-03  1.828E-02  2.740E-05  2.589E-04  9.729E-01  9.814E-06
9      -- 8        248.9   1036.9124    289.1203   21.924  7.064E-04  3.068E-03  3.164E-06  2.740E-05  1.633E-01  2.345E-06
10     -- 9        304.2   1151.9855    260.2398   25.030  8.016E-05  4.646E-04  3.841E-07  3.164E-06  2.473E-02  4.869E-07
11     -- 10       365.0   1267.0145    236.6133   27.207  9.677E-06  6.324E-05  4.501E-08  3.841E-07  3.366E-03  8.816E-08
12     -- 11       431.3   1381.9951    216.9273   29.043  1.130E-06  7.887E-06  4.986E-09  4.501E-08  4.198E-04  1.427E-08
13     -- 12       503.1   1496.9229    200.2725   31.376  1.242E-07  9.565E-07  5.455E-10  4.986E-09  5.091E-05  2.199E-09
14     -- 13       580.5   1611.7935    185.9993   32.043  1.365E-08  9.987E-08  5.241E-11  5.455E-10  5.315E-06  2.866E-10
15     -- 14       663.4   1726.6025    173.6314   31.615  1.325E-09  8.337E-09  4.075E-12  5.241E-11  4.437E-07  2.941E-11
16     -- 15       751.7   1841.3455    162.8116   33.863  1.020E-10  7.007E-10  3.191E-13  4.075E-12  3.730E-08  2.999E-12
