* Radex version        : 30nov2011
* Geometry             : Uniform sphere
* Molecular data file  : ./data/co.dat                                                                   
* T(kin)            [K]:    5.000
* Density of H2  [cm-3]:  2.512E+04
* Density of pH2 [cm-3]:  6.280E+03
* Density of oH2 [cm-3]:  1.884E+04
* T(background)     [K]:    2.725
* Column density [cm-2]:  2.481E+20
* Line width     [km/s]:   50.000
Calculation finished in   25 iterations
      LINE         E_UP       FREQ        WAVEL     T_EX      TAU        T_R       POP        POP       FLUX        FLUX
                   (K)        (GHz)       (um)      (K)                  (K)        UP        LOW      (K*km/s) (erg/cm2/s)
1      -- 0          5.5    115.2712   2600.7576    5.000  2.162E+03  1.897E+00  4.546E-01  4.582E-01  1.010E+02  1.992E-06
2      -- 1         16.6    230.5380   1300.4037    5.000  1.902E+03  1.165E+00  8.288E-02  4.546E-01  6.198E+01  9.781E-06
3      -- 2         33.2    345.7960    866.9634    4.998  3.375E+02  5.843E-01  4.192E-03  8.288E-02  3.110E+01  1.656E-05
4      -- 3         55.3    461.0408    650.2515    4.877  1.665E+01  2.328E-01  5.767E-05  4.192E-03  1.239E+01  1.564E-05
5      -- 4         83.0    576.2679    520.2310    4.103  2.245E-01  6.367E-03  8.337E-08  5.767E-05  3.389E-01  8.352E-07
6      -- 5        116.2    691.4731    433.5562    4.489  3.180E-04  6.444E-06  6.064E-11  8.337E-08  3.430E-04  1.460E-09
7      -- 6        154.9    806.6518    371.6504    4.427  2.279E-07  1.398E-09  1.113E-14  6.064E-11  7.442E-08  5.031E-13
8      -- 7        199.1    921.7997    325.2252    4.835  4.133E-11  1.939E-13  1.499E-18  1.113E-14  1.032E-11  1.041E-16
9      -- 8        248.9   1036.9124    289.1203   45.648  4.343E-15  1.091E-13  6.043E-19  1.499E-18  5.807E-12  8.338E-17
10     -- 9        304.2   1151.9855    260.2398  141.916  9.450E-16  1.160E-13  4.532E-19  6.043E-19  6.173E-12  1.215E-16
11     -- 10       365.0   1267.0145    236.6133  169.740  6.549E-16  9.402E-14  3.476E-19  4.532E-19  5.004E-12  1.311E-16
12     -- 11       431.3   1381.9951    216.9273  201.412  4.631E-16  7.552E-14  2.724E-19  3.476E-19  4.020E-12  1.366E-16
13     -- 12       503.1   1496.9229    200.2725  235.522  3.366E-16  6.709E-14  2.174E-19  2.724E-19  3.571E-12  1.542E-16
14     -- 13       580.5   1611.7935    185.9993  274.511  2.484E-16  5.277E-14  1.767E-19  2.174E-19  2.809E-12  1.515E-16
15     -- 14       663.4   1726.6025    173.6314  315.020  1.880E-16  6.115E-14  1.456E-19  1.767E-19  3.255E-12  2.158E-16
16     -- 15       751.7   1841.3455    162.8116  358.450  1.448E-16  3.509E-14  1.215E-19  1.456E-19  1.868E-12  1.502E-16
