* Radex version        : 30nov2011
* Geometry             : Uniform sphere
* Molecular data file  : ./data/co.dat                                                                   
* T(kin)            [K]:   50.000
* Density of H2  [cm-3]:  1.259E+06
* Density of pH2 [cm-3]:  3.147E+05
* Density of oH2 [cm-3]:  9.442E+05
* T(background)     [K]:   13.800
* Column density [cm-2]:  1.943E+21
* Line width     [km/s]:   50.000
Calculation finished in   27 iterations
      LINE         E_UP       FREQ        WAVEL     T_EX      TAU        T_R       POP        POP       FLUX        FLUX
                   (K)        (GHz)       (um)      (K)                  (K)        UP        LOW      (K*km/s) (erg/cm2/s)
1      -- 0          5.5    115.2712   2600.7576   50.000  3.140E+02  3.607E+01  1.459E-01  5.431E-02  1.920E+03  3.787E-05
2      -- 1         16.6    230.5380   1300.4037   50.000  1.065E+03  3.567E+01  1.948E-01  1.459E-01  1.899E+03  2.996E-04
3      -- 2         33.2    345.7960    866.9634   50.000  1.820E+03  3.503E+01  1.957E-01  1.948E-01  1.865E+03  9.930E-04
4      -- 3         55.3    461.0408    650.2515   50.000  2.201E+03  3.418E+01  1.617E-01  1.957E-01  1.819E+03  2.296E-03
5      -- 4         83.0    576.2679    520.2310   49.999  2.096E+03  3.313E+01  1.136E-01  1.617E-01  1.763E+03  4.346E-03
6      -- 5        116.2    691.4731    433.5562   49.999  1.647E+03  3.193E+01  6.915E-02  1.136E-01  1.700E+03  7.237E-03
7      -- 6        154.9    806.6518    371.6504   49.998  1.097E+03  3.062E+01  3.679E-02  6.915E-02  1.630E+03  1.102E-02
8      -- 7        199.1    921.7997    325.2252   49.995  6.279E+02  2.923E+01  1.721E-02  3.679E-02  1.556E+03  1.569E-02
9      -- 8        248.9   1036.9124    289.1203   49.986  3.119E+02  2.778E+01  7.107E-03  1.721E-02  1.478E+03  2.123E-02
10     -- 9        304.2   1151.9855    260.2398   49.959  1.354E+02  2.629E+01  2.597E-03  7.107E-03  1.399E+03  2.755E-02
11     -- 10       365.0   1267.0145    236.6133   49.866  5.163E+01  2.474E+01  8.403E-04  2.597E-03  1.317E+03  3.450E-02
12     -- 11       431.3   1381.9951    216.9273   49.437  1.735E+01  2.293E+01  2.388E-04  8.403E-04  1.220E+03  4.148E-02
13     -- 12       503.1   1496.9229    200.2725   47.094  5.179E+00  1.946E+01  5.609E-05  2.388E-04  1.036E+03  4.475E-02
14     -- 13       580.5   1611.7935    185.9993   42.765  1.289E+00  1.078E+01  9.871E-06  5.609E-05  5.736E+02  3.093E-02
15     -- 14       663.4   1726.6025    173.6314   41.550  2.324E-01  2.665E+00  1.436E-06  9.871E-06  1.418E+02  9.403E-03
16     -- 15       751.7   1841.3455    162.8116   42.486  3.396E-02  4.164E-01  1.910E-07  1.436E-06  2.216E+01  1.782E-03
