* Radex version        : 30nov2011
* Geometry             : Uniform sphere
* Molecular data file  : ./data/co.dat                                                                   
* T(kin)            [K]:    5.000
* Density of H2  [cm-3]:  2.512E+05
* Density of pH2 [cm-3]:  6.280E+04
* Density of oH2 [cm-3]:  1.884E+05
* T(background)     [K]:    2.725
* Column density [cm-2]:  2.481E+21
* Line width     [km/s]:   50.000
Calculation finished in   20 iterations
      LINE         E_UP       FREQ        WAVEL     T_EX      TAU        T_R       POP        POP       FLUX        FLUX
                   (K)        (GHz)       (um)      (K)                  (K)        UP        LOW      (K*km/s) (erg/cm2/s)
1      -- 0          5.5    115.2712   2600.7576    5.000  2.162E+04  1.897E+00  4.546E-01  4.582E-01  1.010E+02  1.992E-06
2      -- 1         16.6    230.5380   1300.4037    5.000  1.902E+04  1.165E+00  8.289E-02  4.546E-01  6.199E+01  9.782E-06
3      -- 2         33.2    345.7960    866.9634    5.000  3.375E+03  5.853E-01  4.199E-03  8.289E-02  3.115E+01  1.659E-05
4      -- 3         55.3    461.0408    650.2515    4.999  1.666E+02  2.612E-01  6.456E-05  4.199E-03  1.390E+01  1.755E-05
5      -- 4         83.0    576.2679    520.2310    4.889  2.507E+00  8.809E-02  2.757E-07  6.456E-05  4.688E+00  1.155E-05
6      -- 5        116.2    691.4731    433.5562    4.777  1.052E-02  3.325E-04  3.135E-10  2.757E-07  1.770E-02  7.536E-08
7      -- 6        154.9    806.6518    371.6504    4.821  1.178E-05  1.482E-07  1.178E-13  3.135E-10  7.890E-06  5.333E-11
8      -- 7        199.1    921.7997    325.2252    5.012  4.371E-09  2.839E-11  1.999E-17  1.178E-13  1.511E-09  1.524E-14
9      -- 8        248.9   1036.9124    289.1203   39.761  5.431E-13  1.083E-11  6.018E-18  1.999E-17  5.764E-10  8.276E-15
10     -- 9        304.2   1151.9855    260.2398  215.603  4.366E-14  8.252E-12  5.148E-18  6.018E-18  4.392E-10  8.648E-15
11     -- 10       365.0   1267.0145    236.6133  240.458  3.657E-14  7.719E-12  4.380E-18  5.148E-18  4.109E-10  1.076E-14
12     -- 11       431.3   1381.9951    216.9273  269.545  3.009E-14  7.153E-12  3.724E-18  4.380E-18  3.807E-10  1.294E-14
13     -- 12       503.1   1496.9229    200.2725  299.501  2.479E-14  6.561E-12  3.165E-18  3.724E-18  3.492E-10  1.509E-14
14     -- 13       580.5   1611.7935    185.9993  361.099  1.889E-14  6.111E-12  2.745E-18  3.165E-18  3.253E-10  1.754E-14
15     -- 14       663.4   1726.6025    173.6314  394.650  1.595E-14  5.670E-12  2.379E-18  2.745E-18  3.018E-10  2.001E-14
16     -- 15       751.7   1841.3455    162.8116  434.946  1.330E-14  5.226E-12  2.068E-18  2.379E-18  2.781E-10  2.236E-14
