* Radex version        : 30nov2011
* Geometry             : Uniform sphere
* Molecular data file  : ./data/co.dat                                                                   
* T(kin)            [K]:    5.000
* Density of H2  [cm-3]:  1.000E+03
* Density of pH2 [cm-3]:  2.500E+02
* Density of oH2 [cm-3]:  7.500E+02
* T(background)     [K]:    2.725
* Column density [cm-2]:  9.875E+18
* Line width     [km/s]:   50.000
Calculation finished in   31 iterations
      LINE         E_UP       FREQ        WAVEL     T_EX      TAU        T_R       POP        POP       FLUX        FLUX
                   (K)        (GHz)       (um)      (K)                  (K)        UP        LOW      (K*km/s) (erg/cm2/s)
1      -- 0          5.5    115.2712   2600.7576    4.978  8.720E+01  1.877E+00  4.573E-01  4.632E-01  9.993E+01  1.971E-06
2      -- 1         16.6    230.5380   1300.4037    4.851  7.676E+01  1.065E+00  7.789E-02  4.573E-01  5.669E+01  8.945E-06
3      -- 2         33.2    345.7960    866.9634    3.951  1.290E+01  2.147E-01  1.634E-03  7.789E-02  1.143E+01  6.086E-06
4      -- 3         55.3    461.0408    650.2515    3.170  2.610E-01  3.219E-03  1.955E-06  1.634E-03  1.713E-01  2.162E-07
5      -- 4         83.0    576.2679    520.2310    3.768  3.030E-04  5.115E-06  1.551E-09  1.955E-06  2.722E-04  6.709E-10
6      -- 5        116.2    691.4731    433.5562    4.104  2.356E-07  2.369E-09  5.646E-13  1.551E-09  1.261E-07  5.368E-13
7      -- 6        154.9    806.6518    371.6504    4.371  8.447E-11  4.636E-13  9.275E-17  5.646E-13  2.468E-11  1.668E-16
8      -- 7        199.1    921.7997    325.2252    6.270  1.371E-14  5.254E-16  4.751E-20  9.275E-17  2.796E-14  2.821E-19
9      -- 8        248.9   1036.9124    289.1203   93.540  6.076E-18  0.000E+00  3.378E-20  4.751E-20  0.000E+00  0.000E+00
10     -- 9        304.2   1151.9855    260.2398  132.884  3.396E-18  0.000E+00  2.628E-20  3.378E-20  0.000E+00  0.000E+00
11     -- 10       365.0   1267.0145    236.6133  161.495  2.264E-18  0.000E+00  2.132E-20  2.628E-20  0.000E+00  0.000E+00
12     -- 11       431.3   1381.9951    216.9273  193.819  1.558E-18  0.000E+00  1.793E-20  2.132E-20  0.000E+00  0.000E+00
13     -- 12       503.1   1496.9229    200.2725  228.568  1.110E-18  0.000E+00  1.551E-20  1.793E-20  0.000E+00  0.000E+00
14     -- 13       580.5   1611.7935    185.9993  266.259  8.114E-19  0.000E+00  1.373E-20  1.551E-20  0.000E+00  0.000E+00
15     -- 14       663.4   1726.6025    173.6314  307.733  6.050E-19  0.000E+00  1.240E-20  1.373E-20  0.000E+00  0.000E+00
16     -- 15       751.7   1841.3455    162.8116  351.833  4.608E-19  0.000E+00  1.138E-20  1.240E-20  0.000E+00  0.000E+00
