* Radex version        : 30nov2011
* Geometry             : Uniform sphere
* Molecular data file  : ./data/co.dat                                                                   
* T(kin)            [K]:   50.000
* Density of H2  [cm-3]:  7.943E+04
* Density of pH2 [cm-3]:  1.986E+04
* Density of oH2 [cm-3]:  5.957E+04
* T(background)     [K]:   13.800
* Column density [cm-2]:  1.226E+20
* Line width     [km/s]:   50.000
Calculation finished in   35 iterations
      LINE         E_UP       FREQ        WAVEL     T_EX      TAU        T_R       POP        POP       FLUX        FLUX
                   (K)        (GHz)       (um)      (K)                  (K)        UP        LOW      (K*km/s) (erg/cm2/s)
1      -- 0          5.5    115.2712   2600.7576   49.955  1.994E+01  3.602E+01  1.466E-01  5.461E-02  1.917E+03  3.782E-05
2      -- 1         16.6    230.5380   1300.4037   49.951  6.761E+01  3.562E+01  1.958E-01  1.466E-01  1.896E+03  2.992E-04
3      -- 2         33.2    345.7960    866.9634   49.938  1.156E+02  3.497E+01  1.967E-01  1.958E-01  1.861E+03  9.912E-04
4      -- 3         55.3    461.0408    650.2515   49.907  1.397E+02  3.408E+01  1.623E-01  1.967E-01  1.814E+03  2.290E-03
5      -- 4         83.0    576.2679    520.2310   49.847  1.331E+02  3.298E+01  1.139E-01  1.623E-01  1.756E+03  4.326E-03
6      -- 5        116.2    691.4731    433.5562   49.714  1.046E+02  3.166E+01  6.905E-02  1.139E-01  1.685E+03  7.175E-03
7      -- 6        154.9    806.6518    371.6504   49.397  6.967E+01  3.005E+01  3.639E-02  6.905E-02  1.599E+03  1.081E-02
8      -- 7        199.1    921.7997    325.2252   48.508  3.992E+01  2.784E+01  1.657E-02  3.639E-02  1.482E+03  1.495E-02
9      -- 8        248.9   1036.9124    289.1203   45.532  1.998E+01  2.370E+01  6.207E-03  1.657E-02  1.262E+03  1.812E-02
10     -- 9        304.2   1151.9855    260.2398   38.020  8.541E+00  1.582E+01  1.602E-03  6.207E-03  8.422E+02  1.658E-02
11     -- 10       365.0   1267.0145    236.6133   28.989  2.502E+00  7.122E+00  2.154E-04  1.602E-03  3.791E+02  9.930E-03
12     -- 11       431.3   1381.9951    216.9273   27.845  3.449E-01  1.809E+00  2.163E-05  2.154E-04  9.631E+01  3.274E-03
13     -- 12       503.1   1496.9229    200.2725   32.692  3.362E-02  2.837E-01  2.595E-06  2.163E-05  1.510E+01  6.523E-04
14     -- 13       580.5   1611.7935    185.9993   34.272  4.030E-03  3.521E-02  2.917E-07  2.595E-06  1.874E+00  1.011E-04
15     -- 14       663.4   1726.6025    173.6314   34.830  4.551E-04  3.756E-03  2.888E-08  2.917E-07  1.999E-01  1.325E-05
16     -- 15       751.7   1841.3455    162.8116   35.845  4.505E-05  3.631E-04  2.613E-09  2.888E-08  1.933E-02  1.554E-06
