* Radex version        : 30nov2011
* Geometry             : Uniform sphere
* Molecular data file  : ./data/co.dat                                                                   
* T(kin)            [K]:    5.000
* Density of H2  [cm-3]:  1.259E+03
* Density of pH2 [cm-3]:  3.147E+02
* Density of oH2 [cm-3]:  9.442E+02
* T(background)     [K]:    2.725
* Column density [cm-2]:  1.243E+19
* Line width     [km/s]:   50.000
Calculation finished in   31 iterations
      LINE         E_UP       FREQ        WAVEL     T_EX      TAU        T_R       POP        POP       FLUX        FLUX
                   (K)        (GHz)       (um)      (K)                  (K)        UP        LOW      (K*km/s) (erg/cm2/s)
1      -- 0          5.5    115.2712   2600.7576    4.985  1.093E+02  1.884E+00  4.564E-01  4.615E-01  1.003E+02  1.978E-06
2      -- 1         16.6    230.5380   1300.4037    4.910  9.615E+01  1.104E+00  7.990E-02  4.564E-01  5.877E+01  9.273E-06
3      -- 2         33.2    345.7960    866.9634    4.178  1.660E+01  2.808E-01  2.106E-03  7.990E-02  1.495E+01  7.959E-06
4      -- 3         55.3    461.0408    650.2515    3.205  4.235E-01  5.399E-03  2.719E-06  2.106E-03  2.874E-01  3.627E-07
5      -- 4         83.0    576.2679    520.2310    3.802  5.306E-04  9.597E-06  2.302E-09  2.719E-06  5.108E-04  1.259E-09
6      -- 5        116.2    691.4731    433.5562    4.083  4.403E-07  4.243E-09  8.039E-13  2.302E-09  2.258E-07  9.615E-13
7      -- 6        154.9    806.6518    371.6504    4.388  1.514E-10  8.602E-13  1.367E-16  8.039E-13  4.579E-11  3.095E-16
8      -- 7        199.1    921.7997    325.2252    6.308  2.541E-14  1.013E-15  1.305E-19  1.367E-16  5.393E-14  5.440E-19
9      -- 8        248.9   1036.9124    289.1203   94.626  1.132E-17  0.000E+00  8.677E-20  1.305E-19  0.000E+00  0.000E+00
10     -- 9        304.2   1151.9855    260.2398  133.035  6.336E-18  0.000E+00  6.339E-20  8.677E-20  0.000E+00  0.000E+00
11     -- 10       365.0   1267.0145    236.6133  161.615  4.226E-18  0.000E+00  4.779E-20  6.339E-20  0.000E+00  0.000E+00
12     -- 11       431.3   1381.9951    216.9273  193.876  2.909E-18  0.000E+00  3.714E-20  4.779E-20  0.000E+00  0.000E+00
13     -- 12       503.1   1496.9229    200.2725  228.610  2.073E-18  0.000E+00  2.952E-20  3.714E-20  0.000E+00  0.000E+00
14     -- 13       580.5   1611.7935    185.9993  266.306  1.516E-18  0.000E+00  2.393E-20  2.952E-20  0.000E+00  0.000E+00
15     -- 14       663.4   1726.6025    173.6314  307.836  1.131E-18  0.000E+00  2.004E-20  2.393E-20  0.000E+00  0.000E+00
16     -- 15       751.7   1841.3455    162.8116  351.933  8.613E-19  0.000E+00  1.712E-20  2.004E-20  0.000E+00  0.000E+00
