* Radex version        : 30nov2011
* Geometry             : Uniform sphere
* Molecular data file  : ./data/co.dat                                                                   
* T(kin)            [K]:   55.000
* Density of H2  [cm-3]:  1.995E+06
* Density of pH2 [cm-3]:  4.988E+05
* Density of oH2 [cm-3]:  1.496E+06
* T(background)     [K]:   13.800
* Column density [cm-2]:  3.079E+21
* Line width     [km/s]:   50.000
Calculation finished in   26 iterations
      LINE         E_UP       FREQ        WAVEL     T_EX      TAU        T_R       POP        POP       FLUX        FLUX
                   (K)        (GHz)       (um)      (K)                  (K)        UP        LOW      (K*km/s) (erg/cm2/s)
1      -- 0          5.5    115.2712   2600.7576   55.000  4.140E+02  4.106E+01  1.342E-01  4.945E-02  2.186E+03  4.311E-05
2      -- 1         16.6    230.5380   1300.4037   55.000  1.425E+03  4.065E+01  1.828E-01  1.342E-01  2.164E+03  3.414E-04
3      -- 2         33.2    345.7960    866.9634   55.000  2.497E+03  3.999E+01  1.893E-01  1.828E-01  2.129E+03  1.133E-03
4      -- 3         55.3    461.0408    650.2515   55.000  3.125E+03  3.910E+01  1.628E-01  1.893E-01  2.081E+03  2.627E-03
5      -- 4         83.0    576.2679    520.2310   55.000  3.111E+03  3.802E+01  1.203E-01  1.628E-01  2.023E+03  4.987E-03
6      -- 5        116.2    691.4731    433.5562   54.999  2.582E+03  3.677E+01  7.778E-02  1.203E-01  1.957E+03  8.333E-03
7      -- 6        154.9    806.6518    371.6504   54.999  1.834E+03  3.540E+01  4.439E-02  7.778E-02  1.884E+03  1.274E-02
8      -- 7        199.1    921.7997    325.2252   54.998  1.130E+03  3.394E+01  2.251E-02  4.439E-02  1.807E+03  1.822E-02
9      -- 8        248.9   1036.9124    289.1203   54.995  6.107E+02  3.243E+01  1.018E-02  2.251E-02  1.726E+03  2.478E-02
10     -- 9        304.2   1151.9855    260.2398   54.986  2.911E+02  3.087E+01  4.116E-03  1.018E-02  1.643E+03  3.235E-02
11     -- 10       365.0   1267.0145    236.6133   54.959  1.232E+02  2.930E+01  1.491E-03  4.116E-03  1.559E+03  4.085E-02
12     -- 11       431.3   1381.9951    216.9273   54.872  4.633E+01  2.769E+01  4.838E-04  1.491E-03  1.474E+03  5.009E-02
13     -- 12       503.1   1496.9229    200.2725   54.471  1.557E+01  2.583E+01  1.397E-04  4.838E-04  1.375E+03  5.939E-02
14     -- 13       580.5   1611.7935    185.9993   52.251  4.703E+00  2.230E+01  3.415E-05  1.397E-04  1.187E+03  6.399E-02
15     -- 14       663.4   1726.6025    173.6314   48.148  1.211E+00  1.253E+01  6.530E-06  3.415E-05  6.670E+02  4.422E-02
16     -- 15       751.7   1841.3455    162.8116   47.274  2.365E-01  3.364E+00  1.072E-06  6.530E-06  1.790E+02  1.439E-02
