* Radex version        : 30nov2011
* Geometry             : Uniform sphere
* Molecular data file  : ./data/co.dat                                                                   
* T(kin)            [K]:   55.000
* Density of H2  [cm-3]:  7.943E+03
* Density of pH2 [cm-3]:  1.986E+03
* Density of oH2 [cm-3]:  5.957E+03
* T(background)     [K]:   13.800
* Column density [cm-2]:  1.226E+19
* Line width     [km/s]:   50.000
Calculation finished in   34 iterations
      LINE         E_UP       FREQ        WAVEL     T_EX      TAU        T_R       POP        POP       FLUX        FLUX
                   (K)        (GHz)       (um)      (K)                  (K)        UP        LOW      (K*km/s) (erg/cm2/s)
1      -- 0          5.5    115.2712   2600.7576   55.014  2.006E+00  3.555E+01  1.633E-01  6.019E-02  1.892E+03  3.732E-05
2      -- 1         16.6    230.5380   1300.4037   49.927  7.532E+00  3.558E+01  2.181E-01  1.633E-01  1.894E+03  2.988E-04
3      -- 2         33.2    345.7960    866.9634   48.669  1.315E+01  3.372E+01  2.171E-01  2.181E-01  1.794E+03  9.556E-04
4      -- 3         55.3    461.0408    650.2515   45.874  1.648E+01  3.012E+01  1.723E-01  2.171E-01  1.603E+03  2.023E-03
5      -- 4         83.0    576.2679    520.2310   41.056  1.626E+01  2.446E+01  1.074E-01  1.723E-01  1.302E+03  3.209E-03
6      -- 5        116.2    691.4731    433.5562   33.854  1.265E+01  1.664E+01  4.761E-02  1.074E-01  8.855E+02  3.770E-03
7      -- 6        154.9    806.6518    371.6504   25.789  6.872E+00  8.601E+00  1.224E-02  4.761E-02  4.578E+02  3.095E-03
8      -- 7        199.1    921.7997    325.2252   20.494  1.986E+00  3.371E+00  1.602E-03  1.224E-02  1.794E+02  1.810E-03
9      -- 8        248.9   1036.9124    289.1203   21.204  2.629E-01  8.958E-01  1.713E-04  1.602E-03  4.768E+01  6.846E-04
10     -- 9        304.2   1151.9855    260.2398   25.710  2.718E-02  1.679E-01  2.205E-05  1.713E-04  8.937E+00  1.759E-04
11     -- 10       365.0   1267.0145    236.6133   29.390  3.429E-03  2.753E-02  3.051E-06  2.205E-05  1.465E+00  3.838E-05
12     -- 11       431.3   1381.9951    216.9273   31.867  4.710E-04  4.194E-03  4.137E-07  3.051E-06  2.232E-01  7.588E-06
13     -- 12       503.1   1496.9229    200.2725   34.014  6.359E-05  6.036E-04  5.405E-08  4.137E-07  3.212E-02  1.388E-06
14     -- 13       580.5   1611.7935    185.9993   34.820  8.359E-06  7.626E-05  6.296E-09  5.405E-08  4.059E-03  2.189E-07
15     -- 14       663.4   1726.6025    173.6314   34.783  9.827E-07  8.082E-06  6.214E-10  6.296E-09  4.302E-04  2.852E-08
16     -- 15       751.7   1841.3455    162.8116   36.776  9.636E-08  8.327E-07  5.983E-11  6.214E-10  4.432E-05  3.563E-09
