* Radex version        : 30nov2011
* Geometry             : Uniform sphere
* Molecular data file  : ./data/co.dat                                                                   
* T(kin)            [K]:   50.000
* Density of H2  [cm-3]:  7.943E+05
* Density of pH2 [cm-3]:  1.986E+05
* Density of oH2 [cm-3]:  5.957E+05
* T(background)     [K]:   13.800
* Column density [cm-2]:  1.226E+21
* Line width     [km/s]:   50.000
Calculation finished in   29 iterations
      LINE         E_UP       FREQ        WAVEL     T_EX      TAU        T_R       POP        POP       FLUX        FLUX
                   (K)        (GHz)       (um)      (K)                  (K)        UP        LOW      (K*km/s) (erg/cm2/s)
1      -- 0          5.5    115.2712   2600.7576   50.000  1.981E+02  3.607E+01  1.459E-01  5.431E-02  1.920E+03  3.787E-05
2      -- 1         16.6    230.5380   1300.4037   50.000  6.719E+02  3.567E+01  1.948E-01  1.459E-01  1.899E+03  2.996E-04
3      -- 2         33.2    345.7960    866.9634   49.999  1.149E+03  3.503E+01  1.957E-01  1.948E-01  1.865E+03  9.929E-04
4      -- 3         55.3    461.0408    650.2515   49.999  1.389E+03  3.418E+01  1.617E-01  1.957E-01  1.819E+03  2.296E-03
5      -- 4         83.0    576.2679    520.2310   49.998  1.322E+03  3.313E+01  1.136E-01  1.617E-01  1.763E+03  4.346E-03
6      -- 5        116.2    691.4731    433.5562   49.997  1.040E+03  3.193E+01  6.915E-02  1.136E-01  1.700E+03  7.237E-03
7      -- 6        154.9    806.6518    371.6504   49.994  6.922E+02  3.062E+01  3.678E-02  6.915E-02  1.630E+03  1.102E-02
8      -- 7        199.1    921.7997    325.2252   49.986  3.962E+02  2.922E+01  1.721E-02  3.678E-02  1.555E+03  1.569E-02
9      -- 8        248.9   1036.9124    289.1203   49.965  1.968E+02  2.776E+01  7.103E-03  1.721E-02  1.477E+03  2.121E-02
10     -- 9        304.2   1151.9855    260.2398   49.896  8.542E+01  2.623E+01  2.592E-03  7.103E-03  1.396E+03  2.749E-02
11     -- 10       365.0   1267.0145    236.6133   49.650  3.258E+01  2.455E+01  8.342E-04  2.592E-03  1.307E+03  3.423E-02
12     -- 11       431.3   1381.9951    216.9273   48.321  1.099E+01  2.197E+01  2.298E-04  8.342E-04  1.169E+03  3.975E-02
13     -- 12       503.1   1496.9229    200.2725   43.694  3.243E+00  1.615E+01  4.794E-05  2.298E-04  8.595E+02  3.713E-02
14     -- 13       580.5   1611.7935    185.9993   39.570  7.139E-01  6.364E+00  7.291E-06  4.794E-05  3.387E+02  1.827E-02
15     -- 14       663.4   1726.6025    173.6314   39.855  1.097E-01  1.209E+00  9.745E-07  7.291E-06  6.435E+01  4.266E-03
16     -- 15       751.7   1841.3455    162.8116   40.943  1.470E-02  1.662E-01  1.198E-07  9.745E-07  8.847E+00  7.113E-04
