* Radex version        : 30nov2011
* Geometry             : Uniform sphere
* Molecular data file  : ./data/co.dat                                                                   
* T(kin)            [K]:   50.000
* Density of H2  [cm-3]:  2.512E+04
* Density of pH2 [cm-3]:  6.280E+03
* Density of oH2 [cm-3]:  1.884E+04
* T(background)     [K]:   13.800
* Column density [cm-2]:  3.876E+19
* Line width     [km/s]:   50.000
Calculation finished in   36 iterations
      LINE         E_UP       FREQ        WAVEL     T_EX      TAU        T_R       POP        POP       FLUX        FLUX
                   (K)        (GHz)       (um)      (K)                  (K)        UP        LOW      (K*km/s) (erg/cm2/s)
1      -- 0          5.5    115.2712   2600.7576   49.667  6.535E+00  3.568E+01  1.511E-01  5.629E-02  1.899E+03  3.746E-05
2      -- 1         16.6    230.5380   1300.4037   49.527  2.219E+01  3.520E+01  2.014E-01  1.511E-01  1.874E+03  2.956E-04
3      -- 2         33.2    345.7960    866.9634   49.402  3.792E+01  3.444E+01  2.015E-01  2.014E-01  1.833E+03  9.762E-04
4      -- 3         55.3    461.0408    650.2515   49.103  4.586E+01  3.329E+01  1.651E-01  2.015E-01  1.772E+03  2.236E-03
5      -- 4         83.0    576.2679    520.2310   48.485  4.369E+01  3.166E+01  1.140E-01  1.651E-01  1.685E+03  4.152E-03
6      -- 5        116.2    691.4731    433.5562   47.020  3.443E+01  2.907E+01  6.655E-02  1.140E-01  1.547E+03  6.588E-03
7      -- 6        154.9    806.6518    371.6504   43.452  2.305E+01  2.444E+01  3.150E-02  6.655E-02  1.301E+03  8.793E-03
8      -- 7        199.1    921.7997    325.2252   36.262  1.288E+01  1.666E+01  1.054E-02  3.150E-02  8.869E+02  8.946E-03
9      -- 8        248.9   1036.9124    289.1203   27.191  5.077E+00  8.066E+00  1.889E-03  1.054E-02  4.293E+02  6.164E-03
10     -- 9        304.2   1151.9855    260.2398   22.616  9.798E-01  2.640E+00  1.812E-04  1.889E-03  1.405E+02  2.767E-03
11     -- 10       365.0   1267.0145    236.6133   25.814  9.232E-02  4.956E-01  1.882E-05  1.812E-04  2.638E+01  6.909E-04
12     -- 11       431.3   1381.9951    216.9273   30.095  9.338E-03  7.140E-02  2.258E-06  1.882E-05  3.800E+00  1.292E-04
13     -- 12       503.1   1496.9229    200.2725   32.623  1.110E-03  9.471E-03  2.696E-07  2.258E-06  5.041E-01  2.178E-05
14     -- 13       580.5   1611.7935    185.9993   33.331  1.333E-04  1.085E-03  2.843E-08  2.696E-07  5.775E-02  3.114E-06
15     -- 14       663.4   1726.6025    173.6314   33.472  1.416E-05  1.049E-04  2.556E-09  2.843E-08  5.581E-03  3.700E-07
16     -- 15       751.7   1841.3455    162.8116   34.945  1.268E-06  9.527E-06  2.170E-10  2.556E-09  5.071E-04  4.077E-08
