* Radex version        : 30nov2011
* Geometry             : Uniform sphere
* Molecular data file  : ./data/co.dat                                                                   
* T(kin)            [K]:   55.000
* Density of H2  [cm-3]:  1.259E+06
* Density of pH2 [cm-3]:  3.147E+05
* Density of oH2 [cm-3]:  9.442E+05
* T(background)     [K]:   13.800
* Column density [cm-2]:  1.943E+21
* Line width     [km/s]:   50.000
Calculation finished in   28 iterations
      LINE         E_UP       FREQ        WAVEL     T_EX      TAU        T_R       POP        POP       FLUX        FLUX
                   (K)        (GHz)       (um)      (K)                  (K)        UP        LOW      (K*km/s) (erg/cm2/s)
1      -- 0          5.5    115.2712   2600.7576   55.000  2.612E+02  4.106E+01  1.342E-01  4.945E-02  2.186E+03  4.311E-05
2      -- 1         16.6    230.5380   1300.4037   55.000  8.991E+02  4.065E+01  1.829E-01  1.342E-01  2.164E+03  3.414E-04
3      -- 2         33.2    345.7960    866.9634   55.000  1.575E+03  3.999E+01  1.893E-01  1.829E-01  2.129E+03  1.133E-03
4      -- 3         55.3    461.0408    650.2515   55.000  1.972E+03  3.910E+01  1.628E-01  1.893E-01  2.081E+03  2.627E-03
5      -- 4         83.0    576.2679    520.2310   54.999  1.963E+03  3.802E+01  1.203E-01  1.628E-01  2.023E+03  4.987E-03
6      -- 5        116.2    691.4731    433.5562   54.999  1.629E+03  3.677E+01  7.778E-02  1.203E-01  1.957E+03  8.333E-03
7      -- 6        154.9    806.6518    371.6504   54.997  1.157E+03  3.540E+01  4.439E-02  7.778E-02  1.884E+03  1.274E-02
8      -- 7        199.1    921.7997    325.2252   54.994  7.131E+02  3.394E+01  2.251E-02  4.439E-02  1.806E+03  1.822E-02
9      -- 8        248.9   1036.9124    289.1203   54.987  3.853E+02  3.242E+01  1.018E-02  2.251E-02  1.725E+03  2.477E-02
10     -- 9        304.2   1151.9855    260.2398   54.966  1.837E+02  3.086E+01  4.113E-03  1.018E-02  1.642E+03  3.233E-02
11     -- 10       365.0   1267.0145    236.6133   54.896  7.771E+01  2.924E+01  1.488E-03  4.113E-03  1.556E+03  4.077E-02
12     -- 11       431.3   1381.9951    216.9273   54.664  2.924E+01  2.750E+01  4.807E-04  1.488E-03  1.464E+03  4.976E-02
13     -- 12       503.1   1496.9229    200.2725   53.424  9.852E+00  2.492E+01  1.353E-04  4.807E-04  1.327E+03  5.731E-02
14     -- 13       580.5   1611.7935    185.9993   49.013  2.952E+00  1.879E+01  2.999E-05  1.353E-04  1.000E+03  5.393E-02
15     -- 14       663.4   1726.6025    173.6314   44.902  6.882E-01  7.632E+00  5.063E-06  2.999E-05  4.062E+02  2.693E-02
16     -- 15       751.7   1841.3455    162.8116   45.419  1.173E-01  1.614E+00  7.701E-07  5.063E-06  8.590E+01  6.907E-03
