* Radex version        : 30nov2011
* Geometry             : Uniform sphere
* Molecular data file  : ./data/co.dat                                                                   
* T(kin)            [K]:   50.000
* Density of H2  [cm-3]:  1.000E+06
* Density of pH2 [cm-3]:  2.500E+05
* Density of oH2 [cm-3]:  7.500E+05
* T(background)     [K]:   13.800
* Column density [cm-2]:  1.543E+21
* Line width     [km/s]:   50.000
Calculation finished in   28 iterations
      LINE         E_UP       FREQ        WAVEL     T_EX      TAU        T_R       POP        POP       FLUX        FLUX
                   (K)        (GHz)       (um)      (K)                  (K)        UP        LOW      (K*km/s) (erg/cm2/s)
1      -- 0          5.5    115.2712   2600.7576   50.000  2.494E+02  3.607E+01  1.459E-01  5.431E-02  1.920E+03  3.787E-05
2      -- 1         16.6    230.5380   1300.4037   50.000  8.458E+02  3.567E+01  1.948E-01  1.459E-01  1.899E+03  2.996E-04
3      -- 2         33.2    345.7960    866.9634   50.000  1.446E+03  3.503E+01  1.957E-01  1.948E-01  1.865E+03  9.929E-04
4      -- 3         55.3    461.0408    650.2515   49.999  1.748E+03  3.418E+01  1.617E-01  1.957E-01  1.819E+03  2.296E-03
5      -- 4         83.0    576.2679    520.2310   49.999  1.665E+03  3.313E+01  1.136E-01  1.617E-01  1.763E+03  4.346E-03
6      -- 5        116.2    691.4731    433.5562   49.998  1.309E+03  3.193E+01  6.915E-02  1.136E-01  1.700E+03  7.237E-03
7      -- 6        154.9    806.6518    371.6504   49.996  8.714E+02  3.062E+01  3.679E-02  6.915E-02  1.630E+03  1.102E-02
8      -- 7        199.1    921.7997    325.2252   49.991  4.988E+02  2.922E+01  1.721E-02  3.679E-02  1.555E+03  1.569E-02
9      -- 8        248.9   1036.9124    289.1203   49.978  2.478E+02  2.777E+01  7.105E-03  1.721E-02  1.478E+03  2.122E-02
10     -- 9        304.2   1151.9855    260.2398   49.934  1.075E+02  2.627E+01  2.595E-03  7.105E-03  1.398E+03  2.752E-02
11     -- 10       365.0   1267.0145    236.6133   49.786  4.101E+01  2.467E+01  8.380E-04  2.595E-03  1.313E+03  3.440E-02
12     -- 11       431.3   1381.9951    216.9273   49.024  1.380E+01  2.257E+01  2.355E-04  8.380E-04  1.201E+03  4.084E-02
13     -- 12       503.1   1496.9229    200.2725   45.599  4.111E+00  1.805E+01  5.261E-05  2.355E-04  9.605E+02  4.149E-02
14     -- 13       580.5   1611.7935    185.9993   41.137  9.737E-01  8.486E+00  8.619E-06  5.261E-05  4.517E+02  2.436E-02
15     -- 14       663.4   1726.6025    173.6314   40.654  1.623E-01  1.828E+00  1.200E-06  8.619E-06  9.732E+01  6.451E-03
16     -- 15       751.7   1841.3455    162.8116   41.715  2.266E-02  2.673E-01  1.536E-07  1.200E-06  1.423E+01  1.144E-03
