* Radex version        : 30nov2011
* Geometry             : Uniform sphere
* Molecular data file  : ./data/co.dat                                                                   
* T(kin)            [K]:   50.000
* Density of H2  [cm-3]:  5.012E+03
* Density of pH2 [cm-3]:  1.253E+03
* Density of oH2 [cm-3]:  3.759E+03
* T(background)     [K]:   13.800
* Column density [cm-2]:  7.733E+18
* Line width     [km/s]:   50.000
Calculation finished in   33 iterations
      LINE         E_UP       FREQ        WAVEL     T_EX      TAU        T_R       POP        POP       FLUX        FLUX
                   (K)        (GHz)       (um)      (K)                  (K)        UP        LOW      (K*km/s) (erg/cm2/s)
1      -- 0          5.5    115.2712   2600.7576   49.578  1.658E+00  2.886E+01  1.918E-01  7.148E-02  1.536E+03  3.030E-05
2      -- 1         16.6    230.5380   1300.4037   42.436  6.445E+00  2.810E+01  2.463E-01  1.918E-01  1.496E+03  2.360E-04
3      -- 2         33.2    345.7960    866.9634   40.212  1.097E+01  2.536E+01  2.282E-01  2.463E-01  1.350E+03  7.187E-04
4      -- 3         55.3    461.0408    650.2515   36.090  1.309E+01  2.058E+01  1.589E-01  2.282E-01  1.095E+03  1.382E-03
5      -- 4         83.0    576.2679    520.2310   30.089  1.161E+01  1.404E+01  7.748E-02  1.589E-01  7.473E+02  1.842E-03
6      -- 5        116.2    691.4731    433.5562   23.394  6.987E+00  7.298E+00  2.216E-02  7.748E-02  3.884E+02  1.654E-03
7      -- 6        154.9    806.6518    371.6504   18.829  2.265E+00  2.857E+00  3.272E-03  2.216E-02  1.521E+02  1.028E-03
8      -- 7        199.1    921.7997    325.2252   18.648  3.433E-01  7.793E-01  3.459E-04  3.272E-03  4.148E+01  4.184E-04
9      -- 8        248.9   1036.9124    289.1203   21.646  3.562E-02  1.456E-01  3.880E-05  3.459E-04  7.752E+00  1.113E-04
10     -- 9        304.2   1151.9855    260.2398   25.287  3.902E-03  2.325E-02  4.817E-06  3.880E-05  1.238E+00  2.437E-05
11     -- 10       365.0   1267.0145    236.6133   27.776  4.804E-04  3.323E-03  5.909E-07  4.817E-06  1.769E-01  4.633E-06
12     -- 11       431.3   1381.9951    216.9273   29.658  5.874E-05  4.339E-04  6.863E-08  5.909E-07  2.310E-02  7.851E-07
13     -- 12       503.1   1496.9229    200.2725   31.764  6.783E-06  5.398E-05  7.721E-09  6.863E-08  2.873E-03  1.241E-07
14     -- 13       580.5   1611.7935    185.9993   32.346  7.677E-07  5.761E-06  7.588E-10  7.721E-09  3.066E-04  1.654E-08
15     -- 14       663.4   1726.6025    173.6314   32.324  7.598E-08  5.099E-07  6.248E-11  7.588E-10  2.714E-05  1.799E-09
16     -- 15       751.7   1841.3455    162.8116   34.097  6.217E-09  4.356E-08  4.981E-12  6.248E-11  2.319E-06  1.864E-10
