* Radex version        : 30nov2011
* Geometry             : Uniform sphere
* Molecular data file  : ./data/co.dat                                                                   
* T(kin)            [K]:   55.000
* Density of H2  [cm-3]:  1.259E+02
* Density of pH2 [cm-3]:  3.147E+01
* Density of oH2 [cm-3]:  9.442E+01
* T(background)     [K]:   13.800
* Column density [cm-2]:  1.943E+17
* Line width     [km/s]:   50.000
Calculation finished in   13 iterations
      LINE         E_UP       FREQ        WAVEL     T_EX      TAU        T_R       POP        POP       FLUX        FLUX
                   (K)        (GHz)       (um)      (K)                  (K)        UP        LOW      (K*km/s) (erg/cm2/s)
1      -- 0          5.5    115.2712   2600.7576   15.676  2.895E-01  4.660E-01  3.718E-01  1.764E-01  2.480E+01  4.892E-07
2      -- 1         16.6    230.5380   1300.4037   14.414  7.328E-01  3.028E-01  2.876E-01  3.718E-01  1.612E+01  2.543E-06
3      -- 2         33.2    345.7960    866.9634   14.147  6.570E-01  1.487E-01  1.246E-01  2.876E-01  7.914E+00  4.214E-06
4      -- 3         55.3    461.0408    650.2515   14.055  3.106E-01  5.536E-02  3.318E-02  1.246E-01  2.947E+00  3.719E-06
5      -- 4         83.0    576.2679    520.2310   14.064  8.708E-02  1.603E-02  5.676E-03  3.318E-02  8.534E-01  2.103E-06
6      -- 5        116.2    691.4731    433.5562   14.195  1.533E-02  3.837E-03  6.475E-04  5.676E-03  2.043E-01  8.697E-07
7      -- 6        154.9    806.6518    371.6504   14.625  1.771E-03  8.142E-04  5.295E-05  6.475E-04  4.334E-02  2.929E-07
8      -- 7        199.1    921.7997    325.2252   15.999  1.442E-04  1.592E-04  3.779E-06  5.295E-05  8.474E-03  8.548E-08
9      -- 8        248.9   1036.9124    289.1203   19.562  1.001E-05  2.857E-05  3.318E-07  3.779E-06  1.521E-03  2.183E-08
10     -- 9        304.2   1151.9855    260.2398   24.651  8.440E-07  4.677E-06  3.893E-08  3.318E-07  2.489E-04  4.901E-09
11     -- 10       365.0   1267.0145    236.6133   28.153  9.717E-08  6.973E-07  4.918E-09  3.893E-08  3.712E-05  9.722E-10
12     -- 11       431.3   1381.9951    216.9273   30.427  1.219E-08  9.643E-08  6.044E-10  4.918E-09  5.132E-06  1.745E-10
13     -- 12       503.1   1496.9229    200.2725   33.372  1.481E-09  1.339E-08  7.582E-11  6.044E-10  7.128E-07  3.079E-11
14     -- 13       580.5   1611.7935    185.9993   34.092  1.869E-10  1.614E-09  8.422E-12  7.582E-11  8.591E-08  4.633E-12
15     -- 14       663.4   1726.6025    173.6314   33.277  2.105E-11  1.534E-10  7.463E-13  8.422E-12  8.163E-09  5.411E-13
16     -- 15       751.7   1841.3455    162.8116   36.271  1.840E-12  1.532E-11  6.950E-14  7.463E-13  8.154E-10  6.556E-14
