* Radex version        : 30nov2011
* Geometry             : Uniform sphere
* Molecular data file  : ./data/co.dat                                                                   
* T(kin)            [K]:   55.000
* Density of H2  [cm-3]:  1.585E+02
* Density of pH2 [cm-3]:  3.962E+01
* Density of oH2 [cm-3]:  1.189E+02
* T(background)     [K]:   13.800
* Column density [cm-2]:  2.445E+17
* Line width     [km/s]:   50.000
Calculation finished in   16 iterations
      LINE         E_UP       FREQ        WAVEL     T_EX      TAU        T_R       POP        POP       FLUX        FLUX
                   (K)        (GHz)       (um)      (K)                  (K)        UP        LOW      (K*km/s) (erg/cm2/s)
1      -- 0          5.5    115.2712   2600.7576   16.240  3.480E-01  7.090E-01  3.701E-01  1.735E-01  3.774E+01  7.444E-07
2      -- 1         16.6    230.5380   1300.4037   14.615  9.099E-01  4.630E-01  2.894E-01  3.701E-01  2.464E+01  3.889E-06
3      -- 2         33.2    345.7960    866.9634   14.258  8.287E-01  2.301E-01  1.265E-01  2.894E-01  1.225E+01  6.522E-06
4      -- 3         55.3    461.0408    650.2515   14.127  3.962E-01  8.706E-02  3.396E-02  1.265E-01  4.634E+00  5.848E-06
5      -- 4         83.0    576.2679    520.2310   14.131  1.120E-01  2.551E-02  5.863E-03  3.396E-02  1.358E+00  3.347E-06
6      -- 5        116.2    691.4731    433.5562   14.287  1.990E-02  6.139E-03  6.790E-04  5.863E-03  3.267E-01  1.391E-06
7      -- 6        154.9    806.6518    371.6504   14.798  2.332E-03  1.305E-03  5.726E-05  6.790E-04  6.946E-02  4.695E-07
8      -- 7        199.1    921.7997    325.2252   16.364  1.955E-04  2.555E-04  4.346E-06  5.726E-05  1.360E-02  1.372E-07
9      -- 8        248.9   1036.9124    289.1203   20.106  1.441E-05  4.587E-05  4.088E-07  4.346E-06  2.442E-03  3.506E-08
10     -- 9        304.2   1151.9855    260.2398   24.978  1.305E-06  7.516E-06  4.940E-08  4.088E-07  4.001E-04  7.876E-09
11     -- 10       365.0   1267.0145    236.6133   28.231  1.551E-07  1.121E-06  6.278E-09  4.940E-08  5.969E-05  1.564E-09
12     -- 11       431.3   1381.9951    216.9273   30.446  1.959E-08  1.552E-07  7.726E-10  6.278E-09  8.260E-06  2.808E-10
13     -- 12       503.1   1496.9229    200.2725   33.374  2.383E-09  2.156E-08  9.694E-11  7.726E-10  1.147E-06  4.956E-11
14     -- 13       580.5   1611.7935    185.9993   34.094  3.008E-10  2.598E-09  1.077E-11  9.694E-11  1.383E-07  7.458E-12
15     -- 14       663.4   1726.6025    173.6314   33.289  3.389E-11  2.471E-10  9.553E-13  1.077E-11  1.315E-08  8.719E-13
16     -- 15       751.7   1841.3455    162.8116   36.272  2.965E-12  2.469E-11  8.896E-14  9.553E-13  1.314E-09  1.056E-13
