* Radex version        : 30nov2011
* Geometry             : Uniform sphere
* Molecular data file  : ./data/co.dat                                                                   
* T(kin)            [K]:   50.000
* Density of H2  [cm-3]:  1.585E+04
* Density of pH2 [cm-3]:  3.962E+03
* Density of oH2 [cm-3]:  1.189E+04
* T(background)     [K]:   13.800
* Column density [cm-2]:  2.445E+19
* Line width     [km/s]:   50.000
Calculation finished in   36 iterations
      LINE         E_UP       FREQ        WAVEL     T_EX      TAU        T_R       POP        POP       FLUX        FLUX
                   (K)        (GHz)       (um)      (K)                  (K)        UP        LOW      (K*km/s) (erg/cm2/s)
1      -- 0          5.5    115.2712   2600.7576   49.448  4.285E+00  3.503E+01  1.563E-01  5.826E-02  1.864E+03  3.677E-05
2      -- 1         16.6    230.5380   1300.4037   48.857  1.466E+01  3.453E+01  2.077E-01  1.563E-01  1.838E+03  2.900E-04
3      -- 2         33.2    345.7960    866.9634   48.567  2.503E+01  3.361E+01  2.066E-01  2.077E-01  1.789E+03  9.527E-04
4      -- 3         55.3    461.0408    650.2515   47.821  3.030E+01  3.203E+01  1.672E-01  2.066E-01  1.705E+03  2.152E-03
5      -- 4         83.0    576.2679    520.2310   46.249  2.891E+01  2.948E+01  1.124E-01  1.672E-01  1.569E+03  3.867E-03
6      -- 5        116.2    691.4731    433.5562   42.767  2.283E+01  2.501E+01  6.114E-02  1.124E-01  1.331E+03  5.667E-03
7      -- 6        154.9    806.6518    371.6504   36.219  1.488E+01  1.775E+01  2.422E-02  6.114E-02  9.450E+02  6.388E-03
8      -- 7        199.1    921.7997    325.2252   27.595  7.080E+00  9.270E+00  5.525E-03  2.422E-02  4.934E+02  4.977E-03
9      -- 8        248.9   1036.9124    289.1203   21.595  1.800E+00  3.446E+00  6.164E-04  5.525E-03  1.834E+02  2.634E-03
10     -- 9        304.2   1151.9855    260.2398   22.754  2.014E-01  7.868E-01  5.999E-05  6.164E-04  4.188E+01  8.245E-04
11     -- 10       365.0   1267.0145    236.6133   27.165  1.903E-02  1.227E-01  7.006E-06  5.999E-05  6.529E+00  1.710E-04
12     -- 11       431.3   1381.9951    216.9273   30.226  2.191E-03  1.701E-02  8.486E-07  7.006E-06  9.051E-01  3.077E-05
13     -- 12       503.1   1496.9229    200.2725   32.396  2.638E-04  2.211E-03  9.977E-08  8.486E-07  1.177E-01  5.083E-06
14     -- 13       580.5   1611.7935    185.9993   32.899  3.124E-05  2.455E-04  1.021E-08  9.977E-08  1.307E-02  7.046E-07
15     -- 14       663.4   1726.6025    173.6314   33.201  3.214E-06  2.326E-05  8.994E-10  1.021E-08  1.238E-03  8.207E-08
16     -- 15       751.7   1841.3455    162.8116   34.555  2.822E-07  2.054E-06  7.420E-11  8.994E-10  1.093E-04  8.790E-09
