* Radex version        : 30nov2011
* Geometry             : Uniform sphere
* Molecular data file  : ./data/co.dat                                                                   
* T(kin)            [K]:    5.000
* Density of H2  [cm-3]:  1.585E+03
* Density of pH2 [cm-3]:  3.962E+02
* Density of oH2 [cm-3]:  1.189E+03
* T(background)     [K]:    2.725
* Column density [cm-2]:  1.565E+19
* Line width     [km/s]:   50.000
Calculation finished in   31 iterations
      LINE         E_UP       FREQ        WAVEL     T_EX      TAU        T_R       POP        POP       FLUX        FLUX
                   (K)        (GHz)       (um)      (K)                  (K)        UP        LOW      (K*km/s) (erg/cm2/s)
1      -- 0          5.5    115.2712   2600.7576    4.990  1.372E+02  1.888E+00  4.558E-01  4.605E-01  1.005E+02  1.982E-06
2      -- 1         16.6    230.5380   1300.4037    4.947  1.206E+02  1.129E+00  8.114E-02  4.558E-01  6.008E+01  9.480E-06
3      -- 2         33.2    345.7960    866.9634    4.385  2.114E+01  3.480E-01  2.580E-03  8.114E-02  1.852E+01  9.863E-06
4      -- 3         55.3    461.0408    650.2515    3.261  6.530E-01  8.854E-03  3.753E-06  2.580E-03  4.713E-01  5.948E-07
5      -- 4         83.0    576.2679    520.2310    3.828  9.220E-04  1.757E-05  3.340E-09  3.753E-06  9.352E-04  2.305E-09
6      -- 5        116.2    691.4731    433.5562    4.072  8.040E-07  7.568E-09  1.139E-12  3.340E-09  4.028E-07  1.715E-12
7      -- 6        154.9    806.6518    371.6504    4.400  2.702E-10  1.571E-12  1.983E-16  1.139E-12  8.362E-11  5.652E-16
8      -- 7        199.1    921.7997    325.2252    5.819  4.644E-14  1.025E-15  7.974E-20  1.983E-16  5.455E-14  5.502E-19
9      -- 8        248.9   1036.9124    289.1203   89.042  9.437E-18  0.000E+00  5.361E-20  7.974E-20  0.000E+00  0.000E+00
10     -- 9        304.2   1151.9855    260.2398  133.112  4.444E-18  0.000E+00  4.056E-20  5.361E-20  0.000E+00  0.000E+00
11     -- 10       365.0   1267.0145    236.6133  161.648  2.964E-18  0.000E+00  3.182E-20  4.056E-20  0.000E+00  0.000E+00
12     -- 11       431.3   1381.9951    216.9273  193.876  2.041E-18  0.000E+00  2.578E-20  3.182E-20  0.000E+00  0.000E+00
13     -- 12       503.1   1496.9229    200.2725  228.573  1.454E-18  0.000E+00  2.146E-20  2.578E-20  0.000E+00  0.000E+00
14     -- 13       580.5   1611.7935    185.9993  266.293  1.063E-18  0.000E+00  1.830E-20  2.146E-20  0.000E+00  0.000E+00
15     -- 14       663.4   1726.6025    173.6314  307.684  7.929E-19  0.000E+00  1.593E-20  1.830E-20  0.000E+00  0.000E+00
16     -- 15       751.7   1841.3455    162.8116  351.733  6.039E-19  0.000E+00  1.411E-20  1.593E-20  0.000E+00  0.000E+00
