* Radex version        : 30nov2011
* Geometry             : Uniform sphere
* Molecular data file  : ./data/co.dat                                                                   
* T(kin)            [K]:    5.000
* Density of H2  [cm-3]:  1.995E+04
* Density of pH2 [cm-3]:  4.988E+03
* Density of oH2 [cm-3]:  1.496E+04
* T(background)     [K]:    2.725
* Column density [cm-2]:  1.970E+20
* Line width     [km/s]:   50.000
Calculation finished in   25 iterations
      LINE         E_UP       FREQ        WAVEL     T_EX      TAU        T_R       POP        POP       FLUX        FLUX
                   (K)        (GHz)       (um)      (K)                  (K)        UP        LOW      (K*km/s) (erg/cm2/s)
1      -- 0          5.5    115.2712   2600.7576    5.000  1.717E+03  1.897E+00  4.547E-01  4.582E-01  1.010E+02  1.992E-06
2      -- 1         16.6    230.5380   1300.4037    5.000  1.511E+03  1.164E+00  8.288E-02  4.547E-01  6.198E+01  9.780E-06
3      -- 2         33.2    345.7960    866.9634    4.996  2.681E+02  5.836E-01  4.187E-03  8.288E-02  3.106E+01  1.654E-05
4      -- 3         55.3    461.0408    650.2515    4.813  1.322E+01  2.187E-01  5.425E-05  4.187E-03  1.164E+01  1.469E-05
5      -- 4         83.0    576.2679    520.2310    4.019  1.678E-01  4.223E-03  6.809E-08  5.425E-05  2.248E-01  5.540E-07
6      -- 5        116.2    691.4731    433.5562    4.458  2.063E-04  3.974E-06  4.709E-11  6.809E-08  2.115E-04  9.006E-10
7      -- 6        154.9    806.6518    371.6504    4.398  1.406E-07  8.153E-10  8.175E-15  4.709E-11  4.339E-08  2.933E-13
8      -- 7        199.1    921.7997    325.2252    5.525  2.409E-11  3.552E-13  3.612E-18  8.175E-15  1.890E-11  1.907E-16
9      -- 8        248.9   1036.9124    289.1203   73.407  3.031E-15  1.538E-13  2.222E-18  3.612E-18  8.187E-12  1.176E-16
10     -- 9        304.2   1151.9855    260.2398  140.224  9.076E-16  1.016E-13  1.656E-18  2.222E-18  5.408E-12  1.065E-16
11     -- 10       365.0   1267.0145    236.6133  168.262  6.241E-16  9.305E-14  1.265E-18  1.656E-18  4.953E-12  1.297E-16
12     -- 11       431.3   1381.9951    216.9273  200.137  4.390E-16  7.496E-14  9.873E-19  1.265E-18  3.990E-12  1.356E-16
13     -- 12       503.1   1496.9229    200.2725  234.474  3.177E-16  6.674E-14  7.853E-19  9.873E-19  3.552E-12  1.535E-16
14     -- 13       580.5   1611.7935    185.9993  273.282  2.341E-16  5.250E-14  6.359E-19  7.853E-19  2.794E-12  1.507E-16
15     -- 14       663.4   1726.6025    173.6314  314.119  1.767E-16  6.095E-14  5.225E-19  6.359E-19  3.244E-12  2.151E-16
16     -- 15       751.7   1841.3455    162.8116  357.834  1.357E-16  3.502E-14  4.347E-19  5.225E-19  1.864E-12  1.499E-16
