* Radex version        : 30nov2011
* Geometry             : Uniform sphere
* Molecular data file  : ./data/co.dat                                                                   
* T(kin)            [K]:   55.000
* Density of H2  [cm-3]:  1.000E+03
* Density of pH2 [cm-3]:  2.500E+02
* Density of oH2 [cm-3]:  7.500E+02
* T(background)     [K]:   13.800
* Column density [cm-2]:  1.543E+18
* Line width     [km/s]:   50.000
Calculation finished in   27 iterations
      LINE         E_UP       FREQ        WAVEL     T_EX      TAU        T_R       POP        POP       FLUX        FLUX
                   (K)        (GHz)       (um)      (K)                  (K)        UP        LOW      (K*km/s) (erg/cm2/s)
1      -- 0          5.5    115.2712   2600.7576   34.114  7.762E-01  1.091E+01  3.016E-01  1.182E-01  5.805E+02  1.145E-05
2      -- 1         16.6    230.5380   1300.4037   22.901  3.376E+00  8.512E+00  3.101E-01  3.016E-01  4.530E+02  7.148E-05
3      -- 2         33.2    345.7960    866.9634   19.762  4.630E+00  5.432E+00  1.875E-01  3.101E-01  2.891E+02  1.540E-04
4      -- 3         55.3    461.0408    650.2515   17.139  3.395E+00  2.724E+00  6.628E-02  1.875E-01  1.450E+02  1.830E-04
5      -- 4         83.0    576.2679    520.2310   15.761  1.329E+00  1.084E+00  1.401E-02  6.628E-02  5.772E+01  1.422E-04
6      -- 5        116.2    691.4731    433.5562   15.694  2.925E-01  3.198E-01  1.998E-03  1.401E-02  1.702E+01  7.248E-05
7      -- 6        154.9    806.6518    371.6504   16.765  4.208E-02  7.324E-02  2.291E-04  1.998E-03  3.898E+00  2.635E-05
8      -- 7        199.1    921.7997    325.2252   19.317  4.753E-03  1.477E-02  2.628E-05  2.291E-04  7.862E-01  7.930E-06
9      -- 8        248.9   1036.9124    289.1203   23.047  5.310E-04  2.709E-03  3.390E-06  2.628E-05  1.442E-01  2.070E-06
10     -- 9        304.2   1151.9855    260.2398   26.406  6.720E-05  4.532E-04  4.618E-07  3.390E-06  2.412E-02  4.749E-07
11     -- 10       365.0   1267.0145    236.6133   28.735  9.101E-06  6.898E-05  6.094E-08  4.618E-07  3.672E-03  9.618E-08
12     -- 11       431.3   1381.9951    216.9273   30.753  1.197E-06  9.730E-06  7.664E-09  6.094E-08  5.179E-04  1.760E-08
13     -- 12       503.1   1496.9229    200.2725   33.436  1.490E-07  1.355E-06  9.655E-10  7.664E-09  7.212E-05  3.115E-09
14     -- 13       580.5   1611.7935    185.9993   34.160  1.889E-08  1.640E-07  1.077E-10  9.655E-10  8.731E-06  4.708E-10
15     -- 14       663.4   1726.6025    173.6314   33.604  2.134E-09  1.598E-08  9.781E-12  1.077E-10  8.504E-07  5.637E-11
16     -- 15       751.7   1841.3455    162.8116   36.303  1.915E-10  1.598E-09  9.127E-13  9.781E-12  8.506E-08  6.839E-12
