* Radex version        : 30nov2011
* Geometry             : Uniform sphere
* Molecular data file  : ./data/co.dat                                                                   
* T(kin)            [K]:   50.000
* Density of H2  [cm-3]:  1.000E+03
* Density of pH2 [cm-3]:  2.500E+02
* Density of oH2 [cm-3]:  7.500E+02
* T(background)     [K]:   13.800
* Column density [cm-2]:  1.543E+18
* Line width     [km/s]:   50.000
Calculation finished in   27 iterations
      LINE         E_UP       FREQ        WAVEL     T_EX      TAU        T_R       POP        POP       FLUX        FLUX
                   (K)        (GHz)       (um)      (K)                  (K)        UP        LOW      (K*km/s) (erg/cm2/s)
1      -- 0          5.5    115.2712   2600.7576   31.937  8.459E-01  1.029E+01  3.060E-01  1.213E-01  5.479E+02  1.081E-05
2      -- 1         16.6    230.5380   1300.4037   22.276  3.499E+00  7.953E+00  3.104E-01  3.060E-01  4.233E+02  6.679E-05
3      -- 2         33.2    345.7960    866.9634   19.300  4.704E+00  5.004E+00  1.839E-01  3.104E-01  2.664E+02  1.418E-04
4      -- 3         55.3    461.0408    650.2515   16.811  3.362E+00  2.446E+00  6.340E-02  1.839E-01  1.302E+02  1.643E-04
5      -- 4         83.0    576.2679    520.2310   15.534  1.277E+00  9.370E-01  1.306E-02  6.340E-02  4.987E+01  1.229E-04
6      -- 5        116.2    691.4731    433.5562   15.446  2.739E-01  2.610E-01  1.801E-03  1.306E-02  1.389E+01  5.914E-05
7      -- 6        154.9    806.6518    371.6504   16.314  3.818E-02  5.567E-02  1.936E-04  1.801E-03  2.963E+00  2.003E-05
8      -- 7        199.1    921.7997    325.2252   18.436  4.065E-03  1.033E-02  1.992E-05  1.936E-04  5.500E-01  5.548E-06
9      -- 8        248.9   1036.9124    289.1203   21.729  4.088E-04  1.724E-03  2.254E-06  1.992E-05  9.174E-02  1.317E-06
10     -- 9        304.2   1151.9855    260.2398   24.914  4.541E-05  2.597E-04  2.708E-07  2.254E-06  1.382E-02  2.721E-07
11     -- 10       365.0   1267.0145    236.6133   27.126  5.424E-06  3.514E-05  3.152E-08  2.708E-07  1.871E-03  4.900E-08
12     -- 11       431.3   1381.9951    216.9273   28.974  6.290E-07  4.361E-06  3.473E-09  3.152E-08  2.321E-04  7.891E-09
13     -- 12       503.1   1496.9229    200.2725   31.349  6.872E-08  5.281E-07  3.792E-10  3.473E-09  2.811E-05  1.214E-09
14     -- 13       580.5   1611.7935    185.9993   32.021  7.540E-09  5.504E-08  3.637E-11  3.792E-10  2.930E-06  1.580E-10
15     -- 14       663.4   1726.6025    173.6314   31.540  7.304E-10  4.566E-09  2.810E-12  3.637E-11  2.430E-07  1.611E-11
16     -- 15       751.7   1841.3455    162.8116   33.847  5.587E-11  3.834E-10  2.198E-13  2.810E-12  2.040E-08  1.641E-12
