* Radex version        : 30nov2011
* Geometry             : Uniform sphere
* Molecular data file  : ./data/co.dat                                                                   
* T(kin)            [K]:   50.000
* Density of H2  [cm-3]:  1.995E+03
* Density of pH2 [cm-3]:  4.988E+02
* Density of oH2 [cm-3]:  1.496E+03
* T(background)     [K]:   13.800
* Column density [cm-2]:  3.079E+18
* Line width     [km/s]:   50.000
Calculation finished in   29 iterations
      LINE         E_UP       FREQ        WAVEL     T_EX      TAU        T_R       POP        POP       FLUX        FLUX
                   (K)        (GHz)       (um)      (K)                  (K)        UP        LOW      (K*km/s) (erg/cm2/s)
1      -- 0          5.5    115.2712   2600.7576   43.452  9.991E-01  1.865E+01  2.523E-01  9.552E-02  9.928E+02  1.958E-05
2      -- 1         16.6    230.5380   1300.4037   30.643  4.457E+00  1.625E+01  2.931E-01  2.523E-01  8.651E+02  1.365E-04
3      -- 2         33.2    345.7960    866.9634   26.798  7.094E+00  1.221E+01  2.209E-01  2.931E-01  6.501E+02  3.462E-04
4      -- 3         55.3    461.0408    650.2515   22.224  6.941E+00  7.386E+00  1.049E-01  2.209E-01  3.931E+02  4.961E-04
5      -- 4         83.0    576.2679    520.2310   18.282  3.956E+00  3.439E+00  2.825E-02  1.049E-01  1.830E+02  4.511E-04
6      -- 5        116.2    691.4731    433.5562   16.464  1.160E+00  1.241E+00  4.449E-03  2.825E-02  6.605E+01  2.812E-04
7      -- 6        154.9    806.6518    371.6504   16.842  1.867E-01  3.113E-01  5.153E-04  4.449E-03  1.657E+01  1.120E-04
8      -- 7        199.1    921.7997    325.2252   18.914  2.145E-02  6.053E-02  5.632E-05  5.153E-04  3.222E+00  3.250E-05
9      -- 8        248.9   1036.9124    289.1203   22.168  2.294E-03  1.033E-02  6.668E-06  5.632E-05  5.498E-01  7.894E-06
10     -- 9        304.2   1151.9855    260.2398   25.236  2.671E-04  1.585E-03  8.242E-07  6.668E-06  8.438E-02  1.661E-06
11     -- 10       365.0   1267.0145    236.6133   27.378  3.285E-05  2.184E-04  9.794E-08  8.242E-07  1.163E-02  3.046E-07
12     -- 11       431.3   1381.9951    216.9273   29.226  3.891E-06  2.762E-05  1.100E-08  9.794E-08  1.470E-03  4.998E-08
13     -- 12       503.1   1496.9229    200.2725   31.444  4.342E-07  3.363E-06  1.210E-09  1.100E-08  1.790E-04  7.733E-09
14     -- 13       580.5   1611.7935    185.9993   32.119  4.797E-08  3.531E-07  1.169E-10  1.210E-09  1.880E-05  1.014E-09
15     -- 14       663.4   1726.6025    173.6314   31.794  4.677E-09  2.993E-08  9.224E-12  1.169E-10  1.593E-06  1.056E-10
16     -- 15       751.7   1841.3455    162.8116   33.915  3.658E-10  2.525E-09  7.252E-13  9.224E-12  1.344E-07  1.080E-11
