* Radex version        : 30nov2011
* Geometry             : Uniform sphere
* Molecular data file  : ./data/co.dat                                                                   
* T(kin)            [K]:   55.000
* Density of H2  [cm-3]:  1.000E+06
* Density of pH2 [cm-3]:  2.500E+05
* Density of oH2 [cm-3]:  7.500E+05
* T(background)     [K]:    2.725
* Column density [cm-2]:  9.875E+21
* Line width     [km/s]:   50.000
Calculation finished in   30 iterations
      LINE         E_UP       FREQ        WAVEL     T_EX      TAU        T_R       POP        POP       FLUX        FLUX
                   (K)        (GHz)       (um)      (K)                  (K)        UP        LOW      (K*km/s) (erg/cm2/s)
1      -- 0          5.5    115.2712   2600.7576   55.000  1.328E+03  5.144E+01  1.342E-01  4.945E-02  2.738E+03  5.401E-05
2      -- 1         16.6    230.5380   1300.4037   55.000  4.570E+03  4.946E+01  1.828E-01  1.342E-01  2.632E+03  4.154E-04
3      -- 2         33.2    345.7960    866.9634   55.000  8.009E+03  4.708E+01  1.893E-01  1.828E-01  2.506E+03  1.334E-03
4      -- 3         55.3    461.0408    650.2515   55.000  1.002E+04  4.467E+01  1.628E-01  1.893E-01  2.378E+03  3.001E-03
5      -- 4         83.0    576.2679    520.2310   55.000  9.978E+03  4.232E+01  1.203E-01  1.628E-01  2.253E+03  5.552E-03
6      -- 5        116.2    691.4731    433.5562   55.000  8.283E+03  4.007E+01  7.778E-02  1.203E-01  2.132E+03  9.080E-03
7      -- 6        154.9    806.6518    371.6504   54.999  5.881E+03  3.789E+01  4.439E-02  7.778E-02  2.017E+03  1.363E-02
8      -- 7        199.1    921.7997    325.2252   54.999  3.625E+03  3.581E+01  2.251E-02  4.439E-02  1.906E+03  1.923E-02
9      -- 8        248.9   1036.9124    289.1203   54.997  1.959E+03  3.382E+01  1.018E-02  2.251E-02  1.800E+03  2.584E-02
10     -- 9        304.2   1151.9855    260.2398   54.991  9.337E+02  3.190E+01  4.116E-03  1.018E-02  1.698E+03  3.343E-02
11     -- 10       365.0   1267.0145    236.6133   54.974  3.950E+02  3.006E+01  1.492E-03  4.116E-03  1.600E+03  4.192E-02
12     -- 11       431.3   1381.9951    216.9273   54.917  1.486E+02  2.827E+01  4.845E-04  1.492E-03  1.505E+03  5.115E-02
13     -- 12       503.1   1496.9229    200.2725   54.714  4.991E+01  2.644E+01  1.408E-04  4.845E-04  1.407E+03  6.079E-02
14     -- 13       580.5   1611.7935    185.9993   53.462  1.504E+01  2.380E+01  3.558E-05  1.408E-04  1.267E+03  6.831E-02
15     -- 14       663.4   1726.6025    173.6314   47.909  4.055E+00  1.755E+01  6.745E-06  3.558E-05  9.343E+02  6.194E-02
16     -- 15       751.7   1841.3455    162.8116   42.366  8.114E-01  6.965E+00  8.917E-07  6.745E-06  3.707E+02  2.980E-02
