* Radex version        : 30nov2011
* Geometry             : Uniform sphere
* Molecular data file  : ./data/co.dat                                                                   
* T(kin)            [K]:    5.000
* Density of H2  [cm-3]:  3.981E+02
* Density of pH2 [cm-3]:  9.953E+01
* Density of oH2 [cm-3]:  2.986E+02
* T(background)     [K]:    2.725
* Column density [cm-2]:  3.931E+18
* Line width     [km/s]:   50.000
Calculation finished in   31 iterations
      LINE         E_UP       FREQ        WAVEL     T_EX      TAU        T_R       POP        POP       FLUX        FLUX
                   (K)        (GHz)       (um)      (K)                  (K)        UP        LOW      (K*km/s) (erg/cm2/s)
1      -- 0          5.5    115.2712   2600.7576    4.815  3.685E+01  1.731E+00  4.593E-01  4.830E-01  9.213E+01  1.817E-06
2      -- 1         16.6    230.5380   1300.4037    4.269  3.163E+01  7.013E-01  5.732E-02  4.593E-01  3.733E+01  5.890E-06
3      -- 2         33.2    345.7960    866.9634    3.155  3.818E+00  4.785E-02  4.168E-04  5.732E-02  2.547E+00  1.356E-06
4      -- 3         55.3    461.0408    650.2515    3.154  2.650E-02  3.473E-04  4.809E-07  4.168E-04  1.848E-02  2.333E-08
5      -- 4         83.0    576.2679    520.2310    3.661  2.968E-05  3.976E-07  3.076E-10  4.809E-07  2.116E-05  5.216E-11
6      -- 5        116.2    691.4731    433.5562    4.201  1.860E-08  2.258E-10  1.348E-13  3.076E-10  1.202E-08  5.117E-14
7      -- 6        154.9    806.6518    371.6504    4.308  8.029E-12  3.868E-14  1.947E-17  1.348E-13  2.059E-12  1.392E-17
8      -- 7        199.1    921.7997    325.2252    6.678  1.144E-15  6.529E-17  1.314E-20  1.947E-17  3.475E-15  3.505E-20
9      -- 8        248.9   1036.9124    289.1203   97.522  6.125E-20  0.000E+00  1.176E-20  1.314E-20  0.000E+00  0.000E+00
10     -- 9        304.2   1151.9855    260.2398  132.705  5.485E-20  0.000E+00  1.099E-20  1.176E-20  0.000E+00  0.000E+00
11     -- 10       365.0   1267.0145    236.6133  161.331  4.965E-20  0.000E+00  1.049E-20  1.099E-20  0.000E+00  0.000E+00
12     -- 11       431.3   1381.9951    216.9273  193.673  4.526E-20  0.000E+00  1.014E-20  1.049E-20  0.000E+00  0.000E+00
13     -- 12       503.1   1496.9229    200.2725  228.571  4.155E-20  0.000E+00  1.000E-20  1.014E-20  0.000E+00  0.000E+00
14     -- 13       580.5   1611.7935    185.9993  266.278  3.837E-20  0.000E+00  1.000E-20  1.000E-20  0.000E+00  0.000E+00
15     -- 14       663.4   1726.6025    173.6314  307.814  3.559E-20  0.000E+00  1.000E-20  1.000E-20  0.000E+00  0.000E+00
16     -- 15       751.7   1841.3455    162.8116  351.990  3.314E-20  0.000E+00  1.000E-20  1.000E-20  0.000E+00  0.000E+00
