* Radex version        : 30nov2011
* Geometry             : Uniform sphere
* Molecular data file  : ./data/co.dat                                                                   
* T(kin)            [K]:   50.000
* Density of H2  [cm-3]:  2.512E+05
* Density of pH2 [cm-3]:  6.280E+04
* Density of oH2 [cm-3]:  1.884E+05
* T(background)     [K]:   13.800
* Column density [cm-2]:  3.876E+20
* Line width     [km/s]:   50.000
Calculation finished in   33 iterations
      LINE         E_UP       FREQ        WAVEL     T_EX      TAU        T_R       POP        POP       FLUX        FLUX
                   (K)        (GHz)       (um)      (K)                  (K)        UP        LOW      (K*km/s) (erg/cm2/s)
1      -- 0          5.5    115.2712   2600.7576   49.995  6.270E+01  3.606E+01  1.460E-01  5.434E-02  1.919E+03  3.786E-05
2      -- 1         16.6    230.5380   1300.4037   49.995  2.126E+02  3.567E+01  1.950E-01  1.460E-01  1.898E+03  2.996E-04
3      -- 2         33.2    345.7960    866.9634   49.994  3.635E+02  3.503E+01  1.958E-01  1.950E-01  1.864E+03  9.928E-04
4      -- 3         55.3    461.0408    650.2515   49.991  4.395E+02  3.417E+01  1.617E-01  1.958E-01  1.819E+03  2.295E-03
5      -- 4         83.0    576.2679    520.2310   49.985  4.184E+02  3.312E+01  1.137E-01  1.617E-01  1.763E+03  4.344E-03
6      -- 5        116.2    691.4731    433.5562   49.971  3.290E+02  3.191E+01  6.916E-02  1.137E-01  1.698E+03  7.231E-03
7      -- 6        154.9    806.6518    371.6504   49.941  2.191E+02  3.057E+01  3.676E-02  6.916E-02  1.627E+03  1.100E-02
8      -- 7        199.1    921.7997    325.2252   49.863  1.254E+02  2.910E+01  1.715E-02  3.676E-02  1.549E+03  1.563E-02
9      -- 8        248.9   1036.9124    289.1203   49.640  6.229E+01  2.746E+01  7.035E-03  1.715E-02  1.461E+03  2.098E-02
10     -- 9        304.2   1151.9855    260.2398   48.813  2.708E+01  2.525E+01  2.505E-03  7.035E-03  1.344E+03  2.646E-02
11     -- 10       365.0   1267.0145    236.6133   45.237  1.042E+01  2.070E+01  7.155E-04  2.505E-03  1.102E+03  2.886E-02
12     -- 11       431.3   1381.9951    216.9273   37.369  3.314E+00  1.252E+01  1.318E-04  7.155E-04  6.663E+02  2.265E-02
13     -- 12       503.1   1496.9229    200.2725   33.190  6.453E-01  4.242E+00  1.634E-05  1.318E-04  2.258E+02  9.753E-03
14     -- 13       580.5   1611.7935    185.9993   35.533  7.948E-02  7.340E-01  1.990E-06  1.634E-05  3.907E+01  2.107E-03
15     -- 14       663.4   1726.6025    173.6314   36.756  9.688E-03  9.168E-02  2.233E-07  1.990E-06  4.880E+00  3.235E-04
16     -- 15       751.7   1841.3455    162.8116   37.687  1.088E-03  1.003E-02  2.278E-08  2.233E-07  5.339E-01  4.293E-05
