* Radex version        : 30nov2011
* Geometry             : Uniform sphere
* Molecular data file  : ./data/co.dat                                                                   
* T(kin)            [K]:   55.000
* Density of H2  [cm-3]:  6.310E+04
* Density of pH2 [cm-3]:  1.577E+04
* Density of oH2 [cm-3]:  4.732E+04
* T(background)     [K]:    2.725
* Column density [cm-2]:  6.231E+20
* Line width     [km/s]:   50.000
Calculation finished in   38 iterations
      LINE         E_UP       FREQ        WAVEL     T_EX      TAU        T_R       POP        POP       FLUX        FLUX
                   (K)        (GHz)       (um)      (K)                  (K)        UP        LOW      (K*km/s) (erg/cm2/s)
1      -- 0          5.5    115.2712   2600.7576   54.977  8.401E+01  5.142E+01  1.344E-01  4.956E-02  2.737E+03  5.399E-05
2      -- 1         16.6    230.5380   1300.4037   54.978  2.891E+02  4.944E+01  1.832E-01  1.344E-01  2.631E+03  4.152E-04
3      -- 2         33.2    345.7960    866.9634   54.974  5.066E+02  4.706E+01  1.897E-01  1.832E-01  2.505E+03  1.334E-03
4      -- 3         55.3    461.0408    650.2515   54.964  6.341E+02  4.463E+01  1.631E-01  1.897E-01  2.376E+03  2.998E-03
5      -- 4         83.0    576.2679    520.2310   54.946  6.311E+02  4.227E+01  1.205E-01  1.631E-01  2.250E+03  5.545E-03
6      -- 5        116.2    691.4731    433.5562   54.907  5.239E+02  3.998E+01  7.780E-02  1.205E-01  2.128E+03  9.059E-03
7      -- 6        154.9    806.6518    371.6504   54.825  3.720E+02  3.773E+01  4.430E-02  7.780E-02  2.008E+03  1.357E-02
8      -- 7        199.1    921.7997    325.2252   54.626  2.293E+02  3.546E+01  2.234E-02  4.430E-02  1.887E+03  1.904E-02
9      -- 8        248.9   1036.9124    289.1203   54.099  1.239E+02  3.298E+01  9.952E-03  2.234E-02  1.755E+03  2.520E-02
10     -- 9        304.2   1151.9855    260.2398   52.276  5.929E+01  2.942E+01  3.820E-03  9.952E-03  1.566E+03  3.083E-02
11     -- 10       365.0   1267.0145    236.6133   46.331  2.526E+01  2.239E+01  1.126E-03  3.820E-03  1.192E+03  3.122E-02
12     -- 11       431.3   1381.9951    216.9273   35.202  8.563E+00  1.188E+01  1.860E-04  1.126E-03  6.324E+02  2.150E-02
13     -- 12       503.1   1496.9229    200.2725   26.713  1.541E+00  4.114E+00  1.364E-05  1.860E-04  2.190E+02  9.459E-03
14     -- 13       580.5   1611.7935    185.9993   31.398  1.101E-01  7.501E-01  1.247E-06  1.364E-05  3.992E+01  2.153E-03
15     -- 14       663.4   1726.6025    173.6314   36.581  9.773E-03  9.334E-02  1.384E-07  1.247E-06  4.968E+00  3.293E-04
16     -- 15       751.7   1841.3455    162.8116   38.345  1.080E-03  1.057E-02  1.470E-08  1.384E-07  5.628E-01  4.525E-05
