* Radex version        : 30nov2011
* Geometry             : Uniform sphere
* Molecular data file  : ./data/co.dat                                                                   
* T(kin)            [K]:   50.000
* Density of H2  [cm-3]:  2.512E+03
* Density of pH2 [cm-3]:  6.280E+02
* Density of oH2 [cm-3]:  1.884E+03
* T(background)     [K]:   13.800
* Column density [cm-2]:  3.876E+18
* Line width     [km/s]:   50.000
Calculation finished in   30 iterations
      LINE         E_UP       FREQ        WAVEL     T_EX      TAU        T_R       POP        POP       FLUX        FLUX
                   (K)        (GHz)       (um)      (K)                  (K)        UP        LOW      (K*km/s) (erg/cm2/s)
1      -- 0          5.5    115.2712   2600.7576   46.290  1.095E+00  2.153E+01  2.349E-01  8.824E-02  1.146E+03  2.261E-05
2      -- 1         16.6    230.5380   1300.4037   33.837  4.807E+00  1.945E+01  2.823E-01  2.349E-01  1.035E+03  1.633E-04
3      -- 2         33.2    345.7960    866.9634   30.111  7.895E+00  1.544E+01  2.278E-01  2.823E-01  8.217E+02  4.376E-04
4      -- 3         55.3    461.0408    650.2515   25.168  8.358E+00  1.013E+01  1.216E-01  2.278E-01  5.391E+02  6.804E-04
5      -- 4         83.0    576.2679    520.2310   20.235  5.514E+00  5.133E+00  3.788E-02  1.216E-01  2.732E+02  6.734E-04
6      -- 5        116.2    691.4731    433.5562   17.212  1.930E+00  2.012E+00  6.510E-03  3.788E-02  1.071E+02  4.560E-04
7      -- 6        154.9    806.6518    371.6504   17.002  3.431E-01  5.615E-01  7.706E-04  6.510E-03  2.989E+01  2.020E-04
8      -- 7        199.1    921.7997    325.2252   18.926  4.038E-02  1.132E-01  8.434E-05  7.706E-04  6.024E+00  6.076E-05
9      -- 8        248.9   1036.9124    289.1203   22.192  4.324E-03  1.952E-02  1.001E-05  8.434E-05  1.039E+00  1.492E-05
10     -- 9        304.2   1151.9855    260.2398   25.323  5.044E-04  3.023E-03  1.247E-06  1.001E-05  1.609E-01  3.168E-06
11     -- 10       365.0   1267.0145    236.6133   27.463  6.251E-05  4.192E-04  1.492E-07  1.247E-06  2.231E-02  5.845E-07
12     -- 11       431.3   1381.9951    216.9273   29.340  7.453E-06  5.347E-05  1.691E-08  1.492E-07  2.846E-03  9.675E-08
13     -- 12       503.1   1496.9229    200.2725   31.488  8.396E-07  6.528E-06  1.865E-09  1.691E-08  3.474E-04  1.501E-08
14     -- 13       580.5   1611.7935    185.9993   32.173  9.305E-08  6.882E-07  1.809E-10  1.865E-09  3.663E-05  1.975E-09
15     -- 14       663.4   1726.6025    173.6314   31.901  9.107E-09  5.884E-08  1.440E-11  1.809E-10  3.132E-06  2.076E-10
16     -- 15       751.7   1841.3455    162.8116   33.953  7.189E-10  4.977E-09  1.136E-12  1.440E-11  2.649E-07  2.130E-11
