* Radex version        : 30nov2011
* Geometry             : Uniform sphere
* Molecular data file  : ./data/co.dat                                                                   
* T(kin)            [K]:   55.000
* Density of H2  [cm-3]:  5.012E+04
* Density of pH2 [cm-3]:  1.253E+04
* Density of oH2 [cm-3]:  3.759E+04
* T(background)     [K]:   13.800
* Column density [cm-2]:  7.733E+19
* Line width     [km/s]:   50.000
Calculation finished in   36 iterations
      LINE         E_UP       FREQ        WAVEL     T_EX      TAU        T_R       POP        POP       FLUX        FLUX
                   (K)        (GHz)       (um)      (K)                  (K)        UP        LOW      (K*km/s) (erg/cm2/s)
1      -- 0          5.5    115.2712   2600.7576   54.855  1.058E+01  4.092E+01  1.361E-01  5.019E-02  2.178E+03  4.296E-05
2      -- 1         16.6    230.5380   1300.4037   54.829  3.642E+01  4.048E+01  1.854E-01  1.361E-01  2.155E+03  3.400E-04
3      -- 2         33.2    345.7960    866.9634   54.788  6.381E+01  3.978E+01  1.917E-01  1.854E-01  2.117E+03  1.128E-03
4      -- 3         55.3    461.0408    650.2515   54.697  7.986E+01  3.880E+01  1.645E-01  1.917E-01  2.065E+03  2.607E-03
5      -- 4         83.0    576.2679    520.2310   54.524  7.949E+01  3.755E+01  1.211E-01  1.645E-01  1.999E+03  4.926E-03
6      -- 5        116.2    691.4731    433.5562   54.151  6.600E+01  3.595E+01  7.752E-02  1.211E-01  1.913E+03  8.147E-03
7      -- 6        154.9    806.6518    371.6504   53.298  4.690E+01  3.377E+01  4.326E-02  7.752E-02  1.797E+03  1.215E-02
8      -- 7        199.1    921.7997    325.2252   50.994  2.904E+01  3.016E+01  2.059E-02  4.326E-02  1.605E+03  1.619E-02
9      -- 8        248.9   1036.9124    289.1203   45.129  1.574E+01  2.334E+01  7.640E-03  2.059E-02  1.242E+03  1.784E-02
10     -- 9        304.2   1151.9855    260.2398   35.180  6.858E+00  1.346E+01  1.754E-03  7.640E-03  7.162E+02  1.410E-02
11     -- 10       365.0   1267.0145    236.6133   27.058  1.762E+00  5.330E+00  2.030E-04  1.754E-03  2.837E+02  7.431E-03
12     -- 11       431.3   1381.9951    216.9273   28.750  2.035E-01  1.249E+00  2.197E-05  2.030E-04  6.650E+01  2.261E-03
13     -- 12       503.1   1496.9229    200.2725   34.434  2.123E-02  2.056E-01  2.946E-06  2.197E-05  1.094E+01  4.728E-04
14     -- 13       580.5   1611.7935    185.9993   36.063  2.847E-03  2.834E-02  3.704E-07  2.946E-06  1.509E+00  8.135E-05
15     -- 14       663.4   1726.6025    173.6314   36.722  3.598E-04  3.413E-03  4.147E-08  3.704E-07  1.817E-01  1.204E-05
16     -- 15       751.7   1841.3455    162.8116   37.918  4.027E-05  3.774E-04  4.292E-09  4.147E-08  2.009E-02  1.615E-06
