* Radex version        : 30nov2011
* Geometry             : Uniform sphere
* Molecular data file  : ./data/co.dat                                                                   
* T(kin)            [K]:    5.000
* Density of H2  [cm-3]:  6.310E+03
* Density of pH2 [cm-3]:  1.577E+03
* Density of oH2 [cm-3]:  4.732E+03
* T(background)     [K]:    2.725
* Column density [cm-2]:  6.231E+19
* Line width     [km/s]:   50.000
Calculation finished in   31 iterations
      LINE         E_UP       FREQ        WAVEL     T_EX      TAU        T_R       POP        POP       FLUX        FLUX
                   (K)        (GHz)       (um)      (K)                  (K)        UP        LOW      (K*km/s) (erg/cm2/s)
1      -- 0          5.5    115.2712   2600.7576    4.999  5.432E+02  1.897E+00  4.547E-01  4.584E-01  1.009E+02  1.991E-06
2      -- 1         16.6    230.5380   1300.4037    4.997  4.778E+02  1.163E+00  8.281E-02  4.547E-01  6.190E+01  9.767E-06
3      -- 2         33.2    345.7960    866.9634    4.950  8.479E+01  5.638E-01  4.055E-03  8.281E-02  3.001E+01  1.598E-05
4      -- 3         55.3    461.0408    650.2515    4.096  4.072E+00  9.206E-02  2.351E-05  4.055E-03  4.900E+00  6.184E-06
5      -- 4         83.0    576.2679    520.2310    3.809  2.300E-02  4.173E-04  2.019E-08  2.351E-05  2.221E-02  5.474E-08
6      -- 5        116.2    691.4731    433.5562    4.233  1.935E-05  2.497E-07  9.398E-12  2.019E-08  1.329E-05  5.658E-11
7      -- 6        154.9    806.6518    371.6504    4.367  8.872E-09  4.826E-11  1.531E-15  9.398E-12  2.569E-09  1.736E-14
8      -- 7        199.1    921.7997    325.2252    5.029  1.427E-12  9.546E-15  2.059E-19  1.531E-15  5.081E-13  5.125E-18
9      -- 8        248.9   1036.9124    289.1203   55.939  1.503E-16  3.852E-15  9.924E-20  2.059E-19  2.050E-13  2.944E-18
10     -- 9        304.2   1151.9855    260.2398  134.602  4.260E-17  0.000E+00  7.356E-20  9.924E-20  0.000E+00  0.000E+00
11     -- 10       365.0   1267.0145    236.6133  162.898  2.863E-17  0.000E+00  5.622E-20  7.356E-20  0.000E+00  0.000E+00
12     -- 11       431.3   1381.9951    216.9273  194.889  1.982E-17  0.000E+00  4.417E-20  5.622E-20  0.000E+00  0.000E+00
13     -- 12       503.1   1496.9229    200.2725  229.350  1.417E-17  0.000E+00  3.551E-20  4.417E-20  0.000E+00  0.000E+00
14     -- 13       580.5   1611.7935    185.9993  267.113  1.038E-17  0.000E+00  2.916E-20  3.551E-20  0.000E+00  0.000E+00
15     -- 14       663.4   1726.6025    173.6314  308.125  7.763E-18  0.000E+00  2.439E-20  2.916E-20  0.000E+00  0.000E+00
16     -- 15       751.7   1841.3455    162.8116  352.538  5.924E-18  0.000E+00  2.074E-20  2.439E-20  0.000E+00  0.000E+00
