* Radex version        : 30nov2011
* Geometry             : Uniform sphere
* Molecular data file  : ./data/co.dat                                                                   
* T(kin)            [K]:   65.000
* Density of H2  [cm-3]:  1.995E+06
* Density of pH2 [cm-3]:  4.988E+05
* Density of oH2 [cm-3]:  1.496E+06
* T(background)     [K]:   13.800
* Column density [cm-2]:  3.079E+21
* Line width     [km/s]:   50.000
Calculation finished in   27 iterations
      LINE         E_UP       FREQ        WAVEL     T_EX      TAU        T_R       POP        POP       FLUX        FLUX
                   (K)        (GHz)       (um)      (K)                  (K)        UP        LOW      (K*km/s) (erg/cm2/s)
1      -- 0          5.5    115.2712   2600.7576   65.000  2.994E+02  5.105E+01  1.156E-01  4.195E-02  2.717E+03  5.360E-05
2      -- 1         16.6    230.5380   1300.4037   65.000  1.054E+03  5.063E+01  1.625E-01  1.156E-01  2.695E+03  4.252E-04
3      -- 2         33.2    345.7960    866.9634   65.000  1.920E+03  4.993E+01  1.762E-01  1.625E-01  2.657E+03  1.415E-03
4      -- 3         55.3    461.0408    650.2515   65.000  2.534E+03  4.899E+01  1.612E-01  1.762E-01  2.607E+03  3.291E-03
5      -- 4         83.0    576.2679    520.2310   65.000  2.701E+03  4.784E+01  1.287E-01  1.612E-01  2.546E+03  6.275E-03
6      -- 5        116.2    691.4731    433.5562   64.999  2.438E+03  4.652E+01  9.132E-02  1.287E-01  2.476E+03  1.054E-02
7      -- 6        154.9    806.6518    371.6504   64.999  1.912E+03  4.506E+01  5.808E-02  9.132E-02  2.398E+03  1.621E-02
8      -- 7        199.1    921.7997    325.2252   64.998  1.321E+03  4.350E+01  3.333E-02  5.808E-02  2.315E+03  2.335E-02
9      -- 8        248.9   1036.9124    289.1203   64.995  8.124E+02  4.187E+01  1.732E-02  3.333E-02  2.228E+03  3.200E-02
10     -- 9        304.2   1151.9855    260.2398   64.988  4.476E+02  4.019E+01  8.177E-03  1.732E-02  2.139E+03  4.212E-02
11     -- 10       365.0   1267.0145    236.6133   64.972  2.222E+02  3.849E+01  3.513E-03  8.177E-03  2.049E+03  5.366E-02
12     -- 11       431.3   1381.9951    216.9273   64.923  9.960E+01  3.676E+01  1.375E-03  3.513E-03  1.957E+03  6.652E-02
13     -- 12       503.1   1496.9229    200.2725   64.784  4.046E+01  3.497E+01  4.898E-04  1.375E-03  1.861E+03  8.041E-02
14     -- 13       580.5   1611.7935    185.9993   64.167  1.495E+01  3.279E+01  1.576E-04  4.898E-04  1.745E+03  9.412E-02
15     -- 14       663.4   1726.6025    173.6314   61.162  5.050E+00  2.842E+01  4.345E-05  1.576E-04  1.513E+03  1.003E-01
16     -- 15       751.7   1841.3455    162.8116   55.898  1.478E+00  1.756E+01  9.519E-06  4.345E-05  9.347E+02  7.515E-02
