* Radex version        : 30nov2011
* Geometry             : Uniform sphere
* Molecular data file  : ./data/co.dat                                                                   
* T(kin)            [K]:   60.000
* Density of H2  [cm-3]:  6.310E+05
* Density of pH2 [cm-3]:  1.577E+05
* Density of oH2 [cm-3]:  4.732E+05
* T(background)     [K]:   13.800
* Column density [cm-2]:  9.736E+20
* Line width     [km/s]:   50.000
Calculation finished in   31 iterations
      LINE         E_UP       FREQ        WAVEL     T_EX      TAU        T_R       POP        POP       FLUX        FLUX
                   (K)        (GHz)       (um)      (K)                  (K)        UP        LOW      (K*km/s) (erg/cm2/s)
1      -- 0          5.5    115.2712   2600.7576   59.999  1.106E+02  4.606E+01  1.242E-01  4.540E-02  2.451E+03  4.835E-05
2      -- 1         16.6    230.5380   1300.4037   59.999  3.855E+02  4.564E+01  1.721E-01  1.242E-01  2.429E+03  3.833E-04
3      -- 2         33.2    345.7960    866.9634   59.998  6.897E+02  4.496E+01  1.828E-01  1.721E-01  2.393E+03  1.274E-03
4      -- 3         55.3    461.0408    650.2515   59.997  8.885E+02  4.404E+01  1.625E-01  1.828E-01  2.344E+03  2.958E-03
5      -- 4         83.0    576.2679    520.2310   59.996  9.178E+02  4.292E+01  1.253E-01  1.625E-01  2.284E+03  5.630E-03
6      -- 5        116.2    691.4731    433.5562   59.994  7.972E+02  4.163E+01  8.515E-02  1.253E-01  2.216E+03  9.434E-03
7      -- 6        154.9    806.6518    371.6504   59.989  5.973E+02  4.021E+01  5.153E-02  8.515E-02  2.140E+03  1.447E-02
8      -- 7        199.1    921.7997    325.2252   59.977  3.916E+02  3.868E+01  2.793E-02  5.153E-02  2.059E+03  2.077E-02
9      -- 8        248.9   1036.9124    289.1203   59.950  2.270E+02  3.708E+01  1.361E-02  2.793E-02  1.974E+03  2.834E-02
10     -- 9        304.2   1151.9855    260.2398   59.875  1.170E+02  3.540E+01  5.975E-03  1.361E-02  1.884E+03  3.710E-02
11     -- 10       365.0   1267.0145    236.6133   59.659  5.399E+01  3.358E+01  2.361E-03  5.975E-03  1.787E+03  4.682E-02
12     -- 11       431.3   1381.9951    216.9273   58.907  2.235E+01  3.129E+01  8.325E-04  2.361E-03  1.666E+03  5.662E-02
13     -- 12       503.1   1496.9229    200.2725   55.670  8.382E+00  2.687E+01  2.474E-04  8.325E-04  1.430E+03  6.177E-02
14     -- 13       580.5   1611.7935    185.9993   48.110  2.726E+00  1.784E+01  5.322E-05  2.474E-04  9.496E+02  5.121E-02
15     -- 14       663.4   1726.6025    173.6314   43.243  6.200E-01  6.512E+00  8.372E-06  5.322E-05  3.466E+02  2.298E-02
16     -- 15       751.7   1841.3455    162.8116   45.185  9.734E-02  1.337E+00  1.261E-06  8.372E-06  7.116E+01  5.721E-03
