* Radex version        : 30nov2011
* Geometry             : Uniform sphere
* Molecular data file  : ./data/co.dat                                                                   
* T(kin)            [K]:   65.000
* Density of H2  [cm-3]:  1.585E+03
* Density of pH2 [cm-3]:  3.962E+02
* Density of oH2 [cm-3]:  1.189E+03
* T(background)     [K]:   13.800
* Column density [cm-2]:  2.445E+18
* Line width     [km/s]:   50.000
Calculation finished in   29 iterations
      LINE         E_UP       FREQ        WAVEL     T_EX      TAU        T_R       POP        POP       FLUX        FLUX
                   (K)        (GHz)       (um)      (K)                  (K)        UP        LOW      (K*km/s) (erg/cm2/s)
1      -- 0          5.5    115.2712   2600.7576   51.738  6.677E-01  1.841E+01  2.554E-01  9.475E-02  9.801E+02  1.933E-05
2      -- 1         16.6    230.5380   1300.4037   30.484  3.600E+00  1.584E+01  2.961E-01  2.554E-01  8.431E+02  1.330E-04
3      -- 2         33.2    345.7960    866.9634   26.120  5.799E+00  1.153E+01  2.196E-01  2.961E-01  6.139E+02  3.269E-04
4      -- 3         55.3    461.0408    650.2515   21.668  5.563E+00  6.856E+00  1.017E-01  2.196E-01  3.649E+02  4.605E-04
5      -- 4         83.0    576.2679    520.2310   18.185  3.053E+00  3.264E+00  2.716E-02  1.017E-01  1.737E+02  4.281E-04
6      -- 5        116.2    691.4731    433.5562   16.905  8.786E-01  1.244E+00  4.508E-03  2.716E-02  6.622E+01  2.819E-04
7      -- 6        154.9    806.6518    371.6504   17.929  1.478E-01  3.514E-01  6.003E-04  4.508E-03  1.870E+01  1.264E-04
8      -- 7        199.1    921.7997    325.2252   21.135  1.926E-02  8.303E-02  8.389E-05  6.003E-04  4.419E+00  4.458E-05
9      -- 8        248.9   1036.9124    289.1203   25.570  2.603E-03  1.794E-02  1.339E-05  8.389E-05  9.549E-01  1.371E-05
10     -- 9        304.2   1151.9855    260.2398   29.227  4.074E-04  3.582E-03  2.232E-06  1.339E-05  1.907E-01  3.754E-06
11     -- 10       365.0   1267.0145    236.6133   31.846  6.753E-05  6.636E-04  3.623E-07  2.232E-06  3.532E-02  9.251E-07
12     -- 11       431.3   1381.9951    216.9273   34.218  1.091E-05  1.157E-04  5.668E-08  3.623E-07  6.161E-03  2.094E-07
13     -- 12       503.1   1496.9229    200.2725   37.317  1.689E-06  2.005E-05  8.928E-09  5.668E-08  1.067E-03  4.610E-08
14     -- 13       580.5   1611.7935    185.9993   38.157  2.683E-07  3.071E-06  1.263E-09  8.928E-09  1.635E-04  8.814E-09
15     -- 14       663.4   1726.6025    173.6314   37.682  3.852E-08  3.903E-07  1.497E-10  1.263E-09  2.077E-05  1.377E-09
16     -- 15       751.7   1841.3455    162.8116   40.893  4.506E-09  5.119E-08  1.836E-11  1.497E-10  2.725E-06  2.191E-10
