* Radex version        : 30nov2011
* Geometry             : Uniform sphere
* Molecular data file  : ./data/co.dat                                                                   
* T(kin)            [K]:   65.000
* Density of H2  [cm-3]:  6.310E+04
* Density of pH2 [cm-3]:  1.577E+04
* Density of oH2 [cm-3]:  4.732E+04
* T(background)     [K]:   13.800
* Column density [cm-2]:  9.736E+19
* Line width     [km/s]:   50.000
Calculation finished in   37 iterations
      LINE         E_UP       FREQ        WAVEL     T_EX      TAU        T_R       POP        POP       FLUX        FLUX
                   (K)        (GHz)       (um)      (K)                  (K)        UP        LOW      (K*km/s) (erg/cm2/s)
1      -- 0          5.5    115.2712   2600.7576   64.837  9.631E+00  5.089E+01  1.172E-01  4.256E-02  2.709E+03  5.343E-05
2      -- 1         16.6    230.5380   1300.4037   64.804  3.392E+01  5.043E+01  1.647E-01  1.172E-01  2.684E+03  4.235E-04
3      -- 2         33.2    345.7960    866.9634   64.768  6.174E+01  4.970E+01  1.785E-01  1.647E-01  2.645E+03  1.409E-03
4      -- 3         55.3    461.0408    650.2515   64.689  8.150E+01  4.868E+01  1.630E-01  1.785E-01  2.591E+03  3.270E-03
5      -- 4         83.0    576.2679    520.2310   64.547  8.688E+01  4.740E+01  1.298E-01  1.630E-01  2.523E+03  6.217E-03
6      -- 5        116.2    691.4731    433.5562   64.269  7.843E+01  4.580E+01  9.154E-02  1.298E-01  2.438E+03  1.038E-02
7      -- 6        154.9    806.6518    371.6504   63.714  6.149E+01  4.381E+01  5.753E-02  9.154E-02  2.332E+03  1.576E-02
8      -- 7        199.1    921.7997    325.2252   62.423  4.255E+01  4.103E+01  3.210E-02  5.753E-02  2.184E+03  2.203E-02
9      -- 8        248.9   1036.9124    289.1203   59.154  2.631E+01  3.633E+01  1.547E-02  3.210E-02  1.934E+03  2.776E-02
10     -- 9        304.2   1151.9855    260.2398   51.567  1.451E+01  2.775E+01  5.851E-03  1.547E-02  1.477E+03  2.907E-02
11     -- 10       365.0   1267.0145    236.6133   39.898  6.471E+00  1.616E+01  1.396E-03  5.851E-03  8.600E+02  2.253E-02
12     -- 11       431.3   1381.9951    216.9273   31.042  1.725E+00  6.847E+00  1.791E-04  1.396E-03  3.644E+02  1.239E-02
13     -- 12       503.1   1496.9229    200.2725   33.660  2.194E-01  1.821E+00  2.289E-05  1.791E-04  9.693E+01  4.187E-03
14     -- 13       580.5   1611.7935    185.9993   39.622  2.706E-02  3.340E-01  3.490E-06  2.289E-05  1.778E+01  9.588E-04
15     -- 14       663.4   1726.6025    173.6314   41.217  4.129E-03  5.195E-02  4.997E-07  3.490E-06  2.765E+00  1.833E-04
16     -- 15       751.7   1841.3455    162.8116   43.358  5.885E-04  7.701E-03  6.929E-08  4.997E-07  4.099E-01  3.296E-05
