* Radex version        : 30nov2011
* Geometry             : Uniform sphere
* Molecular data file  : ./data/co.dat                                                                   
* T(kin)            [K]:   60.000
* Density of H2  [cm-3]:  1.259E+06
* Density of pH2 [cm-3]:  3.147E+05
* Density of oH2 [cm-3]:  9.442E+05
* T(background)     [K]:   13.800
* Column density [cm-2]:  1.943E+21
* Line width     [km/s]:   50.000
Calculation finished in   28 iterations
      LINE         E_UP       FREQ        WAVEL     T_EX      TAU        T_R       POP        POP       FLUX        FLUX
                   (K)        (GHz)       (um)      (K)                  (K)        UP        LOW      (K*km/s) (erg/cm2/s)
1      -- 0          5.5    115.2712   2600.7576   60.000  2.207E+02  4.606E+01  1.242E-01  4.539E-02  2.451E+03  4.836E-05
2      -- 1         16.6    230.5380   1300.4037   60.000  7.691E+02  4.564E+01  1.721E-01  1.242E-01  2.429E+03  3.833E-04
3      -- 2         33.2    345.7960    866.9634   60.000  1.376E+03  4.496E+01  1.827E-01  1.721E-01  2.393E+03  1.274E-03
4      -- 3         55.3    461.0408    650.2515   59.999  1.772E+03  4.404E+01  1.625E-01  1.827E-01  2.344E+03  2.958E-03
5      -- 4         83.0    576.2679    520.2310   59.999  1.831E+03  4.292E+01  1.253E-01  1.625E-01  2.284E+03  5.630E-03
6      -- 5        116.2    691.4731    433.5562   59.998  1.590E+03  4.163E+01  8.514E-02  1.253E-01  2.216E+03  9.435E-03
7      -- 6        154.9    806.6518    371.6504   59.997  1.192E+03  4.022E+01  5.153E-02  8.514E-02  2.140E+03  1.447E-02
8      -- 7        199.1    921.7997    325.2252   59.994  7.813E+02  3.870E+01  2.794E-02  5.153E-02  2.060E+03  2.078E-02
9      -- 8        248.9   1036.9124    289.1203   59.987  4.528E+02  3.712E+01  1.362E-02  2.794E-02  1.976E+03  2.837E-02
10     -- 9        304.2   1151.9855    260.2398   59.969  2.334E+02  3.549E+01  5.988E-03  1.362E-02  1.889E+03  3.719E-02
11     -- 10       365.0   1267.0145    236.6133   59.915  1.077E+02  3.382E+01  2.377E-03  5.988E-03  1.800E+03  4.715E-02
12     -- 11       431.3   1381.9951    216.9273   59.757  4.455E+01  3.206E+01  8.515E-04  2.377E-03  1.706E+03  5.800E-02
13     -- 12       503.1   1496.9229    200.2725   59.112  1.660E+01  2.990E+01  2.728E-04  8.515E-04  1.591E+03  6.874E-02
14     -- 13       580.5   1611.7935    185.9993   55.980  5.615E+00  2.556E+01  7.357E-05  2.728E-04  1.360E+03  7.336E-02
15     -- 14       663.4   1726.6025    173.6314   49.904  1.624E+00  1.545E+01  1.495E-05  7.357E-05  8.221E+02  5.450E-02
16     -- 15       751.7   1841.3455    162.8116   48.006  3.398E-01  4.759E+00  2.525E-06  1.495E-05  2.533E+02  2.037E-02
