* Radex version        : 30nov2011
* Geometry             : Uniform sphere
* Molecular data file  : ./data/co.dat                                                                   
* T(kin)            [K]:   60.000
* Density of H2  [cm-3]:  1.585E+04
* Density of pH2 [cm-3]:  3.962E+03
* Density of oH2 [cm-3]:  1.189E+04
* T(background)     [K]:   13.800
* Column density [cm-2]:  2.445E+19
* Line width     [km/s]:   50.000
Calculation finished in   37 iterations
      LINE         E_UP       FREQ        WAVEL     T_EX      TAU        T_R       POP        POP       FLUX        FLUX
                   (K)        (GHz)       (um)      (K)                  (K)        UP        LOW      (K*km/s) (erg/cm2/s)
1      -- 0          5.5    115.2712   2600.7576   59.566  3.086E+00  4.354E+01  1.369E-01  5.007E-02  2.317E+03  4.571E-05
2      -- 1         16.6    230.5380   1300.4037   57.885  1.103E+01  4.353E+01  1.885E-01  1.369E-01  2.317E+03  3.656E-04
3      -- 2         33.2    345.7960    866.9634   57.514  1.967E+01  4.249E+01  1.977E-01  1.885E-01  2.261E+03  1.204E-03
4      -- 3         55.3    461.0408    650.2515   56.504  2.536E+01  4.059E+01  1.718E-01  1.977E-01  2.160E+03  2.726E-03
5      -- 4         83.0    576.2679    520.2310   54.565  2.625E+01  3.759E+01  1.265E-01  1.718E-01  2.001E+03  4.931E-03
6      -- 5        116.2    691.4731    433.5562   50.714  2.286E+01  3.262E+01  7.772E-02  1.265E-01  1.736E+03  7.393E-03
7      -- 6        154.9    806.6518    371.6504   43.880  1.688E+01  2.484E+01  3.711E-02  7.772E-02  1.322E+03  8.937E-03
8      -- 7        199.1    921.7997    325.2252   34.320  9.838E+00  1.496E+01  1.159E-02  3.711E-02  7.961E+02  8.030E-03
9      -- 8        248.9   1036.9124    289.1203   25.495  3.599E+00  6.659E+00  1.839E-03  1.159E-02  3.545E+02  5.089E-03
10     -- 9        304.2   1151.9855    260.2398   23.415  5.968E-01  2.127E+00  1.917E-04  1.839E-03  1.132E+02  2.229E-03
11     -- 10       365.0   1267.0145    236.6133   28.658  5.993E-02  4.378E-01  2.516E-05  1.917E-04  2.330E+01  6.104E-04
12     -- 11       431.3   1381.9951    216.9273   33.543  7.629E-03  7.683E-02  3.786E-06  2.516E-05  4.089E+00  1.390E-04
13     -- 12       503.1   1496.9229    200.2725   36.568  1.136E-03  1.285E-02  5.733E-07  3.786E-06  6.839E-01  2.954E-05
14     -- 13       580.5   1611.7935    185.9993   37.268  1.735E-04  1.876E-03  7.726E-08  5.733E-07  9.985E-02  5.385E-06
15     -- 14       663.4   1726.6025    173.6314   37.635  2.358E-05  2.381E-04  9.135E-09  7.726E-08  1.267E-02  8.402E-07
16     -- 15       751.7   1841.3455    162.8116   39.482  2.776E-06  2.888E-05  1.037E-09  9.135E-09  1.537E-03  1.236E-07
