* Radex version        : 30nov2011
* Geometry             : Uniform sphere
* Molecular data file  : ./data/co.dat                                                                   
* T(kin)            [K]:   65.000
* Density of H2  [cm-3]:  1.995E+05
* Density of pH2 [cm-3]:  4.988E+04
* Density of oH2 [cm-3]:  1.496E+05
* T(background)     [K]:   13.800
* Column density [cm-2]:  3.079E+20
* Line width     [km/s]:   50.000
Calculation finished in   35 iterations
      LINE         E_UP       FREQ        WAVEL     T_EX      TAU        T_R       POP        POP       FLUX        FLUX
                   (K)        (GHz)       (um)      (K)                  (K)        UP        LOW      (K*km/s) (erg/cm2/s)
1      -- 0          5.5    115.2712   2600.7576   64.981  3.001E+01  5.104E+01  1.158E-01  4.204E-02  2.716E+03  5.358E-05
2      -- 1         16.6    230.5380   1300.4037   64.980  1.057E+02  5.061E+01  1.628E-01  1.158E-01  2.693E+03  4.250E-04
3      -- 2         33.2    345.7960    866.9634   64.976  1.924E+02  4.990E+01  1.766E-01  1.628E-01  2.656E+03  1.414E-03
4      -- 3         55.3    461.0408    650.2515   64.968  2.540E+02  4.896E+01  1.615E-01  1.766E-01  2.606E+03  3.289E-03
5      -- 4         83.0    576.2679    520.2310   64.954  2.708E+02  4.780E+01  1.289E-01  1.615E-01  2.544E+03  6.270E-03
6      -- 5        116.2    691.4731    433.5562   64.926  2.444E+02  4.645E+01  9.139E-02  1.289E-01  2.472E+03  1.053E-02
7      -- 6        154.9    806.6518    371.6504   64.872  1.916E+02  4.494E+01  5.806E-02  9.139E-02  2.392E+03  1.617E-02
8      -- 7        199.1    921.7997    325.2252   64.755  1.324E+02  4.327E+01  3.323E-02  5.806E-02  2.303E+03  2.323E-02
9      -- 8        248.9   1036.9124    289.1203   64.492  8.143E+01  4.139E+01  1.717E-02  3.323E-02  2.203E+03  3.163E-02
10     -- 9        304.2   1151.9855    260.2398   63.766  4.490E+01  3.904E+01  7.974E-03  1.717E-02  2.078E+03  4.091E-02
11     -- 10       365.0   1267.0145    236.6133   61.513  2.238E+01  3.529E+01  3.250E-03  7.974E-03  1.878E+03  4.920E-02
12     -- 11       431.3   1381.9951    216.9273   54.961  1.009E+01  2.776E+01  1.057E-03  3.250E-03  1.478E+03  5.023E-02
13     -- 12       503.1   1496.9229    200.2725   44.144  3.730E+00  1.675E+01  2.242E-04  1.057E-03  8.917E+02  3.852E-02
14     -- 13       580.5   1611.7935    185.9993   37.761  8.508E-01  6.396E+00  3.104E-05  2.242E-04  3.404E+02  1.836E-02
15     -- 14       663.4   1726.6025    173.6314   40.939  1.164E-01  1.363E+00  4.384E-06  3.104E-05  7.256E+01  4.810E-03
16     -- 15       751.7   1841.3455    162.8116   44.862  1.616E-02  2.272E-01  6.509E-07  4.384E-06  1.209E+01  9.723E-04
