* Radex version        : 30nov2011
* Geometry             : Uniform sphere
* Molecular data file  : ./data/co.dat                                                                   
* T(kin)            [K]:   65.000
* Density of H2  [cm-3]:  2.512E+03
* Density of pH2 [cm-3]:  6.280E+02
* Density of oH2 [cm-3]:  1.884E+03
* T(background)     [K]:   13.800
* Column density [cm-2]:  3.876E+18
* Line width     [km/s]:   50.000
Calculation finished in   30 iterations
      LINE         E_UP       FREQ        WAVEL     T_EX      TAU        T_R       POP        POP       FLUX        FLUX
                   (K)        (GHz)       (um)      (K)                  (K)        UP        LOW      (K*km/s) (erg/cm2/s)
1      -- 0          5.5    115.2712   2600.7576   63.851  7.215E-01  2.565E+01  2.171E-01  7.893E-02  1.365E+03  2.693E-05
2      -- 1         16.6    230.5380   1300.4037   38.539  3.976E+00  2.382E+01  2.716E-01  2.171E-01  1.268E+03  2.000E-04
3      -- 2         33.2    345.7960    866.9634   33.953  6.930E+00  1.918E+01  2.332E-01  2.716E-01  1.021E+03  5.437E-04
4      -- 3         55.3    461.0408    650.2515   28.420  7.916E+00  1.320E+01  1.377E-01  2.332E-01  7.025E+02  8.866E-04
5      -- 4         83.0    576.2679    520.2310   22.721  5.899E+00  7.303E+00  4.981E-02  1.377E-01  3.887E+02  9.580E-04
6      -- 5        116.2    691.4731    433.5562   18.775  2.463E+00  3.238E+00  1.005E-02  4.981E-02  1.724E+02  7.339E-04
7      -- 6        154.9    806.6518    371.6504   18.193  5.200E-01  1.111E+00  1.381E-03  1.005E-02  5.915E+01  3.999E-04
8      -- 7        199.1    921.7997    325.2252   20.837  7.051E-02  2.822E-01  1.873E-04  1.381E-03  1.502E+01  1.515E-04
9      -- 8        248.9   1036.9124    289.1203   25.391  9.231E-03  6.221E-02  2.949E-05  1.873E-04  3.311E+00  4.754E-05
10     -- 9        304.2   1151.9855    260.2398   29.377  1.419E-03  1.263E-02  4.963E-06  2.949E-05  6.724E-01  1.324E-05
11     -- 10       365.0   1267.0145    236.6133   32.052  2.375E-04  2.370E-03  8.154E-07  4.963E-06  1.261E-01  3.304E-06
12     -- 11       431.3   1381.9951    216.9273   34.503  3.883E-05  4.200E-04  1.296E-07  8.154E-07  2.235E-02  7.599E-07
13     -- 12       503.1   1496.9229    200.2725   37.397  6.119E-06  7.301E-05  2.051E-08  1.296E-07  3.886E-03  1.679E-07
14     -- 13       580.5   1611.7935    185.9993   38.282  9.756E-07  1.126E-05  2.920E-09  2.051E-08  5.991E-04  3.230E-08
15     -- 14       663.4   1726.6025    173.6314   37.964  1.409E-07  1.454E-06  3.519E-10  2.920E-09  7.741E-05  5.131E-09
16     -- 15       751.7   1841.3455    162.8116   40.962  1.678E-08  1.914E-07  4.331E-11  3.519E-10  1.019E-05  8.190E-10
