* Radex version        : 30nov2011
* Geometry             : Uniform sphere
* Molecular data file  : ./data/co.dat                                                                   
* T(kin)            [K]:   65.000
* Density of H2  [cm-3]:  1.585E+04
* Density of pH2 [cm-3]:  3.962E+03
* Density of oH2 [cm-3]:  1.189E+04
* T(background)     [K]:   13.800
* Column density [cm-2]:  2.445E+19
* Line width     [km/s]:   50.000
Calculation finished in   37 iterations
      LINE         E_UP       FREQ        WAVEL     T_EX      TAU        T_R       POP        POP       FLUX        FLUX
                   (K)        (GHz)       (um)      (K)                  (K)        UP        LOW      (K*km/s) (erg/cm2/s)
1      -- 0          5.5    115.2712   2600.7576   64.858  2.667E+00  4.738E+01  1.293E-01  4.695E-02  2.522E+03  4.974E-05
2      -- 1         16.6    230.5380   1300.4037   62.263  9.748E+00  4.789E+01  1.804E-01  1.293E-01  2.549E+03  4.022E-04
3      -- 2         33.2    345.7960    866.9634   61.854  1.768E+01  4.680E+01  1.932E-01  1.804E-01  2.491E+03  1.326E-03
4      -- 3         55.3    461.0408    650.2515   60.707  2.336E+01  4.474E+01  1.725E-01  1.932E-01  2.381E+03  3.005E-03
5      -- 4         83.0    576.2679    520.2310   58.579  2.494E+01  4.153E+01  1.315E-01  1.725E-01  2.210E+03  5.447E-03
6      -- 5        116.2    691.4731    433.5562   54.528  2.256E+01  3.631E+01  8.456E-02  1.315E-01  1.933E+03  8.230E-03
7      -- 6        154.9    806.6518    371.6504   47.544  1.745E+01  2.829E+01  4.322E-02  8.456E-02  1.506E+03  1.018E-02
8      -- 7        199.1    921.7997    325.2252   37.668  1.093E+01  1.791E+01  1.513E-02  4.322E-02  9.534E+02  9.617E-03
9      -- 8        248.9   1036.9124    289.1203   27.849  4.561E+00  8.532E+00  2.833E-03  1.513E-02  4.541E+02  6.520E-03
10     -- 9        304.2   1151.9855    260.2398   24.002  9.135E-01  3.062E+00  3.128E-04  2.833E-03  1.630E+02  3.208E-03
11     -- 10       365.0   1267.0145    236.6133   28.922  9.754E-02  7.166E-01  4.186E-05  3.128E-04  3.814E+01  9.991E-04
12     -- 11       431.3   1381.9951    216.9273   34.912  1.253E-02  1.384E-01  6.806E-06  4.186E-05  7.369E+00  2.505E-04
13     -- 12       503.1   1496.9229    200.2725   38.418  2.009E-03  2.547E-02  1.133E-06  6.806E-06  1.356E+00  5.857E-05
14     -- 13       580.5   1611.7935    185.9993   39.328  3.372E-04  4.146E-03  1.702E-07  1.133E-06  2.207E-01  1.190E-05
15     -- 14       663.4   1726.6025    173.6314   39.710  5.116E-05  5.901E-04  2.258E-08  1.702E-07  3.141E-02  2.082E-06
16     -- 15       751.7   1841.3455    162.8116   41.823  6.752E-06  8.106E-05  2.906E-09  2.258E-08  4.314E-03  3.469E-07
