* Radex version        : 30nov2011
* Geometry             : Uniform sphere
* Molecular data file  : ./data/co.dat                                                                   
* T(kin)            [K]:   65.000
* Density of H2  [cm-3]:  3.981E+02
* Density of pH2 [cm-3]:  9.953E+01
* Density of oH2 [cm-3]:  2.986E+02
* T(background)     [K]:   13.800
* Column density [cm-2]:  6.143E+17
* Line width     [km/s]:   50.000
Calculation finished in   24 iterations
      LINE         E_UP       FREQ        WAVEL     T_EX      TAU        T_R       POP        POP       FLUX        FLUX
                   (K)        (GHz)       (um)      (K)                  (K)        UP        LOW      (K*km/s) (erg/cm2/s)
1      -- 0          5.5    115.2712   2600.7576   22.209  5.755E-01  3.649E+00  3.497E-01  1.495E-01  1.942E+02  3.831E-06
2      -- 1         16.6    230.5380   1300.4037   16.897  1.954E+00  2.545E+00  3.028E-01  3.497E-01  1.355E+02  2.137E-05
3      -- 2         33.2    345.7960    866.9634   15.587  2.075E+00  1.406E+00  1.462E-01  3.028E-01  7.484E+01  3.985E-05
4      -- 3         55.3    461.0408    650.2515   14.912  1.124E+00  6.182E-01  4.262E-02  1.462E-01  3.290E+01  4.152E-05
5      -- 4         83.0    576.2679    520.2310   14.778  3.480E-01  2.121E-01  8.017E-03  4.262E-02  1.129E+01  2.783E-05
6      -- 5        116.2    691.4731    433.5562   15.166  6.727E-02  5.837E-02  1.062E-03  8.017E-03  3.107E+00  1.323E-05
7      -- 6        154.9    806.6518    371.6504   16.470  8.945E-03  1.413E-02  1.168E-04  1.062E-03  7.519E-01  5.082E-06
8      -- 7        199.1    921.7997    325.2252   19.613  9.613E-04  3.181E-03  1.388E-05  1.168E-04  1.693E-01  1.708E-06
9      -- 8        248.9   1036.9124    289.1203   24.446  1.097E-04  6.676E-04  2.026E-06  1.388E-05  3.553E-02  5.102E-07
10     -- 9        304.2   1151.9855    260.2398   28.595  1.559E-05  1.298E-04  3.238E-07  2.026E-06  6.908E-03  1.360E-07
11     -- 10       365.0   1267.0145    236.6133   31.373  2.473E-06  2.343E-05  5.106E-08  3.238E-07  1.247E-03  3.267E-08
12     -- 11       431.3   1381.9951    216.9273   33.770  3.881E-07  3.988E-06  7.787E-09  5.106E-08  2.123E-04  7.215E-09
13     -- 12       503.1   1496.9229    200.2725   37.242  5.833E-08  6.892E-07  1.222E-09  7.787E-09  3.668E-05  1.585E-09
14     -- 13       580.5   1611.7935    185.9993   38.027  9.232E-09  1.048E-07  1.716E-10  1.222E-09  5.579E-06  3.008E-10
15     -- 14       663.4   1726.6025    173.6314   37.185  1.320E-09  1.293E-08  1.976E-11  1.716E-10  6.882E-07  4.562E-11
16     -- 15       751.7   1841.3455    162.8116   40.839  1.494E-10  1.692E-09  2.416E-12  1.976E-11  9.006E-08  7.241E-12
