* Radex version        : 30nov2011
* Geometry             : Uniform sphere
* Molecular data file  : ./data/co.dat                                                                   
* T(kin)            [K]:   60.000
* Density of H2  [cm-3]:  3.162E+02
* Density of pH2 [cm-3]:  7.906E+01
* Density of oH2 [cm-3]:  2.372E+02
* T(background)     [K]:   13.800
* Column density [cm-2]:  4.879E+17
* Line width     [km/s]:   50.000
Calculation finished in   23 iterations
      LINE         E_UP       FREQ        WAVEL     T_EX      TAU        T_R       POP        POP       FLUX        FLUX
                   (K)        (GHz)       (um)      (K)                  (K)        UP        LOW      (K*km/s) (erg/cm2/s)
1      -- 0          5.5    115.2712   2600.7576   19.736  5.358E-01  2.439E+00  3.583E-01  1.581E-01  1.298E+02  2.561E-06
2      -- 1         16.6    230.5380   1300.4037   15.943  1.656E+00  1.656E+00  2.983E-01  3.583E-01  8.812E+01  1.390E-05
3      -- 2         33.2    345.7960    866.9634   15.013  1.658E+00  8.803E-01  1.383E-01  2.983E-01  4.685E+01  2.495E-05
4      -- 3         55.3    461.0408    650.2515   14.580  8.528E-01  3.667E-01  3.898E-02  1.383E-01  1.952E+01  2.463E-05
5      -- 4         83.0    576.2679    520.2310   14.516  2.543E-01  1.181E-01  7.088E-03  3.898E-02  6.286E+00  1.549E-05
6      -- 5        116.2    691.4731    433.5562   14.815  4.755E-02  3.064E-02  8.917E-04  7.088E-03  1.631E+00  6.945E-06
7      -- 6        154.9    806.6518    371.6504   15.802  6.024E-03  6.993E-03  8.880E-05  8.917E-04  3.722E-01  2.516E-06
8      -- 7        199.1    921.7997    325.2252   18.368  5.901E-04  1.477E-03  9.052E-06  8.880E-05  7.860E-02  7.929E-07
9      -- 8        248.9   1036.9124    289.1203   22.862  5.796E-05  2.885E-04  1.147E-06  9.052E-06  1.535E-02  2.204E-07
10     -- 9        304.2   1151.9855    260.2398   27.138  7.133E-06  5.182E-05  1.654E-07  1.147E-06  2.758E-03  5.430E-08
11     -- 10       365.0   1267.0145    236.6133   29.910  1.018E-06  8.565E-06  2.372E-08  1.654E-07  4.559E-04  1.194E-08
12     -- 11       431.3   1381.9951    216.9273   32.161  1.454E-07  1.325E-06  3.278E-09  2.372E-08  7.053E-05  2.397E-09
13     -- 12       503.1   1496.9229    200.2725   35.365  1.983E-08  2.072E-07  4.643E-10  3.278E-09  1.103E-05  4.763E-10
14     -- 13       580.5   1611.7935    185.9993   36.120  2.829E-09  2.832E-08  5.858E-11  4.643E-10  1.508E-06  8.129E-11
15     -- 14       663.4   1726.6025    173.6314   35.270  3.628E-10  3.097E-09  5.975E-12  5.858E-11  1.648E-07  1.093E-11
16     -- 15       751.7   1841.3455    162.8116   38.610  3.644E-11  3.580E-10  6.449E-13  5.975E-12  1.906E-08  1.532E-12
