* Radex version        : 30nov2011
* Geometry             : Uniform sphere
* Molecular data file  : ./data/co.dat                                                                   
* T(kin)            [K]:   60.000
* Density of H2  [cm-3]:  6.310E+04
* Density of pH2 [cm-3]:  1.577E+04
* Density of oH2 [cm-3]:  4.732E+04
* T(background)     [K]:   13.800
* Column density [cm-2]:  9.736E+19
* Line width     [km/s]:   50.000
Calculation finished in   37 iterations
      LINE         E_UP       FREQ        WAVEL     T_EX      TAU        T_R       POP        POP       FLUX        FLUX
                   (K)        (GHz)       (um)      (K)                  (K)        UP        LOW      (K*km/s) (erg/cm2/s)
1      -- 0          5.5    115.2712   2600.7576   59.872  1.122E+01  4.593E+01  1.257E-01  4.595E-02  2.445E+03  4.822E-05
2      -- 1         16.6    230.5380   1300.4037   59.852  3.910E+01  4.549E+01  1.741E-01  1.257E-01  2.421E+03  3.821E-04
3      -- 2         33.2    345.7960    866.9634   59.821  6.994E+01  4.478E+01  1.847E-01  1.741E-01  2.383E+03  1.269E-03
4      -- 3         55.3    461.0408    650.2515   59.753  9.010E+01  4.380E+01  1.640E-01  1.847E-01  2.331E+03  2.942E-03
5      -- 4         83.0    576.2679    520.2310   59.628  9.307E+01  4.256E+01  1.261E-01  1.640E-01  2.265E+03  5.582E-03
6      -- 5        116.2    691.4731    433.5562   59.374  8.085E+01  4.102E+01  8.519E-02  1.261E-01  2.184E+03  9.297E-03
7      -- 6        154.9    806.6518    371.6504   58.837  6.058E+01  3.910E+01  5.090E-02  8.519E-02  2.081E+03  1.407E-02
8      -- 7        199.1    921.7997    325.2252   57.517  3.979E+01  3.634E+01  2.673E-02  5.090E-02  1.934E+03  1.951E-02
9      -- 8        248.9   1036.9124    289.1203   53.941  2.321E+01  3.144E+01  1.188E-02  2.673E-02  1.674E+03  2.403E-02
10     -- 9        304.2   1151.9855    260.2398   45.797  1.187E+01  2.256E+01  3.925E-03  1.188E-02  1.201E+03  2.364E-02
11     -- 10       365.0   1267.0145    236.6133   34.605  4.593E+00  1.181E+01  7.417E-04  3.925E-03  6.284E+02  1.646E-02
12     -- 11       431.3   1381.9951    216.9273   29.036  9.334E-01  4.232E+00  8.211E-05  7.417E-04  2.253E+02  7.657E-03
13     -- 12       503.1   1496.9229    200.2725   34.151  1.002E-01  9.137E-01  1.082E-05  8.211E-05  4.863E+01  2.101E-03
14     -- 13       580.5   1611.7935    185.9993   38.162  1.294E-02  1.473E-01  1.531E-06  1.082E-05  7.838E+00  4.227E-04
15     -- 14       663.4   1726.6025    173.6314   39.154  1.839E-03  2.048E-02  1.972E-07  1.531E-06  1.090E+00  7.226E-05
16     -- 15       751.7   1841.3455    162.8116   40.865  2.363E-04  2.679E-03  2.414E-08  1.972E-07  1.426E-01  1.147E-05
