* Radex version        : 30nov2011
* Geometry             : Uniform sphere
* Molecular data file  : ./data/co.dat                                                                   
* T(kin)            [K]:   60.000
* Density of H2  [cm-3]:  5.012E+04
* Density of pH2 [cm-3]:  1.253E+04
* Density of oH2 [cm-3]:  3.759E+04
* T(background)     [K]:   13.800
* Column density [cm-2]:  7.733E+19
* Line width     [km/s]:   50.000
Calculation finished in   37 iterations
      LINE         E_UP       FREQ        WAVEL     T_EX      TAU        T_R       POP        POP       FLUX        FLUX
                   (K)        (GHz)       (um)      (K)                  (K)        UP        LOW      (K*km/s) (erg/cm2/s)
1      -- 0          5.5    115.2712   2600.7576   59.810  8.971E+00  4.586E+01  1.264E-01  4.621E-02  2.441E+03  4.815E-05
2      -- 1         16.6    230.5380   1300.4037   59.767  3.127E+01  4.541E+01  1.750E-01  1.264E-01  2.417E+03  3.813E-04
3      -- 2         33.2    345.7960    866.9634   59.719  5.593E+01  4.468E+01  1.856E-01  1.750E-01  2.378E+03  1.266E-03
4      -- 3         55.3    461.0408    650.2515   59.612  7.205E+01  4.366E+01  1.646E-01  1.856E-01  2.324E+03  2.933E-03
5      -- 4         83.0    576.2679    520.2310   59.414  7.443E+01  4.235E+01  1.263E-01  1.646E-01  2.254E+03  5.555E-03
6      -- 5        116.2    691.4731    433.5562   59.008  6.466E+01  4.067E+01  8.508E-02  1.263E-01  2.165E+03  9.217E-03
7      -- 6        154.9    806.6518    371.6504   58.134  4.847E+01  3.842E+01  5.044E-02  8.508E-02  2.045E+03  1.382E-02
8      -- 7        199.1    921.7997    325.2252   55.947  3.189E+01  3.484E+01  2.592E-02  5.044E-02  1.855E+03  1.871E-02
9      -- 8        248.9   1036.9124    289.1203   50.523  1.859E+01  2.827E+01  1.082E-02  2.592E-02  1.505E+03  2.161E-02
10     -- 9        304.2   1151.9855    260.2398   40.578  9.120E+00  1.800E+01  3.062E-03  1.082E-02  9.580E+02  1.886E-02
11     -- 10       365.0   1267.0145    236.6133   30.224  2.979E+00  8.198E+00  4.485E-04  3.062E-03  4.363E+02  1.143E-02
12     -- 11       431.3   1381.9951    216.9273   28.677  4.497E-01  2.441E+00  4.825E-05  4.485E-04  1.299E+02  4.416E-03
13     -- 12       503.1   1496.9229    200.2725   35.324  4.627E-02  4.711E-01  6.818E-06  4.825E-05  2.507E+01  1.083E-03
14     -- 13       580.5   1611.7935    185.9993   38.074  6.483E-03  7.359E-02  9.601E-07  6.818E-06  3.917E+00  2.112E-04
15     -- 14       663.4   1726.6025    173.6314   38.990  9.174E-04  1.011E-02  1.225E-07  9.601E-07  5.383E-01  3.569E-05
16     -- 15       751.7   1841.3455    162.8116   40.455  1.170E-04  1.294E-03  1.468E-08  1.225E-07  6.886E-02  5.537E-06
