* Radex version        : 30nov2011
* Geometry             : Uniform sphere
* Molecular data file  : ./data/co.dat                                                                   
* T(kin)            [K]:   60.000
* Density of H2  [cm-3]:  3.162E+04
* Density of pH2 [cm-3]:  7.906E+03
* Density of oH2 [cm-3]:  2.372E+04
* T(background)     [K]:   13.800
* Column density [cm-2]:  4.879E+19
* Line width     [km/s]:   50.000
Calculation finished in   38 iterations
      LINE         E_UP       FREQ        WAVEL     T_EX      TAU        T_R       POP        POP       FLUX        FLUX
                   (K)        (GHz)       (um)      (K)                  (K)        UP        LOW      (K*km/s) (erg/cm2/s)
1      -- 0          5.5    115.2712   2600.7576   59.632  5.785E+00  4.555E+01  1.287E-01  4.709E-02  2.424E+03  4.782E-05
2      -- 1         16.6    230.5380   1300.4037   59.423  2.021E+01  4.506E+01  1.781E-01  1.287E-01  2.398E+03  3.785E-04
3      -- 2         33.2    345.7960    866.9634   59.315  3.612E+01  4.428E+01  1.885E-01  1.781E-01  2.357E+03  1.255E-03
4      -- 3         55.3    461.0408    650.2515   59.049  4.654E+01  4.310E+01  1.666E-01  1.885E-01  2.294E+03  2.895E-03
5      -- 4         83.0    576.2679    520.2310   58.552  4.808E+01  4.150E+01  1.270E-01  1.666E-01  2.209E+03  5.444E-03
6      -- 5        116.2    691.4731    433.5562   57.504  4.180E+01  3.920E+01  8.427E-02  1.270E-01  2.087E+03  8.885E-03
7      -- 6        154.9    806.6518    371.6504   55.185  3.141E+01  3.558E+01  4.821E-02  8.427E-02  1.894E+03  1.280E-02
8      -- 7        199.1    921.7997    325.2252   49.959  2.068E+01  2.919E+01  2.254E-02  4.821E-02  1.554E+03  1.567E-02
9      -- 8        248.9   1036.9124    289.1203   40.730  1.148E+01  1.940E+01  7.424E-03  2.254E-02  1.033E+03  1.483E-02
10     -- 9        304.2   1151.9855    260.2398   30.138  4.459E+00  9.373E+00  1.310E-03  7.424E-03  4.989E+02  9.822E-03
11     -- 10       365.0   1267.0145    236.6133   25.742  8.411E-01  3.170E+00  1.352E-04  1.310E-03  1.687E+02  4.420E-03
12     -- 11       431.3   1381.9951    216.9273   31.075  8.372E-02  6.709E-01  1.739E-05  1.352E-04  3.571E+01  1.214E-03
13     -- 12       503.1   1496.9229    200.2725   36.403  1.042E-02  1.161E-01  2.610E-06  1.739E-05  6.181E+00  2.670E-04
14     -- 13       580.5   1611.7935    185.9993   37.944  1.568E-03  1.769E-02  3.650E-07  2.610E-06  9.416E-01  5.077E-05
15     -- 14       663.4   1726.6025    173.6314   38.336  2.211E-04  2.339E-03  4.493E-08  3.650E-07  1.245E-01  8.251E-06
16     -- 15       751.7   1841.3455    162.8116   40.039  2.714E-05  2.925E-04  5.262E-09  4.493E-08  1.557E-02  1.252E-06
