* Radex version        : 30nov2011
* Geometry             : Uniform sphere
* Molecular data file  : ./data/co.dat                                                                   
* T(kin)            [K]:   65.000
* Density of H2  [cm-3]:  1.000E+06
* Density of pH2 [cm-3]:  2.500E+05
* Density of oH2 [cm-3]:  7.500E+05
* T(background)     [K]:   13.800
* Column density [cm-2]:  1.543E+21
* Line width     [km/s]:   50.000
Calculation finished in   30 iterations
      LINE         E_UP       FREQ        WAVEL     T_EX      TAU        T_R       POP        POP       FLUX        FLUX
                   (K)        (GHz)       (um)      (K)                  (K)        UP        LOW      (K*km/s) (erg/cm2/s)
1      -- 0          5.5    115.2712   2600.7576   64.999  1.501E+02  5.105E+01  1.156E-01  4.195E-02  2.717E+03  5.360E-05
2      -- 1         16.6    230.5380   1300.4037   64.999  5.285E+02  5.062E+01  1.625E-01  1.156E-01  2.694E+03  4.252E-04
3      -- 2         33.2    345.7960    866.9634   64.999  9.621E+02  4.993E+01  1.762E-01  1.625E-01  2.657E+03  1.415E-03
4      -- 3         55.3    461.0408    650.2515   64.999  1.270E+03  4.899E+01  1.612E-01  1.762E-01  2.607E+03  3.291E-03
5      -- 4         83.0    576.2679    520.2310   64.998  1.354E+03  4.784E+01  1.288E-01  1.612E-01  2.546E+03  6.275E-03
6      -- 5        116.2    691.4731    433.5562   64.997  1.222E+03  4.652E+01  9.132E-02  1.288E-01  2.476E+03  1.054E-02
7      -- 6        154.9    806.6518    371.6504   64.995  9.582E+02  4.506E+01  5.808E-02  9.132E-02  2.398E+03  1.621E-02
8      -- 7        199.1    921.7997    325.2252   64.990  6.621E+02  4.349E+01  3.332E-02  5.808E-02  2.315E+03  2.335E-02
9      -- 8        248.9   1036.9124    289.1203   64.980  4.072E+02  4.185E+01  1.732E-02  3.332E-02  2.228E+03  3.198E-02
10     -- 9        304.2   1151.9855    260.2398   64.954  2.243E+02  4.016E+01  8.171E-03  1.732E-02  2.138E+03  4.208E-02
11     -- 10       365.0   1267.0145    236.6133   64.885  1.114E+02  3.841E+01  3.506E-03  8.171E-03  2.044E+03  5.355E-02
12     -- 11       431.3   1381.9951    216.9273   64.693  4.992E+01  3.655E+01  1.367E-03  3.506E-03  1.946E+03  6.613E-02
13     -- 12       503.1   1496.9229    200.2725   64.022  2.030E+01  3.429E+01  4.806E-04  1.367E-03  1.825E+03  7.883E-02
14     -- 13       580.5   1611.7935    185.9993   60.927  7.547E+00  2.992E+01  1.450E-04  4.806E-04  1.593E+03  8.588E-02
15     -- 14       663.4   1726.6025    173.6314   53.585  2.471E+00  2.035E+01  3.302E-05  1.450E-04  1.083E+03  7.178E-02
16     -- 15       751.7   1841.3455    162.8116   49.380  5.904E-01  7.836E+00  5.871E-06  3.302E-05  4.171E+02  3.353E-02
