* Radex version        : 30nov2011
* Geometry             : Uniform sphere
* Molecular data file  : ./data/co.dat                                                                   
* T(kin)            [K]:   60.000
* Density of H2  [cm-3]:  1.995E+05
* Density of pH2 [cm-3]:  4.988E+04
* Density of oH2 [cm-3]:  1.496E+05
* T(background)     [K]:   13.800
* Column density [cm-2]:  3.079E+20
* Line width     [km/s]:   50.000
Calculation finished in   34 iterations
      LINE         E_UP       FREQ        WAVEL     T_EX      TAU        T_R       POP        POP       FLUX        FLUX
                   (K)        (GHz)       (um)      (K)                  (K)        UP        LOW      (K*km/s) (erg/cm2/s)
1      -- 0          5.5    115.2712   2600.7576   59.986  3.505E+01  4.604E+01  1.244E-01  4.547E-02  2.451E+03  4.834E-05
2      -- 1         16.6    230.5380   1300.4037   59.985  1.221E+02  4.562E+01  1.724E-01  1.244E-01  2.428E+03  3.832E-04
3      -- 2         33.2    345.7960    866.9634   59.982  2.185E+02  4.494E+01  1.830E-01  1.724E-01  2.392E+03  1.274E-03
4      -- 3         55.3    461.0408    650.2515   59.975  2.814E+02  4.402E+01  1.627E-01  1.830E-01  2.343E+03  2.957E-03
5      -- 4         83.0    576.2679    520.2310   59.962  2.907E+02  4.288E+01  1.254E-01  1.627E-01  2.283E+03  5.625E-03
6      -- 5        116.2    691.4731    433.5562   59.937  2.525E+02  4.157E+01  8.518E-02  1.254E-01  2.213E+03  9.422E-03
7      -- 6        154.9    806.6518    371.6504   59.886  1.892E+02  4.011E+01  5.149E-02  8.518E-02  2.135E+03  1.443E-02
8      -- 7        199.1    921.7997    325.2252   59.769  1.241E+02  3.848E+01  2.784E-02  5.149E-02  2.048E+03  2.066E-02
9      -- 8        248.9   1036.9124    289.1203   59.484  7.190E+01  3.664E+01  1.348E-02  2.784E-02  1.950E+03  2.800E-02
10     -- 9        304.2   1151.9855    260.2398   58.638  3.711E+01  3.425E+01  5.802E-03  1.348E-02  1.823E+03  3.589E-02
11     -- 10       365.0   1267.0145    236.6133   55.693  1.724E+01  2.996E+01  2.133E-03  5.802E-03  1.595E+03  4.178E-02
12     -- 11       431.3   1381.9951    216.9273   47.842  7.087E+00  2.154E+01  5.795E-04  2.133E-03  1.147E+03  3.898E-02
13     -- 12       503.1   1496.9229    200.2725   38.257  2.156E+00  1.112E+01  9.571E-05  5.795E-04  5.917E+02  2.556E-02
14     -- 13       580.5   1611.7935    185.9993   36.522  3.668E-01  3.160E+00  1.236E-05  9.571E-05  1.682E+02  9.069E-03
15     -- 14       663.4   1726.6025    173.6314   40.328  4.656E-02  5.447E-01  1.693E-06  1.236E-05  2.899E+01  1.922E-03
16     -- 15       751.7   1841.3455    162.8116   42.526  6.344E-03  7.903E-02  2.256E-07  1.693E-06  4.206E+00  3.382E-04
