* Radex version        : 30nov2011
* Geometry             : Uniform sphere
* Molecular data file  : ./data/co.dat                                                                   
* T(kin)            [K]:   60.000
* Density of H2  [cm-3]:  3.162E+03
* Density of pH2 [cm-3]:  7.906E+02
* Density of oH2 [cm-3]:  2.372E+03
* T(background)     [K]:   13.800
* Column density [cm-2]:  4.879E+18
* Line width     [km/s]:   50.000
Calculation finished in   31 iterations
      LINE         E_UP       FREQ        WAVEL     T_EX      TAU        T_R       POP        POP       FLUX        FLUX
                   (K)        (GHz)       (um)      (K)                  (K)        UP        LOW      (K*km/s) (erg/cm2/s)
1      -- 0          5.5    115.2712   2600.7576   60.434  9.095E-01  2.777E+01  2.053E-01  7.498E-02  1.478E+03  2.915E-05
2      -- 1         16.6    230.5380   1300.4037   40.979  4.487E+00  2.640E+01  2.612E-01  2.053E-01  1.405E+03  2.217E-04
3      -- 2         33.2    345.7960    866.9634   36.965  7.849E+00  2.215E+01  2.334E-01  2.612E-01  1.179E+03  6.278E-04
4      -- 3         55.3    461.0408    650.2515   31.502  9.302E+00  1.615E+01  1.487E-01  2.334E-01  8.595E+02  1.085E-03
5      -- 4         83.0    576.2679    520.2310   25.228  7.586E+00  9.564E+00  6.071E-02  1.487E-01  5.091E+02  1.255E-03
6      -- 5        116.2    691.4731    433.5562   20.029  3.688E+00  4.414E+00  1.368E-02  6.071E-02  2.349E+02  1.000E-03
7      -- 6        154.9    806.6518    371.6504   18.163  8.916E-01  1.605E+00  1.874E-03  1.368E-02  8.543E+01  5.774E-04
8      -- 7        199.1    921.7997    325.2252   20.018  1.218E-01  4.108E-01  2.329E-04  1.874E-03  2.186E+01  2.205E-04
9      -- 8        248.9   1036.9124    289.1203   24.176  1.468E-02  8.585E-02  3.323E-05  2.329E-04  4.569E+00  6.561E-05
10     -- 9        304.2   1151.9855    260.2398   28.138  2.043E-03  1.630E-02  5.149E-06  3.323E-05  8.676E-01  1.708E-05
11     -- 10       365.0   1267.0145    236.6133   30.727  3.144E-04  2.830E-03  7.794E-07  5.149E-06  1.506E-01  3.945E-06
12     -- 11       431.3   1381.9951    216.9273   33.004  4.740E-05  4.607E-04  1.136E-07  7.794E-07  2.452E-02  8.335E-07
13     -- 12       503.1   1496.9229    200.2725   35.621  6.854E-06  7.287E-05  1.632E-08  1.136E-07  3.879E-03  1.675E-07
14     -- 13       580.5   1611.7935    185.9993   36.411  9.924E-07  1.013E-05  2.095E-09  1.632E-08  5.394E-04  2.909E-08
15     -- 14       663.4   1726.6025    173.6314   36.177  1.289E-07  1.176E-06  2.267E-10  2.095E-09  6.261E-05  4.150E-09
16     -- 15       751.7   1841.3455    162.8116   38.767  1.381E-08  1.371E-07  2.469E-11  2.267E-10  7.296E-06  5.867E-10
