* Radex version        : 30nov2011
* Geometry             : Uniform sphere
* Molecular data file  : ./data/co.dat                                                                   
* T(kin)            [K]:   60.000
* Density of H2  [cm-3]:  1.000E+06
* Density of pH2 [cm-3]:  2.500E+05
* Density of oH2 [cm-3]:  7.500E+05
* T(background)     [K]:   13.800
* Column density [cm-2]:  1.543E+21
* Line width     [km/s]:   50.000
Calculation finished in   29 iterations
      LINE         E_UP       FREQ        WAVEL     T_EX      TAU        T_R       POP        POP       FLUX        FLUX
                   (K)        (GHz)       (um)      (K)                  (K)        UP        LOW      (K*km/s) (erg/cm2/s)
1      -- 0          5.5    115.2712   2600.7576   59.999  1.753E+02  4.606E+01  1.242E-01  4.540E-02  2.451E+03  4.835E-05
2      -- 1         16.6    230.5380   1300.4037   59.999  6.110E+02  4.564E+01  1.721E-01  1.242E-01  2.429E+03  3.833E-04
3      -- 2         33.2    345.7960    866.9634   59.999  1.093E+03  4.496E+01  1.828E-01  1.721E-01  2.393E+03  1.274E-03
4      -- 3         55.3    461.0408    650.2515   59.999  1.408E+03  4.404E+01  1.625E-01  1.828E-01  2.344E+03  2.958E-03
5      -- 4         83.0    576.2679    520.2310   59.998  1.454E+03  4.292E+01  1.253E-01  1.625E-01  2.284E+03  5.630E-03
6      -- 5        116.2    691.4731    433.5562   59.997  1.263E+03  4.163E+01  8.514E-02  1.253E-01  2.216E+03  9.435E-03
7      -- 6        154.9    806.6518    371.6504   59.995  9.465E+02  4.021E+01  5.153E-02  8.514E-02  2.140E+03  1.447E-02
8      -- 7        199.1    921.7997    325.2252   59.991  6.206E+02  3.870E+01  2.793E-02  5.153E-02  2.060E+03  2.078E-02
9      -- 8        248.9   1036.9124    289.1203   59.980  3.597E+02  3.711E+01  1.362E-02  2.793E-02  1.975E+03  2.836E-02
10     -- 9        304.2   1151.9855    260.2398   59.951  1.854E+02  3.547E+01  5.985E-03  1.362E-02  1.888E+03  3.717E-02
11     -- 10       365.0   1267.0145    236.6133   59.865  8.555E+01  3.377E+01  2.374E-03  5.985E-03  1.797E+03  4.708E-02
12     -- 11       431.3   1381.9951    216.9273   59.608  3.539E+01  3.193E+01  8.481E-04  2.374E-03  1.699E+03  5.776E-02
13     -- 12       503.1   1496.9229    200.2725   58.465  1.321E+01  2.933E+01  2.680E-04  8.481E-04  1.561E+03  6.743E-02
14     -- 13       580.5   1611.7935    185.9993   53.878  4.460E+00  2.359E+01  6.850E-05  2.680E-04  1.256E+03  6.771E-02
15     -- 14       663.4   1726.6025    173.6314   47.498  1.224E+00  1.224E+01  1.279E-05  6.850E-05  6.514E+02  4.318E-02
16     -- 15       751.7   1841.3455    162.8116   46.832  2.330E-01  3.250E+00  2.064E-06  1.279E-05  1.730E+02  1.391E-02
