* Radex version        : 30nov2011
* Geometry             : Uniform sphere
* Molecular data file  : ./data/co.dat                                                                   
* T(kin)            [K]:   65.000
* Density of H2  [cm-3]:  5.012E+05
* Density of pH2 [cm-3]:  1.253E+05
* Density of oH2 [cm-3]:  3.759E+05
* T(background)     [K]:   13.800
* Column density [cm-2]:  7.733E+20
* Line width     [km/s]:   50.000
Calculation finished in   32 iterations
      LINE         E_UP       FREQ        WAVEL     T_EX      TAU        T_R       POP        POP       FLUX        FLUX
                   (K)        (GHz)       (um)      (K)                  (K)        UP        LOW      (K*km/s) (erg/cm2/s)
1      -- 0          5.5    115.2712   2600.7576   64.997  7.525E+01  5.105E+01  1.156E-01  4.197E-02  2.717E+03  5.360E-05
2      -- 1         16.6    230.5380   1300.4037   64.997  2.650E+02  5.062E+01  1.625E-01  1.156E-01  2.694E+03  4.251E-04
3      -- 2         33.2    345.7960    866.9634   64.996  4.824E+02  4.992E+01  1.763E-01  1.625E-01  2.657E+03  1.415E-03
4      -- 3         55.3    461.0408    650.2515   64.995  6.368E+02  4.898E+01  1.613E-01  1.763E-01  2.607E+03  3.290E-03
5      -- 4         83.0    576.2679    520.2310   64.993  6.789E+02  4.783E+01  1.288E-01  1.613E-01  2.546E+03  6.275E-03
6      -- 5        116.2    691.4731    433.5562   64.988  6.128E+02  4.651E+01  9.133E-02  1.288E-01  2.475E+03  1.054E-02
7      -- 6        154.9    806.6518    371.6504   64.980  4.804E+02  4.504E+01  5.808E-02  9.133E-02  2.397E+03  1.620E-02
8      -- 7        199.1    921.7997    325.2252   64.961  3.319E+02  4.346E+01  3.331E-02  5.808E-02  2.313E+03  2.334E-02
9      -- 8        248.9   1036.9124    289.1203   64.921  2.042E+02  4.180E+01  1.730E-02  3.331E-02  2.225E+03  3.194E-02
10     -- 9        304.2   1151.9855    260.2398   64.816  1.125E+02  4.003E+01  8.148E-03  1.730E-02  2.131E+03  4.195E-02
11     -- 10       365.0   1267.0145    236.6133   64.532  5.585E+01  3.808E+01  3.478E-03  8.148E-03  2.027E+03  5.309E-02
12     -- 11       431.3   1381.9951    216.9273   63.644  2.506E+01  3.559E+01  1.333E-03  3.478E-03  1.894E+03  6.440E-02
13     -- 12       503.1   1496.9229    200.2725   60.193  1.025E+01  3.086E+01  4.366E-04  1.333E-03  1.642E+03  7.095E-02
14     -- 13       580.5   1611.7935    185.9993   51.662  3.709E+00  2.147E+01  1.049E-04  4.366E-04  1.143E+03  6.162E-02
15     -- 14       663.4   1726.6025    173.6314   44.384  9.623E-01  9.237E+00  1.733E-05  1.049E-04  4.916E+02  3.259E-02
16     -- 15       751.7   1841.3455    162.8116   45.891  1.593E-01  2.199E+00  2.690E-06  1.733E-05  1.171E+02  9.411E-03
