* Radex version        : 30nov2011
* Geometry             : Uniform sphere
* Molecular data file  : ./data/co.dat                                                                   
* T(kin)            [K]:   65.000
* Density of H2  [cm-3]:  7.943E+03
* Density of pH2 [cm-3]:  1.986E+03
* Density of oH2 [cm-3]:  5.957E+03
* T(background)     [K]:   13.800
* Column density [cm-2]:  1.226E+19
* Line width     [km/s]:   50.000
Calculation finished in   35 iterations
      LINE         E_UP       FREQ        WAVEL     T_EX      TAU        T_R       POP        POP       FLUX        FLUX
                   (K)        (GHz)       (um)      (K)                  (K)        UP        LOW      (K*km/s) (erg/cm2/s)
1      -- 0          5.5    115.2712   2600.7576   67.421  1.477E+00  4.127E+01  1.488E-01  5.385E-02  2.197E+03  4.333E-05
2      -- 1         16.6    230.5380   1300.4037   56.994  6.093E+00  4.255E+01  2.043E-01  1.488E-01  2.264E+03  3.573E-04
3      -- 2         33.2    345.7960    866.9634   55.325  1.105E+01  4.031E+01  2.119E-01  2.043E-01  2.146E+03  1.143E-03
4      -- 3         55.3    461.0408    650.2515   51.999  1.457E+01  3.614E+01  1.780E-01  2.119E-01  1.924E+03  2.428E-03
5      -- 4         83.0    576.2679    520.2310   46.615  1.533E+01  2.984E+01  1.202E-01  1.780E-01  1.588E+03  3.914E-03
6      -- 5        116.2    691.4731    433.5562   38.842  1.302E+01  2.129E+01  6.044E-02  1.202E-01  1.133E+03  4.825E-03
7      -- 6        154.9    806.6518    371.6504   29.864  8.155E+00  1.208E+01  1.908E-02  6.044E-02  6.430E+02  4.346E-03
8      -- 7        199.1    921.7997    325.2252   22.855  2.994E+00  5.313E+00  3.120E-03  1.908E-02  2.828E+02  2.852E-03
9      -- 8        248.9   1036.9124    289.1203   22.028  5.069E-01  1.755E+00  3.642E-04  3.120E-03  9.343E+01  1.341E-03
10     -- 9        304.2   1151.9855    260.2398   27.122  5.688E-02  4.011E-01  5.243E-05  3.642E-04  2.135E+01  4.203E-04
11     -- 10       365.0   1267.0145    236.6133   32.102  7.928E-03  7.910E-02  8.638E-06  5.243E-05  4.210E+00  1.103E-04
12     -- 11       431.3   1381.9951    216.9273   35.311  1.291E-03  1.473E-02  1.435E-06  8.638E-06  7.840E-01  2.665E-05
13     -- 12       503.1   1496.9229    200.2725   37.896  2.133E-04  2.623E-03  2.328E-07  1.435E-06  1.396E-01  6.032E-06
14     -- 13       580.5   1611.7935    185.9993   38.879  3.486E-05  4.172E-04  3.420E-08  2.328E-07  2.221E-02  1.197E-06
15     -- 14       663.4   1726.6025    173.6314   38.934  5.180E-06  5.694E-05  4.351E-09  3.420E-08  3.031E-03  2.009E-07
16     -- 15       751.7   1841.3455    162.8116   41.384  6.541E-07  7.652E-06  5.475E-10  4.351E-09  4.073E-04  3.275E-08
