* Radex version        : 30nov2011
* Geometry             : Uniform sphere
* Molecular data file  : ./data/co.dat                                                                   
* T(kin)            [K]:   60.000
* Density of H2  [cm-3]:  5.012E+02
* Density of pH2 [cm-3]:  1.253E+02
* Density of oH2 [cm-3]:  3.759E+02
* T(background)     [K]:   13.800
* Column density [cm-2]:  7.733E+17
* Line width     [km/s]:   50.000
Calculation finished in   25 iterations
      LINE         E_UP       FREQ        WAVEL     T_EX      TAU        T_R       POP        POP       FLUX        FLUX
                   (K)        (GHz)       (um)      (K)                  (K)        UP        LOW      (K*km/s) (erg/cm2/s)
1      -- 0          5.5    115.2712   2600.7576   24.170  6.438E-01  4.885E+00  3.417E-01  1.432E-01  2.600E+02  5.129E-06
2      -- 1         16.6    230.5380   1300.4037   17.808  2.315E+00  3.466E+00  3.060E-01  3.417E-01  1.845E+02  2.911E-05
3      -- 2         33.2    345.7960    866.9634   16.140  2.588E+00  1.954E+00  1.532E-01  3.060E-01  1.040E+02  5.538E-05
4      -- 3         55.3    461.0408    650.2515   15.173  1.472E+00  8.739E-01  4.582E-02  1.532E-01  4.652E+01  5.871E-05
5      -- 4         83.0    576.2679    520.2310   14.894  4.697E-01  3.035E-01  8.746E-03  4.582E-02  1.615E+01  3.981E-05
6      -- 5        116.2    691.4731    433.5562   15.213  9.232E-02  8.195E-02  1.167E-03  8.746E-03  4.362E+00  1.857E-05
7      -- 6        154.9    806.6518    371.6504   16.399  1.238E-02  1.896E-02  1.270E-04  1.167E-03  1.009E+00  6.823E-06
8      -- 7        199.1    921.7997    325.2252   19.215  1.323E-03  4.030E-03  1.440E-05  1.270E-04  2.145E-01  2.164E-06
9      -- 8        248.9   1036.9124    289.1203   23.560  1.449E-04  7.910E-04  1.947E-06  1.440E-05  4.210E-02  6.045E-07
10     -- 9        304.2   1151.9855    260.2398   27.422  1.912E-05  1.428E-04  2.866E-07  1.947E-06  7.601E-03  1.496E-07
11     -- 10       365.0   1267.0145    236.6133   30.015  2.794E-06  2.371E-05  4.139E-08  2.866E-07  1.262E-03  3.306E-08
12     -- 11       431.3   1381.9951    216.9273   32.238  4.018E-07  3.685E-06  5.749E-09  4.139E-08  1.961E-04  6.667E-09
13     -- 12       503.1   1496.9229    200.2725   35.372  5.512E-08  5.761E-07  8.147E-10  5.749E-09  3.066E-05  1.325E-09
14     -- 13       580.5   1611.7935    185.9993   36.135  7.868E-09  7.884E-08  1.029E-10  8.147E-10  4.196E-06  2.263E-10
15     -- 14       663.4   1726.6025    173.6314   35.350  1.009E-09  8.667E-09  1.055E-11  1.029E-10  4.613E-07  3.058E-11
16     -- 15       751.7   1841.3455    162.8116   38.615  1.020E-10  1.002E-09  1.139E-12  1.055E-11  5.334E-08  4.289E-12
