* Radex version        : 30nov2011
* Geometry             : Uniform sphere
* Molecular data file  : ./data/co.dat                                                                   
* T(kin)            [K]:   65.000
* Density of H2  [cm-3]:  1.995E+03
* Density of pH2 [cm-3]:  4.988E+02
* Density of oH2 [cm-3]:  1.496E+03
* T(background)     [K]:   13.800
* Column density [cm-2]:  3.079E+18
* Line width     [km/s]:   50.000
Calculation finished in   30 iterations
      LINE         E_UP       FREQ        WAVEL     T_EX      TAU        T_R       POP        POP       FLUX        FLUX
                   (K)        (GHz)       (um)      (K)                  (K)        UP        LOW      (K*km/s) (erg/cm2/s)
1      -- 0          5.5    115.2712   2600.7576   58.340  6.841E-01  2.200E+01  2.359E-01  8.644E-02  1.171E+03  2.310E-05
2      -- 1         16.6    230.5380   1300.4037   34.374  3.783E+00  1.968E+01  2.849E-01  2.359E-01  1.048E+03  1.653E-04
3      -- 2         33.2    345.7960    866.9634   29.786  6.381E+00  1.510E+01  2.285E-01  2.849E-01  8.038E+02  4.280E-04
4      -- 3         55.3    461.0408    650.2515   24.676  6.742E+00  9.659E+00  1.198E-01  2.285E-01  5.141E+02  6.488E-04
5      -- 4         83.0    576.2679    520.2310   20.042  4.337E+00  4.924E+00  3.685E-02  1.198E-01  2.621E+02  6.458E-04
6      -- 5        116.2    691.4731    433.5562   17.587  1.481E+00  2.035E+00  6.599E-03  3.685E-02  1.083E+02  4.611E-04
7      -- 6        154.9    806.6518    371.6504   18.032  2.719E-01  6.260E-01  8.897E-04  6.599E-03  3.332E+01  2.252E-04
8      -- 7        199.1    921.7997    325.2252   21.053  3.597E-02  1.518E-01  1.233E-04  8.897E-04  8.078E+00  8.149E-05
9      -- 8        248.9   1036.9124    289.1203   25.545  4.818E-03  3.309E-02  1.965E-05  1.233E-04  1.761E+00  2.529E-05
10     -- 9        304.2   1151.9855    260.2398   29.315  7.517E-04  6.658E-03  3.294E-06  1.965E-05  3.544E-01  6.977E-06
11     -- 10       365.0   1267.0145    236.6133   31.947  1.253E-04  1.241E-03  5.378E-07  3.294E-06  6.604E-02  1.730E-06
12     -- 11       431.3   1381.9951    216.9273   34.355  2.037E-05  2.181E-04  8.479E-08  5.378E-07  1.161E-02  3.946E-07
13     -- 12       503.1   1496.9229    200.2725   37.347  3.180E-06  3.783E-05  1.338E-08  8.479E-08  2.013E-03  8.697E-08
14     -- 13       580.5   1611.7935    185.9993   38.216  5.058E-07  5.811E-06  1.898E-09  1.338E-08  3.093E-04  1.668E-08
15     -- 14       663.4   1726.6025    173.6314   37.812  7.282E-08  7.443E-07  2.267E-10  1.898E-09  3.962E-05  2.626E-09
16     -- 15       751.7   1841.3455    162.8116   40.924  8.590E-09  9.776E-08  2.785E-11  2.267E-10  5.203E-06  4.184E-10
