* Radex version        : 30nov2011
* Geometry             : Uniform sphere
* Molecular data file  : ./data/co.dat                                                                   
* T(kin)            [K]:   65.000
* Density of H2  [cm-3]:  6.310E+02
* Density of pH2 [cm-3]:  1.577E+02
* Density of oH2 [cm-3]:  4.732E+02
* T(background)     [K]:   13.800
* Column density [cm-2]:  9.736E+17
* Line width     [km/s]:   50.000
Calculation finished in   26 iterations
      LINE         E_UP       FREQ        WAVEL     T_EX      TAU        T_R       POP        POP       FLUX        FLUX
                   (K)        (GHz)       (um)      (K)                  (K)        UP        LOW      (K*km/s) (erg/cm2/s)
1      -- 0          5.5    115.2712   2600.7576   28.517  6.458E-01  6.957E+00  3.271E-01  1.324E-01  3.703E+02  7.304E-06
2      -- 1         16.6    230.5380   1300.4037   19.552  2.605E+00  5.130E+00  3.096E-01  3.271E-01  2.731E+02  4.309E-05
3      -- 2         33.2    345.7960    866.9634   17.293  3.167E+00  3.042E+00  1.660E-01  3.096E-01  1.619E+02  8.622E-05
4      -- 3         55.3    461.0408    650.2515   15.819  1.970E+00  1.446E+00  5.270E-02  1.660E-01  7.698E+01  9.715E-05
5      -- 4         83.0    576.2679    520.2310   15.290  6.738E-01  5.447E-01  1.055E-02  5.270E-02  2.899E+01  7.145E-05
6      -- 5        116.2    691.4731    433.5562   15.635  1.392E-01  1.585E-01  1.493E-03  1.055E-02  8.436E+00  3.592E-05
7      -- 6        154.9    806.6518    371.6504   17.104  1.974E-02  3.911E-02  1.792E-04  1.493E-03  2.081E+00  1.407E-05
8      -- 7        199.1    921.7997    325.2252   20.403  2.312E-03  8.878E-03  2.323E-05  1.792E-04  4.725E-01  4.767E-06
9      -- 8        248.9   1036.9124    289.1203   25.002  2.890E-04  1.874E-03  3.547E-06  2.323E-05  9.976E-02  1.432E-06
10     -- 9        304.2   1151.9855    260.2398   28.826  4.316E-05  3.667E-04  5.760E-07  3.547E-06  1.952E-02  3.843E-07
11     -- 10       365.0   1267.0145    236.6133   31.489  6.963E-06  6.658E-05  9.147E-08  5.760E-07  3.543E-03  9.282E-08
12     -- 11       431.3   1381.9951    216.9273   33.870  1.101E-06  1.139E-05  1.403E-08  9.147E-08  6.064E-04  2.061E-08
13     -- 12       503.1   1496.9229    200.2725   37.248  1.666E-07  1.969E-06  2.202E-09  1.403E-08  1.048E-04  4.527E-09
14     -- 13       580.5   1611.7935    185.9993   38.049  2.637E-08  2.998E-07  3.097E-10  2.202E-09  1.596E-05  8.604E-10
15     -- 14       663.4   1726.6025    173.6314   37.296  3.772E-09  3.723E-08  3.589E-11  3.097E-10  1.982E-06  1.314E-10
16     -- 15       751.7   1841.3455    162.8116   40.845  4.302E-10  4.873E-09  4.391E-12  3.589E-11  2.594E-07  2.085E-11
