* Radex version        : 30nov2011
* Geometry             : Uniform sphere
* Molecular data file  : ./data/co.dat                                                                   
* T(kin)            [K]:   60.000
* Density of H2  [cm-3]:  7.943E+02
* Density of pH2 [cm-3]:  1.986E+02
* Density of oH2 [cm-3]:  5.957E+02
* T(background)     [K]:   13.800
* Column density [cm-2]:  1.226E+18
* Line width     [km/s]:   50.000
Calculation finished in   26 iterations
      LINE         E_UP       FREQ        WAVEL     T_EX      TAU        T_R       POP        POP       FLUX        FLUX
                   (K)        (GHz)       (um)      (K)                  (K)        UP        LOW      (K*km/s) (erg/cm2/s)
1      -- 0          5.5    115.2712   2600.7576   31.455  7.028E-01  8.860E+00  3.148E-01  1.251E-01  4.716E+02  9.302E-06
2      -- 1         16.6    230.5380   1300.4037   21.122  2.979E+00  6.711E+00  3.107E-01  3.148E-01  3.572E+02  5.636E-05
3      -- 2         33.2    345.7960    866.9634   18.399  3.854E+00  4.116E+00  1.765E-01  3.107E-01  2.191E+02  1.167E-04
4      -- 3         55.3    461.0408    650.2515   16.388  2.595E+00  2.006E+00  5.882E-02  1.765E-01  1.068E+02  1.347E-04
5      -- 4         83.0    576.2679    520.2310   15.500  9.423E-01  7.766E-01  1.207E-02  5.882E-02  4.133E+01  1.019E-04
6      -- 5        116.2    691.4731    433.5562   15.675  2.003E-01  2.265E-01  1.717E-03  1.207E-02  1.206E+01  5.133E-05
7      -- 6        154.9    806.6518    371.6504   16.963  2.864E-02  5.386E-02  2.022E-04  1.717E-03  2.867E+00  1.938E-05
8      -- 7        199.1    921.7997    325.2252   19.900  3.308E-03  1.157E-02  2.482E-05  2.022E-04  6.157E-01  6.210E-06
9      -- 8        248.9   1036.9124    289.1203   24.068  3.933E-04  2.287E-03  3.509E-06  2.482E-05  1.217E-01  1.748E-06
10     -- 9        304.2   1151.9855    260.2398   27.658  5.446E-05  4.160E-04  5.254E-07  3.509E-06  2.214E-02  4.360E-07
11     -- 10       365.0   1267.0145    236.6133   30.147  8.107E-06  6.957E-05  7.656E-08  5.254E-07  3.703E-03  9.699E-08
12     -- 11       431.3   1381.9951    216.9273   32.349  1.177E-06  1.088E-05  1.071E-08  7.656E-08  5.793E-04  1.969E-08
13     -- 12       503.1   1496.9229    200.2725   35.389  1.627E-07  1.703E-06  1.519E-09  1.071E-08  9.062E-05  3.915E-09
14     -- 13       580.5   1611.7935    185.9993   36.159  2.325E-08  2.333E-07  1.921E-10  1.519E-09  1.242E-05  6.697E-10
15     -- 14       663.4   1726.6025    173.6314   35.474  2.984E-09  2.586E-08  1.986E-11  1.921E-10  1.377E-06  9.125E-11
16     -- 15       751.7   1841.3455    162.8116   38.623  3.042E-10  2.992E-09  2.145E-12  1.986E-11  1.592E-07  1.280E-11
