* Radex version        : 30nov2011
* Geometry             : Uniform sphere
* Molecular data file  : ./data/co.dat                                                                   
* T(kin)            [K]:   65.000
* Density of H2  [cm-3]:  6.310E+05
* Density of pH2 [cm-3]:  1.577E+05
* Density of oH2 [cm-3]:  4.732E+05
* T(background)     [K]:   13.800
* Column density [cm-2]:  9.736E+20
* Line width     [km/s]:   50.000
Calculation finished in   31 iterations
      LINE         E_UP       FREQ        WAVEL     T_EX      TAU        T_R       POP        POP       FLUX        FLUX
                   (K)        (GHz)       (um)      (K)                  (K)        UP        LOW      (K*km/s) (erg/cm2/s)
1      -- 0          5.5    115.2712   2600.7576   64.998  9.472E+01  5.105E+01  1.156E-01  4.196E-02  2.717E+03  5.360E-05
2      -- 1         16.6    230.5380   1300.4037   64.998  3.335E+02  5.062E+01  1.625E-01  1.156E-01  2.694E+03  4.252E-04
3      -- 2         33.2    345.7960    866.9634   64.998  6.072E+02  4.993E+01  1.763E-01  1.625E-01  2.657E+03  1.415E-03
4      -- 3         55.3    461.0408    650.2515   64.997  8.015E+02  4.899E+01  1.612E-01  1.763E-01  2.607E+03  3.291E-03
5      -- 4         83.0    576.2679    520.2310   64.995  8.545E+02  4.784E+01  1.288E-01  1.612E-01  2.546E+03  6.275E-03
6      -- 5        116.2    691.4731    433.5562   64.993  7.713E+02  4.651E+01  9.133E-02  1.288E-01  2.476E+03  1.054E-02
7      -- 6        154.9    806.6518    371.6504   64.987  6.047E+02  4.505E+01  5.808E-02  9.133E-02  2.398E+03  1.621E-02
8      -- 7        199.1    921.7997    325.2252   64.976  4.178E+02  4.348E+01  3.332E-02  5.808E-02  2.314E+03  2.334E-02
9      -- 8        248.9   1036.9124    289.1203   64.950  2.570E+02  4.183E+01  1.731E-02  3.332E-02  2.226E+03  3.196E-02
10     -- 9        304.2   1151.9855    260.2398   64.885  1.416E+02  4.010E+01  8.160E-03  1.731E-02  2.134E+03  4.202E-02
11     -- 10       365.0   1267.0145    236.6133   64.707  7.029E+01  3.825E+01  3.492E-03  8.160E-03  2.036E+03  5.332E-02
12     -- 11       431.3   1381.9951    216.9273   64.192  3.151E+01  3.609E+01  1.351E-03  3.492E-03  1.921E+03  6.530E-02
13     -- 12       503.1   1496.9229    200.2725   62.119  1.286E+01  3.258E+01  4.589E-04  1.351E-03  1.734E+03  7.490E-02
14     -- 13       580.5   1611.7935    185.9993   55.439  4.756E+00  2.498E+01  1.221E-04  4.589E-04  1.329E+03  7.168E-02
15     -- 14       663.4   1726.6025    173.6314   47.162  1.380E+00  1.278E+01  2.252E-05  1.221E-04  6.802E+02  4.509E-02
16     -- 15       751.7   1841.3455    162.8116   46.573  2.593E-01  3.527E+00  3.595E-06  2.252E-05  1.877E+02  1.509E-02
