* Radex version        : 30nov2011
* Geometry             : Uniform sphere
* Molecular data file  : ./data/co.dat                                                                   
* T(kin)            [K]:   75.000
* Density of H2  [cm-3]:  5.012E+03
* Density of pH2 [cm-3]:  1.253E+03
* Density of oH2 [cm-3]:  3.759E+03
* T(background)     [K]:   13.800
* Column density [cm-2]:  7.733E+18
* Line width     [km/s]:   50.000
Calculation finished in   33 iterations
      LINE         E_UP       FREQ        WAVEL     T_EX      TAU        T_R       POP        POP       FLUX        FLUX
                   (K)        (GHz)       (um)      (K)                  (K)        UP        LOW      (K*km/s) (erg/cm2/s)
1      -- 0          5.5    115.2712   2600.7576   87.110  7.707E-01  3.931E+01  1.605E-01  5.700E-02  2.092E+03  4.127E-05
2      -- 1         16.6    230.5380   1300.4037   55.756  4.229E+00  4.080E+01  2.193E-01  1.605E-01  2.172E+03  3.427E-04
3      -- 2         33.2    345.7960    866.9634   51.859  7.909E+00  3.686E+01  2.229E-01  2.193E-01  1.962E+03  1.045E-03
4      -- 3         55.3    461.0408    650.2515   46.482  1.057E+01  3.072E+01  1.781E-01  2.229E-01  1.635E+03  2.063E-03
5      -- 4         83.0    576.2679    520.2310   39.210  1.095E+01  2.269E+01  1.075E-01  1.781E-01  1.207E+03  2.976E-03
6      -- 5        116.2    691.4731    433.5562   30.858  8.428E+00  1.389E+01  4.335E-02  1.075E-01  7.391E+02  3.147E-03
7      -- 6        154.9    806.6518    371.6504   23.687  4.088E+00  6.774E+00  9.756E-03  4.335E-02  3.605E+02  2.437E-03
8      -- 7        199.1    921.7997    325.2252   21.064  9.907E-01  2.705E+00  1.354E-03  9.756E-03  1.440E+02  1.452E-03
9      -- 8        248.9   1036.9124    289.1203   24.586  1.345E-01  7.783E-01  1.999E-04  1.354E-03  4.143E+01  5.948E-04
10     -- 9        304.2   1151.9855    260.2398   30.723  1.890E-02  1.859E-01  3.653E-05  1.999E-04  9.895E+00  1.948E-04
11     -- 10       365.0   1267.0145    236.6133   35.005  3.381E-03  4.131E-02  7.043E-06  3.653E-05  2.199E+00  5.759E-05
12     -- 11       431.3   1381.9951    216.9273   38.008  6.470E-04  8.723E-03  1.337E-06  7.043E-06  4.643E-01  1.578E-05
13     -- 12       503.1   1496.9229    200.2725   41.177  1.217E-04  1.803E-03  2.523E-07  1.337E-06  9.597E-02  4.146E-06
14     -- 13       580.5   1611.7935    185.9993   42.192  2.319E-05  3.348E-04  4.332E-08  2.523E-07  1.782E-02  9.609E-07
15     -- 14       663.4   1726.6025    173.6314   42.303  4.037E-06  5.409E-05  6.530E-09  4.332E-08  2.879E-03  1.908E-07
16     -- 15       751.7   1841.3455    162.8116   45.364  6.023E-07  8.760E-06  9.909E-10  6.530E-09  4.662E-04  3.749E-08
