* Radex version        : 30nov2011
* Geometry             : Uniform sphere
* Molecular data file  : ./data/co.dat                                                                   
* T(kin)            [K]:   75.000
* Density of H2  [cm-3]:  1.259E+03
* Density of pH2 [cm-3]:  3.147E+02
* Density of oH2 [cm-3]:  9.442E+02
* T(background)     [K]:   13.800
* Column density [cm-2]:  1.943E+18
* Line width     [km/s]:   50.000
Calculation finished in   28 iterations
      LINE         E_UP       FREQ        WAVEL     T_EX      TAU        T_R       POP        POP       FLUX        FLUX
                   (K)        (GHz)       (um)      (K)                  (K)        UP        LOW      (K*km/s) (erg/cm2/s)
1      -- 0          5.5    115.2712   2600.7576   51.592  5.586E-01  1.612E+01  2.682E-01  9.951E-02  8.578E+02  1.692E-05
2      -- 1         16.6    230.5380   1300.4037   28.269  3.194E+00  1.352E+01  3.022E-01  2.682E-01  7.196E+02  1.135E-04
3      -- 2         33.2    345.7960    866.9634   24.006  4.989E+00  9.465E+00  2.119E-01  3.022E-01  5.038E+02  2.683E-04
4      -- 3         55.3    461.0408    650.2515   20.139  4.443E+00  5.424E+00  9.082E-02  2.119E-01  2.887E+02  3.643E-04
5      -- 4         83.0    576.2679    520.2310   17.503  2.200E+00  2.548E+00  2.286E-02  9.082E-02  1.356E+02  3.342E-04
6      -- 5        116.2    691.4731    433.5562   16.948  5.869E-01  9.586E-01  3.813E-03  2.286E-02  5.102E+01  2.172E-04
7      -- 6        154.9    806.6518    371.6504   18.551  9.831E-02  2.801E-01  5.459E-04  3.813E-03  1.491E+01  1.008E-04
8      -- 7        199.1    921.7997    325.2252   22.482  1.365E-02  7.211E-02  8.647E-05  5.459E-04  3.838E+00  3.872E-05
9      -- 8        248.9   1036.9124    289.1203   27.491  2.079E-03  1.734E-02  1.581E-05  8.647E-05  9.228E-01  1.325E-05
10     -- 9        304.2   1151.9855    260.2398   31.430  3.725E-04  3.902E-03  3.010E-06  1.581E-05  2.077E-01  4.089E-06
11     -- 10       365.0   1267.0145    236.6133   34.370  7.044E-05  8.273E-04  5.620E-07  3.010E-06  4.403E-02  1.153E-06
12     -- 11       431.3   1381.9951    216.9273   37.074  1.309E-05  1.670E-04  1.021E-07  5.620E-07  8.888E-03  3.021E-07
13     -- 12       503.1   1496.9229    200.2725   40.736  2.344E-06  3.392E-05  1.890E-08  1.021E-07  1.805E-03  7.799E-08
14     -- 13       580.5   1611.7935    185.9993   41.648  4.385E-07  6.148E-06  3.169E-09  1.890E-08  3.272E-04  1.765E-08
15     -- 14       663.4   1726.6025    173.6314   41.156  7.483E-08  9.402E-07  4.523E-10  3.169E-09  5.004E-05  3.317E-09
16     -- 15       751.7   1841.3455    162.8116   45.015  1.051E-08  1.501E-07  6.761E-11  4.523E-10  7.989E-06  6.424E-10
