* Radex version        : 30nov2011
* Geometry             : Uniform sphere
* Molecular data file  : ./data/co.dat                                                                   
* T(kin)            [K]:   70.000
* Density of H2  [cm-3]:  7.943E+04
* Density of pH2 [cm-3]:  1.986E+04
* Density of oH2 [cm-3]:  5.957E+04
* T(background)     [K]:   13.800
* Column density [cm-2]:  1.226E+20
* Line width     [km/s]:   50.000
Calculation finished in   37 iterations
      LINE         E_UP       FREQ        WAVEL     T_EX      TAU        T_R       POP        POP       FLUX        FLUX
                   (K)        (GHz)       (um)      (K)                  (K)        UP        LOW      (K*km/s) (erg/cm2/s)
1      -- 0          5.5    115.2712   2600.7576   69.863  1.046E+01  5.591E+01  1.093E-01  3.945E-02  2.976E+03  5.870E-05
2      -- 1         16.6    230.5380   1300.4037   69.839  3.717E+01  5.545E+01  1.555E-01  1.093E-01  2.952E+03  4.657E-04
3      -- 2         33.2    345.7960    866.9634   69.813  6.868E+01  5.472E+01  1.717E-01  1.555E-01  2.912E+03  1.551E-03
4      -- 3         55.3    461.0408    650.2515   69.755  9.259E+01  5.370E+01  1.607E-01  1.717E-01  2.858E+03  3.607E-03
5      -- 4         83.0    576.2679    520.2310   69.653  1.014E+02  5.243E+01  1.321E-01  1.607E-01  2.791E+03  6.877E-03
6      -- 5        116.2    691.4731    433.5562   69.462  9.460E+01  5.089E+01  9.680E-02  1.321E-01  2.709E+03  1.153E-02
7      -- 6        154.9    806.6518    371.6504   69.101  7.711E+01  4.905E+01  6.378E-02  9.680E-02  2.611E+03  1.765E-02
8      -- 7        199.1    921.7997    325.2252   68.318  5.576E+01  4.670E+01  3.783E-02  6.378E-02  2.486E+03  2.507E-02
9      -- 8        248.9   1036.9124    289.1203   66.469  3.617E+01  4.327E+01  2.000E-02  3.783E-02  2.303E+03  3.307E-02
10     -- 9        304.2   1151.9855    260.2398   61.661  2.126E+01  3.707E+01  9.017E-03  2.000E-02  1.973E+03  3.884E-02
11     -- 10       365.0   1267.0145    236.6133   51.923  1.107E+01  2.657E+01  3.062E-03  9.017E-03  1.414E+03  3.705E-02
12     -- 11       431.3   1381.9951    216.9273   39.446  4.395E+00  1.444E+01  6.193E-04  3.062E-03  7.685E+02  2.612E-02
13     -- 12       503.1   1496.9229    200.2725   33.502  9.562E-01  5.625E+00  7.835E-05  6.193E-04  2.994E+02  1.293E-02
14     -- 13       580.5   1611.7935    185.9993   38.781  1.174E-01  1.318E+00  1.145E-05  7.835E-05  7.015E+01  3.783E-03
15     -- 14       663.4   1726.6025    173.6314   43.243  1.679E-02  2.347E-01  1.801E-06  1.145E-05  1.249E+01  8.281E-04
16     -- 15       751.7   1841.3455    162.8116   45.802  2.625E-03  3.898E-02  2.785E-07  1.801E-06  2.075E+00  1.668E-04
