* Radex version        : 30nov2011
* Geometry             : Uniform sphere
* Molecular data file  : ./data/co.dat                                                                   
* T(kin)            [K]:   70.000
* Density of H2  [cm-3]:  3.162E+05
* Density of pH2 [cm-3]:  7.906E+04
* Density of oH2 [cm-3]:  2.372E+05
* T(background)     [K]:   13.800
* Column density [cm-2]:  4.879E+20
* Line width     [km/s]:   50.000
Calculation finished in   34 iterations
      LINE         E_UP       FREQ        WAVEL     T_EX      TAU        T_R       POP        POP       FLUX        FLUX
                   (K)        (GHz)       (um)      (K)                  (K)        UP        LOW      (K*km/s) (erg/cm2/s)
1      -- 0          5.5    115.2712   2600.7576   69.990  4.113E+01  5.604E+01  1.082E-01  3.903E-02  2.983E+03  5.884E-05
2      -- 1         16.6    230.5380   1300.4037   69.990  1.462E+02  5.560E+01  1.540E-01  1.082E-01  2.960E+03  4.670E-04
3      -- 2         33.2    345.7960    866.9634   69.988  2.701E+02  5.489E+01  1.701E-01  1.540E-01  2.922E+03  1.556E-03
4      -- 3         55.3    461.0408    650.2515   69.984  3.641E+02  5.393E+01  1.594E-01  1.701E-01  2.870E+03  3.623E-03
5      -- 4         83.0    576.2679    520.2310   69.978  3.988E+02  5.275E+01  1.312E-01  1.594E-01  2.808E+03  6.919E-03
6      -- 5        116.2    691.4731    433.5562   69.966  3.720E+02  5.139E+01  9.649E-02  1.312E-01  2.735E+03  1.165E-02
7      -- 6        154.9    806.6518    371.6504   69.943  3.032E+02  4.987E+01  6.401E-02  9.649E-02  2.654E+03  1.794E-02
8      -- 7        199.1    921.7997    325.2252   69.896  2.192E+02  4.823E+01  3.852E-02  6.401E-02  2.567E+03  2.589E-02
9      -- 8        248.9   1036.9124    289.1203   69.798  1.418E+02  4.646E+01  2.111E-02  3.852E-02  2.473E+03  3.550E-02
10     -- 9        304.2   1151.9855    260.2398   69.553  8.273E+01  4.451E+01  1.054E-02  2.111E-02  2.369E+03  4.664E-02
11     -- 10       365.0   1267.0145    236.6133   68.921  4.376E+01  4.218E+01  4.775E-03  1.054E-02  2.245E+03  5.881E-02
12     -- 11       431.3   1381.9951    216.9273   66.955  2.108E+01  3.863E+01  1.927E-03  4.775E-03  2.056E+03  6.990E-02
13     -- 12       503.1   1496.9229    200.2725   60.893  9.294E+00  3.148E+01  6.398E-04  1.927E-03  1.675E+03  7.237E-02
14     -- 13       580.5   1611.7935    185.9993   49.801  3.483E+00  1.984E+01  1.454E-04  6.398E-04  1.056E+03  5.695E-02
15     -- 14       663.4   1726.6025    173.6314   42.696  8.523E-01  7.851E+00  2.231E-05  1.454E-04  4.179E+02  2.770E-02
16     -- 15       751.7   1841.3455    162.8116   46.115  1.292E-01  1.830E+00  3.495E-06  2.231E-05  9.738E+01  7.830E-03
