* Radex version        : 30nov2011
* Geometry             : Uniform sphere
* Molecular data file  : ./data/co.dat                                                                   
* T(kin)            [K]:   75.000
* Density of H2  [cm-3]:  5.012E+04
* Density of pH2 [cm-3]:  1.253E+04
* Density of oH2 [cm-3]:  3.759E+04
* T(background)     [K]:   13.800
* Column density [cm-2]:  7.733E+19
* Line width     [km/s]:   50.000
Calculation finished in   38 iterations
      LINE         E_UP       FREQ        WAVEL     T_EX      TAU        T_R       POP        POP       FLUX        FLUX
                   (K)        (GHz)       (um)      (K)                  (K)        UP        LOW      (K*km/s) (erg/cm2/s)
1      -- 0          5.5    115.2712   2600.7576   74.681  5.878E+00  6.056E+01  1.044E-01  3.746E-02  3.223E+03  6.358E-05
2      -- 1         16.6    230.5380   1300.4037   74.491  2.109E+01  6.010E+01  1.499E-01  1.044E-01  3.199E+03  5.047E-04
3      -- 2         33.2    345.7960    866.9634   74.427  3.946E+01  5.931E+01  1.680E-01  1.499E-01  3.157E+03  1.681E-03
4      -- 3         55.3    461.0408    650.2515   74.263  5.418E+01  5.817E+01  1.603E-01  1.680E-01  3.096E+03  3.908E-03
5      -- 4         83.0    576.2679    520.2310   73.983  6.073E+01  5.671E+01  1.348E-01  1.603E-01  3.018E+03  7.438E-03
6      -- 5        116.2    691.4731    433.5562   73.461  5.831E+01  5.482E+01  1.014E-01  1.348E-01  2.918E+03  1.242E-02
7      -- 6        154.9    806.6518    371.6504   72.479  4.918E+01  5.235E+01  6.859E-02  1.014E-01  2.786E+03  1.883E-02
8      -- 7        199.1    921.7997    325.2252   70.379  3.704E+01  4.869E+01  4.146E-02  6.859E-02  2.592E+03  2.614E-02
9      -- 8        248.9   1036.9124    289.1203   65.777  2.519E+01  4.261E+01  2.175E-02  4.146E-02  2.268E+03  3.257E-02
10     -- 9        304.2   1151.9855    260.2398   56.696  1.534E+01  3.245E+01  9.064E-03  2.175E-02  1.727E+03  3.401E-02
11     -- 10       365.0   1267.0145    236.6133   43.857  7.636E+00  1.950E+01  2.481E-03  9.064E-03  1.038E+03  2.719E-02
12     -- 11       431.3   1381.9951    216.9273   33.208  2.387E+00  8.960E+00  3.660E-04  2.481E-03  4.769E+02  1.621E-02
13     -- 12       503.1   1496.9229    200.2725   34.152  3.546E-01  2.862E+00  4.823E-05  3.660E-04  1.524E+02  6.581E-03
14     -- 13       580.5   1611.7935    185.9993   42.045  4.440E-02  6.221E-01  8.230E-06  4.823E-05  3.311E+01  1.785E-03
15     -- 14       663.4   1726.6025    173.6314   44.891  7.520E-03  1.148E-01  1.389E-06  8.230E-06  6.113E+00  4.052E-04
16     -- 15       751.7   1841.3455    162.8116   47.576  1.261E-03  2.041E-02  2.308E-07  1.389E-06  1.086E+00  8.734E-05
