* Radex version        : 30nov2011
* Geometry             : Uniform sphere
* Molecular data file  : ./data/co.dat                                                                   
* T(kin)            [K]:   75.000
* Density of H2  [cm-3]:  1.585E+05
* Density of pH2 [cm-3]:  3.962E+04
* Density of oH2 [cm-3]:  1.189E+05
* T(background)     [K]:   13.800
* Column density [cm-2]:  2.445E+20
* Line width     [km/s]:   50.000
Calculation finished in   36 iterations
      LINE         E_UP       FREQ        WAVEL     T_EX      TAU        T_R       POP        POP       FLUX        FLUX
                   (K)        (GHz)       (um)      (K)                  (K)        UP        LOW      (K*km/s) (erg/cm2/s)
1      -- 0          5.5    115.2712   2600.7576   74.952  1.809E+01  6.100E+01  1.019E-01  3.658E-02  3.247E+03  6.404E-05
2      -- 1         16.6    230.5380   1300.4037   74.949  6.477E+01  6.055E+01  1.466E-01  1.019E-01  3.223E+03  5.086E-04
3      -- 2         33.2    345.7960    866.9634   74.940  1.212E+02  5.982E+01  1.644E-01  1.466E-01  3.184E+03  1.696E-03
4      -- 3         55.3    461.0408    650.2515   74.924  1.665E+02  5.883E+01  1.573E-01  1.644E-01  3.131E+03  3.952E-03
5      -- 4         83.0    576.2679    520.2310   74.895  1.866E+02  5.761E+01  1.329E-01  1.573E-01  3.066E+03  7.557E-03
6      -- 5        116.2    691.4731    433.5562   74.842  1.791E+02  5.618E+01  1.008E-01  1.329E-01  2.990E+03  1.273E-02
7      -- 6        154.9    806.6518    371.6504   74.747  1.510E+02  5.456E+01  6.932E-02  1.008E-01  2.904E+03  1.963E-02
8      -- 7        199.1    921.7997    325.2252   74.555  1.135E+02  5.274E+01  4.340E-02  6.932E-02  2.807E+03  2.832E-02
9      -- 8        248.9   1036.9124    289.1203   74.163  7.679E+01  5.065E+01  2.480E-02  4.340E-02  2.696E+03  3.871E-02
10     -- 9        304.2   1151.9855    260.2398   73.183  4.710E+01  4.796E+01  1.288E-02  2.480E-02  2.553E+03  5.026E-02
11     -- 10       365.0   1267.0145    236.6133   70.616  2.640E+01  4.377E+01  5.961E-03  1.288E-02  2.330E+03  6.103E-02
12     -- 11       431.3   1381.9951    216.9273   63.940  1.354E+01  3.586E+01  2.296E-03  5.961E-03  1.909E+03  6.489E-02
13     -- 12       503.1   1496.9229    200.2725   52.036  5.997E+00  2.367E+01  6.235E-04  2.296E-03  1.260E+03  5.443E-02
14     -- 13       580.5   1611.7935    185.9993   40.946  1.832E+00  1.133E+01  1.013E-04  6.235E-04  6.032E+02  3.253E-02
15     -- 14       663.4   1726.6025    173.6314   41.068  3.012E-01  3.252E+00  1.439E-05  1.013E-04  1.731E+02  1.147E-02
16     -- 15       751.7   1841.3455    162.8116   47.913  4.121E-02  6.642E-01  2.422E-06  1.439E-05  3.535E+01  2.842E-03
