* Radex version        : 30nov2011
* Geometry             : Uniform sphere
* Molecular data file  : ./data/co.dat                                                                   
* T(kin)            [K]:   75.000
* Density of H2  [cm-3]:  1.259E+04
* Density of pH2 [cm-3]:  3.147E+03
* Density of oH2 [cm-3]:  9.442E+03
* T(background)     [K]:   13.800
* Column density [cm-2]:  1.943E+19
* Line width     [km/s]:   50.000
Calculation finished in   36 iterations
      LINE         E_UP       FREQ        WAVEL     T_EX      TAU        T_R       POP        POP       FLUX        FLUX
                   (K)        (GHz)       (um)      (K)                  (K)        UP        LOW      (K*km/s) (erg/cm2/s)
1      -- 0          5.5    115.2712   2600.7576   77.633  1.665E+00  5.163E+01  1.225E-01  4.386E-02  2.748E+03  5.421E-05
2      -- 1         16.6    230.5380   1300.4037   68.934  6.682E+00  5.448E+01  1.739E-01  1.225E-01  2.900E+03  4.576E-04
3      -- 2         33.2    345.7960    866.9634   68.064  1.245E+01  5.298E+01  1.908E-01  1.739E-01  2.820E+03  1.502E-03
4      -- 3         55.3    461.0408    650.2515   65.982  1.710E+01  4.996E+01  1.754E-01  1.908E-01  2.659E+03  3.356E-03
5      -- 4         83.0    576.2679    520.2310   62.406  1.916E+01  4.529E+01  1.377E-01  1.754E-01  2.410E+03  5.941E-03
6      -- 5        116.2    691.4731    433.5562   56.467  1.828E+01  3.820E+01  9.039E-02  1.377E-01  2.033E+03  8.656E-03
7      -- 6        154.9    806.6518    371.6504   47.675  1.479E+01  2.842E+01  4.630E-02  9.039E-02  1.513E+03  1.022E-02
8      -- 7        199.1    921.7997    325.2252   36.890  9.401E+00  1.722E+01  1.582E-02  4.630E-02  9.164E+02  9.244E-03
9      -- 8        248.9   1036.9124    289.1203   27.444  3.806E+00  8.125E+00  2.884E-03  1.582E-02  4.325E+02  6.209E-03
10     -- 9        304.2   1151.9855    260.2398   25.003  7.307E-01  2.995E+00  3.492E-04  2.884E-03  1.594E+02  3.139E-03
11     -- 10       365.0   1267.0145    236.6133   31.336  8.436E-02  7.644E-01  5.493E-05  3.492E-04  4.068E+01  1.066E-03
12     -- 11       431.3   1381.9951    216.9273   37.904  1.269E-02  1.690E-01  1.038E-05  5.493E-05  8.996E+00  3.058E-04
13     -- 12       503.1   1496.9229    200.2725   41.790  2.361E-03  3.606E-02  2.009E-06  1.038E-05  1.919E+00  8.290E-05
14     -- 13       580.5   1611.7935    185.9993   42.851  4.614E-04  6.891E-03  3.548E-07  2.009E-06  3.668E-01  1.978E-05
15     -- 14       663.4   1726.6025    173.6314   43.450  8.234E-05  1.173E-03  5.632E-08  3.548E-07  6.243E-02  4.139E-06
16     -- 15       751.7   1841.3455    162.8116   45.925  1.300E-05  1.944E-04  8.753E-09  5.632E-08  1.035E-02  8.320E-07
