* Radex version        : 30nov2011
* Geometry             : Uniform sphere
* Molecular data file  : ./data/co.dat                                                                   
* T(kin)            [K]:   75.000
* Density of H2  [cm-3]:  2.512E+05
* Density of pH2 [cm-3]:  6.280E+04
* Density of oH2 [cm-3]:  1.884E+05
* T(background)     [K]:   13.800
* Column density [cm-2]:  3.876E+20
* Line width     [km/s]:   50.000
Calculation finished in   35 iterations
      LINE         E_UP       FREQ        WAVEL     T_EX      TAU        T_R       POP        POP       FLUX        FLUX
                   (K)        (GHz)       (um)      (K)                  (K)        UP        LOW      (K*km/s) (erg/cm2/s)
1      -- 0          5.5    115.2712   2600.7576   74.980  2.859E+01  6.103E+01  1.017E-01  3.649E-02  3.248E+03  6.407E-05
2      -- 1         16.6    230.5380   1300.4037   74.979  1.024E+02  6.058E+01  1.462E-01  1.017E-01  3.225E+03  5.088E-04
3      -- 2         33.2    345.7960    866.9634   74.976  1.916E+02  5.986E+01  1.641E-01  1.462E-01  3.186E+03  1.697E-03
4      -- 3         55.3    461.0408    650.2515   74.970  2.631E+02  5.888E+01  1.570E-01  1.641E-01  3.134E+03  3.955E-03
5      -- 4         83.0    576.2679    520.2310   74.958  2.950E+02  5.767E+01  1.327E-01  1.570E-01  3.069E+03  7.565E-03
6      -- 5        116.2    691.4731    433.5562   74.937  2.832E+02  5.627E+01  1.007E-01  1.327E-01  2.995E+03  1.275E-02
7      -- 6        154.9    806.6518    371.6504   74.899  2.388E+02  5.471E+01  6.931E-02  1.007E-01  2.912E+03  1.968E-02
8      -- 7        199.1    921.7997    325.2252   74.823  1.794E+02  5.300E+01  4.349E-02  6.931E-02  2.821E+03  2.846E-02
9      -- 8        248.9   1036.9124    289.1203   74.670  1.214E+02  5.114E+01  2.496E-02  4.349E-02  2.722E+03  3.908E-02
10     -- 9        304.2   1151.9855    260.2398   74.306  7.438E+01  4.903E+01  1.311E-02  2.496E-02  2.610E+03  5.138E-02
11     -- 10       365.0   1267.0145    236.6133   73.405  4.156E+01  4.640E+01  6.271E-03  1.311E-02  2.470E+03  6.469E-02
12     -- 11       431.3   1381.9951    216.9273   70.794  2.127E+01  4.219E+01  2.671E-03  6.271E-03  2.245E+03  7.633E-02
13     -- 12       503.1   1496.9229    200.2725   63.638  9.994E+00  3.394E+01  9.329E-04  2.671E-03  1.806E+03  7.803E-02
14     -- 13       580.5   1611.7935    185.9993   51.299  3.984E+00  2.130E+01  2.218E-04  9.329E-04  1.134E+03  6.114E-02
15     -- 14       663.4   1726.6025    173.6314   42.894  1.031E+00  8.903E+00  3.435E-05  2.218E-04  4.739E+02  3.141E-02
16     -- 15       751.7   1841.3455    162.8116   46.499  1.575E-01  2.242E+00  5.467E-06  3.435E-05  1.194E+02  9.596E-03
