* Radex version        : 30nov2011
* Geometry             : Uniform sphere
* Molecular data file  : ./data/co.dat                                                                   
* T(kin)            [K]:   75.000
* Density of H2  [cm-3]:  1.995E+02
* Density of pH2 [cm-3]:  4.988E+01
* Density of oH2 [cm-3]:  1.496E+02
* T(background)     [K]:   13.800
* Column density [cm-2]:  3.079E+17
* Line width     [km/s]:   50.000
Calculation finished in   19 iterations
      LINE         E_UP       FREQ        WAVEL     T_EX      TAU        T_R       POP        POP       FLUX        FLUX
                   (K)        (GHz)       (um)      (K)                  (K)        UP        LOW      (K*km/s) (erg/cm2/s)
1      -- 0          5.5    115.2712   2600.7576   17.826  3.876E-01  1.280E+00  3.653E-01  1.661E-01  6.815E+01  1.344E-06
2      -- 1         16.6    230.5380   1300.4037   15.154  1.103E+00  8.616E-01  2.933E-01  3.653E-01  4.586E+01  7.236E-06
3      -- 2         33.2    345.7960    866.9634   14.583  1.045E+00  4.536E-01  1.316E-01  2.933E-01  2.414E+01  1.286E-05
4      -- 3         55.3    461.0408    650.2515   14.375  5.152E-01  1.891E-01  3.630E-02  1.316E-01  1.006E+01  1.270E-05
5      -- 4         83.0    576.2679    520.2310   14.418  1.498E-01  6.301E-02  6.516E-03  3.630E-02  3.354E+00  8.265E-06
6      -- 5        116.2    691.4731    433.5562   14.812  2.758E-02  1.790E-02  8.194E-04  6.516E-03  9.526E-01  4.056E-06
7      -- 6        154.9    806.6518    371.6504   16.090  3.478E-03  4.668E-03  8.526E-05  8.194E-04  2.484E-01  1.679E-06
8      -- 7        199.1    921.7997    325.2252   19.577  3.518E-04  1.156E-03  1.009E-05  8.526E-05  6.152E-02  6.206E-07
9      -- 8        248.9   1036.9124    289.1203   25.518  3.942E-05  2.706E-04  1.603E-06  1.009E-05  1.440E-02  2.068E-07
10     -- 9        304.2   1151.9855    260.2398   30.577  6.046E-06  5.936E-05  2.906E-07  1.603E-06  3.160E-03  6.220E-08
11     -- 10       365.0   1267.0145    236.6133   33.845  1.084E-06  1.229E-05  5.278E-08  2.906E-07  6.541E-04  1.713E-08
12     -- 11       431.3   1381.9951    216.9273   36.591  1.957E-07  2.425E-06  9.365E-09  5.278E-08  1.291E-04  4.387E-09
13     -- 12       503.1   1496.9229    200.2725   40.708  3.409E-08  4.925E-07  1.732E-09  9.365E-09  2.621E-05  1.132E-09
14     -- 13       580.5   1611.7935    185.9993   41.492  6.376E-09  8.865E-08  2.883E-10  1.732E-09  4.718E-06  2.544E-10
15     -- 14       663.4   1726.6025    173.6314   40.588  1.084E-09  1.318E-08  4.001E-11  2.883E-10  7.012E-07  4.648E-11
16     -- 15       751.7   1841.3455    162.8116   44.953  1.473E-10  2.099E-09  5.965E-12  4.001E-11  1.117E-07  8.982E-12
