* Radex version        : 30nov2011
* Geometry             : Uniform sphere
* Molecular data file  : ./data/co.dat                                                                   
* T(kin)            [K]:   70.000
* Density of H2  [cm-3]:  3.162E+04
* Density of pH2 [cm-3]:  7.906E+03
* Density of oH2 [cm-3]:  2.372E+04
* T(background)     [K]:   13.800
* Column density [cm-2]:  4.879E+19
* Line width     [km/s]:   50.000
Calculation finished in   37 iterations
      LINE         E_UP       FREQ        WAVEL     T_EX      TAU        T_R       POP        POP       FLUX        FLUX
                   (K)        (GHz)       (um)      (K)                  (K)        UP        LOW      (K*km/s) (erg/cm2/s)
1      -- 0          5.5    115.2712   2600.7576   69.578  4.342E+00  5.491E+01  1.135E-01  4.097E-02  2.922E+03  5.764E-05
2      -- 1         16.6    230.5380   1300.4037   69.014  1.553E+01  5.463E+01  1.612E-01  1.135E-01  2.908E+03  4.588E-04
3      -- 2         33.2    345.7960    866.9634   68.889  2.867E+01  5.380E+01  1.773E-01  1.612E-01  2.863E+03  1.525E-03
4      -- 3         55.3    461.0408    650.2515   68.536  3.865E+01  5.249E+01  1.651E-01  1.773E-01  2.794E+03  3.526E-03
5      -- 4         83.0    576.2679    520.2310   67.911  4.232E+01  5.071E+01  1.343E-01  1.651E-01  2.699E+03  6.652E-03
6      -- 5        116.2    691.4731    433.5562   66.695  3.952E+01  4.818E+01  9.648E-02  1.343E-01  2.564E+03  1.092E-02
7      -- 6        154.9    806.6518    371.6504   64.249  3.228E+01  4.433E+01  6.094E-02  9.648E-02  2.360E+03  1.595E-02
8      -- 7        199.1    921.7997    325.2252   59.166  2.343E+01  3.791E+01  3.270E-02  6.094E-02  2.018E+03  2.035E-02
9      -- 8        248.9   1036.9124    289.1203   50.078  1.487E+01  2.786E+01  1.353E-02  3.270E-02  1.483E+03  2.129E-02
10     -- 9        304.2   1151.9855    260.2398   38.034  7.411E+00  1.583E+01  3.495E-03  1.353E-02  8.425E+02  1.659E-02
11     -- 10       365.0   1267.0145    236.6133   28.825  2.176E+00  6.775E+00  4.643E-04  3.495E-03  3.606E+02  9.446E-03
12     -- 11       431.3   1381.9951    216.9273   30.502  2.890E-01  1.998E+00  5.736E-05  4.643E-04  1.063E+02  3.614E-03
13     -- 12       503.1   1496.9229    200.2725   38.727  3.369E-02  4.283E-01  9.692E-06  5.736E-05  2.279E+01  9.846E-04
14     -- 13       580.5   1611.7935    185.9993   41.653  5.648E-03  7.899E-02  1.625E-06  9.692E-06  4.204E+00  2.267E-04
15     -- 14       663.4   1726.6025    173.6314   42.720  9.527E-04  1.305E-02  2.497E-07  1.625E-06  6.947E-01  4.605E-05
16     -- 15       751.7   1841.3455    162.8116   44.559  1.462E-04  2.040E-03  3.659E-08  2.497E-07  1.086E-01  8.729E-06
