* Radex version        : 30nov2011
* Geometry             : Uniform sphere
* Molecular data file  : ./data/co.dat                                                                   
* T(kin)            [K]:   75.000
* Density of H2  [cm-3]:  6.310E+03
* Density of pH2 [cm-3]:  1.577E+03
* Density of oH2 [cm-3]:  4.732E+03
* T(background)     [K]:   13.800
* Column density [cm-2]:  9.736E+18
* Line width     [km/s]:   50.000
Calculation finished in   34 iterations
      LINE         E_UP       FREQ        WAVEL     T_EX      TAU        T_R       POP        POP       FLUX        FLUX
                   (K)        (GHz)       (um)      (K)                  (K)        UP        LOW      (K*km/s) (erg/cm2/s)
1      -- 0          5.5    115.2712   2600.7576   85.046  9.189E-01  4.273E+01  1.483E-01  5.274E-02  2.274E+03  4.486E-05
2      -- 1         16.6    230.5380   1300.4037   59.964  4.604E+00  4.515E+01  2.055E-01  1.483E-01  2.403E+03  3.792E-04
3      -- 2         33.2    345.7960    866.9634   56.896  8.618E+00  4.187E+01  2.149E-01  2.055E-01  2.228E+03  1.187E-03
4      -- 3         55.3    461.0408    650.2515   52.228  1.170E+01  3.637E+01  1.809E-01  2.149E-01  1.936E+03  2.443E-03
5      -- 4         83.0    576.2679    520.2310   45.457  1.261E+01  2.871E+01  1.203E-01  1.809E-01  1.528E+03  3.767E-03
6      -- 5        116.2    691.4731    433.5562   36.821  1.070E+01  1.939E+01  5.773E-02  1.203E-01  1.032E+03  4.395E-03
7      -- 6        154.9    806.6518    371.6504   28.021  6.377E+00  1.048E+01  1.673E-02  5.773E-02  5.576E+02  3.769E-03
8      -- 7        199.1    921.7997    325.2252   22.370  2.100E+00  4.596E+00  2.624E-03  1.673E-02  2.446E+02  2.468E-03
9      -- 8        248.9   1036.9124    289.1203   23.418  3.330E-01  1.518E+00  3.503E-04  2.624E-03  8.080E+01  1.160E-03
10     -- 9        304.2   1151.9855    260.2398   29.638  4.223E-02  3.764E-01  5.995E-05  3.503E-04  2.003E+01  3.944E-04
11     -- 10       365.0   1267.0145    236.6133   34.838  6.996E-03  8.443E-02  1.146E-05  5.995E-05  4.494E+00  1.177E-04
12     -- 11       431.3   1381.9951    216.9273   38.226  1.323E-03  1.805E-02  2.198E-06  1.146E-05  9.608E-01  3.266E-05
13     -- 12       503.1   1496.9229    200.2725   41.254  2.518E-04  3.743E-03  4.160E-07  2.198E-06  1.992E-01  8.607E-06
14     -- 13       580.5   1611.7935    185.9993   42.401  4.807E-05  7.014E-04  7.208E-08  4.160E-07  3.733E-02  2.013E-06
15     -- 14       663.4   1726.6025    173.6314   42.520  8.443E-06  1.145E-04  1.097E-08  7.208E-08  6.093E-03  4.039E-07
16     -- 15       751.7   1841.3455    162.8116   45.508  1.273E-06  1.865E-05  1.676E-09  1.097E-08  9.927E-04  7.982E-08
