* Radex version        : 30nov2011
* Geometry             : Uniform sphere
* Molecular data file  : ./data/co.dat                                                                   
* T(kin)            [K]:   70.000
* Density of H2  [cm-3]:  2.512E+03
* Density of pH2 [cm-3]:  6.280E+02
* Density of oH2 [cm-3]:  1.884E+03
* T(background)     [K]:   13.800
* Column density [cm-2]:  3.876E+18
* Line width     [km/s]:   50.000
Calculation finished in   30 iterations
      LINE         E_UP       FREQ        WAVEL     T_EX      TAU        T_R       POP        POP       FLUX        FLUX
                   (K)        (GHz)       (um)      (K)                  (K)        UP        LOW      (K*km/s) (erg/cm2/s)
1      -- 0          5.5    115.2712   2600.7576   71.026  6.321E-01  2.674E+01  2.126E-01  7.659E-02  1.423E+03  2.808E-05
2      -- 1         16.6    230.5380   1300.4037   39.919  3.776E+00  2.505E+01  2.685E-01  2.126E-01  1.334E+03  2.104E-04
3      -- 2         33.2    345.7960    866.9634   35.052  6.684E+00  2.025E+01  2.341E-01  2.685E-01  1.078E+03  5.741E-04
4      -- 3         55.3    461.0408    650.2515   29.366  7.775E+00  1.410E+01  1.417E-01  2.341E-01  7.505E+02  9.471E-04
5      -- 4         83.0    576.2679    520.2310   23.475  5.971E+00  7.973E+00  5.332E-02  1.417E-01  4.244E+02  1.046E-03
6      -- 5        116.2    691.4731    433.5562   19.279  2.611E+00  3.644E+00  1.127E-02  5.332E-02  1.940E+02  8.259E-04
7      -- 6        154.9    806.6518    371.6504   18.550  5.797E-01  1.316E+00  1.613E-03  1.127E-02  7.002E+01  4.733E-04
8      -- 7        199.1    921.7997    325.2252   21.362  8.176E-02  3.543E-01  2.305E-04  1.613E-03  1.886E+01  1.902E-04
9      -- 8        248.9   1036.9124    289.1203   26.288  1.123E-02  8.303E-02  3.880E-05  2.305E-04  4.419E+00  6.345E-05
10     -- 9        304.2   1151.9855    260.2398   30.544  1.842E-03  1.803E-02  7.017E-06  3.880E-05  9.594E-01  1.889E-05
11     -- 10       365.0   1267.0145    236.6133   33.409  3.310E-04  3.642E-03  1.245E-06  7.017E-06  1.938E-01  5.078E-06
12     -- 11       431.3   1381.9951    216.9273   36.044  5.842E-05  6.995E-04  2.149E-07  1.245E-06  3.723E-02  1.266E-06
13     -- 12       503.1   1496.9229    200.2725   39.161  9.987E-06  1.324E-04  3.707E-08  2.149E-07  7.047E-03  3.044E-07
14     -- 13       580.5   1611.7935    185.9993   40.111  1.738E-06  2.237E-05  5.787E-09  3.707E-08  1.190E-03  6.419E-08
15     -- 14       663.4   1726.6025    173.6314   39.824  2.754E-07  3.199E-06  7.723E-10  5.787E-09  1.703E-04  1.129E-08
16     -- 15       751.7   1841.3455    162.8116   43.086  3.628E-08  4.679E-07  1.057E-10  7.723E-10  2.490E-05  2.002E-09
