* Radex version        : 30nov2011
* Geometry             : Uniform sphere
* Molecular data file  : ./data/co.dat                                                                   
* T(kin)            [K]:   70.000
* Density of H2  [cm-3]:  3.162E+02
* Density of pH2 [cm-3]:  7.906E+01
* Density of oH2 [cm-3]:  2.372E+02
* T(background)     [K]:   13.800
* Column density [cm-2]:  4.879E+17
* Line width     [km/s]:   50.000
Calculation finished in   23 iterations
      LINE         E_UP       FREQ        WAVEL     T_EX      TAU        T_R       POP        POP       FLUX        FLUX
                   (K)        (GHz)       (um)      (K)                  (K)        UP        LOW      (K*km/s) (erg/cm2/s)
1      -- 0          5.5    115.2712   2600.7576   20.519  5.093E-01  2.657E+00  3.561E-01  1.554E-01  1.414E+02  2.790E-06
2      -- 1         16.6    230.5380   1300.4037   16.180  1.629E+00  1.828E+00  2.995E-01  3.561E-01  9.730E+01  1.535E-05
3      -- 2         33.2    345.7960    866.9634   15.169  1.655E+00  9.935E-01  1.404E-01  2.995E-01  5.288E+01  2.816E-05
4      -- 3         55.3    461.0408    650.2515   14.707  8.627E-01  4.302E-01  4.010E-02  1.404E-01  2.290E+01  2.890E-05
5      -- 4         83.0    576.2679    520.2310   14.667  2.607E-01  1.466E-01  7.436E-03  4.010E-02  7.805E+00  1.923E-05
6      -- 5        116.2    691.4731    433.5562   15.097  4.963E-02  4.117E-02  9.756E-04  7.436E-03  2.191E+00  9.331E-06
7      -- 6        154.9    806.6518    371.6504   16.485  6.524E-03  1.038E-02  1.075E-04  9.756E-04  5.524E-01  3.734E-06
8      -- 7        199.1    921.7997    325.2252   19.918  6.999E-04  2.459E-03  1.322E-05  1.075E-04  1.309E-01  1.320E-06
9      -- 8        248.9   1036.9124    289.1203   25.234  8.220E-05  5.470E-04  2.056E-06  1.322E-05  2.912E-02  4.180E-07
10     -- 9        304.2   1151.9855    260.2398   29.678  1.242E-05  1.134E-04  3.528E-07  2.056E-06  6.037E-03  1.189E-07
11     -- 10       365.0   1267.0145    236.6133   32.649  2.112E-06  2.202E-05  6.001E-08  3.528E-07  1.172E-03  3.070E-08
12     -- 11       431.3   1381.9951    216.9273   35.217  3.573E-07  4.055E-06  9.919E-09  6.001E-08  2.158E-04  7.336E-09
13     -- 12       503.1   1496.9229    200.2725   39.014  5.810E-08  7.638E-07  1.699E-09  9.919E-09  4.065E-05  1.756E-09
14     -- 13       580.5   1611.7935    185.9993   39.811  1.005E-08  1.271E-07  2.614E-10  1.699E-09  6.767E-06  3.649E-10
15     -- 14       663.4   1726.6025    173.6314   38.924  1.577E-09  1.732E-08  3.325E-11  2.614E-10  9.219E-07  6.111E-11
16     -- 15       751.7   1841.3455    162.8116   42.945  1.968E-10  2.518E-09  4.521E-12  3.325E-11  1.340E-07  1.078E-11
