* Radex version        : 30nov2011
* Geometry             : Uniform sphere
* Molecular data file  : ./data/co.dat                                                                   
* T(kin)            [K]:   70.000
* Density of H2  [cm-3]:  5.012E+03
* Density of pH2 [cm-3]:  1.253E+03
* Density of oH2 [cm-3]:  3.759E+03
* T(background)     [K]:   13.800
* Column density [cm-2]:  7.733E+18
* Line width     [km/s]:   50.000
Calculation finished in   33 iterations
      LINE         E_UP       FREQ        WAVEL     T_EX      TAU        T_R       POP        POP       FLUX        FLUX
                   (K)        (GHz)       (um)      (K)                  (K)        UP        LOW      (K*km/s) (erg/cm2/s)
1      -- 0          5.5    115.2712   2600.7576   77.724  8.925E-01  3.765E+01  1.652E-01  5.911E-02  2.004E+03  3.953E-05
2      -- 1         16.6    230.5380   1300.4037   53.324  4.531E+00  3.856E+01  2.237E-01  1.652E-01  2.053E+03  3.239E-04
3      -- 2         33.2    345.7960    866.9634   49.806  8.347E+00  3.483E+01  2.244E-01  2.237E-01  1.854E+03  9.873E-04
4      -- 3         55.3    461.0408    650.2515   44.638  1.098E+01  2.891E+01  1.758E-01  2.244E-01  1.539E+03  1.942E-03
5      -- 4         83.0    576.2679    520.2310   37.570  1.112E+01  2.111E+01  1.029E-01  1.758E-01  1.124E+03  2.770E-03
6      -- 5        116.2    691.4731    433.5562   29.469  8.272E+00  1.263E+01  3.943E-02  1.029E-01  6.722E+02  2.862E-03
7      -- 6        154.9    806.6518    371.6504   22.700  3.781E+00  5.964E+00  8.267E-03  3.943E-02  3.175E+02  2.146E-03
8      -- 7        199.1    921.7997    325.2252   20.581  8.451E-01  2.263E+00  1.092E-03  8.267E-03  1.205E+02  1.215E-03
9      -- 8        248.9   1036.9124    289.1203   24.166  1.090E-01  6.080E-01  1.557E-04  1.092E-03  3.236E+01  4.647E-04
10     -- 9        304.2   1151.9855    260.2398   29.840  1.487E-02  1.366E-01  2.698E-05  1.557E-04  7.271E+00  1.432E-04
11     -- 10       365.0   1267.0145    236.6133   33.735  2.530E-03  2.844E-02  4.872E-06  2.698E-05  1.514E+00  3.965E-05
12     -- 11       431.3   1381.9951    216.9273   36.500  4.541E-04  5.594E-03  8.604E-07  4.872E-06  2.977E-01  1.012E-05
13     -- 12       503.1   1496.9229    200.2725   39.491  7.954E-05  1.074E-03  1.507E-07  8.604E-07  5.719E-02  2.470E-06
14     -- 13       580.5   1611.7935    185.9993   40.399  1.406E-05  1.840E-04  2.385E-08  1.507E-07  9.793E-03  5.281E-07
15     -- 14       663.4   1726.6025    173.6314   40.448  2.254E-06  2.718E-05  3.287E-09  2.385E-08  1.447E-03  9.591E-08
16     -- 15       751.7   1841.3455    162.8116   43.290  3.076E-07  4.012E-06  4.543E-10  3.287E-09  2.135E-04  1.717E-08
