* Radex version        : 30nov2011
* Geometry             : Uniform sphere
* Molecular data file  : ./data/co.dat                                                                   
* T(kin)            [K]:   70.000
* Density of H2  [cm-3]:  5.012E+02
* Density of pH2 [cm-3]:  1.253E+02
* Density of oH2 [cm-3]:  3.759E+02
* T(background)     [K]:   13.800
* Column density [cm-2]:  7.733E+17
* Line width     [km/s]:   50.000
Calculation finished in   25 iterations
      LINE         E_UP       FREQ        WAVEL     T_EX      TAU        T_R       POP        POP       FLUX        FLUX
                   (K)        (GHz)       (um)      (K)                  (K)        UP        LOW      (K*km/s) (erg/cm2/s)
1      -- 0          5.5    115.2712   2600.7576   25.714  5.942E-01  5.299E+00  3.379E-01  1.397E-01  2.820E+02  5.563E-06
2      -- 1         16.6    230.5380   1300.4037   18.243  2.250E+00  3.817E+00  3.071E-01  3.379E-01  2.032E+02  3.206E-05
3      -- 2         33.2    345.7960    866.9634   16.434  2.571E+00  2.201E+00  1.566E-01  3.071E-01  1.171E+02  6.238E-05
4      -- 3         55.3    461.0408    650.2515   15.392  1.495E+00  1.023E+00  4.783E-02  1.566E-01  5.445E+01  6.872E-05
5      -- 4         83.0    576.2679    520.2310   15.111  4.878E-01  3.762E-01  9.375E-03  4.783E-02  2.002E+01  4.935E-05
6      -- 5        116.2    691.4731    433.5562   15.570  9.831E-02  1.100E-01  1.315E-03  9.375E-03  5.856E+00  2.493E-05
7      -- 6        154.9    806.6518    371.6504   17.183  1.379E-02  2.812E-02  1.594E-04  1.315E-03  1.497E+00  1.012E-05
8      -- 7        199.1    921.7997    325.2252   20.817  1.625E-03  6.705E-03  2.158E-05  1.594E-04  3.569E-01  3.600E-06
9      -- 8        248.9   1036.9124    289.1203   25.844  2.110E-04  1.499E-03  3.516E-06  2.158E-05  7.977E-02  1.145E-06
10     -- 9        304.2   1151.9855    260.2398   29.906  3.356E-05  3.123E-04  6.119E-07  3.516E-06  1.662E-02  3.273E-07
11     -- 10       365.0   1267.0145    236.6133   32.751  5.799E-06  6.091E-05  1.047E-07  6.119E-07  3.242E-03  8.493E-08
12     -- 11       431.3   1381.9951    216.9273   35.305  9.870E-07  1.127E-05  1.738E-08  1.047E-07  5.996E-04  2.038E-08
13     -- 12       503.1   1496.9229    200.2725   39.013  1.614E-07  2.121E-06  2.977E-09  1.738E-08  1.129E-04  4.877E-09
14     -- 13       580.5   1611.7935    185.9993   39.832  2.791E-08  3.535E-07  4.586E-10  2.977E-09  1.882E-05  1.015E-09
15     -- 14       663.4   1726.6025    173.6314   39.022  4.381E-09  4.842E-08  5.864E-11  4.586E-10  2.577E-06  1.709E-10
16     -- 15       751.7   1841.3455    162.8116   42.950  5.502E-10  7.042E-09  7.976E-12  5.864E-11  3.748E-07  3.013E-11
