* Radex version        : 30nov2011
* Geometry             : Uniform sphere
* Molecular data file  : ./data/co.dat                                                                   
* T(kin)            [K]:   70.000
* Density of H2  [cm-3]:  3.162E+06
* Density of pH2 [cm-3]:  7.906E+05
* Density of oH2 [cm-3]:  2.372E+06
* T(background)     [K]:   13.800
* Column density [cm-2]:  4.879E+21
* Line width     [km/s]:   50.000
Calculation finished in   25 iterations
      LINE         E_UP       FREQ        WAVEL     T_EX      TAU        T_R       POP        POP       FLUX        FLUX
                   (K)        (GHz)       (um)      (K)                  (K)        UP        LOW      (K*km/s) (erg/cm2/s)
1      -- 0          5.5    115.2712   2600.7576   70.000  4.108E+02  5.605E+01  1.081E-01  3.899E-02  2.983E+03  5.885E-05
2      -- 1         16.6    230.5380   1300.4037   70.000  1.460E+03  5.561E+01  1.538E-01  1.081E-01  2.960E+03  4.671E-04
3      -- 2         33.2    345.7960    866.9634   70.000  2.698E+03  5.490E+01  1.699E-01  1.538E-01  2.922E+03  1.556E-03
4      -- 3         55.3    461.0408    650.2515   70.000  3.637E+03  5.394E+01  1.592E-01  1.699E-01  2.871E+03  3.624E-03
5      -- 4         83.0    576.2679    520.2310   70.000  3.983E+03  5.277E+01  1.311E-01  1.592E-01  2.809E+03  6.922E-03
6      -- 5        116.2    691.4731    433.5562   70.000  3.716E+03  5.142E+01  9.644E-02  1.311E-01  2.737E+03  1.165E-02
7      -- 6        154.9    806.6518    371.6504   69.999  3.029E+03  4.993E+01  6.400E-02  9.644E-02  2.657E+03  1.796E-02
8      -- 7        199.1    921.7997    325.2252   69.999  2.189E+03  4.833E+01  3.855E-02  6.400E-02  2.572E+03  2.595E-02
9      -- 8        248.9   1036.9124    289.1203   69.998  1.417E+03  4.665E+01  2.117E-02  3.855E-02  2.483E+03  3.565E-02
10     -- 9        304.2   1151.9855    260.2398   69.996  8.262E+02  4.493E+01  1.062E-02  2.117E-02  2.391E+03  4.708E-02
11     -- 10       365.0   1267.0145    236.6133   69.990  4.368E+02  4.318E+01  4.878E-03  1.062E-02  2.298E+03  6.021E-02
12     -- 11       431.3   1381.9951    216.9273   69.975  2.098E+02  4.143E+01  2.055E-03  4.878E-03  2.205E+03  7.495E-02
13     -- 12       503.1   1496.9229    200.2725   69.933  9.185E+01  3.966E+01  7.945E-04  2.055E-03  2.111E+03  9.119E-02
14     -- 13       580.5   1611.7935    185.9993   69.804  3.675E+01  3.784E+01  2.817E-04  7.945E-04  2.014E+03  1.086E-01
15     -- 14       663.4   1726.6025    173.6314   69.208  1.346E+01  3.565E+01  9.095E-05  2.817E-04  1.897E+03  1.258E-01
16     -- 15       751.7   1841.3455    162.8116   66.527  4.538E+00  3.136E+01  2.565E-05  9.095E-05  1.669E+03  1.342E-01
