* Radex version        : 30nov2011
* Geometry             : Uniform sphere
* Molecular data file  : ./data/co.dat                                                                   
* T(kin)            [K]:   70.000
* Density of H2  [cm-3]:  1.995E+06
* Density of pH2 [cm-3]:  4.988E+05
* Density of oH2 [cm-3]:  1.496E+06
* T(background)     [K]:   13.800
* Column density [cm-2]:  3.079E+21
* Line width     [km/s]:   50.000
Calculation finished in   27 iterations
      LINE         E_UP       FREQ        WAVEL     T_EX      TAU        T_R       POP        POP       FLUX        FLUX
                   (K)        (GHz)       (um)      (K)                  (K)        UP        LOW      (K*km/s) (erg/cm2/s)
1      -- 0          5.5    115.2712   2600.7576   70.000  2.592E+02  5.605E+01  1.081E-01  3.899E-02  2.983E+03  5.885E-05
2      -- 1         16.6    230.5380   1300.4037   70.000  9.211E+02  5.561E+01  1.538E-01  1.081E-01  2.960E+03  4.671E-04
3      -- 2         33.2    345.7960    866.9634   70.000  1.702E+03  5.490E+01  1.699E-01  1.538E-01  2.922E+03  1.556E-03
4      -- 3         55.3    461.0408    650.2515   70.000  2.295E+03  5.394E+01  1.592E-01  1.699E-01  2.871E+03  3.624E-03
5      -- 4         83.0    576.2679    520.2310   69.999  2.513E+03  5.277E+01  1.311E-01  1.592E-01  2.809E+03  6.922E-03
6      -- 5        116.2    691.4731    433.5562   69.999  2.345E+03  5.142E+01  9.644E-02  1.311E-01  2.737E+03  1.165E-02
7      -- 6        154.9    806.6518    371.6504   69.999  1.911E+03  4.992E+01  6.400E-02  9.644E-02  2.657E+03  1.796E-02
8      -- 7        199.1    921.7997    325.2252   69.997  1.381E+03  4.832E+01  3.855E-02  6.400E-02  2.572E+03  2.594E-02
9      -- 8        248.9   1036.9124    289.1203   69.995  8.939E+02  4.665E+01  2.116E-02  3.855E-02  2.483E+03  3.565E-02
10     -- 9        304.2   1151.9855    260.2398   69.989  5.213E+02  4.492E+01  1.062E-02  2.116E-02  2.391E+03  4.707E-02
11     -- 10       365.0   1267.0145    236.6133   69.974  2.756E+02  4.317E+01  4.877E-03  1.062E-02  2.298E+03  6.019E-02
12     -- 11       431.3   1381.9951    216.9273   69.937  1.324E+02  4.139E+01  2.053E-03  4.877E-03  2.203E+03  7.489E-02
13     -- 12       503.1   1496.9229    200.2725   69.832  5.796E+01  3.957E+01  7.927E-04  2.053E-03  2.106E+03  9.098E-02
14     -- 13       580.5   1611.7935    185.9993   69.473  2.319E+01  3.754E+01  2.796E-04  7.927E-04  1.998E+03  1.078E-01
15     -- 14       663.4   1726.6025    173.6314   67.673  8.528E+00  3.428E+01  8.785E-05  2.796E-04  1.825E+03  1.209E-01
16     -- 15       751.7   1841.3455    162.8116   62.405  2.849E+00  2.654E+01  2.269E-05  8.785E-05  1.412E+03  1.136E-01
