* Radex version        : 30nov2011
* Geometry             : Uniform sphere
* Molecular data file  : ./data/co.dat                                                                   
* T(kin)            [K]:   70.000
* Density of H2  [cm-3]:  1.259E+05
* Density of pH2 [cm-3]:  3.147E+04
* Density of oH2 [cm-3]:  9.442E+04
* T(background)     [K]:   13.800
* Column density [cm-2]:  1.943E+20
* Line width     [km/s]:   50.000
Calculation finished in   37 iterations
      LINE         E_UP       FREQ        WAVEL     T_EX      TAU        T_R       POP        POP       FLUX        FLUX
                   (K)        (GHz)       (um)      (K)                  (K)        UP        LOW      (K*km/s) (erg/cm2/s)
1      -- 0          5.5    115.2712   2600.7576   69.941  1.646E+01  5.599E+01  1.087E-01  3.920E-02  2.980E+03  5.879E-05
2      -- 1         16.6    230.5380   1300.4037   69.936  5.848E+01  5.555E+01  1.546E-01  1.087E-01  2.957E+03  4.665E-04
3      -- 2         33.2    345.7960    866.9634   69.925  1.081E+02  5.483E+01  1.707E-01  1.546E-01  2.918E+03  1.554E-03
4      -- 3         55.3    461.0408    650.2515   69.902  1.457E+02  5.385E+01  1.599E-01  1.707E-01  2.866E+03  3.617E-03
5      -- 4         83.0    576.2679    520.2310   69.861  1.595E+02  5.263E+01  1.316E-01  1.599E-01  2.801E+03  6.904E-03
6      -- 5        116.2    691.4731    433.5562   69.784  1.488E+02  5.121E+01  9.665E-02  1.316E-01  2.726E+03  1.160E-02
7      -- 6        154.9    806.6518    371.6504   69.642  1.213E+02  4.958E+01  6.396E-02  9.665E-02  2.639E+03  1.784E-02
8      -- 7        199.1    921.7997    325.2252   69.342  8.768E+01  4.769E+01  3.830E-02  6.396E-02  2.538E+03  2.560E-02
9      -- 8        248.9   1036.9124    289.1203   68.677  5.676E+01  4.538E+01  2.074E-02  3.830E-02  2.416E+03  3.468E-02
10     -- 9        304.2   1151.9855    260.2398   66.867  3.320E+01  4.197E+01  1.003E-02  2.074E-02  2.234E+03  4.398E-02
11     -- 10       365.0   1267.0145    236.6133   61.948  1.769E+01  3.569E+01  4.115E-03  1.003E-02  1.900E+03  4.976E-02
12     -- 11       431.3   1381.9951    216.9273   51.759  8.311E+00  2.494E+01  1.242E-03  4.115E-03  1.327E+03  4.512E-02
13     -- 12       503.1   1496.9229    200.2725   40.024  2.870E+00  1.313E+01  2.228E-04  1.242E-03  6.987E+02  3.018E-02
14     -- 13       580.5   1611.7935    185.9993   36.797  5.377E-01  4.360E+00  2.924E-05  2.228E-04  2.320E+02  1.251E-02
15     -- 14       663.4   1726.6025    173.6314   42.420  6.840E-02  8.916E-01  4.432E-06  2.924E-05  4.745E+01  3.146E-03
16     -- 15       751.7   1841.3455    162.8116   46.249  1.020E-02  1.543E-01  6.982E-07  4.432E-06  8.214E+00  6.604E-04
