* Radex version        : 30nov2011
* Geometry             : Uniform sphere
* Molecular data file  : ./data/co.dat                                                                   
* T(kin)            [K]:   70.000
* Density of H2  [cm-3]:  1.000E+04
* Density of pH2 [cm-3]:  2.500E+03
* Density of oH2 [cm-3]:  7.500E+03
* T(background)     [K]:   13.800
* Column density [cm-2]:  1.543E+19
* Line width     [km/s]:   50.000
Calculation finished in   35 iterations
      LINE         E_UP       FREQ        WAVEL     T_EX      TAU        T_R       POP        POP       FLUX        FLUX
                   (K)        (GHz)       (um)      (K)                  (K)        UP        LOW      (K*km/s) (erg/cm2/s)
1      -- 0          5.5    115.2712   2600.7576   72.717  1.556E+00  4.637E+01  1.347E-01  4.845E-02  2.468E+03  4.869E-05
2      -- 1         16.6    230.5380   1300.4037   62.956  6.342E+00  4.850E+01  1.883E-01  1.347E-01  2.581E+03  4.073E-04
3      -- 2         33.2    345.7960    866.9634   61.711  1.167E+01  4.666E+01  2.015E-01  1.883E-01  2.483E+03  1.322E-03
4      -- 3         55.3    461.0408    650.2515   59.027  1.573E+01  4.308E+01  1.781E-01  2.015E-01  2.293E+03  2.894E-03
5      -- 4         83.0    576.2679    520.2310   54.513  1.717E+01  3.754E+01  1.310E-01  1.781E-01  1.998E+03  4.924E-03
6      -- 5        116.2    691.4731    433.5562   47.452  1.565E+01  2.948E+01  7.695E-02  1.310E-01  1.569E+03  6.682E-03
7      -- 6        154.9    806.6518    371.6504   38.065  1.148E+01  1.944E+01  3.211E-02  7.695E-02  1.035E+03  6.995E-03
8      -- 7        199.1    921.7997    325.2252   28.479  5.846E+00  9.970E+00  7.698E-03  3.211E-02  5.307E+02  5.353E-03
9      -- 8        248.9   1036.9124    289.1203   23.112  1.554E+00  4.060E+00  9.991E-04  7.698E-03  2.161E+02  3.103E-03
10     -- 9        304.2   1151.9855    260.2398   25.901  1.991E-01  1.154E+00  1.306E-04  9.991E-04  6.143E+01  1.209E-03
11     -- 10       365.0   1267.0145    236.6133   32.488  2.477E-02  2.521E-01  2.201E-05  1.306E-04  1.342E+01  3.515E-04
12     -- 11       431.3   1381.9951    216.9273   36.879  4.079E-03  5.134E-02  3.961E-06  2.201E-05  2.733E+00  9.289E-05
13     -- 12       503.1   1496.9229    200.2725   39.918  7.279E-04  1.007E-02  7.074E-07  3.961E-06  5.358E-01  2.315E-05
14     -- 13       580.5   1611.7935    185.9993   40.846  1.312E-04  1.761E-03  1.143E-07  7.074E-07  9.371E-02  5.053E-06
15     -- 14       663.4   1726.6025    173.6314   41.239  2.144E-05  2.706E-04  1.639E-08  1.143E-07  1.440E-02  9.548E-07
16     -- 15       751.7   1841.3455    162.8116   43.619  3.053E-06  4.054E-05  2.300E-09  1.639E-08  2.158E-03  1.735E-07
