* Radex version        : 30nov2011
* Geometry             : Uniform sphere
* Molecular data file  : ./data/co.dat                                                                   
* T(kin)            [K]:   75.000
* Density of H2  [cm-3]:  1.000E+06
* Density of pH2 [cm-3]:  2.500E+05
* Density of oH2 [cm-3]:  7.500E+05
* T(background)     [K]:   13.800
* Column density [cm-2]:  1.543E+21
* Line width     [km/s]:   50.000
Calculation finished in   31 iterations
      LINE         E_UP       FREQ        WAVEL     T_EX      TAU        T_R       POP        POP       FLUX        FLUX
                   (K)        (GHz)       (um)      (K)                  (K)        UP        LOW      (K*km/s) (erg/cm2/s)
1      -- 0          5.5    115.2712   2600.7576   74.999  1.136E+02  6.105E+01  1.015E-01  3.643E-02  3.249E+03  6.409E-05
2      -- 1         16.6    230.5380   1300.4037   74.999  4.068E+02  6.060E+01  1.460E-01  1.015E-01  3.226E+03  5.090E-04
3      -- 2         33.2    345.7960    866.9634   74.998  7.615E+02  5.988E+01  1.638E-01  1.460E-01  3.187E+03  1.697E-03
4      -- 3         55.3    461.0408    650.2515   74.998  1.045E+03  5.890E+01  1.568E-01  1.638E-01  3.135E+03  3.957E-03
5      -- 4         83.0    576.2679    520.2310   74.997  1.172E+03  5.771E+01  1.325E-01  1.568E-01  3.072E+03  7.570E-03
6      -- 5        116.2    691.4731    433.5562   74.996  1.125E+03  5.633E+01  1.006E-01  1.325E-01  2.998E+03  1.277E-02
7      -- 6        154.9    806.6518    371.6504   74.994  9.487E+02  5.480E+01  6.929E-02  1.006E-01  2.917E+03  1.972E-02
8      -- 7        199.1    921.7997    325.2252   74.989  7.129E+02  5.316E+01  4.354E-02  6.929E-02  2.830E+03  2.854E-02
9      -- 8        248.9   1036.9124    289.1203   74.979  4.823E+02  5.144E+01  2.506E-02  4.354E-02  2.738E+03  3.931E-02
10     -- 9        304.2   1151.9855    260.2398   74.957  2.955E+02  4.966E+01  1.324E-02  2.506E-02  2.643E+03  5.203E-02
11     -- 10       365.0   1267.0145    236.6133   74.906  1.650E+02  4.782E+01  6.442E-03  1.324E-02  2.545E+03  6.667E-02
12     -- 11       431.3   1381.9951    216.9273   74.780  8.412E+01  4.591E+01  2.884E-03  6.442E-03  2.444E+03  8.306E-02
13     -- 12       503.1   1496.9229    200.2725   74.444  3.930E+01  4.382E+01  1.187E-03  2.884E-03  2.332E+03  1.007E-01
14     -- 13       580.5   1611.7935    185.9993   73.206  1.690E+01  4.093E+01  4.430E-04  1.187E-03  2.179E+03  1.175E-01
15     -- 14       663.4   1726.6025    173.6314   68.382  6.736E+00  3.487E+01  1.410E-04  4.430E-04  1.856E+03  1.230E-01
16     -- 15       751.7   1841.3455    162.8116   59.511  2.340E+00  2.325E+01  3.399E-05  1.410E-04  1.238E+03  9.951E-02
