* Radex version        : 30nov2011
* Geometry             : Uniform sphere
* Molecular data file  : ./data/co.dat                                                                   
* T(kin)            [K]:   70.000
* Density of H2  [cm-3]:  3.981E+03
* Density of pH2 [cm-3]:  9.953E+02
* Density of oH2 [cm-3]:  2.986E+03
* T(background)     [K]:   13.800
* Column density [cm-2]:  6.143E+18
* Line width     [km/s]:   50.000
Calculation finished in   32 iterations
      LINE         E_UP       FREQ        WAVEL     T_EX      TAU        T_R       POP        POP       FLUX        FLUX
                   (K)        (GHz)       (um)      (K)                  (K)        UP        LOW      (K*km/s) (erg/cm2/s)
1      -- 0          5.5    115.2712   2600.7576   77.765  7.685E-01  3.422E+01  1.791E-01  6.411E-02  1.821E+03  3.593E-05
2      -- 1         16.6    230.5380   1300.4037   49.066  4.205E+00  3.422E+01  2.383E-01  1.791E-01  1.822E+03  2.874E-04
3      -- 2         33.2    345.7960    866.9634   44.870  7.706E+00  2.994E+01  2.304E-01  2.383E-01  1.594E+03  8.487E-04
4      -- 3         55.3    461.0408    650.2515   39.219  9.881E+00  2.362E+01  1.685E-01  2.304E-01  1.257E+03  1.586E-03
5      -- 4         83.0    576.2679    520.2310   32.097  9.392E+00  1.592E+01  8.702E-02  1.685E-01  8.474E+02  2.088E-03
6      -- 5        116.2    691.4731    433.5562   24.910  6.054E+00  8.583E+00  2.714E-02  8.702E-02  4.568E+02  1.945E-03
7      -- 6        154.9    806.6518    371.6504   20.269  2.152E+00  3.744E+00  4.637E-03  2.714E-02  1.993E+02  1.347E-03
8      -- 7        199.1    921.7997    325.2252   20.572  3.766E-01  1.243E+00  6.119E-04  4.637E-03  6.616E+01  6.673E-04
9      -- 8        248.9   1036.9124    289.1203   25.153  4.794E-02  3.088E-01  9.457E-05  6.119E-04  1.643E+01  2.360E-04
10     -- 9        304.2   1151.9855    260.2398   30.307  7.137E-03  6.835E-02  1.686E-05  9.457E-05  3.638E+00  7.163E-05
11     -- 10       365.0   1267.0145    236.6133   33.672  1.257E-03  1.408E-02  3.035E-06  1.686E-05  7.494E-01  1.963E-05
12     -- 11       431.3   1381.9951    216.9273   36.326  2.251E-04  2.743E-03  5.314E-07  3.035E-06  1.460E-01  4.963E-06
13     -- 12       503.1   1496.9229    200.2725   39.387  3.906E-05  5.245E-04  9.263E-08  5.314E-07  2.792E-02  1.206E-06
14     -- 13       580.5   1611.7935    185.9993   40.258  6.873E-06  8.922E-05  1.456E-08  9.263E-08  4.749E-03  2.561E-07
15     -- 14       663.4   1726.6025    173.6314   40.245  1.095E-06  1.305E-05  1.986E-09  1.456E-08  6.944E-04  4.603E-08
16     -- 15       751.7   1841.3455    162.8116   43.186  1.478E-07  1.916E-06  2.732E-10  1.986E-09  1.020E-04  8.201E-09
