* Radex version        : 30nov2011
* Geometry             : Uniform sphere
* Molecular data file  : ./data/co.dat                                                                   
* T(kin)            [K]:   70.000
* Density of H2  [cm-3]:  1.000E+06
* Density of pH2 [cm-3]:  2.500E+05
* Density of oH2 [cm-3]:  7.500E+05
* T(background)     [K]:   13.800
* Column density [cm-2]:  1.543E+21
* Line width     [km/s]:   50.000
Calculation finished in   30 iterations
      LINE         E_UP       FREQ        WAVEL     T_EX      TAU        T_R       POP        POP       FLUX        FLUX
                   (K)        (GHz)       (um)      (K)                  (K)        UP        LOW      (K*km/s) (erg/cm2/s)
1      -- 0          5.5    115.2712   2600.7576   69.999  1.299E+02  5.605E+01  1.081E-01  3.900E-02  2.983E+03  5.885E-05
2      -- 1         16.6    230.5380   1300.4037   69.999  4.617E+02  5.561E+01  1.538E-01  1.081E-01  2.960E+03  4.671E-04
3      -- 2         33.2    345.7960    866.9634   69.999  8.531E+02  5.490E+01  1.699E-01  1.538E-01  2.922E+03  1.556E-03
4      -- 3         55.3    461.0408    650.2515   69.998  1.150E+03  5.394E+01  1.592E-01  1.699E-01  2.871E+03  3.624E-03
5      -- 4         83.0    576.2679    520.2310   69.998  1.260E+03  5.277E+01  1.311E-01  1.592E-01  2.809E+03  6.922E-03
6      -- 5        116.2    691.4731    433.5562   69.997  1.175E+03  5.142E+01  9.644E-02  1.311E-01  2.737E+03  1.165E-02
7      -- 6        154.9    806.6518    371.6504   69.994  9.579E+02  4.992E+01  6.400E-02  9.644E-02  2.657E+03  1.796E-02
8      -- 7        199.1    921.7997    325.2252   69.990  6.923E+02  4.832E+01  3.855E-02  6.400E-02  2.572E+03  2.594E-02
9      -- 8        248.9   1036.9124    289.1203   69.980  4.481E+02  4.663E+01  2.116E-02  3.855E-02  2.482E+03  3.564E-02
10     -- 9        304.2   1151.9855    260.2398   69.956  2.613E+02  4.489E+01  1.061E-02  2.116E-02  2.389E+03  4.704E-02
11     -- 10       365.0   1267.0145    236.6133   69.898  1.382E+02  4.310E+01  4.869E-03  1.061E-02  2.294E+03  6.009E-02
12     -- 11       431.3   1381.9951    216.9273   69.744  6.635E+01  4.121E+01  2.045E-03  4.869E-03  2.194E+03  7.456E-02
13     -- 12       503.1   1496.9229    200.2725   69.297  2.905E+01  3.908E+01  7.831E-04  2.045E-03  2.080E+03  8.985E-02
14     -- 13       580.5   1611.7935    185.9993   67.358  1.168E+01  3.564E+01  2.668E-04  7.831E-04  1.897E+03  1.023E-01
15     -- 14       663.4   1726.6025    173.6314   60.916  4.293E+00  2.801E+01  7.317E-05  2.668E-04  1.491E+03  9.882E-02
16     -- 15       751.7   1841.3455    162.8116   53.474  1.270E+00  1.495E+01  1.492E-05  7.317E-05  7.957E+02  6.398E-02
