* Radex version        : 30nov2011
* Geometry             : Uniform sphere
* Molecular data file  : ./data/co.dat                                                                   
* T(kin)            [K]:   80.000
* Density of H2  [cm-3]:  6.310E+02
* Density of pH2 [cm-3]:  1.577E+02
* Density of oH2 [cm-3]:  4.732E+02
* T(background)     [K]:    2.725
* Column density [cm-2]:  6.231E+18
* Line width     [km/s]:   50.000
Calculation finished in   34 iterations
      LINE         E_UP       FREQ        WAVEL     T_EX      TAU        T_R       POP        POP       FLUX        FLUX
                   (K)        (GHz)       (um)      (K)                  (K)        UP        LOW      (K*km/s) (erg/cm2/s)
1      -- 0          5.5    115.2712   2600.7576   34.025  2.876E+00  2.878E+01  2.760E-01  1.082E-01  1.532E+03  3.021E-05
2      -- 1         16.6    230.5380   1300.4037   27.757  1.070E+01  2.240E+01  3.087E-01  2.760E-01  1.192E+03  1.881E-04
3      -- 2         33.2    345.7960    866.9634   23.481  1.660E+01  1.611E+01  2.132E-01  3.087E-01  8.577E+02  4.567E-04
4      -- 3         55.3    461.0408    650.2515   18.055  1.519E+01  9.191E+00  8.048E-02  2.132E-01  4.892E+02  6.174E-04
5      -- 4         83.0    576.2679    520.2310   13.278  6.896E+00  3.931E+00  1.225E-02  8.048E-02  2.092E+02  5.156E-04
6      -- 5        116.2    691.4731    433.5562   12.104  1.099E+00  1.525E+00  9.335E-04  1.225E-02  8.115E+01  3.455E-04
7      -- 6        154.9    806.6518    371.6504   19.528  7.600E-02  4.525E-01  1.484E-04  9.335E-04  2.409E+01  1.628E-04
8      -- 7        199.1    921.7997    325.2252   27.018  1.114E-02  1.183E-01  3.270E-05  1.484E-04  6.299E+00  6.354E-05
9      -- 8        248.9   1036.9124    289.1203   30.647  2.421E-03  2.955E-02  7.205E-06  3.270E-05  1.573E+00  2.258E-05
10     -- 9        304.2   1151.9855    260.2398   33.306  5.327E-04  6.912E-03  1.514E-06  7.205E-06  3.679E-01  7.244E-06
11     -- 10       365.0   1267.0145    236.6133   36.029  1.117E-04  1.541E-03  3.067E-07  1.514E-06  8.201E-02  2.148E-06
12     -- 11       431.3   1381.9951    216.9273   38.553  2.258E-05  3.265E-04  5.968E-08  3.067E-07  1.738E-02  5.908E-07
13     -- 12       503.1   1496.9229    200.2725   42.651  4.321E-06  7.072E-05  1.196E-08  5.968E-08  3.764E-03  1.626E-07
14     -- 13       580.5   1611.7935    185.9993   43.264  8.781E-07  1.365E-05  2.149E-09  1.196E-08  7.264E-04  3.917E-08
15     -- 14       663.4   1726.6025    173.6314   42.605  1.610E-07  2.226E-06  3.285E-10  2.149E-09  1.185E-04  7.854E-09
16     -- 15       751.7   1841.3455    162.8116   46.989  2.413E-08  3.837E-07  5.332E-11  3.285E-10  2.042E-05  1.642E-09
