* Radex version        : 30nov2011
* Geometry             : Uniform sphere
* Molecular data file  : ./data/co.dat                                                                   
* T(kin)            [K]:   80.000
* Density of H2  [cm-3]:  1.585E+05
* Density of pH2 [cm-3]:  3.962E+04
* Density of oH2 [cm-3]:  1.189E+05
* T(background)     [K]:    2.725
* Column density [cm-2]:  1.565E+21
* Line width     [km/s]:   50.000
Calculation finished in   37 iterations
      LINE         E_UP       FREQ        WAVEL     T_EX      TAU        T_R       POP        POP       FLUX        FLUX
                   (K)        (GHz)       (um)      (K)                  (K)        UP        LOW      (K*km/s) (erg/cm2/s)
1      -- 0          5.5    115.2712   2600.7576   79.988  1.017E+02  7.642E+01  9.576E-02  3.421E-02  4.067E+03  8.023E-05
2      -- 1         16.6    230.5380   1300.4037   79.988  3.666E+02  7.439E+01  1.390E-01  9.576E-02  3.959E+03  6.248E-04
3      -- 2         33.2    345.7960    866.9634   79.987  6.941E+02  7.194E+01  1.581E-01  1.390E-01  3.829E+03  2.039E-03
4      -- 3         55.3    461.0408    650.2515   79.984  9.682E+02  6.942E+01  1.542E-01  1.581E-01  3.695E+03  4.663E-03
5      -- 4         83.0    576.2679    520.2310   79.979  1.108E+03  6.694E+01  1.333E-01  1.542E-01  3.563E+03  8.781E-03
6      -- 5        116.2    691.4731    433.5562   79.969  1.091E+03  6.452E+01  1.041E-01  1.333E-01  3.434E+03  1.462E-02
7      -- 6        154.9    806.6518    371.6504   79.953  9.472E+02  6.215E+01  7.399E-02  1.041E-01  3.308E+03  2.236E-02
8      -- 7        199.1    921.7997    325.2252   79.922  7.365E+02  5.983E+01  4.821E-02  7.399E-02  3.185E+03  3.212E-02
9      -- 8        248.9   1036.9124    289.1203   79.861  5.179E+02  5.755E+01  2.889E-02  4.821E-02  3.063E+03  4.398E-02
10     -- 9        304.2   1151.9855    260.2398   79.728  3.313E+02  5.525E+01  1.596E-02  2.889E-02  2.941E+03  5.790E-02
11     -- 10       365.0   1267.0145    236.6133   79.430  1.941E+02  5.287E+01  8.131E-03  1.596E-02  2.814E+03  7.371E-02
12     -- 11       431.3   1381.9951    216.9273   78.706  1.043E+02  5.015E+01  3.805E-03  8.131E-03  2.669E+03  9.073E-02
13     -- 12       503.1   1496.9229    200.2725   76.599  5.171E+01  4.621E+01  1.609E-03  3.805E-03  2.460E+03  1.063E-01
14     -- 13       580.5   1611.7935    185.9993   70.000  2.383E+01  3.831E+01  5.723E-04  1.609E-03  2.039E+03  1.099E-01
15     -- 14       663.4   1726.6025    173.6314   56.187  9.691E+00  2.459E+01  1.400E-04  5.723E-04  1.309E+03  8.675E-02
16     -- 15       751.7   1841.3455    162.8116   41.773  2.680E+00  1.129E+01  1.797E-05  1.400E-04  6.006E+02  4.829E-02
