* Radex version        : 30nov2011
* Geometry             : Uniform sphere
* Molecular data file  : ./data/co.dat                                                                   
* T(kin)            [K]:   80.000
* Density of H2  [cm-3]:  1.259E+05
* Density of pH2 [cm-3]:  3.147E+04
* Density of oH2 [cm-3]:  9.442E+04
* T(background)     [K]:    2.725
* Column density [cm-2]:  1.243E+21
* Line width     [km/s]:   50.000
Calculation finished in   38 iterations
      LINE         E_UP       FREQ        WAVEL     T_EX      TAU        T_R       POP        POP       FLUX        FLUX
                   (K)        (GHz)       (um)      (K)                  (K)        UP        LOW      (K*km/s) (erg/cm2/s)
1      -- 0          5.5    115.2712   2600.7576   79.981  8.081E+01  7.641E+01  9.581E-02  3.422E-02  4.067E+03  8.022E-05
2      -- 1         16.6    230.5380   1300.4037   79.981  2.913E+02  7.438E+01  1.391E-01  9.581E-02  3.959E+03  6.247E-04
3      -- 2         33.2    345.7960    866.9634   79.979  5.516E+02  7.193E+01  1.582E-01  1.391E-01  3.828E+03  2.039E-03
4      -- 3         55.3    461.0408    650.2515   79.974  7.695E+02  6.941E+01  1.542E-01  1.582E-01  3.695E+03  4.663E-03
5      -- 4         83.0    576.2679    520.2310   79.966  8.806E+02  6.693E+01  1.334E-01  1.542E-01  3.562E+03  8.780E-03
6      -- 5        116.2    691.4731    433.5562   79.952  8.668E+02  6.450E+01  1.041E-01  1.334E-01  3.433E+03  1.462E-02
7      -- 6        154.9    806.6518    371.6504   79.926  7.528E+02  6.213E+01  7.400E-02  1.041E-01  3.307E+03  2.235E-02
8      -- 7        199.1    921.7997    325.2252   79.876  5.854E+02  5.979E+01  4.820E-02  7.400E-02  3.182E+03  3.210E-02
9      -- 8        248.9   1036.9124    289.1203   79.780  4.116E+02  5.747E+01  2.887E-02  4.820E-02  3.059E+03  4.392E-02
10     -- 9        304.2   1151.9855    260.2398   79.567  2.633E+02  5.510E+01  1.593E-02  2.887E-02  2.933E+03  5.774E-02
11     -- 10       365.0   1267.0145    236.6133   79.085  1.543E+02  5.254E+01  8.086E-03  1.593E-02  2.796E+03  7.325E-02
12     -- 11       431.3   1381.9951    216.9273   77.873  8.294E+01  4.936E+01  3.750E-03  8.086E-03  2.627E+03  8.931E-02
13     -- 12       503.1   1496.9229    200.2725   74.272  4.123E+01  4.405E+01  1.540E-03  3.750E-03  2.345E+03  1.013E-01
14     -- 13       580.5   1611.7935    185.9993   64.704  1.889E+01  3.356E+01  5.003E-04  1.540E-03  1.786E+03  9.631E-02
15     -- 14       663.4   1726.6025    173.6314   49.004  7.118E+00  1.871E+01  9.858E-05  5.003E-04  9.960E+02  6.602E-02
16     -- 15       751.7   1841.3455    162.8116   37.851  1.540E+00  7.443E+00  1.016E-05  9.858E-05  3.962E+02  3.185E-02
