* Radex version        : 30nov2011
* Geometry             : Uniform sphere
* Molecular data file  : ./data/co.dat                                                                   
* T(kin)            [K]:   85.000
* Density of H2  [cm-3]:  3.162E+04
* Density of pH2 [cm-3]:  7.906E+03
* Density of oH2 [cm-3]:  2.372E+04
* T(background)     [K]:   13.800
* Column density [cm-2]:  4.879E+19
* Line width     [km/s]:   50.000
Calculation finished in   38 iterations
      LINE         E_UP       FREQ        WAVEL     T_EX      TAU        T_R       POP        POP       FLUX        FLUX
                   (K)        (GHz)       (um)      (K)                  (K)        UP        LOW      (K*km/s) (erg/cm2/s)
1      -- 0          5.5    115.2712   2600.7576   84.962  3.018E+00  6.753E+01  9.704E-02  3.452E-02  3.594E+03  7.090E-05
2      -- 1         16.6    230.5380   1300.4037   83.105  1.117E+01  6.869E+01  1.416E-01  9.704E-02  3.656E+03  5.769E-04
3      -- 2         33.2    345.7960    866.9634   82.987  2.132E+01  6.784E+01  1.623E-01  1.416E-01  3.611E+03  1.923E-03
4      -- 3         55.3    461.0408    650.2515   82.485  3.016E+01  6.634E+01  1.596E-01  1.623E-01  3.531E+03  4.456E-03
5      -- 4         83.0    576.2679    520.2310   81.650  3.514E+01  6.429E+01  1.390E-01  1.596E-01  3.422E+03  8.434E-03
6      -- 5        116.2    691.4731    433.5562   80.149  3.538E+01  6.140E+01  1.086E-01  1.390E-01  3.268E+03  1.392E-02
7      -- 6        154.9    806.6518    371.6504   77.417  3.159E+01  5.717E+01  7.597E-02  1.086E-01  3.043E+03  2.057E-02
8      -- 7        199.1    921.7997    325.2252   72.268  2.539E+01  5.052E+01  4.668E-02  7.597E-02  2.689E+03  2.713E-02
9      -- 8        248.9   1036.9124    289.1203   63.387  1.834E+01  4.034E+01  2.380E-02  4.668E-02  2.147E+03  3.083E-02
10     -- 9        304.2   1151.9855    260.2398   50.605  1.131E+01  2.687E+01  8.821E-03  2.380E-02  1.430E+03  2.816E-02
11     -- 10       365.0   1267.0145    236.6133   37.372  5.022E+00  1.403E+01  1.898E-03  8.821E-03  7.466E+02  1.956E-02
12     -- 11       431.3   1381.9951    216.9273   31.267  1.173E+00  5.862E+00  2.474E-04  1.898E-03  3.120E+02  1.061E-02
13     -- 12       503.1   1496.9229    200.2725   38.416  1.457E-01  1.721E+00  4.117E-05  2.474E-04  9.158E+01  3.956E-03
14     -- 13       580.5   1611.7935    185.9993   45.983  2.314E-02  3.977E-01  8.224E-06  4.117E-05  2.117E+01  1.142E-03
15     -- 14       663.4   1726.6025    173.6314   48.354  4.615E-03  8.293E-02  1.584E-06  8.224E-06  4.414E+00  2.926E-04
16     -- 15       751.7   1841.3455    162.8116   51.016  8.850E-04  1.667E-02  2.983E-07  1.584E-06  8.872E-01  7.133E-05
