* Radex version        : 30nov2011
* Geometry             : Uniform sphere
* Molecular data file  : ./data/co.dat                                                                   
* T(kin)            [K]:   80.000
* Density of H2  [cm-3]:  3.162E+03
* Density of pH2 [cm-3]:  7.906E+02
* Density of oH2 [cm-3]:  2.372E+03
* T(background)     [K]:    2.725
* Column density [cm-2]:  3.123E+19
* Line width     [km/s]:   50.000
Calculation finished in   38 iterations
      LINE         E_UP       FREQ        WAVEL     T_EX      TAU        T_R       POP        POP       FLUX        FLUX
                   (K)        (GHz)       (um)      (K)                  (K)        UP        LOW      (K*km/s) (erg/cm2/s)
1      -- 0          5.5    115.2712   2600.7576   70.447  3.297E+00  6.441E+01  1.364E-01  4.919E-02  3.428E+03  6.762E-05
2      -- 1         16.6    230.5380   1300.4037   64.506  1.271E+01  5.894E+01  1.915E-01  1.364E-01  3.137E+03  4.950E-04
3      -- 2         33.2    345.7960    866.9634   62.655  2.370E+01  5.469E+01  2.058E-01  1.915E-01  2.911E+03  1.550E-03
4      -- 3         55.3    461.0408    650.2515   58.804  3.262E+01  4.843E+01  1.816E-01  2.058E-01  2.577E+03  3.253E-03
5      -- 4         83.0    576.2679    520.2310   52.630  3.641E+01  4.001E+01  1.312E-01  1.816E-01  2.129E+03  5.248E-03
6      -- 5        116.2    691.4731    433.5562   43.893  3.345E+01  2.937E+01  7.282E-02  1.312E-01  1.563E+03  6.656E-03
7      -- 6        154.9    806.6518    371.6504   33.450  2.363E+01  1.775E+01  2.641E-02  7.282E-02  9.446E+02  6.385E-03
8      -- 7        199.1    921.7997    325.2252   23.676  1.044E+01  8.074E+00  4.620E-03  2.641E-02  4.298E+02  4.335E-03
9      -- 8        248.9   1036.9124    289.1203   18.391  1.993E+00  3.077E+00  3.449E-04  4.620E-03  1.638E+02  2.352E-03
10     -- 9        304.2   1151.9855    260.2398   25.381  1.399E-01  9.220E-01  4.317E-05  3.449E-04  4.907E+01  9.661E-04
11     -- 10       365.0   1267.0145    236.6133   35.902  1.598E-02  2.171E-01  8.693E-06  4.317E-05  1.156E+01  3.027E-04
12     -- 11       431.3   1381.9951    216.9273   39.956  3.164E-03  4.919E-02  1.797E-06  8.693E-06  2.618E+00  8.900E-05
13     -- 12       503.1   1496.9229    200.2725   43.035  6.497E-04  1.083E-02  3.655E-07  1.797E-06  5.764E-01  2.490E-05
14     -- 13       580.5   1611.7935    185.9993   44.141  1.335E-04  2.166E-03  6.805E-08  3.655E-07  1.153E-01  6.216E-06
15     -- 14       663.4   1726.6025    173.6314   44.403  2.520E-05  3.823E-04  1.126E-08  6.805E-08  2.035E-02  1.349E-06
16     -- 15       751.7   1841.3455    162.8116   47.455  4.130E-06  6.711E-05  1.861E-09  1.126E-08  3.572E-03  2.872E-07
