* Radex version        : 30nov2011
* Geometry             : Uniform sphere
* Molecular data file  : ./data/co.dat                                                                   
* T(kin)            [K]:   85.000
* Density of H2  [cm-3]:  1.585E+05
* Density of pH2 [cm-3]:  3.962E+04
* Density of oH2 [cm-3]:  1.189E+05
* T(background)     [K]:   13.800
* Column density [cm-2]:  2.445E+20
* Line width     [km/s]:   50.000
Calculation finished in   37 iterations
      LINE         E_UP       FREQ        WAVEL     T_EX      TAU        T_R       POP        POP       FLUX        FLUX
                   (K)        (GHz)       (um)      (K)                  (K)        UP        LOW      (K*km/s) (erg/cm2/s)
1      -- 0          5.5    115.2712   2600.7576   84.929  1.418E+01  7.097E+01  9.096E-02  3.236E-02  3.778E+03  7.451E-05
2      -- 1         16.6    230.5380   1300.4037   84.921  5.145E+01  7.051E+01  1.331E-01  9.096E-02  3.753E+03  5.922E-04
3      -- 2         33.2    345.7960    866.9634   84.911  9.839E+01  6.976E+01  1.532E-01  1.331E-01  3.713E+03  1.977E-03
4      -- 3         55.3    461.0408    650.2515   84.890  1.392E+02  6.873E+01  1.518E-01  1.532E-01  3.658E+03  4.617E-03
5      -- 4         83.0    576.2679    520.2310   84.854  1.622E+02  6.747E+01  1.339E-01  1.518E-01  3.591E+03  8.850E-03
6      -- 5        116.2    691.4731    433.5562   84.791  1.632E+02  6.598E+01  1.070E-01  1.339E-01  3.512E+03  1.495E-02
7      -- 6        154.9    806.6518    371.6504   84.685  1.455E+02  6.431E+01  7.818E-02  1.070E-01  3.423E+03  2.314E-02
8      -- 7        199.1    921.7997    325.2252   84.482  1.166E+02  6.241E+01  5.249E-02  7.818E-02  3.322E+03  3.351E-02
9      -- 8        248.9   1036.9124    289.1203   84.100  8.485E+01  6.027E+01  3.246E-02  5.249E-02  3.208E+03  4.606E-02
10     -- 9        304.2   1151.9855    260.2398   83.235  5.644E+01  5.760E+01  1.847E-02  3.246E-02  3.066E+03  6.036E-02
11     -- 10       365.0   1267.0145    236.6133   81.251  3.455E+01  5.385E+01  9.569E-03  1.847E-02  2.866E+03  7.508E-02
12     -- 11       431.3   1381.9951    216.9273   76.294  1.956E+01  4.733E+01  4.360E-03  9.569E-03  2.519E+03  8.563E-02
13     -- 12       503.1   1496.9229    200.2725   65.895  1.010E+01  3.598E+01  1.583E-03  4.360E-03  1.915E+03  8.272E-02
14     -- 13       580.5   1611.7935    185.9993   51.277  4.266E+00  2.138E+01  3.761E-04  1.583E-03  1.138E+03  6.138E-02
15     -- 14       663.4   1726.6025    173.6314   42.443  1.107E+00  9.040E+00  5.706E-05  3.761E-04  4.812E+02  3.190E-02
16     -- 15       751.7   1841.3455    162.8116   47.732  1.636E-01  2.463E+00  9.538E-06  5.706E-05  1.311E+02  1.054E-02
