* Radex version        : 30nov2011
* Geometry             : Uniform sphere
* Molecular data file  : ./data/co.dat                                                                   
* T(kin)            [K]:   80.000
* Density of H2  [cm-3]:  3.981E+02
* Density of pH2 [cm-3]:  9.953E+01
* Density of oH2 [cm-3]:  2.986E+02
* T(background)     [K]:   13.800
* Column density [cm-2]:  6.143E+17
* Line width     [km/s]:   50.000
Calculation finished in   24 iterations
      LINE         E_UP       FREQ        WAVEL     T_EX      TAU        T_R       POP        POP       FLUX        FLUX
                   (K)        (GHz)       (um)      (K)                  (K)        UP        LOW      (K*km/s) (erg/cm2/s)
1      -- 0          5.5    115.2712   2600.7576   23.784  5.267E-01  4.056E+00  3.456E-01  1.454E-01  2.159E+02  4.258E-06
2      -- 1         16.6    230.5380   1300.4037   17.339  1.896E+00  2.883E+00  3.043E-01  3.456E-01  1.534E+02  2.421E-05
3      -- 2         33.2    345.7960    866.9634   15.882  2.064E+00  1.638E+00  1.498E-01  3.043E-01  8.721E+01  4.644E-05
4      -- 3         55.3    461.0408    650.2515   15.145  1.144E+00  7.569E-01  4.470E-02  1.498E-01  4.029E+01  5.084E-05
5      -- 4         83.0    576.2679    520.2310   15.038  3.627E-01  2.795E-01  8.684E-03  4.470E-02  1.488E+01  3.666E-05
6      -- 5        116.2    691.4731    433.5562   15.636  7.225E-02  8.510E-02  1.229E-03  8.684E-03  4.530E+00  1.929E-05
7      -- 6        154.9    806.6518    371.6504   17.559  1.018E-02  2.335E-02  1.564E-04  1.229E-03  1.243E+00  8.400E-06
8      -- 7        199.1    921.7997    325.2252   21.865  1.247E-03  6.073E-03  2.343E-05  1.564E-04  3.232E-01  3.260E-06
9      -- 8        248.9   1036.9124    289.1203   27.590  1.780E-04  1.499E-03  4.313E-06  2.343E-05  7.977E-02  1.145E-06
10     -- 9        304.2   1151.9855    260.2398   31.999  3.192E-05  3.486E-04  8.470E-07  4.313E-06  1.855E-02  3.653E-07
11     -- 10       365.0   1267.0145    236.6133   35.174  6.215E-06  7.690E-05  1.647E-07  8.470E-07  4.093E-03  1.072E-07
12     -- 11       431.3   1381.9951    216.9273   38.053  1.201E-06  1.624E-05  3.132E-08  1.647E-07  8.644E-04  2.938E-08
13     -- 12       503.1   1496.9229    200.2725   42.300  2.243E-07  3.520E-06  6.190E-09  3.132E-08  1.874E-04  8.094E-09
14     -- 13       580.5   1611.7935    185.9993   43.129  4.486E-08  6.797E-07  1.106E-09  6.190E-09  3.618E-05  1.951E-09
15     -- 14       663.4   1726.6025    173.6314   42.351  8.186E-09  1.100E-07  1.671E-10  1.106E-09  5.853E-06  3.880E-10
16     -- 15       751.7   1841.3455    162.8116   46.872  1.211E-09  1.897E-08  2.700E-11  1.671E-10  1.010E-06  8.120E-11
