* Radex version        : 30nov2011
* Geometry             : Uniform sphere
* Molecular data file  : ./data/co.dat                                                                   
* T(kin)            [K]:   80.000
* Density of H2  [cm-3]:  1.995E+02
* Density of pH2 [cm-3]:  4.988E+01
* Density of oH2 [cm-3]:  1.496E+02
* T(background)     [K]:    2.725
* Column density [cm-2]:  1.970E+18
* Line width     [km/s]:   50.000
Calculation finished in   32 iterations
      LINE         E_UP       FREQ        WAVEL     T_EX      TAU        T_R       POP        POP       FLUX        FLUX
                   (K)        (GHz)       (um)      (K)                  (K)        UP        LOW      (K*km/s) (erg/cm2/s)
1      -- 0          5.5    115.2712   2600.7576   13.857  4.049E+00  1.026E+01  4.422E-01  2.197E-01  5.459E+02  1.077E-05
2      -- 1         16.6    230.5380   1300.4037   11.202  1.035E+01  6.372E+00  2.745E-01  4.422E-01  3.391E+02  5.351E-05
3      -- 2         33.2    345.7960    866.9634    8.827  7.805E+00  2.949E+00  5.862E-02  2.745E-01  1.569E+02  8.357E-05
4      -- 3         55.3    461.0408    650.2515    7.757  1.762E+00  1.117E+00  4.349E-03  5.862E-02  5.944E+01  7.501E-05
5      -- 4         83.0    576.2679    520.2310   11.949  1.213E-01  3.463E-01  5.252E-04  4.349E-03  1.843E+01  4.542E-05
6      -- 5        116.2    691.4731    433.5562   19.215  1.309E-02  9.334E-02  1.104E-04  5.252E-04  4.968E+00  2.115E-05
7      -- 6        154.9    806.6518    371.6504   23.679  2.653E-03  2.484E-02  2.483E-05  1.104E-04  1.322E+00  8.936E-06
8      -- 7        199.1    921.7997    325.2252   27.069  5.892E-04  6.315E-03  5.489E-06  2.483E-05  3.361E-01  3.391E-06
9      -- 8        248.9   1036.9124    289.1203   30.147  1.294E-04  1.529E-03  1.177E-06  5.489E-06  8.137E-02  1.168E-06
10     -- 9        304.2   1151.9855    260.2398   32.629  2.774E-05  3.452E-04  2.391E-07  1.177E-06  1.837E-02  3.617E-07
11     -- 10       365.0   1267.0145    236.6133   35.364  5.615E-06  7.453E-05  4.691E-08  2.391E-07  3.967E-03  1.039E-07
12     -- 11       431.3   1381.9951    216.9273   37.935  1.099E-06  1.536E-05  8.875E-09  4.691E-08  8.174E-04  2.778E-08
13     -- 12       503.1   1496.9229    200.2725   42.895  2.028E-07  3.358E-06  1.796E-09  8.875E-09  1.787E-04  7.721E-09
14     -- 13       580.5   1611.7935    185.9993   43.157  4.173E-08  6.451E-07  3.213E-10  1.796E-09  3.434E-05  1.852E-09
15     -- 14       663.4   1726.6025    173.6314   41.797  7.658E-09  1.014E-07  4.730E-11  3.213E-10  5.394E-06  3.576E-10
16     -- 15       751.7   1841.3455    162.8116   47.045  1.098E-09  1.751E-08  7.694E-12  4.730E-11  9.317E-07  7.491E-11
