* Radex version        : 30nov2011
* Geometry             : Uniform sphere
* Molecular data file  : ./data/co.dat                                                                   
* T(kin)            [K]:   80.000
* Density of H2  [cm-3]:  3.981E+05
* Density of pH2 [cm-3]:  9.953E+04
* Density of oH2 [cm-3]:  2.986E+05
* T(background)     [K]:    2.725
* Column density [cm-2]:  3.931E+21
* Line width     [km/s]:   50.000
Calculation finished in   35 iterations
      LINE         E_UP       FREQ        WAVEL     T_EX      TAU        T_R       POP        POP       FLUX        FLUX
                   (K)        (GHz)       (um)      (K)                  (K)        UP        LOW      (K*km/s) (erg/cm2/s)
1      -- 0          5.5    115.2712   2600.7576   79.998  2.551E+02  7.643E+01  9.569E-02  3.418E-02  4.068E+03  8.024E-05
2      -- 1         16.6    230.5380   1300.4037   79.998  9.200E+02  7.440E+01  1.389E-01  9.569E-02  3.960E+03  6.248E-04
3      -- 2         33.2    345.7960    866.9634   79.998  1.742E+03  7.195E+01  1.580E-01  1.389E-01  3.829E+03  2.039E-03
4      -- 3         55.3    461.0408    650.2515   79.997  2.430E+03  6.944E+01  1.541E-01  1.580E-01  3.696E+03  4.664E-03
5      -- 4         83.0    576.2679    520.2310   79.997  2.781E+03  6.696E+01  1.333E-01  1.541E-01  3.564E+03  8.784E-03
6      -- 5        116.2    691.4731    433.5562   79.995  2.737E+03  6.455E+01  1.040E-01  1.333E-01  3.435E+03  1.463E-02
7      -- 6        154.9    806.6518    371.6504   79.993  2.377E+03  6.219E+01  7.397E-02  1.040E-01  3.310E+03  2.237E-02
8      -- 7        199.1    921.7997    325.2252   79.988  1.849E+03  5.990E+01  4.822E-02  7.397E-02  3.188E+03  3.216E-02
9      -- 8        248.9   1036.9124    289.1203   79.978  1.300E+03  5.766E+01  2.893E-02  4.822E-02  3.069E+03  4.406E-02
10     -- 9        304.2   1151.9855    260.2398   79.957  8.316E+02  5.547E+01  1.601E-02  2.893E-02  2.953E+03  5.813E-02
11     -- 10       365.0   1267.0145    236.6133   79.911  4.871E+02  5.333E+01  8.194E-03  1.601E-02  2.838E+03  7.435E-02
12     -- 11       431.3   1381.9951    216.9273   79.805  2.617E+02  5.118E+01  3.879E-03  8.194E-03  2.724E+03  9.260E-02
13     -- 12       503.1   1496.9229    200.2725   79.538  1.294E+02  4.895E+01  1.698E-03  3.879E-03  2.606E+03  1.126E-01
14     -- 13       580.5   1611.7935    185.9993   78.728  5.910E+01  4.629E+01  6.827E-04  1.698E-03  2.464E+03  1.328E-01
15     -- 14       663.4   1726.6025    173.6314   75.622  2.507E+01  4.161E+01  2.440E-04  6.827E-04  2.215E+03  1.468E-01
16     -- 15       751.7   1841.3455    162.8116   66.335  9.820E+00  3.168E+01  6.853E-05  2.440E-04  1.686E+03  1.356E-01
