* Radex version        : 30nov2011
* Geometry             : Uniform sphere
* Molecular data file  : ./data/co.dat                                                                   
* T(kin)            [K]:   80.000
* Density of H2  [cm-3]:  5.012E+05
* Density of pH2 [cm-3]:  1.253E+05
* Density of oH2 [cm-3]:  3.759E+05
* T(background)     [K]:   13.800
* Column density [cm-2]:  7.733E+20
* Line width     [km/s]:   50.000
Calculation finished in   33 iterations
      LINE         E_UP       FREQ        WAVEL     T_EX      TAU        T_R       POP        POP       FLUX        FLUX
                   (K)        (GHz)       (um)      (K)                  (K)        UP        LOW      (K*km/s) (erg/cm2/s)
1      -- 0          5.5    115.2712   2600.7576   79.994  5.021E+01  6.604E+01  9.573E-02  3.420E-02  3.515E+03  6.934E-05
2      -- 1         16.6    230.5380   1300.4037   79.994  1.811E+02  6.559E+01  1.389E-01  9.573E-02  3.491E+03  5.509E-04
3      -- 2         33.2    345.7960    866.9634   79.993  3.428E+02  6.485E+01  1.581E-01  1.389E-01  3.452E+03  1.838E-03
4      -- 3         55.3    461.0408    650.2515   79.991  4.782E+02  6.386E+01  1.541E-01  1.581E-01  3.399E+03  4.290E-03
5      -- 4         83.0    576.2679    520.2310   79.987  5.473E+02  6.265E+01  1.333E-01  1.541E-01  3.334E+03  8.218E-03
6      -- 5        116.2    691.4731    433.5562   79.982  5.387E+02  6.124E+01  1.040E-01  1.333E-01  3.259E+03  1.388E-02
7      -- 6        154.9    806.6518    371.6504   79.972  4.678E+02  5.968E+01  7.398E-02  1.040E-01  3.176E+03  2.147E-02
8      -- 7        199.1    921.7997    325.2252   79.952  3.638E+02  5.799E+01  4.821E-02  7.398E-02  3.087E+03  3.114E-02
9      -- 8        248.9   1036.9124    289.1203   79.914  2.558E+02  5.621E+01  2.891E-02  4.821E-02  2.992E+03  4.295E-02
10     -- 9        304.2   1151.9855    260.2398   79.830  1.637E+02  5.433E+01  1.599E-02  2.891E-02  2.892E+03  5.693E-02
11     -- 10       365.0   1267.0145    236.6133   79.644  9.586E+01  5.232E+01  8.159E-03  1.599E-02  2.785E+03  7.295E-02
12     -- 11       431.3   1381.9951    216.9273   79.197  5.151E+01  5.006E+01  3.838E-03  8.159E-03  2.665E+03  9.058E-02
13     -- 12       503.1   1496.9229    200.2725   77.943  2.550E+01  4.707E+01  1.649E-03  3.838E-03  2.505E+03  1.082E-01
14     -- 13       580.5   1611.7935    185.9993   73.610  1.174E+01  4.130E+01  6.194E-04  1.649E-03  2.198E+03  1.185E-01
15     -- 14       663.4   1726.6025    173.6314   63.218  4.908E+00  3.016E+01  1.785E-04  6.194E-04  1.605E+03  1.064E-01
16     -- 15       751.7   1841.3455    162.8116   52.689  1.561E+00  1.593E+01  3.551E-05  1.785E-04  8.480E+02  6.818E-02
