* Radex version        : 30nov2011
* Geometry             : Uniform sphere
* Molecular data file  : ./data/co.dat                                                                   
* T(kin)            [K]:   80.000
* Density of H2  [cm-3]:  6.310E+05
* Density of pH2 [cm-3]:  1.577E+05
* Density of oH2 [cm-3]:  4.732E+05
* T(background)     [K]:    2.725
* Column density [cm-2]:  6.231E+21
* Line width     [km/s]:   50.000
Calculation finished in   33 iterations
      LINE         E_UP       FREQ        WAVEL     T_EX      TAU        T_R       POP        POP       FLUX        FLUX
                   (K)        (GHz)       (um)      (K)                  (K)        UP        LOW      (K*km/s) (erg/cm2/s)
1      -- 0          5.5    115.2712   2600.7576   79.999  4.043E+02  7.643E+01  9.568E-02  3.418E-02  4.068E+03  8.024E-05
2      -- 1         16.6    230.5380   1300.4037   79.999  1.458E+03  7.440E+01  1.389E-01  9.568E-02  3.960E+03  6.248E-04
3      -- 2         33.2    345.7960    866.9634   79.999  2.760E+03  7.195E+01  1.580E-01  1.389E-01  3.830E+03  2.039E-03
4      -- 3         55.3    461.0408    650.2515   79.999  3.851E+03  6.944E+01  1.540E-01  1.580E-01  3.696E+03  4.664E-03
5      -- 4         83.0    576.2679    520.2310   79.999  4.407E+03  6.696E+01  1.332E-01  1.540E-01  3.564E+03  8.784E-03
6      -- 5        116.2    691.4731    433.5562   79.998  4.338E+03  6.455E+01  1.040E-01  1.332E-01  3.436E+03  1.463E-02
7      -- 6        154.9    806.6518    371.6504   79.997  3.767E+03  6.220E+01  7.397E-02  1.040E-01  3.310E+03  2.238E-02
8      -- 7        199.1    921.7997    325.2252   79.995  2.929E+03  5.990E+01  4.822E-02  7.397E-02  3.188E+03  3.216E-02
9      -- 8        248.9   1036.9124    289.1203   79.991  2.060E+03  5.767E+01  2.893E-02  4.822E-02  3.070E+03  4.407E-02
10     -- 9        304.2   1151.9855    260.2398   79.983  1.318E+03  5.550E+01  1.602E-02  2.893E-02  2.954E+03  5.816E-02
11     -- 10       365.0   1267.0145    236.6133   79.964  7.719E+02  5.338E+01  8.201E-03  1.602E-02  2.841E+03  7.442E-02
12     -- 11       431.3   1381.9951    216.9273   79.922  4.147E+02  5.129E+01  3.887E-03  8.201E-03  2.730E+03  9.280E-02
13     -- 12       503.1   1496.9229    200.2725   79.820  2.051E+02  4.922E+01  1.707E-03  3.887E-03  2.620E+03  1.132E-01
14     -- 13       580.5   1611.7935    185.9993   79.523  9.361E+01  4.702E+01  6.931E-04  1.707E-03  2.503E+03  1.350E-01
15     -- 14       663.4   1726.6025    173.6314   78.504  3.950E+01  4.423E+01  2.578E-04  6.931E-04  2.354E+03  1.561E-01
16     -- 15       751.7   1841.3455    162.8116   74.452  1.553E+01  3.881E+01  8.375E-05  2.578E-04  2.066E+03  1.661E-01
