* Radex version        : 30nov2011
* Geometry             : Uniform sphere
* Molecular data file  : ./data/co.dat                                                                   
* T(kin)            [K]:   85.000
* Density of H2  [cm-3]:  1.259E+04
* Density of pH2 [cm-3]:  3.147E+03
* Density of oH2 [cm-3]:  9.442E+03
* T(background)     [K]:   13.800
* Column density [cm-2]:  1.943E+19
* Line width     [km/s]:   50.000
Calculation finished in   36 iterations
      LINE         E_UP       FREQ        WAVEL     T_EX      TAU        T_R       POP        POP       FLUX        FLUX
                   (K)        (GHz)       (um)      (K)                  (K)        UP        LOW      (K*km/s) (erg/cm2/s)
1      -- 0          5.5    115.2712   2600.7576   91.807  1.296E+00  5.654E+01  1.134E-01  4.014E-02  3.010E+03  5.936E-05
2      -- 1         16.6    230.5380   1300.4037   76.560  5.611E+00  6.193E+01  1.635E-01  1.134E-01  3.296E+03  5.201E-04
3      -- 2         33.2    345.7960    866.9634   75.367  1.069E+01  6.025E+01  1.837E-01  1.635E-01  3.207E+03  1.708E-03
4      -- 3         55.3    461.0408    650.2515   72.929  1.512E+01  5.685E+01  1.744E-01  1.837E-01  3.026E+03  3.819E-03
5      -- 4         83.0    576.2679    520.2310   68.913  1.759E+01  5.170E+01  1.427E-01  1.744E-01  2.752E+03  6.782E-03
6      -- 5        116.2    691.4731    433.5562   62.536  1.756E+01  4.411E+01  9.918E-02  1.427E-01  2.348E+03  9.997E-03
7      -- 6        154.9    806.6518    371.6504   53.349  1.506E+01  3.382E+01  5.539E-02  9.918E-02  1.800E+03  1.217E-02
8      -- 7        199.1    921.7997    325.2252   41.955  1.049E+01  2.178E+01  2.187E-02  5.539E-02  1.159E+03  1.170E-02
9      -- 8        248.9   1036.9124    289.1203   31.132  5.016E+00  1.115E+01  4.942E-03  2.187E-02  5.934E+02  8.520E-03
10     -- 9        304.2   1151.9855    260.2398   26.175  1.236E+00  4.672E+00  6.608E-04  4.942E-03  2.486E+02  4.895E-03
11     -- 10       365.0   1267.0145    236.6133   31.497  1.594E-01  1.410E+00  1.050E-04  6.608E-04  7.502E+01  1.965E-03
12     -- 11       431.3   1381.9951    216.9273   39.964  2.377E-02  3.531E-01  2.171E-05  1.050E-04  1.879E+01  6.388E-04
13     -- 12       503.1   1496.9229    200.2725   44.839  4.804E-03  8.497E-02  4.723E-06  2.171E-05  4.522E+00  1.954E-04
14     -- 13       580.5   1611.7935    185.9993   46.346  1.054E-03  1.861E-02  9.559E-07  4.723E-06  9.907E-01  5.342E-05
15     -- 14       663.4   1726.6025    173.6314   47.094  2.157E-04  3.671E-03  1.759E-07  9.559E-07  1.954E-01  1.295E-05
16     -- 15       751.7   1841.3455    162.8116   49.982  3.941E-05  7.109E-04  3.195E-08  1.759E-07  3.784E-02  3.042E-06
