* Radex version        : 30nov2011
* Geometry             : Uniform sphere
* Molecular data file  : ./data/co.dat                                                                   
* T(kin)            [K]:   85.000
* Density of H2  [cm-3]:  1.259E+06
* Density of pH2 [cm-3]:  3.147E+05
* Density of oH2 [cm-3]:  9.442E+05
* T(background)     [K]:   13.800
* Column density [cm-2]:  1.943E+21
* Line width     [km/s]:   50.000
Calculation finished in   31 iterations
      LINE         E_UP       FREQ        WAVEL     T_EX      TAU        T_R       POP        POP       FLUX        FLUX
                   (K)        (GHz)       (um)      (K)                  (K)        UP        LOW      (K*km/s) (erg/cm2/s)
1      -- 0          5.5    115.2712   2600.7576   84.999  1.120E+02  7.104E+01  9.048E-02  3.219E-02  3.781E+03  7.459E-05
2      -- 1         16.6    230.5380   1300.4037   84.999  4.061E+02  7.059E+01  1.324E-01  9.048E-02  3.757E+03  5.928E-04
3      -- 2         33.2    345.7960    866.9634   84.999  7.768E+02  6.984E+01  1.525E-01  1.324E-01  3.717E+03  1.980E-03
4      -- 3         55.3    461.0408    650.2515   84.998  1.099E+03  6.884E+01  1.511E-01  1.525E-01  3.664E+03  4.624E-03
5      -- 4         83.0    576.2679    520.2310   84.998  1.281E+03  6.761E+01  1.334E-01  1.511E-01  3.599E+03  8.869E-03
6      -- 5        116.2    691.4731    433.5562   84.997  1.289E+03  6.619E+01  1.067E-01  1.334E-01  3.523E+03  1.500E-02
7      -- 6        154.9    806.6518    371.6504   84.995  1.149E+03  6.461E+01  7.807E-02  1.067E-01  3.439E+03  2.325E-02
8      -- 7        199.1    921.7997    325.2252   84.992  9.208E+02  6.291E+01  5.257E-02  7.807E-02  3.349E+03  3.378E-02
9      -- 8        248.9   1036.9124    289.1203   84.986  6.699E+02  6.113E+01  3.272E-02  5.257E-02  3.254E+03  4.671E-02
10     -- 9        304.2   1151.9855    260.2398   84.973  4.453E+02  5.928E+01  1.887E-02  3.272E-02  3.155E+03  6.212E-02
11     -- 10       365.0   1267.0145    236.6133   84.946  2.721E+02  5.739E+01  1.010E-02  1.887E-02  3.054E+03  8.001E-02
12     -- 11       431.3   1381.9951    216.9273   84.887  1.531E+02  5.545E+01  5.025E-03  1.010E-02  2.951E+03  1.003E-01
13     -- 12       503.1   1496.9229    200.2725   84.748  7.961E+01  5.345E+01  2.325E-03  5.025E-03  2.845E+03  1.229E-01
14     -- 13       580.5   1611.7935    185.9993   84.364  3.837E+01  5.123E+01  9.983E-04  2.325E-03  2.727E+03  1.470E-01
15     -- 14       663.4   1726.6025    173.6314   83.045  1.718E+01  4.819E+01  3.934E-04  9.983E-04  2.565E+03  1.700E-01
16     -- 15       751.7   1841.3455    162.8116   78.356  7.189E+00  4.213E+01  1.356E-04  3.934E-04  2.242E+03  1.803E-01
