* Radex version        : 30nov2011
* Geometry             : Uniform sphere
* Molecular data file  : ./data/co.dat                                                                   
* T(kin)            [K]:   80.000
* Density of H2  [cm-3]:  1.259E+04
* Density of pH2 [cm-3]:  3.147E+03
* Density of oH2 [cm-3]:  9.442E+03
* T(background)     [K]:   13.800
* Column density [cm-2]:  1.943E+19
* Line width     [km/s]:   50.000
Calculation finished in   36 iterations
      LINE         E_UP       FREQ        WAVEL     T_EX      TAU        T_R       POP        POP       FLUX        FLUX
                   (K)        (GHz)       (um)      (K)                  (K)        UP        LOW      (K*km/s) (erg/cm2/s)
1      -- 0          5.5    115.2712   2600.7576   84.436  1.466E+00  5.421E+01  1.177E-01  4.188E-02  2.886E+03  5.692E-05
2      -- 1         16.6    230.5380   1300.4037   72.782  6.104E+00  5.826E+01  1.685E-01  1.177E-01  3.101E+03  4.893E-04
3      -- 2         33.2    345.7960    866.9634   71.768  1.151E+01  5.666E+01  1.872E-01  1.685E-01  3.016E+03  1.606E-03
4      -- 3         55.3    461.0408    650.2515   69.507  1.605E+01  5.346E+01  1.750E-01  1.872E-01  2.845E+03  3.591E-03
5      -- 4         83.0    576.2679    520.2310   65.708  1.835E+01  4.854E+01  1.404E-01  1.750E-01  2.583E+03  6.367E-03
6      -- 5        116.2    691.4731    433.5562   59.547  1.793E+01  4.119E+01  9.506E-02  1.404E-01  2.193E+03  9.336E-03
7      -- 6        154.9    806.6518    371.6504   50.554  1.497E+01  3.115E+01  5.100E-02  9.506E-02  1.658E+03  1.121E-02
8      -- 7        199.1    921.7997    325.2252   39.445  9.994E+00  1.951E+01  1.883E-02  5.100E-02  1.038E+03  1.047E-02
9      -- 8        248.9   1036.9124    289.1203   29.258  4.426E+00  9.606E+00  3.841E-03  1.883E-02  5.113E+02  7.341E-03
10     -- 9        304.2   1151.9855    260.2398   25.519  9.679E-01  3.801E+00  4.865E-04  3.841E-03  2.023E+02  3.983E-03
11     -- 10       365.0   1267.0145    236.6133   31.472  1.174E-01  1.057E+00  7.718E-05  4.865E-04  5.628E+01  1.474E-03
12     -- 11       431.3   1381.9951    216.9273   39.010  1.764E-02  2.495E-01  1.532E-05  7.718E-05  1.328E+01  4.514E-04
13     -- 12       503.1   1496.9229    200.2725   43.364  3.436E-03  5.674E-02  3.157E-06  1.532E-05  3.020E+00  1.305E-04
14     -- 13       580.5   1611.7935    185.9993   44.631  7.144E-04  1.165E-02  5.992E-07  3.157E-06  6.203E-01  3.345E-05
15     -- 14       663.4   1726.6025    173.6314   45.298  1.371E-04  2.144E-03  1.028E-07  5.992E-07  1.141E-01  7.564E-06
16     -- 15       751.7   1841.3455    162.8116   47.987  2.338E-05  3.859E-04  1.736E-08  1.028E-07  2.054E-02  1.651E-06
