* Radex version        : 30nov2011
* Geometry             : Uniform sphere
* Molecular data file  : ./data/co.dat                                                                   
* T(kin)            [K]:   85.000
* Density of H2  [cm-3]:  1.585E+06
* Density of pH2 [cm-3]:  3.962E+05
* Density of oH2 [cm-3]:  1.189E+06
* T(background)     [K]:   13.800
* Column density [cm-2]:  2.445E+21
* Line width     [km/s]:   50.000
Calculation finished in   29 iterations
      LINE         E_UP       FREQ        WAVEL     T_EX      TAU        T_R       POP        POP       FLUX        FLUX
                   (K)        (GHz)       (um)      (K)                  (K)        UP        LOW      (K*km/s) (erg/cm2/s)
1      -- 0          5.5    115.2712   2600.7576   84.999  1.409E+02  7.104E+01  9.048E-02  3.219E-02  3.781E+03  7.459E-05
2      -- 1         16.6    230.5380   1300.4037   84.999  5.113E+02  7.059E+01  1.324E-01  9.048E-02  3.757E+03  5.928E-04
3      -- 2         33.2    345.7960    866.9634   84.999  9.779E+02  6.984E+01  1.525E-01  1.324E-01  3.717E+03  1.980E-03
4      -- 3         55.3    461.0408    650.2515   84.999  1.383E+03  6.884E+01  1.511E-01  1.525E-01  3.664E+03  4.624E-03
5      -- 4         83.0    576.2679    520.2310   84.999  1.612E+03  6.761E+01  1.334E-01  1.511E-01  3.599E+03  8.869E-03
6      -- 5        116.2    691.4731    433.5562   84.998  1.622E+03  6.619E+01  1.067E-01  1.334E-01  3.523E+03  1.500E-02
7      -- 6        154.9    806.6518    371.6504   84.997  1.446E+03  6.461E+01  7.807E-02  1.067E-01  3.439E+03  2.325E-02
8      -- 7        199.1    921.7997    325.2252   84.995  1.159E+03  6.292E+01  5.257E-02  7.807E-02  3.349E+03  3.378E-02
9      -- 8        248.9   1036.9124    289.1203   84.991  8.433E+02  6.113E+01  3.272E-02  5.257E-02  3.254E+03  4.672E-02
10     -- 9        304.2   1151.9855    260.2398   84.983  5.606E+02  5.929E+01  1.887E-02  3.272E-02  3.156E+03  6.213E-02
11     -- 10       365.0   1267.0145    236.6133   84.966  3.425E+02  5.741E+01  1.010E-02  1.887E-02  3.055E+03  8.004E-02
12     -- 11       431.3   1381.9951    216.9273   84.929  1.927E+02  5.549E+01  5.029E-03  1.010E-02  2.954E+03  1.004E-01
13     -- 12       503.1   1496.9229    200.2725   84.842  1.002E+02  5.354E+01  2.329E-03  5.029E-03  2.849E+03  1.231E-01
14     -- 13       580.5   1611.7935    185.9993   84.604  4.829E+01  5.146E+01  1.003E-03  2.329E-03  2.739E+03  1.477E-01
15     -- 14       663.4   1726.6025    173.6314   83.850  2.159E+01  4.893E+01  3.989E-04  1.003E-03  2.604E+03  1.726E-01
16     -- 15       751.7   1841.3455    162.8116   80.941  9.015E+00  4.449E+01  1.425E-04  3.989E-04  2.368E+03  1.904E-01
