* Radex version        : 30nov2011
* Geometry             : Uniform sphere
* Molecular data file  : ./data/co.dat                                                                   
* T(kin)            [K]:   80.000
* Density of H2  [cm-3]:  7.943E+02
* Density of pH2 [cm-3]:  1.986E+02
* Density of oH2 [cm-3]:  5.957E+02
* T(background)     [K]:   13.800
* Column density [cm-2]:  1.226E+18
* Line width     [km/s]:   50.000
Calculation finished in   27 iterations
      LINE         E_UP       FREQ        WAVEL     T_EX      TAU        T_R       POP        POP       FLUX        FLUX
                   (K)        (GHz)       (um)      (K)                  (K)        UP        LOW      (K*km/s) (erg/cm2/s)
1      -- 0          5.5    115.2712   2600.7576   37.840  5.557E-01  1.020E+01  3.041E-01  1.173E-01  5.429E+02  1.071E-05
2      -- 1         16.6    230.5380   1300.4037   22.596  2.732E+00  7.960E+00  3.106E-01  3.041E-01  4.236E+02  6.685E-05
3      -- 2         33.2    345.7960    866.9634   19.459  3.719E+00  5.074E+00  1.853E-01  3.106E-01  2.700E+02  1.438E-04
4      -- 3         55.3    461.0408    650.2515   17.168  2.663E+00  2.646E+00  6.566E-02  1.853E-01  1.408E+02  1.777E-04
5      -- 4         83.0    576.2679    520.2310   16.120  1.037E+00  1.134E+00  1.443E-02  6.566E-02  6.034E+01  1.487E-04
6      -- 5        116.2    691.4731    433.5562   16.486  2.358E-01  3.830E-01  2.279E-03  1.443E-02  2.039E+01  8.680E-05
7      -- 6        154.9    806.6518    371.6504   18.555  3.707E-02  1.089E-01  3.264E-04  2.279E-03  5.799E+00  3.920E-05
8      -- 7        199.1    921.7997    325.2252   22.901  5.118E-03  2.873E-02  5.360E-05  3.264E-04  1.529E+00  1.542E-05
9      -- 8        248.9   1036.9124    289.1203   28.199  8.058E-04  7.162E-03  1.026E-05  5.360E-05  3.812E-01  5.473E-06
10     -- 9        304.2   1151.9855    260.2398   32.292  1.509E-04  1.683E-03  2.046E-06  1.026E-05  8.957E-02  1.764E-06
11     -- 10       365.0   1267.0145    236.6133   35.380  2.989E-05  3.746E-04  4.018E-07  2.046E-06  1.994E-02  5.223E-07
12     -- 11       431.3   1381.9951    216.9273   38.253  5.836E-06  7.983E-05  7.713E-08  4.018E-07  4.249E-03  1.444E-07
13     -- 12       503.1   1496.9229    200.2725   42.302  1.102E-06  1.730E-05  1.524E-08  7.713E-08  9.206E-04  3.977E-08
14     -- 13       580.5   1611.7935    185.9993   43.200  2.203E-07  3.350E-06  2.732E-09  1.524E-08  1.783E-04  9.615E-09
15     -- 14       663.4   1726.6025    173.6314   42.593  4.026E-08  5.481E-07  4.174E-10  2.732E-09  2.917E-05  1.934E-09
16     -- 15       751.7   1841.3455    162.8116   46.902  6.034E-09  9.467E-08  6.751E-11  4.174E-10  5.039E-06  4.051E-10
