* Radex version        : 30nov2011
* Geometry             : Uniform sphere
* Molecular data file  : ./data/co.dat                                                                   
* T(kin)            [K]:   85.000
* Density of H2  [cm-3]:  2.512E+06
* Density of pH2 [cm-3]:  6.280E+05
* Density of oH2 [cm-3]:  1.884E+06
* T(background)     [K]:   13.800
* Column density [cm-2]:  3.876E+21
* Line width     [km/s]:   50.000
Calculation finished in   28 iterations
      LINE         E_UP       FREQ        WAVEL     T_EX      TAU        T_R       POP        POP       FLUX        FLUX
                   (K)        (GHz)       (um)      (K)                  (K)        UP        LOW      (K*km/s) (erg/cm2/s)
1      -- 0          5.5    115.2712   2600.7576   85.000  2.234E+02  7.105E+01  9.047E-02  3.219E-02  3.781E+03  7.459E-05
2      -- 1         16.6    230.5380   1300.4037   85.000  8.103E+02  7.059E+01  1.324E-01  9.047E-02  3.757E+03  5.928E-04
3      -- 2         33.2    345.7960    866.9634   85.000  1.550E+03  6.984E+01  1.525E-01  1.324E-01  3.717E+03  1.980E-03
4      -- 3         55.3    461.0408    650.2515   85.000  2.193E+03  6.884E+01  1.511E-01  1.525E-01  3.664E+03  4.624E-03
5      -- 4         83.0    576.2679    520.2310   84.999  2.555E+03  6.761E+01  1.334E-01  1.511E-01  3.599E+03  8.869E-03
6      -- 5        116.2    691.4731    433.5562   84.999  2.571E+03  6.619E+01  1.067E-01  1.334E-01  3.523E+03  1.500E-02
7      -- 6        154.9    806.6518    371.6504   84.999  2.292E+03  6.461E+01  7.806E-02  1.067E-01  3.439E+03  2.325E-02
8      -- 7        199.1    921.7997    325.2252   84.998  1.837E+03  6.292E+01  5.257E-02  7.806E-02  3.349E+03  3.378E-02
9      -- 8        248.9   1036.9124    289.1203   84.996  1.337E+03  6.114E+01  3.272E-02  5.257E-02  3.254E+03  4.672E-02
10     -- 9        304.2   1151.9855    260.2398   84.993  8.884E+02  5.930E+01  1.887E-02  3.272E-02  3.156E+03  6.214E-02
11     -- 10       365.0   1267.0145    236.6133   84.986  5.428E+02  5.743E+01  1.010E-02  1.887E-02  3.057E+03  8.006E-02
12     -- 11       431.3   1381.9951    216.9273   84.972  3.054E+02  5.553E+01  5.032E-03  1.010E-02  2.956E+03  1.005E-01
13     -- 12       503.1   1496.9229    200.2725   84.938  1.588E+02  5.363E+01  2.333E-03  5.032E-03  2.854E+03  1.233E-01
14     -- 13       580.5   1611.7935    185.9993   84.845  7.653E+01  5.168E+01  1.007E-03  2.333E-03  2.751E+03  1.483E-01
15     -- 14       663.4   1726.6025    173.6314   84.577  3.419E+01  4.960E+01  4.040E-04  1.007E-03  2.640E+03  1.750E-01
16     -- 15       751.7   1841.3455    162.8116   83.602  1.421E+01  4.691E+01  1.494E-04  4.040E-04  2.497E+03  2.008E-01
