* Radex version        : 30nov2011
* Geometry             : Uniform sphere
* Molecular data file  : ./data/co.dat                                                                   
* T(kin)            [K]:   80.000
* Density of H2  [cm-3]:  5.012E+04
* Density of pH2 [cm-3]:  1.253E+04
* Density of oH2 [cm-3]:  3.759E+04
* T(background)     [K]:    2.725
* Column density [cm-2]:  4.949E+20
* Line width     [km/s]:   50.000
Calculation finished in   40 iterations
      LINE         E_UP       FREQ        WAVEL     T_EX      TAU        T_R       POP        POP       FLUX        FLUX
                   (K)        (GHz)       (um)      (K)                  (K)        UP        LOW      (K*km/s) (erg/cm2/s)
1      -- 0          5.5    115.2712   2600.7576   79.879  3.240E+01  7.631E+01  9.637E-02  3.443E-02  4.062E+03  8.011E-05
2      -- 1         16.6    230.5380   1300.4037   79.880  1.168E+02  7.428E+01  1.398E-01  9.637E-02  3.954E+03  6.239E-04
3      -- 2         33.2    345.7960    866.9634   79.868  2.211E+02  7.182E+01  1.590E-01  1.398E-01  3.823E+03  2.036E-03
4      -- 3         55.3    461.0408    650.2515   79.840  3.085E+02  6.928E+01  1.550E-01  1.590E-01  3.687E+03  4.654E-03
5      -- 4         83.0    576.2679    520.2310   79.789  3.530E+02  6.676E+01  1.339E-01  1.550E-01  3.553E+03  8.757E-03
6      -- 5        116.2    691.4731    433.5562   79.697  3.474E+02  6.425E+01  1.044E-01  1.339E-01  3.420E+03  1.456E-02
7      -- 6        154.9    806.6518    371.6504   79.536  3.017E+02  6.174E+01  7.403E-02  1.044E-01  3.286E+03  2.221E-02
8      -- 7        199.1    921.7997    325.2252   79.220  2.346E+02  5.915E+01  4.800E-02  7.403E-02  3.148E+03  3.176E-02
9      -- 8        248.9   1036.9124    289.1203   78.596  1.649E+02  5.632E+01  2.848E-02  4.800E-02  2.998E+03  4.304E-02
10     -- 9        304.2   1151.9855    260.2398   77.086  1.057E+02  5.272E+01  1.537E-02  2.848E-02  2.806E+03  5.524E-02
11     -- 10       365.0   1267.0145    236.6133   73.420  6.220E+01  4.717E+01  7.351E-03  1.537E-02  2.510E+03  6.576E-02
12     -- 11       431.3   1381.9951    216.9273   65.032  3.348E+01  3.741E+01  2.882E-03  7.351E-03  1.991E+03  6.769E-02
13     -- 12       503.1   1496.9229    200.2725   51.207  1.535E+01  2.342E+01  7.652E-04  2.882E-03  1.247E+03  5.385E-02
14     -- 13       580.5   1611.7935    185.9993   36.308  4.723E+00  1.033E+01  9.762E-05  7.652E-04  5.500E+02  2.966E-02
15     -- 14       663.4   1726.6025    173.6314   32.617  6.245E-01  3.293E+00  8.225E-06  9.762E-05  1.753E+02  1.162E-02
16     -- 15       751.7   1841.3455    162.8116   45.280  4.858E-02  6.938E-01  1.244E-06  8.225E-06  3.693E+01  2.969E-03
