* Radex version        : 30nov2011
* Geometry             : Uniform sphere
* Molecular data file  : ./data/co.dat                                                                   
* T(kin)            [K]:   80.000
* Density of H2  [cm-3]:  6.310E+03
* Density of pH2 [cm-3]:  1.577E+03
* Density of oH2 [cm-3]:  4.732E+03
* T(background)     [K]:   13.800
* Column density [cm-2]:  9.736E+18
* Line width     [km/s]:   50.000
Calculation finished in   34 iterations
      LINE         E_UP       FREQ        WAVEL     T_EX      TAU        T_R       POP        POP       FLUX        FLUX
                   (K)        (GHz)       (um)      (K)                  (K)        UP        LOW      (K*km/s) (erg/cm2/s)
1      -- 0          5.5    115.2712   2600.7576   94.946  7.963E-01  4.446E+01  1.439E-01  5.085E-02  2.367E+03  4.668E-05
2      -- 1         16.6    230.5380   1300.4037   62.724  4.290E+00  4.769E+01  2.011E-01  1.439E-01  2.538E+03  4.005E-04
3      -- 2         33.2    345.7960    866.9634   59.269  8.142E+00  4.422E+01  2.128E-01  2.011E-01  2.354E+03  1.253E-03
4      -- 3         55.3    461.0408    650.2515   54.384  1.121E+01  3.849E+01  1.821E-01  2.128E-01  2.049E+03  2.586E-03
5      -- 4         83.0    576.2679    520.2310   47.405  1.231E+01  3.060E+01  1.242E-01  1.821E-01  1.629E+03  4.015E-03
6      -- 5        116.2    691.4731    433.5562   38.551  1.074E+01  2.102E+01  6.206E-02  1.242E-01  1.119E+03  4.763E-03
7      -- 6        154.9    806.6518    371.6504   29.420  6.700E+00  1.168E+01  1.921E-02  6.206E-02  6.219E+02  4.203E-03
8      -- 7        199.1    921.7997    325.2252   23.199  2.383E+00  5.309E+00  3.233E-03  1.921E-02  2.826E+02  2.850E-03
9      -- 8        248.9   1036.9124    289.1203   23.733  4.087E-01  1.872E+00  4.439E-04  3.233E-03  9.964E+01  1.431E-03
10     -- 9        304.2   1151.9855    260.2398   30.200  5.317E-02  4.935E-01  7.866E-05  4.439E-04  2.626E+01  5.171E-04
11     -- 10       365.0   1267.0145    236.6133   35.956  9.072E-03  1.173E-01  1.588E-05  7.866E-05  6.243E+00  1.635E-04
12     -- 11       431.3   1381.9951    216.9273   39.658  1.807E-03  2.670E-02  3.241E-06  1.588E-05  1.421E+00  4.830E-05
13     -- 12       503.1   1496.9229    200.2725   42.868  3.660E-04  5.907E-03  6.551E-07  3.241E-06  3.144E-01  1.358E-05
14     -- 13       580.5   1611.7935    185.9993   44.124  7.462E-05  1.188E-03  1.219E-07  6.551E-07  6.323E-02  3.410E-06
15     -- 14       663.4   1726.6025    173.6314   44.326  1.408E-05  2.099E-04  2.009E-08  1.219E-07  1.117E-02  7.404E-07
16     -- 15       751.7   1841.3455    162.8116   47.499  2.298E-06  3.708E-05  3.328E-09  2.009E-08  1.973E-03  1.587E-07
