* Radex version        : 30nov2011
* Geometry             : Uniform sphere
* Molecular data file  : ./data/co.dat                                                                   
* T(kin)            [K]:   80.000
* Density of H2  [cm-3]:  1.995E+03
* Density of pH2 [cm-3]:  4.988E+02
* Density of oH2 [cm-3]:  1.496E+03
* T(background)     [K]:   13.800
* Column density [cm-2]:  3.079E+18
* Line width     [km/s]:   50.000
Calculation finished in   30 iterations
      LINE         E_UP       FREQ        WAVEL     T_EX      TAU        T_R       POP        POP       FLUX        FLUX
                   (K)        (GHz)       (um)      (K)                  (K)        UP        LOW      (K*km/s) (erg/cm2/s)
1      -- 0          5.5    115.2712   2600.7576   78.049  4.800E-01  2.443E+01  2.241E-01  8.018E-02  1.301E+03  2.565E-05
2      -- 1         16.6    230.5380   1300.4037   37.481  3.338E+00  2.240E+01  2.780E-01  2.241E-01  1.192E+03  1.881E-04
3      -- 2         33.2    345.7960    866.9634   32.196  5.870E+00  1.743E+01  2.324E-01  2.780E-01  9.278E+02  4.941E-04
4      -- 3         55.3    461.0408    650.2515   26.716  6.524E+00  1.157E+01  1.305E-01  2.324E-01  6.159E+02  7.773E-04
5      -- 4         83.0    576.2679    520.2310   21.602  4.558E+00  6.272E+00  4.435E-02  1.305E-01  3.338E+02  8.227E-04
6      -- 5        116.2    691.4731    433.5562   18.631  1.747E+00  2.830E+00  8.828E-03  4.435E-02  1.506E+02  6.414E-04
7      -- 6        154.9    806.6518    371.6504   19.018  3.580E-01  1.000E+00  1.330E-03  8.828E-03  5.323E+01  3.598E-04
8      -- 7        199.1    921.7997    325.2252   22.739  5.253E-02  2.818E-01  2.155E-04  1.330E-03  1.500E+01  1.513E-04
9      -- 8        248.9   1036.9124    289.1203   28.235  8.133E-03  7.226E-02  4.133E-05  2.155E-04  3.846E+00  5.522E-05
10     -- 9        304.2   1151.9855    260.2398   32.657  1.521E-03  1.739E-02  8.404E-06  4.133E-05  9.255E-01  1.822E-05
11     -- 10       365.0   1267.0145    236.6133   35.815  3.070E-04  3.952E-03  1.685E-06  8.404E-06  2.103E-01  5.510E-06
12     -- 11       431.3   1381.9951    216.9273   38.763  6.117E-05  8.612E-04  3.309E-07  1.685E-06  4.584E-02  1.558E-06
13     -- 12       503.1   1496.9229    200.2725   42.382  1.187E-05  1.870E-04  6.561E-08  3.309E-07  9.954E-03  4.300E-07
14     -- 13       580.5   1611.7935    185.9993   43.437  2.377E-06  3.658E-05  1.187E-08  6.561E-08  1.947E-03  1.050E-07
15     -- 14       663.4   1726.6025    173.6314   43.163  4.377E-07  6.143E-06  1.861E-09  1.187E-08  3.269E-04  2.167E-08
16     -- 15       751.7   1841.3455    162.8116   47.028  6.754E-08  1.066E-06  3.026E-10  1.861E-09  5.673E-05  4.561E-09
