* Radex version        : 30nov2011
* Geometry             : Uniform sphere
* Molecular data file  : ./data/co.dat                                                                   
* T(kin)            [K]:   85.000
* Density of H2  [cm-3]:  1.000E+05
* Density of pH2 [cm-3]:  2.500E+04
* Density of oH2 [cm-3]:  7.500E+04
* T(background)     [K]:   13.800
* Column density [cm-2]:  1.543E+20
* Line width     [km/s]:   50.000
Calculation finished in   37 iterations
      LINE         E_UP       FREQ        WAVEL     T_EX      TAU        T_R       POP        POP       FLUX        FLUX
                   (K)        (GHz)       (um)      (K)                  (K)        UP        LOW      (K*km/s) (erg/cm2/s)
1      -- 0          5.5    115.2712   2600.7576   84.840  9.015E+00  7.088E+01  9.154E-02  3.257E-02  3.772E+03  7.441E-05
2      -- 1         16.6    230.5380   1300.4037   84.802  3.271E+01  7.039E+01  1.339E-01  9.154E-02  3.747E+03  5.912E-04
3      -- 2         33.2    345.7960    866.9634   84.778  6.255E+01  6.962E+01  1.541E-01  1.339E-01  3.706E+03  1.973E-03
4      -- 3         55.3    461.0408    650.2515   84.725  8.850E+01  6.857E+01  1.526E-01  1.541E-01  3.650E+03  4.606E-03
5      -- 4         83.0    576.2679    520.2310   84.637  1.031E+02  6.725E+01  1.346E-01  1.526E-01  3.579E+03  8.822E-03
6      -- 5        116.2    691.4731    433.5562   84.480  1.038E+02  6.568E+01  1.074E-01  1.346E-01  3.496E+03  1.488E-02
7      -- 6        154.9    806.6518    371.6504   84.214  9.250E+01  6.384E+01  7.822E-02  1.074E-01  3.398E+03  2.297E-02
8      -- 7        199.1    921.7997    325.2252   83.699  7.414E+01  6.165E+01  5.226E-02  7.822E-02  3.281E+03  3.310E-02
9      -- 8        248.9   1036.9124    289.1203   82.693  5.396E+01  5.890E+01  3.200E-02  5.226E-02  3.135E+03  4.501E-02
10     -- 9        304.2   1151.9855    260.2398   80.323  3.599E+01  5.480E+01  1.777E-02  3.200E-02  2.917E+03  5.743E-02
11     -- 10       365.0   1267.0145    236.6133   75.019  2.211E+01  4.793E+01  8.652E-03  1.777E-02  2.551E+03  6.682E-02
12     -- 11       431.3   1381.9951    216.9273   64.595  1.233E+01  3.646E+01  3.368E-03  8.652E-03  1.941E+03  6.597E-02
13     -- 12       503.1   1496.9229    200.2725   50.294  5.638E+00  2.217E+01  8.719E-04  3.368E-03  1.180E+03  5.098E-02
14     -- 13       580.5   1611.7935    185.9993   39.711  1.632E+00  1.012E+01  1.335E-04  8.719E-04  5.386E+02  2.904E-02
15     -- 14       663.4   1726.6025    173.6314   42.453  2.480E-01  2.967E+00  2.027E-05  1.335E-04  1.579E+02  1.047E-02
16     -- 15       751.7   1841.3455    162.8116   50.985  3.581E-02  6.621E-01  3.812E-06  2.027E-05  3.524E+01  2.833E-03
