* Radex version        : 30nov2011
* Geometry             : Uniform sphere
* Molecular data file  : ./data/co.dat                                                                   
* T(kin)            [K]:   80.000
* Density of H2  [cm-3]:  3.981E+04
* Density of pH2 [cm-3]:  9.953E+03
* Density of oH2 [cm-3]:  2.986E+04
* T(background)     [K]:   13.800
* Column density [cm-2]:  6.143E+19
* Line width     [km/s]:   50.000
Calculation finished in   38 iterations
      LINE         E_UP       FREQ        WAVEL     T_EX      TAU        T_R       POP        POP       FLUX        FLUX
                   (K)        (GHz)       (um)      (K)                  (K)        UP        LOW      (K*km/s) (erg/cm2/s)
1      -- 0          5.5    115.2712   2600.7576   79.636  4.188E+00  6.469E+01  1.001E-01  3.575E-02  3.443E+03  6.791E-05
2      -- 1         16.6    230.5380   1300.4037   79.001  1.521E+01  6.460E+01  1.450E-01  1.001E-01  3.438E+03  5.425E-04
3      -- 2         33.2    345.7960    866.9634   78.911  2.876E+01  6.378E+01  1.645E-01  1.450E-01  3.395E+03  1.808E-03
4      -- 3         55.3    461.0408    650.2515   78.622  4.012E+01  6.250E+01  1.596E-01  1.645E-01  3.327E+03  4.198E-03
5      -- 4         83.0    576.2679    520.2310   78.134  4.590E+01  6.081E+01  1.369E-01  1.596E-01  3.237E+03  7.977E-03
6      -- 5        116.2    691.4731    433.5562   77.243  4.519E+01  5.854E+01  1.053E-01  1.369E-01  3.116E+03  1.327E-02
7      -- 6        154.9    806.6518    371.6504   75.587  3.928E+01  5.538E+01  7.279E-02  1.053E-01  2.948E+03  1.993E-02
8      -- 7        199.1    921.7997    325.2252   72.214  3.065E+01  5.047E+01  4.471E-02  7.279E-02  2.686E+03  2.710E-02
9      -- 8        248.9   1036.9124    289.1203   65.602  2.161E+01  4.245E+01  2.340E-02  4.471E-02  2.259E+03  3.244E-02
10     -- 9        304.2   1151.9855    260.2398   54.492  1.342E+01  3.042E+01  9.378E-03  2.340E-02  1.619E+03  3.188E-02
11     -- 10       365.0   1267.0145    236.6133   41.016  6.466E+00  1.709E+01  2.332E-03  9.378E-03  9.094E+02  2.382E-02
12     -- 11       431.3   1381.9951    216.9273   32.002  1.802E+00  7.518E+00  3.190E-04  2.332E-03  4.002E+02  1.360E-02
13     -- 12       503.1   1496.9229    200.2725   35.804  2.420E-01  2.314E+00  4.633E-05  3.190E-04  1.232E+02  5.320E-03
14     -- 13       580.5   1611.7935    185.9993   43.987  3.334E-02  5.186E-01  8.574E-06  4.633E-05  2.760E+01  1.488E-03
15     -- 14       663.4   1726.6025    173.6314   46.631  6.139E-03  1.020E-01  1.550E-06  8.574E-06  5.429E+00  3.599E-04
16     -- 15       751.7   1841.3455    162.8116   49.373  1.103E-03  1.937E-02  2.756E-07  1.550E-06  1.031E+00  8.290E-05
