* Radex version        : 30nov2011
* Geometry             : Uniform sphere
* Molecular data file  : ./data/co.dat                                                                   
* T(kin)            [K]:   95.000
* Density of H2  [cm-3]:  3.162E+06
* Density of pH2 [cm-3]:  7.906E+05
* Density of oH2 [cm-3]:  2.372E+06
* T(background)     [K]:   13.800
* Column density [cm-2]:  4.879E+21
* Line width     [km/s]:   50.000
Calculation finished in   27 iterations
      LINE         E_UP       FREQ        WAVEL     T_EX      TAU        T_R       POP        POP       FLUX        FLUX
                   (K)        (GHz)       (um)      (K)                  (K)        UP        LOW      (K*km/s) (erg/cm2/s)
1      -- 0          5.5    115.2712   2600.7576   95.000  2.261E+02  8.104E+01  8.160E-02  2.883E-02  4.313E+03  8.508E-05
2      -- 1         16.6    230.5380   1300.4037   95.000  8.287E+02  8.058E+01  1.210E-01  8.160E-02  4.289E+03  6.767E-04
3      -- 2         33.2    345.7960    866.9634   95.000  1.612E+03  7.982E+01  1.423E-01  1.210E-01  4.248E+03  2.262E-03
4      -- 3         55.3    461.0408    650.2515   95.000  2.335E+03  7.879E+01  1.449E-01  1.423E-01  4.194E+03  5.293E-03
5      -- 4         83.0    576.2679    520.2310   95.000  2.806E+03  7.753E+01  1.324E-01  1.449E-01  4.127E+03  1.017E-02
6      -- 5        116.2    691.4731    433.5562   94.999  2.931E+03  7.608E+01  1.103E-01  1.324E-01  4.049E+03  1.724E-02
7      -- 6        154.9    806.6518    371.6504   94.999  2.731E+03  7.446E+01  8.471E-02  1.103E-01  3.963E+03  2.679E-02
8      -- 7        199.1    921.7997    325.2252   94.998  2.302E+03  7.272E+01  6.026E-02  8.471E-02  3.871E+03  3.904E-02
9      -- 8        248.9   1036.9124    289.1203   94.997  1.775E+03  7.089E+01  3.989E-02  6.026E-02  3.773E+03  5.417E-02
10     -- 9        304.2   1151.9855    260.2398   94.996  1.258E+03  6.899E+01  2.463E-02  3.989E-02  3.672E+03  7.230E-02
11     -- 10       365.0   1267.0145    236.6133   94.992  8.253E+02  6.706E+01  1.422E-02  2.463E-02  3.569E+03  9.349E-02
12     -- 11       431.3   1381.9951    216.9273   94.984  5.020E+02  6.510E+01  7.691E-03  1.422E-02  3.465E+03  1.178E-01
13     -- 12       503.1   1496.9229    200.2725   94.968  2.842E+02  6.314E+01  3.898E-03  7.691E-03  3.360E+03  1.452E-01
14     -- 13       580.5   1611.7935    185.9993   94.928  1.500E+02  6.116E+01  1.854E-03  3.898E-03  3.255E+03  1.755E-01
15     -- 14       663.4   1726.6025    173.6314   94.825  7.394E+01  5.915E+01  8.269E-04  1.854E-03  3.148E+03  2.087E-01
16     -- 15       751.7   1841.3455    162.8116   94.545  3.408E+01  5.700E+01  3.457E-04  8.269E-04  3.034E+03  2.439E-01
