* Radex version        : 30nov2011
* Geometry             : Uniform sphere
* Molecular data file  : ./data/co.dat                                                                   
* T(kin)            [K]:   95.000
* Density of H2  [cm-3]:  1.585E+02
* Density of pH2 [cm-3]:  3.962E+01
* Density of oH2 [cm-3]:  1.189E+02
* T(background)     [K]:   13.800
* Column density [cm-2]:  2.445E+17
* Line width     [km/s]:   50.000
Calculation finished in   18 iterations
      LINE         E_UP       FREQ        WAVEL     T_EX      TAU        T_R       POP        POP       FLUX        FLUX
                   (K)        (GHz)       (um)      (K)                  (K)        UP        LOW      (K*km/s) (erg/cm2/s)
1      -- 0          5.5    115.2712   2600.7576   17.389  3.182E-01  9.679E-01  3.668E-01  1.681E-01  5.152E+01  1.016E-06
2      -- 1         16.6    230.5380   1300.4037   14.971  8.871E-01  6.555E-01  2.919E-01  3.668E-01  3.489E+01  5.505E-06
3      -- 2         33.2    345.7960    866.9634   14.495  8.288E-01  3.495E-01  1.301E-01  2.919E-01  1.860E+01  9.905E-06
4      -- 3         55.3    461.0408    650.2515   14.352  4.047E-01  1.502E-01  3.579E-02  1.301E-01  7.994E+00  1.009E-05
5      -- 4         83.0    576.2679    520.2310   14.456  1.172E-01  5.318E-02  6.457E-03  3.579E-02  2.830E+00  6.975E-06
6      -- 5        116.2    691.4731    433.5562   14.992  2.164E-02  1.667E-02  8.341E-04  6.457E-03  8.875E-01  3.779E-06
7      -- 6        154.9    806.6518    371.6504   16.766  2.784E-03  4.943E-03  9.562E-05  8.341E-04  2.631E-01  1.778E-06
8      -- 7        199.1    921.7997    325.2252   21.559  3.049E-04  1.419E-03  1.392E-05  9.562E-05  7.550E-02  7.616E-07
9      -- 8        248.9   1036.9124    289.1203   28.944  4.136E-05  3.919E-04  2.788E-06  1.392E-05  2.086E-02  2.995E-07
10     -- 9        304.2   1151.9855    260.2398   34.564  7.971E-06  1.034E-04  6.225E-07  2.788E-06  5.502E-03  1.083E-07
11     -- 10       365.0   1267.0145    236.6133   38.395  1.757E-06  2.627E-05  1.399E-07  6.225E-07  1.398E-03  3.662E-08
12     -- 11       431.3   1381.9951    216.9273   41.710  3.920E-07  6.444E-06  3.101E-08  1.399E-07  3.430E-04  1.166E-08
13     -- 12       503.1   1496.9229    200.2725   46.696  8.496E-08  1.635E-06  7.190E-09  3.101E-08  8.703E-05  3.759E-09
14     -- 13       580.5   1611.7935    185.9993   47.434  2.001E-08  3.711E-07  1.512E-09  7.190E-09  1.975E-05  1.065E-09
15     -- 14       663.4   1726.6025    173.6314   46.804  4.304E-09  7.230E-08  2.751E-10  1.512E-09  3.848E-06  2.551E-10
16     -- 15       751.7   1841.3455    162.8116   52.078  7.644E-10  1.504E-08  5.367E-11  2.751E-10  8.007E-07  6.438E-11
