* Radex version        : 30nov2011
* Geometry             : Uniform sphere
* Molecular data file  : ./data/co.dat                                                                   
* T(kin)            [K]:   90.000
* Density of H2  [cm-3]:  5.012E+02
* Density of pH2 [cm-3]:  1.253E+02
* Density of oH2 [cm-3]:  3.759E+02
* T(background)     [K]:   13.800
* Column density [cm-2]:  7.733E+17
* Line width     [km/s]:   50.000
Calculation finished in   25 iterations
      LINE         E_UP       FREQ        WAVEL     T_EX      TAU        T_R       POP        POP       FLUX        FLUX
                   (K)        (GHz)       (um)      (K)                  (K)        UP        LOW      (K*km/s) (erg/cm2/s)
1      -- 0          5.5    115.2712   2600.7576   28.678  5.167E-01  5.965E+00  3.316E-01  1.340E-01  3.175E+02  6.263E-06
2      -- 1         16.6    230.5380   1300.4037   18.984  2.144E+00  4.403E+00  3.085E-01  3.316E-01  2.343E+02  3.698E-05
3      -- 2         33.2    345.7960    866.9634   16.940  2.538E+00  2.624E+00  1.622E-01  3.085E-01  1.396E+02  7.436E-05
4      -- 3         55.3    461.0408    650.2515   15.779  1.531E+00  1.290E+00  5.130E-02  1.622E-01  6.868E+01  8.668E-05
5      -- 4         83.0    576.2679    520.2310   15.506  5.184E-01  5.168E-01  1.054E-02  5.130E-02  2.751E+01  6.779E-05
6      -- 5        116.2    691.4731    433.5562   16.236  1.091E-01  1.700E-01  1.613E-03  1.054E-02  9.046E+00  3.852E-05
7      -- 6        154.9    806.6518    371.6504   18.647  1.653E-02  5.014E-02  2.334E-04  1.613E-03  2.669E+00  1.804E-05
8      -- 7        199.1    921.7997    325.2252   23.630  2.285E-03  1.409E-02  4.067E-05  2.334E-04  7.497E-01  7.562E-06
9      -- 8        248.9   1036.9124    289.1203   29.599  3.789E-04  3.785E-03  8.462E-06  4.067E-05  2.015E-01  2.893E-06
10     -- 9        304.2   1151.9855    260.2398   34.085  7.693E-05  9.679E-04  1.847E-06  8.462E-06  5.151E-02  1.014E-06
11     -- 10       365.0   1267.0145    236.6133   37.516  1.664E-05  2.369E-04  4.000E-07  1.847E-06  1.261E-02  3.303E-07
12     -- 11       431.3   1381.9951    216.9273   40.691  3.580E-06  5.590E-05  8.519E-08  4.000E-07  2.975E-03  1.011E-07
13     -- 12       503.1   1496.9229    200.2725   45.282  7.476E-07  1.352E-05  1.883E-08  8.519E-08  7.197E-04  3.109E-08
14     -- 13       580.5   1611.7935    185.9993   46.144  1.675E-07  2.934E-06  3.783E-09  1.883E-08  1.561E-04  8.420E-09
15     -- 14       663.4   1726.6025    173.6314   45.569  3.438E-08  5.448E-07  6.562E-10  3.783E-09  2.900E-05  1.922E-09
16     -- 15       751.7   1841.3455    162.8116   50.458  5.834E-09  1.074E-07  1.212E-10  6.562E-10  5.716E-06  4.596E-10
