* Radex version        : 30nov2011
* Geometry             : Uniform sphere
* Molecular data file  : ./data/co.dat                                                                   
* T(kin)            [K]:   90.000
* Density of H2  [cm-3]:  1.585E+06
* Density of pH2 [cm-3]:  3.962E+05
* Density of oH2 [cm-3]:  1.189E+06
* T(background)     [K]:   13.800
* Column density [cm-2]:  2.445E+21
* Line width     [km/s]:   50.000
Calculation finished in   30 iterations
      LINE         E_UP       FREQ        WAVEL     T_EX      TAU        T_R       POP        POP       FLUX        FLUX
                   (K)        (GHz)       (um)      (K)                  (K)        UP        LOW      (K*km/s) (erg/cm2/s)
1      -- 0          5.5    115.2712   2600.7576   89.999  1.260E+02  7.604E+01  8.581E-02  3.042E-02  4.047E+03  7.984E-05
2      -- 1         16.6    230.5380   1300.4037   89.999  4.596E+02  7.558E+01  1.265E-01  8.581E-02  4.023E+03  6.348E-04
3      -- 2         33.2    345.7960    866.9634   89.999  8.869E+02  7.483E+01  1.473E-01  1.265E-01  3.983E+03  2.121E-03
4      -- 3         55.3    461.0408    650.2515   89.999  1.271E+03  7.381E+01  1.481E-01  1.473E-01  3.929E+03  4.958E-03
5      -- 4         83.0    576.2679    520.2310   89.998  1.505E+03  7.257E+01  1.331E-01  1.481E-01  3.862E+03  9.519E-03
6      -- 5        116.2    691.4731    433.5562   89.998  1.544E+03  7.113E+01  1.088E-01  1.331E-01  3.786E+03  1.612E-02
7      -- 6        154.9    806.6518    371.6504   89.996  1.409E+03  6.953E+01  8.163E-02  1.088E-01  3.701E+03  2.502E-02
8      -- 7        199.1    921.7997    325.2252   89.994  1.160E+03  6.781E+01  5.659E-02  8.163E-02  3.609E+03  3.641E-02
9      -- 8        248.9   1036.9124    289.1203   89.991  8.700E+02  6.600E+01  3.638E-02  5.659E-02  3.513E+03  5.044E-02
10     -- 9        304.2   1151.9855    260.2398   89.983  5.983E+02  6.413E+01  2.175E-02  3.638E-02  3.413E+03  6.720E-02
11     -- 10       365.0   1267.0145    236.6133   89.967  3.795E+02  6.221E+01  1.212E-02  2.175E-02  3.311E+03  8.673E-02
12     -- 11       431.3   1381.9951    216.9273   89.933  2.225E+02  6.026E+01  6.301E-03  1.212E-02  3.208E+03  1.090E-01
13     -- 12       503.1   1496.9229    200.2725   89.859  1.210E+02  5.828E+01  3.059E-03  6.301E-03  3.102E+03  1.340E-01
14     -- 13       580.5   1611.7935    185.9993   89.665  6.119E+01  5.620E+01  1.387E-03  3.059E-03  2.991E+03  1.613E-01
15     -- 14       663.4   1726.6025    173.6314   89.114  2.880E+01  5.381E+01  5.849E-04  1.387E-03  2.864E+03  1.898E-01
16     -- 15       751.7   1841.3455    162.8116   87.170  1.268E+01  5.018E+01  2.259E-04  5.849E-04  2.671E+03  2.147E-01
