* Radex version        : 30nov2011
* Geometry             : Uniform sphere
* Molecular data file  : ./data/co.dat                                                                   
* T(kin)            [K]:   90.000
* Density of H2  [cm-3]:  6.310E+02
* Density of pH2 [cm-3]:  1.577E+02
* Density of oH2 [cm-3]:  4.732E+02
* T(background)     [K]:   13.800
* Column density [cm-2]:  9.736E+17
* Line width     [km/s]:   50.000
Calculation finished in   26 iterations
      LINE         E_UP       FREQ        WAVEL     T_EX      TAU        T_R       POP        POP       FLUX        FLUX
                   (K)        (GHz)       (um)      (K)                  (K)        UP        LOW      (K*km/s) (erg/cm2/s)
1      -- 0          5.5    115.2712   2600.7576   33.993  5.166E-01  8.103E+00  3.170E-01  1.243E-01  4.313E+02  8.507E-06
2      -- 1         16.6    230.5380   1300.4037   20.830  2.407E+00  6.175E+00  3.106E-01  3.170E-01  3.287E+02  5.186E-05
3      -- 2         33.2    345.7960    866.9634   18.186  3.082E+00  3.822E+00  1.746E-01  3.106E-01  2.034E+02  1.083E-04
4      -- 3         55.3    461.0408    650.2515   16.485  2.033E+00  1.956E+00  5.864E-02  1.746E-01  1.041E+02  1.314E-04
5      -- 4         83.0    576.2679    520.2310   15.890  7.394E-01  8.236E-01  1.257E-02  5.864E-02  4.384E+01  1.080E-04
6      -- 5        116.2    691.4731    433.5562   16.541  1.630E-01  2.802E-01  1.998E-03  1.257E-02  1.492E+01  6.351E-05
7      -- 6        154.9    806.6518    371.6504   18.991  2.564E-02  8.363E-02  3.003E-04  1.998E-03  4.451E+00  3.009E-05
8      -- 7        199.1    921.7997    325.2252   23.955  3.684E-03  2.360E-02  5.368E-05  3.003E-04  1.256E+00  1.267E-05
9      -- 8        248.9   1036.9124    289.1203   29.775  6.281E-04  6.362E-03  1.128E-05  5.368E-05  3.386E-01  4.862E-06
10     -- 9        304.2   1151.9855    260.2398   34.178  1.290E-04  1.632E-03  2.473E-06  1.128E-05  8.686E-02  1.710E-06
11     -- 10       365.0   1267.0145    236.6133   37.587  2.803E-05  4.006E-04  5.372E-07  2.473E-06  2.132E-02  5.585E-07
12     -- 11       431.3   1381.9951    216.9273   40.764  6.047E-06  9.479E-05  1.147E-07  5.372E-07  5.045E-03  1.715E-07
13     -- 12       503.1   1496.9229    200.2725   45.282  1.268E-06  2.293E-05  2.536E-08  1.147E-07  1.220E-03  5.272E-08
14     -- 13       580.5   1611.7935    185.9993   46.179  2.839E-07  4.980E-06  5.101E-09  2.536E-08  2.651E-04  1.429E-08
15     -- 14       663.4   1726.6025    173.6314   45.663  5.833E-08  9.285E-07  8.882E-10  5.101E-09  4.942E-05  3.276E-09
16     -- 15       751.7   1841.3455    162.8116   50.476  9.939E-09  1.831E-07  1.642E-10  8.882E-10  9.746E-06  7.836E-10
