* Radex version        : 30nov2011
* Geometry             : Uniform sphere
* Molecular data file  : ./data/co.dat                                                                   
* T(kin)            [K]:   95.000
* Density of H2  [cm-3]:  1.259E+03
* Density of pH2 [cm-3]:  3.147E+02
* Density of oH2 [cm-3]:  9.442E+02
* T(background)     [K]:   13.800
* Column density [cm-2]:  1.943E+18
* Line width     [km/s]:   50.000
Calculation finished in   29 iterations
      LINE         E_UP       FREQ        WAVEL     T_EX      TAU        T_R       POP        POP       FLUX        FLUX
                   (K)        (GHz)       (um)      (K)                  (K)        UP        LOW      (K*km/s) (erg/cm2/s)
1      -- 0          5.5    115.2712   2600.7576   67.838  4.019E-01  1.783E+01  2.570E-01  9.296E-02  9.492E+02  1.872E-05
2      -- 1         16.6    230.5380   1300.4037   30.478  2.878E+00  1.536E+01  2.980E-01  2.570E-01  8.178E+02  1.290E-04
3      -- 2         33.2    345.7960    866.9634   25.646  4.697E+00  1.101E+01  2.184E-01  2.980E-01  5.859E+02  3.120E-04
4      -- 3         55.3    461.0408    650.2515   21.459  4.419E+00  6.609E+00  1.001E-01  2.184E-01  3.518E+02  4.440E-04
5      -- 4         83.0    576.2679    520.2310   18.473  2.372E+00  3.322E+00  2.739E-02  1.001E-01  1.768E+02  4.358E-04
6      -- 5        116.2    691.4731    433.5562   17.788  6.919E-01  1.390E+00  5.010E-03  2.739E-02  7.400E+01  3.151E-04
7      -- 6        154.9    806.6518    371.6504   19.835  1.265E-01  4.654E-01  8.211E-04  5.010E-03  2.477E+01  1.674E-04
8      -- 7        199.1    921.7997    325.2252   24.813  1.985E-02  1.390E-01  1.565E-04  8.211E-04  7.401E+00  7.465E-05
9      -- 8        248.9   1036.9124    289.1203   30.817  3.604E-03  3.946E-02  3.479E-05  1.565E-04  2.100E+00  3.015E-05
10     -- 9        304.2   1151.9855    260.2398   35.393  7.824E-04  1.067E-02  8.063E-06  3.479E-05  5.680E-01  1.118E-05
11     -- 10       365.0   1267.0145    236.6133   38.984  1.797E-04  2.772E-03  1.856E-06  8.063E-06  1.475E-01  3.864E-06
12     -- 11       431.3   1381.9951    216.9273   42.321  4.106E-05  6.955E-04  4.209E-07  1.856E-06  3.702E-02  1.258E-06
13     -- 12       503.1   1496.9229    200.2725   46.726  9.158E-06  1.765E-04  9.770E-08  4.209E-07  9.393E-03  4.058E-07
14     -- 13       580.5   1611.7935    185.9993   47.779  2.154E-06  4.054E-05  2.079E-08  9.770E-08  2.158E-03  1.164E-07
15     -- 14       663.4   1726.6025    173.6314   47.604  4.672E-07  8.138E-06  3.898E-09  2.079E-08  4.332E-04  2.871E-08
16     -- 15       751.7   1841.3455    162.8116   52.278  8.588E-08  1.704E-06  7.653E-10  3.898E-09  9.069E-05  7.292E-09
