* Radex version        : 30nov2011
* Geometry             : Uniform sphere
* Molecular data file  : ./data/co.dat                                                                   
* T(kin)            [K]:   90.000
* Density of H2  [cm-3]:  1.995E+04
* Density of pH2 [cm-3]:  4.988E+03
* Density of oH2 [cm-3]:  1.496E+04
* T(background)     [K]:   13.800
* Column density [cm-2]:  3.079E+19
* Line width     [km/s]:   50.000
Calculation finished in   37 iterations
      LINE         E_UP       FREQ        WAVEL     T_EX      TAU        T_R       POP        POP       FLUX        FLUX
                   (K)        (GHz)       (um)      (K)                  (K)        UP        LOW      (K*km/s) (erg/cm2/s)
1      -- 0          5.5    115.2712   2600.7576   92.998  1.769E+00  6.557E+01  9.900E-02  3.502E-02  3.490E+03  6.884E-05
2      -- 1         16.6    230.5380   1300.4037   85.014  7.041E+00  7.054E+01  1.449E-01  9.900E-02  3.755E+03  5.924E-04
3      -- 2         33.2    345.7960    866.9634   84.628  1.352E+01  6.947E+01  1.667E-01  1.449E-01  3.698E+03  1.969E-03
4      -- 3         55.3    461.0408    650.2515   83.362  1.937E+01  6.721E+01  1.644E-01  1.667E-01  3.577E+03  4.515E-03
5      -- 4         83.0    576.2679    520.2310   81.249  2.293E+01  6.390E+01  1.429E-01  1.644E-01  3.401E+03  8.381E-03
6      -- 5        116.2    691.4731    433.5562   77.610  2.355E+01  5.890E+01  1.101E-01  1.429E-01  3.135E+03  1.335E-02
7      -- 6        154.9    806.6518    371.6504   71.582  2.146E+01  5.147E+01  7.400E-02  1.101E-01  2.739E+03  1.852E-02
8      -- 7        199.1    921.7997    325.2252   62.228  1.734E+01  4.084E+01  4.119E-02  7.400E-02  2.174E+03  2.193E-02
9      -- 8        248.9   1036.9124    289.1203   49.797  1.186E+01  2.760E+01  1.695E-02  4.119E-02  1.469E+03  2.109E-02
10     -- 9        304.2   1151.9855    260.2398   36.884  5.937E+00  1.484E+01  4.184E-03  1.695E-02  7.897E+02  1.555E-02
11     -- 10       365.0   1267.0145    236.6133   29.514  1.632E+00  6.539E+00  5.839E-04  4.184E-03  3.481E+02  9.117E-03
12     -- 11       431.3   1381.9951    216.9273   34.430  2.210E-01  2.134E+00  9.245E-05  5.839E-04  1.136E+02  3.861E-03
13     -- 12       503.1   1496.9229    200.2725   44.559  3.251E-02  5.598E-01  1.991E-05  9.245E-05  2.980E+01  1.287E-03
14     -- 13       580.5   1611.7935    185.9993   48.229  6.931E-03  1.325E-01  4.302E-06  1.991E-05  7.054E+00  3.804E-04
15     -- 14       663.4   1726.6025    173.6314   49.609  1.508E-03  2.864E-02  8.653E-07  4.302E-06  1.524E+00  1.011E-04
16     -- 15       751.7   1841.3455    162.8116   52.302  3.021E-04  5.999E-03  1.700E-07  8.653E-07  3.193E-01  2.567E-05
