* Radex version        : 30nov2011
* Geometry             : Uniform sphere
* Molecular data file  : ./data/co.dat                                                                   
* T(kin)            [K]:   95.000
* Density of H2  [cm-3]:  1.259E+05
* Density of pH2 [cm-3]:  3.147E+04
* Density of oH2 [cm-3]:  9.442E+04
* T(background)     [K]:   13.800
* Column density [cm-2]:  1.943E+20
* Line width     [km/s]:   50.000
Calculation finished in   37 iterations
      LINE         E_UP       FREQ        WAVEL     T_EX      TAU        T_R       POP        POP       FLUX        FLUX
                   (K)        (GHz)       (um)      (K)                  (K)        UP        LOW      (K*km/s) (erg/cm2/s)
1      -- 0          5.5    115.2712   2600.7576   94.853  9.108E+00  8.089E+01  8.242E-02  2.912E-02  4.305E+03  8.492E-05
2      -- 1         16.6    230.5380   1300.4037   94.818  3.338E+01  8.039E+01  1.222E-01  8.242E-02  4.279E+03  6.752E-04
3      -- 2         33.2    345.7960    866.9634   94.799  6.494E+01  7.962E+01  1.437E-01  1.222E-01  4.238E+03  2.257E-03
4      -- 3         55.3    461.0408    650.2515   94.758  9.407E+01  7.855E+01  1.462E-01  1.437E-01  4.181E+03  5.277E-03
5      -- 4         83.0    576.2679    520.2310   94.690  1.130E+02  7.723E+01  1.335E-01  1.462E-01  4.110E+03  1.013E-02
6      -- 5        116.2    691.4731    433.5562   94.574  1.180E+02  7.566E+01  1.110E-01  1.335E-01  4.027E+03  1.715E-02
7      -- 6        154.9    806.6518    371.6504   94.385  1.100E+02  7.386E+01  8.502E-02  1.110E-01  3.931E+03  2.657E-02
8      -- 7        199.1    921.7997    325.2252   94.041  9.273E+01  7.178E+01  6.020E-02  8.502E-02  3.820E+03  3.854E-02
9      -- 8        248.9   1036.9124    289.1203   93.422  7.147E+01  6.935E+01  3.949E-02  6.020E-02  3.691E+03  5.300E-02
10     -- 9        304.2   1151.9855    260.2398   92.101  5.073E+01  6.618E+01  2.395E-02  3.949E-02  3.523E+03  6.935E-02
11     -- 10       365.0   1267.0145    236.6133   89.316  3.336E+01  6.158E+01  1.328E-02  2.395E-02  3.278E+03  8.586E-02
12     -- 11       431.3   1381.9951    216.9273   83.133  2.040E+01  5.379E+01  6.499E-03  1.328E-02  2.863E+03  9.731E-02
13     -- 12       503.1   1496.9229    200.2725   71.454  1.142E+01  4.106E+01  2.568E-03  6.499E-03  2.185E+03  9.440E-02
14     -- 13       580.5   1611.7935    185.9993   55.425  5.311E+00  2.506E+01  6.832E-04  2.568E-03  1.334E+03  7.191E-02
15     -- 14       663.4   1726.6025    173.6314   43.991  1.579E+00  1.163E+01  1.110E-04  6.832E-04  6.190E+02  4.103E-02
16     -- 15       751.7   1841.3455    162.8116   47.913  2.526E-01  3.672E+00  1.869E-05  1.110E-04  1.954E+02  1.571E-02
