* Radex version        : 30nov2011
* Geometry             : Uniform sphere
* Molecular data file  : ./data/co.dat                                                                   
* T(kin)            [K]:   95.000
* Density of H2  [cm-3]:  1.995E+05
* Density of pH2 [cm-3]:  4.988E+04
* Density of oH2 [cm-3]:  1.496E+05
* T(background)     [K]:   13.800
* Column density [cm-2]:  3.079E+20
* Line width     [km/s]:   50.000
Calculation finished in   37 iterations
      LINE         E_UP       FREQ        WAVEL     T_EX      TAU        T_R       POP        POP       FLUX        FLUX
                   (K)        (GHz)       (um)      (K)                  (K)        UP        LOW      (K*km/s) (erg/cm2/s)
1      -- 0          5.5    115.2712   2600.7576   94.934  1.434E+01  8.098E+01  8.197E-02  2.896E-02  4.310E+03  8.502E-05
2      -- 1         16.6    230.5380   1300.4037   94.928  5.257E+01  8.050E+01  1.216E-01  8.197E-02  4.285E+03  6.761E-04
3      -- 2         33.2    345.7960    866.9634   94.919  1.023E+02  7.974E+01  1.429E-01  1.216E-01  4.244E+03  2.260E-03
4      -- 3         55.3    461.0408    650.2515   94.903  1.481E+02  7.870E+01  1.455E-01  1.429E-01  4.189E+03  5.286E-03
5      -- 4         83.0    576.2679    520.2310   94.876  1.780E+02  7.741E+01  1.329E-01  1.455E-01  4.120E+03  1.015E-02
6      -- 5        116.2    691.4731    433.5562   94.829  1.859E+02  7.591E+01  1.107E-01  1.329E-01  4.040E+03  1.720E-02
7      -- 6        154.9    806.6518    371.6504   94.753  1.732E+02  7.422E+01  8.488E-02  1.107E-01  3.950E+03  2.670E-02
8      -- 7        199.1    921.7997    325.2252   94.616  1.460E+02  7.235E+01  6.027E-02  8.488E-02  3.851E+03  3.884E-02
9      -- 8        248.9   1036.9124    289.1203   94.374  1.126E+02  7.028E+01  3.976E-02  6.027E-02  3.741E+03  5.371E-02
10     -- 9        304.2   1151.9855    260.2398   93.874  7.981E+01  6.790E+01  2.438E-02  3.976E-02  3.614E+03  7.116E-02
11     -- 10       365.0   1267.0145    236.6133   92.866  5.238E+01  6.501E+01  1.388E-02  2.438E-02  3.460E+03  9.063E-02
12     -- 11       431.3   1381.9951    216.9273   90.549  3.192E+01  6.085E+01  7.250E-03  1.388E-02  3.239E+03  1.101E-01
13     -- 12       503.1   1496.9229    200.2725   84.887  1.818E+01  5.358E+01  3.359E-03  7.250E-03  2.852E+03  1.232E-01
14     -- 13       580.5   1611.7935    185.9993   73.050  9.559E+00  4.079E+01  1.251E-03  3.359E-03  2.171E+03  1.171E-01
15     -- 14       663.4   1726.6025    173.6314   56.949  4.144E+00  2.463E+01  3.122E-04  1.251E-03  1.311E+03  8.688E-02
16     -- 15       751.7   1841.3455    162.8116   47.801  1.126E+00  1.106E+01  5.232E-05  3.122E-04  5.887E+02  4.733E-02
