* Radex version        : 30nov2011
* Geometry             : Uniform sphere
* Molecular data file  : ./data/co.dat                                                                   
* T(kin)            [K]:   95.000
* Density of H2  [cm-3]:  5.012E+03
* Density of pH2 [cm-3]:  1.253E+03
* Density of oH2 [cm-3]:  3.759E+03
* T(background)     [K]:   13.800
* Column density [cm-2]:  7.733E+18
* Line width     [km/s]:   50.000
Calculation finished in   34 iterations
      LINE         E_UP       FREQ        WAVEL     T_EX      TAU        T_R       POP        POP       FLUX        FLUX
                   (K)        (GHz)       (um)      (K)                  (K)        UP        LOW      (K*km/s) (erg/cm2/s)
1      -- 0          5.5    115.2712   2600.7576  144.429  4.175E-01  4.452E+01  1.459E-01  5.055E-02  2.370E+03  4.674E-05
2      -- 1         16.6    230.5380   1300.4037   64.806  3.354E+00  4.867E+01  2.051E-01  1.459E-01  2.590E+03  4.087E-04
3      -- 2         33.2    345.7960    866.9634   59.125  6.609E+00  4.403E+01  2.168E-01  2.051E-01  2.343E+03  1.248E-03
4      -- 3         55.3    461.0408    650.2515   53.009  9.264E+00  3.714E+01  1.837E-01  2.168E-01  1.977E+03  2.495E-03
5      -- 4         83.0    576.2679    520.2310   45.072  1.023E+01  2.834E+01  1.215E-01  1.837E-01  1.508E+03  3.717E-03
6      -- 5        116.2    691.4731    433.5562   35.938  8.717E+00  1.857E+01  5.704E-02  1.215E-01  9.882E+02  4.208E-03
7      -- 6        154.9    806.6518    371.6504   27.524  5.046E+00  1.000E+01  1.612E-02  5.704E-02  5.325E+02  3.599E-03
8      -- 7        199.1    921.7997    325.2252   23.101  1.591E+00  4.599E+00  2.692E-03  1.612E-02  2.448E+02  2.469E-03
9      -- 8        248.9   1036.9124    289.1203   25.839  2.633E-01  1.644E+00  4.386E-04  2.692E-03  8.748E+01  1.256E-03
10     -- 9        304.2   1151.9855    260.2398   33.494  4.015E-02  4.764E-01  9.303E-05  4.386E-04  2.536E+01  4.993E-04
11     -- 10       365.0   1267.0145    236.6133   39.422  8.214E-03  1.292E-01  2.179E-05  9.303E-05  6.875E+00  1.801E-04
12     -- 11       431.3   1381.9951    216.9273   43.404  1.899E-03  3.382E-02  5.138E-06  2.179E-05  1.800E+00  6.120E-05
13     -- 12       503.1   1496.9229    200.2725   47.215  4.432E-04  8.717E-03  1.212E-06  5.138E-06  4.640E-01  2.004E-05
14     -- 13       580.5   1611.7935    185.9993   48.664  1.056E-04  2.063E-03  2.655E-07  1.212E-06  1.098E-01  5.920E-06
15     -- 14       663.4   1726.6025    173.6314   49.112  2.348E-05  4.369E-04  5.252E-08  2.655E-07  2.326E-02  1.542E-06
16     -- 15       751.7   1841.3455    162.8116   52.888  4.587E-06  9.323E-05  1.052E-08  5.252E-08  4.962E-03  3.990E-07
