* Radex version        : 30nov2011
* Geometry             : Uniform sphere
* Molecular data file  : ./data/co.dat                                                                   
* T(kin)            [K]:   90.000
* Density of H2  [cm-3]:  1.585E+05
* Density of pH2 [cm-3]:  3.962E+04
* Density of oH2 [cm-3]:  1.189E+05
* T(background)     [K]:   13.800
* Column density [cm-2]:  2.445E+20
* Line width     [km/s]:   50.000
Calculation finished in   37 iterations
      LINE         E_UP       FREQ        WAVEL     T_EX      TAU        T_R       POP        POP       FLUX        FLUX
                   (K)        (GHz)       (um)      (K)                  (K)        UP        LOW      (K*km/s) (erg/cm2/s)
1      -- 0          5.5    115.2712   2600.7576   89.915  1.269E+01  7.596E+01  8.633E-02  3.060E-02  4.043E+03  7.975E-05
2      -- 1         16.6    230.5380   1300.4037   89.904  4.628E+01  7.549E+01  1.272E-01  8.633E-02  4.018E+03  6.340E-04
3      -- 2         33.2    345.7960    866.9634   89.893  8.931E+01  7.472E+01  1.481E-01  1.272E-01  3.977E+03  2.118E-03
4      -- 3         55.3    461.0408    650.2515   89.869  1.279E+02  7.369E+01  1.488E-01  1.481E-01  3.922E+03  4.950E-03
5      -- 4         83.0    576.2679    520.2310   89.830  1.515E+02  7.240E+01  1.337E-01  1.488E-01  3.854E+03  9.497E-03
6      -- 5        116.2    691.4731    433.5562   89.762  1.555E+02  7.090E+01  1.092E-01  1.337E-01  3.773E+03  1.607E-02
7      -- 6        154.9    806.6518    371.6504   89.649  1.419E+02  6.919E+01  8.180E-02  1.092E-01  3.683E+03  2.489E-02
8      -- 7        199.1    921.7997    325.2252   89.439  1.168E+02  6.727E+01  5.654E-02  8.180E-02  3.580E+03  3.611E-02
9      -- 8        248.9   1036.9124    289.1203   89.057  8.760E+01  6.509E+01  3.614E-02  5.654E-02  3.464E+03  4.974E-02
10     -- 9        304.2   1151.9855    260.2398   88.225  6.028E+01  6.243E+01  2.134E-02  3.614E-02  3.323E+03  6.541E-02
11     -- 10       365.0   1267.0145    236.6133   86.419  3.830E+01  5.880E+01  1.157E-02  2.134E-02  3.130E+03  8.198E-02
12     -- 11       431.3   1381.9951    216.9273   82.071  2.256E+01  5.278E+01  5.603E-03  1.157E-02  2.809E+03  9.549E-02
13     -- 12       503.1   1496.9229    200.2725   72.615  1.228E+01  4.213E+01  2.250E-03  5.603E-03  2.242E+03  9.686E-02
14     -- 13       580.5   1611.7935    185.9993   57.722  5.748E+00  2.706E+01  6.327E-04  2.250E-03  1.440E+03  7.768E-02
15     -- 14       663.4   1726.6025    173.6314   45.225  1.823E+00  1.307E+01  1.082E-04  6.327E-04  6.955E+02  4.611E-02
16     -- 15       751.7   1841.3455    162.8116   46.838  3.124E-01  4.196E+00  1.746E-05  1.082E-04  2.234E+02  1.796E-02
