* Radex version        : 30nov2011
* Geometry             : Uniform sphere
* Molecular data file  : ./data/co.dat                                                                   
* T(kin)            [K]:   90.000
* Density of H2  [cm-3]:  2.512E+06
* Density of pH2 [cm-3]:  6.280E+05
* Density of oH2 [cm-3]:  1.884E+06
* T(background)     [K]:   13.800
* Column density [cm-2]:  3.876E+21
* Line width     [km/s]:   50.000
Calculation finished in   28 iterations
      LINE         E_UP       FREQ        WAVEL     T_EX      TAU        T_R       POP        POP       FLUX        FLUX
                   (K)        (GHz)       (um)      (K)                  (K)        UP        LOW      (K*km/s) (erg/cm2/s)
1      -- 0          5.5    115.2712   2600.7576   90.000  1.997E+02  7.604E+01  8.581E-02  3.042E-02  4.047E+03  7.984E-05
2      -- 1         16.6    230.5380   1300.4037   90.000  7.284E+02  7.558E+01  1.265E-01  8.581E-02  4.023E+03  6.348E-04
3      -- 2         33.2    345.7960    866.9634   90.000  1.406E+03  7.483E+01  1.472E-01  1.265E-01  3.983E+03  2.121E-03
4      -- 3         55.3    461.0408    650.2515   89.999  2.014E+03  7.382E+01  1.480E-01  1.472E-01  3.929E+03  4.958E-03
5      -- 4         83.0    576.2679    520.2310   89.999  2.385E+03  7.257E+01  1.331E-01  1.480E-01  3.863E+03  9.519E-03
6      -- 5        116.2    691.4731    433.5562   89.999  2.447E+03  7.113E+01  1.088E-01  1.331E-01  3.786E+03  1.612E-02
7      -- 6        154.9    806.6518    371.6504   89.999  2.233E+03  6.953E+01  8.163E-02  1.088E-01  3.701E+03  2.502E-02
8      -- 7        199.1    921.7997    325.2252   89.998  1.838E+03  6.781E+01  5.659E-02  8.163E-02  3.609E+03  3.641E-02
9      -- 8        248.9   1036.9124    289.1203   89.996  1.379E+03  6.601E+01  3.638E-02  5.659E-02  3.513E+03  5.044E-02
10     -- 9        304.2   1151.9855    260.2398   89.993  9.482E+02  6.414E+01  2.175E-02  3.638E-02  3.414E+03  6.721E-02
11     -- 10       365.0   1267.0145    236.6133   89.987  6.015E+02  6.223E+01  1.212E-02  2.175E-02  3.312E+03  8.676E-02
12     -- 11       431.3   1381.9951    216.9273   89.973  3.526E+02  6.030E+01  6.304E-03  1.212E-02  3.210E+03  1.091E-01
13     -- 12       503.1   1496.9229    200.2725   89.944  1.918E+02  5.836E+01  3.063E-03  6.304E-03  3.106E+03  1.342E-01
14     -- 13       580.5   1611.7935    185.9993   89.869  9.697E+01  5.639E+01  1.391E-03  3.063E-03  3.001E+03  1.618E-01
15     -- 14       663.4   1726.6025    173.6314   89.662  4.563E+01  5.432E+01  5.902E-04  1.391E-03  2.891E+03  1.916E-01
16     -- 15       751.7   1841.3455    162.8116   89.023  2.003E+01  5.188E+01  2.328E-04  5.902E-04  2.762E+03  2.220E-01
