* Radex version        : 30nov2011
* Geometry             : Uniform sphere
* Molecular data file  : ./data/co.dat                                                                   
* T(kin)            [K]:   95.000
* Density of H2  [cm-3]:  2.512E+04
* Density of pH2 [cm-3]:  6.280E+03
* Density of oH2 [cm-3]:  1.884E+04
* T(background)     [K]:   13.800
* Column density [cm-2]:  3.876E+19
* Line width     [km/s]:   50.000
Calculation finished in   38 iterations
      LINE         E_UP       FREQ        WAVEL     T_EX      TAU        T_R       POP        POP       FLUX        FLUX
                   (K)        (GHz)       (um)      (K)                  (K)        UP        LOW      (K*km/s) (erg/cm2/s)
1      -- 0          5.5    115.2712   2600.7576   97.177  1.971E+00  7.162E+01  9.163E-02  3.233E-02  3.812E+03  7.519E-05
2      -- 1         16.6    230.5380   1300.4037   90.979  7.700E+00  7.653E+01  1.352E-01  9.163E-02  4.073E+03  6.427E-04
3      -- 2         33.2    345.7960    866.9634   90.777  1.491E+01  7.561E+01  1.577E-01  1.352E-01  4.024E+03  2.143E-03
4      -- 3         55.3    461.0408    650.2515   89.855  2.160E+01  7.367E+01  1.585E-01  1.577E-01  3.921E+03  4.949E-03
5      -- 4         83.0    576.2679    520.2310   88.344  2.594E+01  7.093E+01  1.416E-01  1.585E-01  3.775E+03  9.304E-03
6      -- 5        116.2    691.4731    433.5562   85.745  2.711E+01  6.693E+01  1.137E-01  1.416E-01  3.562E+03  1.517E-02
7      -- 6        154.9    806.6518    371.6504   81.321  2.529E+01  6.100E+01  8.149E-02  1.137E-01  3.247E+03  2.195E-02
8      -- 7        199.1    921.7997    325.2252   73.925  2.128E+01  5.213E+01  5.076E-02  8.149E-02  2.775E+03  2.799E-02
9      -- 8        248.9   1036.9124    289.1203   62.826  1.593E+01  3.981E+01  2.569E-02  5.076E-02  2.119E+03  3.042E-02
10     -- 9        304.2   1151.9855    260.2398   48.842  9.886E+00  2.528E+01  9.156E-03  2.569E-02  1.346E+03  2.649E-02
11     -- 10       365.0   1267.0145    236.6133   36.059  4.199E+00  1.287E+01  1.857E-03  9.156E-03  6.852E+02  1.795E-02
12     -- 11       431.3   1381.9951    216.9273   32.094  9.047E-01  5.399E+00  2.556E-04  1.857E-03  2.874E+02  9.768E-03
13     -- 12       503.1   1496.9229    200.2725   41.403  1.164E-01  1.647E+00  4.868E-05  2.556E-04  8.766E+01  3.787E-03
14     -- 13       580.5   1611.7935    185.9993   49.076  2.118E-02  4.166E-01  1.081E-05  4.868E-05  2.217E+01  1.196E-03
15     -- 14       663.4   1726.6025    173.6314   51.635  4.698E-03  9.670E-02  2.322E-06  1.081E-05  5.147E+00  3.412E-04
16     -- 15       751.7   1841.3455    162.8116   54.488  1.005E-03  2.170E-02  4.883E-07  2.322E-06  1.155E+00  9.285E-05
