* Radex version        : 30nov2011
* Geometry             : Uniform sphere
* Molecular data file  : ./data/co.dat                                                                   
* T(kin)            [K]:   95.000
* Density of H2  [cm-3]:  1.585E+05
* Density of pH2 [cm-3]:  3.962E+04
* Density of oH2 [cm-3]:  1.189E+05
* T(background)     [K]:   13.800
* Column density [cm-2]:  2.445E+20
* Line width     [km/s]:   50.000
Calculation finished in   38 iterations
      LINE         E_UP       FREQ        WAVEL     T_EX      TAU        T_R       POP        POP       FLUX        FLUX
                   (K)        (GHz)       (um)      (K)                  (K)        UP        LOW      (K*km/s) (erg/cm2/s)
1      -- 0          5.5    115.2712   2600.7576   94.900  1.142E+01  8.094E+01  8.216E-02  2.903E-02  4.308E+03  8.498E-05
2      -- 1         16.6    230.5380   1300.4037   94.885  4.187E+01  8.046E+01  1.219E-01  8.216E-02  4.283E+03  6.757E-04
3      -- 2         33.2    345.7960    866.9634   94.873  8.144E+01  7.969E+01  1.432E-01  1.219E-01  4.242E+03  2.259E-03
4      -- 3         55.3    461.0408    650.2515   94.847  1.180E+02  7.864E+01  1.458E-01  1.432E-01  4.186E+03  5.282E-03
5      -- 4         83.0    576.2679    520.2310   94.803  1.417E+02  7.734E+01  1.331E-01  1.458E-01  4.116E+03  1.014E-02
6      -- 5        116.2    691.4731    433.5562   94.730  1.480E+02  7.581E+01  1.108E-01  1.331E-01  4.035E+03  1.718E-02
7      -- 6        154.9    806.6518    371.6504   94.611  1.379E+02  7.408E+01  8.495E-02  1.108E-01  3.943E+03  2.665E-02
8      -- 7        199.1    921.7997    325.2252   94.393  1.163E+02  7.213E+01  6.025E-02  8.495E-02  3.839E+03  3.872E-02
9      -- 8        248.9   1036.9124    289.1203   94.007  8.963E+01  6.992E+01  3.966E-02  6.025E-02  3.722E+03  5.343E-02
10     -- 9        304.2   1151.9855    260.2398   93.199  6.358E+01  6.725E+01  2.422E-02  3.966E-02  3.579E+03  7.047E-02
11     -- 10       365.0   1267.0145    236.6133   91.527  4.176E+01  6.371E+01  1.365E-02  2.422E-02  3.391E+03  8.883E-02
12     -- 11       431.3   1381.9951    216.9273   87.653  2.550E+01  5.809E+01  6.962E-03  1.365E-02  3.092E+03  1.051E-01
13     -- 12       503.1   1496.9229    200.2725   79.101  1.450E+01  4.815E+01  3.032E-03  6.962E-03  2.563E+03  1.107E-01
14     -- 13       580.5   1611.7935    185.9993   64.490  7.331E+00  3.306E+01  9.814E-04  3.032E-03  1.760E+03  9.488E-02
15     -- 14       663.4   1726.6025    173.6314   49.384  2.738E+00  1.761E+01  1.959E-04  9.814E-04  9.371E+02  6.212E-02
16     -- 15       751.7   1841.3455    162.8116   46.429  5.671E-01  6.637E+00  3.109E-05  1.959E-04  3.533E+02  2.840E-02
