* Radex version        : 30nov2011
* Geometry             : Uniform sphere
* Molecular data file  : ./data/co.dat                                                                   
* T(kin)            [K]:   95.000
* Density of H2  [cm-3]:  1.259E+02
* Density of pH2 [cm-3]:  3.147E+01
* Density of oH2 [cm-3]:  9.442E+01
* T(background)     [K]:   13.800
* Column density [cm-2]:  1.943E+17
* Line width     [km/s]:   50.000
Calculation finished in   15 iterations
      LINE         E_UP       FREQ        WAVEL     T_EX      TAU        T_R       POP        POP       FLUX        FLUX
                   (K)        (GHz)       (um)      (K)                  (K)        UP        LOW      (K*km/s) (erg/cm2/s)
1      -- 0          5.5    115.2712   2600.7576   16.534  2.700E-01  6.397E-01  3.693E-01  1.720E-01  3.405E+01  6.717E-07
2      -- 1         16.6    230.5380   1300.4037   14.682  7.190E-01  4.299E-01  2.897E-01  3.693E-01  2.288E+01  3.611E-06
3      -- 2         33.2    345.7960    866.9634   14.327  6.574E-01  2.262E-01  1.273E-01  2.897E-01  1.204E+01  6.411E-06
4      -- 3         55.3    461.0408    650.2515   14.233  3.159E-01  9.556E-02  3.459E-02  1.273E-01  5.086E+00  6.419E-06
5      -- 4         83.0    576.2679    520.2310   14.330  9.023E-02  3.342E-02  6.136E-03  3.459E-02  1.779E+00  4.383E-06
6      -- 5        116.2    691.4731    433.5562   14.786  1.640E-02  1.042E-02  7.687E-04  6.136E-03  5.547E-01  2.362E-06
7      -- 6        154.9    806.6518    371.6504   16.344  2.051E-03  3.084E-03  8.302E-05  7.687E-04  1.641E-01  1.110E-06
8      -- 7        199.1    921.7997    325.2252   20.866  2.124E-04  8.842E-04  1.129E-05  8.302E-05  4.706E-02  4.747E-07
9      -- 8        248.9   1036.9124    289.1203   28.470  2.681E-05  2.441E-04  2.198E-06  1.129E-05  1.299E-02  1.865E-07
10     -- 9        304.2   1151.9855    260.2398   34.446  4.998E-06  6.433E-05  4.879E-07  2.198E-06  3.424E-03  6.742E-08
11     -- 10       365.0   1267.0145    236.6133   38.368  1.094E-06  1.634E-05  1.095E-07  4.879E-07  8.695E-04  2.277E-08
12     -- 11       431.3   1381.9951    216.9273   41.690  2.438E-07  4.005E-06  2.426E-08  1.095E-07  2.132E-04  7.246E-09
13     -- 12       503.1   1496.9229    200.2725   46.697  5.280E-08  1.016E-06  5.625E-09  2.426E-08  5.409E-05  2.336E-09
14     -- 13       580.5   1611.7935    185.9993   47.423  1.244E-08  2.306E-07  1.182E-09  5.625E-09  1.227E-05  6.617E-10
15     -- 14       663.4   1726.6025    173.6314   46.779  2.675E-09  4.488E-08  2.150E-10  1.182E-09  2.388E-06  1.583E-10
16     -- 15       751.7   1841.3455    162.8116   52.072  4.745E-10  9.336E-09  4.193E-11  2.150E-10  4.969E-07  3.995E-11
