* Radex version        : 30nov2011
* Geometry             : Uniform sphere
* Molecular data file  : ./data/co.dat                                                                   
* T(kin)            [K]:   95.000
* Density of H2  [cm-3]:  3.981E+02
* Density of pH2 [cm-3]:  9.953E+01
* Density of oH2 [cm-3]:  2.986E+02
* T(background)     [K]:   13.800
* Column density [cm-2]:  6.143E+17
* Line width     [km/s]:   50.000
Calculation finished in   25 iterations
      LINE         E_UP       FREQ        WAVEL     T_EX      TAU        T_R       POP        POP       FLUX        FLUX
                   (K)        (GHz)       (um)      (K)                  (K)        UP        LOW      (K*km/s) (erg/cm2/s)
1      -- 0          5.5    115.2712   2600.7576   25.283  4.869E-01  4.394E+00  3.421E-01  1.419E-01  2.339E+02  4.614E-06
2      -- 1         16.6    230.5380   1300.4037   17.726  1.847E+00  3.172E+00  3.055E-01  3.421E-01  1.688E+02  2.664E-05
3      -- 2         33.2    345.7960    866.9634   16.141  2.053E+00  1.843E+00  1.530E-01  3.055E-01  9.807E+01  5.222E-05
4      -- 3         55.3    461.0408    650.2515   15.353  1.161E+00  8.832E-01  4.654E-02  1.530E-01  4.701E+01  5.933E-05
5      -- 4         83.0    576.2679    520.2310   15.277  3.756E-01  3.449E-01  9.306E-03  4.654E-02  1.836E+01  4.524E-05
6      -- 5        116.2    691.4731    433.5562   16.080  7.679E-02  1.133E-01  1.397E-03  9.306E-03  6.031E+00  2.568E-05
7      -- 6        154.9    806.6518    371.6504   18.584  1.138E-02  3.411E-02  2.007E-04  1.397E-03  1.816E+00  1.227E-05
8      -- 7        199.1    921.7997    325.2252   23.860  1.556E-03  9.863E-03  3.562E-05  2.007E-04  5.250E-01  5.296E-06
9      -- 8        248.9   1036.9124    289.1203   30.219  2.614E-04  2.741E-03  7.669E-06  3.562E-05  1.459E-01  2.095E-06
10     -- 9        304.2   1151.9855    260.2398   34.935  5.484E-05  7.277E-04  1.742E-06  7.669E-06  3.873E-02  7.626E-07
11     -- 10       365.0   1267.0145    236.6133   38.546  1.233E-05  1.858E-04  3.938E-07  1.742E-06  9.890E-03  2.591E-07
12     -- 11       431.3   1381.9951    216.9273   41.858  2.768E-06  4.584E-05  8.778E-08  3.938E-07  2.440E-03  8.293E-08
13     -- 12       503.1   1496.9229    200.2725   46.684  6.042E-07  1.162E-05  2.035E-08  8.778E-08  6.186E-04  2.672E-08
14     -- 13       580.5   1611.7935    185.9993   47.513  1.422E-07  2.645E-06  4.290E-09  2.035E-08  1.408E-04  7.593E-09
15     -- 14       663.4   1726.6025    173.6314   46.993  3.063E-08  5.191E-07  7.864E-10  4.290E-09  2.763E-05  1.831E-09
16     -- 15       751.7   1841.3455    162.8116   52.122  5.486E-09  1.082E-07  1.536E-10  7.864E-10  5.757E-06  4.629E-10
