* Radex version        : 30nov2011
* Geometry             : Uniform sphere
* Molecular data file  : ./data/co.dat                                                                   
* T(kin)            [K]:   95.000
* Density of H2  [cm-3]:  7.943E+03
* Density of pH2 [cm-3]:  1.986E+03
* Density of oH2 [cm-3]:  5.957E+03
* T(background)     [K]:   13.800
* Column density [cm-2]:  1.226E+19
* Line width     [km/s]:   50.000
Calculation finished in   35 iterations
      LINE         E_UP       FREQ        WAVEL     T_EX      TAU        T_R       POP        POP       FLUX        FLUX
                   (K)        (GHz)       (um)      (K)                  (K)        UP        LOW      (K*km/s) (erg/cm2/s)
1      -- 0          5.5    115.2712   2600.7576  125.366  6.419E-01  5.277E+01  1.225E-01  4.269E-02  2.809E+03  5.540E-05
2      -- 1         16.6    230.5380   1300.4037   75.841  3.860E+00  6.015E+01  1.765E-01  1.225E-01  3.201E+03  5.052E-04
3      -- 2         33.2    345.7960    866.9634   72.049  7.580E+00  5.691E+01  1.963E-01  1.765E-01  3.029E+03  1.613E-03
4      -- 3         55.3    461.0408    650.2515   67.403  1.090E+01  5.137E+01  1.817E-01  1.963E-01  2.734E+03  3.451E-03
5      -- 4         83.0    576.2679    520.2310   60.675  1.281E+01  4.359E+01  1.408E-01  1.817E-01  2.320E+03  5.717E-03
6      -- 5        116.2    691.4731    433.5562   51.631  1.259E+01  3.351E+01  8.751E-02  1.408E-01  1.784E+03  7.594E-03
7      -- 6        154.9    806.6518    371.6504   40.966  9.935E+00  2.212E+01  3.925E-02  8.751E-02  1.177E+03  7.958E-03
8      -- 7        199.1    921.7997    325.2252   30.853  5.482E+00  1.193E+01  1.060E-02  3.925E-02  6.349E+02  6.404E-03
9      -- 8        248.9   1036.9124    289.1203   25.346  1.653E+00  5.448E+00  1.664E-03  1.060E-02  2.900E+02  4.163E-03
10     -- 9        304.2   1151.9855    260.2398   28.787  2.549E-01  1.905E+00  2.694E-04  1.664E-03  1.014E+02  1.997E-03
11     -- 10       365.0   1267.0145    236.6133   37.507  3.848E-02  5.371E-01  5.833E-05  2.694E-04  2.859E+01  7.488E-04
12     -- 11       431.3   1381.9951    216.9273   43.492  8.049E-03  1.435E-01  1.380E-05  5.833E-05  7.639E+00  2.597E-04
13     -- 12       503.1   1496.9229    200.2725   47.530  1.881E-03  3.745E-02  3.287E-06  1.380E-05  1.993E+00  8.611E-05
14     -- 13       580.5   1611.7935    185.9993   49.049  4.523E-04  8.979E-03  7.293E-07  3.287E-06  4.779E-01  2.577E-05
15     -- 14       663.4   1726.6025    173.6314   49.875  1.016E-04  1.952E-03  1.480E-07  7.293E-07  1.039E-01  6.888E-06
16     -- 15       751.7   1841.3455    162.8116   53.188  2.044E-05  4.204E-04  2.992E-08  1.480E-07  2.237E-02  1.799E-06
