* Radex version        : 30nov2011
* Geometry             : Uniform sphere
* Molecular data file  : ./data/co.dat                                                                   
* T(kin)            [K]:   95.000
* Density of H2  [cm-3]:  1.000E+05
* Density of pH2 [cm-3]:  2.500E+04
* Density of oH2 [cm-3]:  7.500E+04
* T(background)     [K]:   13.800
* Column density [cm-2]:  1.543E+20
* Line width     [km/s]:   50.000
Calculation finished in   38 iterations
      LINE         E_UP       FREQ        WAVEL     T_EX      TAU        T_R       POP        POP       FLUX        FLUX
                   (K)        (GHz)       (um)      (K)                  (K)        UP        LOW      (K*km/s) (erg/cm2/s)
1      -- 0          5.5    115.2712   2600.7576   94.793  7.273E+00  8.078E+01  8.281E-02  2.926E-02  4.299E+03  8.481E-05
2      -- 1         16.6    230.5380   1300.4037   94.710  2.667E+01  8.029E+01  1.228E-01  8.281E-02  4.273E+03  6.743E-04
3      -- 2         33.2    345.7960    866.9634   94.684  5.187E+01  7.950E+01  1.443E-01  1.228E-01  4.231E+03  2.253E-03
4      -- 3         55.3    461.0408    650.2515   94.619  7.515E+01  7.841E+01  1.468E-01  1.443E-01  4.174E+03  5.267E-03
5      -- 4         83.0    576.2679    520.2310   94.512  9.027E+01  7.705E+01  1.339E-01  1.468E-01  4.101E+03  1.011E-02
6      -- 5        116.2    691.4731    433.5562   94.330  9.429E+01  7.541E+01  1.113E-01  1.339E-01  4.014E+03  1.709E-02
7      -- 6        154.9    806.6518    371.6504   94.031  8.784E+01  7.351E+01  8.510E-02  1.113E-01  3.912E+03  2.645E-02
8      -- 7        199.1    921.7997    325.2252   93.483  7.408E+01  7.123E+01  6.009E-02  8.510E-02  3.791E+03  3.824E-02
9      -- 8        248.9   1036.9124    289.1203   92.482  5.710E+01  6.843E+01  3.921E-02  6.009E-02  3.642E+03  5.230E-02
10     -- 9        304.2   1151.9855    260.2398   90.304  4.058E+01  6.444E+01  2.349E-02  3.921E-02  3.430E+03  6.753E-02
11     -- 10       365.0   1267.0145    236.6133   85.769  2.674E+01  5.818E+01  1.266E-02  2.349E-02  3.096E+03  8.111E-02
12     -- 11       431.3   1381.9951    216.9273   76.669  1.628E+01  4.768E+01  5.795E-03  1.266E-02  2.538E+03  8.627E-02
13     -- 12       503.1   1496.9229    200.2725   62.396  8.724E+00  3.282E+01  1.979E-03  5.795E-03  1.747E+03  7.546E-02
14     -- 13       580.5   1611.7935    185.9993   47.098  3.485E+00  1.771E+01  4.113E-04  1.979E-03  9.429E+02  5.084E-02
15     -- 14       663.4   1726.6025    173.6314   41.814  7.678E-01  6.990E+00  6.060E-05  4.113E-04  3.720E+02  2.466E-02
16     -- 15       751.7   1841.3455    162.8116   50.969  1.071E-01  1.910E+00  1.139E-05  6.060E-05  1.017E+02  8.175E-03
