* Radex version        : 30nov2011
* Geometry             : Uniform sphere
* Molecular data file  : ./data/co.dat                                                                   
* T(kin)            [K]:   90.000
* Density of H2  [cm-3]:  5.012E+05
* Density of pH2 [cm-3]:  1.253E+05
* Density of oH2 [cm-3]:  3.759E+05
* T(background)     [K]:   13.800
* Column density [cm-2]:  7.733E+20
* Line width     [km/s]:   50.000
Calculation finished in   34 iterations
      LINE         E_UP       FREQ        WAVEL     T_EX      TAU        T_R       POP        POP       FLUX        FLUX
                   (K)        (GHz)       (um)      (K)                  (K)        UP        LOW      (K*km/s) (erg/cm2/s)
1      -- 0          5.5    115.2712   2600.7576   89.991  3.988E+01  7.603E+01  8.588E-02  3.044E-02  4.047E+03  7.983E-05
2      -- 1         16.6    230.5380   1300.4037   89.990  1.455E+02  7.557E+01  1.266E-01  8.588E-02  4.022E+03  6.347E-04
3      -- 2         33.2    345.7960    866.9634   89.989  2.807E+02  7.482E+01  1.474E-01  1.266E-01  3.982E+03  2.121E-03
4      -- 3         55.3    461.0408    650.2515   89.987  4.021E+02  7.380E+01  1.482E-01  1.474E-01  3.928E+03  4.958E-03
5      -- 4         83.0    576.2679    520.2310   89.983  4.762E+02  7.255E+01  1.332E-01  1.482E-01  3.862E+03  9.517E-03
6      -- 5        116.2    691.4731    433.5562   89.976  4.887E+02  7.111E+01  1.088E-01  1.332E-01  3.785E+03  1.611E-02
7      -- 6        154.9    806.6518    371.6504   89.965  4.460E+02  6.950E+01  8.166E-02  1.088E-01  3.699E+03  2.500E-02
8      -- 7        199.1    921.7997    325.2252   89.944  3.671E+02  6.776E+01  5.659E-02  8.166E-02  3.607E+03  3.638E-02
9      -- 8        248.9   1036.9124    289.1203   89.906  2.753E+02  6.592E+01  3.636E-02  5.659E-02  3.508E+03  5.037E-02
10     -- 9        304.2   1151.9855    260.2398   89.826  1.894E+02  6.398E+01  2.172E-02  3.636E-02  3.405E+03  6.704E-02
11     -- 10       365.0   1267.0145    236.6133   89.668  1.201E+02  6.192E+01  1.207E-02  2.172E-02  3.296E+03  8.633E-02
12     -- 11       431.3   1381.9951    216.9273   89.325  7.042E+01  5.968E+01  6.246E-03  1.207E-02  3.177E+03  1.080E-01
13     -- 12       503.1   1496.9229    200.2725   88.495  3.831E+01  5.699E+01  2.995E-03  6.246E-03  3.033E+03  1.310E-01
14     -- 13       580.5   1611.7935    185.9993   85.983  1.945E+01  5.274E+01  1.308E-03  2.995E-03  2.807E+03  1.514E-01
15     -- 14       663.4   1726.6025    173.6314   78.623  9.248E+00  4.413E+01  4.875E-04  1.308E-03  2.349E+03  1.557E-01
16     -- 15       751.7   1841.3455    162.8116   65.644  3.880E+00  3.030E+01  1.350E-04  4.875E-04  1.613E+03  1.297E-01
