* Radex version        : 30nov2011
* Geometry             : Uniform sphere
* Molecular data file  : ./data/co.dat                                                                   
* T(kin)            [K]:   90.000
* Density of H2  [cm-3]:  1.995E+03
* Density of pH2 [cm-3]:  4.988E+02
* Density of oH2 [cm-3]:  1.496E+03
* T(background)     [K]:   13.800
* Column density [cm-2]:  3.079E+18
* Line width     [km/s]:   50.000
Calculation finished in   30 iterations
      LINE         E_UP       FREQ        WAVEL     T_EX      TAU        T_R       POP        POP       FLUX        FLUX
                   (K)        (GHz)       (um)      (K)                  (K)        UP        LOW      (K*km/s) (erg/cm2/s)
1      -- 0          5.5    115.2712   2600.7576   95.838  3.773E-01  2.574E+01  2.177E-01  7.689E-02  1.370E+03  2.702E-05
2      -- 1         16.6    230.5380   1300.4037   39.344  3.111E+00  2.395E+01  2.739E-01  2.177E-01  1.275E+03  2.012E-04
3      -- 2         33.2    345.7960    866.9634   33.597  5.598E+00  1.878E+01  2.340E-01  2.739E-01  9.997E+02  5.324E-04
4      -- 3         55.3    461.0408    650.2515   27.917  6.384E+00  1.270E+01  1.362E-01  2.340E-01  6.762E+02  8.534E-04
5      -- 4         83.0    576.2679    520.2310   22.553  4.654E+00  7.106E+00  4.884E-02  1.362E-01  3.782E+02  9.321E-04
6      -- 5        116.2    691.4731    433.5562   19.288  1.899E+00  3.350E+00  1.033E-02  4.884E-02  1.783E+02  7.593E-04
7      -- 6        154.9    806.6518    371.6504   19.593  4.151E-01  1.270E+00  1.652E-03  1.033E-02  6.760E+01  4.569E-04
8      -- 7        199.1    921.7997    325.2252   23.674  6.438E-02  3.868E-01  2.890E-04  1.652E-03  2.059E+01  2.077E-04
9      -- 8        248.9   1036.9124    289.1203   29.762  1.070E-02  1.077E-01  6.069E-05  2.890E-04  5.732E+00  8.230E-05
10     -- 9        304.2   1151.9855    260.2398   34.620  2.183E-03  2.838E-02  1.358E-05  6.069E-05  1.510E+00  2.974E-05
11     -- 10       365.0   1267.0145    236.6133   38.125  4.841E-04  7.128E-03  3.019E-06  1.358E-05  3.794E-01  9.938E-06
12     -- 11       431.3   1381.9951    216.9273   41.409  1.068E-04  1.729E-03  6.613E-07  3.019E-06  9.205E-02  3.129E-06
13     -- 12       503.1   1496.9229    200.2725   45.376  2.309E-05  4.193E-04  1.466E-07  6.613E-07  2.232E-02  9.641E-07
14     -- 13       580.5   1611.7935    185.9993   46.540  5.177E-06  9.229E-05  2.989E-08  1.466E-07  4.912E-03  2.649E-07
15     -- 14       663.4   1726.6025    173.6314   46.436  1.074E-06  1.774E-05  5.363E-09  2.989E-08  9.441E-04  6.258E-08
16     -- 15       751.7   1841.3455    162.8116   50.685  1.895E-07  3.522E-06  9.986E-10  5.363E-09  1.875E-04  1.507E-08
