* Radex version        : 30nov2011
* Geometry             : Uniform sphere
* Molecular data file  : ./data/co.dat                                                                   
* T(kin)            [K]:   95.000
* Density of H2  [cm-3]:  3.981E+03
* Density of pH2 [cm-3]:  9.953E+02
* Density of oH2 [cm-3]:  2.986E+03
* T(background)     [K]:   13.800
* Column density [cm-2]:  6.143E+18
* Line width     [km/s]:   50.000
Calculation finished in   33 iterations
      LINE         E_UP       FREQ        WAVEL     T_EX      TAU        T_R       POP        POP       FLUX        FLUX
                   (K)        (GHz)       (um)      (K)                  (K)        UP        LOW      (K*km/s) (erg/cm2/s)
1      -- 0          5.5    115.2712   2600.7576  147.979  3.557E-01  4.011E+01  1.605E-01  5.553E-02  2.135E+03  4.211E-05
2      -- 1         16.6    230.5380   1300.4037   58.569  3.213E+00  4.243E+01  2.214E-01  1.605E-01  2.258E+03  3.564E-04
3      -- 2         33.2    345.7960    866.9634   52.359  6.292E+00  3.730E+01  2.258E-01  2.214E-01  1.985E+03  1.057E-03
4      -- 3         55.3    461.0408    650.2515   45.887  8.590E+00  3.013E+01  1.792E-01  2.258E-01  1.604E+03  2.024E-03
5      -- 4         83.0    576.2679    520.2310   37.976  8.946E+00  2.150E+01  1.058E-01  1.792E-01  1.144E+03  2.820E-03
6      -- 5        116.2    691.4731    433.5562   29.727  6.722E+00  1.285E+01  4.093E-02  1.058E-01  6.839E+02  2.912E-03
7      -- 6        154.9    806.6518    371.6504   23.461  3.078E+00  6.400E+00  9.069E-03  4.093E-02  3.406E+02  2.302E-03
8      -- 7        199.1    921.7997    325.2252   22.340  7.185E-01  2.673E+00  1.419E-03  9.069E-03  1.423E+02  1.435E-03
9      -- 8        248.9   1036.9124    289.1203   27.520  1.078E-01  8.555E-01  2.599E-04  1.419E-03  4.553E+01  6.538E-04
10     -- 9        304.2   1151.9855    260.2398   34.706  1.864E-02  2.416E-01  5.841E-05  2.599E-04  1.286E+01  2.531E-04
11     -- 10       365.0   1267.0145    236.6133   39.554  4.091E-03  6.490E-02  1.375E-05  5.841E-05  3.455E+00  9.049E-05
12     -- 11       431.3   1381.9951    216.9273   43.188  9.539E-04  1.683E-02  3.218E-06  1.375E-05  8.957E-01  3.045E-05
13     -- 12       503.1   1496.9229    200.2725   47.127  2.206E-04  4.324E-03  7.568E-07  3.218E-06  2.302E-01  9.942E-06
14     -- 13       580.5   1611.7935    185.9993   48.418  5.247E-05  1.015E-03  1.645E-07  7.568E-07  5.402E-02  2.913E-06
15     -- 14       663.4   1726.6025    173.6314   48.835  1.158E-05  2.129E-04  3.223E-08  1.645E-07  1.133E-02  7.512E-07
16     -- 15       751.7   1841.3455    162.8116   52.708  2.239E-06  4.518E-05  6.415E-09  3.223E-08  2.405E-03  1.933E-07
