* Radex version        : 30nov2011
* Geometry             : Uniform sphere
* Molecular data file  : ./data/co.dat                                                                   
* T(kin)            [K]:   95.000
* Density of H2  [cm-3]:  2.512E+05
* Density of pH2 [cm-3]:  6.280E+04
* Density of oH2 [cm-3]:  1.884E+05
* T(background)     [K]:   13.800
* Column density [cm-2]:  3.876E+20
* Line width     [km/s]:   50.000
Calculation finished in   36 iterations
      LINE         E_UP       FREQ        WAVEL     T_EX      TAU        T_R       POP        POP       FLUX        FLUX
                   (K)        (GHz)       (um)      (K)                  (K)        UP        LOW      (K*km/s) (erg/cm2/s)
1      -- 0          5.5    115.2712   2600.7576   94.957  1.803E+01  8.100E+01  8.185E-02  2.892E-02  4.311E+03  8.504E-05
2      -- 1         16.6    230.5380   1300.4037   94.954  6.606E+01  8.053E+01  1.214E-01  8.185E-02  4.286E+03  6.763E-04
3      -- 2         33.2    345.7960    866.9634   94.949  1.285E+02  7.977E+01  1.427E-01  1.214E-01  4.246E+03  2.261E-03
4      -- 3         55.3    461.0408    650.2515   94.939  1.862E+02  7.873E+01  1.453E-01  1.427E-01  4.190E+03  5.289E-03
5      -- 4         83.0    576.2679    520.2310   94.921  2.237E+02  7.746E+01  1.327E-01  1.453E-01  4.123E+03  1.016E-02
6      -- 5        116.2    691.4731    433.5562   94.892  2.336E+02  7.597E+01  1.106E-01  1.327E-01  4.044E+03  1.722E-02
7      -- 6        154.9    806.6518    371.6504   94.844  2.177E+02  7.431E+01  8.483E-02  1.106E-01  3.955E+03  2.673E-02
8      -- 7        199.1    921.7997    325.2252   94.757  1.835E+02  7.248E+01  6.028E-02  8.483E-02  3.858E+03  3.892E-02
9      -- 8        248.9   1036.9124    289.1203   94.605  1.414E+02  7.050E+01  3.981E-02  6.028E-02  3.753E+03  5.388E-02
10     -- 9        304.2   1151.9855    260.2398   94.292  1.003E+02  6.831E+01  2.448E-02  3.981E-02  3.636E+03  7.158E-02
11     -- 10       365.0   1267.0145    236.6133   93.676  6.580E+01  6.579E+01  1.401E-02  2.448E-02  3.502E+03  9.172E-02
12     -- 11       431.3   1381.9951    216.9273   92.305  4.005E+01  6.253E+01  7.423E-03  1.401E-02  3.328E+03  1.131E-01
13     -- 12       503.1   1496.9229    200.2725   88.837  2.276E+01  5.731E+01  3.571E-03  7.423E-03  3.050E+03  1.318E-01
14     -- 13       580.5   1611.7935    185.9993   80.247  1.212E+01  4.740E+01  1.463E-03  3.571E-03  2.523E+03  1.361E-01
15     -- 14       663.4   1726.6025    173.6314   65.383  5.715E+00  3.217E+01  4.403E-04  1.463E-03  1.712E+03  1.135E-01
16     -- 15       751.7   1841.3455    162.8116   52.064  1.939E+00  1.684E+01  8.585E-05  4.403E-04  8.963E+02  7.207E-02
