* Radex version        : 30nov2011
* Geometry             : Uniform sphere
* Molecular data file  : ./data/co.dat                                                                   
* T(kin)            [K]:   90.000
* Density of H2  [cm-3]:  5.012E+03
* Density of pH2 [cm-3]:  1.253E+03
* Density of oH2 [cm-3]:  3.759E+03
* T(background)     [K]:   13.800
* Column density [cm-2]:  7.733E+18
* Line width     [km/s]:   50.000
Calculation finished in   34 iterations
      LINE         E_UP       FREQ        WAVEL     T_EX      TAU        T_R       POP        POP       FLUX        FLUX
                   (K)        (GHz)       (um)      (K)                  (K)        UP        LOW      (K*km/s) (erg/cm2/s)
1      -- 0          5.5    115.2712   2600.7576  125.907  4.905E-01  4.340E+01  1.491E-01  5.193E-02  2.310E+03  4.557E-05
2      -- 1         16.6    230.5380   1300.4037   62.621  3.535E+00  4.685E+01  2.082E-01  1.491E-01  2.493E+03  3.934E-04
3      -- 2         33.2    345.7960    866.9634   57.429  6.882E+00  4.236E+01  2.184E-01  2.082E-01  2.255E+03  1.201E-03
4      -- 3         55.3    461.0408    650.2515   51.486  9.550E+00  3.564E+01  1.827E-01  2.184E-01  1.897E+03  2.394E-03
5      -- 4         83.0    576.2679    520.2310   43.696  1.041E+01  2.701E+01  1.186E-01  1.827E-01  1.437E+03  3.543E-03
6      -- 5        116.2    691.4731    433.5562   34.731  8.681E+00  1.745E+01  5.389E-02  1.186E-01  9.285E+02  3.953E-03
7      -- 6        154.9    806.6518    371.6504   26.584  4.843E+00  9.201E+00  1.450E-02  5.389E-02  4.897E+02  3.310E-03
8      -- 7        199.1    921.7997    325.2252   22.576  1.441E+00  4.112E+00  2.315E-03  1.450E-02  2.189E+02  2.208E-03
9      -- 8        248.9   1036.9124    289.1203   25.569  2.271E-01  1.402E+00  3.695E-04  2.315E-03  7.463E+01  1.072E-03
10     -- 9        304.2   1151.9855    260.2398   32.900  3.406E-02  3.895E-01  7.607E-05  3.695E-04  2.073E+01  4.082E-04
11     -- 10       365.0   1267.0145    236.6133   38.406  6.790E-03  1.012E-01  1.711E-05  7.607E-05  5.387E+00  1.411E-04
12     -- 11       431.3   1381.9951    216.9273   42.137  1.509E-03  2.532E-02  3.852E-06  1.711E-05  1.348E+00  4.581E-05
13     -- 12       503.1   1496.9229    200.2725   45.793  3.365E-04  6.226E-03  8.666E-07  3.852E-06  3.314E-01  1.432E-05
14     -- 13       580.5   1611.7935    185.9993   47.136  7.647E-05  1.400E-03  1.804E-07  8.666E-07  7.450E-02  4.017E-06
15     -- 14       663.4   1726.6025    173.6314   47.484  1.615E-05  2.799E-04  3.367E-08  1.804E-07  1.490E-02  9.874E-07
16     -- 15       751.7   1841.3455    162.8116   51.104  2.979E-06  5.634E-05  6.359E-09  3.367E-08  2.999E-03  2.411E-07
