* Radex version        : 30nov2011
* Geometry             : Uniform sphere
* Molecular data file  : ./data/co.dat                                                                   
* T(kin)            [K]:   90.000
* Density of H2  [cm-3]:  7.943E+02
* Density of pH2 [cm-3]:  1.986E+02
* Density of oH2 [cm-3]:  5.957E+02
* T(background)     [K]:   13.800
* Column density [cm-2]:  1.226E+18
* Line width     [km/s]:   50.000
Calculation finished in   27 iterations
      LINE         E_UP       FREQ        WAVEL     T_EX      TAU        T_R       POP        POP       FLUX        FLUX
                   (K)        (GHz)       (um)      (K)                  (K)        UP        LOW      (K*km/s) (erg/cm2/s)
1      -- 0          5.5    115.2712   2600.7576   41.200  5.000E-01  1.073E+01  2.997E-01  1.142E-01  5.712E+02  1.127E-05
2      -- 1         16.6    230.5380   1300.4037   23.230  2.635E+00  8.480E+00  3.102E-01  2.997E-01  4.514E+02  7.122E-05
3      -- 2         33.2    345.7960    866.9634   19.913  3.661E+00  5.483E+00  1.887E-01  3.102E-01  2.918E+02  1.554E-04
4      -- 3         55.3    461.0408    650.2515   17.512  2.686E+00  2.931E+00  6.858E-02  1.887E-01  1.560E+02  1.969E-04
5      -- 4         83.0    576.2679    520.2310   16.400  1.076E+00  1.303E+00  1.552E-02  6.858E-02  6.937E+01  1.710E-04
6      -- 5        116.2    691.4731    433.5562   16.850  2.519E-01  4.648E-01  2.560E-03  1.552E-02  2.474E+01  1.053E-04
7      -- 6        154.9    806.6518    371.6504   19.262  4.117E-02  1.411E-01  3.958E-04  2.560E-03  7.510E+00  5.076E-05
8      -- 7        199.1    921.7997    325.2252   24.185  6.094E-03  4.004E-02  7.202E-05  3.958E-04  2.131E+00  2.150E-05
9      -- 8        248.9   1036.9124    289.1203   29.914  1.059E-03  1.084E-02  1.525E-05  7.202E-05  5.770E-01  8.284E-06
10     -- 9        304.2   1151.9855    260.2398   34.273  2.192E-04  2.791E-03  3.358E-06  1.525E-05  1.486E-01  2.925E-06
11     -- 10       365.0   1267.0145    236.6133   37.673  4.788E-05  6.877E-04  7.323E-07  3.358E-06  3.660E-02  9.587E-07
12     -- 11       431.3   1381.9951    216.9273   40.851  1.037E-05  1.632E-04  1.569E-07  7.323E-07  8.689E-03  2.954E-07
13     -- 12       503.1   1496.9229    200.2725   45.288  2.183E-06  3.949E-05  3.469E-08  1.569E-07  2.102E-03  9.080E-08
14     -- 13       580.5   1611.7935    185.9993   46.221  4.889E-07  8.592E-06  6.990E-09  3.469E-08  4.573E-04  2.466E-08
15     -- 14       663.4   1726.6025    173.6314   45.776  1.005E-07  1.609E-06  1.222E-09  6.990E-09  8.564E-05  5.677E-09
16     -- 15       751.7   1841.3455    162.8116   50.499  1.722E-08  3.175E-07  2.262E-10  1.222E-09  1.690E-05  1.359E-09
