      LINE         E_UP       FREQ        WAVEL     T_EX      TAU        T_R       POP        POP       FLUX        FLUX   SPECIES
                   (K)        (GHz)       (um)      (K)                  (K)        UP        LOW      (K*km/s) (erg/cm2/s)   SPECIES
1       0          5.5    115.2712   2600.7576    5.000  1.364E+03  1.897E+00  4.547E-01  4.582E-01  1.010E+02  1.992E-06   CO
2       1         16.6    230.5380   1300.4037    5.000  1.200E+03  1.164E+00  8.288E-02  4.547E-01  6.197E+01  9.779E-06   CO
3       2         33.2    345.7960    866.9634    4.994  2.129E+02  5.825E-01  4.180E-03  8.288E-02  3.101E+01  1.651E-05   CO
4       3         55.3    461.0408    650.2515    4.723  1.049E+01  1.997E-01  4.964E-05  4.180E-03  1.063E+01  1.341E-05   CO
5       4         83.0    576.2679    520.2310    3.945  1.219E-01  2.745E-03  5.479E-08  4.964E-05  1.461E-01  3.601E-07   CO
6       5        116.2    691.4731    433.5562    4.424  1.319E-04  2.396E-06  3.576E-11  5.479E-08  1.275E-04  5.429E-10   CO
7       6        154.9    806.6518    371.6504    4.376  8.481E-08  4.701E-10  5.936E-15  3.576E-11  2.502E-08  1.691E-13   CO
8       7        199.1    921.7997    325.2252    4.423  1.390E-11  2.781E-14  9.359E-20  5.936E-15  1.480E-12  1.493E-17   CO
9       8        248.9   1036.9124    289.1203   81.557  2.438E-18  0.000E+00  1.462E-20  9.359E-20  0.000E+00  0.000E+00   CO
10      9        304.2   1151.9855    260.2398  138.767  2.184E-18  0.000E+00  1.342E-20  1.462E-20  0.000E+00  0.000E+00   CO
11      10       365.0   1267.0145    236.6133  166.950  1.977E-18  0.000E+00  1.260E-20  1.342E-20  0.000E+00  0.000E+00   CO
12      11       431.3   1381.9951    216.9273  198.952  1.802E-18  0.000E+00  1.202E-20  1.260E-20  0.000E+00  0.000E+00   CO
13      12       503.1   1496.9229    200.2725  233.425  1.654E-18  0.000E+00  1.160E-20  1.202E-20  0.000E+00  0.000E+00   CO
14      13       580.5   1611.7935    185.9993  272.041  1.528E-18  0.000E+00  1.129E-20  1.160E-20  0.000E+00  0.000E+00   CO
15      14       663.4   1726.6025    173.6314  313.080  1.417E-18  0.000E+00  1.105E-20  1.129E-20  0.000E+00  0.000E+00   CO
16      15       751.7   1841.3455    162.8116  356.954  1.319E-18  0.000E+00  1.087E-20  1.105E-20  0.000E+00  0.000E+00   CO
1       0         23.6    492.1607    609.1354    4.979  4.152E+00  2.002E-01  2.545E-02  9.745E-01  1.065E+01  1.636E-05   [CI]
2       1         62.5    809.3420    370.4151    4.948  4.594E-02  6.788E-04  1.653E-05  2.545E-02  3.613E-02  2.467E-07   [CI]
2       0         62.5   1301.5026    230.3433    4.960  8.670E-08  1.837E-11  1.653E-05  9.745E-01  9.780E-10  2.777E-14   [CI]
1       0          4.2     88.6316   3382.4556    3.112  2.083E+01  3.243E-01  4.182E-01  5.470E-01  1.726E+01  1.548E-07   HCN
2       1         12.8    177.2611   1691.2478    2.826  1.354E+01  4.827E-02  3.433E-02  4.182E-01  2.569E+00  1.843E-07   HCN
3       2         25.5    265.8864   1127.5207    2.745  1.042E+00  2.634E-03  4.602E-04  3.433E-02  1.402E-01  3.394E-08   HCN
4       3         42.5    354.5055    845.6638    2.759  1.341E-02  3.463E-05  1.241E-06  4.602E-04  1.843E-03  1.058E-09   HCN
5       4         63.8    443.1161    676.5550    2.894  3.520E-05  1.758E-07  9.756E-10  1.241E-06  9.359E-06  1.049E-11   HCN
6       5         89.3    531.7163    563.8203    3.508  2.717E-08  4.218E-10  7.998E-13  9.756E-10  2.245E-08  4.346E-14   HCN
