      LINE         E_UP       FREQ        WAVEL     T_EX      TAU        T_R       POP        POP       FLUX        FLUX   SPECIES
                   (K)        (GHz)       (um)      (K)                  (K)        UP        LOW      (K*km/s) (erg/cm2/s)   SPECIES
1       0          5.5    115.2712   2600.7576  179.975  5.174E+01  1.764E+02  4.451E-02  1.530E-02  9.388E+03  1.852E-04   CO
2       1         16.6    230.5380   1300.4037  179.976  1.975E+02  1.743E+02  6.975E-02  4.451E-02  9.277E+03  1.464E-03   CO
3       2         33.2    345.7960    866.9634  179.975  4.114E+02  1.718E+02  8.905E-02  6.975E-02  9.142E+03  4.868E-03   CO
4       3         55.3    461.0408    650.2515  179.973  6.557E+02  1.691E+02  1.013E-01  8.905E-02  9.002E+03  1.136E-02   CO
5       4         83.0    576.2679    520.2310  179.970  8.906E+02  1.665E+02  1.061E-01  1.013E-01  8.862E+03  2.184E-02   CO
6       5        116.2    691.4731    433.5562  179.966  1.081E+03  1.639E+02  1.043E-01  1.061E-01  8.723E+03  3.714E-02   CO
7       6        154.9    806.6518    371.6504  179.958  1.203E+03  1.613E+02  9.705E-02  1.043E-01  8.585E+03  5.803E-02   CO
8       7        199.1    921.7997    325.2252  179.948  1.244E+03  1.587E+02  8.602E-02  9.705E-02  8.449E+03  8.522E-02   CO
9       8        248.9   1036.9124    289.1203  179.933  1.209E+03  1.562E+02  7.291E-02  8.602E-02  8.314E+03  1.194E-01   CO
10      9        304.2   1151.9855    260.2398  179.909  1.111E+03  1.537E+02  5.926E-02  7.291E-02  8.180E+03  1.610E-01   CO
11      10       365.0   1267.0145    236.6133  179.877  9.706E+02  1.512E+02  4.629E-02  5.926E-02  8.047E+03  2.108E-01   CO
12      11       431.3   1381.9951    216.9273  179.826  8.078E+02  1.487E+02  3.479E-02  4.629E-02  7.914E+03  2.690E-01   CO
13      12       503.1   1496.9229    200.2725  179.748  6.430E+02  1.462E+02  2.520E-02  3.479E-02  7.782E+03  3.362E-01   CO
14      13       580.5   1611.7935    185.9993  179.607  4.906E+02  1.437E+02  1.759E-02  2.520E-02  7.648E+03  4.124E-01   CO
15      14       663.4   1726.6025    173.6314  179.386  3.590E+02  1.411E+02  1.185E-02  1.759E-02  7.512E+03  4.979E-01   CO
16      15       751.7   1841.3455    162.8116  178.982  2.525E+02  1.384E+02  7.699E-03  1.185E-02  7.367E+03  5.923E-01   CO
1       0         23.6    492.1607    609.1354  179.984  1.854E+00  1.421E+02  3.674E-01  1.396E-01  7.561E+03  1.161E-02   [CI]
2       1         62.5    809.3420    370.4151  179.166  3.248E+00  1.542E+02  4.930E-01  3.674E-01  8.208E+03  5.604E-02   [CI]
2       0         62.5   1301.5026    230.3433  179.475  9.172E-08  1.376E-05  4.930E-01  1.396E-01  7.325E-04  2.080E-08   [CI]
1       0          4.2     88.6316   3382.4556    0.800  5.669E+01 -1.110E+00  1.026E-01  3.966E-02 -5.906E+01 -5.296E-07   HCN
2       1         12.8    177.2611   1691.2478   -2.511 -1.276E+02  2.299E+56  1.869E-01  1.026E-01  1.224E+58  8.779E+50   HCN
3       2         25.5    265.8864   1127.5207    0.325  2.344E+02 -1.193E-01  1.518E-01  1.869E-01 -6.349E+00 -1.537E-06   HCN
4       3         42.5    354.5055    845.6638   -1.488 -1.896E+02  3.698E+83  2.004E-01  1.518E-01  1.968E+85  1.129E+79   HCN
5       4         63.8    443.1161    676.5550    3.948  2.197E+02  8.913E-02  1.238E-01  2.004E-01  4.744E+00  5.315E-06   HCN
6       5         89.3    531.7163    563.8203   -8.375 -6.452E+01  2.812E+29  1.111E-01  1.238E-01  1.497E+31  2.898E+25   HCN
