      LINE         E_UP       FREQ        WAVEL     T_EX      TAU        T_R       POP        POP       FLUX        FLUX   SPECIES
                   (K)        (GHz)       (um)      (K)                  (K)        UP        LOW      (K*km/s) (erg/cm2/s)   SPECIES
1       0          5.5    115.2712   2600.7576   50.110  5.762E+00  4.641E+01  1.669E-01  6.212E-02  2.470E+03  4.873E-05   CO
2       1         16.6    230.5380   1300.4037   48.872  1.999E+01  4.335E+01  2.218E-01  1.669E-01  2.308E+03  3.641E-04   CO
3       2         33.2    345.7960    866.9634   47.601  3.472E+01  3.975E+01  2.191E-01  2.218E-01  2.116E+03  1.127E-03   CO
4       3         55.3    461.0408    650.2515   44.749  4.321E+01  3.459E+01  1.718E-01  2.191E-01  1.841E+03  2.323E-03   CO
5       4         83.0    576.2679    520.2310   39.657  4.232E+01  2.742E+01  1.046E-01  1.718E-01  1.460E+03  3.597E-03   CO
6       5        116.2    691.4731    433.5562   31.897  3.249E+01  1.813E+01  4.366E-02  1.046E-01  9.650E+02  4.109E-03   CO
7       6        154.9    806.6518    371.6504   22.962  1.683E+01  8.803E+00  9.333E-03  4.366E-02  4.686E+02  3.167E-03   CO
8       7        199.1    921.7997    325.2252   16.109  4.081E+00  2.982E+00  6.787E-04  9.333E-03  1.587E+02  1.601E-03   CO
9       8        248.9   1036.9124    289.1203   17.616  2.951E-01  8.018E-01  4.499E-05  6.787E-04  4.268E+01  6.128E-04   CO
10      9        304.2   1151.9855    260.2398   26.740  1.798E-02  1.427E-01  6.290E-06  4.499E-05  7.593E+00  1.495E-04   CO
11      10       365.0   1267.0145    236.6133   29.988  2.477E-03  2.281E-02  9.069E-07  6.290E-06  1.214E+00  3.180E-05   CO
12      11       431.3   1381.9951    216.9273   32.040  3.561E-04  3.410E-03  1.244E-07  9.069E-07  1.815E-01  6.170E-06   CO
13      12       503.1   1496.9229    200.2725   34.022  4.871E-05  4.819E-04  1.626E-08  1.244E-07  2.565E-02  1.108E-06   CO
14      13       580.5   1611.7935    185.9993   34.801  6.407E-06  6.020E-05  1.891E-09  1.626E-08  3.204E-03  1.728E-07   CO
15      14       663.4   1726.6025    173.6314   34.503  7.537E-07  6.219E-06  1.831E-10  1.891E-09  3.310E-04  2.194E-08   CO
16      15       751.7   1841.3455    162.8116   36.738  7.237E-08  6.342E-07  1.759E-11  1.831E-10  3.376E-05  2.714E-09   CO
1       0         23.6    492.1607    609.1354   47.580  8.510E-02  2.997E+00  4.631E-01  2.536E-01  1.595E+02  2.449E-04   [CI]
2       1         62.5    809.3420    370.4151   38.744  1.056E-01  2.257E+00  2.832E-01  4.631E-01  1.201E+02  8.201E-04   [CI]
2       0         62.5   1301.5026    230.3433   41.670  3.497E-09  6.281E-08  2.832E-01  2.536E-01  3.343E-06  9.492E-11   [CI]
1       0          4.2     88.6316   3382.4556    2.917  4.449E+00  1.574E-01  3.970E-01  5.687E-01  8.377E+00  7.511E-08   HCN
2       1         12.8    177.2611   1691.2478    2.854  2.561E+00  5.764E-02  3.358E-02  3.970E-01  3.068E+00  2.201E-07   HCN
3       2         25.5    265.8864   1127.5207    3.056  2.023E-01  1.464E-02  7.227E-04  3.358E-02  7.791E-01  1.886E-07   HCN
4       3         42.5    354.5055    845.6638    5.834  3.982E-03  3.739E-03  5.031E-05  7.227E-04  1.990E-01  1.142E-07   HCN
5       4         63.8    443.1161    676.5550   11.659  2.389E-04  9.755E-04  9.922E-06  5.031E-05  5.192E-02  5.818E-08   HCN
6       5         89.3    531.7163    563.8203   16.170  4.379E-05  2.904E-04  2.420E-06  9.922E-06  1.546E-02  2.993E-08   HCN
