      LINE         E_UP       FREQ        WAVEL     T_EX      TAU        T_R       POP        POP       FLUX        FLUX   SPECIES
                   (K)        (GHz)       (um)      (K)                  (K)        UP        LOW      (K*km/s) (erg/cm2/s)   SPECIES
1       0          5.5    115.2712   2600.7576   43.949  1.649E+00  3.264E+01  2.623E-01  9.915E-02  1.737E+03  3.427E-05   CO
2       1         16.6    230.5380   1300.4037   29.868  7.608E+00  2.447E+01  3.018E-01  2.623E-01  1.302E+03  2.055E-04   CO
3       2         33.2    345.7960    866.9634   25.371  1.221E+01  1.793E+01  2.197E-01  3.018E-01  9.545E+02  5.083E-04   CO
4       3         55.3    461.0408    650.2515   20.145  1.173E+01  1.106E+01  9.417E-02  2.197E-01  5.887E+02  7.430E-04   CO
5       4         83.0    576.2679    520.2310   15.637  6.072E+00  5.673E+00  1.963E-02  9.417E-02  3.019E+02  7.441E-04   CO
6       5        116.2    691.4731    433.5562   14.767  1.337E+00  2.892E+00  2.452E-03  1.963E-02  1.539E+02  6.553E-04   CO
7       6        154.9    806.6518    371.6504   23.558  1.483E-01  1.279E+00  5.470E-04  2.452E-03  6.808E+01  4.602E-04   CO
8       7        199.1    921.7997    325.2252   35.729  2.876E-02  5.121E-01  1.797E-04  5.470E-04  2.726E+01  2.750E-04   CO
9       8        248.9   1036.9124    289.1203   42.597  9.072E-03  2.028E-01  6.245E-05  1.797E-04  1.079E+01  1.550E-04   CO
10      9        304.2   1151.9855    260.2398   48.228  3.089E-03  7.943E-02  2.194E-05  6.245E-05  4.228E+00  8.324E-05   CO
11      10       365.0   1267.0145    236.6133   53.861  1.067E-03  3.099E-02  7.769E-06  2.194E-05  1.649E+00  4.320E-05   CO
12      11       431.3   1381.9951    216.9273   58.912  3.738E-04  1.190E-02  2.739E-06  7.769E-06  6.335E-01  2.154E-05   CO
13      12       503.1   1496.9229    200.2725   65.269  1.291E-04  4.622E-03  9.840E-07  2.739E-06  2.460E-01  1.063E-05   CO
14      13       580.5   1611.7935    185.9993   66.024  4.757E-05  1.652E-03  3.275E-07  9.840E-07  8.793E-02  4.742E-06   CO
15      14       663.4   1726.6025    173.6314   67.023  1.614E-05  5.473E-04  1.017E-07  3.275E-07  2.913E-02  1.931E-06   CO
16      15       751.7   1841.3455    162.8116   74.554  4.861E-06  1.891E-04  3.308E-08  1.017E-07  1.006E-02  8.091E-07   CO
1       0         23.6    492.1607    609.1354   43.287  1.576E-02  5.089E-01  4.794E-01  2.758E-01  2.709E+01  4.159E-05   [CI]
2       1         62.5    809.3420    370.4151   32.838  1.899E-02  3.227E-01  2.448E-01  4.794E-01  1.718E+01  1.173E-04   [CI]
2       0         62.5   1301.5026    230.3433   36.136  6.381E-10  8.605E-09  2.448E-01  2.758E-01  4.580E-07  1.300E-11   [CI]
1       0          4.2     88.6316   3382.4556    2.748  7.539E-01  9.952E-03  3.782E-01  5.926E-01  5.297E-01  4.749E-09   HCN
2       1         12.8    177.2611   1691.2478    2.750  3.889E-01  3.777E-03  2.859E-02  3.782E-01  2.010E-01  1.442E-08   HCN
3       2         25.5    265.8864   1127.5207    2.913  2.737E-02  1.144E-03  5.007E-04  2.859E-02  6.090E-02  1.474E-08   HCN
4       3         42.5    354.5055    845.6638    6.015  4.350E-04  4.504E-04  3.805E-05  5.007E-04  2.397E-02  1.375E-08   HCN
5       4         63.8    443.1161    676.5550   15.315  2.564E-05  1.809E-04  1.160E-05  3.805E-05  9.630E-03  1.079E-08   HCN
6       5         89.3    531.7163    563.8203   23.224  6.816E-06  8.693E-05  4.569E-06  1.160E-05  4.627E-03  8.957E-09   HCN
