      LINE         E_UP       FREQ        WAVEL     T_EX      TAU        T_R       POP        POP       FLUX        FLUX   SPECIES
                   (K)        (GHz)       (um)      (K)                  (K)        UP        LOW      (K*km/s) (erg/cm2/s)   SPECIES
1       0          5.5    115.2712   2600.7576   72.540  7.294E-01  3.572E+01  2.472E-01  8.892E-02  1.901E+03  3.750E-05   CO
2       1         16.6    230.5380   1300.4037   32.352  5.329E+00  2.681E+01  2.926E-01  2.472E-01  1.427E+03  2.252E-04   CO
3       2         33.2    345.7960    866.9634   27.585  8.857E+00  2.007E+01  2.245E-01  2.926E-01  1.068E+03  5.690E-04   CO
4       3         55.3    461.0408    650.2515   22.666  8.904E+00  1.337E+01  1.087E-01  2.245E-01  7.114E+02  8.979E-04   CO
5       4         83.0    576.2679    520.2310   18.455  5.214E+00  7.914E+00  2.970E-02  1.087E-01  4.212E+02  1.038E-03   CO
6       5        116.2    691.4731    433.5562   18.018  1.512E+00  4.873E+00  5.564E-03  2.970E-02  2.594E+02  1.104E-03   CO
7       6        154.9    806.6518    371.6504   27.452  2.505E-01  2.770E+00  1.567E-03  5.564E-03  1.475E+02  9.968E-04   CO
8       7        199.1    921.7997    325.2252   44.231  5.828E-02  1.457E+00  6.532E-04  1.567E-03  7.755E+01  7.823E-04   CO
9       8        248.9   1036.9124    289.1203   55.405  2.253E-02  7.618E-01  2.974E-04  6.532E-04  4.055E+01  5.822E-04   CO
10      9        304.2   1151.9855    260.2398   65.227  9.789E-03  4.037E-01  1.408E-04  2.974E-04  2.149E+01  4.230E-04   CO
11      10       365.0   1267.0145    236.6133   75.919  4.431E-03  2.190E-01  6.923E-05  1.408E-04  1.165E+01  3.053E-04   CO
12      11       431.3   1381.9951    216.9273   85.440  2.115E-03  1.194E-01  3.462E-05  6.923E-05  6.356E+00  2.160E-04   CO
13      12       503.1   1496.9229    200.2725   95.037  1.030E-03  6.548E-02  1.756E-05  3.462E-05  3.485E+00  1.506E-04   CO
14      13       580.5   1611.7935    185.9993   96.850  5.374E-04  3.399E-02  8.485E-06  1.756E-05  1.809E+00  9.756E-05   CO
15      14       663.4   1726.6025    173.6314  101.319  2.615E-04  1.712E-02  4.004E-06  8.485E-06  9.110E-01  6.039E-05   CO
16      15       751.7   1841.3455    162.8116  113.987  1.181E-04  8.910E-03  1.963E-06  4.004E-06  4.743E-01  3.813E-05   CO
1       0         23.6    492.1607    609.1354   52.456  9.769E-03  4.037E-01  4.773E-01  2.496E-01  2.149E+01  3.299E-05   [CI]
2       1         62.5    809.3420    370.4151   36.336  1.421E-02  2.867E-01  2.731E-01  4.773E-01  1.526E+01  1.042E-04   [CI]
2       0         62.5   1301.5026    230.3433   41.114  4.357E-10  7.625E-09  2.731E-01  2.496E-01  4.059E-07  1.152E-11   [CI]
1       0          4.2     88.6316   3382.4556    2.753  5.977E-01  1.005E-02  3.786E-01  5.919E-01  5.347E-01  4.794E-09   HCN
2       1         12.8    177.2611   1691.2478    2.757  3.091E-01  3.940E-03  2.883E-02  3.786E-01  2.097E-01  1.504E-08   HCN
3       2         25.5    265.8864   1127.5207    2.998  2.189E-02  1.388E-03  5.718E-04  2.883E-02  7.387E-02  1.788E-08   HCN
4       3         42.5    354.5055    845.6638    7.060  3.817E-04  6.281E-04  6.604E-05  5.718E-04  3.343E-02  1.918E-08   HCN
5       4         63.8    443.1161    676.5550   17.756  3.287E-05  3.020E-04  2.437E-05  6.604E-05  1.607E-02  1.801E-08   HCN
6       5         89.3    531.7163    563.8203   26.967  1.044E-05  1.689E-04  1.118E-05  2.437E-05  8.992E-03  1.741E-08   HCN
