      LINE         E_UP       FREQ        WAVEL     T_EX      TAU        T_R       POP        POP       FLUX        FLUX   SPECIES
                   (K)        (GHz)       (um)      (K)                  (K)        UP        LOW      (K*km/s) (erg/cm2/s)   SPECIES
1       0          5.5    115.2712   2600.7576  404.993  6.512E+01  4.014E+02  2.015E-02  6.809E-03  2.136E+04  4.214E-04   CO
2       1         16.6    230.5380   1300.4037  404.994  2.550E+02  3.993E+02  3.268E-02  2.015E-02  2.125E+04  3.353E-03   CO
3       2         33.2    345.7960    866.9634  404.994  5.542E+02  3.967E+02  4.391E-02  3.268E-02  2.112E+04  1.124E-02   CO
4       3         55.3    461.0408    650.2515  404.994  9.376E+02  3.940E+02  5.346E-02  4.391E-02  2.097E+04  2.647E-02   CO
5       4         83.0    576.2679    520.2310  404.993  1.375E+03  3.913E+02  6.103E-02  5.346E-02  2.083E+04  5.133E-02   CO
6       5        116.2    691.4731    433.5562  404.993  1.832E+03  3.886E+02  6.645E-02  6.103E-02  2.068E+04  8.807E-02   CO
7       6        154.9    806.6518    371.6504  404.992  2.277E+03  3.859E+02  6.968E-02  6.645E-02  2.054E+04  1.389E-01   CO
8       7        199.1    921.7997    325.2252  404.991  2.676E+03  3.833E+02  7.080E-02  6.968E-02  2.040E+04  2.058E-01   CO
9       8        248.9   1036.9124    289.1203  404.990  3.006E+03  3.806E+02  6.998E-02  7.080E-02  2.026E+04  2.909E-01   CO
10      9        304.2   1151.9855    260.2398  404.988  3.245E+03  3.780E+02  6.748E-02  6.998E-02  2.012E+04  3.961E-01   CO
11      10       365.0   1267.0145    236.6133  404.987  3.389E+03  3.753E+02  6.360E-02  6.748E-02  1.998E+04  5.233E-01   CO
12      11       431.3   1381.9951    216.9273  404.985  3.430E+03  3.727E+02  5.869E-02  6.360E-02  1.984E+04  6.744E-01   CO
13      12       503.1   1496.9229    200.2725  404.983  3.376E+03  3.701E+02  5.308E-02  5.869E-02  1.970E+04  8.510E-01   CO
14      13       580.5   1611.7935    185.9993  404.978  3.240E+03  3.675E+02  4.710E-02  5.308E-02  1.956E+04  1.055E+00   CO
15      14       663.4   1726.6025    173.6314  404.972  3.033E+03  3.650E+02  4.103E-02  4.710E-02  1.942E+04  1.288E+00   CO
16      15       751.7   1841.3455    162.8116  404.966  2.775E+03  3.624E+02  3.511E-02  4.103E-02  1.929E+04  1.551E+00   CO
1       0         23.6    492.1607    609.1354  404.938  4.756E+00  3.899E+02  3.487E-01  1.232E-01  2.075E+04  3.186E-02   [CI]
2       1         62.5    809.3420    370.4151  404.787  9.131E+00  3.856E+02  5.280E-01  3.487E-01  2.053E+04  1.401E-01   [CI]
2       0         62.5   1301.5026    230.3433  404.844  2.484E-07  9.302E-05  5.280E-01  1.232E-01  4.951E-03  1.406E-07   [CI]
1       0          4.2     88.6316   3382.4556   -8.802 -3.321E+02 -1.223E+01  5.757E-02  7.799E-03 -6.509E+02 -5.836E-06   HCN
2       1         12.8    177.2611   1691.2478   13.137  9.389E+02  8.947E+00  1.412E-02  5.757E-02  4.762E+02  3.416E-05   HCN
3       2         25.5    265.8864   1127.5207  -15.472 -3.991E+02 -2.284E+01  5.256E-02  1.412E-02 -1.216E+03 -2.943E-04   HCN
4       3         42.5    354.5055    845.6638  -31.716 -1.516E+03 -4.101E+01  1.881E-01  5.256E-02 -2.183E+03 -1.252E-03   HCN
5       4         63.8    443.1161    676.5550  248.789  2.667E+03  2.383E+02  2.158E-02  1.881E-01  1.268E+04  1.421E-02   HCN
6       5         89.3    531.7163    563.8203  -23.467 -1.070E+02  1.190E+48  3.435E-02  2.158E-02  6.335E+49  1.226E+44   HCN
