      LINE         E_UP       FREQ        WAVEL     T_EX      TAU        T_R       POP        POP       FLUX        FLUX   SPECIES
                   (K)        (GHz)       (um)      (K)                  (K)        UP        LOW      (K*km/s) (erg/cm2/s)   SPECIES
1       0          5.5    115.2712   2600.7576   29.024  1.501E+01  2.551E+01  2.417E-01  9.750E-02  1.358E+03  2.678E-05   CO
2       1         16.6    230.5380   1300.4037   28.915  4.544E+01  2.354E+01  2.748E-01  2.417E-01  1.253E+03  1.977E-04   CO
3       2         33.2    345.7960    866.9634   28.349  6.475E+01  2.082E+01  2.142E-01  2.748E-01  1.108E+03  5.901E-04   CO
4       3         55.3    461.0408    650.2515   26.773  6.091E+01  1.721E+01  1.205E-01  2.142E-01  9.160E+02  1.156E-03   CO
5       4         83.0    576.2679    520.2310   22.841  4.151E+01  1.174E+01  4.389E-02  1.205E-01  6.247E+02  1.539E-03   CO
6       5        116.2    691.4731    433.5562   16.604  1.823E+01  5.202E+00  7.030E-03  4.389E-02  2.769E+02  1.179E-03   CO
7       6        154.9    806.6518    371.6504   11.408  3.215E+00  1.292E+00  2.724E-04  7.030E-03  6.874E+01  4.647E-04   CO
8       7        199.1    921.7997    325.2252   13.276  1.228E-01  1.893E-01  1.103E-05  2.724E-04  1.007E+01  1.016E-04   CO
9       8        248.9   1036.9124    289.1203   18.067  4.773E-03  1.610E-02  7.844E-07  1.103E-05  8.572E-01  1.231E-05   CO
10      9        304.2   1151.9855    260.2398   19.639  3.374E-04  1.188E-03  5.193E-08  7.844E-07  6.324E-02  1.245E-06   CO
11      10       365.0   1267.0145    236.6133   20.488  2.234E-05  7.361E-05  2.924E-09  5.193E-08  3.918E-03  1.026E-07   CO
12      11       431.3   1381.9951    216.9273   21.136  1.257E-06  3.779E-06  1.378E-10  2.924E-09  2.011E-04  6.837E-09   CO
13      12       503.1   1496.9229    200.2725   22.154  5.900E-08  1.723E-07  5.813E-12  1.378E-10  9.170E-06  3.961E-10   CO
14      13       580.5   1611.7935    185.9993   22.294  2.489E-09  6.184E-09  1.943E-13  5.813E-12  3.292E-07  1.775E-11   CO
15      14       663.4   1726.6025    173.6314   22.578  8.297E-11  1.797E-10  5.291E-15  1.943E-13  9.564E-09  6.340E-13   CO
16      15       751.7   1841.3455    162.8116   23.056  2.248E-12  4.396E-12  1.219E-16  5.291E-15  2.340E-10  1.881E-14   CO
1       0         23.6    492.1607    609.1354   25.870  1.963E-01  2.821E+00  4.603E-01  3.823E-01  1.501E+02  2.305E-04   [CI]
2       1         62.5    809.3420    370.4151   24.526  1.318E-01  1.238E+00  1.574E-01  4.603E-01  6.591E+01  4.500E-04   [CI]
2       0         62.5   1301.5026    230.3433   25.018  6.228E-09  3.491E-08  1.574E-01  3.823E-01  1.858E-06  5.276E-11   [CI]
1       0          4.2     88.6316   3382.4556    2.864  4.546E+00  1.132E-01  3.915E-01  5.764E-01  6.024E+00  5.401E-08   HCN
2       1         12.8    177.2611   1691.2478    2.809  2.532E+00  3.687E-02  3.157E-02  3.915E-01  1.962E+00  1.408E-07   HCN
3       2         25.5    265.8864   1127.5207    2.908  1.907E-01  7.182E-03  5.494E-04  3.157E-02  3.822E-01  9.253E-08   HCN
4       3         42.5    354.5055    845.6638    4.574  3.123E-03  1.215E-03  1.713E-05  5.494E-04  6.468E-02  3.711E-08   HCN
5       4         63.8    443.1161    676.5550    9.487  8.671E-05  2.186E-04  2.226E-06  1.713E-05  1.163E-02  1.303E-08   HCN
6       5         89.3    531.7163    563.8203   12.470  1.078E-05  4.078E-05  3.398E-07  2.226E-06  2.171E-03  4.202E-09   HCN
