      LINE         E_UP       FREQ        WAVEL     T_EX      TAU        T_R       POP        POP       FLUX        FLUX   SPECIES
                   (K)        (GHz)       (um)      (K)                  (K)        UP        LOW      (K*km/s) (erg/cm2/s)   SPECIES
1       0          5.5    115.2712   2600.7576  234.445  6.679E-01  1.125E+02  9.456E-02  3.227E-02  5.986E+03  1.181E-04   CO
2       1         16.6    230.5380   1300.4037  106.537  5.515E+00  1.005E+02  1.421E-01  9.456E-02  5.349E+03  8.440E-04   CO
3       2         33.2    345.7960    866.9634  101.598  1.138E+01  9.349E+01  1.689E-01  1.421E-01  4.976E+03  2.650E-03   CO
4       3         55.3    461.0408    650.2515   95.597  1.764E+01  8.495E+01  1.723E-01  1.689E-01  4.522E+03  5.707E-03   CO
5       4         83.0    576.2679    520.2310   87.144  2.298E+01  7.405E+01  1.533E-01  1.723E-01  3.941E+03  9.713E-03   CO
6       5        116.2    691.4731    433.5562   76.286  2.598E+01  6.089E+01  1.173E-01  1.533E-01  3.241E+03  1.380E-02   CO
7       6        154.9    806.6518    371.6504   63.354  2.537E+01  4.596E+01  7.345E-02  1.173E-01  2.446E+03  1.653E-02   CO
8       7        199.1    921.7997    325.2252   49.568  2.026E+01  3.070E+01  3.410E-02  7.345E-02  1.634E+03  1.648E-02   CO
9       8        248.9   1036.9124    289.1203   36.911  1.167E+01  1.746E+01  9.897E-03  3.410E-02  9.292E+02  1.334E-02   CO
10      9        304.2   1151.9855    260.2398   28.245  3.888E+00  8.906E+00  1.545E-03  9.897E-03  4.740E+02  9.332E-03   CO
11      10       365.0   1267.0145    236.6133   31.193  6.009E-01  4.559E+00  2.409E-04  1.545E-03  2.426E+02  6.356E-03   CO
12      11       431.3   1381.9951    216.9273   51.543  7.835E-02  1.907E+00  7.230E-05  2.409E-04  1.015E+02  3.450E-03   CO
13      12       503.1   1496.9229    200.2725   64.897  2.157E-02  7.568E-01  2.581E-05  7.230E-05  4.028E+01  1.740E-03   CO
14      13       580.5   1611.7935    185.9993   68.867  7.697E-03  2.858E-01  9.016E-06  2.581E-05  1.521E+01  8.204E-04   CO
15      14       663.4   1726.6025    173.6314   71.597  2.709E-03  1.027E-01  3.029E-06  9.016E-06  5.468E+00  3.625E-04   CO
16      15       751.7   1841.3455    162.8116   77.353  8.960E-04  3.708E-02  1.029E-06  3.029E-06  1.974E+00  1.587E-04   CO
1       0         23.6    492.1607    609.1354  188.998  1.590E-02  2.798E+00  4.178E-01  1.578E-01  1.489E+02  2.287E-04   [CI]
2       1         62.5    809.3420    370.4151   78.468  5.876E-02  3.461E+00  4.244E-01  4.178E-01  1.842E+02  1.258E-03   [CI]
2       0         62.5   1301.5026    230.3433  100.749  1.294E-09  9.412E-08  4.244E-01  1.578E-01  5.010E-06  1.422E-10   [CI]
1       0          4.2     88.6316   3382.4556    3.078  4.174E+00  2.912E-01  4.118E-01  5.466E-01  1.550E+01  1.390E-07   HCN
2       1         12.8    177.2611   1691.2478    2.986  2.637E+00  1.211E-01  3.974E-02  4.118E-01  6.446E+00  4.624E-07   HCN
3       2         25.5    265.8864   1127.5207    3.478  2.369E-01  4.530E-02  1.419E-03  3.974E-02  2.411E+00  5.837E-07   HCN
4       3         42.5    354.5055    845.6638    8.317  7.200E-03  1.789E-02  2.360E-04  1.419E-03  9.520E-01  5.463E-07   HCN
5       4         63.8    443.1161    676.5550   15.718  9.910E-04  7.334E-03  7.454E-05  2.360E-04  3.903E-01  4.374E-07   HCN
6       5         89.3    531.7163    563.8203   22.814  2.791E-04  3.455E-03  2.879E-05  7.454E-05  1.839E-01  3.560E-07   HCN
