      LINE         E_UP       FREQ        WAVEL     T_EX      TAU        T_R       POP        POP       FLUX        FLUX   SPECIES
                   (K)        (GHz)       (um)      (K)                  (K)        UP        LOW      (K*km/s) (erg/cm2/s)   SPECIES
1       0          5.5    115.2712   2600.7576  4.220E+03  1.790E-02  7.478E+01  1.458E-01  4.868E-02  3.980E+03  7.851E-05   CO
2       1         16.6    230.5380   1300.4037   67.914  4.099E+00  6.130E+01  2.065E-01  1.458E-01  3.263E+03  5.149E-04   CO
3       2         33.2    345.7960    866.9634   59.887  8.406E+00  5.192E+01  2.191E-01  2.065E-01  2.764E+03  1.472E-03   CO
4       3         55.3    461.0408    650.2515   52.449  1.206E+01  4.215E+01  1.848E-01  2.191E-01  2.244E+03  2.832E-03   CO
5       4         83.0    576.2679    520.2310   43.708  1.344E+01  3.133E+01  1.200E-01  1.848E-01  1.667E+03  4.109E-03   CO
6       5        116.2    691.4731    433.5562   35.029  1.116E+01  2.102E+01  5.497E-02  1.200E-01  1.119E+03  4.763E-03   CO
7       6        154.9    806.6518    371.6504   27.664  6.196E+00  1.265E+01  1.565E-02  5.497E-02  6.736E+02  4.553E-03   CO
8       7        199.1    921.7997    325.2252   25.054  1.917E+00  7.787E+00  3.034E-03  1.565E-02  4.144E+02  4.181E-03   CO
9       8        248.9   1036.9124    289.1203   34.910  3.368E-01  4.504E+00  8.151E-04  3.034E-03  2.397E+02  3.442E-03   CO
10      9        304.2   1151.9855    260.2398   55.576  7.432E-02  2.324E+00  3.332E-04  8.151E-04  1.237E+02  2.435E-03   CO
11      10       365.0   1267.0145    236.6133   69.573  2.784E-02  1.196E+00  1.523E-04  3.332E-04  6.364E+01  1.667E-03   CO
12      11       431.3   1381.9951    216.9273   79.588  1.224E-02  6.199E-01  7.193E-05  1.523E-04  3.300E+01  1.122E-03   CO
13      12       503.1   1496.9229    200.2725   88.871  5.619E-03  3.235E-01  3.461E-05  7.193E-05  1.722E+01  7.438E-04   CO
14      13       580.5   1611.7935    185.9993   91.040  2.769E-03  1.598E-01  1.590E-05  3.461E-05  8.503E+00  4.585E-04   CO
15      14       663.4   1726.6025    173.6314   94.764  1.284E-03  7.607E-02  7.087E-06  1.590E-05  4.049E+00  2.684E-04   CO
16      15       751.7   1841.3455    162.8116  106.238  5.498E-04  3.743E-02  3.284E-06  7.087E-06  1.992E+00  1.602E-04   CO
1       0         23.6    492.1607    609.1354  157.402  6.620E-03  9.625E-01  4.523E-01  1.752E-01  5.123E+01  7.865E-05   [CI]
2       1         62.5    809.3420    370.4151   55.093  2.607E-02  9.762E-01  3.725E-01  4.523E-01  5.196E+01  3.547E-04   [CI]
2       0         62.5   1301.5026    230.3433   73.047  5.652E-10  2.612E-08  3.725E-01  1.752E-01  1.390E-06  3.947E-11   [CI]
1       0          4.2     88.6316   3382.4556    2.807  1.467E+00  5.194E-02  3.846E-01  5.834E-01  2.764E+00  2.479E-08   HCN
2       1         12.8    177.2611   1691.2478    2.806  7.867E-01  2.113E-02  3.092E-02  3.846E-01  1.125E+00  8.068E-08   HCN
3       2         25.5    265.8864   1127.5207    3.240  5.866E-02  7.649E-03  8.434E-04  3.092E-02  4.071E-01  9.855E-08   HCN
4       3         42.5    354.5055    845.6638    8.337  1.352E-03  3.388E-03  1.409E-04  8.434E-04  1.803E-01  1.035E-07   HCN
5       4         63.8    443.1161    676.5550   17.437  1.779E-04  1.584E-03  5.087E-05  1.409E-04  8.429E-02  9.444E-08   HCN
6       5         89.3    531.7163    563.8203   26.187  5.570E-05  8.614E-04  2.269E-05  5.087E-05  4.585E-02  8.876E-08   HCN
