      LINE         E_UP       FREQ        WAVEL     T_EX      TAU        T_R       POP        POP       FLUX        FLUX   SPECIES
                   (K)        (GHz)       (um)      (K)                  (K)        UP        LOW      (K*km/s) (erg/cm2/s)   SPECIES
1       0          5.5    115.2712   2600.7576  329.998  1.232E+02  3.264E+02  2.464E-02  8.353E-03  1.737E+04  3.427E-04   CO
2       1         16.6    230.5380   1300.4037  329.998  4.804E+02  3.243E+02  3.972E-02  2.464E-02  1.726E+04  2.724E-03   CO
3       2         33.2    345.7960    866.9634  329.998  1.036E+03  3.217E+02  5.288E-02  3.972E-02  1.712E+04  9.119E-03   CO
4       3         55.3    461.0408    650.2515  329.998  1.734E+03  3.191E+02  6.358E-02  5.288E-02  1.698E+04  2.143E-02   CO
5       4         83.0    576.2679    520.2310  329.998  2.507E+03  3.164E+02  7.146E-02  6.358E-02  1.684E+04  4.150E-02   CO
6       5        116.2    691.4731    433.5562  329.997  3.285E+03  3.137E+02  7.637E-02  7.146E-02  1.670E+04  7.109E-02   CO
7       6        154.9    806.6518    371.6504  329.997  4.000E+03  3.110E+02  7.836E-02  7.637E-02  1.655E+04  1.119E-01   CO
8       7        199.1    921.7997    325.2252  329.997  4.594E+03  3.084E+02  7.767E-02  7.836E-02  1.641E+04  1.656E-01   CO
9       8        248.9   1036.9124    289.1203  329.996  5.025E+03  3.057E+02  7.466E-02  7.767E-02  1.627E+04  2.336E-01   CO
10      9        304.2   1151.9855    260.2398  329.995  5.268E+03  3.031E+02  6.979E-02  7.466E-02  1.613E+04  3.176E-01   CO
11      10       365.0   1267.0145    236.6133  329.995  5.326E+03  3.005E+02  6.357E-02  6.979E-02  1.600E+04  4.190E-01   CO
12      11       431.3   1381.9951    216.9273  329.993  5.202E+03  2.979E+02  5.652E-02  6.357E-02  1.586E+04  5.390E-01   CO
13      12       503.1   1496.9229    200.2725  329.992  4.926E+03  2.954E+02  4.910E-02  5.652E-02  1.572E+04  6.791E-01   CO
14      13       580.5   1611.7935    185.9993  329.990  4.534E+03  2.928E+02  4.171E-02  4.910E-02  1.559E+04  8.404E-01   CO
15      14       663.4   1726.6025    173.6314  329.987  4.058E+03  2.903E+02  3.469E-02  4.171E-02  1.545E+04  1.024E+00   CO
16      15       751.7   1841.3455    162.8116  329.983  3.540E+03  2.878E+02  2.825E-02  3.469E-02  1.532E+04  1.231E+00   CO
1       0         23.6    492.1607    609.1354  329.974  7.470E+00  3.181E+02  3.522E-01  1.261E-01  1.693E+04  2.599E-02   [CI]
2       1         62.5    809.3420    370.4151  329.922  1.409E+01  3.109E+02  5.217E-01  3.522E-01  1.655E+04  1.130E-01   [CI]
2       0         62.5   1301.5026    230.3433  329.941  3.861E-07  1.157E-04  5.217E-01  1.261E-01  6.158E-03  1.748E-07   [CI]
1       0          4.2     88.6316   3382.4556   -2.030  6.797E-17 -6.537E-16  1.389E-02  1.517E-03 -3.479E-14 -3.120E-22   HCN
2       1         12.8    177.2611   1691.2478    3.156  2.718E-17  0.000E+00  4.730E-03  1.389E-02  0.000E+00  0.000E+00   HCN
3       2         25.5    265.8864   1127.5207    1.179  1.748E-17  0.000E+00  5.911E-03  4.730E-03  0.000E+00  0.000E+00   HCN
4       3         42.5    354.5055    845.6638   11.406  1.295E-17  0.000E+00  1.578E-02  5.911E-03  0.000E+00  0.000E+00   HCN
5       4         63.8    443.1161    676.5550   -0.697 -4.542E+01  1.132E+21  2.001E-02  1.578E-02  6.028E+22  6.754E+16   HCN
6       5         89.3    531.7163    563.8203  -10.750 -9.852E+01  1.728E+44  2.478E-02  2.001E-02  9.198E+45  1.781E+40   HCN
