      LINE         E_UP       FREQ        WAVEL     T_EX      TAU        T_R       POP        POP       FLUX        FLUX   SPECIES
                   (K)        (GHz)       (um)      (K)                  (K)        UP        LOW      (K*km/s) (erg/cm2/s)   SPECIES
1       0          5.5    115.2712   2600.7576   23.785  1.792E+00  1.691E+01  3.667E-01  1.543E-01  9.000E+02  1.775E-05   CO
2       1         16.6    230.5380   1300.4037   16.641  6.644E+00  1.151E+01  3.144E-01  3.667E-01  6.125E+02  9.665E-05   CO
3       2         33.2    345.7960    866.9634   13.794  7.381E+00  7.079E+00  1.322E-01  3.144E-01  3.768E+02  2.006E-04   CO
4       3         55.3    461.0408    650.2515   11.767  3.572E+00  3.864E+00  2.592E-02  1.322E-01  2.057E+02  2.596E-04   CO
5       4         83.0    576.2679    520.2310   13.764  6.946E-01  2.144E+00  4.247E-03  2.592E-02  1.141E+02  2.812E-04   CO
6       5        116.2    691.4731    433.5562   24.946  9.472E-02  1.078E+00  1.327E-03  4.247E-03  5.737E+01  2.443E-04   CO
7       6        154.9    806.6518    371.6504   36.828  2.577E-02  5.293E-01  5.352E-04  1.327E-03  2.817E+01  1.904E-04   CO
8       7        199.1    921.7997    325.2252   46.199  9.723E-03  2.666E-01  2.328E-04  5.352E-04  1.419E+01  1.432E-04   CO
9       8        248.9   1036.9124    289.1203   54.452  4.067E-03  1.352E-01  1.043E-04  2.328E-04  7.196E+00  1.033E-04   CO
10      9        304.2   1151.9855    260.2398   63.179  1.756E-03  6.934E-02  4.807E-05  1.043E-04  3.691E+00  7.266E-05   CO
11      10       365.0   1267.0145    236.6133   72.960  7.777E-04  3.633E-02  2.288E-05  4.807E-05  1.934E+00  5.065E-05   CO
12      11       431.3   1381.9951    216.9273   81.408  3.615E-04  1.905E-02  1.101E-05  2.288E-05  1.014E+00  3.446E-05   CO
13      12       503.1   1496.9229    200.2725   90.371  1.697E-04  1.004E-02  5.370E-06  1.101E-05  5.344E-01  2.309E-05   CO
14      13       580.5   1611.7935    185.9993   90.757  8.588E-05  4.939E-03  2.459E-06  5.370E-06  2.629E-01  1.417E-05   CO
15      14       663.4   1726.6025    173.6314   93.863  3.987E-05  2.330E-03  1.087E-06  2.459E-06  1.240E-01  8.221E-06   CO
16      15       751.7   1841.3455    162.8116  106.634  1.679E-05  1.150E-03  5.054E-07  1.087E-06  6.120E-02  4.921E-06   CO
1       0         23.6    492.1607    609.1354   25.540  1.224E-02  1.888E-01  4.459E-01  3.748E-01  1.005E+01  1.542E-05   [CI]
2       1         62.5    809.3420    370.4151   27.313  7.692E-03  9.460E-02  1.793E-01  4.459E-01  5.035E+00  3.438E-05   [CI]
2       0         62.5   1301.5026    230.3433   26.614  3.796E-10  2.508E-09  1.793E-01  3.748E-01  1.335E-07  3.790E-12   [CI]
1       0          4.2     88.6316   3382.4556    2.737  3.016E-01  2.460E-03  3.769E-01  5.944E-01  1.309E-01  1.174E-09   HCN
2       1         12.8    177.2611   1691.2478    2.739  1.544E-01  9.431E-04  2.815E-02  3.769E-01  5.020E-02  3.601E-09   HCN
3       2         25.5    265.8864   1127.5207    2.861  1.074E-02  3.204E-04  4.556E-04  2.815E-02  1.705E-02  4.128E-09   HCN
4       3         42.5    354.5055    845.6638    5.753  1.588E-04  1.428E-04  3.044E-05  4.556E-04  7.599E-03  4.360E-09   HCN
5       4         63.8    443.1161    676.5550   17.231  7.711E-06  6.726E-05  1.083E-05  3.044E-05  3.580E-03  4.011E-09   HCN
6       5         89.3    531.7163    563.8203   26.528  2.347E-06  3.704E-05  4.890E-06  1.083E-05  1.972E-03  3.817E-09   HCN
