      LINE         E_UP       FREQ        WAVEL     T_EX      TAU        T_R       POP        POP       FLUX        FLUX   SPECIES
                   (K)        (GHz)       (um)      (K)                  (K)        UP        LOW      (K*km/s) (erg/cm2/s)   SPECIES
1       0          5.5    115.2712   2600.7576  142.490  3.932E-01  4.516E+01  2.119E-01  7.341E-02  2.404E+03  4.741E-05   CO
2       1         16.6    230.5380   1300.4037   40.648  4.730E+00  3.486E+01  2.690E-01  2.119E-01  1.856E+03  2.928E-04   CO
3       2         33.2    345.7960    866.9634   35.000  8.559E+00  2.731E+01  2.344E-01  2.690E-01  1.454E+03  7.741E-04   CO
4       3         55.3    461.0408    650.2515   29.243  9.966E+00  1.955E+01  1.414E-01  2.344E-01  1.041E+03  1.314E-03   CO
5       4         83.0    576.2679    520.2310   23.569  7.592E+00  1.238E+01  5.345E-02  1.414E-01  6.588E+02  1.624E-03   CO
6       5        116.2    691.4731    433.5562   20.088  3.290E+00  7.575E+00  1.211E-02  5.345E-02  4.032E+02  1.717E-03   CO
7       6        154.9    806.6518    371.6504   23.298  7.356E-01  4.724E+00  2.652E-03  1.211E-02  2.514E+02  1.699E-03   CO
8       7        199.1    921.7997    325.2252   39.143  1.330E-01  2.627E+00  9.706E-04  2.652E-03  1.398E+02  1.411E-03   CO
9       8        248.9   1036.9124    289.1203   54.836  4.241E-02  1.398E+00  4.377E-04  9.706E-04  7.441E+01  1.068E-03   CO
10      9        304.2   1151.9855    260.2398   65.895  1.802E-02  7.515E-01  2.091E-04  4.377E-04  4.000E+01  7.875E-04   CO
11      10       365.0   1267.0145    236.6133   77.051  8.202E-03  4.134E-01  1.040E-04  2.091E-04  2.200E+01  5.763E-04   CO
12      11       431.3   1381.9951    216.9273   87.168  3.947E-03  2.291E-01  5.283E-05  1.040E-04  1.220E+01  4.146E-04   CO
13      12       503.1   1496.9229    200.2725   97.029  1.951E-03  1.277E-01  2.721E-05  5.283E-05  6.796E+00  2.936E-04   CO
14      13       580.5   1611.7935    185.9993   99.692  1.029E-03  6.782E-02  1.345E-05  2.721E-05  3.610E+00  1.946E-04   CO
15      14       663.4   1726.6025    173.6314  104.770  5.105E-04  3.509E-02  6.520E-06  1.345E-05  1.867E+00  1.238E-04   CO
16      15       751.7   1841.3455    162.8116  117.438  2.373E-04  1.869E-02  3.270E-06  6.520E-06  9.946E-01  7.997E-05   CO
1       0         23.6    492.1607    609.1354   71.841  8.357E-03  5.049E-01  4.739E-01  2.195E-01  2.688E+01  4.126E-05   [CI]
2       1         62.5    809.3420    370.4151   41.058  1.655E-02  4.047E-01  3.067E-01  4.739E-01  2.154E+01  1.471E-04   [CI]
2       0         62.5   1301.5026    230.3433   48.997  4.449E-10  1.078E-08  3.067E-01  2.195E-01  5.737E-07  1.629E-11   [CI]
1       0          4.2     88.6316   3382.4556    2.763  7.492E-01  1.608E-02  3.797E-01  5.903E-01  8.560E-01  7.675E-09   HCN
2       1         12.8    177.2611   1691.2478    2.767  3.901E-01  6.376E-03  2.924E-02  3.797E-01  3.394E-01  2.434E-08   HCN
3       2         25.5    265.8864   1127.5207    3.067  2.791E-02  2.285E-03  6.389E-04  2.924E-02  1.216E-01  2.944E-08   HCN
4       3         42.5    354.5055    845.6638    7.564  5.278E-04  1.041E-03  8.666E-05  6.389E-04  5.541E-02  3.179E-08   HCN
5       4         63.8    443.1161    676.5550   17.937  5.402E-05  5.050E-04  3.236E-05  8.666E-05  2.688E-02  3.012E-08   HCN
6       5         89.3    531.7163    563.8203   27.157  1.738E-05  2.844E-04  1.495E-05  3.236E-05  1.514E-02  2.930E-08   HCN
