      LINE         E_UP       FREQ        WAVEL     T_EX      TAU        T_R       POP        POP       FLUX        FLUX   SPECIES
                   (K)        (GHz)       (um)      (K)                  (K)        UP        LOW      (K*km/s) (erg/cm2/s)   SPECIES
1       0          5.5    115.2712   2600.7576  280.037  4.436E+00  2.732E+02  2.992E-02  1.017E-02  1.454E+04  2.868E-04   CO
2       1         16.6    230.5380   1300.4037  277.745  1.735E+01  2.721E+02  4.792E-02  2.992E-02  1.448E+04  2.285E-03   CO
3       2         33.2    345.7960    866.9634  277.877  3.711E+01  2.696E+02  6.320E-02  4.792E-02  1.435E+04  7.642E-03   CO
4       3         55.3    461.0408    650.2515  277.794  6.144E+01  2.669E+02  7.504E-02  6.320E-02  1.420E+04  1.793E-02   CO
5       4         83.0    576.2679    520.2310  277.617  8.766E+01  2.640E+02  8.301E-02  7.504E-02  1.405E+04  3.463E-02   CO
6       5        116.2    691.4731    433.5562  277.430  1.130E+02  2.612E+02  8.705E-02  8.301E-02  1.390E+04  5.919E-02   CO
7       6        154.9    806.6518    371.6504  277.084  1.349E+02  2.582E+02  8.734E-02  8.705E-02  1.374E+04  9.289E-02   CO
8       7        199.1    921.7997    325.2252  276.655  1.515E+02  2.551E+02  8.436E-02  8.734E-02  1.358E+04  1.370E-01   CO
9       8        248.9   1036.9124    289.1203  276.020  1.616E+02  2.519E+02  7.873E-02  8.436E-02  1.341E+04  1.925E-01   CO
10      9        304.2   1151.9855    260.2398  275.107  1.647E+02  2.484E+02  7.118E-02  7.873E-02  1.322E+04  2.603E-01   CO
11      10       365.0   1267.0145    236.6133  274.072  1.613E+02  2.448E+02  6.244E-02  7.118E-02  1.303E+04  3.413E-01   CO
12      11       431.3   1381.9951    216.9273  272.619  1.522E+02  2.408E+02  5.322E-02  6.244E-02  1.282E+04  4.357E-01   CO
13      12       503.1   1496.9229    200.2725  270.742  1.388E+02  2.364E+02  4.408E-02  5.322E-02  1.258E+04  5.435E-01   CO
14      13       580.5   1611.7935    185.9993  267.336  1.229E+02  2.305E+02  3.545E-02  4.408E-02  1.227E+04  6.616E-01   CO
15      14       663.4   1726.6025    173.6314  262.686  1.055E+02  2.234E+02  2.764E-02  3.545E-02  1.189E+04  7.883E-01   CO
16      15       751.7   1841.3455    162.8116  255.781  8.810E+01  2.141E+02  2.083E-02  2.764E-02  1.140E+04  9.164E-01   CO
1       0         23.6    492.1607    609.1354  286.576  2.205E-01  5.440E+01  3.574E-01  1.294E-01  2.896E+03  4.445E-03   [CI]
2       1         62.5    809.3420    370.4151  260.302  4.484E-01  8.722E+01  5.132E-01  3.574E-01  4.642E+03  3.169E-02   [CI]
2       0         62.5   1301.5026    230.3433  269.651  1.193E-08  2.859E-06  5.132E-01  1.294E-01  1.521E-04  4.320E-09   [CI]
1       0          4.2     88.6316   3382.4556   31.344  3.009E+00  2.675E+01  2.425E-01  9.260E-02  1.424E+03  1.276E-05   HCN
2       1         12.8    177.2611   1691.2478   25.176  1.187E+01  2.077E+01  2.883E-01  2.425E-01  1.105E+03  7.929E-05   HCN
3       2         25.5    265.8864   1127.5207   21.863  1.959E+01  1.598E+01  2.252E-01  2.883E-01  8.506E+02  2.059E-04   HCN
4       3         42.5    354.5055    845.6638   18.033  2.013E+01  1.081E+01  1.127E-01  2.252E-01  5.754E+02  3.302E-04   HCN
5       4         63.8    443.1161    676.5550   14.578  1.231E+01  6.434E+00  3.203E-02  1.127E-01  3.425E+02  3.837E-04   HCN
6       5         89.3    531.7163    563.8203   12.574  3.886E+00  3.779E+00  4.974E-03  3.203E-02  2.011E+02  3.894E-04   HCN
