      LINE         E_UP       FREQ        WAVEL     T_EX      TAU        T_R       POP        POP       FLUX        FLUX   SPECIES
                   (K)        (GHz)       (um)      (K)                  (K)        UP        LOW      (K*km/s) (erg/cm2/s)   SPECIES
1       0          5.5    115.2712   2600.7576   55.000  1.055E+03  5.144E+01  1.342E-01  4.945E-02  2.738E+03  5.401E-05   CO
2       1         16.6    230.5380   1300.4037   55.000  3.630E+03  4.946E+01  1.828E-01  1.342E-01  2.632E+03  4.154E-04   CO
3       2         33.2    345.7960    866.9634   55.000  6.362E+03  4.708E+01  1.893E-01  1.828E-01  2.506E+03  1.334E-03   CO
4       3         55.3    461.0408    650.2515   55.000  7.962E+03  4.467E+01  1.628E-01  1.893E-01  2.378E+03  3.001E-03   CO
5       4         83.0    576.2679    520.2310   55.000  7.926E+03  4.232E+01  1.203E-01  1.628E-01  2.253E+03  5.552E-03   CO
6       5        116.2    691.4731    433.5562   54.999  6.579E+03  4.007E+01  7.778E-02  1.203E-01  2.132E+03  9.080E-03   CO
7       6        154.9    806.6518    371.6504   54.999  4.672E+03  3.789E+01  4.439E-02  7.778E-02  2.017E+03  1.363E-02   CO
8       7        199.1    921.7997    325.2252   54.998  2.880E+03  3.581E+01  2.251E-02  4.439E-02  1.906E+03  1.923E-02   CO
9       8        248.9   1036.9124    289.1203   54.995  1.556E+03  3.381E+01  1.018E-02  2.251E-02  1.800E+03  2.584E-02   CO
10      9        304.2   1151.9855    260.2398   54.986  7.417E+02  3.190E+01  4.116E-03  1.018E-02  1.698E+03  3.343E-02   CO
11      10       365.0   1267.0145    236.6133   54.959  3.138E+02  3.005E+01  1.491E-03  4.116E-03  1.599E+03  4.190E-02   CO
12      11       431.3   1381.9951    216.9273   54.869  1.181E+02  2.823E+01  4.838E-04  1.491E-03  1.503E+03  5.108E-02   CO
13      12       503.1   1496.9229    200.2725   54.522  3.965E+01  2.627E+01  1.399E-04  4.838E-04  1.398E+03  6.040E-02   CO
14      13       580.5   1611.7935    185.9993   52.388  1.198E+01  2.290E+01  3.433E-05  1.399E-04  1.219E+03  6.573E-02   CO
15      14       663.4   1726.6025    173.6314   45.249  3.173E+00  1.515E+01  5.878E-06  3.433E-05  8.061E+02  5.344E-02   CO
16      15       751.7   1841.3455    162.8116   40.740  5.681E-01  4.941E+00  7.151E-07  5.878E-06  2.630E+02  2.115E-02   CO
1       0         23.6    492.1607    609.1354   54.998  1.650E+01  4.403E+01  4.283E-01  2.194E-01  2.343E+03  3.598E-03   [CI]
2       1         62.5    809.3420    370.4151   54.991  1.964E+01  3.784E+01  3.523E-01  4.283E-01  2.014E+03  1.375E-02   [CI]
2       0         62.5   1301.5026    230.3433   54.994  6.640E-07  1.962E-05  3.523E-01  2.194E-01  1.044E-03  2.965E-08   [CI]
1       0          4.2     88.6316   3382.4556   48.964  1.047E+01  4.574E+01  1.351E-01  4.912E-02  2.434E+03  2.183E-05   HCN
2       1         12.8    177.2611   1691.2478   48.256  3.728E+01  4.373E+01  1.888E-01  1.351E-01  2.328E+03  1.670E-04   HCN
3       2         25.5    265.8864   1127.5207   47.240  6.866E+01  4.103E+01  2.017E-01  1.888E-01  2.184E+03  5.286E-04   HCN
4       3         42.5    354.5055    845.6638   45.287  9.245E+01  3.728E+01  1.781E-01  2.017E-01  1.984E+03  1.138E-03   HCN
5       4         63.8    443.1161    676.5550   41.866  1.009E+02  3.212E+01  1.310E-01  1.781E-01  1.710E+03  1.916E-03   HCN
6       5         89.3    531.7163    563.8203   36.397  9.222E+01  2.511E+01  7.680E-02  1.310E-01  1.337E+03  2.588E-03   HCN
