      LINE         E_UP       FREQ        WAVEL     T_EX      TAU        T_R       POP        POP       FLUX        FLUX   SPECIES
                   (K)        (GHz)       (um)      (K)                  (K)        UP        LOW      (K*km/s) (erg/cm2/s)   SPECIES
1       0          5.5    115.2712   2600.7576   20.582  2.738E+00  1.600E+01  3.779E-01  1.648E-01  8.514E+02  1.679E-05   CO
2       1         16.6    230.5380   1300.4037   15.940  8.882E+00  1.085E+01  3.146E-01  3.779E-01  5.773E+02  9.109E-05   CO
3       2         33.2    345.7960    866.9634   12.877  9.626E+00  6.276E+00  1.214E-01  3.146E-01  3.340E+02  1.779E-04   CO
4       3         55.3    461.0408    650.2515   10.391  4.295E+00  2.939E+00  1.856E-02  1.214E-01  1.564E+02  1.974E-04   CO
5       4         83.0    576.2679    520.2310   11.602  6.563E-01  1.351E+00  2.091E-03  1.856E-02  7.193E+01  1.773E-04   CO
6       5        116.2    691.4731    433.5562   20.745  6.370E-02  5.183E-01  4.991E-04  2.091E-03  2.758E+01  1.174E-04   CO
7       6        154.9    806.6518    371.6504   29.289  1.376E-02  1.924E-01  1.536E-04  4.991E-04  1.024E+01  6.920E-05   CO
8       7        199.1    921.7997    325.2252   35.035  4.088E-03  7.119E-02  4.924E-05  1.536E-04  3.789E+00  3.822E-05   CO
9       8        248.9   1036.9124    289.1203   40.100  1.285E-03  2.599E-02  1.591E-05  4.924E-05  1.383E+00  1.986E-05   CO
10      9        304.2   1151.9855    260.2398   44.997  4.089E-04  9.353E-03  5.147E-06  1.591E-05  4.978E-01  9.801E-06   CO
11      10       365.0   1267.0145    236.6133   49.778  1.308E-04  3.323E-03  1.662E-06  5.147E-06  1.769E-01  4.633E-06   CO
12      11       431.3   1381.9951    216.9273   54.171  4.188E-05  1.156E-03  5.309E-07  1.662E-06  6.155E-02  2.092E-06   CO
13      12       503.1   1496.9229    200.2725   60.342  1.308E-05  4.104E-04  1.743E-07  5.309E-07  2.184E-02  9.436E-07   CO
14      13       580.5   1611.7935    185.9993   60.744  4.407E-06  1.325E-04  5.240E-08  1.743E-07  7.051E-03  3.802E-07   CO
15      14       663.4   1726.6025    173.6314   61.065  1.354E-06  3.890E-05  1.442E-08  5.240E-08  2.071E-03  1.373E-07   CO
16      15       751.7   1841.3455    162.8116   68.345  3.610E-07  1.207E-05  4.213E-09  1.442E-08  6.422E-04  5.164E-08   CO
1       0         23.6    492.1607    609.1354   22.949  1.784E-02  2.321E-01  4.368E-01  4.076E-01  1.235E+01  1.897E-05   [CI]
2       1         62.5    809.3420    370.4151   25.173  9.829E-03  1.033E-01  1.556E-01  4.368E-01  5.497E+00  3.753E-05   [CI]
2       0         62.5   1301.5026    230.3433   24.283  5.308E-10  2.741E-09  1.556E-01  4.076E-01  1.459E-07  4.142E-12   [CI]
1       0          4.2     88.6316   3382.4556    2.735  3.800E-01  2.412E-03  3.767E-01  5.948E-01  1.284E-01  1.151E-09   HCN
2       1         12.8    177.2611   1691.2478    2.736  1.943E-01  8.883E-04  2.802E-02  3.767E-01  4.728E-02  3.391E-09   HCN
3       2         25.5    265.8864   1127.5207    2.813  1.347E-02  2.532E-04  4.204E-04  2.802E-02  1.348E-02  3.263E-09   HCN
4       3         42.5    354.5055    845.6638    4.895  1.885E-04  9.613E-05  1.672E-05  4.204E-04  5.116E-03  2.936E-09   HCN
5       4         63.8    443.1161    676.5550   14.535  5.781E-06  3.699E-05  4.732E-06  1.672E-05  1.969E-03  2.206E-09   HCN
6       5         89.3    531.7163    563.8203   22.470  1.419E-06  1.713E-05  1.796E-06  4.732E-06  9.116E-04  1.765E-09   HCN
