      LINE         E_UP       FREQ        WAVEL     T_EX      TAU        T_R       POP        POP       FLUX        FLUX   SPECIES
                   (K)        (GHz)       (um)      (K)                  (K)        UP        LOW      (K*km/s) (erg/cm2/s)   SPECIES
1       0          5.5    115.2712   2600.7576  657.881  1.921E-01  1.144E+02  9.684E-02  3.255E-02  6.088E+03  1.201E-04   CO
2       1         16.6    230.5380   1300.4037  107.976  4.429E+00  1.011E+02  1.457E-01  9.684E-02  5.382E+03  8.493E-04   CO
3       2         33.2    345.7960    866.9634  100.267  9.387E+00  9.215E+01  1.728E-01  1.457E-01  4.905E+03  2.612E-03   CO
4       3         55.3    461.0408    650.2515   93.147  1.468E+01  8.252E+01  1.752E-01  1.728E-01  4.392E+03  5.543E-03   CO
5       4         83.0    576.2679    520.2310   83.679  1.922E+01  7.061E+01  1.539E-01  1.752E-01  3.758E+03  9.262E-03   CO
6       5        116.2    691.4731    433.5562   72.164  2.165E+01  5.684E+01  1.148E-01  1.539E-01  3.025E+03  1.288E-02   CO
7       6        154.9    806.6518    371.6504   59.049  2.076E+01  4.179E+01  6.879E-02  1.148E-01  2.224E+03  1.504E-02   CO
8       7        199.1    921.7997    325.2252   45.882  1.580E+01  2.726E+01  2.972E-02  6.879E-02  1.451E+03  1.464E-02   CO
9       8        248.9   1036.9124    289.1203   34.600  8.323E+00  1.548E+01  7.885E-03  2.972E-02  8.241E+02  1.183E-02   CO
10      9        304.2   1151.9855    260.2398   28.674  2.449E+00  8.595E+00  1.267E-03  7.885E-03  4.575E+02  9.006E-03   CO
11      10       365.0   1267.0145    236.6133   37.460  3.665E-01  4.585E+00  2.738E-04  1.267E-03  2.440E+02  6.392E-03   CO
12      11       431.3   1381.9951    216.9273   60.418  6.513E-02  2.094E+00  9.928E-05  2.738E-04  1.114E+02  3.788E-03   CO
13      12       503.1   1496.9229    200.2725   73.050  2.199E-02  9.338E-01  4.010E-05  9.928E-05  4.970E+01  2.147E-03   CO
14      13       580.5   1611.7935    185.9993   76.933  8.927E-03  3.966E-01  1.576E-05  4.010E-05  2.111E+01  1.138E-03   CO
15      14       663.4   1726.6025    173.6314   80.234  3.532E-03  1.615E-01  5.997E-06  1.576E-05  8.596E+00  5.698E-04   CO
16      15       751.7   1841.3455    162.8116   87.739  1.313E-03  6.675E-02  2.332E-06  5.997E-06  3.553E+00  2.856E-04   CO
1       0         23.6    492.1607    609.1354  241.868  9.769E-03  2.238E+00  4.194E-01  1.541E-01  1.191E+02  1.829E-04   [CI]
2       1         62.5    809.3420    370.4151   78.592  4.680E-02  2.778E+00  4.264E-01  4.194E-01  1.479E+02  1.010E-03   [CI]
2       0         62.5   1301.5026    230.3433  105.531  9.710E-10  7.512E-08  4.264E-01  1.541E-01  3.998E-06  1.135E-10   [CI]
1       0          4.2     88.6316   3382.4556    2.998  3.419E+00  2.196E-01  4.042E-01  5.569E-01  1.169E+01  1.048E-07   HCN
2       1         12.8    177.2611   1691.2478    2.938  2.061E+00  9.203E-02  3.725E-02  4.042E-01  4.898E+00  3.514E-07   HCN
3       2         25.5    265.8864   1127.5207    3.480  1.763E-01  3.481E-02  1.332E-03  3.725E-02  1.853E+00  4.485E-07   HCN
4       3         42.5    354.5055    845.6638    8.645  5.304E-03  1.444E-02  2.393E-04  1.332E-03  7.687E-01  4.410E-07   HCN
5       4         63.8    443.1161    676.5550   16.403  7.823E-04  6.253E-03  8.000E-05  2.393E-04  3.328E-01  3.729E-07   HCN
6       5         89.3    531.7163    563.8203   24.105  2.308E-04  3.128E-03  3.280E-05  8.000E-05  1.665E-01  3.223E-07   HCN
