      LINE         E_UP       FREQ        WAVEL     T_EX      TAU        T_R       POP        POP       FLUX        FLUX   SPECIES
                   (K)        (GHz)       (um)      (K)                  (K)        UP        LOW      (K*km/s) (erg/cm2/s)   SPECIES
1       0          5.5    115.2712   2600.7576   12.512  2.390E+00  8.278E+00  4.595E-01  2.384E-01  4.406E+02  8.691E-06   CO
2       1         16.6    230.5380   1300.4037    9.665  5.857E+00  4.957E+00  2.438E-01  4.595E-01  2.638E+02  4.163E-05   CO
3       2         33.2    345.7960    866.9634    8.463  3.523E+00  2.601E+00  4.803E-02  2.438E-01  1.384E+02  7.372E-05   CO
4       3         55.3    461.0408    650.2515   10.112  6.817E-01  1.378E+00  6.924E-03  4.803E-02  7.334E+01  9.256E-05   CO
5       4         83.0    576.2679    520.2310   18.934  8.248E-02  6.616E-01  1.964E-03  6.924E-03  3.521E+01  8.678E-05   CO
6       5        116.2    691.4731    433.5562   30.394  1.983E-02  3.291E-01  7.790E-04  1.964E-03  1.751E+01  7.458E-05   CO
7       6        154.9    806.6518    371.6504   39.442  7.288E-03  1.685E-01  3.368E-04  7.790E-04  8.967E+00  6.061E-05   CO
8       7        199.1    921.7997    325.2252   49.300  2.948E-03  8.962E-02  1.556E-04  3.368E-04  4.770E+00  4.812E-05   CO
9       8        248.9   1036.9124    289.1203   58.213  1.307E-03  4.811E-02  7.397E-05  1.556E-04  2.561E+00  3.677E-05   CO
10      9        304.2   1151.9855    260.2398   67.971  5.957E-04  2.622E-02  3.625E-05  7.397E-05  1.396E+00  2.748E-05   CO
11      10       365.0   1267.0145    236.6133   78.980  2.791E-04  1.464E-02  1.838E-05  3.625E-05  7.790E-01  2.041E-05   CO
12      11       431.3   1381.9951    216.9273   88.130  1.382E-04  8.164E-03  9.415E-06  1.838E-05  4.345E-01  1.477E-05   CO
13      12       503.1   1496.9229    200.2725   97.967  6.894E-05  4.577E-03  4.884E-06  9.415E-06  2.436E-01  1.052E-05   CO
14      13       580.5   1611.7935    185.9993   99.883  3.679E-05  2.434E-03  2.418E-06  4.884E-06  1.295E-01  6.985E-06   CO
15      14       663.4   1726.6025    173.6314  105.397  1.824E-05  1.265E-03  1.178E-06  2.418E-06  6.731E-02  4.462E-06   CO
16      15       751.7   1841.3455    162.8116  118.160  8.518E-06  6.766E-04  5.933E-07  1.178E-06  3.601E-02  2.895E-06   CO
1       0         23.6    492.1607    609.1354   16.717  1.044E-02  7.891E-02  3.717E-01  5.090E-01  4.200E+00  6.448E-06   [CI]
2       1         62.5    809.3420    370.4151   23.576  3.420E-03  3.161E-02  1.193E-01  3.717E-01  1.683E+00  1.149E-05   [CI]
2       0         62.5   1301.5026    230.3433   20.410  2.723E-10  8.365E-10  1.193E-01  5.090E-01  4.452E-08  1.264E-12   [CI]
1       0          4.2     88.6316   3382.4556    2.732  1.515E-01  7.102E-04  3.763E-01  5.953E-01  3.780E-02  3.389E-10   HCN
2       1         12.8    177.2611   1691.2478    2.733  7.728E-02  2.718E-04  2.791E-02  3.763E-01  1.447E-02  1.038E-09   HCN
3       2         25.5    265.8864   1127.5207    2.808  5.340E-03  9.439E-05  4.150E-04  2.791E-02  5.024E-03  1.216E-09   HCN
4       3         42.5    354.5055    845.6638    5.078  7.377E-05  4.317E-05  1.871E-05  4.150E-04  2.298E-03  1.318E-09   HCN
5       4         63.8    443.1161    676.5550   17.460  2.360E-06  2.106E-05  6.766E-06  1.871E-05  1.121E-03  1.256E-09   HCN
6       5         89.3    531.7163    563.8203   27.366  7.215E-07  1.195E-05  3.147E-06  6.766E-06  6.359E-04  1.231E-09   HCN
