      LINE         E_UP       FREQ        WAVEL     T_EX      TAU        T_R       POP        POP       FLUX        FLUX   SPECIES
                   (K)        (GHz)       (um)      (K)                  (K)        UP        LOW      (K*km/s) (erg/cm2/s)   SPECIES
1       0          5.5    115.2712   2600.7576  155.000  4.383E+02  1.514E+02  5.134E-02  1.773E-02  8.059E+03  1.590E-04   CO
2       1         16.6    230.5380   1300.4037  155.000  1.661E+03  1.493E+02  7.967E-02  5.134E-02  7.949E+03  1.254E-03   CO
3       2         33.2    345.7960    866.9634  155.000  3.417E+03  1.468E+02  1.002E-01  7.967E-02  7.814E+03  4.161E-03   CO
4       3         55.3    461.0408    650.2515  155.000  5.353E+03  1.442E+02  1.117E-01  1.002E-01  7.675E+03  9.686E-03   CO
5       4         83.0    576.2679    520.2310  155.000  7.112E+03  1.416E+02  1.142E-01  1.117E-01  7.536E+03  1.857E-02   CO
6       5        116.2    691.4731    433.5562  154.999  8.401E+03  1.390E+02  1.090E-01  1.142E-01  7.398E+03  3.150E-02   CO
7       6        154.9    806.6518    371.6504  154.999  9.052E+03  1.364E+02  9.794E-02  1.090E-01  7.262E+03  4.909E-02   CO
8       7        199.1    921.7997    325.2252  154.999  9.026E+03  1.339E+02  8.344E-02  9.794E-02  7.128E+03  7.191E-02   CO
9       8        248.9   1036.9124    289.1203  154.999  8.413E+03  1.314E+02  6.764E-02  8.344E-02  6.996E+03  1.005E-01   CO
10      9        304.2   1151.9855    260.2398  154.998  7.375E+03  1.290E+02  5.233E-02  6.764E-02  6.866E+03  1.352E-01   CO
11      10       365.0   1267.0145    236.6133  154.997  6.118E+03  1.266E+02  3.872E-02  5.233E-02  6.737E+03  1.765E-01   CO
12      11       431.3   1381.9951    216.9273  154.996  4.812E+03  1.242E+02  2.743E-02  3.872E-02  6.610E+03  2.247E-01   CO
13      12       503.1   1496.9229    200.2725  154.994  3.601E+03  1.218E+02  1.864E-02  2.743E-02  6.485E+03  2.801E-01   CO
14      13       580.5   1611.7935    185.9993  154.990  2.571E+03  1.195E+02  1.215E-02  1.864E-02  6.361E+03  3.430E-01   CO
15      14       663.4   1726.6025    173.6314  154.983  1.752E+03  1.172E+02  7.611E-03  1.215E-02  6.239E+03  4.136E-01   CO
16      15       751.7   1841.3455    162.8116  154.970  1.141E+03  1.150E+02  4.581E-03  7.611E-03  6.119E+03  4.920E-01   CO
1       0         23.6    492.1607    609.1354  154.995  1.392E+01  1.435E+02  3.724E-01  1.446E-01  7.637E+03  1.172E-02   [CI]
2       1         62.5    809.3420    370.4151  154.984  2.362E+01  1.364E+02  4.831E-01  3.724E-01  7.258E+03  4.956E-02   [CI]
2       0         62.5   1301.5026    230.3433  154.988  6.761E-07  8.509E-05  4.831E-01  1.446E-01  4.529E-03  1.286E-07   [CI]
1       0          4.2     88.6316   3382.4556  135.552  3.804E+00  1.294E+02  4.420E-02  1.520E-02  6.885E+03  6.173E-05   HCN
2       1         12.8    177.2611   1691.2478  149.995  1.316E+01  1.454E+02  6.961E-02  4.420E-02  7.738E+03  5.551E-04   HCN
3       2         25.5    265.8864   1127.5207  133.376  3.086E+01  1.270E+02  8.856E-02  6.961E-02  6.758E+03  1.636E-03   HCN
4       3         42.5    354.5055    845.6638  146.927  4.481E+01  1.386E+02  1.014E-01  8.856E-02  7.374E+03  4.231E-03   HCN
5       4         63.8    443.1161    676.5550  128.600  6.954E+01  1.183E+02  1.051E-01  1.014E-01  6.294E+03  7.052E-03   HCN
6       5         89.3    531.7163    563.8203  142.250  7.621E+01  1.299E+02  1.038E-01  1.051E-01  6.912E+03  1.338E-02   HCN
