      LINE         E_UP       FREQ        WAVEL     T_EX      TAU        T_R       POP        POP       FLUX        FLUX   SPECIES
                   (K)        (GHz)       (um)      (K)                  (K)        UP        LOW      (K*km/s) (erg/cm2/s)   SPECIES
1       0          5.5    115.2712   2600.7576  346.111  5.397E-01  1.429E+02  7.145E-02  2.420E-02  7.604E+03  1.500E-04   CO
2       1         16.6    230.5380   1300.4037  142.066  5.017E+00  1.355E+02  1.102E-01  7.145E-02  7.212E+03  1.138E-03   CO
3       2         33.2    345.7960    866.9634  137.207  1.058E+01  1.290E+02  1.367E-01  1.102E-01  6.868E+03  3.657E-03   CO
4       3         55.3    461.0408    650.2515  132.362  1.686E+01  1.216E+02  1.487E-01  1.367E-01  6.472E+03  8.168E-03   CO
5       4         83.0    576.2679    520.2310  125.299  2.289E+01  1.120E+02  1.457E-01  1.487E-01  5.960E+03  1.469E-02   CO
6       5        116.2    691.4731    433.5562  115.804  2.765E+01  1.000E+02  1.293E-01  1.457E-01  5.323E+03  2.266E-02   CO
7       6        154.9    806.6518    371.6504  103.507  3.026E+01  8.535E+01  1.026E-01  1.293E-01  4.543E+03  3.071E-02   CO
8       7        199.1    921.7997    325.2252   88.712  2.985E+01  6.842E+01  7.064E-02  1.026E-01  3.642E+03  3.674E-02   CO
9       8        248.9   1036.9124    289.1203   72.103  2.580E+01  5.006E+01  3.960E-02  7.064E-02  2.664E+03  3.826E-02   CO
10      9        304.2   1151.9855    260.2398   55.387  1.813E+01  3.227E+01  1.613E-02  3.960E-02  1.717E+03  3.381E-02   CO
11      10       365.0   1267.0145    236.6133   41.180  8.945E+00  1.800E+01  4.035E-03  1.613E-02  9.579E+02  2.509E-02   CO
12      11       431.3   1381.9951    216.9273   33.529  2.476E+00  9.753E+00  6.066E-04  4.035E-03  5.191E+02  1.764E-02   CO
13      12       503.1   1496.9229    200.2725   43.635  3.458E-01  5.015E+00  1.263E-04  6.066E-04  2.669E+02  1.153E-02   CO
14      13       580.5   1611.7935    185.9993   67.304  6.042E-02  2.104E+00  4.298E-05  1.263E-04  1.120E+02  6.038E-03   CO
15      14       663.4   1726.6025    173.6314   76.707  1.971E-02  8.313E-01  1.560E-05  4.298E-05  4.425E+01  2.933E-03   CO
16      15       751.7   1841.3455    162.8116   83.402  7.016E-03  3.277E-01  5.755E-06  1.560E-05  1.744E+01  1.402E-03   CO
1       0         23.6    492.1607    609.1354  240.096  1.861E-02  4.214E+00  3.975E-01  1.462E-01  2.243E+02  3.443E-04   [CI]
2       1         62.5    809.3420    370.4151  104.250  7.059E-02  5.864E+00  4.564E-01  3.975E-01  3.121E+02  2.131E-03   [CI]
2       0         62.5   1301.5026    230.3433  132.626  1.545E-09  1.604E-07  4.564E-01  1.462E-01  8.537E-06  2.424E-10   [CI]
1       0          4.2     88.6316   3382.4556    3.524  5.618E+00  6.818E-01  4.450E-01  4.960E-01  3.629E+01  3.254E-07   HCN
2       1         12.8    177.2611   1691.2478    3.287  4.433E+00  2.954E-01  5.575E-02  4.450E-01  1.572E+01  1.128E-06   HCN
3       2         25.5    265.8864   1127.5207    3.716  5.230E-01  1.246E-01  2.517E-03  5.575E-02  6.632E+00  1.605E-06   HCN
4       3         42.5    354.5055    845.6638    8.426  2.015E-02  5.131E-02  4.297E-04  2.517E-03  2.731E+00  1.567E-06   HCN
5       4         63.8    443.1161    676.5550   16.248  2.815E-03  2.210E-02  1.419E-04  4.297E-04  1.176E+00  1.318E-06   HCN
6       5         89.3    531.7163    563.8203   23.087  8.362E-04  1.056E-02  5.551E-05  1.419E-04  5.619E-01  1.088E-06   HCN
