      LINE         E_UP       FREQ        WAVEL     T_EX      TAU        T_R       POP        POP       FLUX        FLUX   SPECIES
                   (K)        (GHz)       (um)      (K)                  (K)        UP        LOW      (K*km/s) (erg/cm2/s)   SPECIES
1       0          5.5    115.2712   2600.7576    4.815  3.685E+01  1.731E+00  4.593E-01  4.830E-01  9.213E+01  1.817E-06   CO
2       1         16.6    230.5380   1300.4037    4.269  3.163E+01  7.013E-01  5.732E-02  4.593E-01  3.733E+01  5.890E-06   CO
3       2         33.2    345.7960    866.9634    3.155  3.818E+00  4.785E-02  4.168E-04  5.732E-02  2.547E+00  1.356E-06   CO
4       3         55.3    461.0408    650.2515    3.154  2.650E-02  3.473E-04  4.809E-07  4.168E-04  1.848E-02  2.333E-08   CO
5       4         83.0    576.2679    520.2310    3.661  2.968E-05  3.976E-07  3.076E-10  4.809E-07  2.116E-05  5.216E-11   CO
6       5        116.2    691.4731    433.5562    4.201  1.860E-08  2.258E-10  1.348E-13  3.076E-10  1.202E-08  5.117E-14   CO
7       6        154.9    806.6518    371.6504    4.308  8.029E-12  3.868E-14  1.947E-17  1.348E-13  2.059E-12  1.392E-17   CO
8       7        199.1    921.7997    325.2252    6.678  1.144E-15  6.529E-17  1.314E-20  1.947E-17  3.475E-15  3.505E-20   CO
9       8        248.9   1036.9124    289.1203   97.522  6.125E-20  0.000E+00  1.176E-20  1.314E-20  0.000E+00  0.000E+00   CO
10      9        304.2   1151.9855    260.2398  132.705  5.485E-20  0.000E+00  1.099E-20  1.176E-20  0.000E+00  0.000E+00   CO
11      10       365.0   1267.0145    236.6133  161.331  4.965E-20  0.000E+00  1.049E-20  1.099E-20  0.000E+00  0.000E+00   CO
12      11       431.3   1381.9951    216.9273  193.673  4.526E-20  0.000E+00  1.014E-20  1.049E-20  0.000E+00  0.000E+00   CO
13      12       503.1   1496.9229    200.2725  228.571  4.155E-20  0.000E+00  1.000E-20  1.014E-20  0.000E+00  0.000E+00   CO
14      13       580.5   1611.7935    185.9993  266.278  3.837E-20  0.000E+00  1.000E-20  1.000E-20  0.000E+00  0.000E+00   CO
15      14       663.4   1726.6025    173.6314  307.814  3.559E-20  0.000E+00  1.000E-20  1.000E-20  0.000E+00  0.000E+00   CO
16      15       751.7   1841.3455    162.8116  351.990  3.314E-20  0.000E+00  1.000E-20  1.000E-20  0.000E+00  0.000E+00   CO
1       0         23.6    492.1607    609.1354    3.999  1.068E-01  6.119E-03  8.100E-03  9.919E-01  3.257E-01  5.000E-07   [CI]
2       1         62.5    809.3420    370.4151    4.447  3.674E-04  2.286E-06  2.172E-06  8.100E-03  1.217E-04  8.307E-10   [CI]
2       0         62.5   1301.5026    230.3433    4.266  2.217E-09  6.062E-14  2.172E-06  9.919E-01  3.226E-12  9.160E-17   [CI]
1       0          4.2     88.6316   3382.4556    2.726  6.045E-01  3.675E-04  3.758E-01  5.962E-01  1.956E-02  1.754E-10   HCN
2       1         12.8    177.2611   1691.2478    2.726  3.073E-01  4.606E-05  2.763E-02  3.758E-01  2.452E-03  1.759E-10   HCN
3       2         25.5    265.8864   1127.5207    2.726  2.108E-02  1.677E-06  3.585E-04  2.763E-02  8.926E-05  2.161E-11   HCN
4       3         42.5    354.5055    845.6638    2.726  2.624E-04  1.898E-08  8.985E-07  3.585E-04  1.010E-06  5.796E-13   HCN
5       4         63.8    443.1161    676.5550    2.731  6.403E-07  9.635E-11  4.565E-10  8.985E-07  5.128E-09  5.746E-15   HCN
6       5         89.3    531.7163    563.8203    2.812  3.195E-10  2.332E-13  6.174E-14  4.565E-10  1.241E-11  2.403E-17   HCN
