      LINE         E_UP       FREQ        WAVEL     T_EX      TAU        T_R       POP        POP       FLUX        FLUX   SPECIES
                   (K)        (GHz)       (um)      (K)                  (K)        UP        LOW      (K*km/s) (erg/cm2/s)   SPECIES
1       0          5.5    115.2712   2600.7576 -155.613 -1.211E+00  3.755E+02  4.815E-02  1.540E-02  1.998E+04  3.942E-04   CO
2       1         16.6    230.5380   1300.4037  398.391  2.502E+00  3.605E+02  7.703E-02  4.815E-02  1.919E+04  3.028E-03   CO
3       2         33.2    345.7960    866.9634  233.301  4.294E+00  2.220E+02  1.003E-01  7.703E-02  1.182E+04  6.292E-03   CO
4       3         55.3    461.0408    650.2515  279.589  5.011E+00  2.669E+02  1.172E-01  1.003E-01  1.420E+04  1.793E-02   CO
5       4         83.0    576.2679    520.2310  322.492  1.920E+01  3.089E+02  1.230E-01  1.172E-01  1.644E+04  4.051E-02   CO
6       5        116.2    691.4731    433.5562  582.114  4.235E+00  5.575E+02  1.249E-01  1.230E-01  2.967E+04  1.263E-01   CO
7       6        154.9    806.6518    371.6504  211.569  2.846E+01  1.928E+02  1.134E-01  1.249E-01  1.026E+04  6.937E-02   CO
8       7        199.1    921.7997    325.2252  203.069  1.346E+01  1.818E+02  9.891E-02  1.134E-01  9.674E+03  9.758E-02   CO
9       8        248.9   1036.9124    289.1203  135.891  2.527E+01  1.125E+02  7.656E-02  9.891E-02  5.989E+03  8.599E-02   CO
10      9        304.2   1151.9855    260.2398  120.509  1.953E+01  9.497E+01  5.317E-02  7.656E-02  5.055E+03  9.952E-02   CO
11      10       365.0   1267.0145    236.6133   96.689  1.809E+01  6.945E+01  3.105E-02  5.317E-02  3.697E+03  9.683E-02   CO
12      11       431.3   1381.9951    216.9273   77.754  1.268E+01  4.925E+01  1.433E-02  3.105E-02  2.621E+03  8.910E-02   CO
13      12       503.1   1496.9229    200.2725   61.535  6.973E+00  3.242E+01  4.775E-03  1.433E-02  1.726E+03  7.454E-02   CO
14      13       580.5   1611.7935    185.9993   52.067  2.626E+00  2.099E+01  1.157E-03  4.775E-03  1.117E+03  6.026E-02   CO
15      14       663.4   1726.6025    173.6314   63.362  5.999E-01  1.386E+01  3.375E-04  1.157E-03  7.375E+02  4.889E-02   CO
16      15       751.7   1841.3455    162.8116  101.768  1.369E-01  8.173E+00  1.515E-04  3.375E-04  4.350E+02  3.498E-02   CO
1       0         23.6    492.1607    609.1354  895.687  4.541E-03  4.005E+00  3.751E-01  1.284E-01  2.131E+02  3.272E-04   [CI]
2       1         62.5    809.3420    370.4151  168.620  4.407E-02  6.464E+00  4.965E-01  3.751E-01  3.440E+02  2.349E-03   [CI]
2       0         62.5   1301.5026    230.3433  243.305  8.178E-10  1.745E-07  4.965E-01  1.284E-01  9.289E-06  2.637E-10   [CI]
1       0          4.2     88.6316   3382.4556    3.882  4.957E+00  9.986E-01  4.622E-01  4.609E-01  5.315E+01  4.766E-07   HCN
2       1         12.8    177.2611   1691.2478    3.567  4.520E+00  4.655E-01  7.096E-02  4.622E-01  2.478E+01  1.777E-06   HCN
3       2         25.5    265.8864   1127.5207    4.086  6.576E-01  2.258E-01  4.374E-03  7.096E-02  1.202E+01  2.909E-06   HCN
4       3         42.5    354.5055    845.6638    9.317  3.389E-02  1.077E-01  9.057E-04  4.374E-03  5.732E+00  3.289E-06   HCN
5       4         63.8    443.1161    676.5550   18.402  5.570E-03  5.424E-02  3.486E-04  9.057E-04  2.887E+00  3.235E-06   HCN
6       5         89.3    531.7163    563.8203   26.522  1.898E-03  2.992E-02  1.574E-04  3.486E-04  1.592E+00  3.083E-06   HCN
