      LINE         E_UP       FREQ        WAVEL     T_EX      TAU        T_R       POP        POP       FLUX        FLUX   SPECIES
                   (K)        (GHz)       (um)      (K)                  (K)        UP        LOW      (K*km/s) (erg/cm2/s)   SPECIES
1       0          5.5    115.2712   2600.7576  772.562  1.815E-01  1.276E+02  8.538E-02  2.866E-02  6.793E+03  1.340E-04   CO
2       1         16.6    230.5380   1300.4037  123.345  4.331E+00  1.162E+02  1.301E-01  8.538E-02  6.182E+03  9.755E-04   CO
3       2         33.2    345.7960    866.9634  115.538  9.256E+00  1.074E+02  1.578E-01  1.301E-01  5.716E+03  3.044E-03   CO
4       3         55.3    461.0408    650.2515  108.861  1.467E+01  9.817E+01  1.655E-01  1.578E-01  5.225E+03  6.594E-03   CO
5       4         83.0    576.2679    520.2310   99.809  1.965E+01  8.662E+01  1.533E-01  1.655E-01  4.610E+03  1.136E-02   CO
6       5        116.2    691.4731    433.5562   88.455  2.305E+01  7.290E+01  1.245E-01  1.533E-01  3.880E+03  1.652E-02   CO
7       6        154.9    806.6518    371.6504   74.870  2.379E+01  5.717E+01  8.568E-02  1.245E-01  3.043E+03  2.057E-02   CO
8       7        199.1    921.7997    325.2252   60.189  2.084E+01  4.075E+01  4.656E-02  8.568E-02  2.169E+03  2.188E-02   CO
9       8        248.9   1036.9124    289.1203   46.000  1.423E+01  2.552E+01  1.764E-02  4.656E-02  1.358E+03  1.950E-02   CO
10      9        304.2   1151.9855    260.2398   34.722  6.428E+00  1.410E+01  3.967E-03  1.764E-02  7.504E+02  1.477E-02   CO
11      10       365.0   1267.0145    236.6133   31.318  1.541E+00  8.004E+00  6.233E-04  3.967E-03  4.260E+02  1.116E-02   CO
12      11       431.3   1381.9951    216.9273   46.842  2.121E-01  4.063E+00  1.644E-04  6.233E-04  2.163E+02  7.351E-03   CO
13      12       503.1   1496.9229    200.2725   69.700  4.713E-02  1.834E+00  6.335E-05  1.644E-04  9.762E+01  4.217E-03   CO
14      13       580.5   1611.7935    185.9993   76.825  1.777E-02  7.843E-01  2.486E-05  6.335E-05  4.174E+01  2.251E-03   CO
15      14       663.4   1726.6025    173.6314   80.707  6.991E-03  3.222E-01  9.519E-06  2.486E-05  1.715E+01  1.137E-03   CO
16      15       751.7   1841.3455    162.8116   88.144  2.618E-03  1.339E-01  3.718E-06  9.519E-06  7.127E+00  5.730E-04   CO
1       0         23.6    492.1607    609.1354  264.926  1.092E-02  2.752E+00  4.098E-01  1.493E-01  1.465E+02  2.249E-04   [CI]
2       1         62.5    809.3420    370.4151   88.734  5.234E-02  3.606E+00  4.409E-01  4.098E-01  1.920E+02  1.311E-03   [CI]
2       0         62.5   1301.5026    230.3433  118.547  1.086E-09  9.777E-08  4.409E-01  1.493E-01  5.204E-06  1.477E-10   [CI]
1       0          4.2     88.6316   3382.4556    3.123  4.101E+00  3.286E-01  4.156E-01  5.408E-01  1.749E+01  1.568E-07   HCN
2       1         12.8    177.2611   1691.2478    3.022  2.655E+00  1.392E-01  4.150E-02  4.156E-01  7.409E+00  5.315E-07   HCN
3       2         25.5    265.8864   1127.5207    3.578  2.467E-01  5.502E-02  1.641E-03  4.150E-02  2.929E+00  7.090E-07   HCN
4       3         42.5    354.5055    845.6638    8.742  8.197E-03  2.287E-02  3.014E-04  1.641E-03  1.217E+00  6.984E-07   HCN
5       4         63.8    443.1161    676.5550   16.466  1.238E-03  9.961E-03  1.013E-04  3.014E-04  5.302E-01  5.941E-07   HCN
6       5         89.3    531.7163    563.8203   23.975  3.688E-04  4.955E-03  4.128E-05  1.013E-04  2.637E-01  5.105E-07   HCN
