      LINE         E_UP       FREQ        WAVEL     T_EX      TAU        T_R       POP        POP       FLUX        FLUX   SPECIES
                   (K)        (GHz)       (um)      (K)                  (K)        UP        LOW      (K*km/s) (erg/cm2/s)   SPECIES
1       0          5.5    115.2712   2600.7576  667.613  5.313E-01  2.737E+02  2.717E-02  9.133E-03  1.457E+04  2.873E-04   CO
2       1         16.6    230.5380   1300.4037  350.373  3.967E+00  3.382E+02  4.388E-02  2.717E-02  1.800E+04  2.840E-03   CO
3       2         33.2    345.7960    866.9634  344.578  8.716E+00  3.363E+02  5.855E-02  4.388E-02  1.790E+04  9.530E-03   CO
4       3         55.3    461.0408    650.2515  343.657  1.466E+01  3.327E+02  7.058E-02  5.855E-02  1.771E+04  2.235E-02   CO
5       4         83.0    576.2679    520.2310  341.714  2.138E+01  3.281E+02  7.956E-02  7.058E-02  1.746E+04  4.303E-02   CO
6       5        116.2    691.4731    433.5562  339.468  2.828E+01  3.231E+02  8.527E-02  7.956E-02  1.720E+04  7.323E-02   CO
7       6        154.9    806.6518    371.6504  335.573  3.492E+01  3.166E+02  8.766E-02  8.527E-02  1.685E+04  1.139E-01   CO
8       7        199.1    921.7997    325.2252  330.563  4.076E+01  3.089E+02  8.691E-02  8.766E-02  1.644E+04  1.659E-01   CO
9       8        248.9   1036.9124    289.1203  323.579  4.548E+01  2.993E+02  8.329E-02  8.691E-02  1.593E+04  2.288E-01   CO
10      9        304.2   1151.9855    260.2398  314.824  4.874E+01  2.880E+02  7.723E-02  8.329E-02  1.533E+04  3.018E-01   CO
11      10       365.0   1267.0145    236.6133  304.828  5.031E+01  2.754E+02  6.929E-02  7.723E-02  1.466E+04  3.840E-01   CO
12      11       431.3   1381.9951    216.9273  292.298  5.021E+01  2.604E+02  6.002E-02  6.929E-02  1.386E+04  4.711E-01   CO
13      12       503.1   1496.9229    200.2725  276.541  4.860E+01  2.422E+02  4.999E-02  6.002E-02  1.289E+04  5.568E-01   CO
14      13       580.5   1611.7935    185.9993  254.819  4.595E+01  2.181E+02  3.964E-02  4.999E-02  1.161E+04  6.260E-01   CO
15      14       663.4   1726.6025    173.6314  229.346  4.183E+01  1.904E+02  2.952E-02  3.964E-02  1.013E+04  6.718E-01   CO
16      15       751.7   1841.3455    162.8116  201.070  3.623E+01  1.601E+02  2.025E-02  2.952E-02  8.522E+03  6.852E-01   CO
1       0         23.6    492.1607    609.1354  428.714  4.582E-02  1.868E+01  3.563E-01  1.255E-01  9.940E+02  1.526E-03   [CI]
2       1         62.5    809.3420    370.4151  285.513  1.297E-01  3.242E+01  5.183E-01  3.563E-01  1.725E+03  1.178E-02   [CI]
2       0         62.5   1301.5026    230.3433  326.790  3.078E-09  9.129E-07  5.183E-01  1.255E-01  4.859E-05  1.380E-09   [CI]
1       0          4.2     88.6316   3382.4556   11.606  4.940E+00  8.418E+00  4.134E-01  1.988E-01  4.480E+02  4.017E-06   HCN
2       1         12.8    177.2611   1691.2478    9.767  1.298E+01  5.730E+00  2.884E-01  4.134E-01  3.050E+02  2.188E-05   HCN
3       2         25.5    265.8864   1127.5207    8.215  1.105E+01  3.304E+00  8.540E-02  2.884E-01  1.759E+02  4.257E-05   HCN
4       3         42.5    354.5055    845.6638    7.388  3.557E+00  1.804E+00  1.098E-02  8.540E-02  9.600E+01  5.508E-05   HCN
5       4         63.8    443.1161    676.5550   10.490  4.288E-01  1.122E+00  1.767E-03  1.098E-02  5.970E+01  6.689E-05   HCN
6       5         89.3    531.7163    563.8203   22.287  5.320E-02  6.170E-01  6.644E-04  1.767E-03  3.284E+01  6.358E-05   HCN
