      LINE         E_UP       FREQ        WAVEL     T_EX      TAU        T_R       POP        POP       FLUX        FLUX   SPECIES
                   (K)        (GHz)       (um)      (K)                  (K)        UP        LOW      (K*km/s) (erg/cm2/s)   SPECIES
1       0          5.5    115.2712   2600.7576  454.878  1.301E+01  4.513E+02  1.801E-02  6.077E-03  2.402E+04  4.738E-04   CO
2       1         16.6    230.5380   1300.4037  454.864  5.105E+01  4.492E+02  2.929E-02  1.801E-02  2.391E+04  3.772E-03   CO
3       2         33.2    345.7960    866.9634  454.860  1.114E+02  4.466E+02  3.954E-02  2.929E-02  2.377E+04  1.266E-02   CO
4       3         55.3    461.0408    650.2515  454.860  1.894E+02  4.439E+02  4.843E-02  3.954E-02  2.363E+04  2.982E-02   CO
5       4         83.0    576.2679    520.2310  454.851  2.796E+02  4.412E+02  5.570E-02  4.843E-02  2.348E+04  5.787E-02   CO
6       5        116.2    691.4731    433.5562  454.847  3.757E+02  4.385E+02  6.119E-02  5.570E-02  2.334E+04  9.936E-02   CO
7       6        154.9    806.6518    371.6504  454.833  4.714E+02  4.358E+02  6.484E-02  6.119E-02  2.319E+04  1.568E-01   CO
8       7        199.1    921.7997    325.2252  454.819  5.603E+02  4.331E+02  6.668E-02  6.484E-02  2.305E+04  2.325E-01   CO
9       8        248.9   1036.9124    289.1203  454.794  6.373E+02  4.304E+02  6.680E-02  6.668E-02  2.291E+04  3.289E-01   CO
10      9        304.2   1151.9855    260.2398  454.761  6.980E+02  4.277E+02  6.538E-02  6.680E-02  2.276E+04  4.482E-01   CO
11      10       365.0   1267.0145    236.6133  454.735  7.405E+02  4.250E+02  6.264E-02  6.538E-02  2.262E+04  5.925E-01   CO
12      11       431.3   1381.9951    216.9273  454.697  7.624E+02  4.223E+02  5.885E-02  6.264E-02  2.248E+04  7.641E-01   CO
13      12       503.1   1496.9229    200.2725  454.670  7.646E+02  4.197E+02  5.427E-02  5.885E-02  2.234E+04  9.650E-01   CO
14      13       580.5   1611.7935    185.9993  454.581  7.487E+02  4.170E+02  4.917E-02  5.427E-02  2.219E+04  1.197E+00   CO
15      14       663.4   1726.6025    173.6314  454.482  7.164E+02  4.143E+02  4.380E-02  4.917E-02  2.205E+04  1.462E+00   CO
16      15       751.7   1841.3455    162.8116  454.380  6.709E+02  4.116E+02  3.838E-02  4.380E-02  2.191E+04  1.762E+00   CO
1       0         23.6    492.1607    609.1354  455.474  1.054E+00  2.891E+02  3.472E-01  1.219E-01  1.539E+04  2.362E-02   [CI]
2       1         62.5    809.3420    370.4151  451.443  2.057E+00  3.771E+02  5.309E-01  3.472E-01  2.007E+04  1.370E-01   [CI]
2       0         62.5   1301.5026    230.3433  452.959  5.561E-08  2.349E-05  5.309E-01  1.219E-01  1.250E-03  3.550E-08   [CI]
1       0          4.2     88.6316   3382.4556    0.884  3.911E+01 -1.096E+00  4.662E-02  1.706E-02 -5.832E+01 -5.229E-07   HCN
2       1         12.8    177.2611   1691.2478   -2.241 -1.051E+02  3.996E+46  9.380E-02  4.662E-02  2.127E+48  1.526E+41   HCN
3       2         25.5    265.8864   1127.5207    0.445  1.871E+02 -1.193E-01  8.717E-02  9.380E-02 -6.349E+00 -1.537E-06   HCN
4       3         42.5    354.5055    845.6638   -1.581 -2.199E+02  5.213E+96  1.448E-01  8.717E-02  2.775E+98  1.592E+92   HCN
5       4         63.8    443.1161    676.5550    0.642  2.776E+02 -8.693E-03  1.094E-01  1.448E-01 -4.627E-01 -5.185E-07   HCN
6       5         89.3    531.7163    563.8203   -1.361 -2.449E+02  5.940+107  1.536E-01  1.094E-01  3.162+109  6.121+103   HCN
