      LINE         E_UP       FREQ        WAVEL     T_EX      TAU        T_R       POP        POP       FLUX        FLUX   SPECIES
                   (K)        (GHz)       (um)      (K)                  (K)        UP        LOW      (K*km/s) (erg/cm2/s)   SPECIES
1       0          5.5    115.2712   2600.7576  503.177  1.859E+00  4.217E+02  1.797E-02  6.058E-03  2.245E+04  4.427E-04   CO
2       1         16.6    230.5380   1300.4037  472.686  7.774E+00  4.668E+02  2.926E-02  1.797E-02  2.484E+04  3.920E-03   CO
3       2         33.2    345.7960    866.9634  473.955  1.693E+01  4.657E+02  3.956E-02  2.926E-02  2.479E+04  1.320E-02   CO
4       3         55.3    461.0408    650.2515  473.923  2.885E+01  4.629E+02  4.854E-02  3.956E-02  2.464E+04  3.110E-02   CO
5       4         83.0    576.2679    520.2310  473.588  4.271E+01  4.599E+02  5.596E-02  4.854E-02  2.448E+04  6.033E-02   CO
6       5        116.2    691.4731    433.5562  473.449  5.756E+01  4.571E+02  6.166E-02  5.596E-02  2.433E+04  1.036E-01   CO
7       6        154.9    806.6518    371.6504  472.883  7.252E+01  4.538E+02  6.556E-02  6.166E-02  2.415E+04  1.633E-01   CO
8       7        199.1    921.7997    325.2252  472.301  8.661E+01  4.505E+02  6.765E-02  6.556E-02  2.398E+04  2.419E-01   CO
9       8        248.9   1036.9124    289.1203  471.326  9.908E+01  4.469E+02  6.804E-02  6.765E-02  2.379E+04  3.415E-01   CO
10      9        304.2   1151.9855    260.2398  470.060  1.092E+02  4.430E+02  6.685E-02  6.804E-02  2.358E+04  4.642E-01   CO
11      10       365.0   1267.0145    236.6133  468.998  1.166E+02  4.393E+02  6.432E-02  6.685E-02  2.338E+04  6.124E-01   CO
12      11       431.3   1381.9951    216.9273  467.616  1.209E+02  4.352E+02  6.066E-02  6.432E-02  2.317E+04  7.875E-01   CO
13      12       503.1   1496.9229    200.2725  466.214  1.221E+02  4.312E+02  5.616E-02  6.066E-02  2.295E+04  9.914E-01   CO
14      13       580.5   1611.7935    185.9993  463.054  1.207E+02  4.255E+02  5.104E-02  5.616E-02  2.264E+04  1.221E+00   CO
15      14       663.4   1726.6025    173.6314  459.392  1.167E+02  4.192E+02  4.556E-02  5.104E-02  2.231E+04  1.479E+00   CO
16      15       751.7   1841.3455    162.8116  455.375  1.104E+02  4.126E+02  3.994E-02  4.556E-02  2.196E+04  1.766E+00   CO
1       0         23.6    492.1607    609.1354  495.707  1.534E-01  6.884E+01  3.478E-01  1.216E-01  3.664E+03  5.625E-03   [CI]
2       1         62.5    809.3420    370.4151  440.024  3.347E-01  1.197E+02  5.306E-01  3.478E-01  6.373E+03  4.351E-02   [CI]
2       0         62.5   1301.5026    230.3433  459.544  8.674E-09  3.721E-06  5.306E-01  1.216E-01  1.981E-04  5.623E-09   [CI]
1       0          4.2     88.6316   3382.4556   58.450  1.486E+00  4.272E+01  1.832E-01  6.567E-02  2.274E+03  2.039E-05   HCN
2       1         12.8    177.2611   1691.2478   36.943  8.097E+00  3.245E+01  2.425E-01  1.832E-01  1.727E+03  1.239E-04   HCN
3       2         25.5    265.8864   1127.5207   33.065  1.502E+01  2.697E+01  2.308E-01  2.425E-01  1.436E+03  3.476E-04   HCN
4       3         42.5    354.5055    845.6638   28.451  1.914E+01  2.075E+01  1.632E-01  2.308E-01  1.105E+03  6.338E-04   HCN
5       4         63.8    443.1161    676.5550   23.635  1.734E+01  1.457E+01  8.110E-02  1.632E-01  7.753E+02  8.687E-04   HCN
6       5         89.3    531.7163    563.8203   19.467  1.042E+01  9.416E+00  2.584E-02  8.110E-02  5.012E+02  9.703E-04   HCN
