      LINE         E_UP       FREQ        WAVEL     T_EX      TAU        T_R       POP        POP       FLUX        FLUX   SPECIES
                   (K)        (GHz)       (um)      (K)                  (K)        UP        LOW      (K*km/s) (erg/cm2/s)   SPECIES
1       0          5.5    115.2712   2600.7576   52.796  1.289E+00  3.567E+01  2.489E-01  9.211E-02  1.899E+03  3.745E-05   CO
2       1         16.6    230.5380   1300.4037   32.252  6.772E+00  2.681E+01  2.943E-01  2.489E-01  1.427E+03  2.252E-04   CO
3       2         33.2    345.7960    866.9634   27.571  1.122E+01  2.006E+01  2.257E-01  2.943E-01  1.068E+03  5.686E-04   CO
4       3         55.3    461.0408    650.2515   22.208  1.141E+01  1.295E+01  1.071E-01  2.257E-01  6.890E+02  8.696E-04   CO
5       4         83.0    576.2679    520.2310   17.393  6.631E+00  7.073E+00  2.670E-02  1.071E-01  3.765E+02  9.278E-04   CO
6       5        116.2    691.4731    433.5562   15.767  1.786E+00  3.833E+00  3.846E-03  2.670E-02  2.040E+02  8.687E-04   CO
7       6        154.9    806.6518    371.6504   23.400  2.333E-01  1.904E+00  8.485E-04  3.846E-03  1.014E+02  6.851E-04   CO
8       7        199.1    921.7997    325.2252   37.717  4.339E-02  8.419E-01  2.976E-04  8.485E-04  4.481E+01  4.520E-04   CO
9       8        248.9   1036.9124    289.1203   46.288  1.436E-02  3.676E-01  1.135E-04  2.976E-04  1.956E+01  2.809E-04   CO
10      9        304.2   1151.9855    260.2398   53.098  5.325E-03  1.602E-01  4.429E-05  1.135E-04  8.527E+00  1.679E-04   CO
11      10       365.0   1267.0145    236.6133   60.086  2.026E-03  7.029E-02  1.763E-05  4.429E-05  3.741E+00  9.800E-05   CO
12      11       431.3   1381.9951    216.9273   66.390  7.934E-04  3.066E-02  7.057E-06  1.763E-05  1.632E+00  5.547E-05   CO
13      12       503.1   1496.9229    200.2725   73.630  3.105E-04  1.349E-02  2.873E-06  7.057E-06  7.181E-01  3.102E-05   CO
14      13       580.5   1611.7935    185.9993   74.243  1.302E-04  5.490E-03  1.089E-06  2.873E-06  2.922E-01  1.576E-05   CO
15      14       663.4   1726.6025    173.6314   75.684  5.030E-05  2.096E-03  3.893E-07  1.089E-06  1.115E-01  7.394E-06   CO
16      15       751.7   1841.3455    162.8116   84.974  1.733E-05  8.372E-04  1.465E-07  3.893E-07  4.456E-02  3.583E-06   CO
1       0         23.6    492.1607    609.1354   49.274  1.337E-02  5.099E-01  4.798E-01  2.583E-01  2.714E+01  4.167E-05   [CI]
2       1         62.5    809.3420    370.4151   34.800  1.842E-02  3.453E-01  2.619E-01  4.798E-01  1.838E+01  1.255E-04   [CI]
2       0         62.5   1301.5026    230.3433   39.149  5.793E-10  9.206E-09  2.619E-01  2.583E-01  4.900E-07  1.391E-11   [CI]
1       0          4.2     88.6316   3382.4556    2.752  7.529E-01  1.132E-02  3.786E-01  5.921E-01  6.023E-01  5.400E-09   HCN
2       1         12.8    177.2611   1691.2478    2.754  3.892E-01  4.356E-03  2.873E-02  3.786E-01  2.318E-01  1.663E-08   HCN
3       2         25.5    265.8864   1127.5207    2.949  2.749E-02  1.393E-03  5.309E-04  2.873E-02  7.416E-02  1.795E-08   HCN
4       3         42.5    354.5055    845.6638    6.429  4.555E-04  5.762E-04  4.840E-05  5.309E-04  3.067E-02  1.760E-08   HCN
5       4         63.8    443.1161    676.5550   16.089  3.186E-05  2.461E-04  1.577E-05  4.840E-05  1.310E-02  1.468E-08   HCN
6       5         89.3    531.7163    563.8203   24.407  9.016E-06  1.247E-04  6.553E-06  1.577E-05  6.636E-03  1.285E-08   HCN
