      LINE         E_UP       FREQ        WAVEL     T_EX      TAU        T_R       POP        POP       FLUX        FLUX   SPECIES
                   (K)        (GHz)       (um)      (K)                  (K)        UP        LOW      (K*km/s) (erg/cm2/s)   SPECIES
1       0          5.5    115.2712   2600.7576  782.682  3.611E-01  2.362E+02  3.434E-02  1.153E-02  1.257E+04  2.479E-04   CO
2       1         16.6    230.5380   1300.4037  288.934  3.823E+00  2.771E+02  5.509E-02  3.434E-02  1.475E+04  2.327E-03   CO
3       2         33.2    345.7960    866.9634  281.219  8.414E+00  2.729E+02  7.270E-02  5.509E-02  1.453E+04  7.735E-03   CO
4       3         55.3    461.0408    650.2515  279.183  1.404E+01  2.683E+02  8.635E-02  7.270E-02  1.428E+04  1.802E-02   CO
5       4         83.0    576.2679    520.2310  275.981  2.024E+01  2.624E+02  9.548E-02  8.635E-02  1.397E+04  3.442E-02   CO
6       5        116.2    691.4731    433.5562  271.881  2.642E+01  2.556E+02  9.987E-02  9.548E-02  1.361E+04  5.793E-02   CO
7       6        154.9    806.6518    371.6504  265.611  3.212E+01  2.467E+02  9.961E-02  9.987E-02  1.313E+04  8.877E-02   CO
8       7        199.1    921.7997    325.2252  257.473  3.683E+01  2.360E+02  9.507E-02  9.961E-02  1.256E+04  1.267E-01   CO
9       8        248.9   1036.9124    289.1203  246.599  4.024E+01  2.226E+02  8.684E-02  9.507E-02  1.185E+04  1.701E-01   CO
10      9        304.2   1151.9855    260.2398  233.054  4.205E+01  2.065E+02  7.571E-02  8.684E-02  1.099E+04  2.164E-01   CO
11      10       365.0   1267.0145    236.6133  217.222  4.202E+01  1.882E+02  6.267E-02  7.571E-02  1.002E+04  2.624E-01   CO
12      11       431.3   1381.9951    216.9273  198.162  4.015E+01  1.668E+02  4.874E-02  6.267E-02  8.880E+03  3.019E-01   CO
13      12       503.1   1496.9229    200.2725  175.572  3.655E+01  1.421E+02  3.497E-02  4.874E-02  7.563E+03  3.267E-01   CO
14      13       580.5   1611.7935    185.9993  148.559  3.143E+01  1.132E+02  2.231E-02  3.497E-02  6.026E+03  3.250E-01   CO
15      14       663.4   1726.6025    173.6314  120.176  2.441E+01  8.347E+01  1.197E-02  2.231E-02  4.443E+03  2.945E-01   CO
16      15       751.7   1841.3455    162.8116   93.567  1.592E+01  5.624E+01  4.955E-03  1.197E-02  2.993E+03  2.407E-01   CO
1       0         23.6    492.1607    609.1354  388.502  3.259E-02  1.208E+01  3.629E-01  1.286E-01  6.431E+02  9.873E-04   [CI]
2       1         62.5    809.3420    370.4151  223.950  1.043E-01  2.032E+01  5.085E-01  3.629E-01  1.082E+03  7.384E-03   [CI]
2       0         62.5   1301.5026    230.3433  266.660  2.388E-09  5.652E-07  5.085E-01  1.286E-01  3.008E-05  8.541E-10   [CI]
1       0          4.2     88.6316   3382.4556    7.605  6.070E+00  4.534E+00  4.755E-01  2.773E-01  2.413E+02  2.164E-06   HCN
2       1         12.8    177.2611   1691.2478    6.456  1.186E+01  2.718E+00  2.122E-01  4.755E-01  1.447E+02  1.038E-05   HCN
3       2         25.5    265.8864   1127.5207    5.618  5.833E+00  1.345E+00  3.065E-02  2.122E-01  7.159E+01  1.733E-05   HCN
4       3         42.5    354.5055    845.6638    6.565  8.279E-01  7.570E-01  2.952E-03  3.065E-02  4.029E+01  2.312E-05   HCN
5       4         63.8    443.1161    676.5550   14.409  6.464E-02  3.939E-01  8.247E-04  2.952E-03  2.097E+01  2.349E-05   HCN
6       5         89.3    531.7163    563.8203   24.336  1.493E-02  2.040E-01  3.416E-04  8.247E-04  1.086E+01  2.102E-05   HCN
