      LINE         E_UP       FREQ        WAVEL     T_EX      TAU        T_R       POP        POP       FLUX        FLUX   SPECIES
                   (K)        (GHz)       (um)      (K)                  (K)        UP        LOW      (K*km/s) (erg/cm2/s)   SPECIES
1       0          5.5    115.2712   2600.7576  357.158  3.465E+00  3.425E+02  2.373E-02  8.033E-03  1.823E+04  3.596E-04   CO
2       1         16.6    230.5380   1300.4037  352.057  1.372E+01  3.464E+02  3.832E-02  2.373E-02  1.843E+04  2.909E-03   CO
3       2         33.2    345.7960    866.9634  352.380  2.965E+01  3.441E+02  5.118E-02  3.832E-02  1.832E+04  9.753E-03   CO
4       3         55.3    461.0408    650.2515  352.315  4.981E+01  3.414E+02  6.180E-02  5.118E-02  1.817E+04  2.293E-02   CO
5       4         83.0    576.2679    520.2310  352.125  7.241E+01  3.385E+02  6.983E-02  6.180E-02  1.802E+04  4.440E-02   CO
6       5        116.2    691.4731    433.5562  351.995  9.546E+01  3.357E+02  7.510E-02  6.983E-02  1.787E+04  7.607E-02   CO
7       6        154.9    806.6518    371.6504  351.653  1.171E+02  3.327E+02  7.762E-02  7.510E-02  1.771E+04  1.197E-01   CO
8       7        199.1    921.7997    325.2252  351.282  1.357E+02  3.296E+02  7.756E-02  7.762E-02  1.754E+04  1.770E-01   CO
9       8        248.9   1036.9124    289.1203  350.686  1.500E+02  3.264E+02  7.522E-02  7.756E-02  1.737E+04  2.494E-01   CO
10      9        304.2   1151.9855    260.2398  349.872  1.591E+02  3.230E+02  7.098E-02  7.522E-02  1.719E+04  3.384E-01   CO
11      10       365.0   1267.0145    236.6133  349.068  1.628E+02  3.195E+02  6.532E-02  7.098E-02  1.701E+04  4.455E-01   CO
12      11       431.3   1381.9951    216.9273  347.988  1.611E+02  3.159E+02  5.868E-02  6.532E-02  1.681E+04  5.715E-01   CO
13      12       503.1   1496.9229    200.2725  346.792  1.547E+02  3.121E+02  5.151E-02  5.868E-02  1.661E+04  7.176E-01   CO
14      13       580.5   1611.7935    185.9993  344.323  1.448E+02  3.071E+02  4.420E-02  5.151E-02  1.634E+04  8.814E-01   CO
15      14       663.4   1726.6025    173.6314  341.276  1.320E+02  3.015E+02  3.706E-02  4.420E-02  1.605E+04  1.064E+00   CO
16      15       751.7   1841.3455    162.8116  337.345  1.173E+02  2.951E+02  3.036E-02  3.706E-02  1.571E+04  1.263E+00   CO
1       0         23.6    492.1607    609.1354  363.380  2.139E-01  6.773E+01  3.524E-01  1.253E-01  3.605E+03  5.534E-03   [CI]
2       1         62.5    809.3420    370.4151  331.299  4.441E-01  1.120E+02  5.223E-01  3.524E-01  5.960E+03  4.069E-02   [CI]
2       0         62.5   1301.5026    230.3433  342.742  1.172E-08  3.663E-06  5.223E-01  1.253E-01  1.949E-04  5.535E-09   [CI]
1       0          4.2     88.6316   3382.4556   46.323  2.045E+00  3.752E+01  1.979E-01  7.231E-02  1.997E+03  1.791E-05   HCN
2       1         12.8    177.2611   1691.2478   33.442  9.552E+00  2.897E+01  2.557E-01  1.979E-01  1.542E+03  1.106E-04   HCN
3       2         25.5    265.8864   1127.5207   29.729  1.726E+01  2.368E+01  2.331E-01  2.557E-01  1.261E+03  3.052E-04   HCN
4       3         42.5    354.5055    845.6638   25.215  2.107E+01  1.762E+01  1.526E-01  2.331E-01  9.381E+02  5.382E-04   HCN
5       4         63.8    443.1161    676.5550   20.643  1.758E+01  1.180E+01  6.658E-02  1.526E-01  6.278E+02  7.035E-04   HCN
6       5         89.3    531.7163    563.8203   16.886  9.125E+00  7.221E+00  1.736E-02  6.658E-02  3.843E+02  7.441E-04   HCN
