      LINE         E_UP       FREQ        WAVEL     T_EX      TAU        T_R       POP        POP       FLUX        FLUX   SPECIES
                   (K)        (GHz)       (um)      (K)                  (K)        UP        LOW      (K*km/s) (erg/cm2/s)   SPECIES
1       0          5.5    115.2712   2600.7576 -187.500 -4.366E-01  1.046E+02  6.605E-02  2.125E-02  5.568E+03  1.098E-04   CO
2       1         16.6    230.5380   1300.4037  764.489  3.736E-01  2.365E+02  1.048E-01  6.605E-02  1.259E+04  1.987E-03   CO
3       2         33.2    345.7960    866.9634  408.746  1.013E+01  4.005E+02  1.301E-01  1.048E-01  2.131E+04  1.135E-02   CO
4       3         55.3    461.0408    650.2515  362.373  2.316E+00  3.168E+02  1.469E-01  1.301E-01  1.686E+04  2.128E-02   CO
5       4         83.0    576.2679    520.2310  160.615  1.970E+01  1.472E+02  1.444E-01  1.469E-01  7.834E+03  1.931E-02   CO
6       5        116.2    691.4731    433.5562  160.082  1.122E+01  1.441E+02  1.329E-01  1.444E-01  7.668E+03  3.265E-02   CO
7       6        154.9    806.6518    371.6504  101.165  2.089E+01  8.304E+01  1.072E-01  1.329E-01  4.420E+03  2.988E-02   CO
8       7        199.1    921.7997    325.2252   95.416  1.770E+01  7.500E+01  7.609E-02  1.072E-01  3.992E+03  4.027E-02   CO
9       8        248.9   1036.9124    289.1203   77.645  1.690E+01  5.540E+01  4.391E-02  7.609E-02  2.949E+03  4.234E-02   CO
10      9        304.2   1151.9855    260.2398   58.874  1.241E+01  3.549E+01  1.883E-02  4.391E-02  1.889E+03  3.719E-02   CO
11      10       365.0   1267.0145    236.6133   46.017  6.566E+00  2.209E+01  5.518E-03  1.883E-02  1.176E+03  3.080E-02   CO
12      11       431.3   1381.9951    216.9273   42.367  2.068E+00  1.531E+01  1.266E-03  5.518E-03  8.147E+02  2.769E-02   CO
13      12       503.1   1496.9229    200.2725   59.128  4.087E-01  1.017E+01  4.082E-04  1.266E-03  5.412E+02  2.338E-02   CO
14      13       580.5   1611.7935    185.9993   88.242  1.069E-01  5.592E+00  1.827E-04  4.082E-04  2.976E+02  1.605E-02   CO
15      14       663.4   1726.6025    173.6314  103.549  4.446E-02  2.939E+00  8.772E-05  1.827E-04  1.564E+02  1.037E-02   CO
16      15       751.7   1841.3455    162.8116  117.007  2.040E-02  1.582E+00  4.388E-05  8.772E-05  8.420E+01  6.770E-03   CO
1       0         23.6    492.1607    609.1354  746.838  3.602E-03  2.643E+00  3.921E-01  1.349E-01  1.407E+02  2.160E-04   [CI]
2       1         62.5    809.3420    370.4151  120.096  3.904E-02  3.894E+00  4.729E-01  3.921E-01  2.073E+02  1.415E-03   [CI]
2       0         62.5   1301.5026    230.3433  175.924  7.157E-10  1.049E-07  4.729E-01  1.349E-01  5.582E-06  1.585E-10   [CI]
1       0          4.2     88.6316   3382.4556    3.261  3.890E+00  4.437E-01  4.262E-01  5.236E-01  2.362E+01  2.118E-07   HCN
2       1         12.8    177.2611   1691.2478    3.132  2.705E+00  1.957E-01  4.695E-02  4.262E-01  1.042E+01  7.472E-07   HCN
3       2         25.5    265.8864   1127.5207    3.837  2.769E-01  8.624E-02  2.363E-03  4.695E-02  4.590E+00  1.111E-06   HCN
4       3         42.5    354.5055    845.6638    9.636  1.141E-02  3.947E-02  5.198E-04  2.363E-03  2.101E+00  1.205E-06   HCN
5       4         63.8    443.1161    676.5550   18.119  2.034E-03  1.932E-02  1.965E-04  5.198E-04  1.028E+00  1.152E-06   HCN
6       5         89.3    531.7163    563.8203   26.487  6.756E-04  1.063E-02  8.859E-05  1.965E-04  5.659E-01  1.096E-06   HCN
