      LINE         E_UP       FREQ        WAVEL     T_EX      TAU        T_R       POP        POP       FLUX        FLUX   SPECIES
                   (K)        (GHz)       (um)      (K)                  (K)        UP        LOW      (K*km/s) (erg/cm2/s)   SPECIES
1       0          5.5    115.2712   2600.7576   63.484  1.204E+00  4.194E+01  2.240E-01  8.147E-02  2.232E+03  4.404E-05   CO
2       1         16.6    230.5380   1300.4037   37.647  6.729E+00  3.215E+01  2.783E-01  2.240E-01  1.711E+03  2.700E-04   CO
3       2         33.2    345.7960    866.9634   32.657  1.176E+01  2.502E+01  2.344E-01  2.783E-01  1.332E+03  7.092E-04   CO
4       3         55.3    461.0408    650.2515   26.638  1.334E+01  1.708E+01  1.313E-01  2.344E-01  9.092E+02  1.147E-03   CO
5       4         83.0    576.2679    520.2310   20.655  9.483E+00  9.823E+00  4.207E-02  1.313E-01  5.228E+02  1.288E-03   CO
6       5        116.2    691.4731    433.5562   16.713  3.480E+00  5.118E+00  6.826E-03  4.207E-02  2.724E+02  1.160E-03   CO
7       6        154.9    806.6518    371.6504   19.645  5.546E-01  2.669E+00  1.098E-03  6.826E-03  1.420E+02  9.602E-04   CO
8       7        199.1    921.7997    325.2252   33.580  7.493E-02  1.168E+00  3.332E-04  1.098E-03  6.218E+01  6.272E-04   CO
9       8        248.9   1036.9124    289.1203   44.139  2.078E-02  4.901E-01  1.206E-04  3.332E-04  2.608E+01  3.745E-04   CO
10      9        304.2   1151.9855    260.2398   50.796  7.301E-03  2.042E-01  4.489E-05  1.206E-04  1.087E+01  2.140E-04   CO
11      10       365.0   1267.0145    236.6133   57.049  2.663E-03  8.495E-02  1.693E-05  4.489E-05  4.522E+00  1.184E-04   CO
12      11       431.3   1381.9951    216.9273   62.922  9.892E-04  3.508E-02  6.414E-06  1.693E-05  1.867E+00  6.347E-05   CO
13      12       503.1   1496.9229    200.2725   69.465  3.675E-04  1.456E-02  2.463E-06  6.414E-06  7.750E-01  3.348E-05   CO
14      13       580.5   1611.7935    185.9993   70.548  1.446E-04  5.611E-03  8.836E-07  2.463E-06  2.986E-01  1.610E-05   CO
15      14       663.4   1726.6025    173.6314   71.866  5.286E-05  2.020E-03  2.982E-07  8.836E-07  1.075E-01  7.129E-06   CO
16      15       751.7   1841.3455    162.8116   79.999  1.728E-05  7.566E-04  1.052E-07  2.982E-07  4.027E-02  3.238E-06   CO
1       0         23.6    492.1607    609.1354   58.652  1.354E-02  6.406E-01  4.788E-01  2.388E-01  3.410E+01  5.235E-05   [CI]
2       1         62.5    809.3420    370.4151   37.399  2.224E-02  4.680E-01  2.824E-01  4.788E-01  2.491E+01  1.701E-04   [CI]
2       0         62.5   1301.5026    230.3433   43.337  6.455E-10  1.250E-08  2.824E-01  2.388E-01  6.652E-07  1.889E-11   [CI]
1       0          4.2     88.6316   3382.4556    2.758  9.451E-01  1.652E-02  3.793E-01  5.910E-01  8.795E-01  7.886E-09   HCN
2       1         12.8    177.2611   1691.2478    2.760  4.908E-01  6.383E-03  2.899E-02  3.793E-01  3.397E-01  2.437E-08   HCN
3       2         25.5    265.8864   1127.5207    2.977  3.490E-02  2.016E-03  5.586E-04  2.899E-02  1.073E-01  2.598E-08   HCN
4       3         42.5    354.5055    845.6638    6.592  6.002E-04  8.162E-04  5.437E-05  5.586E-04  4.344E-02  2.492E-08   HCN
5       4         63.8    443.1161    676.5550   15.774  4.548E-05  3.389E-04  1.726E-05  5.437E-05  1.804E-02  2.021E-08   HCN
6       5         89.3    531.7163    563.8203   23.852  1.258E-05  1.676E-04  6.997E-06  1.726E-05  8.921E-03  1.727E-08   HCN
