      LINE         E_UP       FREQ        WAVEL     T_EX      TAU        T_R       POP        POP       FLUX        FLUX   SPECIES
                   (K)        (GHz)       (um)      (K)                  (K)        UP        LOW      (K*km/s) (erg/cm2/s)   SPECIES
1       0          5.5    115.2712   2600.7576  528.700  5.113E-01  2.102E+02  4.128E-02  1.390E-02  1.119E+04  2.207E-04   CO
2       1         16.6    230.5380   1300.4037  238.399  4.406E+00  2.299E+02  6.567E-02  4.128E-02  1.224E+04  1.931E-03   CO
3       2         33.2    345.7960    866.9634  233.744  9.529E+00  2.255E+02  8.564E-02  6.567E-02  1.200E+04  6.391E-03   CO
4       3         55.3    461.0408    650.2515  231.480  1.571E+01  2.206E+02  1.001E-01  8.564E-02  1.174E+04  1.482E-02   CO
5       4         83.0    576.2679    520.2310  227.836  2.234E+01  2.143E+02  1.083E-01  1.001E-01  1.141E+04  2.811E-02   CO
6       5        116.2    691.4731    433.5562  222.945  2.866E+01  2.068E+02  1.103E-01  1.083E-01  1.101E+04  4.686E-02   CO
7       6        154.9    806.6518    371.6504  215.780  3.413E+01  1.970E+02  1.064E-01  1.103E-01  1.049E+04  7.088E-02   CO
8       7        199.1    921.7997    325.2252  206.392  3.818E+01  1.851E+02  9.731E-02  1.064E-01  9.850E+03  9.936E-02   CO
9       8        248.9   1036.9124    289.1203  194.027  4.051E+01  1.702E+02  8.415E-02  9.731E-02  9.059E+03  1.301E-01   CO
10      9        304.2   1151.9855    260.2398  178.570  4.081E+01  1.524E+02  6.825E-02  8.415E-02  8.109E+03  1.596E-01   CO
11      10       365.0   1267.0145    236.6133  160.473  3.886E+01  1.320E+02  5.117E-02  6.825E-02  7.025E+03  1.840E-01   CO
12      11       431.3   1381.9951    216.9273  139.359  3.467E+01  1.088E+02  3.456E-02  5.117E-02  5.792E+03  1.969E-01   CO
13      12       503.1   1496.9229    200.2725  115.843  2.833E+01  8.361E+01  2.007E-02  3.456E-02  4.450E+03  1.922E-01   CO
14      13       580.5   1611.7935    185.9993   90.873  2.024E+01  5.762E+01  9.204E-03  2.007E-02  3.067E+03  1.654E-01   CO
15      14       663.4   1726.6025    173.6314   68.294  1.128E+01  3.504E+01  2.924E-03  9.204E-03  1.865E+03  1.236E-01   CO
16      15       751.7   1841.3455    162.8116   52.807  4.108E+00  2.007E+01  5.839E-04  2.924E-03  1.068E+03  8.589E-02   CO
1       0         23.6    492.1607    609.1354  330.090  3.118E-02  9.775E+00  3.694E-01  1.323E-01  5.203E+02  7.988E-04   [CI]
2       1         62.5    809.3420    370.4151  183.772  1.009E-01  1.584E+01  4.984E-01  3.694E-01  8.433E+02  5.758E-03   [CI]
2       0         62.5   1301.5026    230.3433  220.779  2.303E-09  4.400E-07  4.984E-01  1.323E-01  2.342E-05  6.649E-10   [CI]
1       0          4.2     88.6316   3382.4556    6.164  6.605E+00  3.145E+00  4.913E-01  3.265E-01  1.674E+02  1.501E-06   HCN
2       1         12.8    177.2611   1691.2478    5.284  1.063E+01  1.733E+00  1.637E-01  4.913E-01  9.225E+01  6.617E-06   HCN
3       2         25.5    265.8864   1127.5207    4.784  3.709E+00  8.126E-01  1.591E-02  1.637E-01  4.325E+01  1.047E-05   HCN
4       3         42.5    354.5055    845.6638    6.829  3.385E-01  4.315E-01  1.694E-03  1.591E-02  2.297E+01  1.318E-05   HCN
5       4         63.8    443.1161    676.5550   15.812  2.824E-02  2.084E-01  5.394E-04  1.694E-03  1.109E+01  1.243E-05   HCN
6       5         89.3    531.7163    563.8203   23.884  7.839E-03  1.043E-01  2.190E-04  5.394E-04  5.549E+00  1.074E-05   HCN
