      LINE         E_UP       FREQ        WAVEL     T_EX      TAU        T_R       POP        POP       FLUX        FLUX   SPECIES
                   (K)        (GHz)       (um)      (K)                  (K)        UP        LOW      (K*km/s) (erg/cm2/s)   SPECIES
1       0          5.5    115.2712   2600.7576  436.453  8.054E-01  2.394E+02  3.383E-02  1.142E-02  1.274E+04  2.514E-04   CO
2       1         16.6    230.5380   1300.4037  276.959  4.942E+00  2.693E+02  5.417E-02  3.383E-02  1.434E+04  2.262E-03   CO
3       2         33.2    345.7960    866.9634  275.103  1.064E+01  2.668E+02  7.140E-02  5.417E-02  1.420E+04  7.563E-03   CO
4       3         55.3    461.0408    650.2515  274.042  1.767E+01  2.631E+02  8.468E-02  7.140E-02  1.400E+04  1.767E-02   CO
5       4         83.0    576.2679    520.2310  271.935  2.534E+01  2.583E+02  9.349E-02  8.468E-02  1.375E+04  3.389E-02   CO
6       5        116.2    691.4731    433.5562  269.251  3.287E+01  2.530E+02  9.768E-02  9.349E-02  1.347E+04  5.734E-02   CO
7       6        154.9    806.6518    371.6504  264.977  3.964E+01  2.461E+02  9.739E-02  9.768E-02  1.310E+04  8.854E-02   CO
8       7        199.1    921.7997    325.2252  259.350  4.503E+01  2.379E+02  9.306E-02  9.739E-02  1.266E+04  1.277E-01   CO
9       8        248.9   1036.9124    289.1203  251.556  4.871E+01  2.275E+02  8.534E-02  9.306E-02  1.211E+04  1.739E-01   CO
10      9        304.2   1151.9855    260.2398  241.449  5.042E+01  2.149E+02  7.502E-02  8.534E-02  1.144E+04  2.251E-01   CO
11      10       365.0   1267.0145    236.6133  229.216  5.002E+01  2.002E+02  6.302E-02  7.502E-02  1.065E+04  2.791E-01   CO
12      11       431.3   1381.9951    216.9273  213.751  4.767E+01  1.823E+02  5.023E-02  6.302E-02  9.703E+03  3.298E-01   CO
13      12       503.1   1496.9229    200.2725  194.428  4.362E+01  1.607E+02  3.749E-02  5.023E-02  8.554E+03  3.695E-01   CO
14      13       580.5   1611.7935    185.9993  169.815  3.825E+01  1.341E+02  2.553E-02  3.749E-02  7.136E+03  3.848E-01   CO
15      14       663.4   1726.6025    173.6314  142.222  3.117E+01  1.048E+02  1.524E-02  2.553E-02  5.577E+03  3.697E-01   CO
16      15       751.7   1841.3455    162.8116  113.999  2.253E+01  7.547E+01  7.473E-03  1.524E-02  4.017E+03  3.230E-01   CO
1       0         23.6    492.1607    609.1354  343.844  4.647E-02  1.508E+01  3.624E-01  1.294E-01  8.028E+02  1.233E-03   [CI]
2       1         62.5    809.3420    370.4151  225.213  1.305E-01  2.524E+01  5.083E-01  3.624E-01  1.344E+03  9.173E-03   [CI]
2       0         62.5   1301.5026    230.3433  259.004  3.105E-09  7.112E-07  5.083E-01  1.294E-01  3.785E-05  1.075E-09   [CI]
1       0          4.2     88.6316   3382.4556    8.998  5.895E+00  5.891E+00  4.549E-01  2.433E-01  3.136E+02  2.811E-06   HCN
2       1         12.8    177.2611   1691.2478    7.602  1.313E+01  3.733E+00  2.476E-01  4.549E-01  1.987E+02  1.425E-05   HCN
3       2         25.5    265.8864   1127.5207    6.452  8.233E+00  1.930E+00  4.797E-02  2.476E-01  1.027E+02  2.486E-05   HCN
4       3         42.5    354.5055    845.6638    6.517  1.634E+00  1.059E+00  4.532E-03  4.797E-02  5.639E+01  3.235E-05   HCN
5       4         63.8    443.1161    676.5550   12.416  1.328E-01  5.807E-01  9.991E-04  4.532E-03  3.091E+01  3.463E-05   HCN
6       5         89.3    531.7163    563.8203   23.513  2.321E-02  2.987E-01  3.989E-04  9.991E-04  1.590E+01  3.078E-05   HCN
