      LINE         E_UP       FREQ        WAVEL     T_EX      TAU        T_R       POP        POP       FLUX        FLUX   SPECIES
                   (K)        (GHz)       (um)      (K)                  (K)        UP        LOW      (K*km/s) (erg/cm2/s)   SPECIES
1       0          5.5    115.2712   2600.7576   18.555  6.130E+00  1.506E+01  3.764E-01  1.691E-01  8.014E+02  1.581E-05   CO
2       1         16.6    230.5380   1300.4037   16.340  1.735E+01  1.123E+01  3.188E-01  3.764E-01  5.979E+02  9.435E-05   CO
3       2         33.2    345.7960    866.9634   12.785  1.953E+01  6.196E+00  1.218E-01  3.188E-01  3.298E+02  1.756E-04   CO
4       3         55.3    461.0408    650.2515    9.015  8.924E+00  2.073E+00  1.346E-02  1.218E-01  1.103E+02  1.392E-04   CO
5       4         83.0    576.2679    520.2310    7.626  1.018E+00  4.822E-01  4.376E-04  1.346E-02  2.566E+01  6.325E-05   CO
6       5        116.2    691.4731    433.5562   11.768  3.134E-02  6.489E-02  3.083E-05  4.376E-04  3.454E+00  1.471E-05   CO
7       6        154.9    806.6518    371.6504   15.313  2.127E-03  7.136E-03  2.839E-06  3.083E-05  3.798E-01  2.567E-06   CO
8       7        199.1    921.7997    325.2252   17.055  1.945E-04  6.949E-04  2.404E-07  2.839E-06  3.699E-02  3.731E-07   CO
9       8        248.9   1036.9124    289.1203   18.185  1.647E-05  5.678E-05  1.741E-08  2.404E-07  3.022E-03  4.339E-08   CO
10      9        304.2   1151.9855    260.2398   19.254  1.191E-06  3.951E-06  1.089E-09  1.741E-08  2.103E-04  4.140E-09   CO
11      10       365.0   1267.0145    236.6133   19.928  7.460E-08  2.252E-07  5.643E-11  1.089E-09  1.199E-05  3.140E-10   CO
12      11       431.3   1381.9951    216.9273   20.746  3.855E-09  1.090E-08  2.508E-12  5.643E-11  5.801E-07  1.972E-11   CO
13      12       503.1   1496.9229    200.2725   21.690  1.706E-10  4.636E-10  9.869E-14  2.508E-12  2.467E-08  1.066E-12   CO
14      13       580.5   1611.7935    185.9993   22.077  6.704E-12  1.609E-11  3.189E-15  9.869E-14  8.562E-10  4.617E-14   CO
15      14       663.4   1726.6025    173.6314   21.957  2.163E-13  4.214E-13  7.828E-17  3.189E-15  2.243E-11  1.487E-15   CO
16      15       751.7   1841.3455    162.8116   22.669  5.279E-15  9.746E-15  1.698E-18  7.828E-17  5.187E-13  4.171E-17   CO
1       0         23.6    492.1607    609.1354   15.087  6.185E-02  3.740E-01  3.606E-01  5.753E-01  1.991E+01  3.056E-05   [CI]
2       1         62.5    809.3420    370.4151   17.347  1.840E-02  8.445E-02  6.405E-02  3.606E-01  4.495E+00  3.069E-05   [CI]
2       0         62.5   1301.5026    230.3433   16.417  1.583E-09  2.251E-09  6.405E-02  5.753E-01  1.198E-07  3.402E-12   [CI]
1       0          4.2     88.6316   3382.4556    2.734  7.586E-01  3.729E-03  3.767E-01  5.950E-01  1.985E-01  1.780E-09   HCN
2       1         12.8    177.2611   1691.2478    2.733  3.877E-01  1.129E-03  2.792E-02  3.767E-01  6.007E-02  4.309E-09   HCN
3       2         25.5    265.8864   1127.5207    2.758  2.680E-02  1.792E-04  3.823E-04  2.792E-02  9.539E-03  2.309E-09   HCN
4       3         42.5    354.5055    845.6638    3.428  3.506E-04  3.036E-05  3.437E-06  3.823E-04  1.616E-03  9.272E-10   HCN
5       4         63.8    443.1161    676.5550    8.496  2.832E-06  5.344E-06  3.437E-07  3.437E-06  2.844E-04  3.187E-10   HCN
6       5         89.3    531.7163    563.8203   12.611  2.629E-07  1.021E-06  5.370E-08  3.437E-07  5.436E-05  1.052E-10   HCN
