      LINE         E_UP       FREQ        WAVEL     T_EX      TAU        T_R       POP        POP       FLUX        FLUX   SPECIES
                   (K)        (GHz)       (um)      (K)                  (K)        UP        LOW      (K*km/s) (erg/cm2/s)   SPECIES
1       0          5.5    115.2712   2600.7576  162.652  1.789E+00  1.325E+02  6.960E-02  2.400E-02  7.052E+03  1.391E-04   CO
2       1         16.6    230.5380   1300.4037  132.656  8.271E+00  1.270E+02  1.067E-01  6.960E-02  6.758E+03  1.066E-03   CO
3       2         33.2    345.7960    866.9634  131.883  1.685E+01  1.237E+02  1.317E-01  1.067E-01  6.585E+03  3.507E-03   CO
4       3         55.3    461.0408    650.2515  129.610  2.625E+01  1.189E+02  1.428E-01  1.317E-01  6.326E+03  7.984E-03   CO
5       4         83.0    576.2679    520.2310  125.892  3.470E+01  1.126E+02  1.401E-01  1.428E-01  5.991E+03  1.477E-02   CO
6       5        116.2    691.4731    433.5562  120.314  4.076E+01  1.045E+02  1.257E-01  1.401E-01  5.561E+03  2.368E-02   CO
7       6        154.9    806.6518    371.6504  112.281  4.356E+01  9.403E+01  1.027E-01  1.257E-01  5.005E+03  3.383E-02   CO
8       7        199.1    921.7997    325.2252  101.250  4.267E+01  8.074E+01  7.520E-02  1.027E-01  4.297E+03  4.335E-02   CO
9       8        248.9   1036.9124    289.1203   87.037  3.802E+01  6.451E+01  4.745E-02  7.520E-02  3.434E+03  4.930E-02   CO
10      9        304.2   1151.9855    260.2398   70.199  2.972E+01  4.615E+01  2.386E-02  4.745E-02  2.456E+03  4.836E-02   CO
11      10       365.0   1267.0145    236.6133   53.017  1.855E+01  2.830E+01  8.299E-03  2.386E-02  1.506E+03  3.946E-02   CO
12      11       431.3   1381.9951    216.9273   38.548  7.692E+00  1.445E+01  1.614E-03  8.299E-03  7.691E+02  2.614E-02   CO
13      12       503.1   1496.9229    200.2725   32.678  1.606E+00  7.168E+00  1.935E-04  1.614E-03  3.815E+02  1.648E-02   CO
14      13       580.5   1611.7935    185.9993   47.025  1.733E-01  2.944E+00  4.011E-05  1.935E-04  1.567E+02  8.451E-03   CO
15      14       663.4   1726.6025    173.6314   65.140  3.177E-02  1.009E+00  1.202E-05  4.011E-05  5.370E+01  3.560E-03   CO
16      15       751.7   1841.3455    162.8116   72.088  9.263E-03  3.385E-01  3.754E-06  1.202E-05  1.802E+01  1.448E-03   CO
1       0         23.6    492.1607    609.1354  167.976  4.287E-02  6.565E+00  3.955E-01  1.517E-01  3.494E+02  5.364E-04   [CI]
2       1         62.5    809.3420    370.4151  103.475  1.120E-01  9.035E+00  4.528E-01  3.955E-01  4.809E+02  3.283E-03   [CI]
2       0         62.5   1301.5026    230.3433  121.052  2.727E-09  2.522E-07  4.528E-01  1.517E-01  1.343E-05  3.812E-10   [CI]
1       0          4.2     88.6316   3382.4556    4.163  7.210E+00  1.260E+00  4.749E-01  4.398E-01  6.708E+01  6.014E-07   HCN
2       1         12.8    177.2611   1691.2478    3.722  7.282E+00  5.706E-01  8.052E-02  4.749E-01  3.037E+01  2.178E-06   HCN
3       2         25.5    265.8864   1127.5207    3.805  1.194E+00  2.389E-01  3.939E-03  8.052E-02  1.272E+01  3.078E-06   HCN
4       3         42.5    354.5055    845.6638    7.472  5.173E-02  9.637E-02  5.195E-04  3.939E-03  5.129E+00  2.943E-06   HCN
5       4         63.8    443.1161    676.5550   15.429  5.528E-03  3.945E-02  1.600E-04  5.195E-04  2.100E+00  2.353E-06   HCN
6       5         89.3    531.7163    563.8203   21.320  1.560E-03  1.722E-02  5.713E-05  1.600E-04  9.163E-01  1.774E-06   HCN
