      LINE         E_UP       FREQ        WAVEL     T_EX      TAU        T_R       POP        POP       FLUX        FLUX   SPECIES
                   (K)        (GHz)       (um)      (K)                  (K)        UP        LOW      (K*km/s) (erg/cm2/s)   SPECIES
1       0          5.5    115.2712   2600.7576  354.993  6.725E+01  3.514E+02  2.294E-02  7.767E-03  1.870E+04  3.689E-04   CO
2       1         16.6    230.5380   1300.4037  354.993  2.626E+02  3.493E+02  3.706E-02  2.294E-02  1.859E+04  2.934E-03   CO
3       2         33.2    345.7960    866.9634  354.993  5.680E+02  3.467E+02  4.952E-02  3.706E-02  1.845E+04  9.827E-03   CO
4       3         55.3    461.0408    650.2515  354.993  9.544E+02  3.440E+02  5.982E-02  4.952E-02  1.831E+04  2.311E-02   CO
5       4         83.0    576.2679    520.2310  354.992  1.388E+03  3.413E+02  6.763E-02  5.982E-02  1.817E+04  4.478E-02   CO
6       5        116.2    691.4731    433.5562  354.992  1.830E+03  3.387E+02  7.279E-02  6.763E-02  1.803E+04  7.675E-02   CO
7       6        154.9    806.6518    371.6504  354.991  2.245E+03  3.360E+02  7.531E-02  7.279E-02  1.788E+04  1.209E-01   CO
8       7        199.1    921.7997    325.2252  354.990  2.602E+03  3.333E+02  7.535E-02  7.531E-02  1.774E+04  1.790E-01   CO
9       8        248.9   1036.9124    289.1203  354.989  2.874E+03  3.307E+02  7.320E-02  7.535E-02  1.760E+04  2.527E-01   CO
10      9        304.2   1151.9855    260.2398  354.986  3.047E+03  3.281E+02  6.924E-02  7.320E-02  1.746E+04  3.438E-01   CO
11      10       365.0   1267.0145    236.6133  354.984  3.119E+03  3.254E+02  6.390E-02  6.924E-02  1.732E+04  4.537E-01   CO
12      11       431.3   1381.9951    216.9273  354.981  3.088E+03  3.229E+02  5.762E-02  6.390E-02  1.718E+04  5.841E-01   CO
13      12       503.1   1496.9229    200.2725  354.979  2.968E+03  3.203E+02  5.082E-02  5.762E-02  1.705E+04  7.364E-01   CO
14      13       580.5   1611.7935    185.9993  354.972  2.775E+03  3.177E+02  4.390E-02  5.082E-02  1.691E+04  9.118E-01   CO
15      14       663.4   1726.6025    173.6314  354.964  2.527E+03  3.151E+02  3.716E-02  4.390E-02  1.677E+04  1.112E+00   CO
16      15       751.7   1841.3455    162.8116  354.954  2.244E+03  3.126E+02  3.084E-02  3.716E-02  1.664E+04  1.338E+00   CO
1       0         23.6    492.1607    609.1354  354.939  4.354E+00  3.388E+02  3.509E-01  1.250E-01  1.804E+04  2.769E-02   [CI]
2       1         62.5    809.3420    370.4151  354.762  8.271E+00  3.356E+02  5.241E-01  3.509E-01  1.786E+04  1.220E-01   [CI]
2       0         62.5   1301.5026    230.3433  354.829  2.260E-07  7.334E-05  5.241E-01  1.250E-01  3.903E-03  1.108E-07   [CI]
1       0          4.2     88.6316   3382.4556    4.552  4.563E+00  1.604E+00  1.442E-02  6.060E-03  8.539E+01  7.657E-07   HCN
2       1         12.8    177.2611   1691.2478  -11.126  1.715E-17  0.000E+00  2.502E-02  1.442E-02  0.000E+00  0.000E+00   HCN
3       2         25.5    265.8864   1127.5207   38.571  1.103E-17  0.000E+00  2.476E-02  2.502E-02  0.000E+00  0.000E+00   HCN
4       3         42.5    354.5055    845.6638  -14.419  8.168E-18  0.000E+00  4.870E-02  2.476E-02  0.000E+00  0.000E+00   HCN
5       4         63.8    443.1161    676.5550    2.474 -1.544E+02  5.148E+64  3.867E-02  4.870E-02  2.740E+66  3.070E+60   HCN
6       5         89.3    531.7163    563.8203    0.036  1.852E+02 -2.191E-03  3.643E-02  3.867E-02 -1.166E-01 -2.258E-07   HCN
