      LINE         E_UP       FREQ        WAVEL     T_EX      TAU        T_R       POP        POP       FLUX        FLUX   SPECIES
                   (K)        (GHz)       (um)      (K)                  (K)        UP        LOW      (K*km/s) (erg/cm2/s)   SPECIES
1       0          5.5    115.2712   2600.7576  303.670  1.746E+00  2.477E+02  3.211E-02  1.090E-02  1.319E+04  2.601E-04   CO
2       1         16.6    230.5380   1300.4037  267.390  7.694E+00  2.616E+02  5.134E-02  3.211E-02  1.392E+04  2.197E-03   CO
3       2         33.2    345.7960    866.9634  268.250  1.638E+01  2.600E+02  6.757E-02  5.134E-02  1.384E+04  7.369E-03   CO
4       3         55.3    461.0408    650.2515  267.766  2.709E+01  2.568E+02  7.998E-02  6.757E-02  1.367E+04  1.725E-02   CO
5       4         83.0    576.2679    520.2310  266.909  3.862E+01  2.533E+02  8.813E-02  7.998E-02  1.348E+04  3.323E-02   CO
6       5        116.2    691.4731    433.5562  265.769  4.971E+01  2.495E+02  9.193E-02  8.813E-02  1.328E+04  5.655E-02   CO
7       6        154.9    806.6518    371.6504  263.843  5.936E+01  2.450E+02  9.160E-02  9.193E-02  1.304E+04  8.813E-02   CO
8       7        199.1    921.7997    325.2252  261.568  6.660E+01  2.401E+02  8.766E-02  9.160E-02  1.278E+04  1.289E-01   CO
9       8        248.9   1036.9124    289.1203  257.294  7.125E+01  2.332E+02  8.074E-02  8.766E-02  1.241E+04  1.782E-01   CO
10      9        304.2   1151.9855    260.2398  253.425  7.240E+01  2.268E+02  7.175E-02  8.074E-02  1.207E+04  2.376E-01   CO
11      10       365.0   1267.0145    236.6133  244.106  7.175E+01  2.150E+02  6.126E-02  7.175E-02  1.144E+04  2.997E-01   CO
12      11       431.3   1381.9951    216.9273  238.129  6.692E+01  2.065E+02  5.040E-02  6.126E-02  1.099E+04  3.736E-01   CO
13      12       503.1   1496.9229    200.2725  215.892  6.356E+01  1.820E+02  3.902E-02  5.040E-02  9.685E+03  4.184E-01   CO
14      13       580.5   1611.7935    185.9993  196.660  5.608E+01  1.605E+02  2.828E-02  3.902E-02  8.543E+03  4.607E-01   CO
15      14       663.4   1726.6025    173.6314  144.027  5.421E+01  1.065E+02  1.701E-02  2.828E-02  5.671E+03  3.759E-01   CO
16      15       751.7   1841.3455    162.8116   63.024  5.569E+01  2.884E+01  4.455E-03  1.701E-02  1.535E+03  1.234E-01   CO
1       0         23.6    492.1607    609.1354  299.680  8.461E-02  2.337E+01  3.609E-01  1.302E-01  1.244E+03  1.909E-03   [CI]
2       1         62.5    809.3420    370.4151  232.088  2.004E-01  3.872E+01  5.089E-01  3.609E-01  2.061E+03  1.407E-02   [CI]
2       0         62.5   1301.5026    230.3433  253.728  5.043E-09  1.128E-06  5.089E-01  1.302E-01  6.006E-05  1.705E-09   [CI]
1       0          4.2     88.6316   3382.4556   13.058  5.140E+00  9.858E+00  3.928E-01  1.814E-01  5.247E+02  4.705E-06   HCN
2       1         12.8    177.2611   1691.2478   11.014  1.437E+01  6.910E+00  3.024E-01  3.928E-01  3.678E+02  2.638E-05   HCN
3       2         25.5    265.8864   1127.5207    9.157  1.391E+01  4.093E+00  1.051E-01  3.024E-01  2.179E+02  5.274E-05   HCN
4       3         42.5    354.5055    845.6638    7.819  5.426E+00  2.136E+00  1.533E-02  1.051E-01  1.137E+02  6.522E-05   HCN
5       4         63.8    443.1161    676.5550    9.299  7.802E-01  1.298E+00  1.903E-03  1.533E-02  6.906E+01  7.738E-05   HCN
6       5         89.3    531.7163    563.8203   19.453  7.733E-02  6.999E-01  6.058E-04  1.903E-03  3.725E+01  7.212E-05   HCN
