      LINE         E_UP       FREQ        WAVEL     T_EX      TAU        T_R       POP        POP       FLUX        FLUX   SPECIES
                   (K)        (GHz)       (um)      (K)                  (K)        UP        LOW      (K*km/s) (erg/cm2/s)   SPECIES
1       0          5.5    115.2712   2600.7576  330.803  4.007E+00  3.213E+02  2.540E-02  8.609E-03  1.710E+04  3.373E-04   CO
2       1         16.6    230.5380   1300.4037  327.659  1.577E+01  3.220E+02  4.093E-02  2.540E-02  1.714E+04  2.704E-03   CO
3       2         33.2    345.7960    866.9634  327.857  3.397E+01  3.196E+02  5.447E-02  4.093E-02  1.701E+04  9.058E-03   CO
4       3         55.3    461.0408    650.2515  327.795  5.684E+01  3.168E+02  6.546E-02  5.447E-02  1.686E+04  2.128E-02   CO
5       4         83.0    576.2679    520.2310  327.634  8.219E+01  3.140E+02  7.353E-02  6.546E-02  1.671E+04  4.119E-02   CO
6       5        116.2    691.4731    433.5562  327.500  1.077E+02  3.112E+02  7.852E-02  7.353E-02  1.656E+04  7.052E-02   CO
7       6        154.9    806.6518    371.6504  327.206  1.311E+02  3.082E+02  8.049E-02  7.852E-02  1.641E+04  1.109E-01   CO
8       7        199.1    921.7997    325.2252  326.867  1.506E+02  3.052E+02  7.968E-02  8.049E-02  1.625E+04  1.639E-01   CO
9       8        248.9   1036.9124    289.1203  326.339  1.647E+02  3.021E+02  7.646E-02  7.968E-02  1.608E+04  2.309E-01   CO
10      9        304.2   1151.9855    260.2398  325.606  1.727E+02  2.987E+02  7.131E-02  7.646E-02  1.590E+04  3.131E-01   CO
11      10       365.0   1267.0145    236.6133  324.850  1.746E+02  2.954E+02  6.477E-02  7.131E-02  1.572E+04  4.118E-01   CO
12      11       431.3   1381.9951    216.9273  323.824  1.705E+02  2.918E+02  5.736E-02  6.477E-02  1.553E+04  5.279E-01   CO
13      12       503.1   1496.9229    200.2725  322.645  1.613E+02  2.881E+02  4.958E-02  5.736E-02  1.533E+04  6.623E-01   CO
14      13       580.5   1611.7935    185.9993  320.294  1.487E+02  2.832E+02  4.183E-02  4.958E-02  1.507E+04  8.127E-01   CO
15      14       663.4   1726.6025    173.6314  317.332  1.332E+02  2.777E+02  3.444E-02  4.183E-02  1.478E+04  9.798E-01   CO
16      15       751.7   1841.3455    162.8116  313.324  1.163E+02  2.712E+02  2.765E-02  3.444E-02  1.444E+04  1.161E+00   CO
1       0         23.6    492.1607    609.1354  337.111  2.320E-01  6.739E+01  3.537E-01  1.264E-01  3.587E+03  5.507E-03   [CI]
2       1         62.5    809.3420    370.4151  309.228  4.756E-01  1.098E+02  5.199E-01  3.537E-01  5.847E+03  3.992E-02   [CI]
2       0         62.5   1301.5026    230.3433  319.212  1.262E-08  3.646E-06  5.199E-01  1.264E-01  1.940E-04  5.509E-09   [CI]
1       0          4.2     88.6316   3382.4556   44.120  2.194E+00  3.634E+01  2.017E-01  7.404E-02  1.934E+03  1.734E-05   HCN
2       1         12.8    177.2611   1691.2478   32.621  9.950E+00  2.816E+01  2.590E-01  2.017E-01  1.499E+03  1.075E-04   HCN
3       2         25.5    265.8864   1127.5207   28.936  1.786E+01  2.290E+01  2.333E-01  2.590E-01  1.219E+03  2.951E-04   HCN
4       3         42.5    354.5055    845.6638   24.462  2.154E+01  1.690E+01  1.496E-01  2.333E-01  8.995E+02  5.161E-04   HCN
5       4         63.8    443.1161    676.5550   19.950  1.757E+01  1.116E+01  6.298E-02  1.496E-01  5.941E+02  6.657E-04   HCN
6       5         89.3    531.7163    563.8203   16.293  8.762E+00  6.732E+00  1.554E-02  6.298E-02  3.583E+02  6.937E-04   HCN
