      LINE         E_UP       FREQ        WAVEL     T_EX      TAU        T_R       POP        POP       FLUX        FLUX   SPECIES
                   (K)        (GHz)       (um)      (K)                  (K)        UP        LOW      (K*km/s) (erg/cm2/s)   SPECIES
1       0          5.5    115.2712   2600.7576 -298.235 -4.741E-01  1.831E+02  5.502E-02  1.800E-02  9.744E+03  1.922E-04   CO
2       1         16.6    230.5380   1300.4037  216.668  2.567E+00  1.948E+02  8.714E-02  5.502E-02  1.037E+04  1.636E-03   CO
3       2         33.2    345.7960    866.9634  190.754  6.119E+00  1.821E+02  1.118E-01  8.714E-02  9.694E+03  5.162E-03   CO
4       3         55.3    461.0408    650.2515  182.690  1.022E+01  1.718E+02  1.274E-01  1.118E-01  9.146E+03  1.154E-02   CO
5       4         83.0    576.2679    520.2310  173.610  1.458E+01  1.601E+02  1.328E-01  1.274E-01  8.524E+03  2.101E-02   CO
6       5        116.2    691.4731    433.5562  162.547  1.867E+01  1.465E+02  1.279E-01  1.328E-01  7.798E+03  3.320E-02   CO
7       6        154.9    806.6518    371.6504  148.313  2.204E+01  1.298E+02  1.137E-01  1.279E-01  6.908E+03  4.670E-02   CO
8       7        199.1    921.7997    325.2252  131.604  2.404E+01  1.107E+02  9.206E-02  1.137E-01  5.893E+03  5.945E-02   CO
9       8        248.9   1036.9124    289.1203  112.532  2.410E+01  8.948E+01  6.612E-02  9.206E-02  4.762E+03  6.838E-02   CO
10      9        304.2   1151.9855    260.2398   92.535  2.156E+01  6.763E+01  4.021E-02  6.612E-02  3.600E+03  7.087E-02   CO
11      10       365.0   1267.0145    236.6133   73.519  1.626E+01  4.726E+01  1.926E-02  4.021E-02  2.515E+03  6.589E-02   CO
12      11       431.3   1381.9951    216.9273   57.079  9.426E+00  3.020E+01  6.549E-03  1.926E-02  1.607E+03  5.463E-02   CO
13      12       503.1   1496.9229    200.2725   46.319  3.644E+00  1.883E+01  1.500E-03  6.549E-03  1.002E+03  4.329E-02   CO
14      13       580.5   1611.7935    185.9993   50.010  8.268E-01  1.177E+01  3.430E-04  1.500E-03  6.266E+02  3.379E-02   CO
15      14       663.4   1726.6025    173.6314   77.512  1.564E-01  6.273E+00  1.259E-04  3.430E-04  3.339E+02  2.213E-02   CO
16      15       751.7   1841.3455    162.8116  104.151  4.957E-02  3.198E+00  5.736E-05  1.259E-04  1.702E+02  1.369E-02   CO
1       0         23.6    492.1607    609.1354  535.202  7.812E-03  4.073E+00  3.822E-01  1.331E-01  2.168E+02  3.328E-04   [CI]
2       1         62.5    809.3420    370.4151  142.244  5.214E-02  6.285E+00  4.847E-01  3.822E-01  3.345E+02  2.284E-03   [CI]
2       0         62.5   1301.5026    230.3433  196.917  1.018E-09  1.704E-07  4.847E-01  1.331E-01  9.068E-06  2.574E-10   [CI]
1       0          4.2     88.6316   3382.4556    3.743  5.200E+00  8.749E-01  4.563E-01  4.739E-01  4.657E+01  4.175E-07   HCN
2       1         12.8    177.2611   1691.2478    3.459  4.494E+00  3.981E-01  6.500E-02  4.563E-01  2.119E+01  1.520E-06   HCN
3       2         25.5    265.8864   1127.5207    3.955  6.051E-01  1.854E-01  3.613E-03  6.500E-02  9.868E+00  2.389E-06   HCN
4       3         42.5    354.5055    845.6638    9.061  2.826E-02  8.468E-02  7.106E-04  3.613E-03  4.507E+00  2.586E-06   HCN
5       4         63.8    443.1161    676.5550   17.742  4.455E-03  4.078E-02  2.620E-04  7.106E-04  2.171E+00  2.432E-06   HCN
6       5         89.3    531.7163    563.8203   25.437  1.462E-03  2.159E-02  1.135E-04  2.620E-04  1.149E+00  2.224E-06   HCN
