      LINE         E_UP       FREQ        WAVEL     T_EX      TAU        T_R       POP        POP       FLUX        FLUX   SPECIES
                   (K)        (GHz)       (um)      (K)                  (K)        UP        LOW      (K*km/s) (erg/cm2/s)   SPECIES
1       0          5.5    115.2712   2600.7576    5.000  1.717E+05  1.897E+00  4.546E-01  4.582E-01  1.010E+02  1.992E-06   CO
2       1         16.6    230.5380   1300.4037    5.000  1.510E+05  1.165E+00  8.289E-02  4.546E-01  6.199E+01  9.782E-06   CO
3       2         33.2    345.7960    866.9634    5.000  2.681E+04  5.853E-01  4.199E-03  8.289E-02  3.115E+01  1.659E-05   CO
4       3         55.3    461.0408    650.2515    5.000  1.323E+03  2.615E-01  6.461E-05  4.199E-03  1.392E+01  1.756E-05   CO
5       4         83.0    576.2679    520.2310    4.998  1.992E+01  1.086E-01  3.119E-07  6.461E-05  5.780E+00  1.425E-05   CO
6       5        116.2    691.4731    433.5562    4.958  9.447E-02  3.694E-03  4.565E-10  3.119E-07  1.966E-01  8.371E-07   CO
7       6        154.9    806.6518    371.6504    4.970  1.363E-04  2.182E-06  2.181E-13  4.565E-10  1.161E-04  7.849E-10   CO
8       7        199.1    921.7997    325.2252    5.096  6.431E-08  4.824E-10  4.006E-17  2.181E-13  2.568E-08  2.590E-13   CO
9       8        248.9   1036.9124    289.1203   31.973  1.047E-11  1.393E-10  7.179E-18  4.006E-17  7.412E-09  1.064E-13   CO
10      9        304.2   1151.9855    260.2398  349.943  6.040E-13  1.951E-10  6.776E-18  7.179E-18  1.038E-08  2.044E-13   CO
11      10       365.0   1267.0145    236.6133  400.860  5.446E-13  2.022E-10  6.377E-18  6.776E-18  1.076E-08  2.818E-13   CO
12      11       431.3   1381.9951    216.9273  443.268  5.015E-13  2.061E-10  5.969E-18  6.377E-18  1.097E-08  3.728E-13   CO
13      12       503.1   1496.9229    200.2725  433.065  5.120E-13  2.039E-10  5.462E-18  5.969E-18  1.085E-08  4.687E-13   CO
14      13       580.5   1611.7935    185.9993  761.028  2.936E-13  2.123E-10  5.300E-18  5.462E-18  1.130E-08  6.094E-13   CO
15      14       663.4   1726.6025    173.6314  768.923  2.986E-13  2.175E-10  5.087E-18  5.300E-18  1.158E-08  7.673E-13   CO
16      15       751.7   1841.3455    162.8116  816.708  2.853E-13  2.206E-10  4.860E-18  5.087E-18  1.174E-08  9.442E-13   CO
1       0         23.6    492.1607    609.1354    5.000  5.223E+02  2.075E-01  2.595E-02  9.740E-01  1.105E+01  1.696E-05   [CI]
2       1         62.5    809.3420    370.4151    5.000  5.896E+00  1.636E-02  1.828E-05  2.595E-02  8.707E-01  5.945E-06   [CI]
2       0         62.5   1301.5026    230.3433    5.000  1.091E-05  2.558E-09  1.828E-05  9.740E-01  1.362E-07  3.866E-12   [CI]
1       0          4.2     88.6316   3382.4556    5.000  1.358E+03  2.040E+00  4.721E-01  3.685E-01  1.086E+02  9.737E-07   HCN
2       1         12.8    177.2611   1691.2478    4.997  1.655E+03  1.503E+00  1.434E-01  4.721E-01  8.001E+01  5.739E-06   HCN
3       2         25.5    265.8864   1127.5207    4.985  5.106E+02  9.502E-01  1.552E-02  1.434E-01  5.058E+01  1.224E-05   HCN
4       3         42.5    354.5055    845.6638    4.578  5.567E+01  3.910E-01  4.855E-04  1.552E-02  2.081E+01  1.194E-05   HCN
5       4         63.8    443.1161    676.5550    3.316  1.732E+00  2.162E-02  9.738E-07  4.855E-04  1.151E+00  1.289E-06   HCN
6       5         89.3    531.7163    563.8203    3.922  3.412E-03  1.227E-04  1.720E-09  9.738E-07  6.529E-03  1.264E-08   HCN
