      LINE         E_UP       FREQ        WAVEL     T_EX      TAU        T_R       POP        POP       FLUX        FLUX   SPECIES
                   (K)        (GHz)       (um)      (K)                  (K)        UP        LOW      (K*km/s) (erg/cm2/s)   SPECIES
1       0          5.5    115.2712   2600.7576  229.997  1.266E+02  2.264E+02  3.507E-02  1.197E-02  1.205E+04  2.377E-04   CO
2       1         16.6    230.5380   1300.4037  229.997  4.880E+02  2.243E+02  5.570E-02  3.507E-02  1.194E+04  1.884E-03   CO
3       2         33.2    345.7960    866.9634  229.997  1.033E+03  2.218E+02  7.255E-02  5.570E-02  1.180E+04  6.285E-03   CO
4       3         55.3    461.0408    650.2515  229.997  1.686E+03  2.191E+02  8.473E-02  7.255E-02  1.166E+04  1.472E-02   CO
5       4         83.0    576.2679    520.2310  229.996  2.360E+03  2.164E+02  9.182E-02  8.473E-02  1.152E+04  2.839E-02   CO
6       5        116.2    691.4731    433.5562  229.996  2.971E+03  2.138E+02  9.394E-02  9.182E-02  1.138E+04  4.845E-02   CO
7       6        154.9    806.6518    371.6504  229.995  3.451E+03  2.112E+02  9.160E-02  9.394E-02  1.124E+04  7.598E-02   CO
8       7        199.1    921.7997    325.2252  229.994  3.753E+03  2.086E+02  8.564E-02  9.160E-02  1.110E+04  1.120E-01   CO
9       8        248.9   1036.9124    289.1203  229.993  3.860E+03  2.060E+02  7.710E-02  8.564E-02  1.096E+04  1.574E-01   CO
10      9        304.2   1151.9855    260.2398  229.991  3.777E+03  2.035E+02  6.700E-02  7.710E-02  1.083E+04  2.132E-01   CO
11      10       365.0   1267.0145    236.6133  229.989  3.538E+03  2.009E+02  5.634E-02  6.700E-02  1.069E+04  2.801E-01   CO
12      11       431.3   1381.9951    216.9273  229.985  3.179E+03  1.984E+02  4.589E-02  5.634E-02  1.056E+04  3.590E-01   CO
13      12       503.1   1496.9229    200.2725  229.981  2.750E+03  1.959E+02  3.627E-02  4.589E-02  1.043E+04  4.505E-01   CO
14      13       580.5   1611.7935    185.9993  229.972  2.294E+03  1.935E+02  2.783E-02  3.627E-02  1.030E+04  5.553E-01   CO
15      14       663.4   1726.6025    173.6314  229.960  1.849E+03  1.910E+02  2.075E-02  2.783E-02  1.017E+04  6.739E-01   CO
16      15       751.7   1841.3455    162.8116  229.941  1.441E+03  1.886E+02  1.504E-02  2.075E-02  1.004E+04  8.070E-01   CO
1       0         23.6    492.1607    609.1354  229.969  5.580E+00  2.175E+02  3.601E-01  1.330E-01  1.158E+04  1.778E-02   [CI]
2       1         62.5    809.3420    370.4151  229.884  1.011E+01  2.110E+02  5.069E-01  3.601E-01  1.123E+04  7.668E-02   [CI]
2       0         62.5   1301.5026    230.3433  229.916  2.815E-07  5.634E-05  5.069E-01  1.330E-01  2.998E-03  8.513E-08   [CI]
1       0          4.2     88.6316   3382.4556  -10.981  3.407E-17  0.000E+00  3.955E-02  4.790E-03  0.000E+00  0.000E+00   HCN
2       1         12.8    177.2611   1691.2478   17.224 -1.047E+04  1.293E+01  1.558E+00  3.955E-02  6.880E+02  4.935E-05   HCN
3       2         25.5    265.8864   1127.5207  -12.937  1.557E+04 -2.047E+01  6.874E-02  1.558E+00 -1.089E+03 -2.637E-04   HCN
4       3         42.5    354.5055    845.6638   23.415  1.940E+02  1.590E+01  2.813E-02  6.874E-02  8.461E+02  4.855E-04   HCN
5       4         63.8    443.1161    676.5550  -33.065  5.161E-18  0.000E+00  6.205E-02  2.813E-02  0.000E+00  0.000E+00   HCN
6       5         89.3    531.7163    563.8203   26.171 -1.490E+03  1.545E+01  2.156E-01  6.205E-02  8.224E+02  1.592E-03   HCN
