      LINE         E_UP       FREQ        WAVEL     T_EX      TAU        T_R       POP        POP       FLUX        FLUX   SPECIES
                   (K)        (GHz)       (um)      (K)                  (K)        UP        LOW      (K*km/s) (erg/cm2/s)   SPECIES
1       0          5.5    115.2712   2600.7576 -333.492 -4.969E-01  2.169E+02  4.065E-02  1.333E-02  1.155E+04  2.278E-04   CO
2       1         16.6    230.5380   1300.4037  302.731  2.166E+00  2.630E+02  6.531E-02  4.065E-02  1.400E+04  2.209E-03   CO
3       2         33.2    345.7960    866.9634  260.862  5.377E+00  2.514E+02  8.580E-02  6.531E-02  1.338E+04  7.127E-03   CO
4       3         55.3    461.0408    650.2515  252.314  9.148E+00  2.414E+02  1.011E-01  8.580E-02  1.285E+04  1.621E-02   CO
5       4         83.0    576.2679    520.2310  244.443  1.332E+01  2.309E+02  1.103E-01  1.011E-01  1.229E+04  3.028E-02   CO
6       5        116.2    691.4731    433.5562  235.121  1.752E+01  2.189E+02  1.132E-01  1.103E-01  1.165E+04  4.961E-02   CO
7       6        154.9    806.6518    371.6504  222.506  2.148E+01  2.037E+02  1.097E-01  1.132E-01  1.084E+04  7.329E-02   CO
8       7        199.1    921.7997    325.2252  207.154  2.477E+01  1.858E+02  1.005E-01  1.097E-01  9.890E+03  9.977E-02   CO
9       8        248.9   1036.9124    289.1203  188.537  2.706E+01  1.647E+02  8.623E-02  1.005E-01  8.769E+03  1.259E-01   CO
10      9        304.2   1151.9855    260.2398  167.540  2.785E+01  1.414E+02  6.852E-02  8.623E-02  7.527E+03  1.482E-01   CO
11      10       365.0   1267.0145    236.6133  145.310  2.669E+01  1.170E+02  4.939E-02  6.852E-02  6.228E+03  1.631E-01   CO
12      11       431.3   1381.9951    216.9273  121.960  2.339E+01  9.179E+01  3.116E-02  4.939E-02  4.885E+03  1.661E-01   CO
13      12       503.1   1496.9229    200.2725   98.619  1.804E+01  6.702E+01  1.624E-02  3.116E-02  3.567E+03  1.541E-01   CO
14      13       580.5   1611.7935    185.9993   76.318  1.149E+01  4.406E+01  6.332E-03  1.624E-02  2.345E+03  1.265E-01   CO
15      14       663.4   1726.6025    173.6314   59.339  5.244E+00  2.711E+01  1.675E-03  6.332E-03  1.443E+03  9.564E-02   CO
16      15       751.7   1841.3455    162.8116   56.398  1.446E+00  1.782E+01  3.721E-04  1.675E-03  9.484E+02  7.625E-02   CO
1       0         23.6    492.1607    609.1354  587.641  1.085E-02  6.217E+00  3.686E-01  1.279E-01  3.309E+02  5.080E-04   [CI]
2       1         62.5    809.3420    370.4151  195.453  6.011E-02  1.031E+01  5.036E-01  3.686E-01  5.486E+02  3.746E-03   [CI]
2       0         62.5   1301.5026    230.3433  261.432  1.212E-09  2.805E-07  5.036E-01  1.279E-01  1.493E-05  4.239E-10   [CI]
1       0          4.2     88.6316   3382.4556    4.846  5.851E+00  1.890E+00  4.876E-01  3.910E-01  1.006E+02  9.020E-07   HCN
2       1         12.8    177.2611   1691.2478    4.274  7.186E+00  9.534E-01  1.111E-01  4.876E-01  5.075E+01  3.640E-06   HCN
3       2         25.5    265.8864   1127.5207    4.323  1.617E+00  4.684E-01  8.125E-03  1.111E-01  2.493E+01  6.035E-06   HCN
4       3         42.5    354.5055    845.6638    8.176  1.041E-01  2.365E-01  1.304E-03  8.125E-03  1.259E+01  7.223E-06   HCN
5       4         63.8    443.1161    676.5550   17.750  1.295E-02  1.182E-01  4.809E-04  1.304E-03  6.289E+00  7.047E-06   HCN
6       5         89.3    531.7163    563.8203   25.602  4.238E-03  6.313E-02  2.098E-04  4.809E-04  3.360E+00  6.505E-06   HCN
