      LINE         E_UP       FREQ        WAVEL     T_EX      TAU        T_R       POP        POP       FLUX        FLUX   SPECIES
                   (K)        (GHz)       (um)      (K)                  (K)        UP        LOW      (K*km/s) (erg/cm2/s)   SPECIES
1       0          5.5    115.2712   2600.7576   27.023  9.117E+00  2.351E+01  2.707E-01  1.107E-01  1.251E+03  2.468E-05   CO
2       1         16.6    230.5380   1300.4037   26.382  2.747E+01  2.104E+01  2.966E-01  2.707E-01  1.120E+03  1.767E-04   CO
3       2         33.2    345.7960    866.9634   24.542  3.885E+01  1.713E+01  2.112E-01  2.966E-01  9.120E+02  4.857E-04   CO
4       3         55.3    461.0408    650.2515   20.523  3.530E+01  1.140E+01  9.237E-02  2.112E-01  6.070E+02  7.660E-04   CO
5       4         83.0    576.2679    520.2310   14.882  1.917E+01  5.108E+00  1.760E-02  9.237E-02  2.718E+02  6.700E-04   CO
6       5        116.2    691.4731    433.5562   10.230  4.074E+00  1.324E+00  8.116E-04  1.760E-02  7.048E+01  3.001E-04   CO
7       6        154.9    806.6518    371.6504   11.328  1.862E-01  2.230E-01  3.071E-05  8.116E-04  1.187E+01  8.022E-05   CO
8       7        199.1    921.7997    325.2252   16.516  6.698E-03  2.177E-02  2.390E-06  3.071E-05  1.159E+00  1.169E-05   CO
9       8        248.9   1036.9124    289.1203   18.474  5.162E-04  1.863E-03  1.807E-07  2.390E-06  9.915E-02  1.424E-06   CO
10      9        304.2   1151.9855    260.2398   19.508  3.899E-05  1.346E-04  1.174E-08  1.807E-07  7.164E-03  1.410E-07   CO
11      10       365.0   1267.0145    236.6133   20.188  2.536E-06  7.980E-06  6.323E-10  1.174E-08  4.247E-04  1.113E-08   CO
12      11       431.3   1381.9951    216.9273   21.121  1.363E-07  4.087E-07  2.974E-11  6.323E-10  2.176E-05  7.395E-10   CO
13      12       503.1   1496.9229    200.2725   21.805  6.395E-09  1.769E-08  1.191E-12  2.974E-11  9.416E-07  4.067E-11   CO
14      13       580.5   1611.7935    185.9993   22.314  2.555E-10  6.371E-10  3.994E-14  1.191E-12  3.391E-08  1.829E-12   CO
15      14       663.4   1726.6025    173.6314   22.237  8.560E-12  1.750E-11  1.028E-15  3.994E-14  9.314E-10  6.174E-14   CO
16      15       751.7   1841.3455    162.8116   23.000  2.190E-13  4.242E-13  2.350E-17  1.028E-15  2.258E-11  1.816E-15   CO
1       0         23.6    492.1607    609.1354   22.347  1.202E-01  1.424E+00  4.468E-01  4.286E-01  7.580E+01  1.164E-04   [CI]
2       1         62.5    809.3420    370.4151   21.734  6.716E-02  5.074E-01  1.247E-01  4.468E-01  2.701E+01  1.844E-04   [CI]
2       0         62.5   1301.5026    230.3433   21.962  3.591E-09  1.386E-08  1.247E-01  4.286E-01  7.375E-07  2.094E-11   [CI]
1       0          4.2     88.6316   3382.4556    2.769  2.365E+00  3.221E-02  3.807E-01  5.899E-01  1.715E+00  1.537E-08   HCN
2       1         12.8    177.2611   1691.2478    2.756  1.238E+00  1.030E-02  2.897E-02  3.807E-01  5.482E-01  3.932E-08   HCN
3       2         25.5    265.8864   1127.5207    2.824  8.784E-02  1.792E-03  4.419E-04  2.897E-02  9.538E-02  2.309E-08   HCN
4       3         42.5    354.5055    845.6638    4.101  1.270E-03  3.041E-04  8.966E-06  4.419E-04  1.619E-02  9.287E-09   HCN
5       4         63.8    443.1161    676.5550    9.230  2.291E-05  5.385E-05  1.094E-06  8.966E-06  2.866E-03  3.211E-09   HCN
6       5         89.3    531.7163    563.8203   12.575  2.649E-06  1.022E-05  1.700E-07  1.094E-06  5.441E-04  1.053E-09   HCN
