      LINE         E_UP       FREQ        WAVEL     T_EX      TAU        T_R       POP        POP       FLUX        FLUX   SPECIES
                   (K)        (GHz)       (um)      (K)                  (K)        UP        LOW      (K*km/s) (erg/cm2/s)   SPECIES
1       0          5.5    115.2712   2600.7576   37.179  1.728E+00  2.767E+01  2.892E-01  1.119E-01  1.473E+03  2.905E-05   CO
2       1         16.6    230.5380   1300.4037   25.588  7.557E+00  2.025E+01  3.128E-01  2.892E-01  1.078E+03  1.701E-04   CO
3       2         33.2    345.7960    866.9634   21.429  1.129E+01  1.415E+01  2.019E-01  3.128E-01  7.533E+02  4.012E-04   CO
4       3         55.3    461.0408    650.2515   16.947  9.366E+00  8.218E+00  7.033E-02  2.019E-01  4.374E+02  5.520E-04   CO
5       4         83.0    576.2679    520.2310   13.751  3.762E+00  4.173E+00  1.150E-02  7.033E-02  2.221E+02  5.473E-04   CO
6       5        116.2    691.4731    433.5562   15.906  6.095E-01  2.146E+00  1.688E-03  1.150E-02  1.142E+02  4.864E-04   CO
7       6        154.9    806.6518    371.6504   27.756  7.562E-02  9.293E-01  4.827E-04  1.688E-03  4.946E+01  3.343E-04   CO
8       7        199.1    921.7997    325.2252   38.069  1.951E-02  3.892E-01  1.712E-04  4.827E-04  2.071E+01  2.090E-04   CO
9       8        248.9   1036.9124    289.1203   44.656  6.691E-03  1.621E-01  6.276E-05  1.712E-04  8.626E+00  1.239E-04   CO
10      9        304.2   1151.9855    260.2398   50.791  2.398E-03  6.721E-02  2.336E-05  6.276E-05  3.577E+00  7.043E-05   CO
11      10       365.0   1267.0145    236.6133   56.966  8.750E-04  2.788E-02  8.798E-06  2.336E-05  1.484E+00  3.886E-05   CO
12      11       431.3   1381.9951    216.9273   62.460  3.256E-04  1.141E-02  3.307E-06  8.798E-06  6.075E-01  2.065E-05   CO
13      12       503.1   1496.9229    200.2725   69.279  1.197E-04  4.724E-03  1.266E-06  3.307E-06  2.514E-01  1.086E-05   CO
14      13       580.5   1611.7935    185.9993   69.771  4.720E-05  1.798E-03  4.488E-07  1.266E-06  9.570E-02  5.161E-06   CO
15      14       663.4   1726.6025    173.6314   70.879  1.706E-05  6.371E-04  1.490E-07  4.488E-07  3.391E-02  2.248E-06   CO
16      15       751.7   1841.3455    162.8116   79.375  5.472E-06  2.365E-04  5.210E-08  1.490E-07  1.259E-02  1.012E-06   CO
1       0         23.6    492.1607    609.1354   37.196  1.517E-02  4.008E-01  4.751E-01  2.989E-01  2.133E+01  3.275E-05   [CI]
2       1         62.5    809.3420    370.4151   30.975  1.540E-02  2.370E-01  2.260E-01  4.751E-01  1.262E+01  8.614E-05   [CI]
2       0         62.5   1301.5026    230.3433   33.066  5.669E-10  6.309E-09  2.260E-01  2.989E-01  3.358E-07  9.534E-12   [CI]
1       0          4.2     88.6316   3382.4556    2.744  5.999E-01  6.849E-03  3.777E-01  5.933E-01  3.646E-01  3.269E-09   HCN
2       1         12.8    177.2611   1691.2478    2.746  3.086E-01  2.598E-03  2.842E-02  3.777E-01  1.383E-01  9.918E-09   HCN
3       2         25.5    265.8864   1127.5207    2.893  2.162E-02  8.033E-04  4.831E-04  2.842E-02  4.276E-02  1.035E-08   HCN
4       3         42.5    354.5055    845.6638    5.894  3.346E-04  3.250E-04  3.463E-05  4.831E-04  1.730E-02  9.924E-09   HCN
5       4         63.8    443.1161    676.5550   15.655  1.835E-05  1.348E-04  1.088E-05  3.463E-05  7.176E-03  8.041E-09   HCN
6       5         89.3    531.7163    563.8203   23.871  5.002E-06  6.673E-05  4.415E-06  1.088E-05  3.552E-03  6.876E-09   HCN
