      LINE         E_UP       FREQ        WAVEL     T_EX      TAU        T_R       POP        POP       FLUX        FLUX   SPECIES
                   (K)        (GHz)       (um)      (K)                  (K)        UP        LOW      (K*km/s) (erg/cm2/s)   SPECIES
1       0          5.5    115.2712   2600.7576  124.387  4.578E-01  4.437E+01  2.147E-01  7.482E-02  2.362E+03  4.658E-05   CO
2       1         16.6    230.5380   1300.4037   39.876  4.874E+00  3.414E+01  2.711E-01  2.147E-01  1.817E+03  2.867E-04   CO
3       2         33.2    345.7960    866.9634   34.345  8.756E+00  2.667E+01  2.341E-01  2.711E-01  1.420E+03  7.559E-04   CO
4       3         55.3    461.0408    650.2515   28.623  1.010E+01  1.896E+01  1.389E-01  2.341E-01  1.009E+03  1.274E-03   CO
5       4         83.0    576.2679    520.2310   23.011  7.555E+00  1.188E+01  5.105E-02  1.389E-01  6.324E+02  1.558E-03   CO
6       5        116.2    691.4731    433.5562   19.662  3.169E+00  7.213E+00  1.116E-02  5.105E-02  3.839E+02  1.635E-03   CO
7       6        154.9    806.6518    371.6504   23.224  6.788E-01  4.440E+00  2.431E-03  1.116E-02  2.363E+02  1.598E-03   CO
8       7        199.1    921.7997    325.2252   39.237  1.217E-01  2.428E+00  8.922E-04  2.431E-03  1.292E+02  1.304E-03   CO
9       8        248.9   1036.9124    289.1203   54.245  3.924E-02  1.274E+00  3.984E-04  8.922E-04  6.783E+01  9.739E-04   CO
10      9        304.2   1151.9855    260.2398   64.865  1.657E-02  6.754E-01  1.878E-04  3.984E-04  3.595E+01  7.078E-04   CO
11      10       365.0   1267.0145    236.6133   75.702  7.452E-03  3.662E-01  9.211E-05  1.878E-04  1.949E+01  5.106E-04   CO
12      11       431.3   1381.9951    216.9273   85.512  3.540E-03  2.000E-01  4.610E-05  9.211E-05  1.064E+01  3.618E-04   CO
13      12       503.1   1496.9229    200.2725   95.138  1.725E-03  1.098E-01  2.340E-05  4.610E-05  5.844E+00  2.525E-04   CO
14      13       580.5   1611.7935    185.9993   97.275  8.989E-04  5.721E-02  1.135E-05  2.340E-05  3.045E+00  1.642E-04   CO
15      14       663.4   1726.6025    173.6314  101.801  4.388E-04  2.892E-02  5.374E-06  1.135E-05  1.539E+00  1.020E-04   CO
16      15       751.7   1841.3455    162.8116  114.420  1.991E-04  1.510E-02  2.643E-06  5.374E-06  8.037E-01  6.462E-05   CO
1       0         23.6    492.1607    609.1354   69.466  8.711E-03  5.058E-01  4.748E-01  2.224E-01  2.692E+01  4.133E-05   [CI]
2       1         62.5    809.3420    370.4151   40.447  1.673E-02  3.997E-01  3.029E-01  4.748E-01  2.127E+01  1.452E-04   [CI]
2       0         62.5   1301.5026    230.3433   48.035  4.551E-10  1.065E-08  3.029E-01  2.224E-01  5.666E-07  1.609E-11   [CI]
1       0          4.2     88.6316   3382.4556    2.762  7.496E-01  1.562E-02  3.796E-01  5.904E-01  8.316E-01  7.457E-09   HCN
2       1         12.8    177.2611   1691.2478    2.766  3.900E-01  6.182E-03  2.919E-02  3.796E-01  3.290E-01  2.360E-08   HCN
3       2         25.5    265.8864   1127.5207    3.056  2.787E-02  2.199E-03  6.285E-04  2.919E-02  1.170E-01  2.833E-08   HCN
4       3         42.5    354.5055    845.6638    7.472  5.208E-04  9.954E-04  8.290E-05  6.285E-04  5.298E-02  3.040E-08   HCN
5       4         63.8    443.1161    676.5550   17.801  5.188E-05  4.788E-04  3.068E-05  8.290E-05  2.548E-02  2.855E-08   HCN
6       5         89.3    531.7163    563.8203   26.958  1.655E-05  2.677E-04  1.407E-05  3.068E-05  1.425E-02  2.759E-08   HCN
