      LINE         E_UP       FREQ        WAVEL     T_EX      TAU        T_R       POP        POP       FLUX        FLUX   SPECIES
                   (K)        (GHz)       (um)      (K)                  (K)        UP        LOW      (K*km/s) (erg/cm2/s)   SPECIES
1       0          5.5    115.2712   2600.7576   42.941  1.418E+00  2.985E+01  2.769E-01  1.050E-01  1.589E+03  3.134E-05   CO
2       1         16.6    230.5380   1300.4037   27.338  6.859E+00  2.196E+01  3.079E-01  2.769E-01  1.169E+03  1.844E-04   CO
3       2         33.2    345.7960    866.9634   23.054  1.058E+01  1.571E+01  2.098E-01  3.079E-01  8.359E+02  4.451E-04   CO
4       3         55.3    461.0408    650.2515   18.448  9.329E+00  9.538E+00  8.130E-02  2.098E-01  5.076E+02  6.407E-04   CO
5       4         83.0    576.2679    520.2310   14.950  4.231E+00  5.084E+00  1.562E-02  8.130E-02  2.706E+02  6.669E-04   CO
6       5        116.2    691.4731    433.5562   16.330  8.213E-01  2.803E+00  2.420E-03  1.562E-02  1.492E+02  6.353E-04   CO
7       6        154.9    806.6518    371.6504   28.001  1.080E-01  1.327E+00  7.006E-04  2.420E-03  7.065E+01  4.776E-04   CO
8       7        199.1    921.7997    325.2252   40.375  2.744E-02  6.013E-01  2.655E-04  7.006E-04  3.200E+01  3.228E-04   CO
9       8        248.9   1036.9124    289.1203   48.047  9.963E-03  2.715E-01  1.053E-04  2.655E-04  1.445E+01  2.075E-04   CO
10      9        304.2   1151.9855    260.2398   55.192  3.838E-03  1.229E-01  4.275E-05  1.053E-04  6.542E+00  1.288E-04   CO
11      10       365.0   1267.0145    236.6133   62.741  1.515E-03  5.626E-02  1.776E-05  4.275E-05  2.995E+00  7.844E-05   CO
12      11       431.3   1381.9951    216.9273   69.450  6.182E-04  2.564E-02  7.430E-06  1.776E-05  1.365E+00  4.639E-05   CO
13      12       503.1   1496.9229    200.2725   77.157  2.525E-04  1.180E-02  3.162E-06  7.430E-06  6.279E-01  2.713E-05   CO
14      13       580.5   1611.7935    185.9993   77.368  1.112E-04  5.007E-03  1.250E-06  3.162E-06  2.665E-01  1.437E-05   CO
15      14       663.4   1726.6025    173.6314   78.891  4.482E-05  1.998E-03  4.673E-07  1.250E-06  1.063E-01  7.050E-06   CO
16      15       751.7   1841.3455    162.8116   89.145  1.607E-05  8.380E-04  1.846E-07  4.673E-07  4.460E-02  3.586E-06   CO
1       0         23.6    492.1607    609.1354   41.041  1.336E-02  4.029E-01  4.773E-01  2.829E-01  2.145E+01  3.293E-05   [CI]
2       1         62.5    809.3420    370.4151   32.394  1.512E-02  2.516E-01  2.398E-01  4.773E-01  1.339E+01  9.142E-05   [CI]
2       0         62.5   1301.5026    230.3433   35.198  5.250E-10  6.695E-09  2.398E-01  2.829E-01  3.564E-07  1.012E-11   [CI]
1       0          4.2     88.6316   3382.4556    2.746  5.993E-01  7.677E-03  3.780E-01  5.929E-01  4.086E-01  3.664E-09   HCN
2       1         12.8    177.2611   1691.2478    2.749  3.087E-01  2.946E-03  2.853E-02  3.780E-01  1.568E-01  1.125E-08   HCN
3       2         25.5    265.8864   1127.5207    2.921  2.169E-02  9.531E-04  5.058E-04  2.853E-02  5.073E-02  1.228E-08   HCN
4       3         42.5    354.5055    845.6638    6.239  3.467E-04  4.013E-04  4.254E-05  5.058E-04  2.136E-02  1.225E-08   HCN
5       4         63.8    443.1161    676.5550   16.339  2.208E-05  1.753E-04  1.415E-05  4.254E-05  9.331E-03  1.046E-08   HCN
6       5         89.3    531.7163    563.8203   24.875  6.354E-06  9.059E-05  5.994E-06  1.415E-05  4.822E-03  9.334E-09   HCN
