      LINE         E_UP       FREQ        WAVEL     T_EX      TAU        T_R       POP        POP       FLUX        FLUX   SPECIES
                   (K)        (GHz)       (um)      (K)                  (K)        UP        LOW      (K*km/s) (erg/cm2/s)   SPECIES
1       0          5.5    115.2712   2600.7576 -141.284 -6.302E-01  1.272E+02  8.793E-02  2.819E-02  6.771E+03  1.336E-04   CO
2       1         16.6    230.5380   1300.4037  133.764  2.604E+00  1.186E+02  1.349E-01  8.793E-02  6.314E+03  9.964E-04   CO
3       2         33.2    345.7960    866.9634  113.697  6.148E+00  1.053E+02  1.632E-01  1.349E-01  5.607E+03  2.986E-03   CO
4       3         55.3    461.0408    650.2515  104.572  9.930E+00  9.389E+01  1.698E-01  1.632E-01  4.997E+03  6.307E-03   CO
5       4         83.0    576.2679    520.2310   93.982  1.340E+01  8.083E+01  1.547E-01  1.698E-01  4.302E+03  1.060E-02   CO
6       5        116.2    691.4731    433.5562   81.938  1.562E+01  6.646E+01  1.219E-01  1.547E-01  3.537E+03  1.506E-02   CO
7       6        154.9    806.6518    371.6504   68.341  1.574E+01  5.080E+01  7.984E-02  1.219E-01  2.704E+03  1.828E-02   CO
8       7        199.1    921.7997    325.2252   54.869  1.303E+01  3.569E+01  4.040E-02  7.984E-02  1.900E+03  1.916E-02   CO
9       8        248.9   1036.9124    289.1203   43.002  8.079E+00  2.281E+01  1.419E-02  4.040E-02  1.214E+03  1.743E-02   CO
10      9        304.2   1151.9855    260.2398   35.797  3.223E+00  1.440E+01  3.348E-03  1.419E-02  7.666E+02  1.509E-02   CO
11      10       365.0   1267.0145    236.6133   41.319  7.382E-01  9.457E+00  8.418E-04  3.348E-03  5.034E+02  1.319E-02   CO
12      11       431.3   1381.9951    216.9273   67.451  1.494E-01  5.501E+00  3.423E-04  8.418E-04  2.928E+02  9.953E-03   CO
13      12       503.1   1496.9229    200.2725   91.012  5.252E-02  3.058E+00  1.679E-04  3.423E-04  1.628E+02  7.031E-03   CO
14      13       580.5   1611.7935    185.9993   98.446  2.547E-02  1.629E+00  8.218E-05  1.679E-04  8.673E+01  4.677E-03   CO
15      14       663.4   1726.6025    173.6314  104.960  1.240E-02  8.495E-01  3.989E-05  8.218E-05  4.522E+01  2.997E-03   CO
16      15       751.7   1841.3455    162.8116  117.274  5.786E-03  4.534E-01  1.999E-05  3.989E-05  2.413E+01  1.940E-03   CO
1       0         23.6    492.1607    609.1354  532.453  3.367E-03  1.750E+00  4.115E-01  1.434E-01  9.315E+01  1.430E-04   [CI]
2       1         62.5    809.3420    370.4151   89.830  3.284E-02  2.320E+00  4.451E-01  4.115E-01  1.235E+02  8.429E-04   [CI]
2       0         62.5   1301.5026    230.3433  131.014  6.090E-10  6.228E-08  4.451E-01  1.434E-01  3.315E-06  9.411E-11   [CI]
1       0          4.2     88.6316   3382.4556    2.981  2.730E+00  1.993E-01  4.023E-01  5.585E-01  1.061E+01  9.513E-08   HCN
2       1         12.8    177.2611   1691.2478    2.940  1.629E+00  8.542E-02  3.713E-02  4.023E-01  4.546E+00  3.261E-07   HCN
3       2         25.5    265.8864   1127.5207    3.617  1.391E-01  3.462E-02  1.526E-03  3.713E-02  1.843E+00  4.461E-07   HCN
4       3         42.5    354.5055    845.6638    9.506  4.672E-03  1.574E-02  3.276E-04  1.526E-03  8.380E-01  4.808E-07   HCN
5       4         63.8    443.1161    676.5550   18.018  8.111E-04  7.638E-03  1.230E-04  3.276E-04  4.066E-01  4.555E-07   HCN
6       5         89.3    531.7163    563.8203   26.727  2.655E-04  4.238E-03  5.595E-05  1.230E-04  2.256E-01  4.367E-07   HCN
