      LINE         E_UP       FREQ        WAVEL     T_EX      TAU        T_R       POP        POP       FLUX        FLUX   SPECIES
                   (K)        (GHz)       (um)      (K)                  (K)        UP        LOW      (K*km/s) (erg/cm2/s)   SPECIES
1       0          5.5    115.2712   2600.7576 -161.955 -5.626E-01  1.251E+02  8.977E-02  2.892E-02  6.656E+03  1.313E-04   CO
2       1         16.6    230.5380   1300.4037  128.921  2.754E+00  1.154E+02  1.373E-01  8.977E-02  6.143E+03  9.694E-04   CO
3       2         33.2    345.7960    866.9634  110.855  6.406E+00  1.026E+02  1.655E-01  1.373E-01  5.459E+03  2.907E-03   CO
4       3         55.3    461.0408    650.2515  101.977  1.030E+01  9.130E+01  1.713E-01  1.655E-01  4.860E+03  6.133E-03   CO
5       4         83.0    576.2679    520.2310   91.475  1.383E+01  7.834E+01  1.547E-01  1.713E-01  4.170E+03  1.028E-02   CO
6       5        116.2    691.4731    433.5562   79.508  1.601E+01  6.407E+01  1.205E-01  1.547E-01  3.410E+03  1.452E-02   CO
7       6        154.9    806.6518    371.6504   66.032  1.595E+01  4.856E+01  7.734E-02  1.205E-01  2.584E+03  1.747E-02   CO
8       7        199.1    921.7997    325.2252   52.752  1.294E+01  3.369E+01  3.789E-02  7.734E-02  1.793E+03  1.809E-02   CO
9       8        248.9   1036.9124    289.1203   41.208  7.747E+00  2.121E+01  1.266E-02  3.789E-02  1.129E+03  1.621E-02   CO
10      9        304.2   1151.9855    260.2398   34.648  2.913E+00  1.330E+01  2.837E-03  1.266E-02  7.078E+02  1.394E-02   CO
11      10       365.0   1267.0145    236.6133   41.697  6.229E-01  8.547E+00  7.228E-04  2.837E-03  4.549E+02  1.192E-02   CO
12      11       431.3   1381.9951    216.9273   68.482  1.271E-01  4.846E+00  2.983E-04  7.228E-04  2.579E+02  8.768E-03   CO
13      12       503.1   1496.9229    200.2725   89.922  4.613E-02  2.648E+00  1.449E-04  2.983E-04  1.409E+02  6.089E-03   CO
14      13       580.5   1611.7935    185.9993   96.282  2.231E-02  1.384E+00  6.969E-05  1.449E-04  7.367E+01  3.972E-03   CO
15      14       663.4   1726.6025    173.6314  102.179  1.070E-02  7.057E-01  3.311E-05  6.969E-05  3.756E+01  2.490E-03   CO
16      15       751.7   1841.3455    162.8116  114.180  4.889E-03  3.689E-01  1.625E-05  3.311E-05  1.964E+01  1.579E-03   CO
1       0         23.6    492.1607    609.1354  480.462  3.756E-03  1.757E+00  4.133E-01  1.447E-01  9.353E+01  1.436E-04   [CI]
2       1         62.5    809.3420    370.4151   87.568  3.366E-02  2.303E+00  4.420E-01  4.133E-01  1.226E+02  8.368E-04   [CI]
2       0         62.5   1301.5026    230.3433  126.768  6.305E-10  6.185E-08  4.420E-01  1.447E-01  3.292E-06  9.346E-11   [CI]
1       0          4.2     88.6316   3382.4556    2.974  2.738E+00  1.936E-01  4.016E-01  5.596E-01  1.031E+01  9.241E-08   HCN
2       1         12.8    177.2611   1691.2478    2.934  1.627E+00  8.274E-02  3.683E-02  4.016E-01  4.404E+00  3.159E-07   HCN
3       2         25.5    265.8864   1127.5207    3.594  1.381E-01  3.325E-02  1.480E-03  3.683E-02  1.770E+00  4.284E-07   HCN
4       3         42.5    354.5055    845.6638    9.417  4.548E-03  1.501E-02  3.125E-04  1.480E-03  7.991E-01  4.585E-07   HCN
5       4         63.8    443.1161    676.5550   17.874  7.769E-04  7.217E-03  1.162E-04  3.125E-04  3.841E-01  4.304E-07   HCN
6       5         89.3    531.7163    563.8203   26.511  2.520E-04  3.973E-03  5.245E-05  1.162E-04  2.115E-01  4.094E-07   HCN
