      LINE         E_UP       FREQ        WAVEL     T_EX      TAU        T_R       POP        POP       FLUX        FLUX   SPECIES
                   (K)        (GHz)       (um)      (K)                  (K)        UP        LOW      (K*km/s) (erg/cm2/s)   SPECIES
1       0          5.5    115.2712   2600.7576    9.309  2.882E+01  5.978E+00  3.617E-02  2.948E-02  3.182E+02  6.276E-06   CO
2       1         16.6    230.5380   1300.4037  -13.207 -2.080E+02  4.232E+91  7.972E-02  3.617E-02  2.253E+93  3.554E+86   CO
3       2         33.2    345.7960    866.9634   -5.125  5.193E+02 -1.731E+01  6.393E-02  7.972E-02 -9.214E+02 -4.906E-04   CO
4       3         55.3    461.0408    650.2515   -1.722 -2.455E+02  9.442+107  3.874E-02  6.393E-02  5.025+109  6.342+103   CO
5       4         83.0    576.2679    520.2310  -22.372 -2.647E+02  3.502+116  1.226E-01  3.874E-02  1.864+118  4.594+112   CO
6       5        116.2    691.4731    433.5562   97.417  6.860E+02  8.176E+01  9.076E-02  1.226E-01  4.352E+03  1.853E-02   CO
7       6        154.9    806.6518    371.6504  -13.744 -6.727E+02 -4.118E+01  7.068E-02  9.076E-02 -2.192E+03 -1.481E-02   CO
8       7        199.1    921.7997    325.2252   23.500  4.968E+02  7.942E+00  3.419E-02  7.068E-02  4.227E+02  4.264E-03   CO
9       8        248.9   1036.9124    289.1203   -0.368  3.023E+02 -4.976E+01  1.794E-02  3.419E-02 -2.649E+03 -3.803E-02   CO
10      9        304.2   1151.9855    260.2398 -116.910 -1.053E-06  1.544E-04  2.429E-02  1.794E-02  8.220E-03  1.618E-07   CO
11      10       365.0   1267.0145    236.6133   30.055 -9.804E+01 -3.508E+43  2.562E-02  2.429E-02 -1.867E+45 -4.891E+40   CO
12      11       431.3   1381.9951    216.9273 -272.101 -8.417E+01  1.102E+39  6.348E-02  2.562E-02  5.867E+40  1.994E+36   CO
13      12       503.1   1496.9229    200.2725  -17.665  8.236E+01 -7.309E+01  4.478E-02  6.348E-02 -3.890E+03 -1.681E-01   CO
14      13       580.5   1611.7935    185.9993  138.102  5.040E+01  1.030E+02  2.691E-02  4.478E-02  5.483E+03  2.957E-01   CO
15      14       663.4   1726.6025    173.6314  -86.742 -8.022E+01  9.312E+36  9.352E-02  2.691E-02  4.957E+38  3.286E+34   CO
16      15       751.7   1841.3455    162.8116  326.314  8.397E+01  2.841E+02  7.739E-02  9.352E-02  1.512E+04  1.216E+00   CO
1       0         23.6    492.1607    609.1354  557.500  3.463E-02  1.858E+01  3.525E-01  1.226E-01  9.888E+02  1.518E-03   [CI]
2       1         62.5    809.3420    370.4151  345.598  1.072E-01  3.320E+01  5.250E-01  3.525E-01  1.767E+03  1.206E-02   [CI]
2       0         62.5   1301.5026    230.3433  403.609  2.478E-09  9.248E-07  5.250E-01  1.226E-01  4.922E-05  1.397E-09   [CI]
1       0          4.2     88.6316   3382.4556   12.402  4.438E+00  9.156E+00  4.018E-01  1.887E-01  4.873E+02  4.370E-06   HCN
2       1         12.8    177.2611   1691.2478   10.378  1.213E+01  6.307E+00  2.950E-01  4.018E-01  3.357E+02  2.408E-05   HCN
3       2         25.5    265.8864   1127.5207    8.771  1.099E+01  3.766E+00  9.640E-02  2.950E-01  2.005E+02  4.853E-05   HCN
4       3         42.5    354.5055    845.6638    7.831  3.953E+00  2.112E+00  1.411E-02  9.640E-02  1.124E+02  6.450E-05   HCN
5       4         63.8    443.1161    676.5550   10.494  5.513E-01  1.364E+00  2.274E-03  1.411E-02  7.262E+01  8.137E-05   HCN
6       5         89.3    531.7163    563.8203   22.223  6.857E-02  7.854E-01  8.522E-04  2.274E-03  4.181E+01  8.094E-05   HCN
