      LINE         E_UP       FREQ        WAVEL     T_EX      TAU        T_R       POP        POP       FLUX        FLUX   SPECIES
                   (K)        (GHz)       (um)      (K)                  (K)        UP        LOW      (K*km/s) (erg/cm2/s)   SPECIES
1       0          5.5    115.2712   2600.7576 -527.577 -1.937E-01  1.136E+02  9.951E-02  3.282E-02  6.044E+03  1.192E-04   CO
2       1         16.6    230.5380   1300.4037  108.843  3.588E+00  1.004E+02  1.498E-01  9.951E-02  5.341E+03  8.428E-04   CO
3       2         33.2    345.7960    866.9634   97.701  7.853E+00  8.957E+01  1.770E-01  1.498E-01  4.767E+03  2.539E-03   CO
4       3         55.3    461.0408    650.2515   89.709  1.234E+01  7.909E+01  1.778E-01  1.770E-01  4.210E+03  5.313E-03   CO
5       4         83.0    576.2679    520.2310   79.658  1.614E+01  6.663E+01  1.536E-01  1.778E-01  3.546E+03  8.740E-03   CO
6       5        116.2    691.4731    433.5562   68.037  1.797E+01  5.279E+01  1.114E-01  1.536E-01  2.810E+03  1.196E-02   CO
7       6        154.9    806.6518    371.6504   55.248  1.676E+01  3.813E+01  6.381E-02  1.114E-01  2.030E+03  1.372E-02   CO
8       7        199.1    921.7997    325.2252   43.068  1.208E+01  2.467E+01  2.589E-02  6.381E-02  1.313E+03  1.324E-02   CO
9       8        248.9   1036.9124    289.1203   33.382  5.850E+00  1.442E+01  6.516E-03  2.589E-02  7.677E+02  1.102E-02   CO
10      9        304.2   1151.9855    260.2398   30.833  1.568E+00  8.738E+00  1.199E-03  6.516E-03  4.651E+02  9.157E-03   CO
11      10       365.0   1267.0145    236.6133   45.649  2.525E-01  4.865E+00  3.465E-04  1.199E-03  2.590E+02  6.783E-03   CO
12      11       431.3   1381.9951    216.9273   69.812  6.026E-02  2.446E+00  1.457E-04  3.465E-04  1.302E+02  4.425E-03   CO
13      12       503.1   1496.9229    200.2725   82.605  2.379E-02  1.218E+00  6.593E-05  1.457E-04  6.485E+01  2.801E-03   CO
14      13       580.5   1611.7935    185.9993   86.346  1.088E-02  5.774E-01  2.891E-05  6.593E-05  3.073E+01  1.657E-03   CO
15      14       663.4   1726.6025    173.6314   90.303  4.799E-03  2.639E-01  1.234E-05  2.891E-05  1.405E+01  9.311E-04   CO
16      15       751.7   1841.3455    162.8116  100.171  1.983E-03  1.236E-01  5.439E-06  1.234E-05  6.579E+00  5.290E-04   CO
1       0         23.6    492.1607    609.1354  308.953  6.041E-03  1.791E+00  4.216E-01  1.517E-01  9.531E+01  1.463E-04   [CI]
2       1         62.5    809.3420    370.4151   77.863  3.764E-02  2.218E+00  4.267E-01  4.216E-01  1.181E+02  8.061E-04   [CI]
2       0         62.5   1301.5026    230.3433  108.572  7.433E-10  5.970E-08  4.267E-01  1.517E-01  3.178E-06  9.022E-11   [CI]
1       0          4.2     88.6316   3382.4556    2.941  2.775E+00  1.683E-01  3.986E-01  5.642E-01  8.957E+00  8.031E-08   HCN
2       1         12.8    177.2611   1691.2478    2.905  1.618E+00  7.087E-02  3.554E-02  3.986E-01  3.772E+00  2.706E-07   HCN
3       2         25.5    265.8864   1127.5207    3.486  1.336E-01  2.723E-02  1.280E-03  3.554E-02  1.449E+00  3.508E-07   HCN
4       3         42.5    354.5055    845.6638    8.963  4.000E-03  1.184E-02  2.466E-04  1.280E-03  6.300E-01  3.615E-07   HCN
5       4         63.8    443.1161    676.5550   17.139  6.263E-04  5.410E-03  8.713E-05  2.466E-04  2.880E-01  3.227E-07   HCN
6       5         89.3    531.7163    563.8203   25.417  1.937E-04  2.858E-03  3.773E-05  8.713E-05  1.521E-01  2.945E-07   HCN
