      LINE         E_UP       FREQ        WAVEL     T_EX      TAU        T_R       POP        POP       FLUX        FLUX   SPECIES
                   (K)        (GHz)       (um)      (K)                  (K)        UP        LOW      (K*km/s) (erg/cm2/s)   SPECIES
1       0          5.5    115.2712   2600.7576   12.295  2.453E+00  8.133E+00  4.615E-01  2.412E-01  4.329E+02  8.539E-06   CO
2       1         16.6    230.5380   1300.4037    9.540  5.923E+00  4.847E+00  2.412E-01  4.615E-01  2.580E+02  4.071E-05   CO
3       2         33.2    345.7960    866.9634    8.355  3.499E+00  2.523E+00  4.633E-02  2.412E-01  1.343E+02  7.150E-05   CO
4       3         55.3    461.0408    650.2515   10.049  6.587E-01  1.324E+00  6.587E-03  4.633E-02  7.048E+01  8.895E-05   CO
5       4         83.0    576.2679    520.2310   18.891  7.854E-02  6.285E-01  1.862E-03  6.587E-03  3.345E+01  8.245E-05   CO
6       5        116.2    691.4731    433.5562   30.173  1.887E-02  3.097E-01  7.327E-04  1.862E-03  1.648E+01  7.018E-05   CO
7       6        154.9    806.6518    371.6504   39.049  6.895E-03  1.569E-01  3.137E-04  7.327E-04  8.354E+00  5.647E-05   CO
8       7        199.1    921.7997    325.2252   48.712  2.766E-03  8.258E-02  1.434E-04  3.137E-04  4.395E+00  4.434E-05   CO
9       8        248.9   1036.9124    289.1203   57.391  1.215E-03  4.379E-02  6.733E-05  1.434E-04  2.331E+00  3.346E-05   CO
10      9        304.2   1151.9855    260.2398   66.886  5.478E-04  2.355E-02  3.256E-05  6.733E-05  1.254E+00  2.468E-05   CO
11      10       365.0   1267.0145    236.6133   77.643  2.536E-04  1.297E-02  1.629E-05  3.256E-05  6.905E-01  1.809E-05   CO
12      11       431.3   1381.9951    216.9273   86.534  1.240E-04  7.136E-03  8.230E-06  1.629E-05  3.798E-01  1.291E-05   CO
13      12       503.1   1496.9229    200.2725   96.202  6.100E-05  3.948E-03  4.212E-06  8.230E-06  2.101E-01  9.076E-06   CO
14      13       580.5   1611.7935    185.9993   97.595  3.222E-05  2.061E-03  2.048E-06  4.212E-06  1.097E-01  5.916E-06   CO
15      14       663.4   1726.6025    173.6314  102.558  1.573E-05  1.048E-03  9.758E-07  2.048E-06  5.578E-02  3.698E-06   CO
16      15       751.7   1841.3455    162.8116  115.410  7.171E-06  5.508E-04  4.830E-07  9.758E-07  2.932E-02  2.357E-06   CO
1       0         23.6    492.1607    609.1354   16.513  1.061E-02  7.830E-02  3.689E-01  5.141E-01  4.168E+00  6.399E-06   [CI]
2       1         62.5    809.3420    370.4151   23.416  3.403E-03  3.102E-02  1.170E-01  3.689E-01  1.651E+00  1.127E-05   [CI]
2       0         62.5   1301.5026    230.3433   20.220  2.754E-10  8.208E-10  1.170E-01  5.141E-01  4.369E-08  1.240E-12   [CI]
1       0          4.2     88.6316   3382.4556    2.731  1.515E-01  6.914E-04  3.763E-01  5.953E-01  3.680E-02  3.300E-10   HCN
2       1         12.8    177.2611   1691.2478    2.733  7.728E-02  2.642E-04  2.790E-02  3.763E-01  1.406E-02  1.009E-09   HCN
3       2         25.5    265.8864   1127.5207    2.805  5.339E-03  9.114E-05  4.131E-04  2.790E-02  4.851E-03  1.174E-09   HCN
4       3         42.5    354.5055    845.6638    5.027  7.351E-05  4.146E-05  1.801E-05  4.131E-04  2.206E-03  1.266E-09   HCN
5       4         63.8    443.1161    676.5550   17.330  2.280E-06  2.008E-05  6.451E-06  1.801E-05  1.069E-03  1.198E-09   HCN
6       5         89.3    531.7163    563.8203   27.190  6.906E-07  1.132E-05  2.982E-06  6.451E-06  6.027E-04  1.167E-09   HCN
