      LINE         E_UP       FREQ        WAVEL     T_EX      TAU        T_R       POP        POP       FLUX        FLUX   SPECIES
                   (K)        (GHz)       (um)      (K)                  (K)        UP        LOW      (K*km/s) (erg/cm2/s)   SPECIES
1       0          5.5    115.2712   2600.7576  104.820  2.397E+01  1.012E+02  7.494E-02  2.633E-02  5.389E+03  1.063E-04   CO
2       1         16.6    230.5380   1300.4037  104.819  8.855E+01  9.919E+01  1.124E-01  7.494E-02  5.279E+03  8.330E-04   CO
3       2         33.2    345.7960    866.9634  104.808  1.746E+02  9.669E+01  1.343E-01  1.124E-01  5.146E+03  2.741E-03   CO
4       3         55.3    461.0408    650.2515  104.780  2.579E+02  9.410E+01  1.398E-01  1.343E-01  5.008E+03  6.321E-03   CO
5       4         83.0    576.2679    520.2310  104.730  3.175E+02  9.151E+01  1.312E-01  1.398E-01  4.871E+03  1.200E-02   CO
6       5        116.2    691.4731    433.5562  104.646  3.418E+02  8.893E+01  1.129E-01  1.312E-01  4.733E+03  2.015E-02   CO
7       6        154.9    806.6518    371.6504  104.513  3.300E+02  8.635E+01  8.996E-02  1.129E-01  4.596E+03  3.107E-02   CO
8       7        199.1    921.7997    325.2252  104.279  2.900E+02  8.372E+01  6.671E-02  8.996E-02  4.456E+03  4.495E-02   CO
9       8        248.9   1036.9124    289.1203  103.885  2.342E+02  8.098E+01  4.618E-02  6.671E-02  4.310E+03  6.189E-02   CO
10      9        304.2   1151.9855    260.2398  103.106  1.749E+02  7.792E+01  2.986E-02  4.618E-02  4.147E+03  8.165E-02   CO
11      10       365.0   1267.0145    236.6133  101.630  1.216E+02  7.424E+01  1.798E-02  2.986E-02  3.951E+03  1.035E-01   CO
12      11       431.3   1381.9951    216.9273   98.471  7.900E+01  6.900E+01  9.963E-03  1.798E-02  3.673E+03  1.248E-01   CO
13      12       503.1   1496.9229    200.2725   91.529  4.817E+01  6.026E+01  4.908E-03  9.963E-03  3.207E+03  1.385E-01   CO
14      13       580.5   1611.7935    185.9993   78.234  2.718E+01  4.583E+01  1.961E-03  4.908E-03  2.439E+03  1.315E-01   CO
15      14       663.4   1726.6025    173.6314   59.594  1.288E+01  2.747E+01  5.220E-04  1.961E-03  1.462E+03  9.691E-02   CO
16      15       751.7   1841.3455    162.8116   42.777  3.951E+00  1.258E+01  7.040E-05  5.220E-04  6.693E+02  5.382E-02   CO
1       0         23.6    492.1607    609.1354  105.308  5.617E-01  4.037E+01  3.917E-01  1.634E-01  2.149E+03  3.299E-03   [CI]
2       1         62.5    809.3420    370.4151  101.346  8.963E-01  4.923E+01  4.449E-01  3.917E-01  2.620E+03  1.789E-02   [CI]
2       0         62.5   1301.5026    230.3433  102.809  2.635E-08  1.969E-06  4.449E-01  1.634E-01  1.048E-04  2.975E-09   [CI]
1       0          4.2     88.6316   3382.4556   17.275  6.457E+00  1.408E+01  3.411E-01  1.454E-01  7.495E+02  6.721E-06   HCN
2       1         12.8    177.2611   1691.2478   14.877  2.014E+01  1.063E+01  3.209E-01  3.411E-01  5.660E+02  4.060E-05   HCN
3       2         25.5    265.8864   1127.5207   12.092  2.553E+01  6.694E+00  1.564E-01  3.209E-01  3.563E+02  8.625E-05   HCN
4       3         42.5    354.5055    845.6638    9.417  1.519E+01  3.310E+00  3.301E-02  1.564E-01  1.762E+02  1.011E-04   HCN
5       4         63.8    443.1161    676.5550    7.896  3.478E+00  1.487E+00  2.730E-03  3.301E-02  7.914E+01  8.868E-05   HCN
6       5         89.3    531.7163    563.8203   11.391  2.706E-01  7.201E-01  3.433E-04  2.730E-03  3.833E+01  7.421E-05   HCN
