      LINE         E_UP       FREQ        WAVEL     T_EX      TAU        T_R       POP        POP       FLUX        FLUX   SPECIES
                   (K)        (GHz)       (um)      (K)                  (K)        UP        LOW      (K*km/s) (erg/cm2/s)   SPECIES
1       0          5.5    115.2712   2600.7576  104.995  1.497E+02  1.014E+02  7.433E-02  2.612E-02  5.398E+03  1.065E-04   CO
2       1         16.6    230.5380   1300.4037  104.995  5.533E+02  9.937E+01  1.115E-01  7.433E-02  5.289E+03  8.345E-04   CO
3       2         33.2    345.7960    866.9634  104.995  1.091E+03  9.688E+01  1.333E-01  1.115E-01  5.156E+03  2.746E-03   CO
4       3         55.3    461.0408    650.2515  104.994  1.612E+03  9.431E+01  1.388E-01  1.333E-01  5.020E+03  6.335E-03   CO
5       4         83.0    576.2679    520.2310  104.993  1.985E+03  9.177E+01  1.303E-01  1.388E-01  4.884E+03  1.204E-02   CO
6       5        116.2    691.4731    433.5562  104.991  2.137E+03  8.927E+01  1.123E-01  1.303E-01  4.751E+03  2.023E-02   CO
7       6        154.9    806.6518    371.6504  104.988  2.063E+03  8.682E+01  8.961E-02  1.123E-01  4.621E+03  3.124E-02   CO
8       7        199.1    921.7997    325.2252  104.982  1.813E+03  8.441E+01  6.664E-02  8.961E-02  4.493E+03  4.532E-02   CO
9       8        248.9   1036.9124    289.1203  104.972  1.464E+03  8.205E+01  4.636E-02  6.664E-02  4.367E+03  6.270E-02   CO
10      9        304.2   1151.9855    260.2398  104.952  1.093E+03  7.972E+01  3.026E-02  4.636E-02  4.243E+03  8.354E-02   CO
11      10       365.0   1267.0145    236.6133  104.918  7.599E+02  7.744E+01  1.856E-02  3.026E-02  4.121E+03  1.080E-01   CO
12      11       431.3   1381.9951    216.9273  104.852  4.923E+02  7.516E+01  1.072E-02  1.856E-02  4.000E+03  1.360E-01   CO
13      12       503.1   1496.9229    200.2725  104.718  2.985E+02  7.287E+01  5.829E-03  1.072E-02  3.879E+03  1.675E-01   CO
14      13       580.5   1611.7935    185.9993  104.408  1.697E+02  7.046E+01  2.985E-03  5.829E-03  3.750E+03  2.022E-01   CO
15      14       663.4   1726.6025    173.6314  103.653  9.061E+01  6.768E+01  1.434E-03  2.985E-03  3.602E+03  2.388E-01   CO
16      15       751.7   1841.3455    162.8116  101.541  4.558E+01  6.368E+01  6.395E-04  1.434E-03  3.390E+03  2.725E-01   CO
1       0         23.6    492.1607    609.1354  104.963  3.536E+00  9.087E+01  3.894E-01  1.626E-01  4.836E+03  7.425E-03   [CI]
2       1         62.5    809.3420    370.4151  104.799  5.470E+00  8.621E+01  4.480E-01  3.894E-01  4.589E+03  3.133E-02   [CI]
2       0         62.5   1301.5026    230.3433  104.861  1.630E-07  1.251E-05  4.480E-01  1.626E-01  6.657E-04  1.890E-08   [CI]
1       0          4.2     88.6316   3382.4556   64.928  3.710E+00  6.018E+01  1.281E-01  4.558E-02  3.203E+03  2.872E-05   HCN
2       1         12.8    177.2611   1691.2478   57.361  1.510E+01  5.282E+01  1.840E-01  1.281E-01  2.811E+03  2.017E-04   HCN
3       2         25.5    265.8864   1127.5207   54.251  2.970E+01  4.800E+01  2.036E-01  1.840E-01  2.555E+03  6.185E-04   HCN
4       3         42.5    354.5055    845.6638   49.380  4.353E+01  4.133E+01  1.855E-01  2.036E-01  2.200E+03  1.262E-03   HCN
5       4         63.8    443.1161    676.5550   42.816  5.178E+01  3.305E+01  1.380E-01  1.855E-01  1.759E+03  1.971E-03   HCN
6       5         89.3    531.7163    563.8203   34.949  5.005E+01  2.373E+01  7.857E-02  1.380E-01  1.263E+03  2.445E-03   HCN
