      LINE         E_UP       FREQ        WAVEL     T_EX      TAU        T_R       POP        POP       FLUX        FLUX   SPECIES
                   (K)        (GHz)       (um)      (K)                  (K)        UP        LOW      (K*km/s) (erg/cm2/s)   SPECIES
1       0          5.5    115.2712   2600.7576   45.646  1.090E+00  2.794E+01  2.860E-01  1.076E-01  1.487E+03  2.934E-05   CO
2       1         16.6    230.5380   1300.4037   25.766  5.903E+00  2.038E+01  3.102E-01  2.860E-01  1.085E+03  1.712E-04   CO
3       2         33.2    345.7960    866.9634   21.704  8.818E+00  1.441E+01  2.022E-01  3.102E-01  7.672E+02  4.085E-04   CO
4       3         55.3    461.0408    650.2515   17.694  7.294E+00  8.866E+00  7.444E-02  2.022E-01  4.719E+02  5.956E-04   CO
5       4         83.0    576.2679    520.2310   15.172  3.062E+00  5.079E+00  1.470E-02  7.444E-02  2.703E+02  6.662E-04   CO
6       5        116.2    691.4731    433.5562   18.725  5.863E-01  3.014E+00  2.952E-03  1.470E-02  1.604E+02  6.830E-04   CO
7       6        154.9    806.6518    371.6504   32.524  9.721E-02  1.567E+00  1.036E-03  2.952E-03  8.342E+01  5.639E-04   CO
8       7        199.1    921.7997    325.2252   45.853  2.996E-02  8.040E-01  4.474E-04  1.036E-03  4.279E+01  4.316E-04   CO
9       8        248.9   1036.9124    289.1203   54.997  1.231E-02  4.138E-01  2.023E-04  4.474E-04  2.203E+01  3.162E-04   CO
10      9        304.2   1151.9855    260.2398   64.274  5.340E-03  2.159E-01  9.461E-05  2.023E-04  1.149E+01  2.263E-04   CO
11      10       365.0   1267.0145    236.6133   74.498  2.394E-03  1.152E-01  4.581E-05  9.461E-05  6.132E+00  1.606E-04   CO
12      11       431.3   1381.9951    216.9273   83.535  1.128E-03  6.169E-02  2.251E-05  4.581E-05  3.284E+00  1.116E-04   CO
13      12       503.1   1496.9229    200.2725   92.817  5.404E-04  3.322E-02  1.121E-05  2.251E-05  1.768E+00  7.637E-05   CO
14      13       580.5   1611.7935    185.9993   93.810  2.782E-04  1.680E-02  5.279E-06  1.121E-05  8.942E-01  4.822E-05   CO
15      14       663.4   1726.6025    173.6314   97.551  1.324E-04  8.196E-03  2.413E-06  5.279E-06  4.362E-01  2.892E-05   CO
16      15       751.7   1841.3455    162.8116  110.260  5.779E-05  4.156E-03  1.153E-06  2.413E-06  2.212E-01  1.779E-05   CO
1       0         23.6    492.1607    609.1354   39.723  1.101E-02  3.183E-01  4.741E-01  2.864E-01  1.694E+01  2.601E-05   [CI]
2       1         62.5    809.3420    370.4151   32.534  1.190E-02  1.999E-01  2.395E-01  4.741E-01  1.064E+01  7.263E-05   [CI]
2       0         62.5   1301.5026    230.3433   34.924  4.234E-10  5.310E-09  2.395E-01  2.864E-01  2.826E-07  8.025E-12   [CI]
1       0          4.2     88.6316   3382.4556    2.746  4.762E-01  6.245E-03  3.779E-01  5.930E-01  3.324E-01  2.980E-09   HCN
2       1         12.8    177.2611   1691.2478    2.749  2.452E-01  2.426E-03  2.852E-02  3.779E-01  1.291E-01  9.264E-09   HCN
3       2         25.5    265.8864   1127.5207    2.940  1.722E-02  8.411E-04  5.206E-04  2.852E-02  4.477E-02  1.084E-08   HCN
4       3         42.5    354.5055    845.6638    6.570  2.805E-04  3.780E-04  5.024E-05  5.206E-04  2.012E-02  1.154E-08   HCN
5       4         63.8    443.1161    676.5550   17.550  1.998E-05  1.800E-04  1.828E-05  5.024E-05  9.578E-03  1.073E-08   HCN
6       5         89.3    531.7163    563.8203   26.756  6.248E-06  9.993E-05  8.324E-06  1.828E-05  5.319E-03  1.030E-08   HCN
