      LINE         E_UP       FREQ        WAVEL     T_EX      TAU        T_R       POP        POP       FLUX        FLUX   SPECIES
                   (K)        (GHz)       (um)      (K)                  (K)        UP        LOW      (K*km/s) (erg/cm2/s)   SPECIES
1       0          5.5    115.2712   2600.7576   79.999  4.043E+02  7.643E+01  9.568E-02  3.418E-02  4.068E+03  8.024E-05   CO
2       1         16.6    230.5380   1300.4037   79.999  1.458E+03  7.440E+01  1.389E-01  9.568E-02  3.960E+03  6.248E-04   CO
3       2         33.2    345.7960    866.9634   79.999  2.760E+03  7.195E+01  1.580E-01  1.389E-01  3.830E+03  2.039E-03   CO
4       3         55.3    461.0408    650.2515   79.999  3.851E+03  6.944E+01  1.540E-01  1.580E-01  3.696E+03  4.664E-03   CO
5       4         83.0    576.2679    520.2310   79.999  4.407E+03  6.696E+01  1.332E-01  1.540E-01  3.564E+03  8.784E-03   CO
6       5        116.2    691.4731    433.5562   79.998  4.338E+03  6.455E+01  1.040E-01  1.332E-01  3.436E+03  1.463E-02   CO
7       6        154.9    806.6518    371.6504   79.997  3.767E+03  6.220E+01  7.397E-02  1.040E-01  3.310E+03  2.238E-02   CO
8       7        199.1    921.7997    325.2252   79.995  2.929E+03  5.990E+01  4.822E-02  7.397E-02  3.188E+03  3.216E-02   CO
9       8        248.9   1036.9124    289.1203   79.991  2.060E+03  5.767E+01  2.893E-02  4.822E-02  3.070E+03  4.407E-02   CO
10      9        304.2   1151.9855    260.2398   79.983  1.318E+03  5.550E+01  1.602E-02  2.893E-02  2.954E+03  5.816E-02   CO
11      10       365.0   1267.0145    236.6133   79.964  7.719E+02  5.338E+01  8.201E-03  1.602E-02  2.841E+03  7.442E-02   CO
12      11       431.3   1381.9951    216.9273   79.922  4.147E+02  5.129E+01  3.887E-03  8.201E-03  2.730E+03  9.280E-02   CO
13      12       503.1   1496.9229    200.2725   79.820  2.051E+02  4.922E+01  1.707E-03  3.887E-03  2.620E+03  1.132E-01   CO
14      13       580.5   1611.7935    185.9993   79.523  9.361E+01  4.702E+01  6.931E-04  1.707E-03  2.503E+03  1.350E-01   CO
15      14       663.4   1726.6025    173.6314   78.504  3.950E+01  4.423E+01  2.578E-04  6.931E-04  2.354E+03  1.561E-01   CO
16      15       751.7   1841.3455    162.8116   74.452  1.553E+01  3.881E+01  8.375E-05  2.578E-04  2.066E+03  1.661E-01   CO
1       0         23.6    492.1607    609.1354   79.990  7.922E+00  6.873E+01  4.043E-01  1.811E-01  3.658E+03  5.616E-03   [CI]
2       1         62.5    809.3420    370.4151   79.961  1.118E+01  6.211E+01  4.146E-01  4.043E-01  3.306E+03  2.257E-02   [CI]
2       0         62.5   1301.5026    230.3433   79.972  3.477E-07  1.834E-05  4.146E-01  1.811E-01  9.764E-04  2.772E-08   [CI]
1       0          4.2     88.6316   3382.4556   63.212  5.558E+00  5.975E+01  1.177E-01  4.198E-02  3.180E+03  2.851E-05   HCN
2       1         12.8    177.2611   1691.2478   60.044  2.109E+01  5.550E+01  1.703E-01  1.177E-01  2.954E+03  2.119E-04   HCN
3       2         25.5    265.8864   1127.5207   58.170  4.094E+01  5.190E+01  1.915E-01  1.703E-01  2.763E+03  6.687E-04   HCN
4       3         42.5    354.5055    845.6638   54.816  5.939E+01  4.672E+01  1.805E-01  1.915E-01  2.486E+03  1.427E-03   HCN
5       4         63.8    443.1161    676.5550   49.739  7.096E+01  3.985E+01  1.439E-01  1.805E-01  2.121E+03  2.377E-03   HCN
6       5         89.3    531.7163    563.8203   42.715  7.179E+01  3.122E+01  9.355E-02  1.439E-01  1.662E+03  3.217E-03   HCN
