      LINE         E_UP       FREQ        WAVEL     T_EX      TAU        T_R       POP        POP       FLUX        FLUX   SPECIES
                   (K)        (GHz)       (um)      (K)                  (K)        UP        LOW      (K*km/s) (erg/cm2/s)   SPECIES
1       0          5.5    115.2712   2600.7576   27.910  1.058E+01  2.440E+01  2.585E-01  1.051E-01  1.299E+03  2.561E-05   CO
2       1         16.6    230.5380   1300.4037   27.523  3.192E+01  2.217E+01  2.882E-01  2.585E-01  1.180E+03  1.862E-04   CO
3       2         33.2    345.7960    866.9634   26.223  4.535E+01  1.876E+01  2.143E-01  2.882E-01  9.983E+02  5.316E-04   CO
4       3         55.3    461.0408    650.2515   23.012  4.222E+01  1.369E+01  1.053E-01  2.143E-01  7.286E+02  9.195E-04   CO
5       4         83.0    576.2679    520.2310   17.531  2.587E+01  7.195E+00  2.658E-02  1.053E-01  3.830E+02  9.438E-04   CO
6       5        116.2    691.4731    433.5562   11.910  7.562E+00  2.179E+00  1.937E-03  2.658E-02  1.160E+02  4.938E-04   CO
7       6        154.9    806.6518    371.6504   10.518  5.636E-01  4.313E-01  5.632E-05  1.937E-03  2.295E+01  1.552E-04   CO
8       7        199.1    921.7997    325.2252   15.875  1.558E-02  4.492E-02  3.934E-06  5.632E-05  2.391E+00  2.412E-05   CO
9       8        248.9   1036.9124    289.1203   18.405  1.070E-03  3.820E-03  2.943E-07  3.934E-06  2.033E-01  2.919E-06   CO
10      9        304.2   1151.9855    260.2398   19.597  7.990E-05  2.796E-04  1.937E-08  2.943E-07  1.488E-02  2.930E-07   CO
11      10       365.0   1267.0145    236.6133   20.238  5.268E-06  1.670E-05  1.051E-09  1.937E-08  8.889E-04  2.328E-08   CO
12      11       431.3   1381.9951    216.9273   21.176  2.851E-07  8.625E-07  4.985E-11  1.051E-09  4.591E-05  1.561E-09   CO
13      12       503.1   1496.9229    200.2725   21.878  1.349E-08  3.774E-08  2.018E-12  4.985E-11  2.009E-06  8.678E-11   CO
14      13       580.5   1611.7935    185.9993   22.334  5.452E-10  1.363E-09  6.789E-14  2.018E-12  7.257E-08  3.913E-12   CO
15      14       663.4   1726.6025    173.6314   22.332  1.831E-11  3.805E-11  1.776E-15  6.789E-14  2.025E-09  1.342E-13   CO
16      15       751.7   1841.3455    162.8116   23.047  4.761E-13  9.294E-13  4.084E-17  1.776E-15  4.947E-11  3.977E-15   CO
1       0         23.6    492.1607    609.1354   23.666  1.401E-01  1.802E+00  4.534E-01  4.101E-01  9.591E+01  1.472E-04   [CI]
2       1         62.5    809.3420    370.4151   22.693  8.446E-02  6.933E-01  1.365E-01  4.534E-01  3.690E+01  2.519E-04   [CI]
2       0         62.5   1301.5026    230.3433   23.052  4.287E-09  1.910E-08  1.365E-01  4.101E-01  1.016E-06  2.886E-11   [CI]
1       0          4.2     88.6316   3382.4556    2.788  2.955E+00  4.904E-02  3.830E-01  5.870E-01  2.610E+00  2.340E-08   HCN
2       1         12.8    177.2611   1691.2478    2.768  1.566E+00  1.583E-02  2.951E-02  3.830E-01  8.426E-01  6.044E-08   HCN
3       2         25.5    265.8864   1127.5207    2.847  1.126E-01  2.843E-03  4.673E-04  2.951E-02  1.513E-01  3.663E-08   HCN
4       3         42.5    354.5055    845.6638    4.260  1.686E-03  4.824E-04  1.107E-05  4.673E-04  2.567E-02  1.473E-08   HCN
5       4         63.8    443.1161    676.5550    9.324  3.553E-05  8.570E-05  1.383E-06  1.107E-05  4.561E-03  5.111E-09   HCN
6       5         89.3    531.7163    563.8203   12.553  4.218E-06  1.621E-05  2.141E-07  1.383E-06  8.628E-04  1.670E-09   HCN
