      LINE         E_UP       FREQ        WAVEL     T_EX      TAU        T_R       POP        POP       FLUX        FLUX   SPECIES
                   (K)        (GHz)       (um)      (K)                  (K)        UP        LOW      (K*km/s) (erg/cm2/s)   SPECIES
1       0          5.5    115.2712   2600.7576  354.997  1.066E+02  3.514E+02  2.294E-02  7.766E-03  1.870E+04  3.689E-04   CO
2       1         16.6    230.5380   1300.4037  354.997  4.161E+02  3.493E+02  3.706E-02  2.294E-02  1.859E+04  2.934E-03   CO
3       2         33.2    345.7960    866.9634  354.997  9.000E+02  3.467E+02  4.951E-02  3.706E-02  1.845E+04  9.827E-03   CO
4       3         55.3    461.0408    650.2515  354.997  1.512E+03  3.440E+02  5.981E-02  4.951E-02  1.831E+04  2.311E-02   CO
5       4         83.0    576.2679    520.2310  354.997  2.199E+03  3.413E+02  6.762E-02  5.981E-02  1.817E+04  4.478E-02   CO
6       5        116.2    691.4731    433.5562  354.997  2.900E+03  3.387E+02  7.278E-02  6.762E-02  1.803E+04  7.675E-02   CO
7       6        154.9    806.6518    371.6504  354.996  3.558E+03  3.360E+02  7.530E-02  7.278E-02  1.788E+04  1.209E-01   CO
8       7        199.1    921.7997    325.2252  354.996  4.123E+03  3.333E+02  7.535E-02  7.530E-02  1.774E+04  1.790E-01   CO
9       8        248.9   1036.9124    289.1203  354.995  4.555E+03  3.307E+02  7.320E-02  7.535E-02  1.760E+04  2.527E-01   CO
10      9        304.2   1151.9855    260.2398  354.995  4.829E+03  3.281E+02  6.923E-02  7.320E-02  1.746E+04  3.438E-01   CO
11      10       365.0   1267.0145    236.6133  354.994  4.943E+03  3.255E+02  6.389E-02  6.923E-02  1.732E+04  4.537E-01   CO
12      11       431.3   1381.9951    216.9273  354.993  4.893E+03  3.229E+02  5.761E-02  6.389E-02  1.718E+04  5.841E-01   CO
13      12       503.1   1496.9229    200.2725  354.991  4.703E+03  3.203E+02  5.082E-02  5.761E-02  1.705E+04  7.364E-01   CO
14      13       580.5   1611.7935    185.9993  354.989  4.397E+03  3.177E+02  4.390E-02  5.082E-02  1.691E+04  9.119E-01   CO
15      14       663.4   1726.6025    173.6314  354.986  4.004E+03  3.152E+02  3.716E-02  4.390E-02  1.677E+04  1.112E+00   CO
16      15       751.7   1841.3455    162.8116  354.982  3.557E+03  3.126E+02  3.084E-02  3.716E-02  1.664E+04  1.338E+00   CO
1       0         23.6    492.1607    609.1354  354.968  6.901E+00  3.429E+02  3.509E-01  1.250E-01  1.825E+04  2.802E-02   [CI]
2       1         62.5    809.3420    370.4151  354.905  1.310E+01  3.358E+02  5.241E-01  3.509E-01  1.787E+04  1.220E-01   [CI]
2       0         62.5   1301.5026    230.3433  354.929  3.581E-07  1.162E-04  5.241E-01  1.250E-01  6.187E-03  1.757E-07   [CI]
1       0          4.2     88.6316   3382.4556    2.974  7.663E+02  2.067E-01  4.865E-02  3.472E-02  1.100E+01  9.863E-08   HCN
2       1         12.8    177.2611   1691.2478    0.127  3.529E+02 -3.924E-01  3.606E-02  4.865E-02 -2.089E+01 -1.498E-06   HCN
3       2         25.5    265.8864   1127.5207  -31.892 -3.765E+01  8.692E+17  2.981E-02  3.606E-02  4.626E+19  1.120E+13   HCN
4       3         42.5    354.5055    845.6638   -9.825  1.591E+02 -2.071E+01  5.844E-02  2.981E-02 -1.102E+03 -6.323E-04   HCN
5       4         63.8    443.1161    676.5550  124.400 -4.156E+01 -1.276E+20  5.718E-02  5.844E-02 -6.793E+21 -7.611E+15   HCN
6       5         89.3    531.7163    563.8203   83.997  4.987E+01  7.188E+01  3.606E-02  5.718E-02  3.826E+03  7.407E-03   HCN
