      LINE         E_UP       FREQ        WAVEL     T_EX      TAU        T_R       POP        POP       FLUX        FLUX   SPECIES
                   (K)        (GHz)       (um)      (K)                  (K)        UP        LOW      (K*km/s) (erg/cm2/s)   SPECIES
1       0          5.5    115.2712   2600.7576   22.924  2.329E+00  1.754E+01  3.632E-01  1.541E-01  9.336E+02  1.841E-05   CO
2       1         16.6    230.5380   1300.4037   17.161  8.105E+00  1.202E+01  3.177E-01  3.632E-01  6.398E+02  1.010E-04   CO
3       2         33.2    345.7960    866.9634   14.002  9.316E+00  7.268E+00  1.359E-01  3.177E-01  3.868E+02  2.060E-04   CO
4       3         55.3    461.0408    650.2515   11.352  4.682E+00  3.633E+00  2.489E-02  1.359E-01  1.934E+02  2.440E-04   CO
5       4         83.0    576.2679    520.2310   12.089  8.712E-01  1.816E+00  3.087E-03  2.489E-02  9.667E+01  2.382E-04   CO
6       5        116.2    691.4731    433.5562   21.280  9.305E-02  7.850E-01  7.670E-04  3.087E-03  4.178E+01  1.779E-04   CO
7       6        154.9    806.6518    371.6504   31.577  2.037E-02  3.242E-01  2.597E-04  7.670E-04  1.726E+01  1.167E-04   CO
8       7        199.1    921.7997    325.2252   38.589  6.577E-03  1.351E-01  9.354E-05  2.597E-04  7.189E+00  7.252E-05   CO
9       8        248.9   1036.9124    289.1203   44.652  2.308E-03  5.601E-02  3.430E-05  9.354E-05  2.981E+00  4.280E-05   CO
10      9        304.2   1151.9855    260.2398   50.698  8.276E-04  2.315E-02  1.274E-05  3.430E-05  1.232E+00  2.426E-05   CO
11      10       365.0   1267.0145    236.6133   56.761  3.017E-04  9.558E-03  4.780E-06  1.274E-05  5.087E-01  1.333E-05   CO
12      11       431.3   1381.9951    216.9273   62.170  1.119E-04  3.894E-03  1.788E-06  4.780E-06  2.073E-01  7.045E-06   CO
13      12       503.1   1496.9229    200.2725   69.019  4.093E-05  1.605E-03  6.818E-07  1.788E-06  8.543E-02  3.691E-06   CO
14      13       580.5   1611.7935    185.9993   69.245  1.610E-05  6.058E-04  2.396E-07  6.818E-07  3.225E-02  1.739E-06   CO
15      14       663.4   1726.6025    173.6314   70.006  5.787E-06  2.116E-04  7.843E-08  2.396E-07  1.126E-02  7.465E-07   CO
16      15       751.7   1841.3455    162.8116   78.939  1.823E-06  7.806E-05  2.725E-08  7.843E-08  4.155E-03  3.341E-07   CO
1       0         23.6    492.1607    609.1354   25.206  1.577E-02  2.379E-01  4.472E-01  3.805E-01  1.266E+01  1.944E-05   [CI]
2       1         62.5    809.3420    370.4151   26.512  9.841E-03  1.143E-01  1.722E-01  4.472E-01  6.084E+00  4.154E-05   [CI]
2       0         62.5   1301.5026    230.3433   26.003  4.880E-10  3.034E-09  1.722E-01  3.805E-01  1.615E-07  4.585E-12   [CI]
1       0          4.2     88.6316   3382.4556    2.736  3.798E-01  2.801E-03  3.769E-01  5.946E-01  1.491E-01  1.337E-09   HCN
2       1         12.8    177.2611   1691.2478    2.738  1.943E-01  1.049E-03  2.810E-02  3.769E-01  5.583E-02  4.005E-09   HCN
3       2         25.5    265.8864   1127.5207    2.835  1.350E-02  3.200E-04  4.364E-04  2.810E-02  1.703E-02  4.123E-09   HCN
4       3         42.5    354.5055    845.6638    5.266  1.940E-04  1.294E-04  2.218E-05  4.364E-04  6.886E-03  3.951E-09   HCN
5       4         63.8    443.1161    676.5550   15.479  7.452E-06  5.365E-05  6.862E-06  2.218E-05  2.856E-03  3.200E-09   HCN
6       5         89.3    531.7163    563.8203   23.882  1.990E-06  2.657E-05  2.786E-06  6.862E-06  1.414E-03  2.737E-09   HCN
