      LINE         E_UP       FREQ        WAVEL     T_EX      TAU        T_R       POP        POP       FLUX        FLUX   SPECIES
                   (K)        (GHz)       (um)      (K)                  (K)        UP        LOW      (K*km/s) (erg/cm2/s)   SPECIES
1       0          5.5    115.2712   2600.7576   70.749  8.884E-01  3.955E+01  2.330E-01  8.398E-02  2.105E+03  4.152E-05   CO
2       1         16.6    230.5380   1300.4037   35.468  5.851E+00  2.994E+01  2.843E-01  2.330E-01  1.594E+03  2.515E-04   CO
3       2         33.2    345.7960    866.9634   30.481  1.006E+01  2.289E+01  2.309E-01  2.843E-01  1.219E+03  6.489E-04   CO
4       3         55.3    461.0408    650.2515   24.953  1.088E+01  1.550E+01  1.223E-01  2.309E-01  8.248E+02  1.041E-03   CO
5       4         83.0    576.2679    520.2310   19.767  7.161E+00  9.055E+00  3.689E-02  1.223E-01  4.819E+02  1.188E-03   CO
6       5        116.2    691.4731    433.5562   17.307  2.397E+00  5.197E+00  6.409E-03  3.689E-02  2.766E+02  1.178E-03   CO
7       6        154.9    806.6518    371.6504   23.151  3.903E-01  2.893E+00  1.389E-03  6.409E-03  1.540E+02  1.041E-03   CO
8       7        199.1    921.7997    325.2252   39.080  6.970E-02  1.417E+00  5.075E-04  1.389E-03  7.542E+01  7.608E-04   CO
9       8        248.9   1036.9124    289.1203   50.181  2.338E-02  6.783E-01  2.104E-04  5.075E-04  3.610E+01  5.183E-04   CO
10      9        304.2   1151.9855    260.2398   58.489  9.327E-03  3.262E-01  9.036E-05  2.104E-04  1.736E+01  3.418E-04   CO
11      10       365.0   1267.0145    236.6133   67.160  3.869E-03  1.594E-01  4.002E-05  9.036E-05  8.484E+00  2.222E-04   CO
12      11       431.3   1381.9951    216.9273   74.982  1.674E-03  7.800E-02  1.796E-05  4.002E-05  4.151E+00  1.411E-04   CO
13      12       503.1   1496.9229    200.2725   83.219  7.334E-04  3.842E-02  8.182E-06  1.796E-05  2.045E+00  8.833E-05   CO
14      13       580.5   1611.7935    185.9993   83.706  3.456E-04  1.759E-02  3.488E-06  8.182E-06  9.362E-01  5.048E-05   CO
15      14       663.4   1726.6025    173.6314   85.806  1.500E-04  7.639E-03  1.419E-06  3.488E-06  4.066E-01  2.695E-05   CO
16      15       751.7   1841.3455    162.8116   97.082  5.839E-05  3.475E-03  6.080E-07  1.419E-06  1.849E-01  1.487E-05   CO
1       0         23.6    492.1607    609.1354   57.277  1.107E-02  5.093E-01  4.787E-01  2.410E-01  2.711E+01  4.162E-05   [CI]
2       1         62.5    809.3420    370.4151   37.143  1.773E-02  3.698E-01  2.803E-01  4.787E-01  1.968E+01  1.344E-04   [CI]
2       0         62.5   1301.5026    230.3433   42.837  5.203E-10  9.854E-09  2.803E-01  2.410E-01  5.245E-07  1.489E-11   [CI]
1       0          4.2     88.6316   3382.4556    2.756  7.515E-01  1.311E-02  3.790E-01  5.914E-01  6.977E-01  6.256E-09   HCN
2       1         12.8    177.2611   1691.2478    2.759  3.895E-01  5.115E-03  2.893E-02  3.790E-01  2.722E-01  1.953E-08   HCN
3       2         25.5    265.8864   1127.5207    2.995  2.765E-02  1.727E-03  5.713E-04  2.893E-02  9.191E-02  2.225E-08   HCN
4       3         42.5    354.5055    845.6638    6.907  4.826E-04  7.482E-04  6.256E-05  5.713E-04  3.982E-02  2.285E-08   HCN
5       4         63.8    443.1161    676.5550   16.899  4.020E-05  3.389E-04  2.172E-05  6.256E-05  1.804E-02  2.021E-08   HCN
6       5         89.3    531.7163    563.8203   25.635  1.207E-05  1.805E-04  9.487E-06  2.172E-05  9.608E-03  1.860E-08   HCN
