      LINE         E_UP       FREQ        WAVEL     T_EX      TAU        T_R       POP        POP       FLUX        FLUX   SPECIES
                   (K)        (GHz)       (um)      (K)                  (K)        UP        LOW      (K*km/s) (erg/cm2/s)   SPECIES
1       0          5.5    115.2712   2600.7576 -422.462 -2.920E-01  1.445E+02  7.587E-02  2.496E-02  7.690E+03  1.517E-04   CO
2       1         16.6    230.5380   1300.4037  148.358  3.224E+00  1.370E+02  1.174E-01  7.587E-02  7.293E+03  1.151E-03   CO
3       2         33.2    345.7960    866.9634  133.817  7.280E+00  1.256E+02  1.452E-01  1.174E-01  6.683E+03  3.559E-03   CO
4       3         55.3    461.0408    650.2515  126.054  1.181E+01  1.153E+02  1.566E-01  1.452E-01  6.137E+03  7.745E-03   CO
5       4         83.0    576.2679    520.2310  116.283  1.626E+01  1.030E+02  1.509E-01  1.566E-01  5.482E+03  1.351E-02   CO
6       5        116.2    691.4731    433.5562  104.408  1.974E+01  8.869E+01  1.298E-01  1.509E-01  4.721E+03  2.010E-02   CO
7       6        154.9    806.6518    371.6504   90.070  2.145E+01  7.210E+01  9.741E-02  1.298E-01  3.837E+03  2.594E-02   CO
8       7        199.1    921.7997    325.2252   74.414  2.040E+01  5.447E+01  6.092E-02  9.741E-02  2.899E+03  2.925E-02   CO
9       8        248.9   1036.9124    289.1203   58.600  1.611E+01  3.720E+01  2.912E-02  6.092E-02  1.980E+03  2.843E-02   CO
10      9        304.2   1151.9855    260.2398   44.840  9.441E+00  2.274E+01  9.381E-03  2.912E-02  1.210E+03  2.383E-02   CO
11      10       365.0   1267.0145    236.6133   36.204  3.461E+00  1.350E+01  1.916E-03  9.381E-03  7.185E+02  1.882E-02   CO
12      11       431.3   1381.9951    216.9273   41.274  6.883E-01  8.276E+00  4.175E-04  1.916E-03  4.405E+02  1.497E-02   CO
13      12       503.1   1496.9229    200.2725   67.830  1.215E-01  4.363E+00  1.563E-04  4.175E-04  2.322E+02  1.003E-02   CO
14      13       580.5   1611.7935    185.9993   84.607  4.140E-02  2.099E+00  6.731E-05  1.563E-04  1.117E+02  6.023E-03   CO
15      14       663.4   1726.6025    173.6314   91.064  1.762E-02  9.751E-01  2.896E-05  6.731E-05  5.190E+01  3.440E-03   CO
16      15       751.7   1841.3455    162.8116  100.923  7.339E-03  4.615E-01  1.284E-05  2.896E-05  2.456E+01  1.975E-03   CO
1       0         23.6    492.1607    609.1354  406.482  6.866E-03  2.701E+00  4.015E-01  1.418E-01  1.438E+02  2.207E-04   [CI]
2       1         62.5    809.3420    370.4151  101.661  4.593E-02  3.747E+00  4.567E-01  4.015E-01  1.995E+02  1.362E-03   [CI]
2       0         62.5   1301.5026    230.3433  141.900  8.966E-10  1.013E-07  4.567E-01  1.418E-01  5.390E-06  1.530E-10   [CI]
1       0          4.2     88.6316   3382.4556    3.181  4.010E+00  3.771E-01  4.202E-01  5.334E-01  2.007E+01  1.800E-07   HCN
2       1         12.8    177.2611   1691.2478    3.069  2.677E+00  1.628E-01  4.378E-02  4.202E-01  8.665E+00  6.215E-07   HCN
3       2         25.5    265.8864   1127.5207    3.695  2.593E-01  6.798E-02  1.939E-03  4.378E-02  3.618E+00  8.759E-07   HCN
4       3         42.5    354.5055    845.6638    9.183  9.525E-03  2.968E-02  3.909E-04  1.939E-03  1.580E+00  9.064E-07   HCN
5       4         63.8    443.1161    676.5550   17.250  1.569E-03  1.370E-02  1.393E-04  3.909E-04  7.291E-01  8.170E-07   HCN
6       5         89.3    531.7163    563.8203   25.182  4.933E-04  7.171E-03  5.974E-05  1.393E-04  3.817E-01  7.389E-07   HCN
