      LINE         E_UP       FREQ        WAVEL     T_EX      TAU        T_R       POP        POP       FLUX        FLUX   SPECIES
                   (K)        (GHz)       (um)      (K)                  (K)        UP        LOW      (K*km/s) (erg/cm2/s)   SPECIES
1       0          5.5    115.2712   2600.7576  471.443  2.084E+00  4.096E+02  1.887E-02  6.365E-03  2.180E+04  4.300E-04   CO
2       1         16.6    230.5380   1300.4037  448.704  8.594E+00  4.429E+02  3.069E-02  1.887E-02  2.357E+04  3.720E-03   CO
3       2         33.2    345.7960    866.9634  449.796  1.869E+01  4.415E+02  4.141E-02  3.069E-02  2.350E+04  1.251E-02   CO
4       3         55.3    461.0408    650.2515  449.744  3.178E+01  4.388E+02  5.068E-02  4.141E-02  2.335E+04  2.947E-02   CO
5       4         83.0    576.2679    520.2310  449.437  4.692E+01  4.357E+02  5.825E-02  5.068E-02  2.319E+04  5.716E-02   CO
6       5        116.2    691.4731    433.5562  449.298  6.301E+01  4.329E+02  6.394E-02  5.825E-02  2.304E+04  9.811E-02   CO
7       6        154.9    806.6518    371.6504  448.782  7.907E+01  4.297E+02  6.768E-02  6.394E-02  2.287E+04  1.546E-01   CO
8       7        199.1    921.7997    325.2252  448.253  9.398E+01  4.265E+02  6.949E-02  6.768E-02  2.270E+04  2.290E-01   CO
9       8        248.9   1036.9124    289.1203  447.337  1.069E+02  4.229E+02  6.949E-02  6.949E-02  2.251E+04  3.232E-01   CO
10      9        304.2   1151.9855    260.2398  446.184  1.172E+02  4.191E+02  6.785E-02  6.949E-02  2.231E+04  4.392E-01   CO
11      10       365.0   1267.0145    236.6133  445.171  1.242E+02  4.155E+02  6.483E-02  6.785E-02  2.211E+04  5.792E-01   CO
12      11       431.3   1381.9951    216.9273  443.854  1.279E+02  4.115E+02  6.068E-02  6.483E-02  2.190E+04  7.445E-01   CO
13      12       503.1   1496.9229    200.2725  442.509  1.281E+02  4.076E+02  5.572E-02  6.068E-02  2.169E+04  9.371E-01   CO
14      13       580.5   1611.7935    185.9993  439.493  1.257E+02  4.019E+02  5.019E-02  5.572E-02  2.139E+04  1.154E+00   CO
15      14       663.4   1726.6025    173.6314  435.968  1.204E+02  3.958E+02  4.436E-02  5.019E-02  2.107E+04  1.397E+00   CO
16      15       751.7   1841.3455    162.8116  432.007  1.127E+02  3.893E+02  3.849E-02  4.436E-02  2.072E+04  1.666E+00   CO
1       0         23.6    492.1607    609.1354  469.127  1.627E-01  6.867E+01  3.485E-01  1.222E-01  3.655E+03  5.611E-03   [CI]
2       1         62.5    809.3420    370.4151  418.470  3.519E-01  1.185E+02  5.293E-01  3.485E-01  6.306E+03  4.305E-02   [CI]
2       0         62.5   1301.5026    230.3433  436.285  9.148E-09  3.712E-06  5.293E-01  1.222E-01  1.976E-04  5.610E-09   [CI]
1       0          4.2     88.6316   3382.4556   55.877  1.578E+00  4.178E+01  1.856E-01  6.677E-02  2.224E+03  1.994E-05   HCN
2       1         12.8    177.2611   1691.2478   36.312  8.332E+00  3.182E+01  2.448E-01  1.856E-01  1.694E+03  1.215E-04   HCN
3       2         25.5    265.8864   1127.5207   32.470  1.539E+01  2.639E+01  2.313E-01  2.448E-01  1.404E+03  3.400E-04   HCN
4       3         42.5    354.5055    845.6638   27.877  1.947E+01  2.020E+01  1.615E-01  2.313E-01  1.075E+03  6.168E-04   HCN
5       4         63.8    443.1161    676.5550   23.101  1.741E+01  1.407E+01  7.864E-02  1.615E-01  7.488E+02  8.390E-04   HCN
6       5         89.3    531.7163    563.8203   19.000  1.022E+01  9.012E+00  2.426E-02  7.864E-02  4.797E+02  9.286E-04   HCN
