      LINE         E_UP       FREQ        WAVEL     T_EX      TAU        T_R       POP        POP       FLUX        FLUX   SPECIES
                   (K)        (GHz)       (um)      (K)                  (K)        UP        LOW      (K*km/s) (erg/cm2/s)   SPECIES
1       0          5.5    115.2712   2600.7576 -1.091E+03 -1.569E-01  1.860E+02  5.256E-02  1.743E-02  9.898E+03  1.952E-04   CO
2       1         16.6    230.5380   1300.4037  211.028  3.167E+00  1.967E+02  8.313E-02  5.256E-02  1.047E+04  1.652E-03   CO
3       2         33.2    345.7960    866.9634  195.254  7.187E+00  1.869E+02  1.069E-01  8.313E-02  9.947E+03  5.297E-03   CO
4       3         55.3    461.0408    650.2515  189.317  1.189E+01  1.785E+02  1.223E-01  1.069E-01  9.499E+03  1.199E-02   CO
5       4         83.0    576.2679    520.2310  181.808  1.689E+01  1.683E+02  1.284E-01  1.223E-01  8.959E+03  2.208E-02   CO
6       5        116.2    691.4731    433.5562  172.265  2.156E+01  1.562E+02  1.251E-01  1.284E-01  8.314E+03  3.540E-02   CO
7       6        154.9    806.6518    371.6504  159.604  2.544E+01  1.410E+02  1.133E-01  1.251E-01  7.506E+03  5.074E-02   CO
8       7        199.1    921.7997    325.2252  144.240  2.790E+01  1.232E+02  9.447E-02  1.133E-01  6.560E+03  6.617E-02   CO
9       8        248.9   1036.9124    289.1203  126.024  2.842E+01  1.028E+02  7.114E-02  9.447E-02  5.470E+03  7.854E-02   CO
10      9        304.2   1151.9855    260.2398  105.944  2.640E+01  8.069E+01  4.666E-02  7.114E-02  4.295E+03  8.456E-02   CO
11      10       365.0   1267.0145    236.6133   85.644  2.146E+01  5.881E+01  2.513E-02  4.666E-02  3.130E+03  8.199E-02   CO
12      11       431.3   1381.9951    216.9273   66.597  1.421E+01  3.885E+01  1.009E-02  2.513E-02  2.068E+03  7.029E-02   CO
13      12       503.1   1496.9229    200.2725   51.211  6.763E+00  2.340E+01  2.679E-03  1.009E-02  1.245E+03  5.380E-02   CO
14      13       580.5   1611.7935    185.9993   44.436  1.948E+00  1.411E+01  5.046E-04  2.679E-03  7.508E+02  4.049E-02   CO
15      14       663.4   1726.6025    173.6314   59.831  3.307E-01  7.792E+00  1.350E-04  5.046E-04  4.147E+02  2.749E-02   CO
16      15       751.7   1841.3455    162.8116   92.062  7.222E-02  3.821E+00  5.505E-05  1.350E-04  2.034E+02  1.635E-02   CO
1       0         23.6    492.1607    609.1354  411.452  1.281E-02  5.086E+00  3.800E-01  1.341E-01  2.707E+02  4.156E-04   [CI]
2       1         62.5    809.3420    370.4151  146.575  6.359E-02  7.886E+00  4.859E-01  3.800E-01  4.197E+02  2.866E-03   [CI]
2       0         62.5   1301.5026    230.3433  193.738  1.309E-09  2.150E-07  4.859E-01  1.341E-01  1.144E-05  3.249E-10   [CI]
1       0          4.2     88.6316   3382.4556    4.080  5.862E+00  1.182E+00  4.707E-01  4.450E-01  6.292E+01  5.642E-07   HCN
2       1         12.8    177.2611   1691.2478    3.694  5.744E+00  5.508E-01  7.843E-02  4.707E-01  2.931E+01  2.103E-06   HCN
3       2         25.5    265.8864   1127.5207    4.001  9.177E-01  2.577E-01  4.524E-03  7.843E-02  1.371E+01  3.320E-06   HCN
4       3         42.5    354.5055    845.6638    8.544  4.540E-02  1.179E-01  7.939E-04  4.524E-03  6.276E+00  3.601E-06   HCN
5       4         63.8    443.1161    676.5550   17.334  6.341E-03  5.571E-02  2.845E-04  7.939E-04  2.965E+00  3.323E-06   HCN
6       5         89.3    531.7163    563.8203   24.645  2.036E-03  2.857E-02  1.194E-04  2.845E-04  1.521E+00  2.944E-06   HCN
