      LINE         E_UP       FREQ        WAVEL     T_EX      TAU        T_R       POP        POP       FLUX        FLUX   SPECIES
                   (K)        (GHz)       (um)      (K)                  (K)        UP        LOW      (K*km/s) (erg/cm2/s)   SPECIES
1       0          5.5    115.2712   2600.7576  208.265  2.768E+00  1.918E+02  4.376E-02  1.498E-02  1.021E+04  2.014E-04   CO
2       1         16.6    230.5380   1300.4037  196.981  1.122E+01  1.913E+02  6.894E-02  4.376E-02  1.018E+04  1.607E-03   CO
3       2         33.2    345.7960    866.9634  197.330  2.349E+01  1.891E+02  8.874E-02  6.894E-02  1.007E+04  5.360E-03   CO
4       3         55.3    461.0408    650.2515  196.835  3.789E+01  1.860E+02  1.020E-01  8.874E-02  9.898E+03  1.249E-02   CO
5       4         83.0    576.2679    520.2310  195.998  5.228E+01  1.825E+02  1.082E-01  1.020E-01  9.713E+03  2.394E-02   CO
6       5        116.2    691.4731    433.5562  194.796  6.470E+01  1.787E+02  1.079E-01  1.082E-01  9.510E+03  4.049E-02   CO
7       6        154.9    806.6518    371.6504  192.954  7.370E+01  1.742E+02  1.018E-01  1.079E-01  9.274E+03  6.269E-02   CO
8       7        199.1    921.7997    325.2252  190.332  7.838E+01  1.691E+02  9.147E-02  1.018E-01  8.999E+03  9.077E-02   CO
9       8        248.9   1036.9124    289.1203  186.510  7.865E+01  1.627E+02  7.829E-02  9.147E-02  8.661E+03  1.244E-01   CO
10      9        304.2   1151.9855    260.2398  180.812  7.495E+01  1.546E+02  6.374E-02  7.829E-02  8.227E+03  1.620E-01   CO
11      10       365.0   1267.0145    236.6133  172.911  6.807E+01  1.443E+02  4.911E-02  6.374E-02  7.680E+03  2.012E-01   CO
12      11       431.3   1381.9951    216.9273  161.493  5.905E+01  1.306E+02  3.540E-02  4.911E-02  6.951E+03  2.363E-01   CO
13      12       503.1   1496.9229    200.2725  145.626  4.879E+01  1.126E+02  2.334E-02  3.540E-02  5.996E+03  2.590E-01   CO
14      13       580.5   1611.7935    185.9993  124.654  3.789E+01  8.995E+01  1.348E-02  2.334E-02  4.788E+03  2.582E-01   CO
15      14       663.4   1726.6025    173.6314  100.281  2.638E+01  6.449E+01  6.307E-03  1.348E-02  3.433E+03  2.275E-01   CO
16      15       751.7   1841.3455    162.8116   75.760  1.498E+01  3.998E+01  2.091E-03  6.307E-03  2.128E+03  1.711E-01   CO
1       0         23.6    492.1607    609.1354  216.870  9.680E-02  1.894E+01  3.705E-01  1.377E-01  1.008E+03  1.548E-03   [CI]
2       1         62.5    809.3420    370.4151  170.667  2.158E-01  2.950E+01  4.918E-01  3.705E-01  1.570E+03  1.072E-02   [CI]
2       0         62.5   1301.5026    230.3433  185.621  5.548E-09  8.663E-07  4.918E-01  1.377E-01  4.611E-05  1.309E-09   [CI]
1       0          4.2     88.6316   3382.4556    9.846  6.462E+00  6.730E+00  4.429E-01  2.274E-01  3.582E+02  3.212E-06   HCN
2       1         12.8    177.2611   1691.2478    8.301  1.533E+01  4.369E+00  2.649E-01  4.429E-01  2.326E+02  1.668E-05   HCN
3       2         25.5    265.8864   1127.5207    6.887  1.085E+01  2.253E+00  5.815E-02  2.649E-01  1.199E+02  2.903E-05   HCN
4       3         42.5    354.5055    845.6638    6.368  2.505E+00  1.130E+00  5.167E-03  5.815E-02  6.012E+01  3.450E-05   HCN
5       4         63.8    443.1161    676.5550   10.621  2.011E-01  6.031E-01  8.527E-04  5.167E-03  3.210E+01  3.597E-05   HCN
6       5         89.3    531.7163    563.8203   21.377  2.625E-02  2.875E-01  3.054E-04  8.527E-04  1.530E+01  2.962E-05   HCN
