      LINE         E_UP       FREQ        WAVEL     T_EX      TAU        T_R       POP        POP       FLUX        FLUX   SPECIES
                   (K)        (GHz)       (um)      (K)                  (K)        UP        LOW      (K*km/s) (erg/cm2/s)   SPECIES
1       0          5.5    115.2712   2600.7576   15.252  2.786E+00  1.109E+01  4.298E-01  2.059E-01  5.901E+02  1.164E-05   CO
2       1         16.6    230.5380   1300.4037   11.851  7.730E+00  6.970E+00  2.816E-01  4.298E-01  3.710E+02  5.854E-05   CO
3       2         33.2    345.7960    866.9634    9.746  6.139E+00  3.651E+00  7.183E-02  2.816E-01  1.943E+02  1.035E-04   CO
4       3         55.3    461.0408    650.2515    9.223  1.655E+00  1.782E+00  8.385E-03  7.183E-02  9.484E+01  1.197E-04   CO
5       4         83.0    576.2679    520.2310   14.728  1.746E-01  7.998E-01  1.567E-03  8.385E-03  4.257E+01  1.049E-04   CO
6       5        116.2    691.4731    433.5562   25.483  2.748E-02  3.359E-01  5.037E-04  1.567E-03  1.788E+01  7.613E-05   CO
7       6        154.9    806.6518    371.6504   33.242  8.217E-03  1.437E-01  1.813E-04  5.037E-04  7.649E+00  5.170E-05   CO
8       7        199.1    921.7997    325.2252   40.156  2.836E-03  6.235E-02  6.830E-05  1.813E-04  3.318E+00  3.347E-05   CO
9       8        248.9   1036.9124    289.1203   46.622  1.038E-03  2.706E-02  2.625E-05  6.830E-05  1.440E+00  2.068E-05   CO
10      9        304.2   1151.9855    260.2398   52.891  3.903E-04  1.170E-02  1.020E-05  2.625E-05  6.226E-01  1.226E-05   CO
11      10       365.0   1267.0145    236.6133   59.976  1.477E-04  5.115E-03  4.054E-06  1.020E-05  2.723E-01  7.132E-06   CO
12      11       431.3   1381.9951    216.9273   65.625  5.807E-05  2.204E-03  1.604E-06  4.054E-06  1.173E-01  3.988E-06   CO
13      12       503.1   1496.9229    200.2725   73.259  2.238E-05  9.650E-04  6.496E-07  1.604E-06  5.136E-02  2.219E-06   CO
14      13       580.5   1611.7935    185.9993   72.820  9.415E-06  3.847E-04  2.412E-07  6.496E-07  2.048E-02  1.104E-06   CO
15      14       663.4   1726.6025    173.6314   73.680  3.576E-06  1.425E-04  8.373E-08  2.412E-07  7.586E-03  5.029E-07   CO
16      15       751.7   1841.3455    162.8116   83.851  1.187E-06  5.615E-05  3.107E-08  8.373E-08  2.989E-03  2.403E-07   CO
1       0         23.6    492.1607    609.1354   18.803  1.441E-02  1.345E-01  4.005E-01  4.688E-01  7.158E+00  1.099E-05   [CI]
2       1         62.5    809.3420    370.4151   23.824  5.815E-03  5.485E-02  1.307E-01  4.005E-01  2.919E+00  1.993E-05   [CI]
2       0         62.5   1301.5026    230.3433   21.639  3.938E-10  1.453E-09  1.307E-01  4.688E-01  7.733E-08  2.196E-12   [CI]
1       0          4.2     88.6316   3382.4556    2.732  2.400E-01  1.205E-03  3.764E-01  5.952E-01  6.415E-02  5.752E-10   HCN
2       1         12.8    177.2611   1691.2478    2.734  1.225E-01  4.503E-04  2.793E-02  3.764E-01  2.397E-02  1.719E-09   HCN
3       2         25.5    265.8864   1127.5207    2.802  8.472E-03  1.395E-04  4.118E-04  2.793E-02  7.426E-03  1.798E-09   HCN
4       3         42.5    354.5055    845.6638    4.855  1.166E-04  5.762E-05  1.592E-05  4.118E-04  3.067E-03  1.760E-09   HCN
5       4         63.8    443.1161    676.5550   15.616  3.360E-06  2.458E-05  4.984E-06  1.592E-05  1.308E-03  1.466E-09   HCN
6       5         89.3    531.7163    563.8203   24.431  9.002E-07  1.247E-05  2.072E-06  4.984E-06  6.637E-04  1.285E-09   HCN
