      LINE         E_UP       FREQ        WAVEL     T_EX      TAU        T_R       POP        POP       FLUX        FLUX   SPECIES
                   (K)        (GHz)       (um)      (K)                  (K)        UP        LOW      (K*km/s) (erg/cm2/s)   SPECIES
1       0          5.5    115.2712   2600.7576   54.208  1.413E+01  5.065E+01  1.406E-01  5.189E-02  2.696E+03  5.318E-05   CO
2       1         16.6    230.5380   1300.4037   54.172  4.855E+01  4.863E+01  1.910E-01  1.406E-01  2.589E+03  4.084E-04   CO
3       2         33.2    345.7960    866.9634   54.021  8.496E+01  4.611E+01  1.967E-01  1.910E-01  2.454E+03  1.307E-03   CO
4       3         55.3    461.0408    650.2515   53.655  1.063E+02  4.334E+01  1.674E-01  1.967E-01  2.307E+03  2.911E-03   CO
5       4         83.0    576.2679    520.2310   52.916  1.057E+02  4.029E+01  1.213E-01  1.674E-01  2.144E+03  5.284E-03   CO
6       5        116.2    691.4731    433.5562   51.280  8.784E+01  3.646E+01  7.507E-02  1.213E-01  1.941E+03  8.264E-03   CO
7       6        154.9    806.6518    371.6504   47.571  6.255E+01  3.081E+01  3.839E-02  7.507E-02  1.640E+03  1.109E-02   CO
8       7        199.1    921.7997    325.2252   40.103  3.790E+01  2.197E+01  1.444E-02  3.839E-02  1.169E+03  1.180E-02   CO
9       8        248.9   1036.9124    289.1203   29.570  1.718E+01  1.136E+01  2.998E-03  1.444E-02  6.046E+02  8.680E-03   CO
10      9        304.2   1151.9855    260.2398   20.386  4.050E+00  3.864E+00  2.200E-04  2.998E-03  2.057E+02  4.049E-03   CO
11      10       365.0   1267.0145    236.6133   21.250  2.976E-01  9.492E-01  1.378E-05  2.200E-04  5.052E+01  1.323E-03   CO
12      11       431.3   1381.9951    216.9273   31.026  1.728E-02  1.519E-01  1.766E-06  1.378E-05  8.083E+00  2.748E-04   CO
13      12       503.1   1496.9229    200.2725   34.490  2.179E-03  2.225E-02  2.376E-07  1.766E-06  1.184E+00  5.115E-05   CO
14      13       580.5   1611.7935    185.9993   35.475  2.946E-04  2.902E-03  2.884E-08  2.376E-07  1.545E-01  8.329E-06   CO
15      14       663.4   1726.6025    173.6314   35.366  3.612E-05  3.179E-04  2.960E-09  2.884E-08  1.692E-02  1.122E-06   CO
16      15       751.7   1841.3455    162.8116   37.378  3.684E-06  3.379E-05  2.963E-10  2.960E-09  1.798E-03  1.446E-07   CO
1       0         23.6    492.1607    609.1354   53.470  2.220E-01  8.466E+00  4.422E-01  2.293E-01  4.506E+02  6.918E-04   [CI]
2       1         62.5    809.3420    370.4151   48.080  2.792E-01  7.611E+00  3.285E-01  4.422E-01  4.051E+02  2.766E-03   [CI]
2       0         62.5   1301.5026    230.3433   49.986  9.181E-09  2.304E-07  3.285E-01  2.293E-01  1.226E-05  3.482E-10   [CI]
1       0          4.2     88.6316   3382.4556    4.021  9.545E+00  1.131E+00  4.723E-01  4.535E-01  6.021E+01  5.399E-07   HCN
2       1         12.8    177.2611   1691.2478    3.549  9.227E+00  4.587E-01  7.160E-02  4.723E-01  2.442E+01  1.751E-06   HCN
3       2         25.5    265.8864   1127.5207    3.422  1.352E+00  1.444E-01  2.408E-03  7.160E-02  7.688E+00  1.861E-06   HCN
4       3         42.5    354.5055    845.6638    5.837  4.197E-02  3.871E-02  1.679E-04  2.408E-03  2.061E+00  1.182E-06   HCN
5       4         63.8    443.1161    676.5550   11.982  2.497E-03  1.080E-02  3.478E-05  1.679E-04  5.750E-01  6.443E-07   HCN
6       5         89.3    531.7163    563.8203   15.435  4.945E-04  2.986E-03  7.868E-06  3.478E-05  1.589E-01  3.077E-07   HCN
