      LINE         E_UP       FREQ        WAVEL     T_EX      TAU        T_R       POP        POP       FLUX        FLUX   SPECIES
                   (K)        (GHz)       (um)      (K)                  (K)        UP        LOW      (K*km/s) (erg/cm2/s)   SPECIES
1       0          5.5    115.2712   2600.7576    8.453  4.295E+00  5.080E+00  4.969E-01  3.187E-01  2.704E+02  5.333E-06   CO
2       1         16.6    230.5380   1300.4037    6.919  7.413E+00  2.606E+00  1.674E-01  4.969E-01  1.387E+02  2.189E-05   CO
3       2         33.2    345.7960    866.9634    6.068  2.632E+00  1.034E+00  1.520E-02  1.674E-01  5.503E+01  2.930E-05   CO
4       3         55.3    461.0408    650.2515    8.550  2.248E-01  3.608E-01  1.470E-03  1.520E-02  1.920E+01  2.424E-05   CO
5       4         83.0    576.2679    520.2310   15.780  1.885E-02  1.082E-01  3.113E-04  1.470E-03  5.761E+00  1.420E-05   CO
6       5        116.2    691.4731    433.5562   21.544  3.717E-03  3.358E-02  7.885E-05  3.113E-04  1.787E+00  7.610E-06   CO
7       6        154.9    806.6518    371.6504   25.939  9.146E-04  1.026E-02  2.045E-05  7.885E-05  5.463E-01  3.693E-06   CO
8       7        199.1    921.7997    325.2252   30.177  2.325E-04  3.086E-03  5.351E-06  2.045E-05  1.643E-01  1.657E-06   CO
9       8        248.9   1036.9124    289.1203   33.670  6.037E-05  8.878E-04  1.364E-06  5.351E-06  4.725E-02  6.784E-07   CO
10      9        304.2   1151.9855    260.2398   37.119  1.529E-05  2.460E-04  3.400E-07  1.364E-06  1.310E-02  2.578E-07   CO
11      10       365.0   1267.0145    236.6133   40.713  3.781E-06  6.659E-05  8.363E-08  3.400E-07  3.544E-03  9.284E-08   CO
12      11       431.3   1381.9951    216.9273   43.905  9.261E-07  1.740E-05  2.007E-08  8.363E-08  9.262E-04  3.148E-08   CO
13      12       503.1   1496.9229    200.2725   50.106  2.153E-07  4.843E-06  5.167E-09  2.007E-08  2.578E-04  1.113E-08   CO
14      13       580.5   1611.7935    185.9993   49.859  5.690E-08  1.184E-06  1.176E-09  5.167E-09  6.301E-05  3.398E-09   CO
15      14       663.4   1726.6025    173.6314   48.915  1.330E-08  2.482E-07  2.311E-10  1.176E-09  1.321E-05  8.756E-10   CO
16      15       751.7   1841.3455    162.8116   55.289  2.532E-09  5.672E-08  4.974E-11  2.311E-10  3.019E-06  2.427E-10   CO
1       0         23.6    492.1607    609.1354   12.106  1.527E-02  5.922E-02  2.798E-01  6.562E-01  3.152E+00  4.839E-06   [CI]
2       1         62.5    809.3420    370.4151   19.563  2.750E-03  1.698E-02  6.402E-02  2.798E-01  9.035E-01  6.169E-06   [CI]
2       0         62.5   1301.5026    230.3433   15.867  3.612E-10  4.490E-10  6.402E-02  6.562E-01  2.390E-08  6.785E-13   [CI]
1       0          4.2     88.6316   3382.4556    2.728  1.517E-01  3.193E-04  3.760E-01  5.959E-01  1.699E-02  1.524E-10   HCN
2       1         12.8    177.2611   1691.2478    2.729  7.723E-02  1.125E-04  2.774E-02  3.760E-01  5.988E-03  4.296E-10   HCN
3       2         25.5    265.8864   1127.5207    2.751  5.313E-03  2.823E-05  3.755E-04  2.774E-02  1.502E-03  3.637E-10   HCN
4       3         42.5    354.5055    845.6638    3.699  6.848E-05  9.566E-06  4.856E-06  3.755E-04  5.092E-04  2.921E-10   HCN
5       4         63.8    443.1161    676.5550   12.206  7.174E-07  3.232E-06  1.039E-06  4.856E-06  1.720E-04  1.928E-10   HCN
6       5         89.3    531.7163    563.8203   20.328  1.307E-07  1.329E-06  3.500E-07  1.039E-06  7.072E-05  1.369E-10   HCN
