      LINE         E_UP       FREQ        WAVEL     T_EX      TAU        T_R       POP        POP       FLUX        FLUX   SPECIES
                   (K)        (GHz)       (um)      (K)                  (K)        UP        LOW      (K*km/s) (erg/cm2/s)   SPECIES
1       0          5.5    115.2712   2600.7576  2.262E+04  1.027E-02  2.311E+02  3.565E-02  1.189E-02  1.230E+04  2.426E-04   CO
2       1         16.6    230.5380   1300.4037  298.196  3.057E+00  2.787E+02  5.726E-02  3.565E-02  1.484E+04  2.341E-03   CO
3       2         33.2    345.7960    866.9634  280.801  6.956E+00  2.723E+02  7.556E-02  5.726E-02  1.449E+04  7.717E-03   CO
4       3         55.3    461.0408    650.2515  277.019  1.167E+01  2.661E+02  8.969E-02  7.556E-02  1.416E+04  1.787E-02   CO
5       4         83.0    576.2679    520.2310  272.396  1.691E+01  2.588E+02  9.904E-02  8.969E-02  1.377E+04  3.395E-02   CO
6       5        116.2    691.4731    433.5562  266.585  2.217E+01  2.503E+02  1.033E-01  9.904E-02  1.332E+04  5.673E-02   CO
7       6        154.9    806.6518    371.6504  258.084  2.712E+01  2.392E+02  1.026E-01  1.033E-01  1.273E+04  8.606E-02   CO
8       7        199.1    921.7997    325.2252  247.269  3.128E+01  2.258E+02  9.726E-02  1.026E-01  1.202E+04  1.212E-01   CO
9       8        248.9   1036.9124    289.1203  233.319  3.438E+01  2.093E+02  8.782E-02  9.726E-02  1.114E+04  1.600E-01   CO
10      9        304.2   1151.9855    260.2398  216.563  3.604E+01  1.901E+02  7.520E-02  8.782E-02  1.012E+04  1.992E-01   CO
11      10       365.0   1267.0145    236.6133  197.618  3.596E+01  1.688E+02  6.055E-02  7.520E-02  8.983E+03  2.353E-01   CO
12      11       431.3   1381.9951    216.9273  175.813  3.404E+01  1.447E+02  4.513E-02  6.055E-02  7.703E+03  2.619E-01   CO
13      12       503.1   1496.9229    200.2725  151.266  3.026E+01  1.182E+02  3.031E-02  4.513E-02  6.290E+03  2.717E-01   CO
14      13       580.5   1611.7935    185.9993  123.727  2.479E+01  8.905E+01  1.742E-02  3.031E-02  4.740E+03  2.556E-01   CO
15      14       663.4   1726.6025    173.6314   96.827  1.748E+01  6.123E+01  7.915E-03  1.742E-02  3.259E+03  2.160E-01   CO
16      15       751.7   1841.3455    162.8116   74.192  9.527E+00  3.857E+01  2.560E-03  7.915E-03  2.053E+03  1.651E-01   CO
1       0         23.6    492.1607    609.1354  441.631  2.276E-02  9.676E+00  3.641E-01  1.280E-01  5.150E+02  7.907E-04   [CI]
2       1         62.5    809.3420    370.4151  218.210  8.515E-02  1.627E+01  5.079E-01  3.641E-01  8.662E+02  5.914E-03   [CI]
2       0         62.5   1301.5026    230.3433  269.830  1.870E-09  4.484E-07  5.079E-01  1.280E-01  2.386E-05  6.776E-10   [CI]
1       0          4.2     88.6316   3382.4556    6.474  6.136E+00  3.440E+00  4.882E-01  3.139E-01  1.831E+02  1.642E-06   HCN
2       1         12.8    177.2611   1691.2478    5.544  1.036E+01  1.945E+00  1.754E-01  4.882E-01  1.035E+02  7.426E-06   HCN
3       2         25.5    265.8864   1127.5207    5.007  3.936E+00  9.445E-01  1.920E-02  1.754E-01  5.027E+01  1.217E-05   HCN
4       3         42.5    354.5055    845.6638    6.936  4.070E-01  5.243E-01  2.124E-03  1.920E-02  2.791E+01  1.601E-05   HCN
5       4         63.8    443.1161    676.5550   16.036  3.517E-02  2.654E-01  6.891E-04  2.124E-03  1.412E+01  1.583E-05   HCN
6       5         89.3    531.7163    563.8203   24.846  9.794E-03  1.387E-01  2.916E-04  6.891E-04  7.382E+00  1.429E-05   HCN
