      LINE         E_UP       FREQ        WAVEL     T_EX      TAU        T_R       POP        POP       FLUX        FLUX   SPECIES
                   (K)        (GHz)       (um)      (K)                  (K)        UP        LOW      (K*km/s) (erg/cm2/s)   SPECIES
1       0          5.5    115.2712   2600.7576  179.994  1.031E+02  1.764E+02  4.447E-02  1.529E-02  9.389E+03  1.852E-04   CO
2       1         16.6    230.5380   1300.4037  179.994  3.938E+02  1.743E+02  6.970E-02  4.447E-02  9.278E+03  1.464E-03   CO
3       2         33.2    345.7960    866.9634  179.994  8.201E+02  1.718E+02  8.899E-02  6.970E-02  9.143E+03  4.869E-03   CO
4       3         55.3    461.0408    650.2515  179.993  1.307E+03  1.692E+02  1.012E-01  8.899E-02  9.003E+03  1.136E-02   CO
5       4         83.0    576.2679    520.2310  179.993  1.776E+03  1.665E+02  1.061E-01  1.012E-01  8.863E+03  2.184E-02   CO
6       5        116.2    691.4731    433.5562  179.991  2.155E+03  1.639E+02  1.042E-01  1.061E-01  8.724E+03  3.715E-02   CO
7       6        154.9    806.6518    371.6504  179.990  2.397E+03  1.613E+02  9.699E-02  1.042E-01  8.587E+03  5.804E-02   CO
8       7        199.1    921.7997    325.2252  179.987  2.481E+03  1.588E+02  8.597E-02  9.699E-02  8.451E+03  8.524E-02   CO
9       8        248.9   1036.9124    289.1203  179.983  2.411E+03  1.562E+02  7.287E-02  8.597E-02  8.316E+03  1.194E-01   CO
10      9        304.2   1151.9855    260.2398  179.977  2.215E+03  1.537E+02  5.924E-02  7.287E-02  8.183E+03  1.611E-01   CO
11      10       365.0   1267.0145    236.6133  179.969  1.935E+03  1.513E+02  4.628E-02  5.924E-02  8.052E+03  2.109E-01   CO
12      11       431.3   1381.9951    216.9273  179.956  1.611E+03  1.488E+02  3.480E-02  4.628E-02  7.921E+03  2.693E-01   CO
13      12       503.1   1496.9229    200.2725  179.936  1.282E+03  1.464E+02  2.521E-02  3.480E-02  7.792E+03  3.366E-01   CO
14      13       580.5   1611.7935    185.9993  179.901  9.780E+02  1.440E+02  1.761E-02  2.521E-02  7.664E+03  4.133E-01   CO
15      14       663.4   1726.6025    173.6314  179.845  7.157E+02  1.416E+02  1.188E-02  1.761E-02  7.536E+03  4.995E-01   CO
16      15       751.7   1841.3455    162.8116  179.744  5.033E+02  1.392E+02  7.733E-03  1.188E-02  7.407E+03  5.955E-01   CO
1       0         23.6    492.1607    609.1354  179.957  3.699E+00  1.642E+02  3.673E-01  1.396E-01  8.741E+03  1.342E-02   [CI]
2       1         62.5    809.3420    370.4151  179.768  6.458E+00  1.608E+02  4.932E-01  3.673E-01  8.558E+03  5.843E-02   [CI]
2       0         62.5   1301.5026    230.3433  179.840  1.826E-07  2.747E-05  4.932E-01  1.396E-01  1.462E-03  4.151E-08   [CI]
1       0          4.2     88.6316   3382.4556   -0.879 -9.284E+01  1.137E+41  9.022E-02  2.103E-02  6.053E+42  5.427E+34   HCN
2       1         12.8    177.2611   1691.2478    0.151  2.231E+02 -3.924E-01  9.546E-02  9.022E-02 -2.089E+01 -1.498E-06   HCN
3       2         25.5    265.8864   1127.5207   -1.953 -2.863E+02  2.768+125  1.629E-01  9.546E-02  1.473+127  3.566+120   HCN
4       3         42.5    354.5055    845.6638    0.529  4.015E+02 -3.316E-02  1.226E-01  1.629E-01 -1.765E+00 -1.013E-06   HCN
5       4         63.8    443.1161    676.5550   -1.515 -3.390E+02 -2.127E+01  1.719E-01  1.226E-01 -1.132E+03 -1.269E-03   HCN
6       5         89.3    531.7163    563.8203    1.719  4.068E+02 -2.182E-03  1.021E-01  1.719E-01 -1.161E-01 -2.248E-07   HCN
