      LINE         E_UP       FREQ        WAVEL     T_EX      TAU        T_R       POP        POP       FLUX        FLUX   SPECIES
                   (K)        (GHz)       (um)      (K)                  (K)        UP        LOW      (K*km/s) (erg/cm2/s)   SPECIES
1       0          5.5    115.2712   2600.7576  254.996  1.031E+02  2.514E+02  3.172E-02  1.080E-02  1.338E+04  2.639E-04   CO
2       1         16.6    230.5380   1300.4037  254.996  3.991E+02  2.493E+02  5.062E-02  3.172E-02  1.327E+04  2.094E-03   CO
3       2         33.2    345.7960    866.9634  254.996  8.500E+02  2.468E+02  6.640E-02  5.062E-02  1.313E+04  6.994E-03   CO
4       3         55.3    461.0408    650.2515  254.996  1.398E+03  2.441E+02  7.827E-02  6.640E-02  1.299E+04  1.640E-02   CO
5       4         83.0    576.2679    520.2310  254.995  1.978E+03  2.414E+02  8.583E-02  7.827E-02  1.285E+04  3.167E-02   CO
6       5        116.2    691.4731    433.5562  254.995  2.522E+03  2.388E+02  8.906E-02  8.583E-02  1.271E+04  5.411E-02   CO
7       6        154.9    806.6518    371.6504  254.994  2.975E+03  2.361E+02  8.829E-02  8.906E-02  1.257E+04  8.495E-02   CO
8       7        199.1    921.7997    325.2252  254.993  3.293E+03  2.335E+02  8.412E-02  8.829E-02  1.243E+04  1.254E-01   CO
9       8        248.9   1036.9124    289.1203  254.991  3.455E+03  2.309E+02  7.735E-02  8.412E-02  1.229E+04  1.765E-01   CO
10      9        304.2   1151.9855    260.2398  254.989  3.457E+03  2.283E+02  6.883E-02  7.735E-02  1.215E+04  2.393E-01   CO
11      10       365.0   1267.0145    236.6133  254.987  3.319E+03  2.258E+02  5.939E-02  6.883E-02  1.202E+04  3.148E-01   CO
12      11       431.3   1381.9951    216.9273  254.983  3.064E+03  2.233E+02  4.977E-02  5.939E-02  1.188E+04  4.039E-01   CO
13      12       503.1   1496.9229    200.2725  254.979  2.729E+03  2.207E+02  4.055E-02  4.977E-02  1.175E+04  5.075E-01   CO
14      13       580.5   1611.7935    185.9993  254.970  2.350E+03  2.182E+02  3.216E-02  4.055E-02  1.162E+04  6.264E-01   CO
15      14       663.4   1726.6025    173.6314  254.958  1.959E+03  2.158E+02  2.484E-02  3.216E-02  1.148E+04  7.613E-01   CO
16      15       751.7   1841.3455    162.8116  254.941  1.584E+03  2.133E+02  1.869E-02  2.484E-02  1.135E+04  9.128E-01   CO
1       0         23.6    492.1607    609.1354  254.960  4.972E+00  2.416E+02  3.576E-01  1.308E-01  1.286E+04  1.975E-02   [CI]
2       1         62.5    809.3420    370.4151  254.846  9.127E+00  2.359E+02  5.117E-01  3.576E-01  1.256E+04  8.572E-02   [CI]
2       0         62.5   1301.5026    230.3433  254.889  2.528E-07  5.687E-05  5.117E-01  1.308E-01  3.027E-03  8.594E-08   [CI]
1       0          4.2     88.6316   3382.4556    0.842  7.763E+01 -1.103E+00  3.750E-02  1.368E-02 -5.872E+01 -5.265E-07   HCN
2       1         12.8    177.2611   1691.2478   -2.425 -1.792E+02  6.364E+78  6.611E-02  3.750E-02  3.387E+80  2.430E+73   HCN
3       2         25.5    265.8864   1127.5207    0.280  3.277E+02 -1.193E-01  5.955E-02  6.611E-02 -6.349E+00 -1.537E-06   HCN
4       3         42.5    354.5055    845.6638   -0.824 -2.811E+02  2.118+123  7.738E-02  5.955E-02  1.127+125  6.469+118   HCN
5       4         63.8    443.1161    676.5550    2.458  3.290E+02 -4.981E-03  4.979E-02  7.738E-02 -2.651E-01 -2.970E-07   HCN
6       5         89.3    531.7163    563.8203   21.708 -3.660E+02  1.139E+01  1.371E-01  4.979E-02  6.063E+02  1.174E-03   HCN
