      LINE         E_UP       FREQ        WAVEL     T_EX      TAU        T_R       POP        POP       FLUX        FLUX   SPECIES
                   (K)        (GHz)       (um)      (K)                  (K)        UP        LOW      (K*km/s) (erg/cm2/s)   SPECIES
1       0          5.5    115.2712   2600.7576    4.038  1.833E+01  1.048E+00  4.213E-01  5.526E-01  5.579E+01  1.100E-06   CO
2       1         16.6    230.5380   1300.4037    3.358  1.202E+01  2.318E-01  2.604E-02  4.213E-01  1.234E+01  1.947E-06   CO
3       2         33.2    345.7960    866.9634    2.883  6.918E-01  7.449E-03  1.152E-04  2.604E-02  3.965E-01  2.111E-07   CO
4       3         55.3    461.0408    650.2515    3.085  2.918E-03  3.029E-05  1.137E-07  1.152E-04  1.612E-03  2.035E-09   CO
5       4         83.0    576.2679    520.2310    3.657  2.794E-06  3.710E-08  7.214E-11  1.137E-07  1.975E-06  4.867E-12   CO
6       5        116.2    691.4731    433.5562    4.174  1.737E-09  2.000E-11  3.002E-14  7.214E-11  1.065E-09  4.533E-15   CO
7       6        154.9    806.6518    371.6504    4.307  7.119E-13  3.422E-15  4.325E-18  3.002E-14  1.821E-13  1.231E-18   CO
8       7        199.1    921.7997    325.2252    4.689  1.005E-16  3.917E-19  1.042E-20  4.325E-18  2.085E-17  2.103E-22   CO
9       8        248.9   1036.9124    289.1203   52.676  2.438E-20  0.000E+00  1.026E-20  1.042E-20  0.000E+00  0.000E+00   CO
10      9        304.2   1151.9855    260.2398   66.352  2.184E-20  0.000E+00  1.016E-20  1.026E-20  0.000E+00  0.000E+00   CO
11      10       365.0   1267.0145    236.6133   80.664  1.977E-20  0.000E+00  1.009E-20  1.016E-20  0.000E+00  0.000E+00   CO
12      11       431.3   1381.9951    216.9273   96.824  1.802E-20  0.000E+00  1.004E-20  1.009E-20  0.000E+00  0.000E+00   CO
13      12       503.1   1496.9229    200.2725  114.223  1.654E-20  0.000E+00  1.001E-20  1.004E-20  0.000E+00  0.000E+00   CO
14      13       580.5   1611.7935    185.9993    0.000  1.528E-20  0.000E+00  1.000E-20  1.001E-20  0.000E+00  0.000E+00   CO
15      14       663.4   1726.6025    173.6314    0.000  1.417E-20  0.000E+00  1.000E-20  1.000E-20  0.000E+00  0.000E+00   CO
16      15       751.7   1841.3455    162.8116    0.000  1.319E-20  0.000E+00  1.000E-20  1.000E-20  0.000E+00  0.000E+00   CO
1       0         23.6    492.1607    609.1354    3.587  4.274E-02  1.195E-03  4.122E-03  9.959E-01  6.362E-02  9.767E-08   [CI]
2       1         62.5    809.3420    370.4151    4.300  7.443E-05  3.433E-07  8.201E-07  4.122E-03  1.827E-05  1.247E-10   [CI]
2       0         62.5   1301.5026    230.3433    3.999  8.860E-10  9.110E-15  8.201E-07  9.959E-01  4.849E-13  1.377E-17   [CI]
1       0          4.2     88.6316   3382.4556    2.726  2.407E-01  6.075E-05  3.757E-01  5.963E-01  3.233E-03  2.899E-11   HCN
2       1         12.8    177.2611   1691.2478    2.726  1.223E-01  7.465E-06  2.762E-02  3.757E-01  3.973E-04  2.850E-11   HCN
3       2         25.5    265.8864   1127.5207    2.726  8.388E-03  2.661E-07  3.582E-04  2.762E-02  1.417E-05  3.429E-12   HCN
4       3         42.5    354.5055    845.6638    2.726  1.044E-04  3.007E-09  8.965E-07  3.582E-04  1.600E-07  9.183E-14   HCN
5       4         63.8    443.1161    676.5550    2.728  2.544E-07  1.526E-11  4.508E-10  8.965E-07  8.125E-10  9.104E-16   HCN
6       5         89.3    531.7163    563.8203    2.763  1.256E-10  3.695E-14  5.188E-14  4.508E-10  1.967E-12  3.807E-18   HCN
