      LINE         E_UP       FREQ        WAVEL     T_EX      TAU        T_R       POP        POP       FLUX        FLUX   SPECIES
                   (K)        (GHz)       (um)      (K)                  (K)        UP        LOW      (K*km/s) (erg/cm2/s)   SPECIES
1       0          5.5    115.2712   2600.7576  397.596  5.745E-01  1.722E+02  5.518E-02  1.865E-02  9.165E+03  1.808E-04   CO
2       1         16.6    230.5380   1300.4037  180.739  4.866E+00  1.737E+02  8.651E-02  5.518E-02  9.246E+03  1.459E-03   CO
3       2         33.2    345.7960    866.9634  176.647  1.036E+01  1.684E+02  1.103E-01  8.651E-02  8.965E+03  4.774E-03   CO
4       3         55.3    461.0408    650.2515  173.266  1.679E+01  1.624E+02  1.248E-01  1.103E-01  8.645E+03  1.091E-02   CO
5       4         83.0    576.2679    520.2310  168.091  2.332E+01  1.546E+02  1.294E-01  1.248E-01  8.231E+03  2.028E-02   CO
6       5        116.2    691.4731    433.5562  160.967  2.909E+01  1.449E+02  1.244E-01  1.294E-01  7.715E+03  3.285E-02   CO
7       6        154.9    806.6518    371.6504  151.140  3.341E+01  1.326E+02  1.111E-01  1.244E-01  7.058E+03  4.771E-02   CO
8       7        199.1    921.7997    325.2252  138.517  3.565E+01  1.176E+02  9.149E-02  1.111E-01  6.258E+03  6.312E-02   CO
9       8        248.9   1036.9124    289.1203  122.792  3.539E+01  9.959E+01  6.818E-02  9.149E-02  5.300E+03  7.610E-02   CO
10      9        304.2   1151.9855    260.2398  104.330  3.223E+01  7.912E+01  4.436E-02  6.818E-02  4.211E+03  8.291E-02   CO
11      10       365.0   1267.0145    236.6133   84.566  2.591E+01  5.778E+01  2.367E-02  4.436E-02  3.075E+03  8.055E-02   CO
12      11       431.3   1381.9951    216.9273   65.121  1.707E+01  3.749E+01  9.292E-03  2.367E-02  1.996E+03  6.783E-02   CO
13      12       503.1   1496.9229    200.2725   48.774  8.015E+00  2.136E+01  2.301E-03  9.292E-03  1.137E+03  4.911E-02   CO
14      13       580.5   1611.7935    185.9993   40.371  2.178E+00  1.184E+01  3.637E-04  2.301E-03  6.301E+02  3.398E-02   CO
15      14       663.4   1726.6025    173.6314   53.157  3.160E-01  5.982E+00  8.178E-05  3.637E-04  3.184E+02  2.111E-02   CO
16      15       751.7   1841.3455    162.8116   81.570  5.903E-02  2.592E+00  2.947E-05  8.178E-05  1.379E+02  1.109E-02   CO
1       0         23.6    492.1607    609.1354  273.461  2.477E-02  6.406E+00  3.824E-01  1.390E-01  3.409E+02  5.234E-04   [CI]
2       1         62.5    809.3420    370.4151  135.623  8.618E-02  9.672E+00  4.786E-01  3.824E-01  5.148E+02  3.515E-03   [CI]
2       0         62.5   1301.5026    230.3433  167.561  1.928E-09  2.666E-07  4.786E-01  1.390E-01  1.419E-05  4.029E-10   [CI]
1       0          4.2     88.6316   3382.4556    4.418  6.651E+00  1.495E+00  4.813E-01  4.201E-01  7.957E+01  7.135E-07   HCN
2       1         12.8    177.2611   1691.2478    3.930  7.273E+00  7.099E-01  9.205E-02  4.813E-01  3.778E+01  2.710E-06   HCN
3       2         25.5    265.8864   1127.5207    4.010  1.356E+00  3.214E-01  5.346E-03  9.205E-02  1.710E+01  4.140E-06   HCN
4       3         42.5    354.5055    845.6638    7.836  6.931E-02  1.444E-01  7.837E-04  5.346E-03  7.686E+00  4.410E-06   HCN
5       4         63.8    443.1161    676.5550   16.524  8.071E-03  6.513E-02  2.645E-04  7.837E-04  3.467E+00  3.884E-06   HCN
6       5         89.3    531.7163    563.8203   23.252  2.461E-03  3.141E-02  1.043E-04  2.645E-04  1.672E+00  3.237E-06   HCN
