      LINE         E_UP       FREQ        WAVEL     T_EX      TAU        T_R       POP        POP       FLUX        FLUX   SPECIES
                   (K)        (GHz)       (um)      (K)                  (K)        UP        LOW      (K*km/s) (erg/cm2/s)   SPECIES
1       0          5.5    115.2712   2600.7576  304.995  9.095E+01  3.014E+02  2.662E-02  9.037E-03  1.604E+04  3.164E-04   CO
2       1         16.6    230.5380   1300.4037  304.996  3.538E+02  2.993E+02  4.279E-02  2.662E-02  1.593E+04  2.514E-03   CO
3       2         33.2    345.7960    866.9634  304.995  7.604E+02  2.967E+02  5.674E-02  4.279E-02  1.579E+04  8.410E-03   CO
4       3         55.3    461.0408    650.2515  304.995  1.266E+03  2.941E+02  6.784E-02  5.674E-02  1.565E+04  1.975E-02   CO
5       4         83.0    576.2679    520.2310  304.995  1.820E+03  2.914E+02  7.573E-02  6.784E-02  1.551E+04  3.822E-02   CO
6       5        116.2    691.4731    433.5562  304.995  2.367E+03  2.887E+02  8.027E-02  7.573E-02  1.537E+04  6.543E-02   CO
7       6        154.9    806.6518    371.6504  304.994  2.857E+03  2.860E+02  8.158E-02  8.027E-02  1.522E+04  1.029E-01   CO
8       7        199.1    921.7997    325.2252  304.993  3.247E+03  2.834E+02  7.997E-02  8.158E-02  1.508E+04  1.522E-01   CO
9       8        248.9   1036.9124    289.1203  304.992  3.511E+03  2.808E+02  7.593E-02  7.997E-02  1.494E+04  2.146E-01   CO
10      9        304.2   1151.9855    260.2398  304.990  3.634E+03  2.782E+02  7.000E-02  7.593E-02  1.481E+04  2.915E-01   CO
11      10       365.0   1267.0145    236.6133  304.988  3.621E+03  2.756E+02  6.281E-02  7.000E-02  1.467E+04  3.842E-01   CO
12      11       431.3   1381.9951    216.9273  304.986  3.481E+03  2.730E+02  5.493E-02  6.281E-02  1.453E+04  4.940E-01   CO
13      12       503.1   1496.9229    200.2725  304.983  3.241E+03  2.705E+02  4.687E-02  5.493E-02  1.440E+04  6.219E-01   CO
14      13       580.5   1611.7935    185.9993  304.977  2.928E+03  2.679E+02  3.907E-02  4.687E-02  1.426E+04  7.690E-01   CO
15      14       663.4   1726.6025    173.6314  304.969  2.570E+03  2.654E+02  3.183E-02  3.907E-02  1.413E+04  9.364E-01   CO
16      15       751.7   1841.3455    162.8116  304.959  2.194E+03  2.629E+02  2.536E-02  3.183E-02  1.399E+04  1.125E+00   CO
1       0         23.6    492.1607    609.1354  304.956  5.137E+00  2.916E+02  3.537E-01  1.274E-01  1.552E+04  2.383E-02   [CI]
2       1         62.5    809.3420    370.4151  304.841  9.618E+00  2.858E+02  5.189E-01  3.537E-01  1.521E+04  1.039E-01   [CI]
2       0         62.5   1301.5026    230.3433  304.885  2.643E-07  7.261E-05  5.189E-01  1.274E-01  3.865E-03  1.097E-07   [CI]
1       0          4.2     88.6316   3382.4556    2.688  8.197E+03 -3.024E-02  3.431E-01  4.913E-01 -1.609E+00 -1.443E-08   HCN
2       1         12.8    177.2611   1691.2478   -9.709  4.357E+03 -1.497E+01  2.939E-02  3.431E-01 -7.967E+02 -5.715E-05   HCN
3       2         25.5    265.8864   1127.5207    3.621  1.103E-17  0.000E+00  5.700E-02  2.939E-02  0.000E+00  0.000E+00   HCN
4       3         42.5    354.5055    845.6638   -9.737  8.168E-18  0.000E+00  8.497E-02  5.700E-02  0.000E+00  0.000E+00   HCN
5       4         63.8    443.1161    676.5550   11.375  6.497E-18  0.000E+00  1.114E-01  8.497E-02  0.000E+00  0.000E+00   HCN
6       5         89.3    531.7163    563.8203   -6.646 -1.010E+03 -2.608E+01  1.210E-01  1.114E-01 -1.388E+03 -2.688E-03   HCN
