      LINE         E_UP       FREQ        WAVEL     T_EX      TAU        T_R       POP        POP       FLUX        FLUX   SPECIES
                   (K)        (GHz)       (um)      (K)                  (K)        UP        LOW      (K*km/s) (erg/cm2/s)   SPECIES
1       0          5.5    115.2712   2600.7576   55.000  2.105E+03  5.144E+01  1.342E-01  4.945E-02  2.738E+03  5.401E-05   CO
2       1         16.6    230.5380   1300.4037   55.000  7.244E+03  4.946E+01  1.828E-01  1.342E-01  2.632E+03  4.154E-04   CO
3       2         33.2    345.7960    866.9634   55.000  1.269E+04  4.708E+01  1.893E-01  1.828E-01  2.506E+03  1.334E-03   CO
4       3         55.3    461.0408    650.2515   55.000  1.589E+04  4.467E+01  1.628E-01  1.893E-01  2.378E+03  3.001E-03   CO
5       4         83.0    576.2679    520.2310   55.000  1.581E+04  4.232E+01  1.203E-01  1.628E-01  2.253E+03  5.552E-03   CO
6       5        116.2    691.4731    433.5562   55.000  1.313E+04  4.007E+01  7.778E-02  1.203E-01  2.132E+03  9.080E-03   CO
7       6        154.9    806.6518    371.6504   55.000  9.321E+03  3.790E+01  4.439E-02  7.778E-02  2.017E+03  1.363E-02   CO
8       7        199.1    921.7997    325.2252   54.999  5.745E+03  3.581E+01  2.251E-02  4.439E-02  1.906E+03  1.923E-02   CO
9       8        248.9   1036.9124    289.1203   54.999  3.104E+03  3.382E+01  1.018E-02  2.251E-02  1.800E+03  2.584E-02   CO
10      9        304.2   1151.9855    260.2398   54.996  1.480E+03  3.191E+01  4.117E-03  1.018E-02  1.698E+03  3.344E-02   CO
11      10       365.0   1267.0145    236.6133   54.990  6.261E+02  3.008E+01  1.492E-03  4.117E-03  1.601E+03  4.194E-02   CO
12      11       431.3   1381.9951    216.9273   54.967  2.355E+02  2.832E+01  4.853E-04  1.492E-03  1.507E+03  5.123E-02   CO
13      12       503.1   1496.9229    200.2725   54.891  7.910E+01  2.659E+01  1.416E-04  4.853E-04  1.415E+03  6.114E-02   CO
14      13       580.5   1611.7935    185.9993   54.490  2.378E+01  2.467E+01  3.677E-05  1.416E-04  1.313E+03  7.081E-02   CO
15      14       663.4   1726.6025    173.6314   51.839  6.442E+00  2.097E+01  7.948E-06  3.677E-05  1.116E+03  7.398E-02   CO
16      15       751.7   1841.3455    162.8116   46.248  1.474E+00  1.183E+01  1.252E-06  7.948E-06  6.298E+02  5.064E-02   CO
1       0         23.6    492.1607    609.1354   54.999  3.292E+01  4.403E+01  4.283E-01  2.194E-01  2.343E+03  3.598E-03   [CI]
2       1         62.5    809.3420    370.4151   54.998  3.917E+01  3.784E+01  3.523E-01  4.283E-01  2.014E+03  1.375E-02   [CI]
2       0         62.5   1301.5026    230.3433   54.998  1.325E-06  3.916E-05  3.523E-01  2.194E-01  2.084E-03  5.917E-08   [CI]
1       0          4.2     88.6316   3382.4556   52.964  1.669E+01  4.973E+01  1.172E-01  4.234E-02  2.647E+03  2.373E-05   HCN
2       1         12.8    177.2611   1691.2478   52.822  5.938E+01  4.829E+01  1.663E-01  1.172E-01  2.570E+03  1.844E-04   HCN
3       2         25.5    265.8864   1127.5207   52.523  1.099E+02  4.628E+01  1.826E-01  1.663E-01  2.463E+03  5.963E-04   HCN
4       3         42.5    354.5055    845.6638   51.950  1.489E+02  4.387E+01  1.692E-01  1.826E-01  2.335E+03  1.340E-03   HCN
5       4         63.8    443.1161    676.5550   50.866  1.641E+02  4.096E+01  1.361E-01  1.692E-01  2.180E+03  2.443E-03   HCN
6       5         89.3    531.7163    563.8203   48.726  1.547E+02  3.707E+01  9.529E-02  1.361E-01  1.973E+03  3.820E-03   HCN
