      LINE         E_UP       FREQ        WAVEL     T_EX      TAU        T_R       POP        POP       FLUX        FLUX   SPECIES
                   (K)        (GHz)       (um)      (K)                  (K)        UP        LOW      (K*km/s) (erg/cm2/s)   SPECIES
1       0          5.5    115.2712   2600.7576  279.996  1.078E+02  2.764E+02  2.895E-02  9.842E-03  1.471E+04  2.902E-04   CO
2       1         16.6    230.5380   1300.4037  279.997  4.184E+02  2.743E+02  4.638E-02  2.895E-02  1.460E+04  2.304E-03   CO
3       2         33.2    345.7960    866.9634  279.996  8.955E+02  2.717E+02  6.119E-02  4.638E-02  1.446E+04  7.702E-03   CO
4       3         55.3    461.0408    650.2515  279.996  1.483E+03  2.691E+02  7.269E-02  6.119E-02  1.432E+04  1.807E-02   CO
5       4         83.0    576.2679    520.2310  279.996  2.116E+03  2.664E+02  8.049E-02  7.269E-02  1.418E+04  3.494E-02   CO
6       5        116.2    691.4731    433.5562  279.996  2.727E+03  2.637E+02  8.450E-02  8.049E-02  1.404E+04  5.977E-02   CO
7       6        154.9    806.6518    371.6504  279.995  3.258E+03  2.611E+02  8.490E-02  8.450E-02  1.390E+04  9.393E-02   CO
8       7        199.1    921.7997    325.2252  279.994  3.658E+03  2.585E+02  8.216E-02  8.490E-02  1.376E+04  1.388E-01   CO
9       8        248.9   1036.9124    289.1203  279.993  3.902E+03  2.558E+02  7.688E-02  8.216E-02  1.362E+04  1.955E-01   CO
10      9        304.2   1151.9855    260.2398  279.992  3.976E+03  2.533E+02  6.974E-02  7.688E-02  1.348E+04  2.654E-01   CO
11      10       365.0   1267.0145    236.6133  279.990  3.896E+03  2.507E+02  6.147E-02  6.974E-02  1.334E+04  3.495E-01   CO
12      11       431.3   1381.9951    216.9273  279.988  3.677E+03  2.481E+02  5.273E-02  6.147E-02  1.321E+04  4.489E-01   CO
13      12       503.1   1496.9229    200.2725  279.985  3.355E+03  2.456E+02  4.406E-02  5.273E-02  1.307E+04  5.647E-01   CO
14      13       580.5   1611.7935    185.9993  279.979  2.966E+03  2.431E+02  3.590E-02  4.406E-02  1.294E+04  6.977E-01   CO
15      14       663.4   1726.6025    173.6314  279.972  2.542E+03  2.406E+02  2.854E-02  3.590E-02  1.280E+04  8.488E-01   CO
16      15       751.7   1841.3455    162.8116  279.961  2.117E+03  2.381E+02  2.216E-02  2.854E-02  1.267E+04  1.019E+00   CO
1       0         23.6    492.1607    609.1354  279.964  5.643E+00  2.674E+02  3.554E-01  1.289E-01  1.423E+04  2.185E-02   [CI]
2       1         62.5    809.3420    370.4151  279.874  1.047E+01  2.609E+02  5.156E-01  3.554E-01  1.389E+04  9.481E-02   [CI]
2       0         62.5   1301.5026    230.3433  279.908  2.888E-07  7.215E-05  5.156E-01  1.289E-01  3.840E-03  1.090E-07   [CI]
1       0          4.2     88.6316   3382.4556    0.797  7.290E+01 -1.110E+00  2.902E-02  1.050E-02 -5.908E+01 -5.298E-07   HCN
2       1         12.8    177.2611   1691.2478   -2.375 -1.706E+02  1.091E+75  5.057E-02  2.902E-02  5.805E+76  4.164E+69   HCN
3       2         25.5    265.8864   1127.5207    0.231  3.111E+02 -1.193E-01  4.549E-02  5.057E-02 -6.349E+00 -1.537E-06   HCN
4       3         42.5    354.5055    845.6638   -0.979 -2.721E+02  2.505+119  6.042E-02  4.549E-02  1.333+121  7.650+114   HCN
5       4         63.8    443.1161    676.5550    1.966  3.084E+02 -8.266E-03  3.727E-02  6.042E-02 -4.400E-01 -4.930E-07   HCN
6       5         89.3    531.7163    563.8203   27.369 -3.341E+02  1.656E+01  1.069E-01  3.727E-02  8.815E+02  1.707E-03   HCN
