      LINE         E_UP       FREQ        WAVEL     T_EX      TAU        T_R       POP        POP       FLUX        FLUX   SPECIES
                   (K)        (GHz)       (um)      (K)                  (K)        UP        LOW      (K*km/s) (erg/cm2/s)   SPECIES
1       0          5.5    115.2712   2600.7576  355.473  4.338E+00  3.473E+02  2.349E-02  7.952E-03  1.848E+04  3.646E-04   CO
2       1         16.6    230.5380   1300.4037  353.174  1.705E+01  3.475E+02  3.794E-02  2.349E-02  1.849E+04  2.918E-03   CO
3       2         33.2    345.7960    866.9634  353.321  3.686E+01  3.451E+02  5.068E-02  3.794E-02  1.837E+04  9.780E-03   CO
4       3         55.3    461.0408    650.2515  353.282  6.192E+01  3.423E+02  6.120E-02  5.068E-02  1.822E+04  2.300E-02   CO
5       4         83.0    576.2679    520.2310  353.160  9.002E+01  3.395E+02  6.917E-02  6.120E-02  1.807E+04  4.453E-02   CO
6       5        116.2    691.4731    433.5562  353.073  1.187E+02  3.367E+02  7.441E-02  6.917E-02  1.792E+04  7.631E-02   CO
7       6        154.9    806.6518    371.6504  352.857  1.457E+02  3.339E+02  7.694E-02  7.441E-02  1.777E+04  1.201E-01   CO
8       7        199.1    921.7997    325.2252  352.619  1.688E+02  3.310E+02  7.692E-02  7.694E-02  1.762E+04  1.777E-01   CO
9       8        248.9   1036.9124    289.1203  352.236  1.865E+02  3.279E+02  7.464E-02  7.692E-02  1.745E+04  2.506E-01   CO
10      9        304.2   1151.9855    260.2398  351.709  1.977E+02  3.248E+02  7.050E-02  7.464E-02  1.729E+04  3.403E-01   CO
11      10       365.0   1267.0145    236.6133  351.196  2.024E+02  3.217E+02  6.493E-02  7.050E-02  1.712E+04  4.485E-01   CO
12      11       431.3   1381.9951    216.9273  350.500  2.003E+02  3.184E+02  5.841E-02  6.493E-02  1.695E+04  5.760E-01   CO
13      12       503.1   1496.9229    200.2725  349.766  1.924E+02  3.151E+02  5.137E-02  5.841E-02  1.677E+04  7.244E-01   CO
14      13       580.5   1611.7935    185.9993  348.169  1.801E+02  3.109E+02  4.418E-02  5.137E-02  1.655E+04  8.924E-01   CO
15      14       663.4   1726.6025    173.6314  346.227  1.640E+02  3.064E+02  3.718E-02  4.418E-02  1.631E+04  1.081E+00   CO
16      15       751.7   1841.3455    162.8116  343.763  1.457E+02  3.015E+02  3.061E-02  3.718E-02  1.605E+04  1.290E+00   CO
1       0         23.6    492.1607    609.1354  361.128  2.708E-01  8.289E+01  3.520E-01  1.253E-01  4.412E+03  6.773E-03   [CI]
2       1         62.5    809.3420    370.4151  336.590  5.502E-01  1.344E+02  5.227E-01  3.520E-01  7.152E+03  4.883E-02   [CI]
2       0         62.5   1301.5026    230.3433  345.466  1.464E-08  4.615E-06  5.227E-01  1.253E-01  2.456E-04  6.974E-09   [CI]
1       0          4.2     88.6316   3382.4556   62.182  1.629E+00  4.739E+01  1.701E-01  6.070E-02  2.522E+03  2.261E-05   HCN
2       1         12.8    177.2611   1691.2478   41.040  8.613E+00  3.653E+01  2.304E-01  1.701E-01  1.945E+03  1.395E-04   HCN
3       2         25.5    265.8864   1127.5207   36.968  1.637E+01  3.083E+01  2.284E-01  2.304E-01  1.641E+03  3.973E-04   HCN
4       3         42.5    354.5055    845.6638   31.938  2.187E+01  2.415E+01  1.724E-01  2.284E-01  1.285E+03  7.375E-04   HCN
5       4         63.8    443.1161    676.5550   26.498  2.144E+01  1.726E+01  9.441E-02  1.724E-01  9.188E+02  1.030E-03   HCN
6       5         89.3    531.7163    563.8203   21.474  1.453E+01  1.118E+01  3.400E-02  9.441E-02  5.952E+02  1.152E-03   HCN
