      LINE         E_UP       FREQ        WAVEL     T_EX      TAU        T_R       POP        POP       FLUX        FLUX   SPECIES
                   (K)        (GHz)       (um)      (K)                  (K)        UP        LOW      (K*km/s) (erg/cm2/s)   SPECIES
1       0          5.5    115.2712   2600.7576   72.989  1.186E+00  4.822E+01  2.027E-01  7.289E-02  2.566E+03  5.062E-05   CO
2       1         16.6    230.5380   1300.4037   43.258  6.794E+00  3.772E+01  2.616E-01  2.027E-01  2.008E+03  3.168E-04   CO
3       2         33.2    345.7960    866.9634   38.118  1.234E+01  3.038E+01  2.370E-01  2.616E-01  1.617E+03  8.611E-04   CO
4       3         55.3    461.0408    650.2515   31.608  1.515E+01  2.182E+01  1.513E-01  2.370E-01  1.161E+03  1.466E-03   CO
5       4         83.0    576.2679    520.2310   24.602  1.258E+01  1.331E+01  6.009E-02  1.513E-01  7.084E+02  1.746E-03   CO
6       5        116.2    691.4731    433.5562   18.876  6.002E+00  6.894E+00  1.224E-02  6.009E-02  3.670E+02  1.562E-03   CO
7       6        154.9    806.6518    371.6504   17.754  1.290E+00  3.574E+00  1.596E-03  1.224E-02  1.902E+02  1.286E-03   CO
8       7        199.1    921.7997    325.2252   28.106  1.485E-01  1.595E+00  3.747E-04  1.596E-03  8.491E+01  8.566E-04   CO
9       8        248.9   1036.9124    289.1203   41.304  3.046E-02  6.392E-01  1.255E-04  3.747E-04  3.402E+01  4.884E-04   CO
10      9        304.2   1151.9855    260.2398   48.254  9.839E-03  2.524E-01  4.412E-05  1.255E-04  1.343E+01  2.645E-04   CO
11      10       365.0   1267.0145    236.6133   53.894  3.400E-03  9.873E-02  1.564E-05  4.412E-05  5.255E+00  1.376E-04   CO
12      11       431.3   1381.9951    216.9273   59.427  1.187E-03  3.833E-02  5.567E-06  1.564E-05  2.040E+00  6.934E-05   CO
13      12       503.1   1496.9229    200.2725   65.412  4.153E-04  1.492E-02  2.005E-06  5.567E-06  7.943E-01  3.431E-05   CO
14      13       580.5   1611.7935    185.9993   66.769  1.527E-04  5.404E-03  6.761E-07  2.005E-06  2.877E-01  1.551E-05   CO
15      14       663.4   1726.6025    173.6314   67.985  5.241E-05  1.822E-03  2.136E-07  6.761E-07  9.699E-02  6.429E-06   CO
16      15       751.7   1841.3455    162.8116   75.123  1.612E-05  6.352E-04  7.012E-08  2.136E-07  3.381E-02  2.718E-06   CO
1       0         23.6    492.1607    609.1354   68.140  1.415E-02  8.010E-01  4.757E-01  2.243E-01  4.264E+01  6.546E-05   [CI]
2       1         62.5    809.3420    370.4151   39.971  2.676E-02  6.244E-01  3.000E-01  4.757E-01  3.323E+01  2.269E-04   [CI]
2       0         62.5   1301.5026    230.3433   47.377  7.324E-10  1.671E-08  3.000E-01  2.243E-01  8.895E-07  2.526E-11   [CI]
1       0          4.2     88.6316   3382.4556    2.767  1.185E+00  2.382E-02  3.803E-01  5.897E-01  1.268E+00  1.137E-08   HCN
2       1         12.8    177.2611   1691.2478    2.768  6.192E-01  9.232E-03  2.931E-02  3.803E-01  4.914E-01  3.525E-08   HCN
3       2         25.5    265.8864   1127.5207    3.005  4.439E-02  2.871E-03  5.876E-04  2.931E-02  1.528E-01  3.700E-08   HCN
4       3         42.5    354.5055    845.6638    6.707  7.920E-04  1.131E-03  5.979E-05  5.876E-04  6.020E-02  3.454E-08   HCN
5       4         63.8    443.1161    676.5550   15.423  6.364E-05  4.550E-04  1.841E-05  5.979E-05  2.422E-02  2.714E-08   HCN
6       5         89.3    531.7163    563.8203   23.198  1.715E-05  2.183E-04  7.240E-06  1.841E-05  1.162E-02  2.250E-08   HCN
