      LINE         E_UP       FREQ        WAVEL     T_EX      TAU        T_R       POP        POP       FLUX        FLUX   SPECIES
                   (K)        (GHz)       (um)      (K)                  (K)        UP        LOW      (K*km/s) (erg/cm2/s)   SPECIES
1       0          5.5    115.2712   2600.7576  259.786  2.752E+00  2.399E+02  3.434E-02  1.169E-02  1.277E+04  2.518E-04   CO
2       1         16.6    230.5380   1300.4037  248.473  1.113E+01  2.428E+02  5.474E-02  3.434E-02  1.292E+04  2.039E-03   CO
3       2         33.2    345.7960    866.9634  248.973  2.363E+01  2.407E+02  7.169E-02  5.474E-02  1.281E+04  6.823E-03   CO
4       3         55.3    461.0408    650.2515  248.696  3.884E+01  2.378E+02  8.433E-02  7.169E-02  1.266E+04  1.597E-02   CO
5       4         83.0    576.2679    520.2310  248.169  5.492E+01  2.346E+02  9.220E-02  8.433E-02  1.249E+04  3.077E-02   CO
6       5        116.2    691.4731    433.5562  247.526  6.998E+01  2.313E+02  9.529E-02  9.220E-02  1.231E+04  5.242E-02   CO
7       6        154.9    806.6518    371.6504  246.446  8.252E+01  2.276E+02  9.397E-02  9.529E-02  1.211E+04  8.188E-02   CO
8       7        199.1    921.7997    325.2252  245.019  9.131E+01  2.236E+02  8.890E-02  9.397E-02  1.190E+04  1.200E-01   CO
9       8        248.9   1036.9124    289.1203  242.951  9.582E+01  2.189E+02  8.096E-02  8.890E-02  1.165E+04  1.673E-01   CO
10      9        304.2   1151.9855    260.2398  239.994  9.594E+01  2.134E+02  7.107E-02  8.096E-02  1.136E+04  2.236E-01   CO
11      10       365.0   1267.0145    236.6133  236.262  9.208E+01  2.072E+02  6.018E-02  7.107E-02  1.103E+04  2.888E-01   CO
12      11       431.3   1381.9951    216.9273  230.913  8.500E+01  1.993E+02  4.908E-02  6.018E-02  1.061E+04  3.606E-01   CO
13      12       503.1   1496.9229    200.2725  223.246  7.575E+01  1.892E+02  3.842E-02  4.908E-02  1.007E+04  4.351E-01   CO
14      13       580.5   1611.7935    185.9993  211.233  6.554E+01  1.749E+02  2.861E-02  3.842E-02  9.310E+03  5.020E-01   CO
15      14       663.4   1726.6025    173.6314  194.915  5.465E+01  1.564E+02  1.999E-02  2.861E-02  8.325E+03  5.518E-01   CO
16      15       751.7   1841.3455    162.8116  173.486  4.364E+01  1.330E+02  1.279E-02  1.999E-02  7.081E+03  5.693E-01   CO
1       0         23.6    492.1607    609.1354  267.262  1.203E-01  2.898E+01  3.619E-01  1.318E-01  1.543E+03  2.368E-03   [CI]
2       1         62.5    809.3420    370.4151  221.808  2.637E-01  4.704E+01  5.063E-01  3.619E-01  2.504E+03  1.709E-02   [CI]
2       0         62.5   1301.5026    230.3433  237.053  6.822E-09  1.413E-06  5.063E-01  1.318E-01  7.523E-05  2.136E-09   [CI]
1       0          4.2     88.6316   3382.4556   15.587  4.833E+00  1.233E+01  3.600E-01  1.577E-01  6.561E+02  5.883E-06   HCN
2       1         12.8    177.2611   1691.2478   13.153  1.467E+01  8.962E+00  3.143E-01  3.600E-01  4.770E+02  3.422E-05   HCN
3       2         25.5    265.8864   1127.5207   10.935  1.667E+01  5.649E+00  1.370E-01  3.143E-01  3.007E+02  7.278E-05   HCN
4       3         42.5    354.5055    845.6638    9.030  8.519E+00  3.015E+00  2.676E-02  1.370E-01  1.605E+02  9.207E-05   HCN
5       4         63.8    443.1161    676.5550    8.895  1.733E+00  1.757E+00  2.994E-03  2.676E-02  9.353E+01  1.048E-04   HCN
6       5         89.3    531.7163    563.8203   16.044  1.669E-01  1.004E+00  7.212E-04  2.994E-03  5.342E+01  1.034E-04   HCN
