      LINE         E_UP       FREQ        WAVEL     T_EX      TAU        T_R       POP        POP       FLUX        FLUX   SPECIES
                   (K)        (GHz)       (um)      (K)                  (K)        UP        LOW      (K*km/s) (erg/cm2/s)   SPECIES
1       0          5.5    115.2712   2600.7576  104.720  1.913E+01  1.011E+02  7.524E-02  2.644E-02  5.383E+03  1.062E-04   CO
2       1         16.6    230.5380   1300.4037  104.715  7.069E+01  9.909E+01  1.128E-01  7.524E-02  5.274E+03  8.322E-04   CO
3       2         33.2    345.7960    866.9634  104.697  1.394E+02  9.658E+01  1.348E-01  1.128E-01  5.141E+03  2.737E-03   CO
4       3         55.3    461.0408    650.2515  104.653  2.058E+02  9.397E+01  1.403E-01  1.348E-01  5.002E+03  6.312E-03   CO
5       4         83.0    576.2679    520.2310  104.574  2.534E+02  9.135E+01  1.316E-01  1.403E-01  4.862E+03  1.198E-02   CO
6       5        116.2    691.4731    433.5562  104.443  2.728E+02  8.873E+01  1.132E-01  1.316E-01  4.722E+03  2.011E-02   CO
7       6        154.9    806.6518    371.6504  104.232  2.634E+02  8.607E+01  9.009E-02  1.132E-01  4.581E+03  3.097E-02   CO
8       7        199.1    921.7997    325.2252  103.863  2.314E+02  8.331E+01  6.669E-02  9.009E-02  4.434E+03  4.473E-02   CO
9       8        248.9   1036.9124    289.1203  103.233  1.869E+02  8.034E+01  4.603E-02  6.669E-02  4.276E+03  6.140E-02   CO
10      9        304.2   1151.9855    260.2398  101.971  1.397E+02  7.681E+01  2.958E-02  4.603E-02  4.088E+03  8.049E-02   CO
11      10       365.0   1267.0145    236.6133   99.533  9.720E+01  7.221E+01  1.759E-02  2.958E-02  3.843E+03  1.007E-01   CO
12      11       431.3   1381.9951    216.9273   94.358  6.324E+01  6.505E+01  9.465E-03  1.759E-02  3.462E+03  1.177E-01   CO
13      12       503.1   1496.9229    200.2725   84.165  3.837E+01  5.329E+01  4.354E-03  9.465E-03  2.837E+03  1.225E-01   CO
14      13       580.5   1611.7935    185.9993   67.797  2.075E+01  3.632E+01  1.494E-03  4.354E-03  1.933E+03  1.042E-01   CO
15      14       663.4   1726.6025    173.6314   48.985  8.464E+00  1.871E+01  2.942E-04  1.494E-03  9.958E+02  6.601E-02   CO
16      15       751.7   1841.3455    162.8116   37.564  1.833E+00  7.804E+00  2.979E-05  2.942E-04  4.154E+02  3.340E-02   CO
1       0         23.6    492.1607    609.1354  105.478  4.463E-01  3.388E+01  3.925E-01  1.637E-01  1.803E+03  2.768E-03   [CI]
2       1         62.5    809.3420    370.4151  100.179  7.202E-01  4.210E+01  4.439E-01  3.925E-01  2.241E+03  1.530E-02   [CI]
2       0         62.5   1301.5026    230.3433  102.119  2.107E-08  1.560E-06  4.439E-01  1.637E-01  8.304E-05  2.358E-09   [CI]
1       0          4.2     88.6316   3382.4556   14.360  7.012E+00  1.120E+01  3.776E-01  1.693E-01  5.960E+02  5.344E-06   HCN
2       1         12.8    177.2611   1691.2478   12.247  2.036E+01  8.089E+00  3.142E-01  3.776E-01  4.306E+02  3.088E-05   HCN
3       2         25.5    265.8864   1127.5207    9.832  2.214E+01  4.675E+00  1.201E-01  3.142E-01  2.488E+02  6.024E-05   HCN
4       3         42.5    354.5055    845.6638    7.769  9.850E+00  2.111E+00  1.729E-02  1.201E-01  1.124E+02  6.447E-05   HCN
5       4         63.8    443.1161    676.5550    7.469  1.462E+00  9.993E-01  1.226E-03  1.729E-02  5.319E+01  5.960E-05   HCN
6       5         89.3    531.7163    563.8203   14.147  9.024E-02  4.339E-01  2.385E-04  1.226E-03  2.309E+01  4.471E-05   HCN
