      LINE         E_UP       FREQ        WAVEL     T_EX      TAU        T_R       POP        POP       FLUX        FLUX   SPECIES
                   (K)        (GHz)       (um)      (K)                  (K)        UP        LOW      (K*km/s) (erg/cm2/s)   SPECIES
1       0          5.5    115.2712   2600.7576   55.000  3.335E+03  5.144E+01  1.342E-01  4.945E-02  2.738E+03  5.401E-05   CO
2       1         16.6    230.5380   1300.4037   55.000  1.148E+04  4.946E+01  1.828E-01  1.342E-01  2.632E+03  4.154E-04   CO
3       2         33.2    345.7960    866.9634   55.000  2.012E+04  4.708E+01  1.893E-01  1.828E-01  2.506E+03  1.334E-03   CO
4       3         55.3    461.0408    650.2515   55.000  2.518E+04  4.467E+01  1.628E-01  1.893E-01  2.378E+03  3.001E-03   CO
5       4         83.0    576.2679    520.2310   55.000  2.506E+04  4.232E+01  1.203E-01  1.628E-01  2.253E+03  5.552E-03   CO
6       5        116.2    691.4731    433.5562   55.000  2.081E+04  4.007E+01  7.778E-02  1.203E-01  2.132E+03  9.080E-03   CO
7       6        154.9    806.6518    371.6504   55.000  1.477E+04  3.790E+01  4.439E-02  7.778E-02  2.017E+03  1.363E-02   CO
8       7        199.1    921.7997    325.2252   55.000  9.106E+03  3.581E+01  2.251E-02  4.439E-02  1.906E+03  1.923E-02   CO
9       8        248.9   1036.9124    289.1203   54.999  4.920E+03  3.382E+01  1.018E-02  2.251E-02  1.800E+03  2.584E-02   CO
10      9        304.2   1151.9855    260.2398   54.999  2.345E+03  3.191E+01  4.117E-03  1.018E-02  1.698E+03  3.344E-02   CO
11      10       365.0   1267.0145    236.6133   54.996  9.923E+02  3.008E+01  1.492E-03  4.117E-03  1.601E+03  4.194E-02   CO
12      11       431.3   1381.9951    216.9273   54.987  3.733E+02  2.833E+01  4.856E-04  1.492E-03  1.508E+03  5.126E-02   CO
13      12       503.1   1496.9229    200.2725   54.956  1.254E+02  2.665E+01  1.419E-04  4.856E-04  1.418E+03  6.127E-02   CO
14      13       580.5   1611.7935    185.9993   54.823  3.766E+01  2.495E+01  3.717E-05  1.419E-04  1.328E+03  7.162E-02   CO
15      14       663.4   1726.6025    173.6314   53.832  1.016E+01  2.263E+01  8.524E-06  3.717E-05  1.205E+03  7.985E-02   CO
16      15       751.7   1841.3455    162.8116   49.934  2.440E+00  1.657E+01  1.546E-06  8.524E-06  8.818E+02  7.090E-02   CO
1       0         23.6    492.1607    609.1354   55.000  5.217E+01  4.403E+01  4.283E-01  2.194E-01  2.343E+03  3.598E-03   [CI]
2       1         62.5    809.3420    370.4151   54.999  6.208E+01  3.785E+01  3.523E-01  4.283E-01  2.014E+03  1.375E-02   [CI]
2       0         62.5   1301.5026    230.3433   54.999  2.100E-06  6.206E-05  3.523E-01  2.194E-01  3.303E-03  9.378E-08   [CI]
1       0          4.2     88.6316   3382.4556   54.107  2.463E+01  5.088E+01  1.116E-01  4.023E-02  2.708E+03  2.428E-05   HCN
2       1         12.8    177.2611   1691.2478   54.060  8.768E+01  4.953E+01  1.588E-01  1.116E-01  2.636E+03  1.891E-04   HCN
3       2         25.5    265.8864   1127.5207   53.943  1.626E+02  4.769E+01  1.755E-01  1.588E-01  2.539E+03  6.145E-04   HCN
4       3         42.5    354.5055    845.6638   53.704  2.206E+02  4.561E+01  1.644E-01  1.755E-01  2.428E+03  1.393E-03   HCN
5       4         63.8    443.1161    676.5550   53.288  2.434E+02  4.335E+01  1.348E-01  1.644E-01  2.307E+03  2.585E-03   HCN
6       5         89.3    531.7163    563.8203   52.451  2.294E+02  4.072E+01  9.795E-02  1.348E-01  2.167E+03  4.196E-03   HCN
