      LINE         E_UP       FREQ        WAVEL     T_EX      TAU        T_R       POP        POP       FLUX        FLUX   SPECIES
                   (K)        (GHz)       (um)      (K)                  (K)        UP        LOW      (K*km/s) (erg/cm2/s)   SPECIES
1       0          5.5    115.2712   2600.7576 -2.278E+03 -1.126E-01  2.720E+02  2.488E-02  8.273E-03  1.448E+04  2.856E-04   CO
2       1         16.6    230.5380   1300.4037  444.471  2.282E+00  3.940E+02  4.045E-02  2.488E-02  2.097E+04  3.309E-03   CO
3       2         33.2    345.7960    866.9634  402.455  5.482E+00  3.925E+02  5.434E-02  4.045E-02  2.089E+04  1.113E-02   CO
4       3         55.3    461.0408    650.2515  397.202  9.391E+00  3.862E+02  6.608E-02  5.434E-02  2.056E+04  2.594E-02   CO
5       4         83.0    576.2679    520.2310  393.462  1.388E+01  3.798E+02  7.528E-02  6.608E-02  2.021E+04  4.982E-02   CO
6       5        116.2    691.4731    433.5562  389.283  1.865E+01  3.729E+02  8.170E-02  7.528E-02  1.985E+04  8.451E-02   CO
7       6        154.9    806.6518    371.6504  382.623  2.347E+01  3.636E+02  8.519E-02  8.170E-02  1.935E+04  1.308E-01   CO
8       7        199.1    921.7997    325.2252  374.183  2.801E+01  3.525E+02  8.579E-02  8.519E-02  1.876E+04  1.893E-01   CO
9       8        248.9   1036.9124    289.1203  363.063  3.205E+01  3.387E+02  8.360E-02  8.579E-02  1.803E+04  2.589E-01   CO
10      9        304.2   1151.9855    260.2398  349.852  3.527E+01  3.229E+02  7.889E-02  8.360E-02  1.719E+04  3.384E-01   CO
11      10       365.0   1267.0145    236.6133  335.302  3.744E+01  3.058E+02  7.207E-02  7.889E-02  1.628E+04  4.264E-01   CO
12      11       431.3   1381.9951    216.9273  317.984  3.848E+01  2.860E+02  6.359E-02  7.207E-02  1.522E+04  5.174E-01   CO
13      12       503.1   1496.9229    200.2725  297.317  3.837E+01  2.628E+02  5.394E-02  6.359E-02  1.399E+04  6.043E-01   CO
14      13       580.5   1611.7935    185.9993  270.673  3.739E+01  2.338E+02  4.353E-02  5.394E-02  1.245E+04  6.711E-01   CO
15      14       663.4   1726.6025    173.6314  240.908  3.502E+01  2.018E+02  3.299E-02  4.353E-02  1.074E+04  7.122E-01   CO
16      15       751.7   1841.3455    162.8116  209.646  3.110E+01  1.686E+02  2.304E-02  3.299E-02  8.971E+03  7.213E-01   CO
1       0         23.6    492.1607    609.1354  580.015  2.654E-02  1.488E+01  3.540E-01  1.229E-01  7.922E+02  1.216E-03   [CI]
2       1         62.5    809.3420    370.4151  322.142  9.141E-02  2.648E+01  5.230E-01  3.540E-01  1.409E+03  9.623E-03   [CI]
2       0         62.5   1301.5026    230.3433  387.247  2.051E-09  7.319E-07  5.230E-01  1.229E-01  3.895E-05  1.106E-09   [CI]
1       0          4.2     88.6316   3382.4556   10.094  4.904E+00  6.934E+00  4.364E-01  2.217E-01  3.691E+02  3.309E-06   HCN
2       1         12.8    177.2611   1691.2478    8.497  1.184E+01  4.549E+00  2.672E-01  4.364E-01  2.421E+02  1.737E-05   HCN
3       2         25.5    265.8864   1127.5207    7.248  8.540E+00  2.530E+00  6.433E-02  2.672E-01  1.346E+02  3.259E-05   HCN
4       3         42.5    354.5055    845.6638    7.060  2.152E+00  1.455E+00  7.429E-03  6.433E-02  7.742E+01  4.442E-05   HCN
5       4         63.8    443.1161    676.5550   12.166  2.192E-01  8.810E-01  1.581E-03  7.429E-03  4.689E+01  5.254E-05   HCN
6       5         89.3    531.7163    563.8203   24.507  3.589E-02  4.908E-01  6.596E-04  1.581E-03  2.612E+01  5.057E-05   HCN
