      LINE         E_UP       FREQ        WAVEL     T_EX      TAU        T_R       POP        POP       FLUX        FLUX   SPECIES
                   (K)        (GHz)       (um)      (K)                  (K)        UP        LOW      (K*km/s) (erg/cm2/s)   SPECIES
1       0          5.5    115.2712   2600.7576  246.362  3.325E-01  6.868E+01  1.565E-01  5.336E-02  3.655E+03  7.210E-05   CO
2       1         16.6    230.5380   1300.4037   61.408  4.825E+00  5.540E+01  2.179E-01  1.565E-01  2.949E+03  4.653E-04   CO
3       2         33.2    345.7960    866.9634   54.667  9.593E+00  4.675E+01  2.252E-01  2.179E-01  2.488E+03  1.325E-03   CO
4       3         55.3    461.0408    650.2515   47.431  1.342E+01  3.722E+01  1.816E-01  2.252E-01  1.981E+03  2.500E-03   CO
5       4         83.0    576.2679    520.2310   38.946  1.432E+01  2.674E+01  1.091E-01  1.816E-01  1.423E+03  3.508E-03   CO
6       5        116.2    691.4731    433.5562   30.653  1.096E+01  1.700E+01  4.367E-02  1.091E-01  9.047E+02  3.852E-03   CO
7       6        154.9    806.6518    371.6504   24.109  5.223E+00  9.670E+00  1.011E-02  4.367E-02  5.147E+02  3.479E-03   CO
8       7        199.1    921.7997    325.2252   23.492  1.267E+00  5.701E+00  1.744E-03  1.011E-02  3.034E+02  3.061E-03   CO
9       8        248.9   1036.9124    289.1203   36.561  1.895E-01  2.962E+00  4.996E-04  1.744E-03  1.576E+02  2.263E-03   CO
10      9        304.2   1151.9855    260.2398   54.100  4.626E-02  1.405E+00  1.987E-04  4.996E-04  7.480E+01  1.473E-03   CO
11      10       365.0   1267.0145    236.6133   64.373  1.742E-02  6.680E-01  8.463E-05  1.987E-04  3.556E+01  9.314E-04   CO
12      11       431.3   1381.9951    216.9273   72.647  7.200E-03  3.190E-01  3.692E-05  8.463E-05  1.698E+01  5.771E-04   CO
13      12       503.1   1496.9229    200.2725   80.732  3.065E-03  1.532E-01  1.638E-05  3.692E-05  8.156E+00  3.523E-04   CO
14      13       580.5   1611.7935    185.9993   82.236  1.395E-03  6.906E-02  6.866E-06  1.638E-05  3.676E+00  1.982E-04   CO
15      14       663.4   1726.6025    173.6314   84.757  5.934E-04  2.965E-02  2.761E-06  6.866E-06  1.578E+00  1.046E-04   CO
16      15       751.7   1841.3455    162.8116   94.715  2.301E-04  1.318E-02  1.156E-06  2.761E-06  7.016E-01  5.641E-05   CO
1       0         23.6    492.1607    609.1354  126.398  8.515E-03  9.746E-01  4.584E-01  1.842E-01  5.187E+01  7.964E-05   [CI]
2       1         62.5    809.3420    370.4151   51.113  2.780E-02  9.357E-01  3.573E-01  4.584E-01  4.980E+01  3.400E-04   [CI]
2       0         62.5   1301.5026    230.3433   65.972  6.329E-10  2.506E-08  3.573E-01  1.842E-01  1.334E-06  3.787E-11   [CI]
1       0          4.2     88.6316   3382.4556    2.798  1.473E+00  4.605E-02  3.836E-01  5.849E-01  2.451E+00  2.198E-08   HCN
2       1         12.8    177.2611   1691.2478    2.797  7.851E-01  1.853E-02  3.052E-02  3.836E-01  9.862E-01  7.074E-08   HCN
3       2         25.5    265.8864   1127.5207    3.176  5.799E-02  6.444E-03  7.684E-04  3.052E-02  3.430E-01  8.302E-08   HCN
4       3         42.5    354.5055    845.6638    7.910  1.251E-03  2.760E-03  1.150E-04  7.684E-04  1.469E-01  8.428E-08   HCN
5       4         63.8    443.1161    676.5550   16.794  1.479E-04  1.233E-03  3.961E-05  1.150E-04  6.563E-02  7.354E-08   HCN
6       5         89.3    531.7163    563.8203   25.221  4.434E-05  6.462E-04  1.702E-05  3.961E-05  3.439E-02  6.659E-08   HCN
