      LINE         E_UP       FREQ        WAVEL     T_EX      TAU        T_R       POP        POP       FLUX        FLUX   SPECIES
                   (K)        (GHz)       (um)      (K)                  (K)        UP        LOW      (K*km/s) (erg/cm2/s)   SPECIES
1       0          5.5    115.2712   2600.7576    5.000  2.721E+04  1.897E+00  4.546E-01  4.582E-01  1.010E+02  1.992E-06   CO
2       1         16.6    230.5380   1300.4037    5.000  2.394E+04  1.165E+00  8.289E-02  4.546E-01  6.199E+01  9.782E-06   CO
3       2         33.2    345.7960    866.9634    5.000  4.248E+03  5.853E-01  4.199E-03  8.289E-02  3.115E+01  1.659E-05   CO
4       3         55.3    461.0408    650.2515    4.999  2.097E+02  2.613E-01  6.458E-05  4.199E-03  1.391E+01  1.756E-05   CO
5       4         83.0    576.2679    520.2310    4.923  3.157E+00  9.545E-02  2.865E-07  6.458E-05  5.080E+00  1.252E-05   CO
6       5        116.2    691.4731    433.5562    4.806  1.376E-02  4.531E-04  3.398E-10  2.865E-07  2.412E-02  1.027E-07   CO
7       6        154.9    806.6518    371.6504    4.850  1.608E-05  2.123E-07  1.340E-13  3.398E-10  1.130E-05  7.638E-11   CO
8       7        199.1    921.7997    325.2252    5.376  6.259E-09  7.389E-11  3.727E-17  1.340E-13  3.933E-09  3.967E-14   CO
9       8        248.9   1036.9124    289.1203   65.532  1.082E-12  4.736E-11  1.846E-17  3.727E-17  2.521E-09  3.619E-14   CO
10      9        304.2   1151.9855    260.2398  231.913  2.750E-13  5.648E-11  1.608E-17  1.846E-17  3.006E-09  5.918E-14   CO
11      10       365.0   1267.0145    236.6133  257.045  2.358E-13  5.373E-11  1.390E-17  1.608E-17  2.860E-09  7.491E-14   CO
12      11       431.3   1381.9951    216.9273  286.064  1.984E-13  5.043E-11  1.198E-17  1.390E-17  2.684E-09  9.124E-14   CO
13      12       503.1   1496.9229    200.2725  314.924  1.672E-13  4.688E-11  1.030E-17  1.198E-17  2.495E-09  1.078E-13   CO
14      13       580.5   1611.7935    185.9993  385.718  1.270E-13  4.424E-11  9.052E-18  1.030E-17  2.355E-09  1.270E-13   CO
15      14       663.4   1726.6025    173.6314  417.332  1.097E-13  4.138E-11  7.934E-18  9.052E-18  2.203E-09  1.460E-13   CO
16      15       751.7   1841.3455    162.8116  457.003  9.304E-14  3.854E-11  6.960E-18  7.934E-18  2.051E-09  1.649E-13   CO
1       0         23.6    492.1607    609.1354    5.000  8.279E+01  2.075E-01  2.594E-02  9.740E-01  1.105E+01  1.696E-05   [CI]
2       1         62.5    809.3420    370.4151    4.998  9.343E-01  9.928E-03  1.822E-05  2.594E-02  5.284E-01  3.608E-06   [CI]
2       0         62.5   1301.5026    230.3433    4.999  1.729E-06  4.041E-10  1.822E-05  9.740E-01  2.151E-08  6.107E-13   [CI]
1       0          4.2     88.6316   3382.4556    4.973  2.191E+02  2.015E+00  4.767E-01  3.738E-01  1.072E+02  9.615E-07   HCN
2       1         12.8    177.2611   1691.2478    4.911  2.666E+02  1.435E+00  1.405E-01  4.767E-01  7.640E+01  5.480E-06   HCN
3       2         25.5    265.8864   1127.5207    4.142  8.200E+01  4.948E-01  9.031E-03  1.405E-01  2.634E+01  6.375E-06   HCN
4       3         42.5    354.5055    845.6638    3.057  5.241E+00  3.208E-02  4.447E-05  9.031E-03  1.708E+00  9.798E-07   HCN
5       4         63.8    443.1161    676.5550    3.165  2.516E-02  4.222E-04  6.557E-08  4.447E-05  2.247E-02  2.518E-08   HCN
6       5         89.3    531.7163    563.8203    3.632  3.643E-05  7.461E-07  6.879E-11  6.557E-08  3.971E-05  7.688E-11   HCN
