      LINE         E_UP       FREQ        WAVEL     T_EX      TAU        T_R       POP        POP       FLUX        FLUX   SPECIES
                   (K)        (GHz)       (um)      (K)                  (K)        UP        LOW      (K*km/s) (erg/cm2/s)   SPECIES
1       0          5.5    115.2712   2600.7576  129.999  3.109E+02  1.264E+02  6.073E-02  2.112E-02  6.728E+03  1.327E-04   CO
2       1         16.6    230.5380   1300.4037  129.999  1.166E+03  1.244E+02  9.295E-02  6.073E-02  6.619E+03  1.044E-03   CO
3       2         33.2    345.7960    866.9634  129.999  2.358E+03  1.218E+02  1.145E-01  9.295E-02  6.485E+03  3.453E-03   CO
4       3         55.3    461.0408    650.2515  129.999  3.608E+03  1.192E+02  1.242E-01  1.145E-01  6.347E+03  8.010E-03   CO
5       4         83.0    576.2679    520.2310  129.999  4.648E+03  1.167E+02  1.227E-01  1.242E-01  6.209E+03  1.530E-02   CO
6       5        116.2    691.4731    433.5562  129.998  5.289E+03  1.141E+02  1.124E-01  1.227E-01  6.074E+03  2.586E-02   CO
7       6        154.9    806.6518    371.6504  129.998  5.451E+03  1.116E+02  9.626E-02  1.124E-01  5.940E+03  4.015E-02   CO
8       7        199.1    921.7997    325.2252  129.997  5.165E+03  1.091E+02  7.762E-02  9.626E-02  5.808E+03  5.859E-02   CO
9       8        248.9   1036.9124    289.1203  129.996  4.543E+03  1.067E+02  5.916E-02  7.762E-02  5.679E+03  8.154E-02   CO
10      9        304.2   1151.9855    260.2398  129.994  3.733E+03  1.043E+02  4.274E-02  5.916E-02  5.552E+03  1.093E-01   CO
11      10       365.0   1267.0145    236.6133  129.991  2.883E+03  1.019E+02  2.932E-02  4.274E-02  5.426E+03  1.421E-01   CO
12      11       431.3   1381.9951    216.9273  129.986  2.096E+03  9.963E+01  1.913E-02  2.932E-02  5.303E+03  1.803E-01   CO
13      12       503.1   1496.9229    200.2725  129.976  1.441E+03  9.735E+01  1.189E-02  1.913E-02  5.181E+03  2.238E-01   CO
14      13       580.5   1611.7935    185.9993  129.956  9.383E+02  9.509E+01  7.042E-03  1.189E-02  5.061E+03  2.729E-01   CO
15      14       663.4   1726.6025    173.6314  129.917  5.792E+02  9.286E+01  3.978E-03  7.042E-03  4.942E+03  3.276E-01   CO
16      15       751.7   1841.3455    162.8116  129.836  3.396E+02  9.062E+01  2.144E-03  3.978E-03  4.824E+03  3.878E-01   CO
1       0         23.6    492.1607    609.1354  129.989  8.603E+00  1.185E+02  3.794E-01  1.517E-01  6.308E+03  9.684E-03   [CI]
2       1         62.5    809.3420    370.4151  129.962  1.406E+01  1.115E+02  4.690E-01  3.794E-01  5.935E+03  4.052E-02   [CI]
2       0         62.5   1301.5026    230.3433  129.972  4.090E-07  4.140E-05  4.690E-01  1.517E-01  2.204E-03  6.256E-08   [CI]
1       0          4.2     88.6316   3382.4556   -0.752 -1.361E+02  7.129E+59  8.183E-02  2.058E-02  3.795E+61  3.402E+53   HCN
2       1         12.8    177.2611   1691.2478    0.057  3.178E+02 -3.924E-01  9.100E-02  8.183E-02 -2.089E+01 -1.498E-06   HCN
3       2         25.5    265.8864   1127.5207   -2.014 -3.828E+02 -1.290E+01  1.362E-01  9.100E-02 -6.867E+02 -1.662E-04   HCN
4       3         42.5    354.5055    845.6638    0.453  5.387E+02 -3.316E-02  9.512E-02  1.362E-01 -1.765E+00 -1.013E-06   HCN
5       4         63.8    443.1161    676.5550    0.998 -3.423E+02 -8.693E-03  1.232E-01  9.512E-02 -4.627E-01 -5.185E-07   HCN
6       5         89.3    531.7163    563.8203  -24.561  4.124E+02 -3.949E+01  5.130E-02  1.232E-01 -2.102E+03 -4.069E-03   HCN
