      LINE         E_UP       FREQ        WAVEL     T_EX      TAU        T_R       POP        POP       FLUX        FLUX   SPECIES
                   (K)        (GHz)       (um)      (K)                  (K)        UP        LOW      (K*km/s) (erg/cm2/s)   SPECIES
1       0          5.5    115.2712   2600.7576    4.995  2.168E+02  1.893E+00  4.551E-01  4.592E-01  1.007E+02  1.987E-06   CO
2       1         16.6    230.5380   1300.4037    4.982  1.905E+02  1.152E+00  8.230E-02  4.551E-01  6.133E+01  9.677E-06   CO
3       2         33.2    345.7960    866.9634    4.697  3.375E+01  4.615E-01  3.365E-03  8.230E-02  2.456E+01  1.308E-05   CO
4       3         55.3    461.0408    650.2515    3.448  1.349E+00  2.193E-02  7.069E-06  3.365E-03  1.167E+00  1.473E-06   CO
5       4         83.0    576.2679    520.2310    3.845  2.752E-03  5.423E-05  6.497E-09  7.069E-06  2.886E-03  7.113E-09   CO
6       5        116.2    691.4731    433.5562    4.083  2.479E-06  2.385E-08  2.265E-12  6.497E-09  1.269E-06  5.405E-12   CO
7       6        154.9    806.6518    371.6504    4.406  8.512E-10  5.011E-12  3.991E-16  2.265E-12  2.667E-10  1.803E-15   CO
8       7        199.1    921.7997    325.2252    4.752  1.481E-13  5.922E-16  1.422E-20  3.991E-16  3.152E-14  3.180E-19   CO
9       8        248.9   1036.9124    289.1203   75.226  3.865E-19  0.000E+00  1.108E-20  1.422E-20  0.000E+00  0.000E+00   CO
10      9        304.2   1151.9855    260.2398  133.071  3.461E-19  0.000E+00  1.050E-20  1.108E-20  0.000E+00  0.000E+00   CO
11      10       365.0   1267.0145    236.6133  161.446  3.133E-19  0.000E+00  1.012E-20  1.050E-20  0.000E+00  0.000E+00   CO
12      11       431.3   1381.9951    216.9273  194.316  2.856E-19  0.000E+00  1.000E-20  1.012E-20  0.000E+00  0.000E+00   CO
13      12       503.1   1496.9229    200.2725  229.029  2.622E-19  0.000E+00  1.000E-20  1.000E-20  0.000E+00  0.000E+00   CO
14      13       580.5   1611.7935    185.9993  266.802  2.421E-19  0.000E+00  1.000E-20  1.000E-20  0.000E+00  0.000E+00   CO
15      14       663.4   1726.6025    173.6314  308.206  2.245E-19  0.000E+00  1.000E-20  1.000E-20  0.000E+00  0.000E+00   CO
16      15       751.7   1841.3455    162.8116  352.266  2.091E-19  0.000E+00  1.000E-20  1.000E-20  0.000E+00  0.000E+00   CO
1       0         23.6    492.1607    609.1354    4.732  6.630E-01  7.638E-02  1.998E-02  9.800E-01  4.065E+00  6.241E-06   [CI]
2       1         62.5    809.3420    370.4151    4.777  5.717E-03  6.504E-05  9.801E-06  1.998E-02  3.462E-03  2.364E-08   [CI]
2       0         62.5   1301.5026    230.3433    4.760  1.382E-08  1.727E-12  9.801E-06  9.800E-01  9.190E-11  2.609E-15   [CI]
1       0          4.2     88.6316   3382.4556    2.740  3.794E+00  1.158E-02  3.775E-01  5.943E-01  6.165E-01  5.527E-09   HCN
2       1         12.8    177.2611   1691.2478    2.729  1.947E+00  1.564E-03  2.786E-02  3.775E-01  8.322E-02  5.970E-09   HCN
3       2         25.5    265.8864   1127.5207    2.728  1.341E-01  6.612E-05  3.628E-04  2.786E-02  3.519E-03  8.519E-10   HCN
4       3         42.5    354.5055    845.6638    2.731  1.676E-03  7.594E-07  9.198E-07  3.628E-04  4.042E-05  2.319E-11   HCN
5       4         63.8    443.1161    676.5550    2.762  4.136E-06  3.859E-09  5.086E-10  9.198E-07  2.054E-07  2.302E-13   HCN
6       5         89.3    531.7163    563.8203    3.075  2.246E-09  9.333E-12  1.494E-13  5.086E-10  4.967E-10  9.617E-16   HCN
