      LINE         E_UP       FREQ        WAVEL     T_EX      TAU        T_R       POP        POP       FLUX        FLUX   SPECIES
                   (K)        (GHz)       (um)      (K)                  (K)        UP        LOW      (K*km/s) (erg/cm2/s)   SPECIES
1       0          5.5    115.2712   2600.7576   26.934  1.506E+00  1.823E+01  3.538E-01  1.448E-01  9.702E+02  1.914E-05   CO
2       1         16.6    230.5380   1300.4037   17.758  6.120E+00  1.257E+01  3.162E-01  3.538E-01  6.693E+02  1.056E-04   CO
3       2         33.2    345.7960    866.9634   14.806  7.152E+00  7.982E+00  1.443E-01  3.162E-01  4.249E+02  2.262E-04   CO
4       3         55.3    461.0408    650.2515   12.623  3.806E+00  4.528E+00  3.215E-02  1.443E-01  2.410E+02  3.041E-04   CO
5       4         83.0    576.2679    520.2310   14.158  8.539E-01  2.623E+00  5.571E-03  3.215E-02  1.396E+02  3.441E-04   CO
6       5        116.2    691.4731    433.5562   25.025  1.241E-01  1.400E+00  1.748E-03  5.571E-03  7.449E+01  3.172E-04   CO
7       6        154.9    806.6518    371.6504   38.214  3.324E-02  7.216E-01  7.324E-04  1.748E-03  3.841E+01  2.596E-04   CO
8       7        199.1    921.7997    325.2252   48.700  1.289E-02  3.827E-01  3.347E-04  7.324E-04  2.037E+01  2.054E-04   CO
9       8        248.9   1036.9124    289.1203   57.945  5.625E-03  2.052E-01  1.585E-04  3.347E-04  1.092E+01  1.568E-04   CO
10      9        304.2   1151.9855    260.2398   67.868  2.549E-03  1.118E-01  7.756E-05  1.585E-04  5.953E+00  1.172E-04   CO
11      10       365.0   1267.0145    236.6133   78.847  1.193E-03  6.237E-02  3.928E-05  7.756E-05  3.320E+00  8.695E-05   CO
12      11       431.3   1381.9951    216.9273   88.490  5.875E-04  3.490E-02  2.018E-05  3.928E-05  1.858E+00  6.315E-05   CO
13      12       503.1   1496.9229    200.2725   98.245  2.942E-04  1.961E-02  1.049E-05  2.018E-05  1.044E+00  4.509E-05   CO
14      13       580.5   1611.7935    185.9993  100.617  1.569E-04  1.049E-02  5.223E-06  1.049E-05  5.582E-01  3.010E-05   CO
15      14       663.4   1726.6025    173.6314  106.004  7.830E-05  5.475E-03  2.555E-06  5.223E-06  2.914E-01  1.932E-05   CO
16      15       751.7   1841.3455    162.8116  118.818  3.674E-05  2.941E-03  1.293E-06  2.555E-06  1.565E-01  1.259E-05   CO
1       0         23.6    492.1607    609.1354   27.543  1.107E-02  1.915E-01  4.522E-01  3.554E-01  1.020E+01  1.565E-05   [CI]
2       1         62.5    809.3420    370.4151   28.445  7.656E-03  1.015E-01  1.924E-01  4.522E-01  5.404E+00  3.690E-05   [CI]
2       0         62.5   1301.5026    230.3433   28.097  3.549E-10  2.692E-09  1.924E-01  3.554E-01  1.433E-07  4.068E-12   [CI]
1       0          4.2     88.6316   3382.4556    2.738  3.014E-01  2.772E-03  3.771E-01  5.942E-01  1.475E-01  1.323E-09   HCN
2       1         12.8    177.2611   1691.2478    2.741  1.544E-01  1.071E-03  2.822E-02  3.771E-01  5.701E-02  4.089E-09   HCN
3       2         25.5    265.8864   1127.5207    2.883  1.076E-02  3.756E-04  4.722E-04  2.822E-02  1.999E-02  4.839E-09   HCN
4       3         42.5    354.5055    845.6638    6.048  1.632E-04  1.719E-04  3.645E-05  4.722E-04  9.147E-03  5.248E-09   HCN
5       4         63.8    443.1161    676.5550   17.816  9.076E-06  8.388E-05  1.350E-05  3.645E-05  4.464E-03  5.002E-09   HCN
6       5         89.3    531.7163    563.8203   27.359  2.873E-06  4.756E-05  6.279E-06  1.350E-05  2.532E-03  4.901E-09   HCN
