      LINE         E_UP       FREQ        WAVEL     T_EX      TAU        T_R       POP        POP       FLUX        FLUX   SPECIES
                   (K)        (GHz)       (um)      (K)                  (K)        UP        LOW      (K*km/s) (erg/cm2/s)   SPECIES
1       0          5.5    115.2712   2600.7576  429.796  9.209E+00  4.262E+02  1.909E-02  6.446E-03  2.268E+04  4.474E-04   CO
2       1         16.6    230.5380   1300.4037  429.703  3.612E+01  4.240E+02  3.101E-02  1.909E-02  2.257E+04  3.561E-03   CO
3       2         33.2    345.7960    866.9634  429.703  7.864E+01  4.214E+02  4.177E-02  3.101E-02  2.243E+04  1.194E-02   CO
4       3         55.3    461.0408    650.2515  429.700  1.334E+02  4.187E+02  5.100E-02  4.177E-02  2.229E+04  2.813E-02   CO
5       4         83.0    576.2679    520.2310  429.680  1.963E+02  4.160E+02  5.845E-02  5.100E-02  2.214E+04  5.457E-02   CO
6       5        116.2    691.4731    433.5562  429.672  2.628E+02  4.133E+02  6.394E-02  5.845E-02  2.200E+04  9.366E-02   CO
7       6        154.9    806.6518    371.6504  429.639  3.282E+02  4.106E+02  6.742E-02  6.394E-02  2.185E+04  1.477E-01   CO
8       7        199.1    921.7997    325.2252  429.608  3.881E+02  4.079E+02  6.894E-02  6.742E-02  2.171E+04  2.190E-01   CO
9       8        248.9   1036.9124    289.1203  429.552  4.388E+02  4.051E+02  6.862E-02  6.894E-02  2.156E+04  3.096E-01   CO
10      9        304.2   1151.9855    260.2398  429.476  4.774E+02  4.024E+02  6.668E-02  6.862E-02  2.142E+04  4.217E-01   CO
11      10       365.0   1267.0145    236.6133  429.413  5.027E+02  3.997E+02  6.339E-02  6.668E-02  2.128E+04  5.573E-01   CO
12      11       431.3   1381.9951    216.9273  429.324  5.134E+02  3.970E+02  5.904E-02  6.339E-02  2.113E+04  7.183E-01   CO
13      12       503.1   1496.9229    200.2725  429.256  5.103E+02  3.943E+02  5.393E-02  5.904E-02  2.099E+04  9.067E-01   CO
14      13       580.5   1611.7935    185.9993  429.049  4.950E+02  3.915E+02  4.837E-02  5.393E-02  2.084E+04  1.124E+00   CO
15      14       663.4   1726.6025    173.6314  428.814  4.688E+02  3.887E+02  4.262E-02  4.837E-02  2.069E+04  1.371E+00   CO
16      15       751.7   1841.3455    162.8116  428.564  4.343E+02  3.859E+02  3.692E-02  4.262E-02  2.054E+04  1.651E+00   CO
1       0         23.6    492.1607    609.1354  431.363  7.050E-01  2.123E+02  3.481E-01  1.226E-01  1.130E+04  1.735E-02   [CI]
2       1         62.5    809.3420    370.4151  423.731  1.383E+00  3.031E+02  5.293E-01  3.481E-01  1.613E+04  1.101E-01   [CI]
2       0         62.5   1301.5026    230.3433  426.585  3.731E-08  1.478E-05  5.293E-01  1.226E-01  7.866E-04  2.233E-08   [CI]
1       0          4.2     88.6316   3382.4556   -1.110 -4.206E+01  1.016E+19  8.575E-02  2.063E-02  5.410E+20  4.850E+12   HCN
2       1         12.8    177.2611   1691.2478    0.227  1.066E+02 -3.924E-01  9.537E-02  8.575E-02 -2.089E+01 -1.498E-06   HCN
3       2         25.5    265.8864   1127.5207   -1.884 -1.485E+02  4.030E+65  1.679E-01  9.537E-02  2.145E+67  5.192E+60   HCN
4       3         42.5    354.5055    845.6638    0.543  2.075E+02 -3.316E-02  1.286E-01  1.679E-01 -1.765E+00 -1.013E-06   HCN
5       4         63.8    443.1161    676.5550   -1.510 -1.759E+02  5.037E+77  1.779E-01  1.286E-01  2.681E+79  3.004E+73   HCN
6       5         89.3    531.7163    563.8203    3.211  2.072E+02  6.837E-03  1.058E-01  1.779E-01  3.639E-01  7.045E-07   HCN
