      LINE         E_UP       FREQ        WAVEL     T_EX      TAU        T_R       POP        POP       FLUX        FLUX   SPECIES
                   (K)        (GHz)       (um)      (K)                  (K)        UP        LOW      (K*km/s) (erg/cm2/s)   SPECIES
1       0          5.5    115.2712   2600.7576  204.137  5.259E+00  1.995E+02  4.084E-02  1.399E-02  1.062E+04  2.095E-04   CO
2       1         16.6    230.5380   1300.4037  202.792  2.032E+01  1.971E+02  6.445E-02  4.084E-02  1.049E+04  1.655E-03   CO
3       2         33.2    345.7960    866.9634  202.840  4.267E+01  1.946E+02  8.314E-02  6.445E-02  1.036E+04  5.516E-03   CO
4       3         55.3    461.0408    650.2515  202.702  6.889E+01  1.918E+02  9.584E-02  8.314E-02  1.021E+04  1.289E-02   CO
5       4         83.0    576.2679    520.2310  202.468  9.513E+01  1.890E+02  1.022E-01  9.584E-02  1.006E+04  2.479E-02   CO
6       5        116.2    691.4731    433.5562  202.135  1.178E+02  1.860E+02  1.025E-01  1.022E-01  9.900E+03  4.215E-02   CO
7       6        154.9    806.6518    371.6504  201.623  1.343E+02  1.829E+02  9.759E-02  1.025E-01  9.734E+03  6.580E-02   CO
8       7        199.1    921.7997    325.2252  200.906  1.428E+02  1.796E+02  8.874E-02  9.759E-02  9.559E+03  9.642E-02   CO
9       8        248.9   1036.9124    289.1203  199.875  1.433E+02  1.760E+02  7.732E-02  8.874E-02  9.369E+03  1.345E-01   CO
10      9        304.2   1151.9855    260.2398  198.293  1.364E+02  1.719E+02  6.467E-02  7.732E-02  9.151E+03  1.802E-01   CO
11      10       365.0   1267.0145    236.6133  196.158  1.239E+02  1.673E+02  5.195E-02  6.467E-02  8.906E+03  2.333E-01   CO
12      11       431.3   1381.9951    216.9273  192.848  1.077E+02  1.616E+02  4.003E-02  5.195E-02  8.600E+03  2.923E-01   CO
13      12       503.1   1496.9229    200.2725  187.682  8.990E+01  1.540E+02  2.948E-02  4.003E-02  8.199E+03  3.542E-01   CO
14      13       580.5   1611.7935    185.9993  178.971  7.247E+01  1.431E+02  2.055E-02  2.948E-02  7.615E+03  4.106E-01   CO
15      14       663.4   1726.6025    173.6314  165.828  5.613E+01  1.278E+02  1.333E-02  2.055E-02  6.804E+03  4.510E-01   CO
16      15       751.7   1841.3455    162.8116  146.834  4.150E+01  1.071E+02  7.774E-03  1.333E-02  5.698E+03  4.581E-01   CO
1       0         23.6    492.1607    609.1354  210.406  1.974E-01  3.561E+01  3.667E-01  1.367E-01  1.895E+03  2.910E-03   [CI]
2       1         62.5    809.3420    370.4151  187.127  3.925E-01  5.466E+01  4.966E-01  3.667E-01  2.909E+03  1.986E-02   [CI]
2       0         62.5   1301.5026    230.3433  195.298  1.053E-08  1.745E-06  4.966E-01  1.367E-01  9.289E-05  2.637E-09   [CI]
1       0          4.2     88.6316   3382.4556   17.841  4.855E+00  1.455E+01  3.348E-01  1.416E-01  7.746E+02  6.945E-06   HCN
2       1         12.8    177.2611   1691.2478   15.121  1.551E+01  1.087E+01  3.179E-01  3.348E-01  5.786E+02  4.151E-05   HCN
3       2         25.5    265.8864   1127.5207   12.570  1.965E+01  7.132E+00  1.613E-01  3.179E-01  3.796E+02  9.189E-05   HCN
4       3         42.5    354.5055    845.6638   10.154  1.210E+01  3.886E+00  3.882E-02  1.613E-01  2.068E+02  1.187E-04   HCN
5       4         63.8    443.1161    676.5550    8.953  3.160E+00  2.079E+00  4.411E-03  3.882E-02  1.107E+02  1.240E-04   HCN
6       5         89.3    531.7163    563.8203   13.180  3.327E-01  1.217E+00  7.520E-04  4.411E-03  6.476E+01  1.254E-04   HCN
