      LINE         E_UP       FREQ        WAVEL     T_EX      TAU        T_R       POP        POP       FLUX        FLUX   SPECIES
                   (K)        (GHz)       (um)      (K)                  (K)        UP        LOW      (K*km/s) (erg/cm2/s)   SPECIES
1       0          5.5    115.2712   2600.7576  216.348  6.477E-01  1.014E+02  1.064E-01  3.640E-02  5.399E+03  1.065E-04   CO
2       1         16.6    230.5380   1300.4037   94.408  5.527E+00  8.844E+01  1.578E-01  1.064E-01  4.707E+03  7.427E-04   CO
3       2         33.2    345.7960    866.9634   89.036  1.133E+01  8.096E+01  1.833E-01  1.578E-01  4.309E+03  2.295E-03   CO
4       3         55.3    461.0408    650.2515   82.461  1.732E+01  7.189E+01  1.802E-01  1.833E-01  3.826E+03  4.829E-03   CO
5       4         83.0    576.2679    520.2310   73.471  2.203E+01  6.051E+01  1.512E-01  1.802E-01  3.220E+03  7.937E-03   CO
6       5        116.2    691.4731    433.5562   62.365  2.381E+01  4.724E+01  1.049E-01  1.512E-01  2.514E+03  1.071E-02   CO
7       6        154.9    806.6518    371.6504   49.895  2.129E+01  3.302E+01  5.573E-02  1.049E-01  1.757E+03  1.188E-02   CO
8       7        199.1    921.7997    325.2252   37.757  1.428E+01  1.986E+01  1.957E-02  5.573E-02  1.057E+03  1.066E-02   CO
9       8        248.9   1036.9124    289.1203   28.239  5.952E+00  1.029E+01  3.755E-03  1.957E-02  5.475E+02  7.861E-03   CO
10      9        304.2   1151.9855    260.2398   26.348  1.197E+00  5.395E+00  5.090E-04  3.755E-03  2.871E+02  5.653E-03   CO
11      10       365.0   1267.0145    236.6133   41.285  1.413E-01  2.384E+00  1.278E-04  5.090E-04  1.269E+02  3.324E-03   CO
12      11       431.3   1381.9951    216.9273   58.049  3.108E-02  9.506E-01  4.432E-05  1.278E-04  5.060E+01  1.720E-03   CO
13      12       503.1   1496.9229    200.2725   65.708  1.043E-02  3.757E-01  1.604E-05  4.432E-05  1.999E+01  8.637E-04   CO
14      13       580.5   1611.7935    185.9993   68.619  3.807E-03  1.408E-01  5.580E-06  1.604E-05  7.495E+00  4.042E-04   CO
15      14       663.4   1726.6025    173.6314   71.098  1.337E-03  5.014E-02  1.860E-06  5.580E-06  2.669E+00  1.769E-04   CO
16      15       751.7   1841.3455    162.8116   76.874  4.384E-04  1.796E-02  6.271E-07  1.860E-06  9.559E-01  7.685E-05   CO
1       0         23.6    492.1607    609.1354  174.035  1.410E-02  2.276E+00  4.273E-01  1.631E-01  1.211E+02  1.859E-04   [CI]
2       1         62.5    809.3420    370.4151   70.209  5.196E-02  2.662E+00  4.096E-01  4.273E-01  1.417E+02  9.672E-04   [CI]
2       0         62.5   1301.5026    230.3433   90.662  1.145E-09  7.214E-08  4.096E-01  1.631E-01  3.840E-06  1.090E-10   [CI]
1       0          4.2     88.6316   3382.4556    2.966  3.462E+00  1.941E-01  4.013E-01  5.612E-01  1.033E+01  9.264E-08   HCN
2       1         12.8    177.2611   1691.2478    2.912  2.050E+00  7.999E-02  3.602E-02  4.013E-01  4.258E+00  3.054E-07   HCN
3       2         25.5    265.8864   1127.5207    3.386  1.710E-01  2.863E-02  1.164E-03  3.602E-02  1.524E+00  3.688E-07   HCN
4       3         42.5    354.5055    845.6638    8.190  4.711E-03  1.129E-02  1.874E-04  1.164E-03  6.011E-01  3.449E-07   HCN
5       4         63.8    443.1161    676.5550   15.653  6.264E-04  4.601E-03  5.887E-05  1.874E-04  2.449E-01  2.744E-07   HCN
6       5         89.3    531.7163    563.8203   22.940  1.745E-04  2.181E-03  2.287E-05  5.887E-05  1.161E-01  2.247E-07   HCN
