      LINE         E_UP       FREQ        WAVEL     T_EX      TAU        T_R       POP        POP       FLUX        FLUX   SPECIES
                   (K)        (GHz)       (um)      (K)                  (K)        UP        LOW      (K*km/s) (erg/cm2/s)   SPECIES
1       0          5.5    115.2712   2600.7576  379.978  3.707E+01  3.764E+02  2.146E-02  7.259E-03  2.003E+04  3.952E-04   CO
2       1         16.6    230.5380   1300.4037  379.980  1.450E+02  3.743E+02  3.475E-02  2.146E-02  1.992E+04  3.143E-03   CO
3       2         33.2    345.7960    866.9634  379.979  3.144E+02  3.717E+02  4.657E-02  3.475E-02  1.978E+04  1.054E-02   CO
4       3         55.3    461.0408    650.2515  379.979  5.301E+02  3.690E+02  5.648E-02  4.657E-02  1.964E+04  2.479E-02   CO
5       4         83.0    576.2679    520.2310  379.977  7.743E+02  3.663E+02  6.419E-02  5.648E-02  1.950E+04  4.805E-02   CO
6       5        116.2    691.4731    433.5562  379.976  1.027E+03  3.636E+02  6.951E-02  6.419E-02  1.935E+04  8.241E-02   CO
7       6        154.9    806.6518    371.6504  379.974  1.268E+03  3.609E+02  7.244E-02  6.951E-02  1.921E+04  1.299E-01   CO
8       7        199.1    921.7997    325.2252  379.971  1.481E+03  3.583E+02  7.308E-02  7.244E-02  1.907E+04  1.924E-01   CO
9       8        248.9   1036.9124    289.1203  379.967  1.651E+03  3.556E+02  7.165E-02  7.308E-02  1.893E+04  2.718E-01   CO
10      9        304.2   1151.9855    260.2398  379.960  1.767E+03  3.530E+02  6.847E-02  7.165E-02  1.879E+04  3.699E-01   CO
11      10       365.0   1267.0145    236.6133  379.955  1.828E+03  3.504E+02  6.390E-02  6.847E-02  1.865E+04  4.885E-01   CO
12      11       431.3   1381.9951    216.9273  379.947  1.831E+03  3.477E+02  5.833E-02  6.390E-02  1.851E+04  6.292E-01   CO
13      12       503.1   1496.9229    200.2725  379.940  1.782E+03  3.452E+02  5.214E-02  5.833E-02  1.837E+04  7.936E-01   CO
14      13       580.5   1611.7935    185.9993  379.922  1.690E+03  3.426E+02  4.569E-02  5.214E-02  1.823E+04  9.832E-01   CO
15      14       663.4   1726.6025    173.6314  379.900  1.562E+03  3.400E+02  3.927E-02  4.569E-02  1.810E+04  1.199E+00   CO
16      15       751.7   1841.3455    162.8116  379.875  1.409E+03  3.374E+02  3.312E-02  3.927E-02  1.796E+04  1.444E+00   CO
1       0         23.6    492.1607    609.1354  379.918  2.553E+00  3.396E+02  3.498E-01  1.241E-01  1.807E+04  2.775E-02   [CI]
2       1         62.5    809.3420    370.4151  379.306  4.883E+00  3.575E+02  5.262E-01  3.498E-01  1.903E+04  1.299E-01   [CI]
2       0         62.5   1301.5026    230.3433  379.537  1.330E-07  4.645E-05  5.262E-01  1.241E-01  2.473E-03  7.020E-08   [CI]
1       0          4.2     88.6316   3382.4556    0.775  4.225E+01 -1.113E+00  2.628E-02  9.503E-03 -5.924E+01 -5.311E-07   HCN
2       1         12.8    177.2611   1691.2478   -2.226 -1.050E+02  3.690E+46  4.815E-02  2.628E-02  1.964E+48  1.409E+41   HCN
3       2         25.5    265.8864   1127.5207    0.202  1.895E+02 -1.193E-01  4.640E-02  4.815E-02 -6.349E+00 -1.537E-06   HCN
4       3         42.5    354.5055    845.6638   -1.602 -2.154E+02  5.825E+94  6.996E-02  4.640E-02  3.100E+96  1.779E+90   HCN
5       4         63.8    443.1161    676.5550    0.591  2.720E+02 -8.693E-03  4.697E-02  6.996E-02 -4.627E-01 -5.185E-07   HCN
6       5         89.3    531.7163    563.8203    2.520 -1.565E+02  1.034E+65  5.770E-02  4.697E-02  5.502E+66  1.065E+61   HCN
