      LINE         E_UP       FREQ        WAVEL     T_EX      TAU        T_R       POP        POP       FLUX        FLUX   SPECIES
                   (K)        (GHz)       (um)      (K)                  (K)        UP        LOW      (K*km/s) (erg/cm2/s)   SPECIES
1       0          5.5    115.2712   2600.7576 -182.908 -5.578E-01  1.393E+02  7.968E-02  2.577E-02  7.415E+03  1.463E-04   CO
2       1         16.6    230.5380   1300.4037  147.552  2.703E+00  1.324E+02  1.232E-01  7.968E-02  7.047E+03  1.112E-03   CO
3       2         33.2    345.7960    866.9634  127.588  6.348E+00  1.192E+02  1.515E-01  1.232E-01  6.346E+03  3.379E-03   CO
4       3         55.3    461.0408    650.2515  118.709  1.034E+01  1.080E+02  1.616E-01  1.515E-01  5.747E+03  7.253E-03   CO
5       4         83.0    576.2679    520.2310  108.228  1.420E+01  9.499E+01  1.530E-01  1.616E-01  5.056E+03  1.246E-02   CO
6       5        116.2    691.4731    433.5562   95.987  1.707E+01  8.035E+01  1.280E-01  1.530E-01  4.277E+03  1.821E-02   CO
7       6        154.9    806.6518    371.6504   81.631  1.816E+01  6.380E+01  9.189E-02  1.280E-01  3.396E+03  2.295E-02   CO
8       7        199.1    921.7997    325.2252   66.611  1.655E+01  4.692E+01  5.360E-02  9.189E-02  2.497E+03  2.519E-02   CO
9       8        248.9   1036.9124    289.1203   52.211  1.209E+01  3.122E+01  2.310E-02  5.360E-02  1.662E+03  2.386E-02   CO
10      9        304.2   1151.9855    260.2398   40.788  6.229E+00  1.917E+01  6.581E-03  2.310E-02  1.020E+03  2.009E-02   CO
11      10       365.0   1267.0145    236.6133   36.847  1.916E+00  1.232E+01  1.384E-03  6.581E-03  6.558E+02  1.718E-02   CO
12      11       431.3   1381.9951    216.9273   51.323  3.584E-01  7.563E+00  4.131E-04  1.384E-03  4.026E+02  1.368E-02   CO
13      12       503.1   1496.9229    200.2725   80.931  8.603E-02  4.143E+00  1.837E-04  4.131E-04  2.205E+02  9.525E-03   CO
14      13       580.5   1611.7935    185.9993   93.126  3.638E-02  2.134E+00  8.596E-05  1.837E-04  1.136E+02  6.125E-03   CO
15      14       663.4   1726.6025    173.6314   99.699  1.689E-02  1.071E+00  4.002E-05  8.596E-05  5.699E+01  3.777E-03   CO
16      15       751.7   1841.3455    162.8116  111.358  7.564E-03  5.498E-01  1.927E-05  4.002E-05  2.926E+01  2.353E-03   CO
1       0         23.6    492.1607    609.1354  529.044  4.196E-03  2.166E+00  4.047E-01  1.411E-01  1.153E+02  1.770E-04   [CI]
2       1         62.5    809.3420    370.4151   98.242  3.782E-02  2.973E+00  4.542E-01  4.047E-01  1.582E+02  1.080E-03   [CI]
2       0         62.5   1301.5026    230.3433  141.953  7.081E-10  8.001E-08  4.542E-01  1.411E-01  4.259E-06  1.209E-10   [CI]
1       0          4.2     88.6316   3382.4556    3.074  3.317E+00  2.812E-01  4.109E-01  5.465E-01  1.497E+01  1.342E-07   HCN
2       1         12.8    177.2611   1691.2478    3.001  2.088E+00  1.214E-01  4.023E-02  4.109E-01  6.461E+00  4.635E-07   HCN
3       2         25.5    265.8864   1127.5207    3.679  1.894E-01  5.027E-02  1.756E-03  4.023E-02  2.675E+00  6.476E-07   HCN
4       3         42.5    354.5055    845.6638    9.454  6.782E-03  2.256E-02  3.733E-04  1.756E-03  1.201E+00  6.890E-07   HCN
5       4         63.8    443.1161    676.5550   17.769  1.172E-03  1.078E-02  1.379E-04  3.733E-04  5.735E-01  6.426E-07   HCN
6       5         89.3    531.7163    563.8203   26.172  3.793E-04  5.860E-03  6.146E-05  1.379E-04  3.119E-01  6.038E-07   HCN
