      LINE         E_UP       FREQ        WAVEL     T_EX      TAU        T_R       POP        POP       FLUX        FLUX   SPECIES
                   (K)        (GHz)       (um)      (K)                  (K)        UP        LOW      (K*km/s) (erg/cm2/s)   SPECIES
1       0          5.5    115.2712   2600.7576    5.000  1.364E+05  1.897E+00  4.546E-01  4.582E-01  1.010E+02  1.992E-06   CO
2       1         16.6    230.5380   1300.4037    5.000  1.200E+05  1.165E+00  8.289E-02  4.546E-01  6.199E+01  9.782E-06   CO
3       2         33.2    345.7960    866.9634    5.000  2.129E+04  5.853E-01  4.199E-03  8.289E-02  3.115E+01  1.659E-05   CO
4       3         55.3    461.0408    650.2515    5.000  1.051E+03  2.615E-01  6.461E-05  4.199E-03  1.392E+01  1.756E-05   CO
5       4         83.0    576.2679    520.2310    4.996  1.582E+01  1.084E-01  3.114E-07  6.461E-05  5.771E+00  1.422E-05   CO
6       5        116.2    691.4731    433.5562    4.947  7.493E-02  2.916E-03  4.494E-10  3.114E-07  1.552E-01  6.609E-07   CO
7       6        154.9    806.6518    371.6504    4.963  1.066E-04  1.687E-06  2.123E-13  4.494E-10  8.979E-05  6.070E-10   CO
8       7        199.1    921.7997    325.2252    4.651  4.973E-08  1.624E-10  1.737E-17  2.123E-13  8.645E-09  8.721E-14   CO
9       8        248.9   1036.9124    289.1203    0.000  4.238E-12 -2.480E-18  1.000E-20  1.737E-17 -1.320E-16 -1.895E-21   CO
10      9        304.2   1151.9855    260.2398    0.000  2.184E-16 -1.476E-23  1.000E-20  1.000E-20 -7.857E-22 -1.547E-26   CO
11      10       365.0   1267.0145    236.6133    0.000  1.977E-16 -3.051E-24  1.000E-20  1.000E-20 -1.624E-22 -4.253E-27   CO
12      11       431.3   1381.9951    216.9273    0.000  1.802E-16 -3.205E-25  1.000E-20  1.000E-20 -1.706E-23 -5.799E-28   CO
13      12       503.1   1496.9229    200.2725    0.000  1.654E-16 -3.415E-26  1.000E-20  1.000E-20 -1.818E-24 -7.852E-29   CO
14      13       580.5   1611.7935    185.9993    0.000  1.528E-16 -7.364E-27  1.000E-20  1.000E-20 -3.919E-25 -2.114E-29   CO
15      14       663.4   1726.6025    173.6314    0.000  1.417E-16 -8.021E-28  1.000E-20  1.000E-20 -4.269E-26 -2.830E-30   CO
16      15       751.7   1841.3455    162.8116    0.000  1.319E-16 -8.816E-29  1.000E-20  1.000E-20 -4.692E-27 -3.773E-31   CO
1       0         23.6    492.1607    609.1354    5.000  4.149E+02  2.075E-01  2.595E-02  9.740E-01  1.105E+01  1.696E-05   [CI]
2       1         62.5    809.3420    370.4151    5.000  4.683E+00  1.625E-02  1.828E-05  2.595E-02  8.649E-01  5.905E-06   [CI]
2       0         62.5   1301.5026    230.3433    5.000  8.666E-06  2.032E-09  1.828E-05  9.740E-01  1.081E-07  3.070E-12   [CI]
1       0          4.2     88.6316   3382.4556    4.999  1.079E+03  2.040E+00  4.722E-01  3.686E-01  1.086E+02  9.735E-07   HCN
2       1         12.8    177.2611   1691.2478    4.996  1.315E+03  1.502E+00  1.434E-01  4.722E-01  7.997E+01  5.736E-06   HCN
3       2         25.5    265.8864   1127.5207    4.971  4.058E+02  9.416E-01  1.541E-02  1.434E-01  5.011E+01  1.213E-05   HCN
4       3         42.5    354.5055    845.6638    4.407  4.403E+01  3.326E-01  4.169E-04  1.541E-02  1.770E+01  1.016E-05   HCN
5       4         63.8    443.1161    676.5550    3.233  1.182E+00  1.450E-02  7.084E-07  4.169E-04  7.718E-01  8.648E-07   HCN
6       5         89.3    531.7163    563.8203    3.904  1.972E-03  6.865E-05  1.214E-09  7.084E-07  3.654E-03  7.074E-09   HCN
