      LINE         E_UP       FREQ        WAVEL     T_EX      TAU        T_R       POP        POP       FLUX        FLUX   SPECIES
                   (K)        (GHz)       (um)      (K)                  (K)        UP        LOW      (K*km/s) (erg/cm2/s)   SPECIES
1       0          5.5    115.2712   2600.7576   53.814  1.153E+01  5.026E+01  1.433E-01  5.293E-02  2.675E+03  5.276E-05   CO
2       1         16.6    230.5380   1300.4037   53.725  3.960E+01  4.819E+01  1.943E-01  1.433E-01  2.565E+03  4.047E-04   CO
3       2         33.2    345.7960    866.9634   53.491  6.924E+01  4.558E+01  1.995E-01  1.943E-01  2.426E+03  1.292E-03   CO
4       3         55.3    461.0408    650.2515   52.919  8.657E+01  4.262E+01  1.688E-01  1.995E-01  2.268E+03  2.863E-03   CO
5       4         83.0    576.2679    520.2310   51.744  8.613E+01  3.914E+01  1.209E-01  1.688E-01  2.083E+03  5.134E-03   CO
6       5        116.2    691.4731    433.5562   49.173  7.163E+01  3.443E+01  7.277E-02  1.209E-01  1.833E+03  7.803E-03   CO
7       6        154.9    806.6518    371.6504   43.811  5.075E+01  2.727E+01  3.470E-02  7.277E-02  1.451E+03  9.811E-03   CO
8       7        199.1    921.7997    325.2252   34.793  2.931E+01  1.724E+01  1.103E-02  3.470E-02  9.176E+02  9.256E-03   CO
9       8        248.9   1036.9124    289.1203   24.430  1.113E+01  7.464E+00  1.608E-03  1.103E-02  3.973E+02  5.704E-03   CO
10      9        304.2   1151.9855    260.2398   18.214  1.759E+00  2.310E+00  8.538E-05  1.608E-03  1.230E+02  2.421E-03   CO
11      10       365.0   1267.0145    236.6133   24.406  8.922E-02  4.685E-01  7.742E-06  8.538E-05  2.493E+01  6.531E-04   CO
12      11       431.3   1381.9951    216.9273   31.857  7.650E-03  7.200E-02  1.049E-06  7.742E-06  3.832E+00  1.303E-04   CO
13      12       503.1   1496.9229    200.2725   34.605  1.027E-03  1.058E-02  1.421E-07  1.049E-06  5.629E-01  2.432E-05   CO
14      13       580.5   1611.7935    185.9993   35.175  1.403E-04  1.353E-03  1.693E-08  1.421E-07  7.204E-02  3.885E-06   CO
15      14       663.4   1726.6025    173.6314   35.322  1.685E-05  1.478E-04  1.733E-09  1.693E-08  7.869E-03  5.216E-07   CO
16      15       751.7   1841.3455    162.8116   37.142  1.716E-06  1.548E-05  1.709E-10  1.733E-09  8.237E-04  6.623E-08   CO
1       0         23.6    492.1607    609.1354   52.889  1.801E-01  6.913E+00  4.455E-01  2.321E-01  3.680E+02  5.649E-04   [CI]
2       1         62.5    809.3420    370.4151   46.563  2.281E-01  6.080E+00  3.224E-01  4.455E-01  3.236E+02  2.209E-03   [CI]
2       0         62.5   1301.5026    230.3433   48.769  7.474E-09  1.796E-07  3.224E-01  2.321E-01  9.559E-06  2.714E-10   [CI]
1       0          4.2     88.6316   3382.4556    3.634  8.611E+00  7.820E-01  4.536E-01  4.874E-01  4.162E+01  3.732E-07   HCN
2       1         12.8    177.2611   1691.2478    3.294  7.158E+00  3.026E-01  5.712E-02  4.536E-01  1.611E+01  1.155E-06   HCN
3       2         25.5    265.8864   1127.5207    3.323  8.587E-01  9.280E-02  1.719E-03  5.712E-02  4.940E+00  1.196E-06   HCN
4       3         42.5    354.5055    845.6638    5.999  2.368E-02  2.403E-02  1.296E-04  1.719E-03  1.279E+00  7.339E-07   HCN
5       4         63.8    443.1161    676.5550   11.976  1.532E-03  6.624E-03  2.683E-05  1.296E-04  3.526E-01  3.950E-07   HCN
6       5         89.3    531.7163    563.8203   15.575  3.020E-04  1.857E-03  6.162E-06  2.683E-05  9.886E-02  1.914E-07   HCN
