      LINE         E_UP       FREQ        WAVEL     T_EX      TAU        T_R       POP        POP       FLUX        FLUX   SPECIES
                   (K)        (GHz)       (um)      (K)                  (K)        UP        LOW      (K*km/s) (erg/cm2/s)   SPECIES
1       0          5.5    115.2712   2600.7576    4.993  1.724E+02  1.891E+00  4.554E-01  4.597E-01  1.006E+02  1.985E-06   CO
2       1         16.6    230.5380   1300.4037    4.969  1.516E+02  1.144E+00  8.188E-02  4.554E-01  6.087E+01  9.605E-06   CO
3       2         33.2    345.7960    866.9634    4.559  2.675E+01  4.098E-01  3.009E-03  8.188E-02  2.181E+01  1.161E-05   CO
4       3         55.3    461.0408    650.2515    3.342  9.587E-01  1.414E-02  5.156E-06  3.009E-03  7.525E-01  9.497E-07   CO
5       4         83.0    576.2679    520.2310    3.842  1.595E-03  3.128E-05  4.717E-09  5.156E-06  1.665E-03  4.103E-09   CO
6       5        116.2    691.4731    433.5562    4.071  1.430E-06  1.344E-08  1.608E-12  4.717E-09  7.156E-07  3.047E-12   CO
7       6        154.9    806.6518    371.6504    4.405  4.800E-10  2.824E-12  2.833E-16  1.608E-12  1.503E-10  1.016E-15   CO
8       7        199.1    921.7997    325.2252    5.800  8.337E-14  1.796E-15  9.660E-20  2.833E-16  9.562E-14  9.645E-19   CO
9       8        248.9   1036.9124    289.1203   82.933  3.070E-19  0.000E+00  6.336E-20  9.660E-20  0.000E+00  0.000E+00   CO
10      9        304.2   1151.9855    260.2398  133.138  2.749E-19  0.000E+00  4.750E-20  6.336E-20  0.000E+00  0.000E+00   CO
11      10       365.0   1267.0145    236.6133  161.757  2.488E-19  0.000E+00  3.705E-20  4.750E-20  0.000E+00  0.000E+00   CO
12      11       431.3   1381.9951    216.9273  193.964  2.268E-19  0.000E+00  2.984E-20  3.705E-20  0.000E+00  0.000E+00   CO
13      12       503.1   1496.9229    200.2725  228.637  2.082E-19  0.000E+00  2.467E-20  2.984E-20  0.000E+00  0.000E+00   CO
14      13       580.5   1611.7935    185.9993  266.370  1.923E-19  0.000E+00  2.091E-20  2.467E-20  0.000E+00  0.000E+00   CO
15      14       663.4   1726.6025    173.6314  307.865  1.783E-19  0.000E+00  1.815E-20  2.091E-20  0.000E+00  0.000E+00   CO
16      15       751.7   1841.3455    162.8116  351.905  1.661E-19  0.000E+00  1.610E-20  1.815E-20  0.000E+00  0.000E+00   CO
1       0         23.6    492.1607    609.1354    4.665  5.276E-01  6.000E-02  1.863E-02  9.814E-01  3.194E+00  4.903E-06   [CI]
2       1         62.5    809.3420    370.4151    4.741  4.234E-03  4.532E-05  8.591E-06  1.863E-02  2.412E-03  1.647E-08   [CI]
2       0         62.5   1301.5026    230.3433    4.712  1.099E-08  1.202E-12  8.591E-06  9.814E-01  6.399E-11  1.817E-15   [CI]
1       0          4.2     88.6316   3382.4556    2.735  3.019E+00  7.585E-03  3.769E-01  5.950E-01  4.037E-01  3.620E-09   HCN
2       1         12.8    177.2611   1691.2478    2.728  1.545E+00  1.019E-03  2.779E-02  3.769E-01  5.426E-02  3.892E-09   HCN
3       2         25.5    265.8864   1127.5207    2.727  1.062E-01  4.180E-05  3.615E-04  2.779E-02  2.225E-03  5.385E-10   HCN
4       3         42.5    354.5055    845.6638    2.730  1.326E-03  4.783E-07  9.138E-07  3.615E-04  2.546E-05  1.461E-11   HCN
5       4         63.8    443.1161    676.5550    2.754  3.264E-06  2.430E-09  4.954E-10  9.138E-07  1.293E-07  1.449E-13   HCN
6       5         89.3    531.7163    563.8203    3.027  1.738E-09  5.879E-12  1.279E-13  4.954E-10  3.129E-10  6.057E-16   HCN
