      LINE         E_UP       FREQ        WAVEL     T_EX      TAU        T_R       POP        POP       FLUX        FLUX   SPECIES
                   (K)        (GHz)       (um)      (K)                  (K)        UP        LOW      (K*km/s) (erg/cm2/s)   SPECIES
1       0          5.5    115.2712   2600.7576 -1.733E+05 -7.721E-04  1.339E+02  8.178E-02  2.726E-02  7.126E+03  1.406E-04   CO
2       1         16.6    230.5380   1300.4037  131.581  3.899E+00  1.234E+02  1.253E-01  8.178E-02  6.567E+03  1.036E-03   CO
3       2         33.2    345.7960    866.9634  121.891  8.482E+00  1.137E+02  1.531E-01  1.253E-01  6.053E+03  3.223E-03   CO
4       3         55.3    461.0408    650.2515  114.882  1.356E+01  1.042E+02  1.624E-01  1.531E-01  5.544E+03  6.997E-03   CO
5       4         83.0    576.2679    520.2310  105.579  1.835E+01  9.235E+01  1.527E-01  1.624E-01  4.915E+03  1.211E-02   CO
6       5        116.2    691.4731    433.5562   94.037  2.182E+01  7.842E+01  1.268E-01  1.527E-01  4.174E+03  1.777E-02   CO
7       6        154.9    806.6518    371.6504   80.179  2.298E+01  6.237E+01  9.029E-02  1.268E-01  3.320E+03  2.244E-02   CO
8       7        199.1    921.7997    325.2252   65.137  2.080E+01  4.550E+01  5.188E-02  9.029E-02  2.422E+03  2.443E-02   CO
9       8        248.9   1036.9124    289.1203   50.336  1.506E+01  2.949E+01  2.158E-02  5.188E-02  1.570E+03  2.253E-02   CO
10      9        304.2   1151.9855    260.2398   38.101  7.557E+00  1.691E+01  5.588E-03  2.158E-02  9.001E+02  1.772E-02   CO
11      10       365.0   1267.0145    236.6133   32.530  2.143E+00  9.788E+00  9.439E-04  5.588E-03  5.210E+02  1.365E-02   CO
12      11       431.3   1381.9951    216.9273   44.373  3.290E-01  5.378E+00  2.301E-04  9.439E-04  2.862E+02  9.730E-03   CO
13      12       503.1   1496.9229    200.2725   70.242  6.567E-02  2.564E+00  8.938E-05  2.301E-04  1.365E+02  5.895E-03   CO
14      13       580.5   1611.7935    185.9993   79.967  2.449E-02  1.147E+00  3.649E-05  8.938E-05  6.106E+01  3.293E-03   CO
15      14       663.4   1726.6025    173.6314   84.537  9.988E-03  4.946E-01  1.464E-05  3.649E-05  2.633E+01  1.745E-03   CO
16      15       751.7   1841.3455    162.8116   92.829  3.904E-03  2.164E-01  6.014E-06  1.464E-05  1.152E+01  9.262E-04   CO
1       0         23.6    492.1607    609.1354  308.077  9.263E-03  2.733E+00  4.067E-01  1.464E-01  1.455E+02  2.233E-04   [CI]
2       1         62.5    809.3420    370.4151   93.277  4.990E-02  3.661E+00  4.469E-01  4.067E-01  1.948E+02  1.330E-03   [CI]
2       0         62.5   1301.5026    230.3433  126.675  1.011E-09  9.912E-08  4.469E-01  1.464E-01  5.275E-06  1.498E-10   [CI]
1       0          4.2     88.6316   3382.4556    3.144  4.069E+00  3.458E-01  4.173E-01  5.382E-01  1.840E+01  1.650E-07   HCN
2       1         12.8    177.2611   1691.2478    3.039  2.663E+00  1.475E-01  4.230E-02  4.173E-01  7.851E+00  5.632E-07   HCN
3       2         25.5    265.8864   1127.5207    3.621  2.511E-01  5.956E-02  1.745E-03  4.230E-02  3.170E+00  7.674E-07   HCN
4       3         42.5    354.5055    845.6638    8.911  8.661E-03  2.524E-02  3.325E-04  1.745E-03  1.343E+00  7.707E-07   HCN
5       4         63.8    443.1161    676.5550   16.764  1.354E-03  1.124E-02  1.143E-04  3.325E-04  5.985E-01  6.706E-07   HCN
6       5         89.3    531.7163    563.8203   24.426  4.120E-04  5.704E-03  4.752E-05  1.143E-04  3.036E-01  5.877E-07   HCN
