      LINE         E_UP       FREQ        WAVEL     T_EX      TAU        T_R       POP        POP       FLUX        FLUX   SPECIES
                   (K)        (GHz)       (um)      (K)                  (K)        UP        LOW      (K*km/s) (erg/cm2/s)   SPECIES
1       0          5.5    115.2712   2600.7576   21.753  2.518E+00  1.679E+01  3.701E-01  1.591E-01  8.939E+02  1.763E-05   CO
2       1         16.6    230.5380   1300.4037   16.572  8.467E+00  1.145E+01  3.164E-01  3.701E-01  6.096E+02  9.620E-05   CO
3       2         33.2    345.7960    866.9634   13.460  9.470E+00  6.788E+00  1.291E-01  3.164E-01  3.613E+02  1.924E-04   CO
4       3         55.3    461.0408    650.2515   10.887  4.505E+00  3.293E+00  2.175E-02  1.291E-01  1.753E+02  2.212E-04   CO
5       4         83.0    576.2679    520.2310   11.850  7.652E-01  1.587E+00  2.576E-03  2.175E-02  8.446E+01  2.081E-04   CO
6       5        116.2    691.4731    433.5562   21.067  7.798E-02  6.496E-01  6.301E-04  2.576E-03  3.458E+01  1.472E-04   CO
7       6        154.9    806.6518    371.6504   30.538  1.702E-02  2.559E-01  2.046E-04  6.301E-04  1.362E+01  9.206E-05   CO
8       7        199.1    921.7997    325.2252   36.948  5.302E-03  1.012E-01  7.004E-05  2.046E-04  5.387E+00  5.434E-05   CO
9       8        248.9   1036.9124    289.1203   42.552  1.773E-03  3.970E-02  2.431E-05  7.004E-05  2.113E+00  3.034E-05   CO
10      9        304.2   1151.9855    260.2398   48.067  6.037E-04  1.546E-02  8.506E-06  2.431E-05  8.227E-01  1.620E-05   CO
11      10       365.0   1267.0145    236.6133   53.527  2.080E-04  5.982E-03  2.991E-06  8.506E-06  3.184E-01  8.340E-06   CO
12      11       431.3   1381.9951    216.9273   58.450  7.245E-05  2.277E-03  1.045E-06  2.991E-06  1.212E-01  4.120E-06   CO
13      12       503.1   1496.9229    200.2725   64.969  2.475E-05  8.796E-04  3.736E-07  1.045E-06  4.682E-02  2.022E-06   CO
14      13       580.5   1611.7935    185.9993   65.277  9.106E-06  3.102E-04  1.227E-07  3.736E-07  1.651E-02  8.903E-07   CO
15      14       663.4   1726.6025    173.6314   65.815  3.058E-06  1.005E-04  3.724E-08  1.227E-07  5.347E-03  3.545E-07   CO
16      15       751.7   1841.3455    162.8116   73.954  8.959E-07  3.437E-05  1.200E-08  3.724E-08  1.830E-03  1.471E-07   CO
1       0         23.6    492.1607    609.1354   24.140  1.669E-02  2.354E-01  4.428E-01  3.926E-01  1.253E+01  1.924E-05   [CI]
2       1         62.5    809.3420    370.4151   25.890  9.844E-03  1.092E-01  1.646E-01  4.428E-01  5.814E+00  3.970E-05   [CI]
2       0         62.5   1301.5026    230.3433   25.199  5.072E-10  2.900E-09  1.646E-01  3.926E-01  1.543E-07  4.382E-12   [CI]
1       0          4.2     88.6316   3382.4556    2.736  3.799E-01  2.615E-03  3.768E-01  5.947E-01  1.392E-01  1.248E-09   HCN
2       1         12.8    177.2611   1691.2478    2.737  1.943E-01  9.718E-04  2.806E-02  3.768E-01  5.173E-02  3.710E-09   HCN
3       2         25.5    265.8864   1127.5207    2.824  1.349E-02  2.877E-04  4.286E-04  2.806E-02  1.531E-02  3.706E-09   HCN
4       3         42.5    354.5055    845.6638    5.093  1.913E-04  1.131E-04  1.951E-05  4.286E-04  6.022E-03  3.455E-09   HCN
5       4         63.8    443.1161    676.5550   15.057  6.641E-06  4.541E-05  5.809E-06  1.951E-05  2.417E-03  2.708E-09   HCN
6       5         89.3    531.7163    563.8203   23.242  1.710E-06  2.184E-05  2.290E-06  5.809E-06  1.162E-03  2.250E-09   HCN
