      LINE         E_UP       FREQ        WAVEL     T_EX      TAU        T_R       POP        POP       FLUX        FLUX   SPECIES
                   (K)        (GHz)       (um)      (K)                  (K)        UP        LOW      (K*km/s) (erg/cm2/s)   SPECIES
1       0          5.5    115.2712   2600.7576  104.885  3.007E+01  1.013E+02  7.473E-02  2.626E-02  5.392E+03  1.064E-04   CO
2       1         16.6    230.5380   1300.4037  104.886  1.111E+02  9.926E+01  1.121E-01  7.473E-02  5.283E+03  8.336E-04   CO
3       2         33.2    345.7960    866.9634  104.878  2.191E+02  9.676E+01  1.340E-01  1.121E-01  5.150E+03  2.743E-03   CO
4       3         55.3    461.0408    650.2515  104.860  3.236E+02  9.418E+01  1.395E-01  1.340E-01  5.013E+03  6.326E-03   CO
5       4         83.0    576.2679    520.2310  104.829  3.985E+02  9.161E+01  1.309E-01  1.395E-01  4.876E+03  1.202E-02   CO
6       5        116.2    691.4731    433.5562  104.776  4.290E+02  8.906E+01  1.127E-01  1.309E-01  4.740E+03  2.018E-02   CO
7       6        154.9    806.6518    371.6504  104.691  4.142E+02  8.652E+01  8.986E-02  1.127E-01  4.605E+03  3.113E-02   CO
8       7        199.1    921.7997    325.2252  104.544  3.639E+02  8.398E+01  6.670E-02  8.986E-02  4.470E+03  4.509E-02   CO
9       8        248.9   1036.9124    289.1203  104.296  2.939E+02  8.138E+01  4.626E-02  6.670E-02  4.332E+03  6.219E-02   CO
10      9        304.2   1151.9855    260.2398  103.810  2.195E+02  7.861E+01  3.002E-02  4.626E-02  4.184E+03  8.237E-02   CO
11      10       365.0   1267.0145    236.6133  102.909  1.526E+02  7.548E+01  1.821E-02  3.002E-02  4.018E+03  1.052E-01   CO
12      11       431.3   1381.9951    216.9273  101.028  9.894E+01  7.147E+01  1.027E-02  1.821E-02  3.804E+03  1.293E-01   CO
13      12       503.1   1496.9229    200.2725   96.676  6.025E+01  6.516E+01  5.273E-03  1.027E-02  3.468E+03  1.498E-01   CO
14      13       580.5   1611.7935    185.9993   86.973  3.448E+01  5.396E+01  2.327E-03  5.273E-03  2.872E+03  1.549E-01   CO
15      14       663.4   1726.6025    173.6314   70.441  1.771E+01  3.695E+01  7.672E-04  2.327E-03  1.967E+03  1.304E-01   CO
16      15       751.7   1841.3455    162.8116   51.410  6.871E+00  1.928E+01  1.464E-04  7.672E-04  1.026E+03  8.251E-02   CO
1       0         23.6    492.1607    609.1354  105.178  7.069E-01  4.755E+01  3.910E-01  1.632E-01  2.531E+03  3.885E-03   [CI]
2       1         62.5    809.3420    370.4151  102.275  1.118E+00  5.660E+01  4.458E-01  3.910E-01  3.012E+03  2.057E-02   [CI]
2       0         62.5   1301.5026    230.3433  103.354  3.300E-08  2.483E-06  4.458E-01  1.632E-01  1.322E-04  3.753E-09   [CI]
1       0          4.2     88.6316   3382.4556   20.772  5.920E+00  1.754E+01  3.052E-01  1.248E-01  9.336E+02  8.371E-06   HCN
2       1         12.8    177.2611   1691.2478   18.033  1.959E+01  1.372E+01  3.173E-01  3.052E-01  7.303E+02  5.238E-05   HCN
3       2         25.5    265.8864   1127.5207   14.926  2.802E+01  9.325E+00  1.890E-01  3.173E-01  4.963E+02  1.201E-04   HCN
4       3         42.5    354.5055    845.6638   11.620  2.126E+01  5.086E+00  5.619E-02  1.890E-01  2.707E+02  1.553E-04   HCN
5       4         63.8    443.1161    676.5550    9.148  7.212E+00  2.295E+00  6.717E-03  5.619E-02  1.222E+02  1.369E-04   HCN
6       5         89.3    531.7163    563.8203    9.724  8.702E-01  1.158E+00  5.754E-04  6.717E-03  6.161E+01  1.193E-04   HCN
