      LINE         E_UP       FREQ        WAVEL     T_EX      TAU        T_R       POP        POP       FLUX        FLUX   SPECIES
                   (K)        (GHz)       (um)      (K)                  (K)        UP        LOW      (K*km/s) (erg/cm2/s)   SPECIES
1       0          5.5    115.2712   2600.7576 -302.374 -5.046E-01  2.008E+02  4.716E-02  1.543E-02  1.069E+04  2.108E-04   CO
2       1         16.6    230.5380   1300.4037  258.018  2.335E+00  2.279E+02  7.529E-02  4.716E-02  1.213E+04  1.914E-03   CO
3       2         33.2    345.7960    866.9634  224.365  5.696E+00  2.154E+02  9.790E-02  7.529E-02  1.146E+04  6.105E-03   CO
4       3         55.3    461.0408    650.2515  216.050  9.612E+00  2.052E+02  1.136E-01  9.790E-02  1.092E+04  1.378E-02   CO
5       4         83.0    576.2679    520.2310  207.509  1.387E+01  1.940E+02  1.215E-01  1.136E-01  1.032E+04  2.545E-02   CO
6       5        116.2    691.4731    433.5562  197.217  1.804E+01  1.811E+02  1.214E-01  1.215E-01  9.638E+03  4.104E-02   CO
7       6        154.9    806.6518    371.6504  183.635  2.178E+01  1.650E+02  1.134E-01  1.214E-01  8.780E+03  5.935E-02   CO
8       7        199.1    921.7997    325.2252  167.357  2.457E+01  1.462E+02  9.870E-02  1.134E-01  7.782E+03  7.850E-02   CO
9       8        248.9   1036.9124    289.1203  148.126  2.597E+01  1.246E+02  7.883E-02  9.870E-02  6.634E+03  9.525E-02   CO
10      9        304.2   1151.9855    260.2398  127.035  2.539E+01  1.014E+02  5.639E-02  7.883E-02  5.397E+03  1.062E-01   CO
11      10       365.0   1267.0145    236.6133  105.582  2.234E+01  7.808E+01  3.472E-02  5.639E-02  4.156E+03  1.089E-01   CO
12      11       431.3   1381.9951    216.9273   84.636  1.691E+01  5.576E+01  1.724E-02  3.472E-02  2.968E+03  1.009E-01   CO
13      12       503.1   1496.9229    200.2725   66.038  1.016E+01  3.650E+01  6.272E-03  1.724E-02  1.943E+03  8.393E-02   CO
14      13       580.5   1611.7935    185.9993   52.168  4.275E+00  2.240E+01  1.529E-03  6.272E-03  1.192E+03  6.429E-02   CO
15      14       663.4   1726.6025    173.6314   52.708  1.059E+00  1.418E+01  3.394E-04  1.529E-03  7.549E+02  5.004E-02   CO
16      15       751.7   1841.3455    162.8116   82.043  1.939E-01  8.046E+00  1.230E-04  3.394E-04  4.283E+02  3.443E-02   CO
1       0         23.6    492.1607    609.1354  569.043  9.057E-03  5.025E+00  3.747E-01  1.302E-01  2.675E+02  4.106E-04   [CI]
2       1         62.5    809.3420    370.4151  167.255  5.582E-02  8.067E+00  4.951E-01  3.747E-01  4.294E+02  2.931E-03   [CI]
2       0         62.5   1301.5026    230.3433  228.179  1.104E-09  2.191E-07  4.951E-01  1.302E-01  1.166E-05  3.310E-10   [CI]
1       0          4.2     88.6316   3382.4556    4.208  5.623E+00  1.298E+00  4.745E-01  4.346E-01  6.910E+01  6.195E-07   HCN
2       1         12.8    177.2611   1691.2478    3.796  5.749E+00  6.178E-01  8.408E-02  4.745E-01  3.288E+01  2.358E-06   HCN
3       2         25.5    265.8864   1127.5207    4.105  9.803E-01  2.982E-01  5.257E-03  8.408E-02  1.587E+01  3.842E-06   HCN
4       3         42.5    354.5055    845.6638    8.707  5.244E-02  1.418E-01  9.578E-04  5.257E-03  7.549E+00  4.332E-06   HCN
5       4         63.8    443.1161    676.5550   17.847  7.536E-03  6.959E-02  3.556E-04  9.578E-04  3.704E+00  4.150E-06   HCN
6       5         89.3    531.7163    563.8203   25.516  2.494E-03  3.698E-02  1.546E-04  3.556E-04  1.968E+00  3.811E-06   HCN
