      LINE         E_UP       FREQ        WAVEL     T_EX      TAU        T_R       POP        POP       FLUX        FLUX   SPECIES
                   (K)        (GHz)       (um)      (K)                  (K)        UP        LOW      (K*km/s) (erg/cm2/s)   SPECIES
1       0          5.5    115.2712   2600.7576   32.862  1.396E+00  2.207E+01  3.240E-01  1.278E-01  1.175E+03  2.317E-05   CO
2       1         16.6    230.5380   1300.4037   20.892  6.256E+00  1.562E+01  3.180E-01  3.240E-01  8.315E+02  1.312E-04   CO
3       2         33.2    345.7960    866.9634   17.430  8.248E+00  1.039E+01  1.718E-01  3.180E-01  5.530E+02  2.945E-04   CO
4       3         55.3    461.0408    650.2515   14.353  5.422E+00  5.992E+00  4.728E-02  1.718E-01  3.189E+02  4.025E-04   CO
5       4         83.0    576.2679    520.2310   13.811  1.593E+00  3.438E+00  7.800E-03  4.728E-02  1.830E+02  4.510E-04   CO
6       5        116.2    691.4731    433.5562   21.561  2.338E-01  1.890E+00  1.978E-03  7.800E-03  1.006E+02  4.284E-04   CO
7       6        154.9    806.6518    371.6504   35.758  4.916E-02  9.512E-01  7.730E-04  1.978E-03  5.063E+01  3.422E-04   CO
8       7        199.1    921.7997    325.2252   46.586  1.759E-02  4.867E-01  3.389E-04  7.730E-04  2.591E+01  2.613E-04   CO
9       8        248.9   1036.9124    289.1203   55.221  7.390E-03  2.505E-01  1.538E-04  3.389E-04  1.334E+01  1.915E-04   CO
10      9        304.2   1151.9855    260.2398   64.400  3.221E-03  1.308E-01  7.206E-05  1.538E-04  6.960E+00  1.370E-04   CO
11      10       365.0   1267.0145    236.6133   74.515  1.448E-03  6.974E-02  3.490E-05  7.206E-05  3.712E+00  9.724E-05   CO
12      11       431.3   1381.9951    216.9273   83.451  6.830E-04  3.731E-02  1.713E-05  3.490E-05  1.986E+00  6.750E-05   CO
13      12       503.1   1496.9229    200.2725   92.630  3.272E-04  2.005E-02  8.519E-06  1.713E-05  1.067E+00  4.611E-05   CO
14      13       580.5   1611.7935    185.9993   93.478  1.683E-04  1.011E-02  4.000E-06  8.519E-06  5.382E-01  2.902E-05   CO
15      14       663.4   1726.6025    173.6314   97.108  7.991E-05  4.914E-03  1.822E-06  4.000E-06  2.615E-01  1.734E-05   CO
16      15       751.7   1841.3455    162.8116  109.933  3.472E-05  2.486E-03  8.679E-07  1.822E-06  1.323E-01  1.064E-05   CO
1       0         23.6    492.1607    609.1354   31.797  1.162E-02  2.475E-01  4.643E-01  3.253E-01  1.317E+01  2.023E-05   [CI]
2       1         62.5    809.3420    370.4151   29.828  9.674E-03  1.397E-01  2.104E-01  4.643E-01  7.433E+00  5.075E-05   [CI]
2       0         62.5   1301.5026    230.3433   30.543  3.993E-10  3.707E-09  2.104E-01  3.253E-01  1.973E-07  5.601E-12   [CI]
1       0          4.2     88.6316   3382.4556    2.741  3.790E-01  3.990E-03  3.774E-01  5.938E-01  2.123E-01  1.904E-09   HCN
2       1         12.8    177.2611   1691.2478    2.744  1.945E-01  1.541E-03  2.832E-02  3.774E-01  8.201E-02  5.883E-09   HCN
3       2         25.5    265.8864   1127.5207    2.900  1.359E-02  5.309E-04  4.867E-04  2.832E-02  2.826E-02  6.840E-09   HCN
4       3         42.5    354.5055    845.6638    6.191  2.108E-04  2.385E-04  4.009E-05  4.867E-04  1.269E-02  7.283E-09   HCN
5       4         63.8    443.1161    676.5550   17.482  1.269E-05  1.135E-04  1.452E-05  4.009E-05  6.042E-03  6.770E-09   HCN
6       5         89.3    531.7163    563.8203   26.762  3.941E-06  6.305E-05  6.612E-06  1.452E-05  3.356E-03  6.497E-09   HCN
