      LINE         E_UP       FREQ        WAVEL     T_EX      TAU        T_R       POP        POP       FLUX        FLUX   SPECIES
                   (K)        (GHz)       (um)      (K)                  (K)        UP        LOW      (K*km/s) (erg/cm2/s)   SPECIES
1       0          5.5    115.2712   2600.7576   53.511  1.063E+00  3.269E+01  2.620E-01  9.684E-02  1.740E+03  3.432E-05   CO
2       1         16.6    230.5380   1300.4037   29.690  6.066E+00  2.425E+01  3.008E-01  2.620E-01  1.291E+03  2.037E-04   CO
3       2         33.2    345.7960    866.9634   25.203  9.714E+00  1.777E+01  2.180E-01  3.008E-01  9.458E+02  5.037E-04   CO
4       3         55.3    461.0408    650.2515   20.442  9.174E+00  1.133E+01  9.495E-02  2.180E-01  6.030E+02  7.610E-04   CO
5       4         83.0    576.2679    520.2310   16.583  4.757E+00  6.375E+00  2.190E-02  9.495E-02  3.393E+02  8.363E-04   CO
6       5        116.2    691.4731    433.5562   17.037  1.136E+00  3.746E+00  3.690E-03  2.190E-02  1.994E+02  8.489E-04   CO
7       6        154.9    806.6518    371.6504   27.849  1.651E-01  1.954E+00  1.060E-03  3.690E-03  1.040E+02  7.029E-04   CO
8       7        199.1    921.7997    325.2252   42.616  4.029E-02  9.578E-01  4.256E-04  1.060E-03  5.098E+01  5.142E-04   CO
9       8        248.9   1036.9124    289.1203   51.799  1.529E-02  4.679E-01  1.820E-04  4.256E-04  2.490E+01  3.576E-04   CO
10      9        304.2   1151.9855    260.2398   60.185  6.298E-03  2.305E-01  8.027E-05  1.820E-04  1.227E+01  2.416E-04   CO
11      10       365.0   1267.0145    236.6133   69.292  2.677E-03  1.157E-01  3.656E-05  8.027E-05  6.159E+00  1.613E-04   CO
12      11       431.3   1381.9951    216.9273   77.358  1.191E-03  5.816E-02  1.686E-05  3.656E-05  3.096E+00  1.052E-04   CO
13      12       503.1   1496.9229    200.2725   85.966  5.356E-04  2.945E-02  7.894E-06  1.686E-05  1.567E+00  6.770E-05   CO
14      13       580.5   1611.7935    185.9993   86.405  2.598E-04  1.388E-02  3.464E-06  7.894E-06  7.386E-01  3.983E-05   CO
15      14       663.4   1726.6025    173.6314   88.944  1.158E-04  6.235E-03  1.458E-06  3.464E-06  3.319E-01  2.200E-05   CO
16      15       751.7   1841.3455    162.8116  100.765  4.657E-05  2.932E-03  6.459E-07  1.458E-06  1.561E-01  1.255E-05   CO
1       0         23.6    492.1607    609.1354   46.174  1.149E-02  4.040E-01  4.781E-01  2.658E-01  2.150E+01  3.302E-05   [CI]
2       1         62.5    809.3420    370.4151   34.212  1.472E-02  2.687E-01  2.560E-01  4.781E-01  1.430E+01  9.763E-05   [CI]
2       0         62.5   1301.5026    230.3433   37.927  4.796E-10  7.148E-09  2.560E-01  2.658E-01  3.805E-07  1.080E-11   [CI]
1       0          4.2     88.6316   3382.4556    2.749  5.986E-01  8.769E-03  3.783E-01  5.924E-01  4.667E-01  4.185E-09   HCN
2       1         12.8    177.2611   1691.2478    2.753  3.089E-01  3.404E-03  2.866E-02  3.783E-01  1.812E-01  1.300E-08   HCN
3       2         25.5    265.8864   1127.5207    2.957  2.178E-02  1.153E-03  5.361E-04  2.866E-02  6.136E-02  1.485E-08   HCN
4       3         42.5    354.5055    845.6638    6.645  3.629E-04  5.048E-04  5.327E-05  5.361E-04  2.687E-02  1.542E-08   HCN
5       4         63.8    443.1161    676.5550   17.070  2.705E-05  2.321E-04  1.873E-05  5.327E-05  1.236E-02  1.384E-08   HCN
6       5         89.3    531.7163    563.8203   25.964  8.205E-06  1.252E-04  8.285E-06  1.873E-05  6.665E-03  1.290E-08   HCN
