      LINE         E_UP       FREQ        WAVEL     T_EX      TAU        T_R       POP        POP       FLUX        FLUX   SPECIES
                   (K)        (GHz)       (um)      (K)                  (K)        UP        LOW      (K*km/s) (erg/cm2/s)   SPECIES
1       0          5.5    115.2712   2600.7576  104.568  1.531E+01  1.010E+02  7.567E-02  2.659E-02  5.375E+03  1.060E-04   CO
2       1         16.6    230.5380   1300.4037  104.552  5.655E+01  9.892E+01  1.134E-01  7.567E-02  5.265E+03  8.308E-04   CO
3       2         33.2    345.7960    866.9634  104.524  1.115E+02  9.641E+01  1.355E-01  1.134E-01  5.131E+03  2.733E-03   CO
4       3         55.3    461.0408    650.2515  104.454  1.646E+02  9.377E+01  1.410E-01  1.355E-01  4.991E+03  6.299E-03   CO
5       4         83.0    576.2679    520.2310  104.331  2.027E+02  9.111E+01  1.322E-01  1.410E-01  4.849E+03  1.195E-02   CO
6       5        116.2    691.4731    433.5562  104.124  2.182E+02  8.841E+01  1.136E-01  1.322E-01  4.706E+03  2.004E-02   CO
7       6        154.9    806.6518    371.6504  103.791  2.106E+02  8.564E+01  9.025E-02  1.136E-01  4.558E+03  3.081E-02   CO
8       7        199.1    921.7997    325.2252  103.206  1.851E+02  8.266E+01  6.662E-02  9.025E-02  4.400E+03  4.438E-02   CO
9       8        248.9   1036.9124    289.1203  102.194  1.495E+02  7.932E+01  4.576E-02  6.662E-02  4.222E+03  6.062E-02   CO
10      9        304.2   1151.9855    260.2398  100.134  1.118E+02  7.502E+01  2.912E-02  4.576E-02  3.993E+03  7.861E-02   CO
11      10       365.0   1267.0145    236.6133   96.134  7.792E+01  6.891E+01  1.694E-02  2.912E-02  3.668E+03  9.608E-02   CO
12      11       431.3   1381.9951    216.9273   88.180  5.067E+01  5.914E+01  8.679E-03  1.694E-02  3.148E+03  1.070E-01   CO
13      12       503.1   1496.9229    200.2725   74.654  3.009E+01  4.441E+01  3.581E-03  8.679E-03  2.364E+03  1.021E-01   CO
14      13       580.5   1611.7935    185.9993   56.588  1.484E+01  2.646E+01  9.803E-04  3.581E-03  1.408E+03  7.594E-02   CO
15      14       663.4   1726.6025    173.6314   39.991  4.726E+00  1.183E+01  1.320E-04  9.803E-04  6.298E+02  4.175E-02   CO
16      15       751.7   1841.3455    162.8116   37.524  6.531E-01  4.443E+00  1.333E-05  1.320E-04  2.365E+02  1.901E-02   CO
1       0         23.6    492.1607    609.1354  105.688  3.546E-01  2.816E+01  3.935E-01  1.640E-01  1.499E+03  2.301E-03   [CI]
2       1         62.5    809.3420    370.4151   98.736  5.804E-01  3.549E+01  4.425E-01  3.935E-01  1.889E+03  1.289E-02   [CI]
2       0         62.5   1301.5026    230.3433  101.255  1.687E-08  1.235E-06  4.425E-01  1.640E-01  6.575E-05  1.867E-09   [CI]
1       0          4.2     88.6316   3382.4556   11.945  7.557E+00  8.809E+00  4.130E-01  1.965E-01  4.689E+02  4.204E-06   HCN
2       1         12.8    177.2611   1691.2478   10.086  2.013E+01  6.031E+00  2.961E-01  4.130E-01  3.210E+02  2.303E-05   HCN
3       2         25.5    265.8864   1127.5207    8.064  1.812E+01  3.181E+00  8.518E-02  2.961E-01  1.693E+02  4.098E-05   HCN
4       3         42.5    354.5055    845.6638    6.584  5.776E+00  1.351E+00  8.265E-03  8.518E-02  7.193E+01  4.127E-05   HCN
5       4         63.8    443.1161    676.5550    7.896  5.494E-01  6.486E-01  6.833E-04  8.265E-03  3.452E+01  3.868E-05   HCN
6       5         89.3    531.7163    563.8203   16.725  3.744E-02  2.605E-01  1.756E-04  6.833E-04  1.386E+01  2.684E-05   HCN
