      LINE         E_UP       FREQ        WAVEL     T_EX      TAU        T_R       POP        POP       FLUX        FLUX   SPECIES
                   (K)        (GHz)       (um)      (K)                  (K)        UP        LOW      (K*km/s) (erg/cm2/s)   SPECIES
1       0          5.5    115.2712   2600.7576  371.009  3.980E-01  1.206E+02  8.956E-02  3.030E-02  6.421E+03  1.266E-04   CO
2       1         16.6    230.5380   1300.4037  115.106  4.853E+00  1.086E+02  1.356E-01  8.956E-02  5.781E+03  9.122E-04   CO
3       2         33.2    345.7960    866.9634  108.847  1.020E+01  1.007E+02  1.630E-01  1.356E-01  5.361E+03  2.855E-03   CO
4       3         55.3    461.0408    650.2515  102.482  1.600E+01  9.181E+01  1.688E-01  1.630E-01  4.887E+03  6.167E-03   CO
5       4         83.0    576.2679    520.2310   93.699  2.117E+01  8.055E+01  1.536E-01  1.688E-01  4.287E+03  1.057E-02   CO
6       5        116.2    691.4731    433.5562   82.553  2.443E+01  6.707E+01  1.215E-01  1.536E-01  3.570E+03  1.520E-02   CO
7       6        154.9    806.6518    371.6504   69.269  2.461E+01  5.171E+01  8.014E-02  1.215E-01  2.752E+03  1.860E-02   CO
8       7        199.1    921.7997    325.2252   55.000  2.069E+01  3.581E+01  4.063E-02  8.014E-02  1.906E+03  1.923E-02   CO
9       8        248.9   1036.9124    289.1203   41.523  1.312E+01  2.150E+01  1.370E-02  4.063E-02  1.144E+03  1.643E-02   CO
10      9        304.2   1151.9855    260.2398   31.404  5.190E+00  1.142E+01  2.604E-03  1.370E-02  6.077E+02  1.196E-02   CO
11      10       365.0   1267.0145    236.6133   30.787  1.017E+00  6.253E+00  3.957E-04  2.604E-03  3.328E+02  8.718E-03   CO
12      11       431.3   1381.9951    216.9273   49.492  1.313E-01  2.894E+00  1.126E-04  3.957E-04  1.540E+02  5.236E-03   CO
13      12       503.1   1496.9229    200.2725   67.826  3.277E-02  1.229E+00  4.217E-05  1.126E-04  6.544E+01  2.827E-03   CO
14      13       580.5   1611.7935    185.9993   73.114  1.217E-02  4.974E-01  1.572E-05  4.217E-05  2.647E+01  1.428E-03   CO
15      14       663.4   1726.6025    173.6314   76.401  4.560E-03  1.925E-01  5.681E-06  1.572E-05  1.025E+01  6.792E-04   CO
16      15       751.7   1841.3455    162.8116   82.900  1.618E-03  7.504E-02  2.083E-06  5.681E-06  3.994E+00  3.211E-04   CO
1       0         23.6    492.1607    609.1354  225.316  1.306E-02  2.773E+00  4.134E-01  1.530E-01  1.476E+02  2.266E-04   [CI]
2       1         62.5    809.3420    370.4151   83.879  5.520E-02  3.542E+00  4.336E-01  4.134E-01  1.885E+02  1.287E-03   [CI]
2       0         62.5   1301.5026    230.3433  109.987  1.177E-09  9.616E-08  4.336E-01  1.530E-01  5.118E-06  1.453E-10   [CI]
1       0          4.2     88.6316   3382.4556    3.102  4.136E+00  3.107E-01  4.138E-01  5.436E-01  1.654E+01  1.483E-07   HCN
2       1         12.8    177.2611   1691.2478    3.005  2.646E+00  1.305E-01  4.065E-02  4.138E-01  6.945E+00  4.982E-07   HCN
3       2         25.5    265.8864   1127.5207    3.531  2.420E-01  5.032E-02  1.534E-03  4.065E-02  2.678E+00  6.483E-07   HCN
4       3         42.5    354.5055    845.6638    8.549  7.714E-03  2.045E-02  2.696E-04  1.534E-03  1.088E+00  6.244E-07   HCN
5       4         63.8    443.1161    676.5550   16.110  1.119E-03  8.658E-03  8.801E-05  2.696E-04  4.608E-01  5.164E-07   HCN
6       5         89.3    531.7163    563.8203   23.441  3.246E-04  4.203E-03  3.502E-05  8.801E-05  2.237E-01  4.331E-07   HCN
