      LINE         E_UP       FREQ        WAVEL     T_EX      TAU        T_R       POP        POP       FLUX        FLUX   SPECIES
                   (K)        (GHz)       (um)      (K)                  (K)        UP        LOW      (K*km/s) (erg/cm2/s)   SPECIES
1       0          5.5    115.2712   2600.7576   73.874  1.881E+00  5.959E+01  1.632E-01  5.863E-02  3.172E+03  6.256E-05   CO
2       1         16.6    230.5380   1300.4037   55.903  8.683E+00  5.035E+01  2.231E-01  1.632E-01  2.680E+03  4.229E-04   CO
3       2         33.2    345.7960    866.9634   51.849  1.629E+01  4.395E+01  2.268E-01  2.231E-01  2.339E+03  1.246E-03   CO
4       3         55.3    461.0408    650.2515   45.472  2.214E+01  3.530E+01  1.793E-01  2.268E-01  1.879E+03  2.371E-03   CO
5       4         83.0    576.2679    520.2310   37.122  2.315E+01  2.499E+01  1.040E-01  1.793E-01  1.330E+03  3.279E-03   CO
6       5        116.2    691.4731    433.5562   28.061  1.737E+01  1.466E+01  3.768E-02  1.040E-01  7.805E+02  3.323E-03   CO
7       6        154.9    806.6518    371.6504   20.362  7.600E+00  6.795E+00  6.494E-03  3.768E-02  3.617E+02  2.445E-03   CO
8       7        199.1    921.7997    325.2252   17.623  1.397E+00  2.944E+00  5.979E-04  6.494E-03  1.567E+02  1.581E-03   CO
9       8        248.9   1036.9124    289.1203   26.924  1.167E-01  1.025E+00  1.052E-04  5.979E-04  5.453E+01  7.830E-04   CO
10      9        304.2   1151.9855    260.2398   37.612  1.858E-02  3.039E-01  2.675E-05  1.052E-04  1.618E+01  3.185E-04   CO
11      10       365.0   1267.0145    236.6133   42.084  4.646E-03  8.696E-02  6.907E-06  2.675E-05  4.628E+00  1.212E-04   CO
12      11       431.3   1381.9951    216.9273   45.692  1.191E-03  2.415E-02  1.758E-06  6.907E-06  1.285E+00  4.369E-05   CO
13      12       503.1   1496.9229    200.2725   49.964  2.994E-04  6.696E-03  4.509E-07  1.758E-06  3.564E-01  1.540E-05   CO
14      13       580.5   1611.7935    185.9993   51.137  7.786E-05  1.702E-03  1.067E-07  4.509E-07  9.058E-02  4.884E-06   CO
15      14       663.4   1726.6025    173.6314   51.617  1.872E-05  3.898E-04  2.290E-08  1.067E-07  2.075E-02  1.375E-06   CO
16      15       751.7   1841.3455    162.8116   55.973  3.958E-06  9.086E-05  5.028E-09  2.290E-08  4.836E-03  3.888E-07   CO
1       0         23.6    492.1607    609.1354   73.367  2.523E-02  1.550E+00  4.638E-01  2.133E-01  8.247E+01  1.266E-04   [CI]
2       1         62.5    809.3420    370.4151   44.510  4.875E-02  1.326E+00  3.229E-01  4.638E-01  7.060E+01  4.820E-04   [CI]
2       0         62.5   1301.5026    230.3433   52.287  1.323E-09  3.589E-08  3.229E-01  2.133E-01  1.910E-06  5.424E-11   [CI]
1       0          4.2     88.6316   3382.4556    2.812  2.324E+00  6.401E-02  3.854E-01  5.832E-01  3.407E+00  3.055E-08   HCN
2       1         12.8    177.2611   1691.2478    2.798  1.250E+00  2.473E-02  3.070E-02  3.854E-01  1.316E+00  9.442E-08   HCN
3       2         25.5    265.8864   1127.5207    3.056  9.268E-02  7.072E-03  6.606E-04  3.070E-02  3.764E-01  9.111E-08   HCN
4       3         42.5    354.5055    845.6638    6.571  1.784E-03  2.403E-03  6.377E-05  6.606E-04  1.279E-01  7.337E-08   HCN
5       4         63.8    443.1161    676.5550   13.748  1.425E-04  8.183E-04  1.659E-05  6.377E-05  4.356E-02  4.880E-08   HCN
6       5         89.3    531.7163    563.8203   20.208  3.317E-05  3.338E-04  5.547E-06  1.659E-05  1.776E-02  3.439E-08   HCN
