      LINE         E_UP       FREQ        WAVEL     T_EX      TAU        T_R       POP        POP       FLUX        FLUX   SPECIES
                   (K)        (GHz)       (um)      (K)                  (K)        UP        LOW      (K*km/s) (erg/cm2/s)   SPECIES
1       0          5.5    115.2712   2600.7576   11.379  2.753E+00  7.490E+00  4.700E-01  2.548E-01  3.986E+02  7.863E-06   CO
2       1         16.6    230.5380   1300.4037    8.987  6.222E+00  4.359E+00  2.287E-01  4.700E-01  2.320E+02  3.661E-05   CO
3       2         33.2    345.7960    866.9634    7.873  3.379E+00  2.180E+00  3.890E-02  2.287E-01  1.161E+02  6.180E-05   CO
4       3         55.3    461.0408    650.2515    9.765  5.574E-01  1.091E+00  5.188E-03  3.890E-02  5.809E+01  7.332E-05   CO
5       4         83.0    576.2679    520.2310   18.642  6.223E-02  4.894E-01  1.438E-03  5.188E-03  2.605E+01  6.420E-05   CO
6       5        116.2    691.4731    433.5562   29.025  1.489E-02  2.295E-01  5.419E-04  1.438E-03  1.221E+01  5.201E-05   CO
7       6        154.9    806.6518    371.6504   37.121  5.251E-03  1.103E-01  2.204E-04  5.419E-04  5.873E+00  3.970E-05   CO
8       7        199.1    921.7997    325.2252   45.856  2.015E-03  5.484E-02  9.517E-05  2.204E-04  2.919E+00  2.944E-05   CO
9       8        248.9   1036.9124    289.1203   53.506  8.422E-04  2.730E-02  4.196E-05  9.517E-05  1.453E+00  2.086E-05   CO
10      9        304.2   1151.9855    260.2398   61.806  3.589E-04  1.372E-02  1.896E-05  4.196E-05  7.302E-01  1.438E-05   CO
11      10       365.0   1267.0145    236.6133   71.263  1.561E-04  7.044E-03  8.847E-06  1.896E-05  3.749E-01  9.820E-06   CO
12      11       431.3   1381.9951    216.9273   78.919  7.147E-05  3.598E-03  4.150E-06  8.847E-06  1.915E-01  6.510E-06   CO
13      12       503.1   1496.9229    200.2725   87.848  3.266E-05  1.854E-03  1.978E-06  4.150E-06  9.868E-02  4.263E-06   CO
14      13       580.5   1611.7935    185.9993   87.449  1.623E-05  8.830E-04  8.773E-07  1.978E-06  4.700E-02  2.534E-06   CO
15      14       663.4   1726.6025    173.6314   90.109  7.309E-06  4.015E-04  3.739E-07  8.773E-07  2.137E-02  1.417E-06   CO
16      15       751.7   1841.3455    162.8116  102.818  2.961E-06  1.921E-04  1.685E-07  3.739E-07  1.023E-02  8.223E-07   CO
1       0         23.6    492.1607    609.1354   15.642  1.134E-02  7.549E-02  3.558E-01  5.369E-01  4.018E+00  6.168E-06   [CI]
2       1         62.5    809.3420    370.4151   22.730  3.319E-03  2.846E-02  1.074E-01  3.558E-01  1.515E+00  1.034E-05   [CI]
2       0         62.5   1301.5026    230.3433   19.405  2.893E-10  7.529E-10  1.074E-01  5.369E-01  4.008E-08  1.138E-12   [CI]
1       0          4.2     88.6316   3382.4556    2.731  1.515E-01  6.085E-04  3.763E-01  5.955E-01  3.239E-02  2.904E-10   HCN
2       1         12.8    177.2611   1691.2478    2.732  7.727E-02  2.305E-04  2.786E-02  3.763E-01  1.227E-02  8.800E-10   HCN
3       2         25.5    265.8864   1127.5207    2.793  5.333E-03  7.677E-05  4.045E-04  2.786E-02  4.086E-03  9.892E-10   HCN
4       3         42.5    354.5055    845.6638    4.789  7.238E-05  3.391E-05  1.489E-05  4.045E-04  1.805E-03  1.036E-09   HCN
5       4         63.8    443.1161    676.5550   16.642  1.924E-06  1.579E-05  5.072E-06  1.489E-05  8.404E-04  9.417E-10   HCN
6       5         89.3    531.7163    563.8203   26.275  5.542E-07  8.617E-06  2.270E-06  5.072E-06  4.586E-04  8.879E-10   HCN
