      LINE         E_UP       FREQ        WAVEL     T_EX      TAU        T_R       POP        POP       FLUX        FLUX   SPECIES
                   (K)        (GHz)       (um)      (K)                  (K)        UP        LOW      (K*km/s) (erg/cm2/s)   SPECIES
1       0          5.5    115.2712   2600.7576  313.384  3.331E-01  8.777E+01  1.262E-01  4.281E-02  4.672E+03  9.215E-05   CO
2       1         16.6    230.5380   1300.4037   79.737  4.844E+00  7.355E+01  1.830E-01  1.262E-01  3.915E+03  6.177E-04   CO
3       2         33.2    345.7960    866.9634   72.802  9.944E+00  6.478E+01  2.040E-01  1.830E-01  3.448E+03  1.836E-03   CO
4       3         55.3    461.0408    650.2515   65.350  1.485E+01  5.490E+01  1.870E-01  2.040E-01  2.922E+03  3.688E-03   CO
5       4         83.0    576.2679    520.2310   55.914  1.794E+01  4.322E+01  1.394E-01  1.870E-01  2.300E+03  5.669E-03   CO
6       5        116.2    691.4731    433.5562   45.386  1.740E+01  3.080E+01  7.927E-02  1.394E-01  1.639E+03  6.979E-03   CO
7       6        154.9    806.6518    371.6504   35.004  1.258E+01  1.914E+01  3.027E-02  7.927E-02  1.019E+03  6.888E-03   CO
8       7        199.1    921.7997    325.2252   26.881  5.721E+00  1.054E+01  6.615E-03  3.027E-02  5.608E+02  5.657E-03   CO
9       8        248.9   1036.9124    289.1203   25.318  1.318E+00  5.936E+00  1.036E-03  6.615E-03  3.159E+02  4.536E-03   CO
10      9        304.2   1151.9855    260.2398   39.105  1.797E-01  2.923E+00  2.784E-04  1.036E-03  1.556E+02  3.063E-03   CO
11      10       365.0   1267.0145    236.6133   57.201  4.142E-02  1.302E+00  1.053E-04  2.784E-04  6.930E+01  1.815E-03   CO
12      11       431.3   1381.9951    216.9273   66.569  1.496E-02  5.766E-01  4.227E-05  1.053E-04  3.069E+01  1.043E-03   CO
13      12       503.1   1496.9229    200.2725   73.932  5.867E-03  2.559E-01  1.728E-05  4.227E-05  1.362E+01  5.883E-04   CO
14      13       580.5   1611.7935    185.9993   76.405  2.436E-03  1.074E-01  6.742E-06  1.728E-05  5.717E+00  3.083E-04   CO
15      14       663.4   1726.6025    173.6314   78.858  9.628E-04  4.287E-02  2.520E-06  6.742E-06  2.282E+00  1.513E-04   CO
16      15       751.7   1841.3455    162.8116   86.885  3.502E-04  1.753E-02  9.701E-07  2.520E-06  9.330E-01  7.501E-05   CO
1       0         23.6    492.1607    609.1354  172.780  9.259E-03  1.486E+00  4.412E-01  1.686E-01  7.909E+01  1.214E-04   [CI]
2       1         62.5    809.3420    370.4151   61.310  3.738E-02  1.612E+00  3.902E-01  4.412E-01  8.579E+01  5.857E-04   [CI]
2       0         62.5   1301.5026    230.3433   81.094  8.057E-10  4.337E-08  3.902E-01  1.686E-01  2.308E-06  6.554E-11   [CI]
1       0          4.2     88.6316   3382.4556    2.855  2.282E+00  9.650E-02  3.899E-01  5.765E-01  5.136E+00  4.605E-08   HCN
2       1         12.8    177.2611   1691.2478    2.839  1.262E+00  3.949E-02  3.247E-02  3.899E-01  2.102E+00  1.508E-07   HCN
3       2         25.5    265.8864   1127.5207    3.288  9.750E-02  1.389E-02  9.379E-04  3.247E-02  7.393E-01  1.790E-07   HCN
4       3         42.5    354.5055    845.6638    8.194  2.395E-03  5.756E-03  1.512E-04  9.379E-04  3.064E-01  1.758E-07   HCN
5       4         63.8    443.1161    676.5550   16.304  3.128E-04  2.474E-03  5.015E-05  1.512E-04  1.317E-01  1.475E-07   HCN
6       5         89.3    531.7163    563.8203   24.272  9.092E-05  1.246E-03  2.071E-05  5.015E-05  6.633E-02  1.284E-07   HCN
