      LINE         E_UP       FREQ        WAVEL     T_EX      TAU        T_R       POP        POP       FLUX        FLUX   SPECIES
                   (K)        (GHz)       (um)      (K)                  (K)        UP        LOW      (K*km/s) (erg/cm2/s)   SPECIES
1       0          5.5    115.2712   2600.7576  416.705  7.593E-01  2.198E+02  3.832E-02  1.295E-02  1.170E+04  2.307E-04   CO
2       1         16.6    230.5380   1300.4037  248.087  4.953E+00  2.407E+02  6.109E-02  3.832E-02  1.281E+04  2.021E-03   CO
3       2         33.2    345.7960    866.9634  245.818  1.063E+01  2.376E+02  7.994E-02  6.109E-02  1.264E+04  6.733E-03   CO
4       3         55.3    461.0408    650.2515  244.326  1.754E+01  2.334E+02  9.388E-02  7.994E-02  1.242E+04  1.568E-02   CO
5       4         83.0    576.2679    520.2310  241.659  2.496E+01  2.281E+02  1.023E-01  9.388E-02  1.214E+04  2.992E-02   CO
6       5        116.2    691.4731    433.5562  238.099  3.206E+01  2.219E+02  1.052E-01  1.023E-01  1.181E+04  5.029E-02   CO
7       6        154.9    806.6518    371.6504  232.691  3.824E+01  2.139E+02  1.028E-01  1.052E-01  1.138E+04  7.695E-02   CO
8       7        199.1    921.7997    325.2252  225.509  4.288E+01  2.041E+02  9.574E-02  1.028E-01  1.086E+04  1.096E-01   CO
9       8        248.9   1036.9124    289.1203  215.754  4.568E+01  1.918E+02  8.496E-02  9.574E-02  1.021E+04  1.466E-01   CO
10      9        304.2   1151.9855    260.2398  203.169  4.641E+01  1.768E+02  7.153E-02  8.496E-02  9.409E+03  1.852E-01   CO
11      10       365.0   1267.0145    236.6133  187.957  4.494E+01  1.592E+02  5.669E-02  7.153E-02  8.473E+03  2.219E-01   CO
12      11       431.3   1381.9951    216.9273  169.283  4.139E+01  1.383E+02  4.165E-02  5.669E-02  7.360E+03  2.502E-01   CO
13      12       503.1   1496.9229    200.2725  147.045  3.594E+01  1.140E+02  2.759E-02  4.165E-02  6.070E+03  2.622E-01   CO
14      13       580.5   1611.7935    185.9993  121.133  2.885E+01  8.655E+01  1.565E-02  2.759E-02  4.606E+03  2.484E-01   CO
15      14       663.4   1726.6025    173.6314   94.722  2.004E+01  5.925E+01  6.975E-03  1.565E-02  3.154E+03  2.091E-01   CO
16      15       751.7   1841.3455    162.8116   71.487  1.077E+01  3.618E+01  2.157E-03  6.975E-03  1.926E+03  1.548E-01   CO
1       0         23.6    492.1607    609.1354  320.283  4.019E-02  1.216E+01  3.666E-01  1.315E-01  6.471E+02  9.935E-04   [CI]
2       1         62.5    809.3420    370.4151  197.571  1.181E-01  1.992E+01  5.019E-01  3.666E-01  1.060E+03  7.239E-03   [CI]
2       0         62.5   1301.5026    230.3433  231.045  2.772E-09  5.578E-07  5.019E-01  1.315E-01  2.969E-05  8.430E-10   [CI]
1       0          4.2     88.6316   3382.4556    7.330  6.428E+00  4.270E+00  4.798E-01  2.857E-01  2.273E+02  2.038E-06   HCN
2       1         12.8    177.2611   1691.2478    6.223  1.218E+01  2.517E+00  2.038E-01  4.798E-01  1.340E+02  9.611E-06   HCN
3       2         25.5    265.8864   1127.5207    5.415  5.655E+00  1.212E+00  2.704E-02  2.038E-01  6.452E+01  1.562E-05   HCN
4       3         42.5    354.5055    845.6638    6.455  7.328E-01  6.651E-01  2.491E-03  2.704E-02  3.540E+01  2.031E-05   HCN
5       4         63.8    443.1161    676.5550   14.391  5.458E-02  3.335E-01  6.947E-04  2.491E-03  1.775E+01  1.989E-05   HCN
6       5         89.3    531.7163    563.8203   23.712  1.276E-02  1.673E-01  2.799E-04  6.947E-04  8.906E+00  1.724E-05   HCN
