      LINE         E_UP       FREQ        WAVEL     T_EX      TAU        T_R       POP        POP       FLUX        FLUX   SPECIES
                   (K)        (GHz)       (um)      (K)                  (K)        UP        LOW      (K*km/s) (erg/cm2/s)   SPECIES
1       0          5.5    115.2712   2600.7576  129.859  2.487E+01  1.263E+02  6.109E-02  2.125E-02  6.721E+03  1.326E-04   CO
2       1         16.6    230.5380   1300.4037  129.859  9.328E+01  1.242E+02  9.349E-02  6.109E-02  6.611E+03  1.043E-03   CO
3       2         33.2    345.7960    866.9634  129.853  1.886E+02  1.217E+02  1.152E-01  9.349E-02  6.477E+03  3.449E-03   CO
4       3         55.3    461.0408    650.2515  129.836  2.885E+02  1.191E+02  1.249E-01  1.152E-01  6.338E+03  7.999E-03   CO
5       4         83.0    576.2679    520.2310  129.808  3.717E+02  1.165E+02  1.234E-01  1.249E-01  6.199E+03  1.528E-02   CO
6       5        116.2    691.4731    433.5562  129.762  4.230E+02  1.139E+02  1.129E-01  1.234E-01  6.061E+03  2.581E-02   CO
7       6        154.9    806.6518    371.6504  129.693  4.359E+02  1.113E+02  9.664E-02  1.129E-01  5.924E+03  4.004E-02   CO
8       7        199.1    921.7997    325.2252  129.580  4.130E+02  1.087E+02  7.785E-02  9.664E-02  5.786E+03  5.837E-02   CO
9       8        248.9   1036.9124    289.1203  129.405  3.633E+02  1.061E+02  5.923E-02  7.785E-02  5.648E+03  8.109E-02   CO
10      9        304.2   1151.9855    260.2398  129.093  2.985E+02  1.034E+02  4.266E-02  5.923E-02  5.504E+03  1.084E-01   CO
11      10       365.0   1267.0145    236.6133  128.594  2.305E+02  1.006E+02  2.912E-02  4.266E-02  5.353E+03  1.402E-01   CO
12      11       431.3   1381.9951    216.9273  127.703  1.676E+02  9.740E+01  1.883E-02  2.912E-02  5.184E+03  1.762E-01   CO
13      12       503.1   1496.9229    200.2725  125.990  1.153E+02  9.346E+01  1.150E-02  1.883E-02  4.975E+03  2.149E-01   CO
14      13       580.5   1611.7935    185.9993  122.244  7.534E+01  8.762E+01  6.559E-03  1.150E-02  4.664E+03  2.515E-01   CO
15      14       663.4   1726.6025    173.6314  114.294  4.686E+01  7.783E+01  3.395E-03  6.559E-03  4.142E+03  2.746E-01   CO
16      15       751.7   1841.3455    162.8116   99.719  2.741E+01  6.198E+01  1.490E-03  3.395E-03  3.299E+03  2.652E-01   CO
1       0         23.6    492.1607    609.1354  130.381  6.836E-01  5.889E+01  3.808E-01  1.521E-01  3.134E+03  4.812E-03   [CI]
2       1         62.5    809.3420    370.4151  126.781  1.145E+00  7.386E+01  4.671E-01  3.808E-01  3.931E+03  2.684E-02   [CI]
2       0         62.5   1301.5026    230.3433  128.118  3.295E-08  3.276E-06  4.671E-01  1.521E-01  1.744E-04  4.950E-09   [CI]
1       0          4.2     88.6316   3382.4556   27.257  4.659E+00  2.383E+01  2.567E-01  1.000E-01  1.268E+03  1.137E-05   HCN
2       1         12.8    177.2611   1691.2478   23.548  1.673E+01  1.916E+01  2.981E-01  2.567E-01  1.020E+03  7.314E-05   HCN
3       2         25.5    265.8864   1127.5207   20.135  2.707E+01  1.430E+01  2.214E-01  2.981E-01  7.614E+02  1.843E-04   HCN
4       3         42.5    354.5055    845.6638   16.097  2.662E+01  9.028E+00  9.894E-02  2.214E-01  4.805E+02  2.757E-04   HCN
5       4         63.8    443.1161    676.5550   12.485  1.449E+01  4.726E+00  2.202E-02  9.894E-02  2.515E+02  2.818E-04   HCN
6       5         89.3    531.7163    563.8203   10.424  3.537E+00  2.343E+00  2.250E-03  2.202E-02  1.247E+02  2.414E-04   HCN
