      LINE         E_UP       FREQ        WAVEL     T_EX      TAU        T_R       POP        POP       FLUX        FLUX   SPECIES
                   (K)        (GHz)       (um)      (K)                  (K)        UP        LOW      (K*km/s) (erg/cm2/s)   SPECIES
1       0          5.5    115.2712   2600.7576  104.028  9.902E+00  1.004E+02  7.716E-02  2.712E-02  5.346E+03  1.055E-04   CO
2       1         16.6    230.5380   1300.4037  103.900  3.660E+01  9.827E+01  1.156E-01  7.716E-02  5.231E+03  8.253E-04   CO
3       2         33.2    345.7960    866.9634  103.843  7.213E+01  9.573E+01  1.379E-01  1.156E-01  5.095E+03  2.713E-03   CO
4       3         55.3    461.0408    650.2515  103.667  1.065E+02  9.299E+01  1.433E-01  1.379E-01  4.949E+03  6.246E-03   CO
5       4         83.0    576.2679    520.2310  103.367  1.310E+02  9.015E+01  1.340E-01  1.433E-01  4.798E+03  1.183E-02   CO
6       5        116.2    691.4731    433.5562  102.859  1.410E+02  8.716E+01  1.147E-01  1.340E-01  4.639E+03  1.975E-02   CO
7       6        154.9    806.6518    371.6504  102.030  1.361E+02  8.389E+01  9.055E-02  1.147E-01  4.465E+03  3.018E-02   CO
8       7        199.1    921.7997    325.2252  100.549  1.196E+02  8.005E+01  6.610E-02  9.055E-02  4.260E+03  4.298E-02   CO
9       8        248.9   1036.9124    289.1203   97.885  9.671E+01  7.510E+01  4.443E-02  6.610E-02  3.997E+03  5.739E-02   CO
10      9        304.2   1151.9855    260.2398   92.612  7.258E+01  6.770E+01  2.703E-02  4.443E-02  3.603E+03  7.094E-02   CO
11      10       365.0   1267.0145    236.6133   83.433  5.040E+01  5.669E+01  1.428E-02  2.703E-02  3.017E+03  7.904E-02   CO
12      11       431.3   1381.9951    216.9273   69.265  3.142E+01  4.132E+01  5.960E-03  1.428E-02  2.199E+03  7.475E-02   CO
13      12       503.1   1496.9229    200.2725   52.111  1.578E+01  2.419E+01  1.621E-03  5.960E-03  1.288E+03  5.563E-02   CO
14      13       580.5   1611.7935    185.9993   36.848  4.995E+00  1.073E+01  2.134E-04  1.621E-03  5.711E+02  3.080E-02   CO
15      14       663.4   1726.6025    173.6314   34.444  6.758E-01  4.035E+00  2.058E-05  2.134E-04  2.148E+02  1.424E-02   CO
16      15       751.7   1841.3455    162.8116   51.485  5.824E-02  1.095E+00  3.936E-06  2.058E-05  5.830E+01  4.687E-03   CO
1       0         23.6    492.1607    609.1354  106.225  2.241E-01  1.904E+01  3.964E-01  1.650E-01  1.014E+03  1.556E-03   [CI]
2       1         62.5    809.3420    370.4151   94.851  3.811E-01  2.432E+01  4.386E-01  3.964E-01  1.295E+03  8.839E-03   [CI]
2       0         62.5   1301.5026    230.3433   98.853  1.090E-08  7.726E-07  4.386E-01  1.650E-01  4.112E-05  1.168E-09   [CI]
1       0          4.2     88.6316   3382.4556    8.322  8.484E+00  5.244E+00  4.711E-01  2.618E-01  2.791E+02  2.502E-06   HCN
2       1         12.8    177.2611   1691.2478    6.946  1.796E+01  3.148E+00  2.307E-01  4.711E-01  1.675E+02  1.202E-05   HCN
3       2         25.5    265.8864   1127.5207    5.670  1.003E+01  1.383E+00  3.402E-02  2.307E-01  7.361E+01  1.782E-05   HCN
4       3         42.5    354.5055    845.6638    5.497  1.503E+00  6.016E-01  1.981E-03  3.402E-02  3.202E+01  1.837E-05   HCN
5       4         63.8    443.1161    676.5550   10.666  7.697E-02  2.477E-01  3.296E-04  1.981E-03  1.318E+01  1.477E-05   HCN
6       5         89.3    531.7163    563.8203   18.803  1.081E-02  9.510E-02  1.003E-04  3.296E-04  5.062E+00  9.799E-06   HCN
