      LINE         E_UP       FREQ        WAVEL     T_EX      TAU        T_R       POP        POP       FLUX        FLUX   SPECIES
                   (K)        (GHz)       (um)      (K)                  (K)        UP        LOW      (K*km/s) (erg/cm2/s)   SPECIES
1       0          5.5    115.2712   2600.7576  1.304E+03  5.137E-02  6.509E+01  1.626E-01  5.442E-02  3.465E+03  6.834E-05   CO
2       1         16.6    230.5380   1300.4037   58.926  4.133E+00  5.252E+01  2.246E-01  1.626E-01  2.795E+03  4.411E-04   CO
3       2         33.2    345.7960    866.9634   51.462  8.269E+00  4.356E+01  2.277E-01  2.246E-01  2.319E+03  1.235E-03   CO
4       3         55.3    461.0408    650.2515   44.428  1.134E+01  3.427E+01  1.779E-01  2.277E-01  1.824E+03  2.302E-03   CO
5       4         83.0    576.2679    520.2310   36.488  1.165E+01  2.439E+01  1.019E-01  1.779E-01  1.298E+03  3.199E-03   CO
6       5        116.2    691.4731    433.5562   29.200  8.353E+00  1.568E+01  3.865E-02  1.019E-01  8.346E+02  3.554E-03   CO
7       6        154.9    806.6518    371.6504   24.162  3.669E+00  9.517E+00  8.985E-03  3.865E-02  5.065E+02  3.424E-03   CO
8       7        199.1    921.7997    325.2252   26.732  8.530E-01  5.998E+00  1.946E-03  8.985E-03  3.192E+02  3.220E-03   CO
9       8        248.9   1036.9124    289.1203   43.413  1.541E-01  3.311E+00  6.912E-04  1.946E-03  1.762E+02  2.531E-03   CO
10      9        304.2   1151.9855    260.2398   61.280  4.721E-02  1.740E+00  3.099E-04  6.912E-04  9.262E+01  1.823E-03   CO
11      10       365.0   1267.0145    236.6133   73.407  1.989E-02  9.284E-01  1.483E-04  3.099E-04  4.941E+01  1.294E-03   CO
12      11       431.3   1381.9951    216.9273   83.611  9.165E-03  4.998E-01  7.290E-05  1.483E-04  2.660E+01  9.043E-04   CO
13      12       503.1   1496.9229    200.2725   93.290  4.381E-03  2.708E-01  3.645E-05  7.290E-05  1.441E+01  6.225E-04   CO
14      13       580.5   1611.7935    185.9993   95.535  2.246E-03  1.391E-01  1.742E-05  3.645E-05  7.405E+00  3.993E-04   CO
15      14       663.4   1726.6025    173.6314   99.832  1.081E-03  6.924E-02  8.120E-06  1.742E-05  3.685E+00  2.443E-04   CO
16      15       751.7   1841.3455    162.8116  112.093  4.832E-04  3.558E-02  3.929E-06  8.120E-06  1.894E+00  1.523E-04   CO
1       0         23.6    492.1607    609.1354  126.236  6.795E-03  7.773E-01  4.599E-01  1.848E-01  4.137E+01  6.352E-05   [CI]
2       1         62.5    809.3420    370.4151   50.507  2.233E-02  7.409E-01  3.552E-01  4.599E-01  3.944E+01  2.692E-04   [CI]
2       0         62.5   1301.5026    230.3433   65.326  5.074E-10  1.979E-08  3.552E-01  1.848E-01  1.053E-06  2.990E-11   [CI]
1       0          4.2     88.6316   3382.4556    2.789  1.174E+00  3.621E-02  3.826E-01  5.861E-01  1.927E+00  1.728E-08   HCN
2       1         12.8    177.2611   1691.2478    2.791  6.221E-01  1.462E-02  3.027E-02  3.826E-01  7.780E-01  5.580E-08   HCN
3       2         25.5    265.8864   1127.5207    3.190  4.566E-02  5.296E-03  7.757E-04  3.027E-02  2.819E-01  6.824E-08   HCN
4       3         42.5    354.5055    845.6638    8.187  9.932E-04  2.384E-03  1.249E-04  7.757E-04  1.269E-01  7.280E-08   HCN
5       4         63.8    443.1161    676.5550   17.729  1.241E-04  1.137E-03  4.599E-05  1.249E-04  6.053E-02  6.782E-08   HCN
6       5         89.3    531.7163    563.8203   26.707  3.953E-05  6.304E-04  2.090E-05  4.599E-05  3.355E-02  6.495E-08   HCN
