      LINE         E_UP       FREQ        WAVEL     T_EX      TAU        T_R       POP        POP       FLUX        FLUX   SPECIES
                   (K)        (GHz)       (um)      (K)                  (K)        UP        LOW      (K*km/s) (erg/cm2/s)   SPECIES
1       0          5.5    115.2712   2600.7576   16.691  3.786E+00  1.294E+01  4.100E-01  1.904E-01  6.888E+02  1.359E-05   CO
2       1         16.6    230.5380   1300.4037   13.520  1.076E+01  8.540E+00  3.015E-01  4.100E-01  4.545E+02  7.172E-05   CO
3       2         33.2    345.7960    866.9634   10.633  1.006E+01  4.373E+00  8.863E-02  3.015E-01  2.328E+02  1.239E-04   CO
4       3         55.3    461.0408    650.2515    8.516  3.294E+00  1.706E+00  8.478E-03  8.863E-02  9.081E+01  1.146E-04   CO
5       4         83.0    576.2679    520.2310   10.687  3.055E-01  5.915E-01  7.790E-04  8.478E-03  3.148E+01  7.759E-05   CO
6       5        116.2    691.4731    433.5562   18.473  2.480E-02  1.617E-01  1.527E-04  7.790E-04  8.604E+00  3.664E-05   CO
7       6        154.9    806.6518    371.6504   23.653  4.623E-03  4.315E-02  3.430E-05  1.527E-04  2.297E+00  1.552E-05   CO
8       7        199.1    921.7997    325.2252   27.161  1.023E-03  1.104E-02  7.625E-06  3.430E-05  5.877E-01  5.928E-06   CO
9       8        248.9   1036.9124    289.1203   30.192  2.261E-04  2.680E-03  1.640E-06  7.625E-06  1.426E-01  2.048E-06   CO
10      9        304.2   1151.9855    260.2398   32.823  4.852E-05  6.112E-04  3.363E-07  1.640E-06  3.253E-02  6.405E-07   CO
11      10       365.0   1267.0145    236.6133   35.391  9.940E-06  1.321E-04  6.607E-08  3.363E-07  7.033E-03  1.842E-07   CO
12      11       431.3   1381.9951    216.9273   38.102  1.945E-06  2.744E-05  1.260E-08  6.607E-08  1.460E-03  4.964E-08   CO
13      12       503.1   1496.9229    200.2725   42.757  3.627E-07  5.967E-06  2.535E-09  1.260E-08  3.176E-04  1.372E-08   CO
14      13       580.5   1611.7935    185.9993   43.208  7.413E-08  1.149E-06  4.544E-10  2.535E-09  6.115E-05  3.297E-09   CO
15      14       663.4   1726.6025    173.6314   41.898  1.363E-08  1.813E-07  6.722E-11  4.544E-10  9.652E-06  6.398E-10   CO
16      15       751.7   1841.3455    162.8116   47.045  1.965E-09  3.132E-08  1.094E-11  6.722E-11  1.667E-06  1.340E-10   CO
1       0         23.6    492.1607    609.1354   18.043  2.439E-02  2.105E-01  3.974E-01  4.906E-01  1.120E+01  1.720E-05   [CI]
2       1         62.5    809.3420    370.4151   21.847  9.452E-03  7.431E-02  1.119E-01  3.974E-01  3.955E+00  2.700E-05   [CI]
2       0         62.5   1301.5026    230.3433   20.234  6.602E-10  1.972E-09  1.119E-01  4.906E-01  1.050E-07  2.980E-12   [CI]
1       0          4.2     88.6316   3382.4556    2.732  3.805E-01  1.690E-03  3.764E-01  5.953E-01  8.993E-02  8.063E-10   HCN
2       1         12.8    177.2611   1691.2478    2.733  1.942E-01  5.882E-04  2.789E-02  3.764E-01  3.131E-02  2.246E-09   HCN
3       2         25.5    265.8864   1127.5207    2.774  1.341E-02  1.366E-04  3.923E-04  2.789E-02  7.268E-03  1.759E-09   HCN
4       3         42.5    354.5055    845.6638    4.081  1.787E-04  4.185E-05  7.802E-06  3.923E-04  2.227E-03  1.278E-09   HCN
5       4         63.8    443.1161    676.5550   12.022  2.912E-06  1.270E-05  1.626E-06  7.802E-06  6.761E-04  7.575E-10   HCN
6       5         89.3    531.7163    563.8203   18.704  5.347E-07  4.682E-06  4.911E-07  1.626E-06  2.492E-04  4.825E-10   HCN
