      LINE         E_UP       FREQ        WAVEL     T_EX      TAU        T_R       POP        POP       FLUX        FLUX   SPECIES
                   (K)        (GHz)       (um)      (K)                  (K)        UP        LOW      (K*km/s) (erg/cm2/s)   SPECIES
1       0          5.5    115.2712   2600.7576  156.110  2.615E+00  1.414E+02  6.155E-02  2.126E-02  7.524E+03  1.484E-04   CO
2       1         16.6    230.5380   1300.4037  143.291  1.076E+01  1.376E+02  9.496E-02  6.155E-02  7.326E+03  1.156E-03   CO
3       2         33.2    345.7960    866.9634  143.259  2.199E+01  1.351E+02  1.184E-01  9.496E-02  7.190E+03  3.829E-03   CO
4       3         55.3    461.0408    650.2515  142.142  3.435E+01  1.314E+02  1.303E-01  1.184E-01  6.992E+03  8.824E-03   CO
5       4         83.0    576.2679    520.2310  140.277  4.552E+01  1.269E+02  1.307E-01  1.303E-01  6.754E+03  1.665E-02   CO
6       5        116.2    691.4731    433.5562  137.377  5.367E+01  1.215E+02  1.214E-01  1.307E-01  6.464E+03  2.752E-02   CO
7       6        154.9    806.6518    371.6504  132.966  5.774E+01  1.145E+02  1.047E-01  1.214E-01  6.097E+03  4.121E-02   CO
8       7        199.1    921.7997    325.2252  126.353  5.751E+01  1.055E+02  8.357E-02  1.047E-01  5.616E+03  5.665E-02   CO
9       8        248.9   1036.9124    289.1203  116.776  5.336E+01  9.366E+01  6.099E-02  8.357E-02  4.985E+03  7.157E-02   CO
10      9        304.2   1151.9855    260.2398  103.360  4.602E+01  7.817E+01  3.949E-02  6.099E-02  4.161E+03  8.191E-02   CO
11      10       365.0   1267.0145    236.6133   86.648  3.595E+01  5.977E+01  2.144E-02  3.949E-02  3.181E+03  8.333E-02   CO
12      11       431.3   1381.9951    216.9273   67.691  2.396E+01  3.986E+01  8.747E-03  2.144E-02  2.122E+03  7.212E-02   CO
13      12       503.1   1496.9229    200.2725   49.664  1.186E+01  2.212E+01  2.224E-03  8.747E-03  1.177E+03  5.085E-02   CO
14      13       580.5   1611.7935    185.9993   37.126  3.425E+00  1.064E+01  2.973E-04  2.224E-03  5.663E+02  3.054E-02   CO
15      14       663.4   1726.6025    173.6314   41.730  4.474E-01  4.756E+00  4.363E-05  2.973E-04  2.531E+02  1.678E-02   CO
16      15       751.7   1841.3455    162.8116   65.315  5.595E-02  1.676E+00  1.200E-05  4.363E-05  8.920E+01  7.172E-03   CO
1       0         23.6    492.1607    609.1354  165.122  6.777E-02  1.006E+01  3.873E-01  1.489E-01  5.356E+02  8.223E-04   [CI]
2       1         62.5    809.3420    370.4151  117.561  1.563E-01  1.435E+01  4.638E-01  3.873E-01  7.639E+02  5.216E-03   [CI]
2       0         62.5   1301.5026    230.3433  131.931  3.970E-09  4.095E-07  4.638E-01  1.489E-01  2.179E-05  6.188E-10   [CI]
1       0          4.2     88.6316   3382.4556    5.476  7.867E+00  2.490E+00  4.951E-01  3.588E-01  1.325E+02  1.188E-06   HCN
2       1         12.8    177.2611   1691.2478    4.703  1.120E+01  1.274E+00  1.352E-01  4.951E-01  6.782E+01  4.865E-06   HCN
3       2         25.5    265.8864   1127.5207    4.279  3.125E+00  5.373E-01  9.590E-03  1.352E-01  2.860E+01  6.922E-06   HCN
4       3         42.5    354.5055    845.6638    6.510  2.061E-01  2.444E-01  9.035E-04  9.590E-03  1.301E+01  7.464E-06   HCN
5       4         63.8    443.1161    676.5550   14.816  1.552E-02  1.022E-01  2.628E-04  9.035E-04  5.439E+00  6.094E-06   HCN
6       5         89.3    531.7163    563.8203   21.092  4.084E-03  4.419E-02  9.264E-05  2.628E-04  2.352E+00  4.553E-06   HCN
