      LINE         E_UP       FREQ        WAVEL     T_EX      TAU        T_R       POP        POP       FLUX        FLUX   SPECIES
                   (K)        (GHz)       (um)      (K)                  (K)        UP        LOW      (K*km/s) (erg/cm2/s)   SPECIES
1       0          5.5    115.2712   2600.7576   30.000  1.061E+03  2.648E+01  2.230E-01  8.940E-02  1.410E+03  2.780E-05   CO
2       1         16.6    230.5380   1300.4037   30.000  3.231E+03  2.461E+01  2.571E-01  2.230E-01  1.310E+03  2.067E-04   CO
3       2         33.2    345.7960    866.9634   30.000  4.614E+03  2.243E+01  2.070E-01  2.571E-01  1.194E+03  6.356E-04   CO
4       3         55.3    461.0408    650.2515   29.999  4.336E+03  2.028E+01  1.273E-01  2.070E-01  1.079E+03  1.362E-03   CO
5       4         83.0    576.2679    520.2310   29.999  2.987E+03  1.826E+01  6.188E-02  1.273E-01  9.721E+02  2.396E-03   CO
6       5        116.2    691.4731    433.5562   29.997  1.580E+03  1.640E+01  2.419E-02  6.188E-02  8.730E+02  3.717E-03   CO
7       6        154.9    806.6518    371.6504   29.990  6.591E+02  1.469E+01  7.676E-03  2.419E-02  7.817E+02  5.284E-03   CO
8       7        199.1    921.7997    325.2252   29.960  2.198E+02  1.310E+01  1.987E-03  7.676E-03  6.970E+02  7.031E-03   CO
9       8        248.9   1036.9124    289.1203   29.806  5.922E+01  1.155E+01  4.182E-04  1.987E-03  6.145E+02  8.823E-03   CO
10      9        304.2   1151.9855    260.2398   28.327  1.304E+01  9.152E+00  6.565E-05  4.182E-04  4.871E+02  9.591E-03   CO
11      10       365.0   1267.0145    236.6133   23.270  2.192E+00  4.273E+00  5.271E-06  6.565E-05  2.274E+02  5.957E-03   CO
12      11       431.3   1381.9951    216.9273   22.461  1.784E-01  5.966E-01  2.990E-07  5.271E-06  3.175E+01  1.079E-03   CO
13      12       503.1   1496.9229    200.2725   24.481  1.002E-02  4.021E-02  1.716E-08  2.990E-07  2.140E+00  9.245E-05   CO
14      13       580.5   1611.7935    185.9993   24.624  5.765E-04  2.014E-03  7.968E-10  1.716E-08  1.072E-01  5.781E-06   CO
15      14       663.4   1726.6025    173.6314   24.742  2.676E-05  8.070E-05  2.991E-11  7.968E-10  4.295E-03  2.847E-07   CO
16      15       751.7   1841.3455    162.8116   24.939  1.002E-06  2.637E-06  9.206E-13  2.991E-11  1.403E-04  1.128E-08   CO
1       0         23.6    492.1607    609.1354   29.996  1.242E+01  1.972E+01  4.569E-01  3.347E-01  1.049E+03  1.611E-03   [CI]
2       1         62.5    809.3420    370.4151   29.982  9.495E+00  1.464E+01  2.084E-01  4.569E-01  7.792E+02  5.320E-03   [CI]
2       0         62.5   1301.5026    230.3433   29.987  4.132E-07  3.672E-06  2.084E-01  3.347E-01  1.954E-04  5.549E-09   [CI]
1       0          4.2     88.6316   3382.4556   23.112  1.449E+01  1.992E+01  2.657E-01  1.064E-01  1.060E+03  9.506E-06   HCN
2       1         12.8    177.2611   1691.2478   21.883  4.619E+01  1.751E+01  3.001E-01  2.657E-01  9.321E+02  6.686E-05   HCN
3       2         25.5    265.8864   1127.5207   19.348  7.042E+01  1.355E+01  2.173E-01  3.001E-01  7.209E+02  1.745E-04   HCN
4       3         42.5    354.5055    845.6638   15.456  6.711E+01  8.446E+00  9.292E-02  2.173E-01  4.495E+02  2.579E-04   HCN
5       4         63.8    443.1161    676.5550   11.110  3.564E+01  3.670E+00  1.675E-02  9.292E-02  1.953E+02  2.189E-04   HCN
6       5         89.3    531.7163    563.8203    7.839  7.113E+00  1.021E+00  7.634E-04  1.675E-02  5.433E+01  1.052E-04   HCN
