      LINE         E_UP       FREQ        WAVEL     T_EX      TAU        T_R       POP        POP       FLUX        FLUX   SPECIES
                   (K)        (GHz)       (um)      (K)                  (K)        UP        LOW      (K*km/s) (erg/cm2/s)   SPECIES
1       0          5.5    115.2712   2600.7576   29.350  2.427E+00  2.355E+01  3.142E-01  1.265E-01  1.254E+03  2.473E-05   CO
2       1         16.6    230.5380   1300.4037   22.447  9.101E+00  1.717E+01  3.199E-01  3.142E-01  9.139E+02  1.442E-04   CO
3       2         33.2    345.7960    866.9634   18.506  1.268E+01  1.139E+01  1.827E-01  3.199E-01  6.065E+02  3.229E-04   CO
4       3         55.3    461.0408    650.2515   14.291  9.154E+00  5.968E+00  4.994E-02  1.827E-01  3.176E+02  4.009E-04   CO
5       4         83.0    576.2679    520.2310   11.713  2.793E+00  2.703E+00  5.756E-03  4.994E-02  1.439E+02  3.545E-04   CO
6       5        116.2    691.4731    433.5562   15.371  3.080E-01  1.148E+00  7.854E-04  5.756E-03  6.111E+01  2.602E-04   CO
7       6        154.9    806.6518    371.6504   26.076  3.619E-02  4.031E-01  2.053E-04  7.854E-04  2.145E+01  1.450E-04   CO
8       7        199.1    921.7997    325.2252   32.866  8.935E-03  1.385E-01  6.057E-05  2.053E-04  7.369E+00  7.434E-05   CO
9       8        248.9   1036.9124    289.1203   37.515  2.589E-03  4.649E-02  1.797E-05  6.057E-05  2.474E+00  3.553E-05   CO
10      9        304.2   1151.9855    260.2398   41.847  7.587E-04  1.526E-02  5.298E-06  1.797E-05  8.121E-01  1.599E-05   CO
11      10       365.0   1267.0145    236.6133   46.024  2.218E-04  4.907E-03  1.548E-06  5.298E-06  2.612E-01  6.842E-06   CO
12      11       431.3   1381.9951    216.9273   49.959  6.438E-05  1.540E-03  4.462E-07  1.548E-06  8.198E-02  2.787E-06   CO
13      12       503.1   1496.9229    200.2725   55.594  1.815E-05  4.938E-04  1.323E-07  4.462E-07  2.628E-02  1.135E-06   CO
14      13       580.5   1611.7935    185.9993   56.162  5.506E-06  1.437E-04  3.586E-08  1.323E-07  7.647E-03  4.124E-07   CO
15      14       663.4   1726.6025    173.6314   56.349  1.523E-06  3.766E-05  8.808E-09  3.586E-08  2.004E-03  1.329E-07   CO
16      15       751.7   1841.3455    162.8116   62.594  3.643E-07  1.037E-05  2.285E-09  8.808E-09  5.521E-04  4.439E-08   CO
1       0         23.6    492.1607    609.1354   30.184  1.993E-02  3.925E-01  4.665E-01  3.401E-01  2.089E+01  3.207E-05   [CI]
2       1         62.5    809.3420    370.4151   27.918  1.590E-02  2.028E-01  1.934E-01  4.665E-01  1.080E+01  7.370E-05   [CI]
2       0         62.5   1301.5026    230.3433   28.734  6.736E-10  5.400E-09  1.934E-01  3.401E-01  2.874E-07  8.160E-12   [CI]
1       0          4.2     88.6316   3382.4556    2.740  6.010E-01  5.368E-03  3.773E-01  5.940E-01  2.857E-01  2.562E-09   HCN
2       1         12.8    177.2611   1691.2478    2.741  3.083E-01  1.977E-03  2.823E-02  3.773E-01  1.052E-01  7.547E-09   HCN
3       2         25.5    265.8864   1127.5207    2.842  2.150E-02  5.442E-04  4.437E-04  2.823E-02  2.896E-02  7.012E-09   HCN
4       3         42.5    354.5055    845.6638    5.182  3.132E-04  1.972E-04  2.139E-05  4.437E-04  1.050E-02  6.022E-09   HCN
5       4         63.8    443.1161    676.5550   14.124  1.187E-05  7.186E-05  5.801E-06  2.139E-05  3.825E-03  4.286E-09   HCN
6       5         89.3    531.7163    563.8203   21.515  2.821E-06  3.164E-05  2.094E-06  5.801E-06  1.684E-03  3.261E-09   HCN
