      LINE         E_UP       FREQ        WAVEL     T_EX      TAU        T_R       POP        POP       FLUX        FLUX   SPECIES
                   (K)        (GHz)       (um)      (K)                  (K)        UP        LOW      (K*km/s) (erg/cm2/s)   SPECIES
1       0          5.5    115.2712   2600.7576   80.000  1.609E+03  7.643E+01  9.567E-02  3.417E-02  4.068E+03  8.024E-05   CO
2       1         16.6    230.5380   1300.4037   80.000  5.803E+03  7.440E+01  1.389E-01  9.567E-02  3.960E+03  6.249E-04   CO
3       2         33.2    345.7960    866.9634   80.000  1.099E+04  7.195E+01  1.580E-01  1.389E-01  3.830E+03  2.039E-03   CO
4       3         55.3    461.0408    650.2515   80.000  1.533E+04  6.944E+01  1.540E-01  1.580E-01  3.696E+03  4.664E-03   CO
5       4         83.0    576.2679    520.2310   80.000  1.754E+04  6.697E+01  1.332E-01  1.540E-01  3.564E+03  8.784E-03   CO
6       5        116.2    691.4731    433.5562   80.000  1.727E+04  6.455E+01  1.040E-01  1.332E-01  3.436E+03  1.463E-02   CO
7       6        154.9    806.6518    371.6504   80.000  1.500E+04  6.220E+01  7.396E-02  1.040E-01  3.311E+03  2.238E-02   CO
8       7        199.1    921.7997    325.2252   80.000  1.166E+04  5.991E+01  4.822E-02  7.396E-02  3.189E+03  3.216E-02   CO
9       8        248.9   1036.9124    289.1203   79.999  8.199E+03  5.768E+01  2.893E-02  4.822E-02  3.070E+03  4.408E-02   CO
10      9        304.2   1151.9855    260.2398   79.999  5.246E+03  5.551E+01  1.602E-02  2.893E-02  2.955E+03  5.817E-02   CO
11      10       365.0   1267.0145    236.6133   79.998  3.073E+03  5.341E+01  8.205E-03  1.602E-02  2.843E+03  7.446E-02   CO
12      11       431.3   1381.9951    216.9273   79.995  1.651E+03  5.136E+01  3.892E-03  8.205E-03  2.734E+03  9.293E-02   CO
13      12       503.1   1496.9229    200.2725   79.989  8.165E+02  4.937E+01  1.712E-03  3.892E-03  2.628E+03  1.135E-01   CO
14      13       580.5   1611.7935    185.9993   79.971  3.726E+02  4.743E+01  6.991E-04  1.712E-03  2.525E+03  1.361E-01   CO
15      14       663.4   1726.6025    173.6314   79.917  1.570E+02  4.552E+01  2.650E-04  6.991E-04  2.423E+03  1.606E-01   CO
16      15       751.7   1841.3455    162.8116   79.749  6.123E+01  4.356E+01  9.313E-05  2.650E-04  2.319E+03  1.864E-01   CO
1       0         23.6    492.1607    609.1354   79.999  3.153E+01  6.877E+01  4.043E-01  1.811E-01  3.660E+03  5.619E-03   [CI]
2       1         62.5    809.3420    370.4151   79.997  4.450E+01  6.214E+01  4.146E-01  4.043E-01  3.307E+03  2.258E-02   [CI]
2       0         62.5   1301.5026    230.3433   79.998  1.384E-06  7.304E-05  4.146E-01  1.811E-01  3.888E-03  1.104E-07   [CI]
1       0          4.2     88.6316   3382.4556  107.068  8.800E+00  1.038E+02  8.043E-02  2.790E-02  5.525E+03  4.954E-05   HCN
2       1         12.8    177.2611   1691.2478   66.251  5.232E+01  6.170E+01  1.179E-01  8.043E-02  3.284E+03  2.355E-04   HCN
3       2         25.5    265.8864   1127.5207   89.748  7.592E+01  8.340E+01  1.432E-01  1.179E-01  4.439E+03  1.075E-03   HCN
4       3         42.5    354.5055    845.6638   67.214  1.482E+02  5.903E+01  1.429E-01  1.432E-01  3.142E+03  1.803E-03   HCN
5       4         63.8    443.1161    676.5550   90.011  1.353E+02  7.979E+01  1.379E-01  1.429E-01  4.247E+03  4.758E-03   HCN
6       5         89.3    531.7163    563.8203   61.953  2.057E+02  5.007E+01  1.080E-01  1.379E-01  2.665E+03  5.159E-03   HCN
