      LINE         E_UP       FREQ        WAVEL     T_EX      TAU        T_R       POP        POP       FLUX        FLUX   SPECIES
                   (K)        (GHz)       (um)      (K)                  (K)        UP        LOW      (K*km/s) (erg/cm2/s)   SPECIES
1       0          5.5    115.2712   2600.7576  179.850  2.069E+01  1.763E+02  4.469E-02  1.536E-02  9.382E+03  1.851E-04   CO
2       1         16.6    230.5380   1300.4037  179.849  7.900E+01  1.742E+02  7.003E-02  4.469E-02  9.271E+03  1.463E-03   CO
3       2         33.2    345.7960    866.9634  179.844  1.645E+02  1.716E+02  8.940E-02  7.003E-02  9.135E+03  4.865E-03   CO
4       3         55.3    461.0408    650.2515  179.833  2.622E+02  1.690E+02  1.016E-01  8.940E-02  8.994E+03  1.135E-02   CO
5       4         83.0    576.2679    520.2310  179.813  3.562E+02  1.663E+02  1.065E-01  1.016E-01  8.853E+03  2.182E-02   CO
6       5        116.2    691.4731    433.5562  179.784  4.323E+02  1.637E+02  1.047E-01  1.065E-01  8.713E+03  3.710E-02   CO
7       6        154.9    806.6518    371.6504  179.739  4.810E+02  1.611E+02  9.737E-02  1.047E-01  8.573E+03  5.795E-02   CO
8       7        199.1    921.7997    325.2252  179.675  4.976E+02  1.585E+02  8.626E-02  9.737E-02  8.434E+03  8.508E-02   CO
9       8        248.9   1036.9124    289.1203  179.582  4.837E+02  1.558E+02  7.308E-02  8.626E-02  8.295E+03  1.191E-01   CO
10      9        304.2   1151.9855    260.2398  179.431  4.443E+02  1.532E+02  5.935E-02  7.308E-02  8.154E+03  1.605E-01   CO
11      10       365.0   1267.0145    236.6133  179.229  3.881E+02  1.505E+02  4.630E-02  5.935E-02  8.013E+03  2.099E-01   CO
12      11       431.3   1381.9951    216.9273  178.908  3.231E+02  1.478E+02  3.474E-02  4.630E-02  7.866E+03  2.674E-01   CO
13      12       503.1   1496.9229    200.2725  178.415  2.571E+02  1.449E+02  2.508E-02  3.474E-02  7.712E+03  3.332E-01   CO
14      13       580.5   1611.7935    185.9993  177.516  1.962E+02  1.416E+02  1.742E-02  2.508E-02  7.539E+03  4.065E-01   CO
15      14       663.4   1726.6025    173.6314  176.056  1.436E+02  1.379E+02  1.163E-02  1.742E-02  7.338E+03  4.864E-01   CO
16      15       751.7   1841.3455    162.8116  173.257  1.012E+02  1.328E+02  7.436E-03  1.163E-02  7.069E+03  5.684E-01   CO
1       0         23.6    492.1607    609.1354  180.566  7.368E-01  8.811E+01  3.680E-01  1.398E-01  4.690E+03  7.200E-03   [CI]
2       1         62.5    809.3420    370.4151  176.483  1.313E+00  1.153E+02  4.922E-01  3.680E-01  6.138E+03  4.191E-02   [CI]
2       0         62.5   1301.5026    230.3433  178.005  3.681E-08  5.470E-06  4.922E-01  1.398E-01  2.912E-04  8.267E-09   [CI]
1       0          4.2     88.6316   3382.4556   48.306  2.805E+00  4.235E+01  1.789E-01  6.513E-02  2.254E+03  2.021E-05   HCN
2       1         12.8    177.2611   1691.2478   38.761  1.201E+01  3.427E+01  2.394E-01  1.789E-01  1.824E+03  1.308E-04   HCN
3       2         25.5    265.8864   1127.5207   34.857  2.250E+01  2.875E+01  2.324E-01  2.394E-01  1.530E+03  3.704E-04   HCN
4       3         42.5    354.5055    845.6638   29.698  2.960E+01  2.197E+01  1.685E-01  2.324E-01  1.169E+03  6.708E-04   HCN
5       4         63.8    443.1161    676.5550   23.994  2.812E+01  1.490E+01  8.489E-02  1.685E-01  7.932E+02  8.888E-04   HCN
6       5         89.3    531.7163    563.8203   18.744  1.760E+01  8.792E+00  2.571E-02  8.489E-02  4.680E+02  9.060E-04   HCN
