      LINE         E_UP       FREQ        WAVEL     T_EX      TAU        T_R       POP        POP       FLUX        FLUX   SPECIES
                   (K)        (GHz)       (um)      (K)                  (K)        UP        LOW      (K*km/s) (erg/cm2/s)   SPECIES
1       0          5.5    115.2712   2600.7576 -398.909 -4.546E-01  2.317E+02  3.529E-02  1.160E-02  1.233E+04  2.432E-04   CO
2       1         16.6    230.5380   1300.4037  348.376  2.062E+00  2.991E+02  5.697E-02  3.529E-02  1.592E+04  2.512E-03   CO
3       2         33.2    345.7960    866.9634  299.284  5.168E+00  2.894E+02  7.546E-02  5.697E-02  1.540E+04  8.202E-03   CO
4       3         55.3    461.0408    650.2515  290.673  8.842E+00  2.797E+02  8.991E-02  7.546E-02  1.489E+04  1.879E-02   CO
5       4         83.0    576.2679    520.2310  283.618  1.296E+01  2.700E+02  9.968E-02  8.991E-02  1.437E+04  3.542E-02   CO
6       5        116.2    691.4731    433.5562  275.422  1.719E+01  2.592E+02  1.044E-01  9.968E-02  1.379E+04  5.873E-02   CO
7       6        154.9    806.6518    371.6504  264.039  2.131E+01  2.452E+02  1.041E-01  1.044E-01  1.305E+04  8.820E-02   CO
8       7        199.1    921.7997    325.2252  250.023  2.494E+01  2.286E+02  9.881E-02  1.041E-01  1.216E+04  1.227E-01   CO
9       8        248.9   1036.9124    289.1203  232.667  2.781E+01  2.087E+02  8.917E-02  9.881E-02  1.111E+04  1.595E-01   CO
10      9        304.2   1151.9855    260.2398  212.725  2.952E+01  1.863E+02  7.600E-02  8.917E-02  9.915E+03  1.952E-01   CO
11      10       365.0   1267.0145    236.6133  191.092  2.971E+01  1.623E+02  6.055E-02  7.600E-02  8.638E+03  2.263E-01   CO
12      11       431.3   1381.9951    216.9273  167.276  2.817E+01  1.363E+02  4.427E-02  6.055E-02  7.254E+03  2.466E-01   CO
13      12       503.1   1496.9229    200.2725  141.683  2.481E+01  1.088E+02  2.880E-02  4.427E-02  5.790E+03  2.501E-01   CO
14      13       580.5   1611.7935    185.9993  114.303  1.979E+01  7.996E+01  1.572E-02  2.880E-02  4.256E+03  2.295E-01   CO
15      14       663.4   1726.6025    173.6314   88.963  1.320E+01  5.387E+01  6.621E-03  1.572E-02  2.867E+03  1.901E-01   CO
16      15       751.7   1841.3455    162.8116   69.401  6.549E+00  3.430E+01  1.973E-03  6.621E-03  1.826E+03  1.468E-01   CO
1       0         23.6    492.1607    609.1354  597.478  1.325E-02  7.710E+00  3.635E-01  1.261E-01  4.104E+02  6.300E-04   [CI]
2       1         62.5    809.3420    370.4151  226.699  6.521E-02  1.312E+01  5.104E-01  3.635E-01  6.983E+02  4.768E-03   [CI]
2       0         62.5   1301.5026    230.3433  296.210  1.345E-09  3.580E-07  5.104E-01  1.261E-01  1.905E-05  5.409E-10   [CI]
1       0          4.2     88.6316   3382.4556    5.699  5.862E+00  2.696E+00  4.917E-01  3.457E-01  1.435E+02  1.287E-06   HCN
2       1         12.8    177.2611   1691.2478    4.936  8.680E+00  1.455E+00  1.462E-01  4.917E-01  7.745E+01  5.555E-06   HCN
3       2         25.5    265.8864   1127.5207    4.680  2.643E+00  7.192E-01  1.340E-02  1.462E-01  3.828E+01  9.267E-06   HCN
4       3         42.5    354.5055    845.6638    7.561  2.208E-01  3.905E-01  1.815E-03  1.340E-02  2.078E+01  1.192E-05   HCN
5       4         63.8    443.1161    676.5550   17.273  2.302E-02  1.993E-01  6.476E-04  1.815E-03  1.061E+01  1.189E-05   HCN
6       5         89.3    531.7163    563.8203   25.696  7.170E-03  1.073E-01  2.835E-04  6.476E-04  5.709E+00  1.105E-05   HCN
