      LINE         E_UP       FREQ        WAVEL     T_EX      TAU        T_R       POP        POP       FLUX        FLUX   SPECIES
                   (K)        (GHz)       (um)      (K)                  (K)        UP        LOW      (K*km/s) (erg/cm2/s)   SPECIES
1       0          5.5    115.2712   2600.7576  724.676  4.350E-01  2.544E+02  3.042E-02  1.022E-02  1.354E+04  2.670E-04   CO
2       1         16.6    230.5380   1300.4037  319.943  3.857E+00  3.076E+02  4.897E-02  3.042E-02  1.637E+04  2.583E-03   CO
3       2         33.2    345.7960    866.9634  312.911  8.487E+00  3.046E+02  6.502E-02  4.897E-02  1.621E+04  8.633E-03   CO
4       3         55.3    461.0408    650.2515  311.463  1.422E+01  3.005E+02  7.786E-02  6.502E-02  1.600E+04  2.019E-02   CO
5       4         83.0    576.2679    520.2310  308.945  2.063E+01  2.953E+02  8.701E-02  7.786E-02  1.572E+04  3.874E-02   CO
6       5        116.2    691.4731    433.5562  305.846  2.712E+01  2.896E+02  9.226E-02  8.701E-02  1.541E+04  6.562E-02   CO
7       6        154.9    806.6518    371.6504  300.844  3.326E+01  2.819E+02  9.360E-02  9.226E-02  1.500E+04  1.014E-01   CO
8       7        199.1    921.7997    325.2252  294.360  3.851E+01  2.728E+02  9.128E-02  9.360E-02  1.452E+04  1.465E-01   CO
9       8        248.9   1036.9124    289.1203  285.513  4.258E+01  2.614E+02  8.570E-02  9.128E-02  1.391E+04  1.997E-01   CO
10      9        304.2   1151.9855    260.2398  274.431  4.514E+01  2.477E+02  7.744E-02  8.570E-02  1.318E+04  2.596E-01   CO
11      10       365.0   1267.0145    236.6133  261.529  4.597E+01  2.323E+02  6.722E-02  7.744E-02  1.236E+04  3.239E-01   CO
12      11       431.3   1381.9951    216.9273  245.608  4.511E+01  2.139E+02  5.577E-02  6.722E-02  1.139E+04  3.871E-01   CO
13      12       503.1   1496.9229    200.2725  226.033  4.269E+01  1.920E+02  4.383E-02  5.577E-02  1.022E+04  4.415E-01   CO
14      13       580.5   1611.7935    185.9993  200.812  3.907E+01  1.646E+02  3.203E-02  4.383E-02  8.761E+03  4.725E-01   CO
15      14       663.4   1726.6025    173.6314  172.434  3.378E+01  1.343E+02  2.117E-02  3.203E-02  7.149E+03  4.739E-01   CO
16      15       751.7   1841.3455    162.8116  142.859  2.677E+01  1.032E+02  1.214E-02  2.117E-02  5.493E+03  4.416E-01   CO
1       0         23.6    492.1607    609.1354  409.043  3.852E-02  1.501E+01  3.593E-01  1.269E-01  7.991E+02  1.227E-03   [CI]
2       1         62.5    809.3420    370.4151  254.056  1.158E-01  2.571E+01  5.139E-01  3.593E-01  1.368E+03  9.341E-03   [CI]
2       0         62.5   1301.5026    230.3433  296.545  2.699E-09  7.190E-07  5.139E-01  1.269E-01  3.827E-05  1.087E-09   [CI]
1       0          4.2     88.6316   3382.4556    9.342  5.550E+00  6.222E+00  4.489E-01  2.359E-01  3.311E+02  2.969E-06   HCN
2       1         12.8    177.2611   1691.2478    7.892  1.270E+01  3.996E+00  2.546E-01  4.489E-01  2.127E+02  1.525E-05   HCN
3       2         25.5    265.8864   1127.5207    6.709  8.358E+00  2.119E+00  5.320E-02  2.546E-01  1.128E+02  2.731E-05   HCN
4       3         42.5    354.5055    845.6638    6.689  1.802E+00  1.184E+00  5.376E-03  5.320E-02  6.302E+01  3.616E-05   HCN
5       4         63.8    443.1161    676.5550   12.342  1.578E-01  6.734E-01  1.173E-03  5.376E-03  3.584E+01  4.016E-05   HCN
6       5         89.3    531.7163    563.8203   23.930  2.699E-02  3.566E-01  4.772E-04  1.173E-03  1.898E+01  3.675E-05   HCN
