      LINE         E_UP       FREQ        WAVEL     T_EX      TAU        T_R       POP        POP       FLUX        FLUX   SPECIES
                   (K)        (GHz)       (um)      (K)                  (K)        UP        LOW      (K*km/s) (erg/cm2/s)   SPECIES
1       0          5.5    115.2712   2600.7576  254.982  5.171E+01  2.514E+02  3.173E-02  1.081E-02  1.338E+04  2.639E-04   CO
2       1         16.6    230.5380   1300.4037  254.983  2.001E+02  2.493E+02  5.064E-02  3.173E-02  1.327E+04  2.094E-03   CO
3       2         33.2    345.7960    866.9634  254.983  4.262E+02  2.467E+02  6.643E-02  5.064E-02  1.313E+04  6.993E-03   CO
4       3         55.3    461.0408    650.2515  254.982  7.011E+02  2.441E+02  7.831E-02  6.643E-02  1.299E+04  1.640E-02   CO
5       4         83.0    576.2679    520.2310  254.981  9.917E+02  2.414E+02  8.587E-02  7.831E-02  1.285E+04  3.167E-02   CO
6       5        116.2    691.4731    433.5562  254.979  1.265E+03  2.387E+02  8.910E-02  8.587E-02  1.271E+04  5.411E-02   CO
7       6        154.9    806.6518    371.6504  254.976  1.492E+03  2.361E+02  8.832E-02  8.910E-02  1.257E+04  8.495E-02   CO
8       7        199.1    921.7997    325.2252  254.972  1.651E+03  2.335E+02  8.415E-02  8.832E-02  1.243E+04  1.254E-01   CO
9       8        248.9   1036.9124    289.1203  254.966  1.732E+03  2.309E+02  7.738E-02  8.415E-02  1.229E+04  1.764E-01   CO
10      9        304.2   1151.9855    260.2398  254.957  1.733E+03  2.283E+02  6.885E-02  7.738E-02  1.215E+04  2.392E-01   CO
11      10       365.0   1267.0145    236.6133  254.947  1.664E+03  2.258E+02  5.941E-02  6.885E-02  1.202E+04  3.147E-01   CO
12      11       431.3   1381.9951    216.9273  254.933  1.536E+03  2.232E+02  4.978E-02  5.941E-02  1.188E+04  4.038E-01   CO
13      12       503.1   1496.9229    200.2725  254.915  1.368E+03  2.207E+02  4.056E-02  4.978E-02  1.175E+04  5.074E-01   CO
14      13       580.5   1611.7935    185.9993  254.880  1.179E+03  2.182E+02  3.216E-02  4.056E-02  1.161E+04  6.261E-01   CO
15      14       663.4   1726.6025    173.6314  254.834  9.825E+02  2.156E+02  2.483E-02  3.216E-02  1.148E+04  7.608E-01   CO
16      15       751.7   1841.3455    162.8116  254.764  7.942E+02  2.131E+02  1.869E-02  2.483E-02  1.134E+04  9.121E-01   CO
1       0         23.6    492.1607    609.1354  254.945  2.493E+00  2.232E+02  3.576E-01  1.308E-01  1.188E+04  1.824E-02   [CI]
2       1         62.5    809.3420    370.4151  254.413  4.582E+00  2.331E+02  5.116E-01  3.576E-01  1.241E+04  8.470E-02   [CI]
2       0         62.5   1301.5026    230.3433  254.614  1.269E-07  2.850E-05  5.116E-01  1.308E-01  1.517E-03  4.307E-08   [CI]
1       0          4.2     88.6316   3382.4556  2.050E+03  8.528E-02  1.673E+02  4.810E-02  1.607E-02  8.906E+03  7.985E-05   HCN
2       1         12.8    177.2611   1691.2478   74.917  8.814E+00  7.034E+01  7.156E-02  4.810E-02  3.744E+03  2.686E-04   HCN
3       2         25.5    265.8864   1127.5207   92.629  1.415E+01  8.628E+01  8.729E-02  7.156E-02  4.592E+03  1.112E-03   HCN
4       3         42.5    354.5055    845.6638   30.265  5.493E+01  2.252E+01  6.397E-02  8.729E-02  1.199E+03  6.877E-04   HCN
5       4         63.8    443.1161    676.5550  -23.631 -1.328E+02  1.718E+59  1.923E-01  6.397E-02  9.146E+60  1.025E+55   HCN
6       5         89.3    531.7163    563.8203   65.996  8.613E+01  5.405E+01  1.544E-01  1.923E-01  2.877E+03  5.570E-03   HCN
