      LINE         E_UP       FREQ        WAVEL     T_EX      TAU        T_R       POP        POP       FLUX        FLUX   SPECIES
                   (K)        (GHz)       (um)      (K)                  (K)        UP        LOW      (K*km/s) (erg/cm2/s)   SPECIES
1       0          5.5    115.2712   2600.7576 -492.100 -1.465E-01  7.818E+01  1.401E-01  4.616E-02  4.161E+03  8.208E-05   CO
2       1         16.6    230.5380   1300.4037   72.085  3.726E+00  6.490E+01  2.002E-01  1.401E-01  3.454E+03  5.450E-04   CO
3       2         33.2    345.7960    866.9634   63.042  7.792E+00  5.505E+01  2.154E-01  2.002E-01  2.930E+03  1.560E-03   CO
4       3         55.3    461.0408    650.2515   55.463  1.133E+01  4.513E+01  1.858E-01  2.154E-01  2.402E+03  3.031E-03   CO
5       4         83.0    576.2679    520.2310   46.578  1.291E+01  3.411E+01  1.254E-01  1.858E-01  1.815E+03  4.474E-03   CO
6       5        116.2    691.4731    433.5562   37.689  1.116E+01  2.350E+01  6.146E-02  1.254E-01  1.251E+03  5.326E-03   CO
7       6        154.9    806.6518    371.6504   29.891  6.678E+00  1.458E+01  1.942E-02  6.146E-02  7.761E+02  5.246E-03   CO
8       7        199.1    921.7997    325.2252   26.299  2.336E+00  9.129E+00  4.093E-03  1.942E-02  4.859E+02  4.901E-03   CO
9       8        248.9   1036.9124    289.1203   34.145  4.590E-01  5.559E+00  1.065E-03  4.093E-03  2.959E+02  4.248E-03   CO
10      9        304.2   1151.9855    260.2398   55.558  9.713E-02  3.001E+00  4.352E-04  1.065E-03  1.597E+02  3.145E-03   CO
11      10       365.0   1267.0145    236.6133   72.141  3.555E-02  1.605E+00  2.052E-04  4.352E-04  8.543E+01  2.238E-03   CO
12      11       431.3   1381.9951    216.9273   83.269  1.601E-02  8.651E-01  1.006E-04  2.052E-04  4.605E+01  1.565E-03   CO
13      12       503.1   1496.9229    200.2725   93.233  7.612E-03  4.693E-01  5.026E-05  1.006E-04  2.498E+01  1.079E-03   CO
14      13       580.5   1611.7935    185.9993   95.973  3.887E-03  2.422E-01  2.411E-05  5.026E-05  1.289E+01  6.951E-04   CO
15      14       663.4   1726.6025    173.6314  100.492  1.876E-03  1.212E-01  1.130E-05  2.411E-05  6.453E+00  4.278E-04   CO
16      15       751.7   1841.3455    162.8116  112.665  8.437E-04  6.257E-02  5.490E-06  1.130E-05  3.330E+00  2.678E-04   CO
1       0         23.6    492.1607    609.1354  178.877  5.725E-03  9.552E-01  4.487E-01  1.707E-01  5.084E+01  7.805E-05   [CI]
2       1         62.5    809.3420    370.4151   57.532  2.509E-02  9.982E-01  3.807E-01  4.487E-01  5.313E+01  3.627E-04   [CI]
2       0         62.5   1301.5026    230.3433   77.382  5.306E-10  2.670E-08  3.807E-01  1.707E-01  1.421E-06  4.034E-11   [CI]
1       0          4.2     88.6316   3382.4556    2.813  1.464E+00  5.554E-02  3.852E-01  5.825E-01  2.956E+00  2.650E-08   HCN
2       1         12.8    177.2611   1691.2478    2.812  7.876E-01  2.272E-02  3.117E-02  3.852E-01  1.209E+00  8.674E-08   HCN
3       2         25.5    265.8864   1127.5207    3.278  5.907E-02  8.387E-03  8.894E-04  3.117E-02  4.464E-01  1.081E-07   HCN
4       3         42.5    354.5055    845.6638    8.567  1.414E-03  3.777E-03  1.570E-04  8.894E-04  2.010E-01  1.153E-07   HCN
5       4         63.8    443.1161    676.5550   17.762  1.962E-04  1.804E-03  5.794E-05  1.570E-04  9.600E-02  1.076E-07   HCN
6       5         89.3    531.7163    563.8203   26.680  6.274E-05  9.989E-04  2.631E-05  5.794E-05  5.317E-02  1.029E-07   HCN
