      LINE         E_UP       FREQ        WAVEL     T_EX      TAU        T_R       POP        POP       FLUX        FLUX   SPECIES
                   (K)        (GHz)       (um)      (K)                  (K)        UP        LOW      (K*km/s) (erg/cm2/s)   SPECIES
1       0          5.5    115.2712   2600.7576  314.527  2.386E+00  2.823E+02  2.868E-02  9.729E-03  1.503E+04  2.964E-04   CO
2       1         16.6    230.5380   1300.4037  297.887  9.798E+00  2.922E+02  4.605E-02  2.868E-02  1.555E+04  2.454E-03   CO
3       2         33.2    345.7960    866.9634  298.620  2.098E+01  2.904E+02  6.099E-02  4.605E-02  1.545E+04  8.230E-03   CO
4       3         55.3    461.0408    650.2515  298.408  3.492E+01  2.875E+02  7.281E-02  6.099E-02  1.530E+04  1.931E-02   CO
5       4         83.0    576.2679    520.2310  297.923  5.018E+01  2.843E+02  8.110E-02  7.281E-02  1.513E+04  3.729E-02   CO
6       5        116.2    691.4731    433.5562  297.440  6.520E+01  2.812E+02  8.573E-02  8.110E-02  1.496E+04  6.372E-02   CO
7       6        154.9    806.6518    371.6504  296.507  7.869E+01  2.776E+02  8.681E-02  8.573E-02  1.477E+04  9.986E-02   CO
8       7        199.1    921.7997    325.2252  295.356  8.943E+01  2.738E+02  8.470E-02  8.681E-02  1.457E+04  1.470E-01   CO
9       8        248.9   1036.9124    289.1203  293.651  9.672E+01  2.695E+02  7.991E-02  8.470E-02  1.434E+04  2.059E-01   CO
10      9        304.2   1151.9855    260.2398  291.277  1.002E+02  2.645E+02  7.305E-02  7.991E-02  1.408E+04  2.772E-01   CO
11      10       365.0   1267.0145    236.6133  288.606  9.975E+01  2.593E+02  6.481E-02  7.305E-02  1.380E+04  3.615E-01   CO
12      11       431.3   1381.9951    216.9273  284.920  9.586E+01  2.530E+02  5.581E-02  6.481E-02  1.347E+04  4.578E-01   CO
13      12       503.1   1496.9229    200.2725  279.991  8.919E+01  2.456E+02  4.664E-02  5.581E-02  1.307E+04  5.647E-01   CO
14      13       580.5   1611.7935    185.9993  271.738  8.092E+01  2.349E+02  3.768E-02  4.664E-02  1.250E+04  6.742E-01   CO
15      14       663.4   1726.6025    173.6314  260.732  7.124E+01  2.215E+02  2.931E-02  3.768E-02  1.179E+04  7.815E-01   CO
16      15       751.7   1841.3455    162.8116  245.841  6.093E+01  2.043E+02  2.178E-02  2.931E-02  1.087E+04  8.743E-01   CO
1       0         23.6    492.1607    609.1354  319.132  1.242E-01  3.592E+01  3.570E-01  1.281E-01  1.912E+03  2.935E-03   [CI]
2       1         62.5    809.3420    370.4151  268.526  2.745E-01  5.991E+01  5.149E-01  3.570E-01  3.189E+03  2.177E-02   [CI]
2       0         62.5   1301.5026    230.3433  285.655  7.081E-09  1.810E-06  5.149E-01  1.281E-01  9.632E-05  2.735E-09   [CI]
1       0          4.2     88.6316   3382.4556   20.550  3.845E+00  1.699E+01  3.104E-01  1.273E-01  9.046E+02  8.110E-06   HCN
2       1         12.8    177.2611   1691.2478   17.066  1.313E+01  1.277E+01  3.143E-01  3.104E-01  6.798E+02  4.876E-05   HCN
3       2         25.5    265.8864   1127.5207   14.433  1.788E+01  8.862E+00  1.818E-01  3.143E-01  4.717E+02  1.142E-04   HCN
4       3         42.5    354.5055    845.6638   11.824  1.280E+01  5.257E+00  5.543E-02  1.818E-01  2.798E+02  1.605E-04   HCN
5       4         63.8    443.1161    676.5550   10.204  4.356E+00  2.974E+00  8.428E-03  5.543E-02  1.583E+02  1.774E-04   HCN
6       5         89.3    531.7163    563.8203   12.885  6.403E-01  1.931E+00  1.375E-03  8.428E-03  1.028E+02  1.990E-04   HCN
