      LINE         E_UP       FREQ        WAVEL     T_EX      TAU        T_R       POP        POP       FLUX        FLUX   SPECIES
                   (K)        (GHz)       (um)      (K)                  (K)        UP        LOW      (K*km/s) (erg/cm2/s)   SPECIES
1       0          5.5    115.2712   2600.7576   63.069  2.780E+00  5.581E+01  1.625E-01  5.912E-02  2.971E+03  5.860E-05   CO
2       1         16.6    230.5380   1300.4037   54.597  1.112E+01  4.906E+01  2.211E-01  1.625E-01  2.611E+03  4.120E-04   CO
3       2         33.2    345.7960    866.9634   51.543  2.042E+01  4.365E+01  2.243E-01  2.211E-01  2.323E+03  1.237E-03   CO
4       3         55.3    461.0408    650.2515   46.108  2.727E+01  3.592E+01  1.785E-01  2.243E-01  1.912E+03  2.413E-03   CO
5       4         83.0    576.2679    520.2310   38.395  2.836E+01  2.621E+01  1.062E-01  1.785E-01  1.395E+03  3.438E-03   CO
6       5        116.2    691.4731    433.5562   29.281  2.182E+01  1.576E+01  4.039E-02  1.062E-01  8.387E+02  3.571E-03   CO
7       6        154.9    806.6518    371.6504   20.867  1.017E+01  7.178E+00  7.290E-03  4.039E-02  3.821E+02  2.583E-03   CO
8       7        199.1    921.7997    325.2252   16.427  2.004E+00  2.778E+00  5.591E-04  7.290E-03  1.479E+02  1.492E-03   CO
9       8        248.9   1036.9124    289.1203   22.918  1.445E-01  8.614E-01  7.124E-05  5.591E-04  4.585E+01  6.583E-04   CO
10      9        304.2   1151.9855    260.2398   32.979  1.672E-02  2.109E-01  1.473E-05  7.124E-05  1.122E+01  2.210E-04   CO
11      10       365.0   1267.0145    236.6133   36.752  3.409E-03  4.891E-02  3.084E-06  1.473E-05  2.603E+00  6.819E-05   CO
12      11       431.3   1381.9951    216.9273   39.527  7.112E-04  1.083E-02  6.260E-07  3.084E-06  5.763E-01  1.959E-05   CO
13      12       503.1   1496.9229    200.2725   42.877  1.430E-04  2.367E-03  1.266E-07  6.260E-07  1.260E-01  5.441E-06   CO
14      13       580.5   1611.7935    185.9993   43.795  2.926E-05  4.667E-04  2.324E-08  1.266E-07  2.484E-02  1.340E-06   CO
15      14       663.4   1726.6025    173.6314   43.797  5.456E-06  8.027E-05  3.746E-09  2.324E-08  4.272E-03  2.832E-07   CO
16      15       751.7   1841.3455    162.8116   47.260  8.684E-07  1.398E-05  6.147E-10  3.746E-09  7.443E-04  5.984E-08   CO
1       0         23.6    492.1607    609.1354   61.962  3.882E-02  1.938E+00  4.639E-01  2.264E-01  1.032E+02  1.584E-04   [CI]
2       1         62.5    809.3420    370.4151   42.469  6.319E-02  1.590E+00  3.097E-01  4.639E-01  8.464E+01  5.779E-04   [CI]
2       0         62.5   1301.5026    230.3433   48.203  1.842E-09  4.334E-08  3.097E-01  2.264E-01  2.307E-06  6.550E-11   [CI]
1       0          4.2     88.6316   3382.4556    2.833  2.900E+00  8.405E-02  3.878E-01  5.802E-01  4.474E+00  4.011E-08   HCN
2       1         12.8    177.2611   1691.2478    2.809  1.582E+00  3.195E-02  3.128E-02  3.878E-01  1.700E+00  1.220E-07   HCN
3       2         25.5    265.8864   1127.5207    3.045  1.189E-01  8.608E-03  6.627E-04  3.128E-02  4.582E-01  1.109E-07   HCN
4       3         42.5    354.5055    845.6638    6.246  2.276E-03  2.641E-03  5.591E-05  6.627E-04  1.406E-01  8.065E-08   HCN
5       4         63.8    443.1161    676.5550   12.852  1.616E-04  8.107E-04  1.306E-05  5.591E-05  4.315E-02  4.835E-08   HCN
6       5         89.3    531.7163    563.8203   18.553  3.425E-05  2.955E-04  3.901E-06  1.306E-05  1.573E-02  3.045E-08   HCN
