      LINE         E_UP       FREQ        WAVEL     T_EX      TAU        T_R       POP        POP       FLUX        FLUX   SPECIES
                   (K)        (GHz)       (um)      (K)                  (K)        UP        LOW      (K*km/s) (erg/cm2/s)   SPECIES
1       0          5.5    115.2712   2600.7576   57.592  9.682E-01  3.351E+01  2.579E-01  9.462E-02  1.784E+03  3.518E-05   CO
2       1         16.6    230.5380   1300.4037   30.395  5.856E+00  2.493E+01  2.986E-01  2.579E-01  1.327E+03  2.094E-04   CO
3       2         33.2    345.7960    866.9634   25.841  9.474E+00  1.839E+01  2.200E-01  2.986E-01  9.786E+02  5.211E-04   CO
4       3         55.3    461.0408    650.2515   21.038  9.109E+00  1.187E+01  9.880E-02  2.200E-01  6.319E+02  7.974E-04   CO
5       4         83.0    576.2679    520.2310   17.080  4.893E+00  6.778E+00  2.392E-02  9.880E-02  3.607E+02  8.891E-04   CO
6       5        116.2    691.4731    433.5562   17.282  1.235E+00  4.041E+00  4.142E-03  2.392E-02  2.151E+02  9.158E-04   CO
7       6        154.9    806.6518    371.6504   27.752  1.856E-01  2.161E+00  1.185E-03  4.142E-03  1.150E+02  7.775E-04   CO
8       7        199.1    921.7997    325.2252   43.138  4.470E-02  1.081E+00  4.815E-04  1.185E-03  5.755E+01  5.805E-04   CO
9       8        248.9   1036.9124    289.1203   52.823  1.709E-02  5.388E-01  2.098E-04  4.815E-04  2.868E+01  4.118E-04   CO
10      9        304.2   1151.9855    260.2398   61.596  7.157E-03  2.712E-01  9.449E-05  2.098E-04  1.444E+01  2.842E-04   CO
11      10       365.0   1267.0145    236.6133   71.167  3.099E-03  1.394E-01  4.404E-05  9.449E-05  7.418E+00  1.943E-04   CO
12      11       431.3   1381.9951    216.9273   79.650  1.408E-03  7.181E-02  2.082E-05  4.404E-05  3.822E+00  1.299E-04   CO
13      12       503.1   1496.9229    200.2725   88.536  6.489E-04  3.725E-02  9.986E-06  2.082E-05  1.983E+00  8.564E-05   CO
14      13       580.5   1611.7935    185.9993   89.233  3.221E-04  1.806E-02  4.508E-06  9.986E-06  9.612E-01  5.183E-05   CO
15      14       663.4   1726.6025    173.6314   92.238  1.474E-04  8.389E-03  1.962E-06  4.508E-06  4.465E-01  2.960E-05   CO
16      15       751.7   1841.3455    162.8116  104.377  6.129E-05  4.066E-03  8.958E-07  1.962E-06  2.164E-01  1.740E-05   CO
1       0         23.6    492.1607    609.1354   47.785  1.100E-02  4.041E-01  4.781E-01  2.612E-01  2.151E+01  3.302E-05   [CI]
2       1         62.5    809.3420    370.4151   34.767  1.459E-02  2.736E-01  2.607E-01  4.781E-01  1.456E+01  9.941E-05   [CI]
2       0         62.5   1301.5026    230.3433   38.760  4.673E-10  7.278E-09  2.607E-01  2.612E-01  3.874E-07  1.100E-11   [CI]
1       0          4.2     88.6316   3382.4556    2.750  5.983E-01  9.108E-03  3.784E-01  5.923E-01  4.848E-01  4.347E-09   HCN
2       1         12.8    177.2611   1691.2478    2.754  3.090E-01  3.547E-03  2.871E-02  3.784E-01  1.888E-01  1.354E-08   HCN
3       2         25.5    265.8864   1127.5207    2.968  2.181E-02  1.215E-03  5.456E-04  2.871E-02  6.468E-02  1.566E-08   HCN
4       3         42.5    354.5055    845.6638    6.760  3.679E-04  5.373E-04  5.663E-05  5.456E-04  2.860E-02  1.641E-08   HCN
5       4         63.8    443.1161    676.5550   17.273  2.859E-05  2.504E-04  2.021E-05  5.663E-05  1.333E-02  1.494E-08   HCN
6       5         89.3    531.7163    563.8203   26.254  8.795E-06  1.366E-04  9.035E-06  2.021E-05  7.268E-03  1.407E-08   HCN
