      LINE         E_UP       FREQ        WAVEL     T_EX      TAU        T_R       POP        POP       FLUX        FLUX   SPECIES
                   (K)        (GHz)       (um)      (K)                  (K)        UP        LOW      (K*km/s) (erg/cm2/s)   SPECIES
1       0          5.5    115.2712   2600.7576 -391.764 -4.036E-01  1.966E+02  4.877E-02  1.603E-02  1.046E+04  2.064E-04   CO
2       1         16.6    230.5380   1300.4037  241.467  2.576E+00  2.179E+02  7.764E-02  4.877E-02  1.160E+04  1.830E-03   CO
3       2         33.2    345.7960    866.9634  214.833  6.124E+00  2.062E+02  1.006E-01  7.764E-02  1.097E+04  5.843E-03   CO
4       3         55.3    461.0408    650.2515  207.434  1.027E+01  1.966E+02  1.163E-01  1.006E-01  1.046E+04  1.320E-02   CO
5       4         83.0    576.2679    520.2310  199.245  1.475E+01  1.857E+02  1.237E-01  1.163E-01  9.886E+03  2.436E-02   CO
6       5        116.2    691.4731    433.5562  189.192  1.908E+01  1.731E+02  1.227E-01  1.237E-01  9.212E+03  3.923E-02   CO
7       6        154.9    806.6518    371.6504  175.900  2.288E+01  1.573E+02  1.136E-01  1.227E-01  8.370E+03  5.658E-02   CO
8       7        199.1    921.7997    325.2252  159.912  2.559E+01  1.388E+02  9.761E-02  1.136E-01  7.388E+03  7.453E-02   CO
9       8        248.9   1036.9124    289.1203  141.002  2.677E+01  1.176E+02  7.665E-02  9.761E-02  6.258E+03  8.985E-02   CO
10      9        304.2   1151.9855    260.2398  120.223  2.579E+01  9.469E+01  5.349E-02  7.665E-02  5.040E+03  9.923E-02   CO
11      10       365.0   1267.0145    236.6133   99.110  2.219E+01  7.180E+01  3.172E-02  5.349E-02  3.821E+03  1.001E-01   CO
12      11       431.3   1381.9951    216.9273   78.711  1.620E+01  5.015E+01  1.484E-02  3.172E-02  2.669E+03  9.074E-02   CO
13      12       503.1   1496.9229    200.2725   61.030  9.130E+00  3.200E+01  4.940E-03  1.484E-02  1.703E+03  7.356E-02   CO
14      13       580.5   1611.7935    185.9993   49.021  3.457E+00  1.948E+01  1.095E-03  4.940E-03  1.037E+03  5.592E-02   CO
15      14       663.4   1726.6025    173.6314   53.884  7.517E-01  1.198E+01  2.515E-04  1.095E-03  6.378E+02  4.228E-02   CO
16      15       751.7   1841.3455    162.8116   86.467  1.395E-01  6.471E+00  9.636E-05  2.515E-04  3.444E+02  2.769E-02   CO
1       0         23.6    492.1607    609.1354  513.579  1.010E-02  5.044E+00  3.763E-01  1.313E-01  2.684E+02  4.121E-04   [CI]
2       1         62.5    809.3420    370.4151  160.566  5.812E-02  8.014E+00  4.924E-01  3.763E-01  4.265E+02  2.912E-03   [CI]
2       0         62.5   1301.5026    230.3433  216.958  1.164E-09  2.179E-07  4.924E-01  1.313E-01  1.160E-05  3.292E-10   [CI]
1       0          4.2     88.6316   3382.4556    4.167  5.697E+00  1.261E+00  4.733E-01  4.378E-01  6.713E+01  6.019E-07   HCN
2       1         12.8    177.2611   1691.2478    3.764  5.748E+00  5.965E-01  8.229E-02  4.733E-01  3.175E+01  2.277E-06   HCN
3       2         25.5    265.8864   1127.5207    4.073  9.606E-01  2.853E-01  5.020E-03  8.229E-02  1.518E+01  3.675E-06   HCN
4       3         42.5    354.5055    845.6638    8.660  5.017E-02  1.342E-01  9.050E-04  5.020E-03  7.140E+00  4.097E-06   HCN
5       4         63.8    443.1161    676.5550   17.701  7.151E-03  6.512E-02  3.327E-04  9.050E-04  3.466E+00  3.884E-06   HCN
6       5         89.3    531.7163    563.8203   25.257  2.347E-03  3.425E-02  1.432E-04  3.327E-04  1.823E+00  3.529E-06   HCN
