      LINE         E_UP       FREQ        WAVEL     T_EX      TAU        T_R       POP        POP       FLUX        FLUX   SPECIES
                   (K)        (GHz)       (um)      (K)                  (K)        UP        LOW      (K*km/s) (erg/cm2/s)   SPECIES
1       0          5.5    115.2712   2600.7576   80.571  1.180E-16  8.502E-15  1.800E-02  3.622E-03  4.525E-13  8.926E-21   CO
2       1         16.6    230.5380   1300.4037  148.654  4.655E-17  0.000E+00  9.539E-03  1.800E-02  0.000E+00  0.000E+00   CO
3       2         33.2    345.7960    866.9634  110.599  3.128E-17  0.000E+00  2.247E-02  9.539E-03  0.000E+00  0.000E+00   CO
4       3         55.3    461.0408    650.2515  124.556  2.242E-17  0.000E+00  2.249E-02  2.247E-02  0.000E+00  0.000E+00   CO
5       4         83.0    576.2679    520.2310  192.125  1.779E-17  0.000E+00  3.437E-02  2.249E-02  0.000E+00  0.000E+00   CO
6       5        116.2    691.4731    433.5562  1.284E+03 -1.825E+04  1.268E+03  7.133E-01  3.437E-02  6.749E+04  2.873E-01   CO
7       6        154.9    806.6518    371.6504  325.011  2.124E+04  3.060E+02  3.910E-02  7.133E-01  1.629E+04  1.101E-01   CO
8       7        199.1    921.7997    325.2252  255.300  1.097E-17  0.000E+00  5.045E-02  3.910E-02  0.000E+00  0.000E+00   CO
9       8        248.9   1036.9124    289.1203  1.106E+03  9.708E-18  0.000E+00  6.442E-02  5.045E-02  0.000E+00  0.000E+00   CO
10      9        304.2   1151.9855    260.2398 -150.218 -5.863E+05 -1.796E+02  2.132E+01  6.442E-02 -9.557E+03 -1.882E-01   CO
11      10       365.0   1267.0145    236.6133  -27.012  6.424E+05 -6.796E+01  2.422E-02  2.132E+01 -3.617E+03 -9.475E-02   CO
12      11       431.3   1381.9951    216.9273   46.976  1.426E-04  3.046E-03  3.405E-02  2.422E-02  1.621E-01  5.511E-06   CO
13      12       503.1   1496.9229    200.2725 -1.238E+03  4.065E-15 -5.234E-12  3.040E-02  3.405E-02 -2.786E-10 -1.203E-14   CO
14      13       580.5   1611.7935    185.9993  407.695  6.081E-18  0.000E+00  2.482E-02  3.040E-02  0.000E+00  0.000E+00   CO
15      14       663.4   1726.6025    173.6314 -3.320E+03  5.640E-18  0.000E+00  3.414E-02  2.482E-02  0.000E+00  0.000E+00   CO
16      15       751.7   1841.3455    162.8116  179.643  5.253E-18  0.000E+00  2.232E-02  3.414E-02  0.000E+00  0.000E+00   CO
1       0         23.6    492.1607    609.1354  507.350  9.478E-02  4.482E+01  3.487E-01  1.218E-01  2.385E+03  3.662E-03   [CI]
2       1         62.5    809.3420    370.4151  417.442  2.227E-01  7.953E+01  5.295E-01  3.487E-01  4.233E+03  2.890E-02   [CI]
2       0         62.5   1301.5026    230.3433  447.424  5.620E-09  2.343E-06  5.295E-01  1.218E-01  1.247E-04  3.541E-09   [CI]
1       0          4.2     88.6316   3382.4556   31.925  2.390E+00  2.608E+01  2.473E-01  9.419E-02  1.388E+03  1.245E-05   HCN
2       1         12.8    177.2611   1691.2478   24.158  9.954E+00  1.976E+01  2.898E-01  2.473E-01  1.052E+03  7.544E-05   HCN
3       2         25.5    265.8864   1127.5207   21.063  1.607E+01  1.520E+01  2.214E-01  2.898E-01  8.092E+02  1.959E-04   HCN
4       3         42.5    354.5055    845.6638   17.609  1.594E+01  1.042E+01  1.083E-01  2.214E-01  5.545E+02  3.182E-04   HCN
5       4         63.8    443.1161    676.5550   14.621  9.382E+00  6.470E+00  3.092E-02  1.083E-01  3.444E+02  3.859E-04   HCN
6       5         89.3    531.7163    563.8203   13.376  2.921E+00  4.206E+00  5.423E-03  3.092E-02  2.239E+02  4.334E-04   HCN
