      LINE         E_UP       FREQ        WAVEL     T_EX      TAU        T_R       POP        POP       FLUX        FLUX   SPECIES
                   (K)        (GHz)       (um)      (K)                  (K)        UP        LOW      (K*km/s) (erg/cm2/s)   SPECIES
1       0          5.5    115.2712   2600.7576 -125.690 -6.928E-01  1.292E+02  8.621E-02  2.750E-02  6.878E+03  1.357E-04   CO
2       1         16.6    230.5380   1300.4037  138.743  2.465E+00  1.218E+02  1.327E-01  8.621E-02  6.482E+03  1.023E-03   CO
3       2         33.2    345.7960    866.9634  116.495  5.910E+00  1.081E+02  1.611E-01  1.327E-01  5.752E+03  3.063E-03   CO
4       3         55.3    461.0408    650.2515  107.106  9.589E+00  9.641E+01  1.684E-01  1.611E-01  5.131E+03  6.476E-03   CO
5       4         83.0    576.2679    520.2310   96.425  1.300E+01  8.326E+01  1.545E-01  1.684E-01  4.431E+03  1.092E-02   CO
6       5        116.2    691.4731    433.5562   84.308  1.524E+01  6.880E+01  1.232E-01  1.545E-01  3.662E+03  1.559E-02   CO
7       6        154.9    806.6518    371.6504   70.595  1.553E+01  5.300E+01  8.215E-02  1.232E-01  2.821E+03  1.907E-02   CO
8       7        199.1    921.7997    325.2252   56.942  1.308E+01  3.766E+01  4.281E-02  8.215E-02  2.004E+03  2.022E-02   CO
9       8        248.9   1036.9124    289.1203   44.774  8.377E+00  2.440E+01  1.575E-02  4.281E-02  1.299E+03  1.865E-02   CO
10      9        304.2   1151.9855    260.2398   36.990  3.526E+00  1.552E+01  3.904E-03  1.575E-02  8.260E+02  1.626E-02   CO
11      10       365.0   1267.0145    236.6133   41.108  8.627E-01  1.037E+01  9.741E-04  3.904E-03  5.519E+02  1.446E-02   CO
12      11       431.3   1381.9951    216.9273   66.278  1.747E-01  6.180E+00  3.892E-04  9.741E-04  3.289E+02  1.118E-02   CO
13      12       503.1   1496.9229    200.2725   91.843  5.938E-02  3.491E+00  1.923E-04  3.892E-04  1.858E+02  8.027E-03   CO
14      13       580.5   1611.7935    185.9993  100.432  2.880E-02  1.893E+00  9.560E-05  1.923E-04  1.007E+02  5.432E-03   CO
15      14       663.4   1726.6025    173.6314  107.540  1.420E-02  1.006E+00  4.729E-05  9.560E-05  5.356E+01  3.550E-03   CO
16      15       751.7   1841.3455    162.8116  120.143  6.750E-03  5.471E-01  2.413E-05  4.729E-05  2.912E+01  2.341E-03   CO
1       0         23.6    492.1607    609.1354  588.952  3.025E-03  1.743E+00  4.099E-01  1.422E-01  9.279E+01  1.425E-04   [CI]
2       1         62.5    809.3420    370.4151   92.045  3.207E-02  2.335E+00  4.479E-01  4.099E-01  1.243E+02  8.486E-04   [CI]
2       0         62.5   1301.5026    230.3433  135.171  5.894E-10  6.268E-08  4.479E-01  1.422E-01  3.336E-06  9.471E-11   [CI]
1       0          4.2     88.6316   3382.4556    2.989  2.722E+00  2.050E-01  4.029E-01  5.575E-01  1.091E+01  9.781E-08   HCN
2       1         12.8    177.2611   1691.2478    2.946  1.631E+00  8.806E-02  3.741E-02  4.029E-01  4.687E+00  3.362E-07   HCN
3       2         25.5    265.8864   1127.5207    3.639  1.401E-01  3.597E-02  1.571E-03  3.741E-02  1.915E+00  4.635E-07   HCN
4       3         42.5    354.5055    845.6638    9.589  4.795E-03  1.646E-02  3.426E-04  1.571E-03  8.763E-01  5.028E-07   HCN
5       4         63.8    443.1161    676.5550   18.151  8.448E-04  8.056E-03  1.297E-04  3.426E-04  4.288E-01  4.804E-07   HCN
6       5         89.3    531.7163    563.8203   26.924  2.788E-04  4.501E-03  5.943E-05  1.297E-04  2.396E-01  4.638E-07   HCN
