      LINE         E_UP       FREQ        WAVEL     T_EX      TAU        T_R       POP        POP       FLUX        FLUX   SPECIES
                   (K)        (GHz)       (um)      (K)                  (K)        UP        LOW      (K*km/s) (erg/cm2/s)   SPECIES
1       0          5.5    115.2712   2600.7576  154.641  1.406E+01  1.511E+02  5.196E-02  1.795E-02  8.040E+03  1.586E-04   CO
2       1         16.6    230.5380   1300.4037  154.618  5.329E+01  1.490E+02  8.063E-02  5.196E-02  7.928E+03  1.251E-03   CO
3       2         33.2    345.7960    866.9634  154.605  1.096E+02  1.464E+02  1.014E-01  8.063E-02  7.793E+03  4.150E-03   CO
4       3         55.3    461.0408    650.2515  154.571  1.717E+02  1.438E+02  1.130E-01  1.014E-01  7.652E+03  9.657E-03   CO
5       4         83.0    576.2679    520.2310  154.511  2.281E+02  1.411E+02  1.154E-01  1.130E-01  7.510E+03  1.851E-02   CO
6       5        116.2    691.4731    433.5562  154.418  2.694E+02  1.384E+02  1.101E-01  1.154E-01  7.367E+03  3.137E-02   CO
7       6        154.9    806.6518    371.6504  154.278  2.903E+02  1.357E+02  9.880E-02  1.101E-01  7.224E+03  4.883E-02   CO
8       7        199.1    921.7997    325.2252  154.063  2.894E+02  1.330E+02  8.403E-02  9.880E-02  7.079E+03  7.141E-02   CO
9       8        248.9   1036.9124    289.1203  153.748  2.698E+02  1.302E+02  6.794E-02  8.403E-02  6.930E+03  9.950E-02   CO
10      9        304.2   1151.9855    260.2398  153.215  2.365E+02  1.272E+02  5.235E-02  6.794E-02  6.772E+03  1.333E-01   CO
11      10       365.0   1267.0145    236.6133  152.433  1.962E+02  1.240E+02  3.847E-02  5.235E-02  6.602E+03  1.729E-01   CO
12      11       431.3   1381.9951    216.9273  151.117  1.543E+02  1.204E+02  2.696E-02  3.847E-02  6.407E+03  2.178E-01   CO
13      12       503.1   1496.9229    200.2725  148.796  1.156E+02  1.158E+02  1.797E-02  2.696E-02  6.161E+03  2.661E-01   CO
14      13       580.5   1611.7935    185.9993  144.260  8.278E+01  1.090E+02  1.129E-02  1.797E-02  5.803E+03  3.129E-01   CO
15      14       663.4   1726.6025    173.6314  135.815  5.674E+01  9.857E+01  6.556E-03  1.129E-02  5.246E+03  3.478E-01   CO
16      15       751.7   1841.3455    162.8116  121.210  3.703E+01  8.235E+01  3.366E-03  6.556E-03  4.383E+03  3.524E-01   CO
1       0         23.6    492.1607    609.1354  156.220  4.387E-01  5.139E+01  3.743E-01  1.451E-01  2.735E+03  4.199E-03   [CI]
2       1         62.5    809.3420    370.4151  148.754  7.785E-01  7.041E+01  4.805E-01  3.743E-01  3.748E+03  2.559E-02   [CI]
2       0         62.5   1301.5026    230.3433  151.492  2.187E-08  2.677E-06  4.805E-01  1.451E-01  1.425E-04  4.045E-09   [CI]
1       0          4.2     88.6316   3382.4556   24.135  4.589E+00  2.073E+01  2.789E-01  1.109E-01  1.103E+03  9.892E-06   HCN
2       1         12.8    177.2611   1691.2478   20.644  1.608E+01  1.629E+01  3.079E-01  2.789E-01  8.670E+02  6.219E-05   HCN
3       2         25.5    265.8864   1127.5207   17.466  2.452E+01  1.174E+01  2.076E-01  3.079E-01  6.247E+02  1.512E-04   HCN
4       3         42.5    354.5055    845.6638   13.929  2.142E+01  7.080E+00  7.869E-02  2.076E-01  3.768E+02  2.162E-04   HCN
5       4         63.8    443.1161    676.5550   11.044  9.563E+00  3.620E+00  1.402E-02  7.869E-02  1.927E+02  2.159E-04   HCN
6       5         89.3    531.7163    563.8203   10.380  1.791E+00  1.988E+00  1.418E-03  1.402E-02  1.058E+02  2.048E-04   HCN
