      LINE         E_UP       FREQ        WAVEL     T_EX      TAU        T_R       POP        POP       FLUX        FLUX   SPECIES
                   (K)        (GHz)       (um)      (K)                  (K)        UP        LOW      (K*km/s) (erg/cm2/s)   SPECIES
1       0          5.5    115.2712   2600.7576  179.699  3.577E+00  1.712E+02  4.869E-02  1.674E-02  9.111E+03  1.797E-04   CO
2       1         16.6    230.5380   1300.4037  174.441  1.405E+01  1.688E+02  7.617E-02  4.869E-02  8.983E+03  1.417E-03   CO
3       2         33.2    345.7960    866.9634  174.596  2.917E+01  1.664E+02  9.697E-02  7.617E-02  8.856E+03  4.716E-03   CO
4       3         55.3    461.0408    650.2515  174.180  4.645E+01  1.633E+02  1.098E-01  9.697E-02  8.694E+03  1.097E-02   CO
5       4         83.0    576.2679    520.2310  173.494  6.304E+01  1.600E+02  1.144E-01  1.098E-01  8.518E+03  2.099E-02   CO
6       5        116.2    691.4731    433.5562  172.466  7.644E+01  1.564E+02  1.116E-01  1.144E-01  8.325E+03  3.545E-02   CO
7       6        154.9    806.6518    371.6504  170.903  8.499E+01  1.523E+02  1.026E-01  1.116E-01  8.105E+03  5.479E-02   CO
8       7        199.1    921.7997    325.2252  168.590  8.792E+01  1.474E+02  8.947E-02  1.026E-01  7.847E+03  7.916E-02   CO
9       8        248.9   1036.9124    289.1203  165.146  8.546E+01  1.415E+02  7.398E-02  8.947E-02  7.532E+03  1.081E-01   CO
10      9        304.2   1151.9855    260.2398  159.768  7.864E+01  1.337E+02  5.785E-02  7.398E-02  7.117E+03  1.401E-01   CO
11      10       365.0   1267.0145    236.6133  151.992  6.871E+01  1.236E+02  4.247E-02  5.785E-02  6.579E+03  1.723E-01   CO
12      11       431.3   1381.9951    216.9273  140.394  5.708E+01  1.098E+02  2.878E-02  4.247E-02  5.846E+03  1.987E-01   CO
13      12       503.1   1496.9229    200.2725  124.085  4.477E+01  9.161E+01  1.742E-02  2.878E-02  4.876E+03  2.106E-01   CO
14      13       580.5   1611.7935    185.9993  102.934  3.231E+01  6.906E+01  8.826E-03  1.742E-02  3.676E+03  1.982E-01   CO
15      14       663.4   1726.6025    173.6314   79.414  1.990E+01  4.506E+01  3.323E-03  8.826E-03  2.398E+03  1.590E-01   CO
16      15       751.7   1841.3455    162.8116   57.976  8.969E+00  2.460E+01  7.704E-04  3.323E-03  1.309E+03  1.053E-01   CO
1       0         23.6    492.1607    609.1354  188.399  1.136E-01  1.899E+01  3.745E-01  1.415E-01  1.011E+03  1.552E-03   [CI]
2       1         62.5    809.3420    370.4151  152.602  2.409E-01  2.868E+01  4.839E-01  3.745E-01  1.527E+03  1.042E-02   [CI]
2       0         62.5   1301.5026    230.3433  164.415  6.307E-09  8.525E-07  4.839E-01  1.415E-01  4.537E-05  1.288E-09   [CI]
1       0          4.2     88.6316   3382.4556    9.521  6.823E+00  6.415E+00  4.488E-01  2.339E-01  3.414E+02  3.061E-06   HCN
2       1         12.8    177.2611   1691.2478    8.019  1.584E+01  4.112E+00  2.589E-01  4.488E-01  2.188E+02  1.570E-05   HCN
3       2         25.5    265.8864   1127.5207    6.633  1.074E+01  2.063E+00  5.294E-02  2.589E-01  1.098E+02  2.658E-05   HCN
4       3         42.5    354.5055    845.6638    6.179  2.294E+00  1.011E+00  4.337E-03  5.294E-02  5.382E+01  3.088E-05   HCN
5       4         63.8    443.1161    676.5550   10.655  1.686E-01  5.176E-01  7.204E-04  4.337E-03  2.755E+01  3.087E-05   HCN
6       5         89.3    531.7163    563.8203   20.988  2.239E-02  2.380E-01  2.524E-04  7.204E-04  1.267E+01  2.452E-05   HCN
