      LINE         E_UP       FREQ        WAVEL     T_EX      TAU        T_R       POP        POP       FLUX        FLUX   SPECIES
                   (K)        (GHz)       (um)      (K)                  (K)        UP        LOW      (K*km/s) (erg/cm2/s)   SPECIES
1       0          5.5    115.2712   2600.7576    5.000  4.313E+03  1.897E+00  4.546E-01  4.582E-01  1.010E+02  1.992E-06   CO
2       1         16.6    230.5380   1300.4037    5.000  3.794E+03  1.165E+00  8.289E-02  4.546E-01  6.199E+01  9.781E-06   CO
3       2         33.2    345.7960    866.9634    4.999  6.733E+02  5.851E-01  4.197E-03  8.289E-02  3.114E+01  1.658E-05   CO
4       3         55.3    461.0408    650.2515    4.968  3.324E+01  2.539E-01  6.278E-05  4.197E-03  1.351E+01  1.705E-05   CO
5       4         83.0    576.2679    520.2310    4.387  4.872E-01  1.912E-02  1.403E-07  6.278E-05  1.018E+00  2.508E-06   CO
6       5        116.2    691.4731    433.5562    4.570  1.068E-03  2.468E-05  1.163E-10  1.403E-07  1.314E-03  5.594E-09   CO
7       6        154.9    806.6518    371.6504    4.540  8.724E-07  6.668E-09  2.659E-14  1.163E-10  3.549E-07  2.399E-12   CO
8       7        199.1    921.7997    325.2252    4.871  1.969E-10  9.902E-13  2.231E-18  2.659E-14  5.270E-11  5.316E-16   CO
9       8        248.9   1036.9124    289.1203   47.638  2.348E-14  6.358E-13  9.054E-19  2.231E-18  3.384E-11  4.858E-16   CO
10      9        304.2   1151.9855    260.2398  146.844  5.544E-15  6.713E-13  6.965E-19  9.054E-19  3.573E-11  7.034E-16   CO
11      10       365.0   1267.0145    236.6133  173.236  3.980E-15  5.780E-13  5.444E-19  6.965E-19  3.076E-11  8.058E-16   CO
12      11       431.3   1381.9951    216.9273  203.557  2.888E-15  4.970E-13  4.329E-19  5.444E-19  2.646E-11  8.993E-16   CO
13      12       503.1   1496.9229    200.2725  236.221  2.140E-15  4.264E-13  3.495E-19  4.329E-19  2.269E-11  9.803E-16   CO
14      13       580.5   1611.7935    185.9993  275.799  1.592E-15  3.714E-13  2.873E-19  3.495E-19  1.977E-11  1.066E-15   CO
15      14       663.4   1726.6025    173.6314  314.441  1.224E-15  3.356E-13  2.390E-19  2.873E-19  1.786E-11  1.184E-15   CO
16      15       751.7   1841.3455    162.8116  356.276  9.530E-16  3.137E-13  2.011E-19  2.390E-19  1.669E-11  1.342E-15   CO
1       0         23.6    492.1607    609.1354    4.998  1.312E+01  2.071E-01  2.589E-02  9.741E-01  1.102E+01  1.692E-05   [CI]
2       1         62.5    809.3420    370.4151    4.983  1.478E-01  2.194E-03  1.776E-05  2.589E-02  1.168E-01  7.971E-07   [CI]
2       0         62.5   1301.5026    230.3433    4.988  2.741E-07  6.242E-11  1.776E-05  9.741E-01  3.322E-09  9.433E-14   [CI]
1       0          4.2     88.6316   3382.4556    4.217  4.576E+01  1.311E+00  4.877E-01  4.457E-01  6.980E+01  6.259E-07   HCN
2       1         12.8    177.2611   1691.2478    3.378  4.830E+01  3.533E-01  6.551E-02  4.877E-01  1.880E+01  1.349E-06   HCN
3       2         25.5    265.8864   1127.5207    2.837  6.280E+00  2.433E-02  1.021E-03  6.551E-02  1.295E+00  3.135E-07   HCN
4       3         42.5    354.5055    845.6638    2.804  9.406E-02  5.697E-04  3.041E-06  1.021E-03  3.032E-02  1.740E-08   HCN
5       4         63.8    443.1161    676.5550    3.007  2.727E-04  2.551E-06  3.151E-09  3.041E-06  1.358E-04  1.521E-10   HCN
6       5         89.3    531.7163    563.8203    3.722  2.775E-07  6.856E-09  3.922E-12  3.151E-09  3.649E-07  7.064E-13   HCN
