      LINE         E_UP       FREQ        WAVEL     T_EX      TAU        T_R       POP        POP       FLUX        FLUX   SPECIES
                   (K)        (GHz)       (um)      (K)                  (K)        UP        LOW      (K*km/s) (erg/cm2/s)   SPECIES
1       0          5.5    115.2712   2600.7576  479.973  2.930E+01  4.764E+02  1.705E-02  5.749E-03  2.536E+04  5.001E-04   CO
2       1         16.6    230.5380   1300.4037  479.975  1.151E+02  4.743E+02  2.777E-02  1.705E-02  2.524E+04  3.983E-03   CO
3       2         33.2    345.7960    866.9634  479.974  2.515E+02  4.717E+02  3.755E-02  2.777E-02  2.511E+04  1.337E-02   CO
4       3         55.3    461.0408    650.2515  479.974  4.287E+02  4.690E+02  4.611E-02  3.755E-02  2.496E+04  3.150E-02   CO
5       4         83.0    576.2679    520.2310  479.972  6.347E+02  4.663E+02  5.320E-02  4.611E-02  2.482E+04  6.116E-02   CO
6       5        116.2    691.4731    433.5562  479.972  8.558E+02  4.636E+02  5.867E-02  5.320E-02  2.467E+04  1.051E-01   CO
7       6        154.9    806.6518    371.6504  479.969  1.078E+03  4.609E+02  6.245E-02  5.867E-02  2.453E+04  1.658E-01   CO
8       7        199.1    921.7997    325.2252  479.967  1.288E+03  4.582E+02  6.455E-02  6.245E-02  2.439E+04  2.460E-01   CO
9       8        248.9   1036.9124    289.1203  479.963  1.473E+03  4.555E+02  6.503E-02  6.455E-02  2.424E+04  3.481E-01   CO
10      9        304.2   1151.9855    260.2398  479.957  1.622E+03  4.528E+02  6.406E-02  6.503E-02  2.410E+04  4.745E-01   CO
11      10       365.0   1267.0145    236.6133  479.953  1.733E+03  4.502E+02  6.181E-02  6.406E-02  2.396E+04  6.277E-01   CO
12      11       431.3   1381.9951    216.9273  479.946  1.797E+03  4.475E+02  5.851E-02  6.181E-02  2.382E+04  8.097E-01   CO
13      12       503.1   1496.9229    200.2725  479.942  1.817E+03  4.449E+02  5.441E-02  5.851E-02  2.368E+04  1.023E+00   CO
14      13       580.5   1611.7935    185.9993  479.927  1.794E+03  4.423E+02  4.974E-02  5.441E-02  2.354E+04  1.269E+00   CO
15      14       663.4   1726.6025    173.6314  479.910  1.732E+03  4.397E+02  4.474E-02  4.974E-02  2.340E+04  1.551E+00   CO
16      15       751.7   1841.3455    162.8116  479.894  1.638E+03  4.371E+02  3.962E-02  4.474E-02  2.326E+04  1.870E+00   CO
1       0         23.6    492.1607    609.1354  479.895  2.503E+00  4.299E+02  3.464E-01  1.213E-01  2.288E+04  3.513E-02   [CI]
2       1         62.5    809.3420    370.4151  479.190  4.870E+00  4.565E+02  5.323E-01  3.464E-01  2.430E+04  1.659E-01   [CI]
2       0         62.5   1301.5026    230.3433  479.456  1.318E-07  5.917E-05  5.323E-01  1.213E-01  3.149E-03  8.941E-08   [CI]
1       0          4.2     88.6316   3382.4556   -0.915 -5.941E+01  3.448E+26  2.955E-02  7.460E-03  1.835E+28  1.646E+20   HCN
2       1         12.8    177.2611   1691.2478    0.138  1.441E+02 -3.924E-01  3.410E-02  2.955E-02 -2.089E+01 -1.498E-06   HCN
3       2         25.5    265.8864   1127.5207   -1.893 -1.979E+02  1.158E+87  5.608E-02  3.410E-02  6.163E+88  1.492E+82   HCN
4       3         42.5    354.5055    845.6638    0.534  2.767E+02 -3.316E-02  4.549E-02  5.608E-02 -1.765E+00 -1.013E-06   HCN
5       4         63.8    443.1161    676.5550    0.315 -2.086E+02  3.365E+88  5.811E-02  4.549E-02  1.791E+90  2.007E+84   HCN
6       5         89.3    531.7163    563.8203    3.199  2.144E+02  6.578E-03  3.544E-02  5.811E-02  3.501E-01  6.778E-07   HCN
