      LINE         E_UP       FREQ        WAVEL     T_EX      TAU        T_R       POP        POP       FLUX        FLUX   SPECIES
                   (K)        (GHz)       (um)      (K)                  (K)        UP        LOW      (K*km/s) (erg/cm2/s)   SPECIES
1       0          5.5    115.2712   2600.7576  229.589  1.019E+01  2.260E+02  3.547E-02  1.211E-02  1.203E+04  2.373E-04   CO
2       1         16.6    230.5380   1300.4037  229.506  3.929E+01  2.238E+02  5.634E-02  3.547E-02  1.191E+04  1.880E-03   CO
3       2         33.2    345.7960    866.9634  229.500  8.320E+01  2.213E+02  7.337E-02  5.634E-02  1.178E+04  6.271E-03   CO
4       3         55.3    461.0408    650.2515  229.475  1.357E+02  2.186E+02  8.566E-02  7.337E-02  1.163E+04  1.468E-02   CO
5       4         83.0    576.2679    520.2310  229.426  1.900E+02  2.159E+02  9.281E-02  8.566E-02  1.149E+04  2.832E-02   CO
6       5        116.2    691.4731    433.5562  229.364  2.391E+02  2.132E+02  9.490E-02  9.281E-02  1.135E+04  4.831E-02   CO
7       6        154.9    806.6518    371.6504  229.261  2.778E+02  2.104E+02  9.249E-02  9.490E-02  1.120E+04  7.571E-02   CO
8       7        199.1    921.7997    325.2252  229.124  3.021E+02  2.077E+02  8.642E-02  9.249E-02  1.106E+04  1.115E-01   CO
9       8        248.9   1036.9124    289.1203  228.928  3.107E+02  2.049E+02  7.771E-02  8.642E-02  1.091E+04  1.566E-01   CO
10      9        304.2   1151.9855    260.2398  228.629  3.040E+02  2.021E+02  6.744E-02  7.771E-02  1.076E+04  2.118E-01   CO
11      10       365.0   1267.0145    236.6133  228.266  2.848E+02  1.992E+02  5.659E-02  6.744E-02  1.060E+04  2.777E-01   CO
12      11       431.3   1381.9951    216.9273  227.727  2.558E+02  1.962E+02  4.597E-02  5.659E-02  1.044E+04  3.549E-01   CO
13      12       503.1   1496.9229    200.2725  226.992  2.212E+02  1.930E+02  3.618E-02  4.597E-02  1.027E+04  4.437E-01   CO
14      13       580.5   1611.7935    185.9993  225.667  1.847E+02  1.892E+02  2.758E-02  3.618E-02  1.007E+04  5.430E-01   CO
15      14       663.4   1726.6025    173.6314  223.769  1.489E+02  1.849E+02  2.036E-02  2.758E-02  9.841E+03  6.523E-01   CO
16      15       751.7   1841.3455    162.8116  220.589  1.162E+02  1.793E+02  1.452E-02  2.036E-02  9.546E+03  7.675E-01   CO
1       0         23.6    492.1607    609.1354  232.005  4.406E-01  7.853E+01  3.612E-01  1.333E-01  4.180E+03  6.417E-03   [CI]
2       1         62.5    809.3420    370.4151  222.043  8.315E-01  1.147E+02  5.054E-01  3.612E-01  6.106E+03  4.169E-02   [CI]
2       0         62.5   1301.5026    230.3433  225.708  2.278E-08  4.462E-06  5.054E-01  1.333E-01  2.375E-04  6.743E-09   [CI]
1       0          4.2     88.6316   3382.4556   45.096  2.570E+00  3.867E+01  1.920E-01  7.035E-02  2.058E+03  1.845E-05   HCN
2       1         12.8    177.2611   1691.2478   35.139  1.117E+01  3.066E+01  2.512E-01  1.920E-01  1.632E+03  1.171E-04   HCN
3       2         25.5    265.8864   1127.5207   31.318  2.047E+01  2.525E+01  2.340E-01  2.512E-01  1.344E+03  3.253E-04   HCN
4       3         42.5    354.5055    845.6638   26.476  2.573E+01  1.884E+01  1.582E-01  2.340E-01  1.003E+03  5.754E-04   HCN
5       4         63.8    443.1161    676.5550   21.378  2.249E+01  1.247E+01  7.153E-02  1.582E-01  6.637E+02  7.437E-04   HCN
6       5         89.3    531.7163    563.8203   16.985  1.231E+01  7.305E+00  1.882E-02  7.153E-02  3.888E+02  7.527E-04   HCN
