      LINE         E_UP       FREQ        WAVEL     T_EX      TAU        T_R       POP        POP       FLUX        FLUX   SPECIES
                   (K)        (GHz)       (um)      (K)                  (K)        UP        LOW      (K*km/s) (erg/cm2/s)   SPECIES
1       0          5.5    115.2712   2600.7576  1.031E+03  2.916E-01  2.598E+02  2.903E-02  9.728E-03  1.383E+04  2.727E-04   CO
2       1         16.6    230.5380   1300.4037  342.548  3.442E+00  3.261E+02  4.684E-02  2.903E-02  1.735E+04  2.738E-03   CO
3       2         33.2    345.7960    866.9634  331.342  7.678E+00  3.229E+02  6.237E-02  4.684E-02  1.719E+04  9.153E-03   CO
4       3         55.3    461.0408    650.2515  329.528  1.292E+01  3.186E+02  7.499E-02  6.237E-02  1.696E+04  2.140E-02   CO
5       4         83.0    576.2679    520.2310  326.798  1.883E+01  3.132E+02  8.421E-02  7.499E-02  1.667E+04  4.108E-02   CO
6       5        116.2    691.4731    433.5562  323.498  2.489E+01  3.072E+02  8.982E-02  8.421E-02  1.635E+04  6.962E-02   CO
7       6        154.9    806.6518    371.6504  318.144  3.072E+01  2.992E+02  9.177E-02  8.982E-02  1.592E+04  1.076E-01   CO
8       7        199.1    921.7997    325.2252  311.244  3.585E+01  2.896E+02  9.022E-02  9.177E-02  1.542E+04  1.555E-01   CO
9       8        248.9   1036.9124    289.1203  301.886  3.999E+01  2.777E+02  8.551E-02  9.022E-02  1.478E+04  2.122E-01   CO
10      9        304.2   1151.9855    260.2398  290.332  4.280E+01  2.636E+02  7.813E-02  8.551E-02  1.403E+04  2.762E-01   CO
11      10       365.0   1267.0145    236.6133  277.100  4.405E+01  2.478E+02  6.871E-02  7.813E-02  1.319E+04  3.455E-01   CO
12      11       431.3   1381.9951    216.9273  260.937  4.373E+01  2.292E+02  5.792E-02  6.871E-02  1.220E+04  4.146E-01   CO
13      12       503.1   1496.9229    200.2725  241.205  4.194E+01  2.071E+02  4.644E-02  5.792E-02  1.102E+04  4.761E-01   CO
14      13       580.5   1611.7935    185.9993  215.665  3.903E+01  1.793E+02  3.485E-02  4.644E-02  9.543E+03  5.146E-01   CO
15      14       663.4   1726.6025    173.6314  186.949  3.449E+01  1.486E+02  2.391E-02  3.485E-02  7.908E+03  5.242E-01   CO
16      15       751.7   1841.3455    162.8116  156.921  2.822E+01  1.169E+02  1.449E-02  2.391E-02  6.220E+03  5.001E-01   CO
1       0         23.6    492.1607    609.1354  442.371  3.541E-02  1.498E+01  3.580E-01  1.259E-01  7.975E+02  1.224E-03   [CI]
2       1         62.5    809.3420    370.4151  268.083  1.098E-01  2.590E+01  5.162E-01  3.580E-01  1.378E+03  9.411E-03   [CI]
2       0         62.5   1301.5026    230.3433  315.016  2.536E-09  7.222E-07  5.162E-01  1.259E-01  3.844E-05  1.091E-09   [CI]
1       0          4.2     88.6316   3382.4556    9.504  5.400E+00  6.376E+00  4.461E-01  2.327E-01  3.393E+02  3.043E-06   HCN
2       1         12.8    177.2611   1691.2478    8.024  1.250E+01  4.116E+00  2.575E-01  4.461E-01  2.191E+02  1.571E-05   HCN
3       2         25.5    265.8864   1127.5207    6.827  8.406E+00  2.208E+00  5.562E-02  2.575E-01  1.175E+02  2.845E-05   HCN
4       3         42.5    354.5055    845.6638    6.769  1.879E+00  1.242E+00  5.792E-03  5.562E-02  6.612E+01  3.794E-05   HCN
5       4         63.8    443.1161    676.5550   12.302  1.702E-01  7.171E-01  1.257E-03  5.792E-03  3.817E+01  4.277E-05   HCN
6       5         89.3    531.7163    563.8203   24.085  2.881E-02  3.844E-01  5.148E-04  1.257E-03  2.046E+01  3.961E-05   HCN
