      LINE         E_UP       FREQ        WAVEL     T_EX      TAU        T_R       POP        POP       FLUX        FLUX   SPECIES
                   (K)        (GHz)       (um)      (K)                  (K)        UP        LOW      (K*km/s) (erg/cm2/s)   SPECIES
1       0          5.5    115.2712   2600.7576  239.099  7.370E-01  1.228E+02  8.455E-02  2.884E-02  6.537E+03  1.289E-04   CO
2       1         16.6    230.5380   1300.4037  118.488  5.611E+00  1.124E+02  1.284E-01  8.455E-02  5.984E+03  9.443E-04   CO
3       2         33.2    345.7960    866.9634  114.230  1.162E+01  1.061E+02  1.554E-01  1.284E-01  5.647E+03  3.007E-03   CO
4       3         55.3    461.0408    650.2515  108.967  1.818E+01  9.827E+01  1.631E-01  1.554E-01  5.230E+03  6.601E-03   CO
5       4         83.0    576.2679    520.2310  101.330  2.406E+01  8.813E+01  1.517E-01  1.631E-01  4.691E+03  1.156E-02   CO
6       5        116.2    691.4731    433.5562   91.173  2.800E+01  7.558E+01  1.246E-01  1.517E-01  4.023E+03  1.713E-02   CO
7       6        154.9    806.6518    371.6504   78.470  2.890E+01  6.070E+01  8.778E-02  1.246E-01  3.231E+03  2.184E-02   CO
8       7        199.1    921.7997    325.2252   63.925  2.579E+01  4.434E+01  4.980E-02  8.778E-02  2.360E+03  2.380E-02   CO
9       8        248.9   1036.9124    289.1203   49.024  1.848E+01  2.828E+01  2.017E-02  4.980E-02  1.505E+03  2.161E-02   CO
10      9        304.2   1151.9855    260.2398   36.156  9.098E+00  1.530E+01  4.831E-03  2.017E-02  8.141E+02  1.603E-02   CO
11      10       365.0   1267.0145    236.6133   29.235  2.414E+00  7.905E+00  6.610E-04  4.831E-03  4.207E+02  1.102E-02   CO
12      11       431.3   1381.9951    216.9273   38.576  3.070E-01  3.827E+00  1.287E-04  6.610E-04  2.037E+02  6.924E-03   CO
13      12       503.1   1496.9229    200.2725   60.786  5.007E-02  1.552E+00  4.265E-05  1.287E-04  8.261E+01  3.568E-03   CO
14      13       580.5   1611.7935    185.9993   68.701  1.603E-02  5.905E-01  1.486E-05  4.265E-05  3.143E+01  1.695E-03   CO
15      14       663.4   1726.6025    173.6314   72.069  5.599E-03  2.144E-01  5.029E-06  1.486E-05  1.141E+01  7.566E-04   CO
16      15       751.7   1841.3455    162.8116   77.676  1.869E-03  7.784E-02  1.716E-06  5.029E-06  4.143E+00  3.331E-04   CO
1       0         23.6    492.1607    609.1354  198.109  1.865E-02  3.446E+00  4.093E-01  1.537E-01  1.834E+02  2.816E-04   [CI]
2       1         62.5    809.3420    370.4151   87.270  6.668E-02  4.469E+00  4.371E-01  4.093E-01  2.379E+02  1.624E-03   [CI]
2       0         62.5   1301.5026    230.3433  110.688  1.481E-09  1.220E-07  4.371E-01  1.537E-01  6.494E-06  1.844E-10   [CI]
1       0          4.2     88.6316   3382.4556    3.243  4.940E+00  4.341E-01  4.256E-01  5.268E-01  2.311E+01  2.072E-07   HCN
2       1         12.8    177.2611   1691.2478    3.094  3.409E+00  1.825E-01  4.536E-02  4.256E-01  9.714E+00  6.968E-07   HCN
3       2         25.5    265.8864   1127.5207    3.569  3.395E-01  7.154E-02  1.779E-03  4.536E-02  3.808E+00  9.218E-07   HCN
4       3         42.5    354.5055    845.6638    8.340  1.135E-02  2.833E-02  2.975E-04  1.779E-03  1.508E+00  8.653E-07   HCN
5       4         63.8    443.1161    676.5550   15.793  1.569E-03  1.171E-02  9.458E-05  2.975E-04  6.233E-01  6.984E-07   HCN
6       5         89.3    531.7163    563.8203   22.652  4.475E-04  5.475E-03  3.623E-05  9.458E-05  2.914E-01  5.641E-07   HCN
