      LINE         E_UP       FREQ        WAVEL     T_EX      TAU        T_R       POP        POP       FLUX        FLUX   SPECIES
                   (K)        (GHz)       (um)      (K)                  (K)        UP        LOW      (K*km/s) (erg/cm2/s)   SPECIES
1       0          5.5    115.2712   2600.7576 -1.271E+03 -1.593E-01  2.201E+02  3.921E-02  1.301E-02  1.172E+04  2.311E-04   CO
2       1         16.6    230.5380   1300.4037  282.810  2.813E+00  2.605E+02  6.285E-02  3.921E-02  1.386E+04  2.188E-03   CO
3       2         33.2    345.7960    866.9634  260.677  6.519E+00  2.521E+02  8.256E-02  6.285E-02  1.342E+04  7.144E-03   CO
4       3         55.3    461.0408    650.2515  255.515  1.095E+01  2.446E+02  9.735E-02  8.256E-02  1.302E+04  1.643E-02   CO
5       4         83.0    576.2679    520.2310  249.643  1.583E+01  2.361E+02  1.065E-01  9.735E-02  1.256E+04  3.097E-02   CO
6       5        116.2    691.4731    433.5562  242.313  2.071E+01  2.261E+02  1.098E-01  1.065E-01  1.203E+04  5.124E-02   CO
7       6        154.9    806.6518    371.6504  231.998  2.524E+01  2.132E+02  1.072E-01  1.098E-01  1.135E+04  7.670E-02   CO
8       7        199.1    921.7997    325.2252  219.088  2.896E+01  1.977E+02  9.926E-02  1.072E-01  1.052E+04  1.061E-01   CO
9       8        248.9   1036.9124    289.1203  202.895  3.156E+01  1.790E+02  8.681E-02  9.926E-02  9.529E+03  1.368E-01   CO
10      9        304.2   1151.9855    260.2398  183.919  3.260E+01  1.577E+02  7.103E-02  8.681E-02  8.391E+03  1.652E-01   CO
11      10       365.0   1267.0145    236.6133  163.010  3.172E+01  1.345E+02  5.358E-02  7.103E-02  7.158E+03  1.875E-01   CO
12      11       431.3   1381.9951    216.9273  139.968  2.874E+01  1.094E+02  3.626E-02  5.358E-02  5.824E+03  1.980E-01   CO
13      12       503.1   1496.9229    200.2725  115.559  2.365E+01  8.334E+01  2.103E-02  3.626E-02  4.436E+03  1.916E-01   CO
14      13       580.5   1611.7935    185.9993   90.519  1.688E+01  5.728E+01  9.610E-03  2.103E-02  3.049E+03  1.644E-01   CO
15      14       663.4   1726.6025    173.6314   68.818  9.321E+00  3.550E+01  3.081E-03  9.610E-03  1.890E+03  1.253E-01   CO
16      15       751.7   1841.3455    162.8116   55.485  3.372E+00  2.179E+01  6.671E-04  3.081E-03  1.160E+03  9.323E-02   CO
1       0         23.6    492.1607    609.1354  463.174  1.737E-02  7.776E+00  3.674E-01  1.289E-01  4.139E+02  6.354E-04   [CI]
2       1         62.5    809.3420    370.4151  199.037  7.420E-02  1.289E+01  5.037E-01  3.674E-01  6.861E+02  4.684E-03   [CI]
2       0         62.5   1301.5026    230.3433  253.760  1.578E-09  3.533E-07  5.037E-01  1.289E-01  1.880E-05  5.338E-10   [CI]
1       0          4.2     88.6316   3382.4556    5.493  6.185E+00  2.502E+00  4.922E-01  3.559E-01  1.332E+02  1.194E-06   HCN
2       1         12.8    177.2611   1691.2478    4.768  8.801E+00  1.325E+00  1.378E-01  4.922E-01  7.050E+01  5.057E-06   HCN
3       2         25.5    265.8864   1127.5207    4.538  2.505E+00  6.396E-01  1.159E-02  1.378E-01  3.404E+01  8.241E-06   HCN
4       3         42.5    354.5055    845.6638    7.492  1.915E-01  3.355E-01  1.538E-03  1.159E-02  1.786E+01  1.025E-05   HCN
5       4         63.8    443.1161    676.5550   17.022  1.965E-02  1.662E-01  5.390E-04  1.538E-03  8.844E+00  9.909E-06   HCN
6       5         89.3    531.7163    563.8203   24.975  6.067E-03  8.679E-02  2.293E-04  5.390E-04  4.619E+00  8.943E-06   HCN
