      LINE         E_UP       FREQ        WAVEL     T_EX      TAU        T_R       POP        POP       FLUX        FLUX   SPECIES
                   (K)        (GHz)       (um)      (K)                  (K)        UP        LOW      (K*km/s) (erg/cm2/s)   SPECIES
1       0          5.5    115.2712   2600.7576   35.506  1.258E+00  2.289E+01  3.176E-01  1.237E-01  1.218E+03  2.403E-05   CO
2       1         16.6    230.5380   1300.4037   21.590  5.980E+00  1.629E+01  3.170E-01  3.176E-01  8.672E+02  1.368E-04   CO
3       2         33.2    345.7960    866.9634   18.064  8.048E+00  1.098E+01  1.771E-01  3.170E-01  5.843E+02  3.111E-04   CO
4       3         55.3    461.0408    650.2515   14.914  5.499E+00  6.458E+00  5.165E-02  1.771E-01  3.437E+02  4.338E-04   CO
5       4         83.0    576.2679    520.2310   14.179  1.726E+00  3.768E+00  8.977E-03  5.165E-02  2.005E+02  4.942E-04   CO
6       5        116.2    691.4731    433.5562   21.539  2.692E-01  2.135E+00  2.273E-03  8.977E-03  1.136E+02  4.839E-04   CO
7       6        154.9    806.6518    371.6504   36.185  5.612E-02  1.103E+00  8.996E-04  2.273E-03  5.872E+01  3.969E-04   CO
8       7        199.1    921.7997    325.2252   47.756  2.017E-02  5.791E-01  4.037E-04  8.996E-04  3.082E+01  3.109E-04   CO
9       8        248.9   1036.9124    289.1203   56.949  8.636E-03  3.065E-01  1.883E-04  4.037E-04  1.631E+01  2.342E-04   CO
10      9        304.2   1151.9855    260.2398   66.737  3.855E-03  1.649E-01  9.090E-05  1.883E-04  8.778E+00  1.728E-04   CO
11      10       365.0   1267.0145    236.6133   77.467  1.781E-03  9.075E-02  4.541E-05  9.090E-05  4.830E+00  1.265E-04   CO
12      11       431.3   1381.9951    216.9273   87.005  8.647E-04  5.015E-02  2.303E-05  4.541E-05  2.669E+00  9.073E-05   CO
13      12       503.1   1496.9229    200.2725   96.623  4.276E-04  2.784E-02  1.183E-05  2.303E-05  1.482E+00  6.400E-05   CO
14      13       580.5   1611.7935    185.9993   98.622  2.257E-04  1.465E-02  5.797E-06  1.183E-05  7.800E-01  4.206E-05   CO
15      14       663.4   1726.6025    173.6314  103.529  1.111E-04  7.509E-03  2.783E-06  5.797E-06  3.997E-01  2.649E-05   CO
16      15       751.7   1841.3455    162.8116  116.327  5.111E-05  3.970E-03  1.386E-06  2.783E-06  2.113E-01  1.699E-05   CO
1       0         23.6    492.1607    609.1354   33.202  1.097E-02  2.486E-01  4.661E-01  3.165E-01  1.323E+01  2.031E-05   [CI]
2       1         62.5    809.3420    370.4151   30.510  9.604E-03  1.443E-01  2.175E-01  4.661E-01  7.683E+00  5.245E-05   [CI]
2       0         62.5   1301.5026    230.3433   31.475  3.849E-10  3.831E-09  2.175E-01  3.165E-01  2.039E-07  5.789E-12   [CI]
1       0          4.2     88.6316   3382.4556    2.742  3.788E-01  4.233E-03  3.774E-01  5.936E-01  2.253E-01  2.020E-09   HCN
2       1         12.8    177.2611   1691.2478    2.745  1.946E-01  1.642E-03  2.837E-02  3.774E-01  8.737E-02  6.267E-09   HCN
3       2         25.5    265.8864   1127.5207    2.913  1.361E-02  5.746E-04  4.972E-04  2.837E-02  3.058E-02  7.404E-09   HCN
4       3         42.5    354.5055    845.6638    6.351  2.143E-04  2.615E-04  4.388E-05  4.972E-04  1.392E-02  7.987E-09   HCN
5       4         63.8    443.1161    676.5550   17.774  1.377E-05  1.268E-04  1.621E-05  4.388E-05  6.747E-03  7.560E-09   HCN
6       5         89.3    531.7163    563.8203   27.180  4.360E-06  7.144E-05  7.491E-06  1.621E-05  3.802E-03  7.361E-09   HCN
