      LINE         E_UP       FREQ        WAVEL     T_EX      TAU        T_R       POP        POP       FLUX        FLUX   SPECIES
                   (K)        (GHz)       (um)      (K)                  (K)        UP        LOW      (K*km/s) (erg/cm2/s)   SPECIES
1       0          5.5    115.2712   2600.7576  178.771  3.555E-01  5.241E+01  1.916E-01  6.589E-02  2.789E+03  5.502E-05   CO
2       1         16.6    230.5380   1300.4037   46.893  4.751E+00  4.103E+01  2.523E-01  1.916E-01  2.184E+03  3.446E-04   CO
3       2         33.2    345.7960    866.9634   40.782  8.948E+00  3.300E+01  2.351E-01  2.523E-01  1.757E+03  9.354E-04   CO
4       3         55.3    461.0408    650.2515   34.418  1.125E+01  2.453E+01  1.589E-01  2.351E-01  1.305E+03  1.647E-03   CO
5       4         83.0    576.2679    520.2310   27.678  9.828E+00  1.611E+01  7.151E-02  1.589E-01  8.576E+02  2.114E-03   CO
6       5        116.2    691.4731    433.5562   22.365  5.301E+00  9.683E+00  1.916E-02  7.151E-02  5.154E+02  2.195E-03   CO
7       6        154.9    806.6518    371.6504   21.463  1.511E+00  5.949E+00  3.642E-03  1.916E-02  3.166E+02  2.140E-03   CO
8       7        199.1    921.7997    325.2252   32.389  2.529E-01  3.386E+00  1.053E-03  3.642E-03  1.802E+02  1.818E-03   CO
9       8        248.9   1036.9124    289.1203   50.314  6.100E-02  1.744E+00  4.378E-04  1.053E-03  9.281E+01  1.333E-03   CO
10      9        304.2   1151.9855    260.2398   62.066  2.356E-02  8.959E-01  1.985E-04  4.378E-04  4.768E+01  9.388E-04   CO
11      10       365.0   1267.0145    236.6133   72.435  1.021E-02  4.695E-01  9.392E-05  1.985E-04  2.499E+01  6.545E-04   CO
12      11       431.3   1381.9951    216.9273   81.886  4.675E-03  2.479E-01  4.542E-05  9.392E-05  1.320E+01  4.485E-04   CO
13      12       503.1   1496.9229    200.2725   91.072  2.203E-03  1.316E-01  2.229E-05  4.542E-05  7.007E+00  3.027E-04   CO
14      13       580.5   1611.7935    185.9993   92.691  1.112E-03  6.595E-02  1.039E-05  2.229E-05  3.510E+00  1.893E-04   CO
15      14       663.4   1726.6025    173.6314   96.328  5.240E-04  3.184E-02  4.699E-06  1.039E-05  1.694E+00  1.123E-04   CO
16      15       751.7   1841.3455    162.8116  108.498  2.269E-04  1.594E-02  2.215E-06  4.699E-06  8.482E-01  6.820E-05   CO
1       0         23.6    492.1607    609.1354   87.003  8.372E-03  6.313E-01  4.706E-01  2.058E-01  3.360E+01  5.158E-05   [CI]
2       1         62.5    809.3420    370.4151   43.877  1.987E-02  5.368E-01  3.236E-01  4.706E-01  2.857E+01  1.951E-04   [CI]
2       0         62.5   1301.5026    230.3433   53.999  4.997E-10  1.432E-08  3.236E-01  2.058E-01  7.621E-07  2.164E-11   [CI]
1       0          4.2     88.6316   3382.4556    2.771  9.400E-01  2.272E-02  3.806E-01  5.890E-01  1.209E+00  1.084E-08   HCN
2       1         12.8    177.2611   1691.2478    2.774  4.921E-01  9.042E-03  2.955E-02  3.806E-01  4.812E-01  3.452E-08   HCN
3       2         25.5    265.8864   1127.5207    3.098  3.548E-02  3.198E-03  6.730E-04  2.955E-02  1.702E-01  4.120E-08   HCN
4       3         42.5    354.5055    845.6638    7.676  6.971E-04  1.427E-03  9.432E-05  6.730E-04  7.596E-02  4.359E-08   HCN
5       4         63.8    443.1161    676.5550   17.536  7.489E-05  6.734E-04  3.428E-05  9.432E-05  3.584E-02  4.016E-08   HCN
6       5         89.3    531.7163    563.8203   26.489  2.352E-05  3.704E-04  1.546E-05  3.428E-05  1.971E-02  3.816E-08   HCN
