      LINE         E_UP       FREQ        WAVEL     T_EX      TAU        T_R       POP        POP       FLUX        FLUX   SPECIES
                   (K)        (GHz)       (um)      (K)                  (K)        UP        LOW      (K*km/s) (erg/cm2/s)   SPECIES
1       0          5.5    115.2712   2600.7576  1.077E+03  4.859E-02  5.091E+01  5.650E-02  1.821E-02  2.710E+03  5.345E-05   CO
2       1         16.6    230.5380   1300.4037  -96.823 -4.140E+00  6.345E+03  9.255E-02  5.650E-02  3.377E+05  5.329E-02   CO
3       2         33.2    345.7960    866.9634   40.192  2.221E+01  3.243E+01  1.119E-01  9.255E-02  1.726E+03  9.190E-04   CO
4       3         55.3    461.0408    650.2515  -58.627 -1.714E+01  1.962E+09  1.356E-01  1.119E-01  1.044E+11  1.318E+05   CO
5       4         83.0    576.2679    520.2310  -37.725  4.170E+01 -5.323E+01  1.302E-01  1.356E-01 -2.833E+03 -6.982E-03   CO
6       5        116.2    691.4731    433.5562 -220.353 -7.260E+00  3.375E+05  1.317E-01  1.302E-01  1.796E+07  7.648E+01   CO
7       6        154.9    806.6518    371.6504  177.031  3.144E+01  1.584E+02  1.117E-01  1.317E-01  8.430E+03  5.698E-02   CO
8       7        199.1    921.7997    325.2252  145.060  1.417E+01  1.241E+02  9.025E-02  1.117E-01  6.603E+03  6.661E-02   CO
9       8        248.9   1036.9124    289.1203  102.766  2.133E+01  7.988E+01  6.234E-02  9.025E-02  4.252E+03  6.105E-02   CO
10      9        304.2   1151.9855    260.2398   85.728  1.689E+01  6.104E+01  3.606E-02  6.234E-02  3.249E+03  6.396E-02   CO
11      10       365.0   1267.0145    236.6133   68.159  1.207E+01  4.222E+01  1.609E-02  3.606E-02  2.247E+03  5.886E-02   CO
12      11       431.3   1381.9951    216.9273   53.453  6.511E+00  2.694E+01  5.020E-03  1.609E-02  1.434E+03  4.874E-02   CO
13      12       503.1   1496.9229    200.2725   47.363  2.221E+00  1.800E+01  1.188E-03  5.020E-03  9.581E+02  4.139E-02   CO
14      13       580.5   1611.7935    185.9993   61.059  4.881E-01  1.172E+01  3.634E-04  1.188E-03  6.236E+02  3.363E-02   CO
15      14       663.4   1726.6025    173.6314   94.021  1.177E-01  6.508E+00  1.613E-04  3.634E-04  3.464E+02  2.296E-02   CO
16      15       751.7   1841.3455    162.8116  117.014  4.688E-02  3.588E+00  8.072E-05  1.613E-04  1.909E+02  1.535E-02   CO
1       0         23.6    492.1607    609.1354  851.783  3.874E-03  3.248E+00  3.829E-01  1.312E-01  1.729E+02  2.654E-04   [CI]
2       1         62.5    809.3420    370.4151  142.510  4.143E-02  5.031E+00  4.859E-01  3.829E-01  2.678E+02  1.828E-03   [CI]
2       0         62.5   1301.5026    230.3433  208.007  7.607E-10  1.357E-07  4.859E-01  1.312E-01  7.220E-06  2.050E-10   [CI]
1       0          4.2     88.6316   3382.4556    3.518  4.462E+00  6.708E-01  4.436E-01  4.955E-01  3.570E+01  3.201E-07   HCN
2       1         12.8    177.2611   1691.2478    3.309  3.505E+00  3.027E-01  5.654E-02  4.436E-01  1.611E+01  1.156E-06   HCN
3       2         25.5    265.8864   1127.5207    3.962  4.180E-01  1.405E-01  3.159E-03  5.654E-02  7.477E+00  1.810E-06   HCN
4       3         42.5    354.5055    845.6638    9.569  1.926E-02  6.534E-02  6.863E-04  3.159E-03  3.478E+00  1.995E-06   HCN
5       4         63.8    443.1161    676.5550   18.291  3.364E-03  3.245E-02  2.623E-04  6.863E-04  1.727E+00  1.935E-06   HCN
6       5         89.3    531.7163    563.8203   26.523  1.135E-03  1.789E-02  1.184E-04  2.623E-04  9.521E-01  1.843E-06   HCN
