      LINE         E_UP       FREQ        WAVEL     T_EX      TAU        T_R       POP        POP       FLUX        FLUX   SPECIES
                   (K)        (GHz)       (um)      (K)                  (K)        UP        LOW      (K*km/s) (erg/cm2/s)   SPECIES
1       0          5.5    115.2712   2600.7576  254.998  1.634E+02  2.514E+02  3.171E-02  1.080E-02  1.338E+04  2.639E-04   CO
2       1         16.6    230.5380   1300.4037  254.998  6.324E+02  2.493E+02  5.061E-02  3.171E-02  1.327E+04  2.094E-03   CO
3       2         33.2    345.7960    866.9634  254.998  1.347E+03  2.468E+02  6.639E-02  5.061E-02  1.313E+04  6.994E-03   CO
4       3         55.3    461.0408    650.2515  254.998  2.216E+03  2.441E+02  7.826E-02  6.639E-02  1.299E+04  1.640E-02   CO
5       4         83.0    576.2679    520.2310  254.998  3.134E+03  2.414E+02  8.582E-02  7.826E-02  1.285E+04  3.167E-02   CO
6       5        116.2    691.4731    433.5562  254.998  3.997E+03  2.388E+02  8.905E-02  8.582E-02  1.271E+04  5.411E-02   CO
7       6        154.9    806.6518    371.6504  254.998  4.715E+03  2.361E+02  8.828E-02  8.905E-02  1.257E+04  8.495E-02   CO
8       7        199.1    921.7997    325.2252  254.997  5.219E+03  2.335E+02  8.411E-02  8.828E-02  1.243E+04  1.254E-01   CO
9       8        248.9   1036.9124    289.1203  254.997  5.475E+03  2.309E+02  7.734E-02  8.411E-02  1.229E+04  1.765E-01   CO
10      9        304.2   1151.9855    260.2398  254.996  5.478E+03  2.284E+02  6.882E-02  7.734E-02  1.215E+04  2.393E-01   CO
11      10       365.0   1267.0145    236.6133  254.995  5.260E+03  2.258E+02  5.938E-02  6.882E-02  1.202E+04  3.148E-01   CO
12      11       431.3   1381.9951    216.9273  254.993  4.855E+03  2.233E+02  4.976E-02  5.938E-02  1.188E+04  4.039E-01   CO
13      12       503.1   1496.9229    200.2725  254.991  4.324E+03  2.208E+02  4.055E-02  4.976E-02  1.175E+04  5.076E-01   CO
14      13       580.5   1611.7935    185.9993  254.988  3.725E+03  2.183E+02  3.216E-02  4.055E-02  1.162E+04  6.264E-01   CO
15      14       663.4   1726.6025    173.6314  254.983  3.105E+03  2.158E+02  2.484E-02  3.216E-02  1.149E+04  7.614E-01   CO
16      15       751.7   1841.3455    162.8116  254.976  2.510E+03  2.133E+02  1.870E-02  2.484E-02  1.135E+04  9.130E-01   CO
1       0         23.6    492.1607    609.1354  254.981  7.880E+00  2.433E+02  3.576E-01  1.308E-01  1.295E+04  1.988E-02   [CI]
2       1         62.5    809.3420    370.4151  254.938  1.446E+01  2.360E+02  5.117E-01  3.576E-01  1.256E+04  8.576E-02   [CI]
2       0         62.5   1301.5026    230.3433  254.954  4.006E-07  9.014E-05  5.117E-01  1.308E-01  4.798E-03  1.362E-07   [CI]
1       0          4.2     88.6316   3382.4556   19.292  1.645E+01  1.611E+01  1.460E-02  6.053E-03  8.576E+02  7.689E-06   HCN
2       1         12.8    177.2611   1691.2478  -63.486  2.159E-17  0.000E+00  4.297E-02  1.460E-02  0.000E+00  0.000E+00   HCN
3       2         25.5    265.8864   1127.5207   52.743  1.388E-17  0.000E+00  4.090E-02  4.297E-02  0.000E+00  0.000E+00   HCN
4       3         42.5    354.5055    845.6638 -1.866E+03 -1.551E+02  4.167E+70  5.493E-02  4.090E-02  2.218E+72  1.273E+66   HCN
5       4         63.8    443.1161    676.5550   31.061  1.245E+02  2.162E+01  3.010E-02  5.493E-02  1.151E+03  1.290E-03   HCN
6       5         89.3    531.7163    563.8203  -44.117 -2.234E+02  6.091E+98  9.061E-02  3.010E-02  3.242+100  6.276E+94   HCN
