      LINE         E_UP       FREQ        WAVEL     T_EX      TAU        T_R       POP        POP       FLUX        FLUX   SPECIES
                   (K)        (GHz)       (um)      (K)                  (K)        UP        LOW      (K*km/s) (erg/cm2/s)   SPECIES
1       0          5.5    115.2712   2600.7576  127.736  4.425E+00  1.227E+02  6.744E-02  2.348E-02  6.529E+03  1.288E-04   CO
2       1         16.6    230.5380   1300.4037  125.071  1.692E+01  1.194E+02  1.029E-01  6.744E-02  6.356E+03  1.003E-03   CO
3       2         33.2    345.7960    866.9634  125.005  3.409E+01  1.169E+02  1.261E-01  1.029E-01  6.220E+03  3.312E-03   CO
4       3         55.3    461.0408    650.2515  124.421  5.207E+01  1.137E+02  1.358E-01  1.261E-01  6.051E+03  7.636E-03   CO
5       4         83.0    576.2679    520.2310  123.438  6.699E+01  1.101E+02  1.326E-01  1.358E-01  5.861E+03  1.445E-02   CO
6       5        116.2    691.4731    433.5562  121.846  7.614E+01  1.060E+02  1.194E-01  1.326E-01  5.642E+03  2.402E-02   CO
7       6        154.9    806.6518    371.6504  119.324  7.843E+01  1.010E+02  9.956E-02  1.194E-01  5.376E+03  3.634E-02   CO
8       7        199.1    921.7997    325.2252  115.205  7.435E+01  9.450E+01  7.686E-02  9.956E-02  5.030E+03  5.073E-02   CO
9       8        248.9   1036.9124    289.1203  108.616  6.544E+01  8.563E+01  5.433E-02  7.686E-02  4.557E+03  6.544E-02   CO
10      9        304.2   1151.9855    260.2398   98.205  5.362E+01  7.314E+01  3.420E-02  5.433E-02  3.893E+03  7.664E-02   CO
11      10       365.0   1267.0145    236.6133   83.855  4.009E+01  5.709E+01  1.814E-02  3.420E-02  3.039E+03  7.960E-02   CO
12      11       431.3   1381.9951    216.9273   66.181  2.586E+01  3.847E+01  7.237E-03  1.814E-02  2.047E+03  6.960E-02   CO
13      12       503.1   1496.9229    200.2725   48.403  1.250E+01  2.106E+01  1.772E-03  7.237E-03  1.121E+03  4.842E-02   CO
14      13       580.5   1611.7935    185.9993   35.486  3.480E+00  9.557E+00  2.151E-04  1.772E-03  5.087E+02  2.743E-02   CO
15      14       663.4   1726.6025    173.6314   39.180  4.154E-01  3.864E+00  2.774E-05  2.151E-04  2.057E+02  1.363E-02   CO
16      15       751.7   1841.3455    162.8116   60.159  4.650E-02  1.200E+00  6.797E-06  2.774E-05  6.389E+01  5.137E-03   CO
1       0         23.6    492.1607    609.1354  134.663  1.074E-01  1.255E+01  3.912E-01  1.554E-01  6.679E+02  1.025E-03   [CI]
2       1         62.5    809.3420    370.4151  106.997  2.150E-01  1.717E+01  4.535E-01  3.912E-01  9.139E+02  6.239E-03   [CI]
2       0         62.5   1301.5026    230.3433  116.010  5.755E-09  5.040E-07  4.535E-01  1.554E-01  2.683E-05  7.616E-10   [CI]
1       0          4.2     88.6316   3382.4556    6.197  8.308E+00  3.180E+00  4.944E-01  3.274E-01  1.693E+02  1.518E-06   HCN
2       1         12.8    177.2611   1691.2478    5.248  1.351E+01  1.704E+00  1.629E-01  4.944E-01  9.068E+01  6.504E-06   HCN
3       2         25.5    265.8864   1127.5207    4.561  4.689E+00  7.022E-01  1.389E-02  1.629E-01  3.737E+01  9.047E-06   HCN
4       3         42.5    354.5055    845.6638    5.958  3.824E-01  3.194E-01  1.028E-03  1.389E-02  1.700E+01  9.754E-06   HCN
5       4         63.8    443.1161    676.5550   13.650  2.303E-02  1.289E-01  2.645E-04  1.028E-03  6.862E+00  7.689E-06   HCN
6       5         89.3    531.7163    563.8203   20.128  5.296E-03  5.278E-02  8.796E-05  2.645E-04  2.809E+00  5.439E-06   HCN
