      LINE         E_UP       FREQ        WAVEL     T_EX      TAU        T_R       POP        POP       FLUX        FLUX   SPECIES
                   (K)        (GHz)       (um)      (K)                  (K)        UP        LOW      (K*km/s) (erg/cm2/s)   SPECIES
1       0          5.5    115.2712   2600.7576   14.259  1.019E+05  1.083E+01  1.002E+00  2.504E+00  5.767E+02  1.138E-05   CO
2       1         16.6    230.5380   1300.4037   -1.434  3.079E+04 -1.126E+01  8.685E-03  1.002E+00 -5.995E+02 -9.459E-05   CO
3       2         33.2    345.7960    866.9634  -61.255  2.408E-17  0.000E+00  1.964E-02  8.685E-03  0.000E+00  0.000E+00   CO
4       3         55.3    461.0408    650.2515  229.198  1.781E-17  0.000E+00  3.391E-02  1.964E-02  0.000E+00  0.000E+00   CO
5       4         83.0    576.2679    520.2310   76.391  1.413E-17  0.000E+00  1.457E-02  3.391E-02  0.000E+00  0.000E+00   CO
6       5        116.2    691.4731    433.5562   -6.517  1.172E-17  0.000E+00  2.605E-02  1.457E-02  0.000E+00  0.000E+00   CO
7       6        154.9    806.6518    371.6504   85.528  9.999E-18  0.000E+00  2.283E-02  2.605E-02  0.000E+00  0.000E+00   CO
8       7        199.1    921.7997    325.2252  4.183E+03  8.712E-18  0.000E+00  3.857E-02  2.283E-02  0.000E+00  0.000E+00   CO
9       8        248.9   1036.9124    289.1203 -150.889  7.711E-18  0.000E+00  4.782E-02  3.857E-02  0.000E+00  0.000E+00   CO
10      9        304.2   1151.9855    260.2398  -46.719 -1.484E-08  1.182E-06  2.270E-02  4.782E-02  6.293E-05  1.239E-09   CO
11      10       365.0   1267.0145    236.6133   68.916  1.626E-08  6.978E-07  3.461E-02  2.270E-02  3.714E-05  9.729E-10   CO
12      11       431.3   1381.9951    216.9273  657.505  5.698E-18  0.000E+00  3.062E-02  3.461E-02  0.000E+00  0.000E+00   CO
13      12       503.1   1496.9229    200.2725  363.324  5.231E-18  0.000E+00  2.140E-02  3.062E-02  0.000E+00  0.000E+00   CO
14      13       580.5   1611.7935    185.9993 -309.088  4.830E-18  0.000E+00  4.140E-02  2.140E-02  0.000E+00  0.000E+00   CO
15      14       663.4   1726.6025    173.6314  339.908  4.480E-18  0.000E+00  3.443E-02  4.140E-02  0.000E+00  0.000E+00   CO
16      15       751.7   1841.3455    162.8116 -1.017E+04  4.172E-18  0.000E+00  3.024E-02  3.443E-02  0.000E+00  0.000E+00   CO
1       0         23.6    492.1607    609.1354  515.689  7.418E-02  3.603E+01  3.493E-01  1.219E-01  1.918E+03  2.944E-03   [CI]
2       1         62.5    809.3420    370.4151  402.967  1.833E-01  6.429E+01  5.287E-01  3.493E-01  3.422E+03  2.336E-02   [CI]
2       0         62.5   1301.5026    230.3433  439.276  4.546E-09  1.858E-06  5.287E-01  1.219E-01  9.891E-05  2.808E-09   [CI]
1       0          4.2     88.6316   3382.4556   24.623  2.887E+00  2.023E+01  2.842E-01  1.126E-01  1.077E+03  9.655E-06   HCN
2       1         12.8    177.2611   1691.2478   19.511  1.082E+01  1.517E+01  3.063E-01  2.842E-01  8.076E+02  5.793E-05   HCN
3       2         25.5    265.8864   1127.5207   16.784  1.581E+01  1.109E+01  2.005E-01  3.063E-01  5.900E+02  1.428E-04   HCN
4       3         42.5    354.5055    845.6638   13.954  1.304E+01  7.101E+00  7.616E-02  2.005E-01  3.780E+02  2.169E-04   HCN
5       4         63.8    443.1161    676.5550   11.918  5.689E+00  4.268E+00  1.563E-02  7.616E-02  2.272E+02  2.545E-04   HCN
6       5         89.3    531.7163    563.8203   13.106  1.181E+00  2.942E+00  2.636E-03  1.563E-02  1.566E+02  3.031E-04   HCN
