      LINE         E_UP       FREQ        WAVEL     T_EX      TAU        T_R       POP        POP       FLUX        FLUX   SPECIES
                   (K)        (GHz)       (um)      (K)                  (K)        UP        LOW      (K*km/s) (erg/cm2/s)   SPECIES
1       0          5.5    115.2712   2600.7576  153.631  5.864E+00  1.496E+02  5.406E-02  1.868E-02  7.963E+03  1.571E-04   CO
2       1         16.6    230.5380   1300.4037  152.672  2.234E+01  1.470E+02  8.381E-02  5.406E-02  7.825E+03  1.235E-03   CO
3       2         33.2    345.7960    866.9634  152.665  4.591E+01  1.445E+02  1.052E-01  8.381E-02  7.690E+03  4.095E-03   CO
4       3         55.3    461.0408    650.2515  152.451  7.188E+01  1.416E+02  1.170E-01  1.052E-01  7.539E+03  9.515E-03   CO
5       4         83.0    576.2679    520.2310  152.097  9.544E+01  1.387E+02  1.193E-01  1.170E-01  7.382E+03  1.819E-02   CO
6       5        116.2    691.4731    433.5562  151.541  1.127E+02  1.356E+02  1.132E-01  1.193E-01  7.215E+03  3.072E-02   CO
7       6        154.9    806.6518    371.6504  150.704  1.214E+02  1.322E+02  1.010E-01  1.132E-01  7.035E+03  4.755E-02   CO
8       7        199.1    921.7997    325.2252  149.409  1.210E+02  1.284E+02  8.517E-02  1.010E-01  6.833E+03  6.893E-02   CO
9       8        248.9   1036.9124    289.1203  147.431  1.128E+02  1.239E+02  6.792E-02  8.517E-02  6.597E+03  9.472E-02   CO
10      9        304.2   1151.9855    260.2398  144.119  9.900E+01  1.182E+02  5.115E-02  6.792E-02  6.293E+03  1.239E-01   CO
11      10       365.0   1267.0145    236.6133  138.955  8.222E+01  1.108E+02  3.617E-02  5.115E-02  5.895E+03  1.544E-01   CO
12      11       431.3   1381.9951    216.9273  130.423  6.479E+01  1.001E+02  2.364E-02  3.617E-02  5.326E+03  1.810E-01   CO
13      12       503.1   1496.9229    200.2725  117.108  4.830E+01  8.484E+01  1.383E-02  2.364E-02  4.515E+03  1.951E-01   CO
14      13       580.5   1611.7935    185.9993   98.296  3.328E+01  6.464E+01  6.760E-03  1.383E-02  3.440E+03  1.855E-01   CO
15      14       663.4   1726.6025    173.6314   76.013  1.966E+01  4.196E+01  2.429E-03  6.760E-03  2.234E+03  1.481E-01   CO
16      15       751.7   1841.3455    162.8116   55.074  8.431E+00  2.222E+01  5.197E-04  2.429E-03  1.183E+03  9.510E-02   CO
1       0         23.6    492.1607    609.1354  159.240  1.728E-01  2.344E+01  3.781E-01  1.462E-01  1.248E+03  1.916E-03   [CI]
2       1         62.5    809.3420    370.4151  138.096  3.340E-01  3.395E+01  4.757E-01  3.781E-01  1.807E+03  1.234E-02   [CI]
2       0         62.5   1301.5026    230.3433  145.397  9.063E-09  1.055E-06  4.757E-01  1.462E-01  5.615E-05  1.594E-09   [CI]
1       0          4.2     88.6316   3382.4556   11.045  6.785E+00  7.915E+00  4.250E-01  2.082E-01  4.213E+02  3.777E-06   HCN
2       1         12.8    177.2611   1691.2478    9.320  1.729E+01  5.312E+00  2.843E-01  4.250E-01  2.827E+02  2.028E-05   HCN
3       2         25.5    265.8864   1127.5207    7.597  1.415E+01  2.805E+00  7.421E-02  2.843E-01  1.493E+02  3.614E-05   HCN
4       3         42.5    354.5055    845.6638    6.534  4.003E+00  1.302E+00  7.060E-03  7.421E-02  6.931E+01  3.977E-05   HCN
5       4         63.8    443.1161    676.5550    9.091  3.613E-01  6.853E-01  8.318E-04  7.060E-03  3.648E+01  4.087E-05   HCN
6       5         89.3    531.7163    563.8203   19.243  3.397E-02  3.081E-01  2.610E-04  8.318E-04  1.640E+01  3.174E-05   HCN
