      LINE         E_UP       FREQ        WAVEL     T_EX      TAU        T_R       POP        POP       FLUX        FLUX   SPECIES
                   (K)        (GHz)       (um)      (K)                  (K)        UP        LOW      (K*km/s) (erg/cm2/s)   SPECIES
1       0          5.5    115.2712   2600.7576  146.808  4.423E-01  5.119E+01  1.951E-01  6.755E-02  2.725E+03  5.375E-05   CO
2       1         16.6    230.5380   1300.4037   45.702  4.950E+00  3.991E+01  2.553E-01  1.951E-01  2.124E+03  3.352E-04   CO
3       2         33.2    345.7960    866.9634   39.777  9.241E+00  3.201E+01  2.355E-01  2.553E-01  1.704E+03  9.074E-04   CO
4       3         55.3    461.0408    650.2515   33.455  1.149E+01  2.360E+01  1.563E-01  2.355E-01  1.256E+03  1.585E-03   CO
5       4         83.0    576.2679    520.2310   26.798  9.846E+00  1.530E+01  6.805E-02  1.563E-01  8.146E+02  2.008E-03   CO
6       5        116.2    691.4731    433.5562   21.626  5.118E+00  9.065E+00  1.734E-02  6.805E-02  4.825E+02  2.054E-03   CO
7       6        154.9    806.6518    371.6504   21.117  1.375E+00  5.505E+00  3.198E-03  1.734E-02  2.930E+02  1.981E-03   CO
8       7        199.1    921.7997    325.2252   32.661  2.212E-01  3.054E+00  9.355E-04  3.198E-03  1.626E+02  1.640E-03   CO
9       8        248.9   1036.9124    289.1203   49.916  5.444E-02  1.542E+00  3.858E-04  9.355E-04  8.206E+01  1.178E-03   CO
10      9        304.2   1151.9855    260.2398   60.920  2.101E-02  7.775E-01  1.721E-04  3.858E-04  4.138E+01  8.147E-04   CO
11      10       365.0   1267.0145    236.6133   70.800  8.974E-03  3.993E-01  7.984E-05  1.721E-04  2.125E+01  5.567E-04   CO
12      11       431.3   1381.9951    216.9273   79.858  4.039E-03  2.065E-01  3.782E-05  7.984E-05  1.099E+01  3.736E-04   CO
13      12       503.1   1496.9229    200.2725   88.749  1.866E-03  1.074E-01  1.818E-05  3.782E-05  5.717E+00  2.469E-04   CO
14      13       580.5   1611.7935    185.9993   90.142  9.234E-04  5.255E-02  8.278E-06  1.818E-05  2.797E+00  1.508E-04   CO
15      14       663.4   1726.6025    173.6314   93.381  4.257E-04  2.468E-02  3.643E-06  8.278E-06  1.314E+00  8.709E-05   CO
16      15       751.7   1841.3455    162.8116  105.238  1.794E-04  1.205E-02  1.675E-06  3.643E-06  6.413E-01  5.156E-05   CO
1       0         23.6    492.1607    609.1354   83.143  8.842E-03  6.328E-01  4.719E-01  2.090E-01  3.368E+01  5.171E-05   [CI]
2       1         62.5    809.3420    370.4151   43.070  2.015E-02  5.293E-01  3.191E-01  4.719E-01  2.817E+01  1.923E-04   [CI]
2       0         62.5   1301.5026    230.3433   52.669  5.141E-10  1.412E-08  3.191E-01  2.090E-01  7.516E-07  2.134E-11   [CI]
1       0          4.2     88.6316   3382.4556    2.769  9.407E-01  2.195E-02  3.805E-01  5.892E-01  1.168E+00  1.048E-08   HCN
2       1         12.8    177.2611   1691.2478    2.773  4.919E-01  8.711E-03  2.948E-02  3.805E-01  4.637E-01  3.326E-08   HCN
3       2         25.5    265.8864   1127.5207    3.084  3.541E-02  3.049E-03  6.586E-04  2.948E-02  1.623E-01  3.929E-08   HCN
4       3         42.5    354.5055    845.6638    7.561  6.850E-04  1.349E-03  8.924E-05  6.586E-04  7.182E-02  4.121E-08   HCN
5       4         63.8    443.1161    676.5550   17.365  7.121E-05  6.296E-04  3.205E-05  8.924E-05  3.351E-02  3.755E-08   HCN
6       5         89.3    531.7163    563.8203   26.231  2.212E-05  3.430E-04  1.432E-05  3.205E-05  1.826E-02  3.534E-08   HCN
