      LINE         E_UP       FREQ        WAVEL     T_EX      TAU        T_R       POP        POP       FLUX        FLUX   SPECIES
                   (K)        (GHz)       (um)      (K)                  (K)        UP        LOW      (K*km/s) (erg/cm2/s)   SPECIES
1       0          5.5    115.2712   2600.7576   13.096  2.801E+00  9.099E+00  4.525E-01  2.301E-01  4.843E+02  9.553E-06   CO
2       1         16.6    230.5380   1300.4037   10.251  7.031E+00  5.496E+00  2.563E-01  4.525E-01  2.925E+02  4.616E-05   CO
3       2         33.2    345.7960    866.9634    8.641  4.631E+00  2.784E+00  5.257E-02  2.563E-01  1.482E+02  7.890E-05   CO
4       3         55.3    461.0408    650.2515    9.286  9.603E-01  1.385E+00  6.238E-03  5.257E-02  7.370E+01  9.302E-05   CO
5       4         83.0    576.2679    520.2310   16.723  9.852E-02  6.138E-01  1.459E-03  6.238E-03  3.267E+01  8.051E-05   CO
6       5        116.2    691.4731    433.5562   27.298  1.963E-02  2.719E-01  5.112E-04  1.459E-03  1.447E+01  6.162E-05   CO
7       6        154.9    806.6518    371.6504   35.074  6.437E-03  1.232E-01  1.956E-04  5.112E-04  6.559E+00  4.434E-05   CO
8       7        199.1    921.7997    325.2252   42.786  2.345E-03  5.718E-02  7.884E-05  1.956E-04  3.043E+00  3.070E-05   CO
9       8        248.9   1036.9124    289.1203   49.780  9.168E-04  2.655E-02  3.242E-05  7.884E-05  1.413E+00  2.029E-05   CO
10      9        304.2   1151.9855    260.2398   56.868  3.672E-04  1.235E-02  1.356E-05  3.242E-05  6.572E-01  1.294E-05   CO
11      10       365.0   1267.0145    236.6133   65.073  1.486E-04  5.845E-03  5.832E-06  1.356E-05  3.111E-01  8.150E-06   CO
12      11       431.3   1381.9951    216.9273   71.522  6.306E-05  2.738E-03  2.508E-06  5.832E-06  1.457E-01  4.953E-06   CO
13      12       503.1   1496.9229    200.2725   79.793  2.640E-05  1.299E-03  1.101E-06  2.508E-06  6.913E-02  2.986E-06   CO
14      13       580.5   1611.7935    185.9993   78.888  1.210E-05  5.619E-04  4.435E-07  1.101E-06  2.991E-02  1.613E-06   CO
15      14       663.4   1726.6025    173.6314   80.093  4.986E-06  2.278E-04  1.685E-07  4.435E-07  1.212E-02  8.037E-07   CO
16      15       751.7   1841.3455    162.8116   91.742  1.801E-06  9.825E-05  6.844E-08  1.685E-07  5.229E-03  4.205E-07   CO
1       0         23.6    492.1607    609.1354   17.042  1.290E-02  1.009E-01  3.781E-01  5.040E-01  5.371E+00  8.246E-06   [CI]
2       1         62.5    809.3420    370.4151   23.182  4.407E-03  3.934E-02  1.180E-01  3.781E-01  2.094E+00  1.430E-05   [CI]
2       0         62.5   1301.5026    230.3433   20.402  3.395E-10  1.041E-09  1.180E-01  5.040E-01  5.543E-08  1.574E-12   [CI]
1       0          4.2     88.6316   3382.4556    2.731  1.907E-01  8.492E-04  3.763E-01  5.953E-01  4.520E-02  4.052E-10   HCN
2       1         12.8    177.2611   1691.2478    2.733  9.729E-02  3.192E-04  2.789E-02  3.763E-01  1.699E-02  1.219E-09   HCN
3       2         25.5    265.8864   1127.5207    2.797  6.721E-03  1.025E-04  4.075E-04  2.789E-02  5.454E-03  1.320E-09   HCN
4       3         42.5    354.5055    845.6638    4.811  9.176E-05  4.377E-05  1.525E-05  4.075E-04  2.330E-03  1.337E-09   HCN
5       4         63.8    443.1161    676.5550   16.091  2.522E-06  1.949E-05  4.972E-06  1.525E-05  1.037E-03  1.162E-09   HCN
6       5         89.3    531.7163    563.8203   25.303  6.992E-07  1.024E-05  2.143E-06  4.972E-06  5.453E-04  1.056E-09   HCN
