      LINE         E_UP       FREQ        WAVEL     T_EX      TAU        T_R       POP        POP       FLUX        FLUX   SPECIES
                   (K)        (GHz)       (um)      (K)                  (K)        UP        LOW      (K*km/s) (erg/cm2/s)   SPECIES
1       0          5.5    115.2712   2600.7576   54.999  5.287E+02  5.144E+01  1.342E-01  4.945E-02  2.738E+03  5.401E-05   CO
2       1         16.6    230.5380   1300.4037   54.999  1.820E+03  4.946E+01  1.829E-01  1.342E-01  2.632E+03  4.154E-04   CO
3       2         33.2    345.7960    866.9634   54.999  3.189E+03  4.708E+01  1.893E-01  1.829E-01  2.506E+03  1.334E-03   CO
4       3         55.3    461.0408    650.2515   54.999  3.991E+03  4.467E+01  1.628E-01  1.893E-01  2.378E+03  3.001E-03   CO
5       4         83.0    576.2679    520.2310   54.999  3.973E+03  4.232E+01  1.203E-01  1.628E-01  2.253E+03  5.552E-03   CO
6       5        116.2    691.4731    433.5562   54.998  3.298E+03  4.006E+01  7.778E-02  1.203E-01  2.132E+03  9.079E-03   CO
7       6        154.9    806.6518    371.6504   54.996  2.342E+03  3.789E+01  4.439E-02  7.778E-02  2.017E+03  1.363E-02   CO
8       7        199.1    921.7997    325.2252   54.991  1.443E+03  3.581E+01  2.251E-02  4.439E-02  1.906E+03  1.922E-02   CO
9       8        248.9   1036.9124    289.1203   54.979  7.799E+02  3.380E+01  1.017E-02  2.251E-02  1.799E+03  2.583E-02   CO
10      9        304.2   1151.9855    260.2398   54.944  3.717E+02  3.186E+01  4.111E-03  1.017E-02  1.696E+03  3.339E-02   CO
11      10       365.0   1267.0145    236.6133   54.832  1.573E+02  2.994E+01  1.485E-03  4.111E-03  1.593E+03  4.174E-02   CO
12      11       431.3   1381.9951    216.9273   54.454  5.918E+01  2.786E+01  4.776E-04  1.485E-03  1.483E+03  5.041E-02   CO
13      12       503.1   1496.9229    200.2725   52.551  1.996E+01  2.457E+01  1.315E-04  4.776E-04  1.308E+03  5.649E-02   CO
14      13       580.5   1611.7935    185.9993   45.400  5.983E+00  1.717E+01  2.569E-05  1.315E-04  9.136E+02  4.927E-02   CO
15      14       663.4   1726.6025    173.6314   36.883  1.267E+00  7.040E+00  2.904E-06  2.569E-05  3.747E+02  2.484E-02   CO
16      15       751.7   1841.3455    162.8116   38.530  1.428E-01  1.320E+00  3.120E-07  2.904E-06  7.025E+01  5.648E-03   CO
1       0         23.6    492.1607    609.1354   54.991  8.271E+00  4.401E+01  4.284E-01  2.194E-01  2.342E+03  3.596E-03   [CI]
2       1         62.5    809.3420    370.4151   54.966  9.845E+00  3.781E+01  3.522E-01  4.284E-01  2.012E+03  1.374E-02   [CI]
2       0         62.5   1301.5026    230.3433   54.975  3.329E-07  9.833E-06  3.522E-01  2.194E-01  5.233E-04  1.486E-08   [CI]
1       0          4.2     88.6316   3382.4556   40.756  8.057E+00  3.752E+01  1.712E-01  6.334E-02  1.997E+03  1.791E-05   HCN
2       1         12.8    177.2611   1691.2478   39.029  2.868E+01  3.454E+01  2.294E-01  1.712E-01  1.838E+03  1.319E-04   HCN
3       2         25.5    265.8864   1127.5207   36.673  5.192E+01  3.054E+01  2.268E-01  2.294E-01  1.626E+03  3.935E-04   HCN
4       3         42.5    354.5055    845.6638   32.746  6.741E+01  2.494E+01  1.734E-01  2.268E-01  1.327E+03  7.616E-04   HCN
5       4         63.8    443.1161    676.5550   27.212  6.706E+01  1.794E+01  9.703E-02  1.734E-01  9.549E+02  1.070E-03   HCN
6       5         89.3    531.7163    563.8203   20.660  4.818E+01  1.046E+01  3.335E-02  9.703E-02  5.568E+02  1.078E-03   HCN
