      LINE         E_UP       FREQ        WAVEL     T_EX      TAU        T_R       POP        POP       FLUX        FLUX   SPECIES
                   (K)        (GHz)       (um)      (K)                  (K)        UP        LOW      (K*km/s) (erg/cm2/s)   SPECIES
1       0          5.5    115.2712   2600.7576  429.995  7.276E+01  4.264E+02  1.899E-02  6.414E-03  2.270E+04  4.477E-04   CO
2       1         16.6    230.5380   1300.4037  429.995  2.853E+02  4.243E+02  3.085E-02  1.899E-02  2.258E+04  3.563E-03   CO
3       2         33.2    345.7960    866.9634  429.995  6.212E+02  4.217E+02  4.156E-02  3.085E-02  2.245E+04  1.195E-02   CO
4       3         55.3    461.0408    650.2515  429.995  1.054E+03  4.190E+02  5.075E-02  4.156E-02  2.230E+04  2.815E-02   CO
5       4         83.0    576.2679    520.2310  429.995  1.551E+03  4.163E+02  5.817E-02  5.075E-02  2.216E+04  5.461E-02   CO
6       5        116.2    691.4731    433.5562  429.995  2.076E+03  4.136E+02  6.364E-02  5.817E-02  2.201E+04  9.374E-02   CO
7       6        154.9    806.6518    371.6504  429.994  2.593E+03  4.109E+02  6.711E-02  6.364E-02  2.187E+04  1.478E-01   CO
8       7        199.1    921.7997    325.2252  429.994  3.066E+03  4.083E+02  6.862E-02  6.711E-02  2.173E+04  2.192E-01   CO
9       8        248.9   1036.9124    289.1203  429.993  3.466E+03  4.056E+02  6.831E-02  6.862E-02  2.159E+04  3.100E-01   CO
10      9        304.2   1151.9855    260.2398  429.992  3.771E+03  4.029E+02  6.639E-02  6.831E-02  2.145E+04  4.222E-01   CO
11      10       365.0   1267.0145    236.6133  429.991  3.971E+03  4.003E+02  6.313E-02  6.639E-02  2.131E+04  5.581E-01   CO
12      11       431.3   1381.9951    216.9273  429.989  4.055E+03  3.977E+02  5.881E-02  6.313E-02  2.117E+04  7.195E-01   CO
13      12       503.1   1496.9229    200.2725  429.988  4.032E+03  3.951E+02  5.374E-02  5.881E-02  2.103E+04  9.083E-01   CO
14      13       580.5   1611.7935    185.9993  429.985  3.910E+03  3.925E+02  4.822E-02  5.374E-02  2.089E+04  1.126E+00   CO
15      14       663.4   1726.6025    173.6314  429.981  3.703E+03  3.899E+02  4.251E-02  4.822E-02  2.075E+04  1.376E+00   CO
16      15       751.7   1841.3455    162.8116  429.977  3.430E+03  3.873E+02  3.684E-02  4.251E-02  2.061E+04  1.657E+00   CO
1       0         23.6    492.1607    609.1354  429.948  5.615E+00  4.167E+02  3.478E-01  1.225E-01  2.218E+04  3.405E-02   [CI]
2       1         62.5    809.3420    370.4151  429.842  1.083E+01  4.107E+02  5.297E-01  3.478E-01  2.186E+04  1.492E-01   [CI]
2       0         62.5   1301.5026    230.3433  429.882  2.941E-07  1.175E-04  5.297E-01  1.225E-01  6.252E-03  1.775E-07   [CI]
1       0          4.2     88.6316   3382.4556    0.416  3.824E+01 -1.131E+00  1.533E-02  6.155E-03 -6.017E+01 -5.395E-07   HCN
2       1         12.8    177.2611   1691.2478    3.183  3.916E+00  2.339E-01  3.425E-02  1.533E-02  1.245E+01  8.929E-07   HCN
3       2         25.5    265.8864   1127.5207   -3.650 -3.727E+00  5.383E+02  4.921E-02  3.425E-02  2.865E+04  6.935E-03   HCN
4       3         42.5    354.5055    845.6638   -0.914 -5.200E+02 -1.705E+01  5.435E-02  4.921E-02 -9.073E+02 -5.206E-04   HCN
5       4         63.8    443.1161    676.5550    3.797  6.446E+02  7.012E-02  2.547E-02  5.435E-02  3.732E+00  4.182E-06   HCN
6       5         89.3    531.7163    563.8203  146.680  1.445E+01  1.343E+02  3.103E-02  2.547E-02  7.148E+03  1.384E-02   HCN
