      LINE         E_UP       FREQ        WAVEL     T_EX      TAU        T_R       POP        POP       FLUX        FLUX   SPECIES
                   (K)        (GHz)       (um)      (K)                  (K)        UP        LOW      (K*km/s) (erg/cm2/s)   SPECIES
1       0          5.5    115.2712   2600.7576   14.513  2.401E+00  1.008E+01  4.394E-01  2.144E-01  5.365E+02  1.058E-05   CO
2       1         16.6    230.5380   1300.4037   11.083  6.531E+00  6.253E+00  2.698E-01  4.394E-01  3.328E+02  5.251E-05   CO
3       2         33.2    345.7960    866.9634    9.378  4.739E+00  3.342E+00  6.437E-02  2.698E-01  1.779E+02  9.471E-05   CO
4       3         55.3    461.0408    650.2515    9.785  1.161E+00  1.763E+00  8.626E-03  6.437E-02  9.385E+01  1.184E-04   CO
5       4         83.0    576.2679    520.2310   16.925  1.356E-01  8.500E-01  2.057E-03  8.626E-03  4.524E+01  1.115E-04   CO
6       5        116.2    691.4731    433.5562   28.737  2.695E-02  4.061E-01  7.662E-04  2.057E-03  2.161E+01  9.202E-05   CO
7       6        154.9    806.6518    371.6504   37.590  9.280E-03  1.986E-01  3.157E-04  7.662E-04  1.057E+01  7.145E-05   CO
8       7        199.1    921.7997    325.2252   46.505  3.604E-03  1.002E-01  1.382E-04  3.157E-04  5.331E+00  5.377E-05   CO
9       8        248.9   1036.9124    289.1203   54.618  1.520E-03  5.084E-02  6.210E-05  1.382E-04  2.706E+00  3.885E-05   CO
10      9        304.2   1151.9855    260.2398   63.123  6.599E-04  2.603E-02  2.859E-05  6.210E-05  1.386E+00  2.728E-05   CO
11      10       365.0   1267.0145    236.6133   73.060  2.916E-04  1.365E-02  1.362E-05  2.859E-05  7.266E-01  1.903E-05   CO
12      11       431.3   1381.9951    216.9273   81.086  1.361E-04  7.133E-03  6.534E-06  1.362E-05  3.796E-01  1.290E-05   CO
13      12       503.1   1496.9229    200.2725   90.214  6.363E-05  3.755E-03  3.182E-06  6.534E-06  1.998E-01  8.633E-06   CO
14      13       580.5   1611.7935    185.9993   90.183  3.224E-05  1.837E-03  1.450E-06  3.182E-06  9.776E-02  5.272E-06   CO
15      14       663.4   1726.6025    173.6314   93.293  1.488E-05  8.619E-04  6.375E-07  1.450E-06  4.588E-02  3.041E-06   CO
16      15       751.7   1841.3455    162.8116  106.160  6.229E-06  4.238E-04  2.952E-07  6.375E-07  2.255E-02  1.813E-06   CO
1       0         23.6    492.1607    609.1354   18.295  1.179E-02  1.050E-01  3.930E-01  4.764E-01  5.587E+00  8.577E-06   [CI]
2       1         62.5    809.3420    370.4151   24.092  4.512E-03  4.356E-02  1.306E-01  3.930E-01  2.319E+00  1.583E-05   [CI]
2       0         62.5   1301.5026    230.3433   21.514  3.182E-10  1.153E-09  1.306E-01  4.764E-01  6.138E-08  1.743E-12   [CI]
1       0          4.2     88.6316   3382.4556    2.732  1.906E-01  9.935E-04  3.764E-01  5.952E-01  5.288E-02  4.742E-10   HCN
2       1         12.8    177.2611   1691.2478    2.734  9.731E-02  3.782E-04  2.794E-02  3.764E-01  2.013E-02  1.444E-09   HCN
3       2         25.5    265.8864   1127.5207    2.813  6.731E-03  1.276E-04  4.194E-04  2.794E-02  6.791E-03  1.644E-09   HCN
4       3         42.5    354.5055    845.6638    5.128  9.375E-05  5.684E-05  1.953E-05  4.194E-04  3.025E-03  1.736E-09   HCN
5       4         63.8    443.1161    676.5550   16.994  3.144E-06  2.677E-05  6.831E-06  1.953E-05  1.425E-03  1.597E-09   HCN
6       5         89.3    531.7163    563.8203   26.532  9.342E-07  1.475E-05  3.085E-06  6.831E-06  7.849E-04  1.520E-09   HCN
