      LINE         E_UP       FREQ        WAVEL     T_EX      TAU        T_R       POP        POP       FLUX        FLUX   SPECIES
                   (K)        (GHz)       (um)      (K)                  (K)        UP        LOW      (K*km/s) (erg/cm2/s)   SPECIES
1       0          5.5    115.2712   2600.7576   72.829  3.726E+00  6.759E+01  1.268E-01  4.560E-02  3.598E+03  7.096E-05   CO
2       1         16.6    230.5380   1300.4037   68.488  1.408E+01  6.291E+01  1.798E-01  1.268E-01  3.348E+03  5.284E-04   CO
3       2         33.2    345.7960    866.9634   67.181  2.634E+01  5.919E+01  1.966E-01  1.798E-01  3.150E+03  1.678E-03   CO
4       3         55.3    461.0408    650.2515   64.222  3.647E+01  5.379E+01  1.791E-01  1.966E-01  2.863E+03  3.613E-03   CO
5       4         83.0    576.2679    520.2310   59.210  4.127E+01  4.645E+01  1.372E-01  1.791E-01  2.472E+03  6.093E-03   CO
6       5        116.2    691.4731    433.5562   51.537  3.941E+01  3.671E+01  8.517E-02  1.372E-01  1.954E+03  8.320E-03   CO
7       6        154.9    806.6518    371.6504   41.296  3.087E+01  2.492E+01  3.849E-02  8.517E-02  1.326E+03  8.966E-03   CO
8       7        199.1    921.7997    325.2252   30.146  1.742E+01  1.325E+01  1.005E-02  3.849E-02  7.053E+02  7.114E-03   CO
9       8        248.9   1036.9124    289.1203   21.264  5.287E+00  5.276E+00  1.082E-03  1.005E-02  2.808E+02  4.032E-03   CO
10      9        304.2   1151.9855    260.2398   20.950  5.787E-01  1.869E+00  8.544E-05  1.082E-03  9.947E+01  1.958E-03   CO
11      10       365.0   1267.0145    236.6133   33.220  4.096E-02  4.660E-01  1.500E-05  8.544E-05  2.480E+01  6.497E-04   CO
12      11       431.3   1381.9951    216.9273   39.802  6.885E-03  1.060E-01  3.081E-06  1.500E-05  5.642E+00  1.918E-04   CO
13      12       503.1   1496.9229    200.2725   43.288  1.400E-03  2.360E-02  6.330E-07  3.081E-06  1.256E+00  5.426E-05   CO
14      13       580.5   1611.7935    185.9993   44.176  2.910E-04  4.728E-03  1.180E-07  6.330E-07  2.517E-01  1.357E-05   CO
15      14       663.4   1726.6025    173.6314   44.815  5.485E-05  8.490E-04  1.986E-08  1.180E-07  4.519E-02  2.995E-06   CO
16      15       751.7   1841.3455    162.8116   47.521  9.167E-06  1.494E-04  3.292E-09  1.986E-08  7.953E-03  6.395E-07   CO
1       0         23.6    492.1607    609.1354   74.348  5.952E-02  3.649E+00  4.423E-01  2.026E-01  1.942E+02  2.982E-04   [CI]
2       1         62.5    809.3420    370.4151   53.198  1.039E-01  3.566E+00  3.552E-01  4.423E-01  1.898E+02  1.296E-03   [CI]
2       0         62.5   1301.5026    230.3433   59.611  2.939E-09  9.916E-08  3.552E-01  2.026E-01  5.278E-06  1.498E-10   [CI]
1       0          4.2     88.6316   3382.4556    3.072  5.274E+00  2.892E-01  4.119E-01  5.482E-01  1.539E+01  1.380E-07   HCN
2       1         12.8    177.2611   1691.2478    2.959  3.325E+00  1.119E-01  3.872E-02  4.119E-01  5.956E+00  4.273E-07   HCN
3       2         25.5    265.8864   1127.5207    3.245  2.923E-01  3.443E-02  1.062E-03  3.872E-02  1.832E+00  4.436E-07   HCN
4       3         42.5    354.5055    845.6638    6.784  7.158E-03  1.052E-02  1.113E-04  1.062E-03  5.600E-01  3.213E-07   HCN
5       4         63.8    443.1161    676.5550   13.059  6.376E-04  3.304E-03  2.668E-05  1.113E-04  1.758E-01  1.970E-07   HCN
6       5         89.3    531.7163    563.8203   18.246  1.407E-04  1.177E-03  7.787E-06  2.668E-05  6.263E-02  1.213E-07   HCN
