      LINE         E_UP       FREQ        WAVEL     T_EX      TAU        T_R       POP        POP       FLUX        FLUX   SPECIES
                   (K)        (GHz)       (um)      (K)                  (K)        UP        LOW      (K*km/s) (erg/cm2/s)   SPECIES
1       0          5.5    115.2712   2600.7576  429.891  1.455E+01  4.263E+02  1.904E-02  6.428E-03  2.269E+04  4.476E-04   CO
2       1         16.6    230.5380   1300.4037  429.884  5.706E+01  4.242E+02  3.092E-02  1.904E-02  2.258E+04  3.562E-03   CO
3       2         33.2    345.7960    866.9634  429.881  1.242E+02  4.216E+02  4.165E-02  3.092E-02  2.244E+04  1.195E-02   CO
4       3         55.3    461.0408    650.2515  429.881  2.108E+02  4.189E+02  5.087E-02  4.165E-02  2.230E+04  2.814E-02   CO
5       4         83.0    576.2679    520.2310  429.872  3.102E+02  4.162E+02  5.829E-02  5.087E-02  2.215E+04  5.459E-02   CO
6       5        116.2    691.4731    433.5562  429.869  4.152E+02  4.135E+02  6.378E-02  5.829E-02  2.201E+04  9.371E-02   CO
7       6        154.9    806.6518    371.6504  429.856  5.186E+02  4.108E+02  6.725E-02  6.378E-02  2.186E+04  1.478E-01   CO
8       7        199.1    921.7997    325.2252  429.843  6.132E+02  4.081E+02  6.876E-02  6.725E-02  2.172E+04  2.191E-01   CO
9       8        248.9   1036.9124    289.1203  429.821  6.933E+02  4.054E+02  6.845E-02  6.876E-02  2.158E+04  3.098E-01   CO
10      9        304.2   1151.9855    260.2398  429.790  7.542E+02  4.027E+02  6.652E-02  6.845E-02  2.144E+04  4.220E-01   CO
11      10       365.0   1267.0145    236.6133  429.766  7.942E+02  4.001E+02  6.325E-02  6.652E-02  2.129E+04  5.578E-01   CO
12      11       431.3   1381.9951    216.9273  429.730  8.111E+02  3.974E+02  5.891E-02  6.325E-02  2.115E+04  7.190E-01   CO
13      12       503.1   1496.9229    200.2725  429.703  8.063E+02  3.948E+02  5.383E-02  5.891E-02  2.101E+04  9.077E-01   CO
14      13       580.5   1611.7935    185.9993  429.620  7.821E+02  3.921E+02  4.829E-02  5.383E-02  2.087E+04  1.125E+00   CO
15      14       663.4   1726.6025    173.6314  429.525  7.407E+02  3.894E+02  4.256E-02  4.829E-02  2.073E+04  1.374E+00   CO
16      15       751.7   1841.3455    162.8116  429.425  6.861E+02  3.868E+02  3.688E-02  4.256E-02  2.058E+04  1.655E+00   CO
1       0         23.6    492.1607    609.1354  430.376  1.120E+00  2.820E+02  3.480E-01  1.225E-01  1.501E+04  2.304E-02   [CI]
2       1         62.5    809.3420    370.4151  426.863  2.176E+00  3.614E+02  5.295E-01  3.480E-01  1.924E+04  1.313E-01   [CI]
2       0         62.5   1301.5026    230.3433  428.185  5.891E-08  2.343E-05  5.295E-01  1.225E-01  1.247E-03  3.541E-08   [CI]
1       0          4.2     88.6316   3382.4556    0.888  4.051E+01 -1.095E+00  4.802E-02  1.763E-02 -5.828E+01 -5.226E-07   HCN
2       1         12.8    177.2611   1691.2478   -2.250 -1.082E+02  9.083E+47  9.667E-02  4.802E-02  4.834E+49  3.468E+42   HCN
3       2         25.5    265.8864   1127.5207    0.443  1.929E+02 -1.193E-01  8.917E-02  9.667E-02 -6.349E+00 -1.537E-06   HCN
4       3         42.5    354.5055    845.6638   -1.586 -2.244E+02  4.800E+98  1.478E-01  8.917E-02  2.555+100  1.466E+94   HCN
5       4         63.8    443.1161    676.5550    0.639  2.834E+02 -8.693E-03  1.107E-01  1.478E-01 -4.627E-01 -5.185E-07   HCN
6       5         89.3    531.7163    563.8203   -1.366 -2.461E+02  2.003+108  1.543E-01  1.107E-01  1.066+110  2.064+104   HCN
