      LINE         E_UP       FREQ        WAVEL     T_EX      TAU        T_R       POP        POP       FLUX        FLUX   SPECIES
                   (K)        (GHz)       (um)      (K)                  (K)        UP        LOW      (K*km/s) (erg/cm2/s)   SPECIES
1       0          5.5    115.2712   2600.7576  368.483  2.189E+00  3.240E+02  2.452E-02  8.298E-03  1.725E+04  3.402E-04   CO
2       1         16.6    230.5380   1300.4037  347.801  9.058E+00  3.421E+02  3.959E-02  2.452E-02  1.821E+04  2.873E-03   CO
3       2         33.2    345.7960    866.9634  348.718  1.952E+01  3.404E+02  5.285E-02  3.959E-02  1.812E+04  9.649E-03   CO
4       3         55.3    461.0408    650.2515  348.577  3.279E+01  3.376E+02  6.377E-02  5.285E-02  1.797E+04  2.268E-02   CO
5       4         83.0    576.2679    520.2310  348.148  4.766E+01  3.345E+02  7.199E-02  6.377E-02  1.780E+04  4.388E-02   CO
6       5        116.2    691.4731    433.5562  347.808  6.281E+01  3.315E+02  7.734E-02  7.199E-02  1.764E+04  7.512E-02   CO
7       6        154.9    806.6518    371.6504  347.026  7.708E+01  3.280E+02  7.982E-02  7.734E-02  1.746E+04  1.180E-01   CO
8       7        199.1    921.7997    325.2252  346.114  8.929E+01  3.245E+02  7.961E-02  7.982E-02  1.727E+04  1.742E-01   CO
9       8        248.9   1036.9124    289.1203  344.713  9.869E+01  3.204E+02  7.701E-02  7.961E-02  1.705E+04  2.449E-01   CO
10      9        304.2   1151.9855    260.2398  342.819  1.047E+02  3.159E+02  7.244E-02  7.701E-02  1.681E+04  3.310E-01   CO
11      10       365.0   1267.0145    236.6133  340.868  1.071E+02  3.114E+02  6.638E-02  7.244E-02  1.657E+04  4.341E-01   CO
12      11       431.3   1381.9951    216.9273  338.282  1.060E+02  3.062E+02  5.930E-02  6.638E-02  1.630E+04  5.540E-01   CO
13      12       503.1   1496.9229    200.2725  335.080  1.017E+02  3.004E+02  5.169E-02  5.930E-02  1.599E+04  6.908E-01   CO
14      13       580.5   1611.7935    185.9993  329.314  9.542E+01  2.921E+02  4.390E-02  5.169E-02  1.555E+04  8.385E-01   CO
15      14       663.4   1726.6025    173.6314  321.924  8.708E+01  2.823E+02  3.627E-02  4.390E-02  1.502E+04  9.959E-01   CO
16      15       751.7   1841.3455    162.8116  312.278  7.748E+01  2.702E+02  2.910E-02  3.627E-02  1.438E+04  1.156E+00   CO
1       0         23.6    492.1607    609.1354  369.934  1.329E-01  4.458E+01  3.534E-01  1.256E-01  2.373E+03  3.643E-03   [CI]
2       1         62.5    809.3420    370.4151  317.062  2.929E-01  7.567E+01  5.211E-01  3.534E-01  4.028E+03  2.750E-02   [CI]
2       0         62.5   1301.5026    230.3433  335.177  7.561E-09  2.306E-06  5.211E-01  1.256E-01  1.227E-04  3.484E-09   [CI]
1       0          4.2     88.6316   3382.4556   27.555  2.988E+00  2.313E+01  2.640E-01  1.027E-01  1.231E+03  1.104E-05   HCN
2       1         12.8    177.2611   1691.2478   22.042  1.146E+01  1.767E+01  2.991E-01  2.640E-01  9.404E+02  6.746E-05   HCN
3       2         25.5    265.8864   1127.5207   19.020  1.784E+01  1.323E+01  2.141E-01  2.991E-01  7.041E+02  1.704E-04   HCN
4       3         42.5    354.5055    845.6638   15.697  1.647E+01  8.664E+00  9.310E-02  2.141E-01  4.611E+02  2.646E-04   HCN
5       4         63.8    443.1161    676.5550   12.967  8.480E+00  5.108E+00  2.207E-02  9.310E-02  2.719E+02  3.046E-04   HCN
6       5         89.3    531.7163    563.8203   12.367  2.138E+00  3.274E+00  3.314E-03  2.207E-02  1.742E+02  3.373E-04   HCN
