      LINE         E_UP       FREQ        WAVEL     T_EX      TAU        T_R       POP        POP       FLUX        FLUX   SPECIES
                   (K)        (GHz)       (um)      (K)                  (K)        UP        LOW      (K*km/s) (erg/cm2/s)   SPECIES
1       0          5.5    115.2712   2600.7576  329.804  1.239E+01  3.262E+02  2.476E-02  8.392E-03  1.736E+04  3.425E-04   CO
2       1         16.6    230.5380   1300.4037  329.781  4.829E+01  3.241E+02  3.990E-02  2.476E-02  1.725E+04  2.722E-03   CO
3       2         33.2    345.7960    866.9634  329.776  1.041E+02  3.215E+02  5.312E-02  3.990E-02  1.711E+04  9.113E-03   CO
4       3         55.3    461.0408    650.2515  329.772  1.743E+02  3.188E+02  6.387E-02  5.312E-02  1.697E+04  2.142E-02   CO
5       4         83.0    576.2679    520.2310  329.754  2.520E+02  3.161E+02  7.178E-02  6.387E-02  1.683E+04  4.147E-02   CO
6       5        116.2    691.4731    433.5562  329.741  3.302E+02  3.134E+02  7.671E-02  7.178E-02  1.668E+04  7.103E-02   CO
7       6        154.9    806.6518    371.6504  329.710  4.021E+02  3.107E+02  7.870E-02  7.671E-02  1.654E+04  1.118E-01   CO
8       7        199.1    921.7997    325.2252  329.675  4.618E+02  3.081E+02  7.800E-02  7.870E-02  1.640E+04  1.654E-01   CO
9       8        248.9   1036.9124    289.1203  329.620  5.052E+02  3.054E+02  7.496E-02  7.800E-02  1.625E+04  2.334E-01   CO
10      9        304.2   1151.9855    260.2398  329.542  5.296E+02  3.027E+02  7.005E-02  7.496E-02  1.611E+04  3.172E-01   CO
11      10       365.0   1267.0145    236.6133  329.464  5.354E+02  3.000E+02  6.379E-02  7.005E-02  1.597E+04  4.182E-01   CO
12      11       431.3   1381.9951    216.9273  329.354  5.229E+02  2.973E+02  5.669E-02  6.379E-02  1.582E+04  5.379E-01   CO
13      12       503.1   1496.9229    200.2725  329.244  4.952E+02  2.946E+02  4.922E-02  5.669E-02  1.568E+04  6.774E-01   CO
14      13       580.5   1611.7935    185.9993  328.992  4.558E+02  2.918E+02  4.179E-02  4.922E-02  1.553E+04  8.376E-01   CO
15      14       663.4   1726.6025    173.6314  328.688  4.080E+02  2.890E+02  3.472E-02  4.179E-02  1.538E+04  1.020E+00   CO
16      15       751.7   1841.3455    162.8116  328.292  3.559E+02  2.861E+02  2.824E-02  3.472E-02  1.523E+04  1.224E+00   CO
1       0         23.6    492.1607    609.1354  331.016  7.453E-01  1.678E+02  3.525E-01  1.262E-01  8.930E+03  1.371E-02   [CI]
2       1         62.5    809.3420    370.4151  325.015  1.430E+00  2.328E+02  5.213E-01  3.525E-01  1.239E+04  8.459E-02   [CI]
2       0         62.5   1301.5026    230.3433  327.259  3.892E-08  1.156E-05  5.213E-01  1.262E-01  6.153E-04  1.747E-08   [CI]
1       0          4.2     88.6316   3382.4556   -1.180 -4.373E+01  5.425E+19  1.146E-01  2.864E-02  2.888E+21  2.589E+13   HCN
2       1         12.8    177.2611   1691.2478    0.169  1.125E+02 -3.924E-01  1.239E-01  1.146E-01 -2.089E+01 -1.498E-06   HCN
3       2         25.5    265.8864   1127.5207   -1.982 -1.421E+02  6.557E+62  2.035E-01  1.239E-01  3.490E+64  8.448E+57   HCN
4       3         42.5    354.5055    845.6638    0.543  1.995E+02 -3.316E-02  1.418E-01  2.035E-01 -1.765E+00 -1.013E-06   HCN
5       4         63.8    443.1161    676.5550   -0.279 -1.260E+02  1.171E+56  1.691E-01  1.418E-01  6.234E+57  6.985E+51   HCN
6       5         89.3    531.7163    563.8203    4.644  1.292E+02  1.031E-01  9.997E-02  1.691E-01  5.488E+00  1.063E-05   HCN
