      LINE         E_UP       FREQ        WAVEL     T_EX      TAU        T_R       POP        POP       FLUX        FLUX   SPECIES
                   (K)        (GHz)       (um)      (K)                  (K)        UP        LOW      (K*km/s) (erg/cm2/s)   SPECIES
1       0          5.5    115.2712   2600.7576  114.544  7.933E-01  6.077E+01  1.714E-01  5.995E-02  3.234E+03  6.380E-05   CO
2       1         16.6    230.5380   1300.4037   54.185  5.918E+00  4.852E+01  2.329E-01  1.714E-01  2.582E+03  4.075E-04   CO
3       2         33.2    345.7960    866.9634   48.492  1.135E+01  4.063E+01  2.315E-01  2.329E-01  2.162E+03  1.152E-03   CO
4       3         55.3    461.0408    650.2515   41.482  1.530E+01  3.139E+01  1.746E-01  2.315E-01  1.671E+03  2.109E-03   CO
5       4         83.0    576.2679    520.2310   33.345  1.527E+01  2.141E+01  9.313E-02  1.746E-01  1.139E+03  2.808E-03   CO
6       5        116.2    691.4731    433.5562   25.607  1.028E+01  1.250E+01  3.012E-02  9.313E-02  6.654E+02  2.833E-03   CO
7       6        154.9    806.6518    371.6504   20.263  3.839E+00  6.581E+00  5.143E-03  3.012E-02  3.502E+02  2.368E-03   CO
8       7        199.1    921.7997    325.2252   22.684  6.518E-01  3.513E+00  8.291E-04  5.143E-03  1.870E+02  1.886E-03   CO
9       8        248.9   1036.9124    289.1203   38.012  8.846E-02  1.559E+00  2.502E-04  8.291E-04  8.296E+01  1.191E-03   CO
10      9        304.2   1151.9855    260.2398   50.032  2.421E-02  6.549E-01  9.160E-05  2.502E-04  3.486E+01  6.863E-04   CO
11      10       365.0   1267.0145    236.6133   56.978  8.618E-03  2.736E-01  3.451E-05  9.160E-05  1.456E+01  3.814E-04   CO
12      11       431.3   1381.9951    216.9273   63.263  3.185E-03  1.138E-01  1.315E-05  3.451E-05  6.058E+00  2.059E-04   CO
13      12       503.1   1496.9229    200.2725   69.797  1.191E-03  4.751E-02  5.073E-06  1.315E-05  2.529E+00  1.092E-04   CO
14      13       580.5   1611.7935    185.9993   71.345  4.692E-04  1.854E-02  1.842E-06  5.073E-06  9.868E-01  5.321E-05   CO
15      14       663.4   1726.6025    173.6314   73.136  1.731E-04  6.812E-03  6.343E-07  1.842E-06  3.626E-01  2.403E-05   CO
16      15       751.7   1841.3455    162.8116   80.673  5.799E-05  2.575E-03  2.258E-07  6.343E-07  1.370E-01  1.102E-05   CO
1       0         23.6    492.1607    609.1354   96.020  1.173E-02  9.879E-01  4.655E-01  1.984E-01  5.258E+01  8.073E-05   [CI]
2       1         62.5    809.3420    370.4151   46.439  3.005E-02  8.791E-01  3.361E-01  4.655E-01  4.679E+01  3.195E-04   [CI]
2       0         62.5   1301.5026    230.3433   57.707  7.365E-10  2.357E-08  3.361E-01  1.984E-01  1.255E-06  3.562E-11   [CI]
1       0          4.2     88.6316   3382.4556    2.787  1.480E+00  3.917E-02  3.825E-01  5.866E-01  2.085E+00  1.869E-08   HCN
2       1         12.8    177.2611   1691.2478    2.785  7.833E-01  1.550E-02  3.006E-02  3.825E-01  8.248E-01  5.916E-08   HCN
3       2         25.5    265.8864   1127.5207    3.096  5.720E-02  5.059E-03  6.822E-04  3.006E-02  2.693E-01  6.518E-08   HCN
4       3         42.5    354.5055    845.6638    7.314  1.134E-03  2.050E-03  8.567E-05  6.822E-04  1.091E-01  6.259E-08   HCN
5       4         63.8    443.1161    676.5550   15.863  1.133E-04  8.528E-04  2.740E-05  8.567E-05  4.539E-02  5.086E-08   HCN
6       5         89.3    531.7163    563.8203   23.813  3.168E-05  4.210E-04  1.109E-05  2.740E-05  2.241E-02  4.338E-08   HCN
