      LINE         E_UP       FREQ        WAVEL     T_EX      TAU        T_R       POP        POP       FLUX        FLUX   SPECIES
                   (K)        (GHz)       (um)      (K)                  (K)        UP        LOW      (K*km/s) (erg/cm2/s)   SPECIES
1       0          5.5    115.2712   2600.7576   71.332  1.037E+00  4.375E+01  2.180E-01  7.851E-02  2.329E+03  4.593E-05   CO
2       1         16.6    230.5380   1300.4037   39.122  6.334E+00  3.360E+01  2.738E-01  2.180E-01  1.788E+03  2.822E-04   CO
3       2         33.2    345.7960    866.9634   34.001  1.122E+01  2.634E+01  2.353E-01  2.738E-01  1.402E+03  7.465E-04   CO
4       3         55.3    461.0408    650.2515   27.924  1.299E+01  1.830E+01  1.369E-01  2.353E-01  9.740E+02  1.229E-03   CO
5       4         83.0    576.2679    520.2310   21.802  9.634E+00  1.082E+01  4.707E-02  1.369E-01  5.759E+02  1.419E-03   CO
6       5        116.2    691.4731    433.5562   17.588  3.829E+00  5.799E+00  8.431E-03  4.707E-02  3.086E+02  1.314E-03   CO
7       6        154.9    806.6518    371.6504   19.784  6.835E-01  3.155E+00  1.375E-03  8.431E-03  1.679E+02  1.135E-03   CO
8       7        199.1    921.7997    325.2252   33.698  9.368E-02  1.456E+00  4.192E-04  1.375E-03  7.751E+01  7.819E-04   CO
9       8        248.9   1036.9124    289.1203   45.640  2.567E-02  6.384E-01  1.575E-04  4.192E-04  3.398E+01  4.878E-04   CO
10      9        304.2   1151.9855    260.2398   53.030  9.306E-03  2.789E-01  6.136E-05  1.575E-04  1.484E+01  2.922E-04   CO
11      10       365.0   1267.0145    236.6133   60.029  3.536E-03  1.224E-01  2.440E-05  6.136E-05  6.514E+00  1.706E-04   CO
12      11       431.3   1381.9951    216.9273   66.606  1.380E-03  5.358E-02  9.800E-06  2.440E-05  2.852E+00  9.695E-05   CO
13      12       503.1   1496.9229    200.2725   73.688  5.426E-04  2.360E-02  3.992E-06  9.800E-06  1.256E+00  5.427E-05   CO
14      13       580.5   1611.7935    185.9993   74.666  2.271E-04  9.662E-03  1.522E-06  3.992E-06  5.143E-01  2.773E-05   CO
15      14       663.4   1726.6025    173.6314   76.213  8.818E-05  3.716E-03  5.484E-07  1.522E-06  1.978E-01  1.311E-05   CO
16      15       751.7   1841.3455    162.8116   85.310  3.066E-05  1.491E-03  2.072E-07  5.484E-07  7.934E-02  6.379E-06   CO
1       0         23.6    492.1607    609.1354   63.024  1.239E-02  6.398E-01  4.779E-01  2.317E-01  3.405E+01  5.228E-05   [CI]
2       1         62.5    809.3420    370.4151   38.497  2.183E-02  4.812E-01  2.904E-01  4.779E-01  2.561E+01  1.749E-04   [CI]
2       0         62.5   1301.5026    230.3433   45.140  6.150E-10  1.285E-08  2.904E-01  2.317E-01  6.839E-07  1.942E-11   [CI]
1       0          4.2     88.6316   3382.4556    2.760  9.443E-01  1.754E-02  3.795E-01  5.907E-01  9.335E-01  8.370E-09   HCN
2       1         12.8    177.2611   1691.2478    2.763  4.910E-01  6.819E-03  2.908E-02  3.795E-01  3.629E-01  2.603E-08   HCN
3       2         25.5    265.8864   1127.5207    2.998  3.499E-02  2.207E-03  5.771E-04  2.908E-02  1.175E-01  2.844E-08   HCN
4       3         42.5    354.5055    845.6638    6.796  6.160E-04  9.131E-04  6.071E-05  5.771E-04  4.860E-02  2.788E-08   HCN
5       4         63.8    443.1161    676.5550   16.140  5.023E-05  3.902E-04  1.987E-05  6.071E-05  2.077E-02  2.327E-08   HCN
6       5         89.3    531.7163    563.8203   24.395  1.430E-05  1.976E-04  8.250E-06  1.987E-05  1.052E-02  2.036E-08   HCN
