      LINE         E_UP       FREQ        WAVEL     T_EX      TAU        T_R       POP        POP       FLUX        FLUX   SPECIES
                   (K)        (GHz)       (um)      (K)                  (K)        UP        LOW      (K*km/s) (erg/cm2/s)   SPECIES
1       0          5.5    115.2712   2600.7576   54.999  3.336E+02  5.144E+01  1.342E-01  4.946E-02  2.738E+03  5.401E-05   CO
2       1         16.6    230.5380   1300.4037   54.999  1.148E+03  4.946E+01  1.829E-01  1.342E-01  2.632E+03  4.154E-04   CO
3       2         33.2    345.7960    866.9634   54.998  2.012E+03  4.708E+01  1.893E-01  1.829E-01  2.506E+03  1.334E-03   CO
4       3         55.3    461.0408    650.2515   54.998  2.518E+03  4.467E+01  1.628E-01  1.893E-01  2.377E+03  3.000E-03   CO
5       4         83.0    576.2679    520.2310   54.997  2.507E+03  4.232E+01  1.203E-01  1.628E-01  2.253E+03  5.551E-03   CO
6       5        116.2    691.4731    433.5562   54.994  2.081E+03  4.006E+01  7.778E-02  1.203E-01  2.132E+03  9.079E-03   CO
7       6        154.9    806.6518    371.6504   54.989  1.478E+03  3.789E+01  4.439E-02  7.778E-02  2.016E+03  1.363E-02   CO
8       7        199.1    921.7997    325.2252   54.977  9.107E+02  3.579E+01  2.250E-02  4.439E-02  1.905E+03  1.922E-02   CO
9       8        248.9   1036.9124    289.1203   54.946  4.921E+02  3.377E+01  1.017E-02  2.250E-02  1.797E+03  2.581E-02   CO
10      9        304.2   1151.9855    260.2398   54.856  2.346E+02  3.178E+01  4.101E-03  1.017E-02  1.691E+03  3.330E-02   CO
11      10       365.0   1267.0145    236.6133   54.573  9.926E+01  2.970E+01  1.474E-03  4.101E-03  1.581E+03  4.141E-02   CO
12      11       431.3   1381.9951    216.9273   53.417  3.742E+01  2.695E+01  4.629E-04  1.474E-03  1.434E+03  4.875E-02   CO
13      12       503.1   1496.9229    200.2725   48.494  1.266E+01  2.113E+01  1.136E-04  4.629E-04  1.125E+03  4.859E-02   CO
14      13       580.5   1611.7935    185.9993   38.187  3.463E+00  1.139E+01  1.610E-05  1.136E-04  6.060E+02  3.268E-02   CO
15      14       663.4   1726.6025    173.6314   33.673  5.125E-01  3.101E+00  1.469E-06  1.610E-05  1.651E+02  1.094E-02   CO
16      15       751.7   1841.3455    162.8116   38.955  4.544E-02  4.531E-01  1.618E-07  1.469E-06  2.411E+01  1.939E-03   CO
1       0         23.6    492.1607    609.1354   54.979  5.221E+00  4.377E+01  4.285E-01  2.195E-01  2.330E+03  3.577E-03   [CI]
2       1         62.5    809.3420    370.4151   54.917  6.217E+00  3.769E+01  3.520E-01  4.285E-01  2.006E+03  1.370E-02   [CI]
2       0         62.5   1301.5026    230.3433   54.940  2.102E-07  6.201E-06  3.520E-01  2.195E-01  3.301E-04  9.371E-09   [CI]
1       0          4.2     88.6316   3382.4556   33.398  7.650E+00  3.017E+01  2.086E-01  7.899E-02  1.606E+03  1.440E-05   HCN
2       1         12.8    177.2611   1691.2478   31.212  2.687E+01  2.676E+01  2.648E-01  2.086E-01  1.424E+03  1.022E-04   HCN
3       2         25.5    265.8864   1127.5207   28.106  4.694E+01  2.209E+01  2.354E-01  2.648E-01  1.176E+03  2.846E-04   HCN
4       3         42.5    354.5055    845.6638   23.543  5.605E+01  1.602E+01  1.469E-01  2.354E-01  8.526E+02  4.892E-04   HCN
5       4         63.8    443.1161    676.5550   18.082  4.571E+01  9.478E+00  5.540E-02  1.469E-01  5.045E+02  5.652E-04   HCN
6       5         89.3    531.7163    563.8203   13.060  2.100E+01  4.211E+00  9.278E-03  5.540E-02  2.241E+02  4.339E-04   HCN
