      LINE         E_UP       FREQ        WAVEL     T_EX      TAU        T_R       POP        POP       FLUX        FLUX   SPECIES
                   (K)        (GHz)       (um)      (K)                  (K)        UP        LOW      (K*km/s) (erg/cm2/s)   SPECIES
1       0          5.5    115.2712   2600.7576    6.602  6.150E+00  3.374E+00  5.013E-01  3.862E-01  1.796E+02  3.542E-06   CO
2       1         16.6    230.5380   1300.4037    5.402  8.163E+00  1.443E+00  1.077E-01  5.013E-01  7.683E+01  1.212E-05   CO
3       2         33.2    345.7960    866.9634    4.724  1.758E+00  3.908E-01  4.496E-03  1.077E-01  2.080E+01  1.108E-05   CO
4       3         55.3    461.0408    650.2515    6.963  6.889E-02  6.363E-02  2.410E-04  4.496E-03  3.387E+00  4.274E-06   CO
5       4         83.0    576.2679    520.2310   11.000  3.435E-03  8.349E-03  2.384E-05  2.410E-04  4.444E-01  1.095E-06   CO
6       5        116.2    691.4731    433.5562   13.468  3.314E-04  1.023E-03  2.397E-06  2.384E-05  5.442E-02  2.317E-07   CO
7       6        154.9    806.6518    371.6504   15.299  3.301E-05  1.106E-04  2.202E-07  2.397E-06  5.885E-03  3.978E-08   CO
8       7        199.1    921.7997    325.2252   16.852  3.018E-06  1.043E-05  1.808E-08  2.202E-07  5.550E-04  5.598E-09   CO
9       8        248.9   1036.9124    289.1203   17.919  2.478E-07  8.181E-07  1.257E-09  1.808E-08  4.354E-05  6.252E-10   CO
10      9        304.2   1151.9855    260.2398   18.910  1.721E-08  5.402E-08  7.465E-11  1.257E-09  2.875E-06  5.661E-11   CO
11      10       365.0   1267.0145    236.6133   19.659  1.022E-09  2.953E-09  3.709E-12  7.465E-11  1.572E-07  4.117E-12   CO
12      11       431.3   1381.9951    216.9273   20.427  5.066E-11  1.360E-10  1.568E-13  3.709E-12  7.237E-09  2.460E-13   CO
13      12       503.1   1496.9229    200.2725   21.623  2.130E-12  5.724E-12  6.107E-15  1.568E-13  3.046E-10  1.316E-14   CO
14      13       580.5   1611.7935    185.9993   21.983  8.282E-14  1.957E-13  1.944E-16  6.107E-15  1.041E-11  5.615E-16   CO
15      14       663.4   1726.6025    173.6314   21.644  2.634E-15  4.907E-15  4.517E-18  1.944E-16  2.612E-13  1.731E-17   CO
16      15       751.7   1841.3455    162.8116   22.354  6.086E-17  1.920E-16  9.198E-20  4.517E-18  1.022E-14  8.216E-19   CO
1       0         23.6    492.1607    609.1354    8.380  2.129E-02  3.149E-02  1.495E-01  8.348E-01  1.676E+00  2.573E-06   [CI]
2       1         62.5    809.3420    370.4151   14.070  1.595E-03  4.180E-03  1.576E-02  1.495E-01  2.225E-01  1.519E-06   [CI]
2       0         62.5   1301.5026    230.3433   11.195  4.668E-10  1.105E-10  1.576E-02  8.348E-01  5.881E-09  1.670E-13   [CI]
1       0          4.2     88.6316   3382.4556    2.727  1.518E-01  1.594E-04  3.758E-01  5.961E-01  8.487E-03  7.609E-11   HCN
2       1         12.8    177.2611   1691.2478    2.727  7.720E-02  4.666E-05  2.766E-02  3.758E-01  2.484E-03  1.781E-10   HCN
3       2         25.5    265.8864   1127.5207    2.732  5.301E-03  7.143E-06  3.627E-04  2.766E-02  3.802E-04  9.204E-11   HCN
4       3         42.5    354.5055    845.6638    2.930  6.662E-05  1.208E-06  1.402E-06  3.627E-04  6.430E-05  3.689E-11   HCN
5       4         63.8    443.1161    676.5550    6.616  2.410E-07  2.124E-07  6.882E-08  1.402E-06  1.130E-05  1.267E-11   HCN
6       5         89.3    531.7163    563.8203   12.587  1.051E-08  4.064E-08  1.071E-08  6.882E-08  2.163E-06  4.188E-12   HCN
