      LINE         E_UP       FREQ        WAVEL     T_EX      TAU        T_R       POP        POP       FLUX        FLUX   SPECIES
                   (K)        (GHz)       (um)      (K)                  (K)        UP        LOW      (K*km/s) (erg/cm2/s)   SPECIES
1       0          5.5    115.2712   2600.7576  -64.272  5.644E+00 -6.767E+01  8.533E-03  2.957E-03 -3.602E+03 -7.105E-05   CO
2       1         16.6    230.5380   1300.4037  -10.060 -4.130E+01  1.452E+19  1.535E-02  8.533E-03  7.727E+20  1.219E+14   CO
3       2         33.2    345.7960    866.9634   73.486  1.128E+02  6.546E+01  2.144E-02  1.535E-02  3.484E+03  1.855E-03   CO
4       3         55.3    461.0408    650.2515 -102.298  3.410E-01 -3.287E+01  1.454E-02  2.144E-02 -1.750E+03 -2.208E-03   CO
5       4         83.0    576.2679    520.2310   49.522  1.413E-17  0.000E+00  2.502E-02  1.454E-02  0.000E+00  0.000E+00   CO
6       5        116.2    691.4731    433.5562  132.558 -9.521E-03 -1.116E+00  3.113E-02  2.502E-02 -5.940E+01 -2.529E-04   CO
7       6        154.9    806.6518    371.6504 -126.422 -1.693E+02  4.793E+75  4.123E-02  3.113E-02  2.551E+77  1.725E+72   CO
8       7        199.1    921.7997    325.2252 -445.267 -1.734E+01  1.588E+10  4.351E-02  4.123E-02  8.451E+11  8.524E+06   CO
9       8        248.9   1036.9124    289.1203  1.592E+03 -7.690E+00 -3.425E+06  3.980E-02  4.351E-02 -1.823E+08 -2.618E+03   CO
10      9        304.2   1151.9855    260.2398 -591.347 -8.466E+01  3.615E+39  5.915E-02  3.980E-02  1.924E+41  3.789E+36   CO
11      10       365.0   1267.0145    236.6133  665.143  3.408E+01  6.352E+02  5.706E-02  5.915E-02  3.381E+04  8.856E-01   CO
12      11       431.3   1381.9951    216.9273  841.944  2.628E+01  8.092E+02  5.562E-02  5.706E-02  4.307E+04  1.464E+00   CO
13      12       503.1   1496.9229    200.2725  707.263  3.501E+01  6.720E+02  5.299E-02  5.562E-02  3.576E+04  1.545E+00   CO
14      13       580.5   1611.7935    185.9993  555.186  4.558E+01  5.174E+02  4.829E-02  5.299E-02  2.754E+04  1.485E+00   CO
15      14       663.4   1726.6025    173.6314  261.569  8.727E+01  2.223E+02  3.623E-02  4.829E-02  1.183E+04  7.844E-01   CO
16      15       751.7   1841.3455    162.8116 -186.715 -1.678E+02  1.703E+75  6.322E-02  3.623E-02  9.064E+76  7.288E+72   CO
1       0         23.6    492.1607    609.1354  430.649  8.987E-02  3.601E+01  3.519E-01  1.239E-01  1.917E+03  2.943E-03   [CI]
2       1         62.5    809.3420    370.4151  346.316  2.132E-01  6.283E+01  5.242E-01  3.519E-01  3.344E+03  2.283E-02   [CI]
2       0         62.5   1301.5026    230.3433  374.012  5.362E-09  1.843E-06  5.242E-01  1.239E-01  9.807E-05  2.784E-09   [CI]
1       0          4.2     88.6316   3382.4556   22.935  3.224E+00  1.896E+01  2.938E-01  1.179E-01  1.009E+03  9.047E-06   HCN
2       1         12.8    177.2611   1691.2478   18.570  1.163E+01  1.425E+01  3.097E-01  2.938E-01  7.583E+02  5.439E-05   HCN
3       2         25.5    265.8864   1127.5207   15.884  1.658E+01  1.023E+01  1.942E-01  3.097E-01  5.445E+02  1.318E-04   HCN
4       3         42.5    354.5055    845.6638   13.131  1.302E+01  6.379E+00  6.833E-02  1.942E-01  3.395E+02  1.948E-04   HCN
5       4         63.8    443.1161    676.5550   11.243  5.208E+00  3.748E+00  1.260E-02  6.833E-02  1.995E+02  2.235E-04   HCN
6       5         89.3    531.7163    563.8203   12.952  9.554E-01  2.543E+00  2.075E-03  1.260E-02  1.353E+02  2.620E-04   HCN
