      LINE         E_UP       FREQ        WAVEL     T_EX      TAU        T_R       POP        POP       FLUX        FLUX   SPECIES
                   (K)        (GHz)       (um)      (K)                  (K)        UP        LOW      (K*km/s) (erg/cm2/s)   SPECIES
1       0          5.5    115.2712   2600.7576  105.000  7.502E+02  1.014E+02  7.430E-02  2.611E-02  5.398E+03  1.065E-04   CO
2       1         16.6    230.5380   1300.4037  105.000  2.772E+03  9.937E+01  1.115E-01  7.430E-02  5.289E+03  8.346E-04   CO
3       2         33.2    345.7960    866.9634  105.000  5.467E+03  9.688E+01  1.332E-01  1.115E-01  5.157E+03  2.746E-03   CO
4       3         55.3    461.0408    650.2515  105.000  8.074E+03  9.432E+01  1.387E-01  1.332E-01  5.020E+03  6.336E-03   CO
5       4         83.0    576.2679    520.2310  105.000  9.943E+03  9.178E+01  1.303E-01  1.387E-01  4.885E+03  1.204E-02   CO
6       5        116.2    691.4731    433.5562  105.000  1.070E+04  8.928E+01  1.123E-01  1.303E-01  4.752E+03  2.023E-02   CO
7       6        154.9    806.6518    371.6504  105.000  1.034E+04  8.683E+01  8.959E-02  1.123E-01  4.622E+03  3.124E-02   CO
8       7        199.1    921.7997    325.2252  104.999  9.082E+03  8.443E+01  6.663E-02  8.959E-02  4.494E+03  4.533E-02   CO
9       8        248.9   1036.9124    289.1203  104.999  7.334E+03  8.207E+01  4.636E-02  6.663E-02  4.368E+03  6.272E-02   CO
10      9        304.2   1151.9855    260.2398  104.998  5.478E+03  7.977E+01  3.026E-02  4.636E-02  4.246E+03  8.359E-02   CO
11      10       365.0   1267.0145    236.6133  104.997  3.807E+03  7.751E+01  1.857E-02  3.026E-02  4.126E+03  1.081E-01   CO
12      11       431.3   1381.9951    216.9273  104.994  2.467E+03  7.530E+01  1.073E-02  1.857E-02  4.008E+03  1.362E-01   CO
13      12       503.1   1496.9229    200.2725  104.989  1.495E+03  7.313E+01  5.848E-03  1.073E-02  3.893E+03  1.681E-01   CO
14      13       580.5   1611.7935    185.9993  104.977  8.502E+02  7.101E+01  3.006E-03  5.848E-03  3.779E+03  2.038E-01   CO
15      14       663.4   1726.6025    173.6314  104.949  4.537E+02  6.891E+01  1.459E-03  3.006E-03  3.668E+03  2.431E-01   CO
16      15       751.7   1841.3455    162.8116  104.882  2.277E+02  6.683E+01  6.688E-04  1.459E-03  3.557E+03  2.860E-01   CO
1       0         23.6    492.1607    609.1354  104.998  1.771E+01  9.363E+01  3.893E-01  1.625E-01  4.983E+03  7.651E-03   [CI]
2       1         62.5    809.3420    370.4151  104.992  2.737E+01  8.677E+01  4.482E-01  3.893E-01  4.618E+03  3.153E-02   [CI]
2       0         62.5   1301.5026    230.3433  104.994  8.161E-07  6.271E-05  4.482E-01  1.625E-01  3.338E-03  9.477E-08   [CI]
1       0          4.2     88.6316   3382.4556   -0.881  1.002E+04 -5.419E+00  4.239E-01  6.026E-01 -2.884E+02 -2.586E-06   HCN
2       1         12.8    177.2611   1691.2478    6.283  5.324E+03  2.569E+00  4.667E-02  4.239E-01  1.367E+02  9.807E-06   HCN
3       2         25.5    265.8864   1127.5207  -10.533  1.103E-17  0.000E+00  9.065E-02  4.667E-02  0.000E+00  0.000E+00   HCN
4       3         42.5    354.5055    845.6638    6.363 -1.380E+03  1.228E+00  2.060E-01  9.065E-02  6.535E+01  3.749E-05   HCN
5       4         63.8    443.1161    676.5550  -13.918  1.725E+03 -2.717E+01  6.585E-02  2.060E-01 -1.446E+03 -1.620E-03   HCN
6       5         89.3    531.7163    563.8203    4.584 -5.347E+02  9.576E-02  8.217E-02  6.585E-02  5.097E+00  9.868E-06   HCN
