      LINE         E_UP       FREQ        WAVEL     T_EX      TAU        T_R       POP        POP       FLUX        FLUX   SPECIES
                   (K)        (GHz)       (um)      (K)                  (K)        UP        LOW      (K*km/s) (erg/cm2/s)   SPECIES
1       0          5.5    115.2712   2600.7576  441.164  2.346E+00  3.957E+02  1.988E-02  6.709E-03  2.106E+04  4.154E-04   CO
2       1         16.6    230.5380   1300.4037  424.674  9.556E+00  4.189E+02  3.227E-02  1.988E-02  2.230E+04  3.518E-03   CO
3       2         33.2    345.7960    866.9634  425.556  2.076E+01  4.173E+02  4.345E-02  3.227E-02  2.221E+04  1.183E-02   CO
4       3         55.3    461.0408    650.2515  425.495  3.520E+01  4.145E+02  5.304E-02  4.345E-02  2.206E+04  2.784E-02   CO
5       4         83.0    576.2679    520.2310  425.216  5.181E+01  4.115E+02  6.074E-02  5.304E-02  2.190E+04  5.398E-02   CO
6       5        116.2    691.4731    433.5562  425.078  6.931E+01  4.087E+02  6.640E-02  6.074E-02  2.175E+04  9.262E-02   CO
7       6        154.9    806.6518    371.6504  424.616  8.657E+01  4.056E+02  6.994E-02  6.640E-02  2.159E+04  1.459E-01   CO
8       7        199.1    921.7997    325.2252  424.110  1.024E+02  4.024E+02  7.141E-02  6.994E-02  2.142E+04  2.160E-01   CO
9       8        248.9   1036.9124    289.1203  423.294  1.158E+02  3.989E+02  7.096E-02  7.141E-02  2.123E+04  3.048E-01   CO
10      9        304.2   1151.9855    260.2398  422.223  1.260E+02  3.952E+02  6.880E-02  7.096E-02  2.103E+04  4.141E-01   CO
11      10       365.0   1267.0145    236.6133  421.264  1.326E+02  3.916E+02  6.523E-02  6.880E-02  2.084E+04  5.460E-01   CO
12      11       431.3   1381.9951    216.9273  420.012  1.354E+02  3.877E+02  6.054E-02  6.523E-02  2.064E+04  7.015E-01   CO
13      12       503.1   1496.9229    200.2725  418.722  1.345E+02  3.838E+02  5.508E-02  6.054E-02  2.043E+04  8.825E-01   CO
14      13       580.5   1611.7935    185.9993  415.845  1.306E+02  3.784E+02  4.911E-02  5.508E-02  2.014E+04  1.086E+00   CO
15      14       663.4   1726.6025    173.6314  412.448  1.239E+02  3.724E+02  4.295E-02  4.911E-02  1.982E+04  1.314E+00   CO
16      15       751.7   1841.3455    162.8116  408.534  1.147E+02  3.659E+02  3.682E-02  4.295E-02  1.948E+04  1.566E+00   CO
1       0         23.6    492.1607    609.1354  442.599  1.731E-01  6.848E+01  3.493E-01  1.228E-01  3.645E+03  5.596E-03   [CI]
2       1         62.5    809.3420    370.4151  396.828  3.711E-01  1.171E+02  5.279E-01  3.493E-01  6.232E+03  4.255E-02   [CI]
2       0         62.5   1301.5026    230.3433  412.978  9.677E-09  3.702E-06  5.279E-01  1.228E-01  1.970E-04  5.594E-09   [CI]
1       0          4.2     88.6316   3382.4556   53.339  1.680E+00  4.077E+01  1.884E-01  6.800E-02  2.170E+03  1.946E-05   HCN
2       1         12.8    177.2611   1691.2478   35.636  8.597E+00  3.115E+01  2.473E-01  1.884E-01  1.658E+03  1.189E-04   HCN
3       2         25.5    265.8864   1127.5207   31.831  1.580E+01  2.576E+01  2.318E-01  2.473E-01  1.371E+03  3.319E-04   HCN
4       3         42.5    354.5055    845.6638   27.256  1.983E+01  1.960E+01  1.597E-01  2.318E-01  1.043E+03  5.984E-04   HCN
5       4         63.8    443.1161    676.5550   22.521  1.747E+01  1.353E+01  7.591E-02  1.597E-01  7.201E+02  8.068E-04   HCN
6       5         89.3    531.7163    563.8203   18.497  9.989E+00  8.580E+00  2.258E-02  7.591E-02  4.567E+02  8.841E-04   HCN
