      LINE         E_UP       FREQ        WAVEL     T_EX      TAU        T_R       POP        POP       FLUX        FLUX   SPECIES
                   (K)        (GHz)       (um)      (K)                  (K)        UP        LOW      (K*km/s) (erg/cm2/s)   SPECIES
1       0          5.5    115.2712   2600.7576   57.975  2.662E+00  5.062E+01  1.793E-01  6.575E-02  2.694E+03  5.314E-05   CO
2       1         16.6    230.5380   1300.4037   49.034  1.073E+01  4.351E+01  2.385E-01  1.793E-01  2.316E+03  3.655E-04   CO
3       2         33.2    345.7960    866.9634   45.461  1.944E+01  3.763E+01  2.318E-01  2.385E-01  2.003E+03  1.067E-03   CO
4       3         55.3    461.0408    650.2515   39.510  2.518E+01  2.947E+01  1.702E-01  2.318E-01  1.568E+03  1.979E-03   CO
5       4         83.0    576.2679    520.2310   31.626  2.439E+01  1.979E+01  8.676E-02  1.702E-01  1.053E+03  2.596E-03   CO
6       5        116.2    691.4731    433.5562   23.261  1.588E+01  1.049E+01  2.462E-02  8.676E-02  5.581E+02  2.376E-03   CO
7       6        154.9    806.6518    371.6504   16.758  5.259E+00  4.243E+00  2.819E-03  2.462E-02  2.258E+02  1.527E-03   CO
8       7        199.1    921.7997    325.2252   16.842  6.125E-01  1.579E+00  2.310E-04  2.819E-03  8.406E+01  8.479E-04   CO
9       8        248.9   1036.9124    289.1203   27.446  4.479E-02  4.249E-01  4.213E-05  2.310E-04  2.262E+01  3.247E-04   CO
10      9        304.2   1151.9855    260.2398   33.670  7.790E-03  1.030E-01  9.014E-06  4.213E-05  5.481E+00  1.079E-04   CO
11      10       365.0   1267.0145    236.6133   36.625  1.659E-03  2.366E-02  1.877E-06  9.014E-06  1.259E+00  3.299E-05   CO
12      11       431.3   1381.9951    216.9273   39.311  3.445E-04  5.186E-03  3.774E-07  1.877E-06  2.761E-01  9.384E-06   CO
13      12       503.1   1496.9229    200.2725   42.837  6.853E-05  1.132E-03  7.619E-08  3.774E-07  6.024E-02  2.602E-06   CO
14      13       580.5   1611.7935    185.9993   43.581  1.402E-05  2.213E-04  1.387E-08  7.619E-08  1.178E-02  6.350E-07   CO
15      14       663.4   1726.6025    173.6314   43.591  2.591E-06  3.771E-05  2.216E-09  1.387E-08  2.007E-03  1.331E-07   CO
16      15       751.7   1841.3455    162.8116   47.110  4.084E-07  6.531E-06  3.614E-10  2.216E-09  3.476E-04  2.795E-08   CO
1       0         23.6    492.1607    609.1354   56.080  3.531E-02  1.564E+00  4.705E-01  2.390E-01  8.326E+01  1.278E-04   [CI]
2       1         62.5    809.3420    370.4151   39.111  5.349E-02  1.190E+00  2.905E-01  4.705E-01  6.335E+01  4.325E-04   [CI]
2       0         62.5   1301.5026    230.3433   44.164  1.609E-09  3.229E-08  2.905E-01  2.390E-01  1.718E-06  4.879E-11   [CI]
1       0          4.2     88.6316   3382.4556    2.800  2.335E+00  5.535E-02  3.841E-01  5.850E-01  2.946E+00  2.641E-08   HCN
2       1         12.8    177.2611   1691.2478    2.787  1.247E+00  2.082E-02  3.023E-02  3.841E-01  1.108E+00  7.947E-08   HCN
3       2         25.5    265.8864   1127.5207    2.990  9.138E-02  5.428E-03  5.933E-04  3.023E-02  2.889E-01  6.994E-08   HCN
4       3         42.5    354.5055    845.6638    5.990  1.631E-03  1.666E-03  4.456E-05  5.933E-04  8.869E-02  5.089E-08   HCN
5       4         63.8    443.1161    676.5550   12.797  1.025E-04  5.097E-04  1.034E-05  4.456E-05  2.713E-02  3.040E-08   HCN
6       5         89.3    531.7163    563.8203   18.602  2.150E-05  1.865E-04  3.099E-06  1.034E-05  9.924E-03  1.921E-08   HCN
