      LINE         E_UP       FREQ        WAVEL     T_EX      TAU        T_R       POP        POP       FLUX        FLUX   SPECIES
                   (K)        (GHz)       (um)      (K)                  (K)        UP        LOW      (K*km/s) (erg/cm2/s)   SPECIES
1       0          5.5    115.2712   2600.7576  354.982  4.244E+01  3.514E+02  2.295E-02  7.769E-03  1.870E+04  3.689E-04   CO
2       1         16.6    230.5380   1300.4037  354.983  1.657E+02  3.493E+02  3.707E-02  2.295E-02  1.859E+04  2.933E-03   CO
3       2         33.2    345.7960    866.9634  354.983  3.585E+02  3.467E+02  4.953E-02  3.707E-02  1.845E+04  9.827E-03   CO
4       3         55.3    461.0408    650.2515  354.982  6.024E+02  3.440E+02  5.983E-02  4.953E-02  1.831E+04  2.311E-02   CO
5       4         83.0    576.2679    520.2310  354.981  8.757E+02  3.413E+02  6.765E-02  5.983E-02  1.817E+04  4.477E-02   CO
6       5        116.2    691.4731    433.5562  354.980  1.155E+03  3.386E+02  7.281E-02  6.765E-02  1.802E+04  7.675E-02   CO
7       6        154.9    806.6518    371.6504  354.978  1.417E+03  3.360E+02  7.533E-02  7.281E-02  1.788E+04  1.209E-01   CO
8       7        199.1    921.7997    325.2252  354.975  1.642E+03  3.333E+02  7.537E-02  7.533E-02  1.774E+04  1.790E-01   CO
9       8        248.9   1036.9124    289.1203  354.971  1.814E+03  3.307E+02  7.322E-02  7.537E-02  1.760E+04  2.527E-01   CO
10      9        304.2   1151.9855    260.2398  354.966  1.923E+03  3.280E+02  6.926E-02  7.322E-02  1.746E+04  3.437E-01   CO
11      10       365.0   1267.0145    236.6133  354.961  1.969E+03  3.254E+02  6.391E-02  6.926E-02  1.732E+04  4.537E-01   CO
12      11       431.3   1381.9951    216.9273  354.953  1.949E+03  3.228E+02  5.763E-02  6.391E-02  1.718E+04  5.841E-01   CO
13      12       503.1   1496.9229    200.2725  354.946  1.873E+03  3.202E+02  5.083E-02  5.763E-02  1.704E+04  7.363E-01   CO
14      13       580.5   1611.7935    185.9993  354.929  1.751E+03  3.177E+02  4.391E-02  5.083E-02  1.691E+04  9.117E-01   CO
15      14       663.4   1726.6025    173.6314  354.909  1.595E+03  3.151E+02  3.716E-02  4.391E-02  1.677E+04  1.112E+00   CO
16      15       751.7   1841.3455    162.8116  354.884  1.417E+03  3.125E+02  3.084E-02  3.716E-02  1.663E+04  1.337E+00   CO
1       0         23.6    492.1607    609.1354  354.921  2.748E+00  3.212E+02  3.509E-01  1.250E-01  1.710E+04  2.625E-02   [CI]
2       1         62.5    809.3420    370.4151  354.417  5.224E+00  3.335E+02  5.241E-01  3.509E-01  1.775E+04  1.212E-01   [CI]
2       0         62.5   1301.5026    230.3433  354.608  1.427E-07  4.627E-05  5.241E-01  1.250E-01  2.463E-03  6.992E-08   [CI]
1       0          4.2     88.6316   3382.4556    0.952  5.252E+01 -1.081E+00  2.897E-02  1.112E-02 -5.756E+01 -5.161E-07   HCN
2       1         12.8    177.2611   1691.2478   -2.367 -1.299E+02  2.262E+57  5.886E-02  2.897E-02  1.204E+59  8.635E+51   HCN
3       2         25.5    265.8864   1127.5207    0.424  2.345E+02 -1.193E-01  5.061E-02  5.886E-02 -6.349E+00 -1.537E-06   HCN
4       3         42.5    354.5055    845.6638   -1.613 -2.596E+02  9.530+113  8.574E-02  5.061E-02  5.072+115  2.910+109   HCN
5       4         63.8    443.1161    676.5550    0.635  3.280E+02 -8.693E-03  6.124E-02  8.574E-02 -4.627E-01 -5.185E-07   HCN
6       5         89.3    531.7163    563.8203   -1.399 -2.539E+02  4.854+111  7.980E-02  6.124E-02  2.584+113  5.002+107   HCN
