      LINE         E_UP       FREQ        WAVEL     T_EX      TAU        T_R       POP        POP       FLUX        FLUX   SPECIES
                   (K)        (GHz)       (um)      (K)                  (K)        UP        LOW      (K*km/s) (erg/cm2/s)   SPECIES
1       0          5.5    115.2712   2600.7576  333.027  3.201E+00  3.160E+02  2.572E-02  8.717E-03  1.682E+04  3.318E-04   CO
2       1         16.6    230.5380   1300.4037  326.264  1.274E+01  3.206E+02  4.144E-02  2.572E-02  1.706E+04  2.692E-03   CO
3       2         33.2    345.7960    866.9634  326.667  2.742E+01  3.184E+02  5.514E-02  4.144E-02  1.695E+04  9.024E-03   CO
4       3         55.3    461.0408    650.2515  326.569  4.587E+01  3.156E+02  6.625E-02  5.514E-02  1.680E+04  2.120E-02   CO
5       4         83.0    576.2679    520.2310  326.319  6.633E+01  3.127E+02  7.439E-02  6.625E-02  1.664E+04  4.102E-02   CO
6       5        116.2    691.4731    433.5562  326.119  8.687E+01  3.098E+02  7.941E-02  7.439E-02  1.649E+04  7.021E-02   CO
7       6        154.9    806.6518    371.6504  325.653  1.058E+02  3.067E+02  8.136E-02  7.941E-02  1.632E+04  1.103E-01   CO
8       7        199.1    921.7997    325.2252  325.127  1.215E+02  3.035E+02  8.048E-02  8.136E-02  1.615E+04  1.630E-01   CO
9       8        248.9   1036.9124    289.1203  324.309  1.329E+02  3.001E+02  7.715E-02  8.048E-02  1.597E+04  2.293E-01   CO
10      9        304.2   1151.9855    260.2398  323.183  1.394E+02  2.963E+02  7.186E-02  7.715E-02  1.577E+04  3.105E-01   CO
11      10       365.0   1267.0145    236.6133  322.001  1.409E+02  2.926E+02  6.516E-02  7.186E-02  1.557E+04  4.079E-01   CO
12      11       431.3   1381.9951    216.9273  320.407  1.375E+02  2.884E+02  5.759E-02  6.516E-02  1.535E+04  5.218E-01   CO
13      12       503.1   1496.9229    200.2725  318.486  1.302E+02  2.839E+02  4.963E-02  5.759E-02  1.511E+04  6.528E-01   CO
14      13       580.5   1611.7935    185.9993  314.846  1.200E+02  2.778E+02  4.170E-02  4.963E-02  1.478E+04  7.972E-01   CO
15      14       663.4   1726.6025    173.6314  310.165  1.076E+02  2.706E+02  3.412E-02  4.170E-02  1.440E+04  9.547E-01   CO
16      15       751.7   1841.3455    162.8116  303.822  9.396E+01  2.618E+02  2.716E-02  3.412E-02  1.393E+04  1.120E+00   CO
1       0         23.6    492.1607    609.1354  339.601  1.831E-01  5.488E+01  3.541E-01  1.265E-01  2.921E+03  4.484E-03   [CI]
2       1         62.5    809.3420    370.4151  303.488  3.850E-01  9.091E+01  5.193E-01  3.541E-01  4.838E+03  3.303E-02   [CI]
2       0         62.5   1301.5026    230.3433  316.203  1.011E-08  2.893E-06  5.193E-01  1.265E-01  1.540E-04  4.372E-09   [CI]
1       0          4.2     88.6316   3382.4556   34.029  2.652E+00  2.864E+01  2.333E-01  8.814E-02  1.525E+03  1.367E-05   HCN
2       1         12.8    177.2611   1691.2478   26.537  1.092E+01  2.212E+01  2.822E-01  2.333E-01  1.177E+03  8.444E-05   HCN
3       2         25.5    265.8864   1127.5207   23.186  1.835E+01  1.727E+01  2.279E-01  2.822E-01  9.192E+02  2.225E-04   HCN
4       3         42.5    354.5055    845.6638   19.286  1.955E+01  1.198E+01  1.213E-01  2.279E-01  6.377E+02  3.659E-04   HCN
5       4         63.8    443.1161    676.5550   15.694  1.280E+01  7.383E+00  3.823E-02  1.213E-01  3.930E+02  4.403E-04   HCN
6       5         89.3    531.7163    563.8203   13.405  4.544E+00  4.419E+00  6.733E-03  3.823E-02  2.352E+02  4.554E-04   HCN
