      LINE         E_UP       FREQ        WAVEL     T_EX      TAU        T_R       POP        POP       FLUX        FLUX   SPECIES
                   (K)        (GHz)       (um)      (K)                  (K)        UP        LOW      (K*km/s) (erg/cm2/s)   SPECIES
1       0          5.5    115.2712   2600.7576   80.000  1.278E+03  7.643E+01  9.567E-02  3.417E-02  4.068E+03  8.024E-05   CO
2       1         16.6    230.5380   1300.4037   80.000  4.610E+03  7.440E+01  1.389E-01  9.567E-02  3.960E+03  6.249E-04   CO
3       2         33.2    345.7960    866.9634   80.000  8.728E+03  7.195E+01  1.580E-01  1.389E-01  3.830E+03  2.039E-03   CO
4       3         55.3    461.0408    650.2515   80.000  1.218E+04  6.944E+01  1.540E-01  1.580E-01  3.696E+03  4.664E-03   CO
5       4         83.0    576.2679    520.2310   80.000  1.393E+04  6.697E+01  1.332E-01  1.540E-01  3.564E+03  8.784E-03   CO
6       5        116.2    691.4731    433.5562   80.000  1.372E+04  6.455E+01  1.040E-01  1.332E-01  3.436E+03  1.463E-02   CO
7       6        154.9    806.6518    371.6504   80.000  1.191E+04  6.220E+01  7.396E-02  1.040E-01  3.310E+03  2.238E-02   CO
8       7        199.1    921.7997    325.2252   80.000  9.263E+03  5.991E+01  4.822E-02  7.396E-02  3.189E+03  3.216E-02   CO
9       8        248.9   1036.9124    289.1203   79.999  6.513E+03  5.768E+01  2.893E-02  4.822E-02  3.070E+03  4.408E-02   CO
10      9        304.2   1151.9855    260.2398   79.998  4.167E+03  5.551E+01  1.602E-02  2.893E-02  2.955E+03  5.817E-02   CO
11      10       365.0   1267.0145    236.6133   79.996  2.441E+03  5.341E+01  8.205E-03  1.602E-02  2.843E+03  7.446E-02   CO
12      11       431.3   1381.9951    216.9273   79.992  1.311E+03  5.136E+01  3.892E-03  8.205E-03  2.734E+03  9.292E-02   CO
13      12       503.1   1496.9229    200.2725   79.982  6.485E+02  4.937E+01  1.712E-03  3.892E-03  2.628E+03  1.135E-01   CO
14      13       580.5   1611.7935    185.9993   79.954  2.960E+02  4.742E+01  6.989E-04  1.712E-03  2.524E+03  1.361E-01   CO
15      14       663.4   1726.6025    173.6314   79.867  1.247E+02  4.547E+01  2.647E-04  6.989E-04  2.420E+03  1.604E-01   CO
16      15       751.7   1841.3455    162.8116   79.597  4.864E+01  4.342E+01  9.284E-05  2.647E-04  2.311E+03  1.858E-01   CO
1       0         23.6    492.1607    609.1354   79.999  2.504E+01  6.877E+01  4.043E-01  1.811E-01  3.660E+03  5.619E-03   [CI]
2       1         62.5    809.3420    370.4151   79.996  3.535E+01  6.214E+01  4.146E-01  4.043E-01  3.307E+03  2.258E-02   [CI]
2       0         62.5   1301.5026    230.3433   79.997  1.099E-06  5.802E-05  4.146E-01  1.811E-01  3.088E-03  8.768E-08   [CI]
1       0          4.2     88.6316   3382.4556  142.959  5.375E+00  1.391E+02  8.300E-02  2.850E-02  7.402E+03  6.637E-05   HCN
2       1         12.8    177.2611   1691.2478   57.746  4.875E+01  5.320E+01  1.194E-01  8.300E-02  2.832E+03  2.031E-04   HCN
3       2         25.5    265.8864   1127.5207  102.761  5.380E+01  9.639E+01  1.476E-01  1.194E-01  5.131E+03  1.242E-03   HCN
4       3         42.5    354.5055    845.6638   57.689  1.386E+02  4.957E+01  1.413E-01  1.476E-01  2.638E+03  1.514E-03   HCN
5       4         63.8    443.1161    676.5550  102.074  9.497E+01  9.180E+01  1.402E-01  1.413E-01  4.886E+03  5.475E-03   HCN
6       5         89.3    531.7163    563.8203   30.326  2.799E+02  1.933E+01  7.144E-02  1.402E-01  1.029E+03  1.992E-03   HCN
