      LINE         E_UP       FREQ        WAVEL     T_EX      TAU        T_R       POP        POP       FLUX        FLUX   SPECIES
                   (K)        (GHz)       (um)      (K)                  (K)        UP        LOW      (K*km/s) (erg/cm2/s)   SPECIES
1       0          5.5    115.2712   2600.7576    4.510  2.542E+01  1.459E+00  4.489E-01  5.102E-01  7.765E+01  1.532E-06   CO
2       1         16.6    230.5380   1300.4037    3.800  1.993E+01  4.421E-01  4.069E-02  4.489E-01  2.353E+01  3.713E-06   CO
3       2         33.2    345.7960    866.9634    2.964  1.712E+00  1.966E-02  2.110E-04  4.069E-02  1.047E+00  5.573E-07   CO
4       3         55.3    461.0408    650.2515    3.132  8.467E-03  1.042E-04  2.322E-07  2.110E-04  5.544E-03  6.996E-09   CO
5       4         83.0    576.2679    520.2310    3.653  9.041E-06  1.191E-07  1.462E-10  2.322E-07  6.340E-06  1.563E-11   CO
6       5        116.2    691.4731    433.5562    4.200  5.579E-09  6.758E-11  6.394E-14  1.462E-10  3.597E-09  1.531E-14   CO
7       6        154.9    806.6518    371.6504    4.304  2.403E-12  1.149E-14  9.151E-18  6.394E-14  6.113E-13  4.132E-18   CO
8       7        199.1    921.7997    325.2252    7.105  3.406E-16  2.916E-17  1.399E-20  9.151E-18  1.552E-15  1.566E-20   CO
9       8        248.9   1036.9124    289.1203  101.975  1.570E-19  0.000E+00  1.159E-20  1.399E-20  0.000E+00  0.000E+00   CO
10      9        304.2   1151.9855    260.2398  130.603  3.461E-20  0.000E+00  1.072E-20  1.159E-20  0.000E+00  0.000E+00   CO
11      10       365.0   1267.0145    236.6133  156.261  3.133E-20  0.000E+00  1.026E-20  1.072E-20  0.000E+00  0.000E+00   CO
12      11       431.3   1381.9951    216.9273  169.417  2.856E-20  0.000E+00  1.001E-20  1.026E-20  0.000E+00  0.000E+00   CO
13      12       503.1   1496.9229    200.2725  114.218  2.622E-20  0.000E+00  1.000E-20  1.001E-20  0.000E+00  0.000E+00   CO
14      13       580.5   1611.7935    185.9993    0.000  2.421E-20  0.000E+00  1.000E-20  1.000E-20  0.000E+00  0.000E+00   CO
15      14       663.4   1726.6025    173.6314    0.000  2.245E-20  0.000E+00  1.000E-20  1.000E-20  0.000E+00  0.000E+00   CO
16      15       751.7   1841.3455    162.8116    0.000  2.091E-20  0.000E+00  1.000E-20  1.000E-20  0.000E+00  0.000E+00   CO
1       0         23.6    492.1607    609.1354    3.787  6.759E-02  2.759E-03  5.832E-03  9.942E-01  1.468E-01  2.254E-07   [CI]
2       1         62.5    809.3420    370.4151    4.370  1.669E-04  8.896E-07  1.340E-06  5.832E-03  4.735E-05  3.233E-10   [CI]
2       0         62.5   1301.5026    230.3433    4.129  1.402E-09  2.360E-14  1.340E-06  9.942E-01  1.256E-12  3.566E-17   [CI]
1       0          4.2     88.6316   3382.4556    2.726  3.815E-01  1.501E-04  3.758E-01  5.963E-01  7.987E-03  7.162E-11   HCN
2       1         12.8    177.2611   1691.2478    2.726  1.939E-01  1.859E-05  2.762E-02  3.758E-01  9.893E-04  7.097E-11   HCN
3       2         25.5    265.8864   1127.5207    2.726  1.330E-02  6.682E-07  3.583E-04  2.762E-02  3.556E-05  8.609E-12   HCN
4       3         42.5    354.5055    845.6638    2.726  1.655E-04  7.554E-09  8.972E-07  3.583E-04  4.021E-07  2.307E-13   HCN
5       4         63.8    443.1161    676.5550    2.729  4.035E-07  3.835E-11  4.530E-10  8.972E-07  2.041E-09  2.287E-15   HCN
6       5         89.3    531.7163    563.8203    2.783  2.001E-10  9.282E-14  5.569E-14  4.530E-10  4.940E-12  9.565E-18   HCN
