      LINE         E_UP       FREQ        WAVEL     T_EX      TAU        T_R       POP        POP       FLUX        FLUX   SPECIES
                   (K)        (GHz)       (um)      (K)                  (K)        UP        LOW      (K*km/s) (erg/cm2/s)   SPECIES
1       0          5.5    115.2712   2600.7576  254.993  8.192E+01  2.514E+02  3.172E-02  1.080E-02  1.338E+04  2.639E-04   CO
2       1         16.6    230.5380   1300.4037  254.993  3.170E+02  2.493E+02  5.062E-02  3.172E-02  1.327E+04  2.094E-03   CO
3       2         33.2    345.7960    866.9634  254.993  6.753E+02  2.467E+02  6.640E-02  5.062E-02  1.313E+04  6.994E-03   CO
4       3         55.3    461.0408    650.2515  254.993  1.111E+03  2.441E+02  7.828E-02  6.640E-02  1.299E+04  1.640E-02   CO
5       4         83.0    576.2679    520.2310  254.992  1.571E+03  2.414E+02  8.584E-02  7.828E-02  1.285E+04  3.167E-02   CO
6       5        116.2    691.4731    433.5562  254.992  2.004E+03  2.388E+02  8.907E-02  8.584E-02  1.271E+04  5.411E-02   CO
7       6        154.9    806.6518    371.6504  254.990  2.363E+03  2.361E+02  8.829E-02  8.907E-02  1.257E+04  8.495E-02   CO
8       7        199.1    921.7997    325.2252  254.989  2.616E+03  2.335E+02  8.413E-02  8.829E-02  1.243E+04  1.254E-01   CO
9       8        248.9   1036.9124    289.1203  254.986  2.745E+03  2.309E+02  7.736E-02  8.413E-02  1.229E+04  1.765E-01   CO
10      9        304.2   1151.9855    260.2398  254.983  2.746E+03  2.283E+02  6.883E-02  7.736E-02  1.215E+04  2.393E-01   CO
11      10       365.0   1267.0145    236.6133  254.979  2.637E+03  2.258E+02  5.939E-02  6.883E-02  1.202E+04  3.148E-01   CO
12      11       431.3   1381.9951    216.9273  254.973  2.434E+03  2.232E+02  4.977E-02  5.939E-02  1.188E+04  4.039E-01   CO
13      12       503.1   1496.9229    200.2725  254.966  2.168E+03  2.207E+02  4.055E-02  4.977E-02  1.175E+04  5.075E-01   CO
14      13       580.5   1611.7935    185.9993  254.952  1.867E+03  2.182E+02  3.216E-02  4.055E-02  1.162E+04  6.263E-01   CO
15      14       663.4   1726.6025    173.6314  254.934  1.557E+03  2.157E+02  2.484E-02  3.216E-02  1.148E+04  7.612E-01   CO
16      15       751.7   1841.3455    162.8116  254.906  1.258E+03  2.133E+02  1.869E-02  2.484E-02  1.135E+04  9.127E-01   CO
1       0         23.6    492.1607    609.1354  254.948  3.950E+00  2.386E+02  3.576E-01  1.308E-01  1.270E+04  1.950E-02   [CI]
2       1         62.5    809.3420    370.4151  254.757  7.252E+00  2.357E+02  5.117E-01  3.576E-01  1.254E+04  8.564E-02   [CI]
2       0         62.5   1301.5026    230.3433  254.829  2.009E-07  4.517E-05  5.117E-01  1.308E-01  2.404E-03  6.826E-08   [CI]
1       0          4.2     88.6316   3382.4556    0.801  7.389E+01 -1.110E+00  4.421E-02  1.637E-02 -5.905E+01 -5.295E-07   HCN
2       1         12.8    177.2611   1691.2478   -2.427 -1.707E+02  1.243E+75  7.868E-02  4.421E-02  6.616E+76  4.745E+69   HCN
3       2         25.5    265.8864   1127.5207    0.243  3.121E+02 -1.193E-01  6.646E-02  7.868E-02 -6.349E+00 -1.537E-06   HCN
4       3         42.5    354.5055    845.6638   -0.260 -2.449E+02  3.888+107  9.057E-02  6.646E-02  2.070+109  1.187+103   HCN
5       4         63.8    443.1161    676.5550    1.497  2.727E+02 -8.679E-03  5.686E-02  9.057E-02 -4.619E-01 -5.176E-07   HCN
6       5         89.3    531.7163    563.8203   53.549 -3.378E+02  4.180E+01  1.700E-01  5.686E-02  2.225E+03  4.307E-03   HCN
