      LINE         E_UP       FREQ        WAVEL     T_EX      TAU        T_R       POP        POP       FLUX        FLUX   SPECIES
                   (K)        (GHz)       (um)      (K)                  (K)        UP        LOW      (K*km/s) (erg/cm2/s)   SPECIES
1       0          5.5    115.2712   2600.7576 -569.037 -2.887E-01  1.916E+02  5.056E-02  1.669E-02  1.020E+04  2.012E-04   CO
2       1         16.6    230.5380   1300.4037  225.863  2.851E+00  2.075E+02  8.023E-02  5.056E-02  1.104E+04  1.742E-03   CO
3       2         33.2    345.7960    866.9634  205.150  6.615E+00  1.967E+02  1.036E-01  8.023E-02  1.047E+04  5.574E-03   CO
4       3         55.3    461.0408    650.2515  198.538  1.102E+01  1.877E+02  1.191E-01  1.036E-01  9.989E+03  1.261E-02   CO
5       4         83.0    576.2679    520.2310  190.692  1.574E+01  1.772E+02  1.260E-01  1.191E-01  9.431E+03  2.324E-02   CO
6       5        116.2    691.4731    433.5562  180.887  2.024E+01  1.648E+02  1.239E-01  1.260E-01  8.772E+03  3.735E-02   CO
7       6        154.9    806.6518    371.6504  167.901  2.409E+01  1.493E+02  1.135E-01  1.239E-01  7.946E+03  5.371E-02   CO
8       7        199.1    921.7997    325.2252  152.217  2.670E+01  1.312E+02  9.622E-02  1.135E-01  6.981E+03  7.042E-02   CO
9       8        248.9   1036.9124    289.1203  133.645  2.759E+01  1.103E+02  7.411E-02  9.622E-02  5.871E+03  8.429E-02   CO
10      9        304.2   1151.9855    260.2398  113.201  2.614E+01  8.780E+01  5.026E-02  7.411E-02  4.673E+03  9.200E-02   CO
11      10       365.0   1267.0145    236.6133   92.469  2.192E+01  6.537E+01  2.852E-02  5.026E-02  3.479E+03  9.114E-02   CO
12      11       431.3   1381.9951    216.9273   72.696  1.530E+01  4.451E+01  1.245E-02  2.852E-02  2.369E+03  8.052E-02   CO
13      12       503.1   1496.9229    200.2725   56.070  7.994E+00  2.761E+01  3.733E-03  1.245E-02  1.469E+03  6.348E-02   CO
14      13       580.5   1611.7935    185.9993   46.367  2.671E+00  1.673E+01  7.561E-04  3.733E-03  8.906E+02  4.802E-02   CO
15      14       663.4   1726.6025    173.6314   56.241  5.095E-01  9.834E+00  1.852E-04  7.561E-04  5.234E+02  3.470E-02   CO
16      15       751.7   1841.3455    162.8116   90.028  1.004E-01  5.057E+00  7.388E-05  1.852E-04  2.692E+02  2.164E-02   CO
1       0         23.6    492.1607    609.1354  461.084  1.133E-02  5.064E+00  3.780E-01  1.326E-01  2.695E+02  4.138E-04   [CI]
2       1         62.5    809.3420    370.4151  153.683  6.069E-02  7.954E+00  4.893E-01  3.780E-01  4.233E+02  2.890E-03   [CI]
2       0         62.5   1301.5026    230.3433  205.488  1.231E-09  2.165E-07  4.893E-01  1.326E-01  1.152E-05  3.272E-10   [CI]
1       0          4.2     88.6316   3382.4556    4.124  5.778E+00  1.222E+00  4.721E-01  4.414E-01  6.505E+01  5.833E-07   HCN
2       1         12.8    177.2611   1691.2478    3.729  5.747E+00  5.738E-01  8.039E-02  4.721E-01  3.054E+01  2.191E-06   HCN
3       2         25.5    265.8864   1127.5207    4.038  9.394E-01  2.716E-01  4.772E-03  8.039E-02  1.445E+01  3.499E-06   HCN
4       3         42.5    354.5055    845.6638    8.605  4.779E-02  1.261E-01  8.497E-04  4.772E-03  6.710E+00  3.850E-06   HCN
5       4         63.8    443.1161    676.5550   17.528  6.748E-03  6.043E-02  3.087E-04  8.497E-04  3.216E+00  3.604E-06   HCN
6       5         89.3    531.7163    563.8203   24.967  2.192E-03  3.141E-02  1.313E-04  3.087E-04  1.672E+00  3.236E-06   HCN
