      LINE         E_UP       FREQ        WAVEL     T_EX      TAU        T_R       POP        POP       FLUX        FLUX   SPECIES
                   (K)        (GHz)       (um)      (K)                  (K)        UP        LOW      (K*km/s) (erg/cm2/s)   SPECIES
1       0          5.5    115.2712   2600.7576   34.568  1.579E+00  2.464E+01  3.076E-01  1.203E-01  1.312E+03  2.587E-05   CO
2       1         16.6    230.5380   1300.4037   22.990  6.947E+00  1.769E+01  3.168E-01  3.076E-01  9.415E+02  1.486E-04   CO
3       2         33.2    345.7960    866.9634   19.166  9.761E+00  1.201E+01  1.866E-01  3.168E-01  6.394E+02  3.405E-04   CO
4       3         55.3    461.0408    650.2515   15.386  7.194E+00  6.876E+00  5.695E-02  1.866E-01  3.659E+02  4.618E-04   CO
5       4         83.0    576.2679    520.2310   13.450  2.436E+00  3.701E+00  8.905E-03  5.695E-02  1.970E+02  4.855E-04   CO
6       5        116.2    691.4731    433.5562   18.423  3.573E-01  1.971E+00  1.737E-03  8.905E-03  1.049E+02  4.467E-04   CO
7       6        154.9    806.6518    371.6504   31.859  5.782E-02  9.174E-01  5.947E-04  1.737E-03  4.883E+01  3.301E-04   CO
8       7        199.1    921.7997    325.2252   42.151  1.806E-02  4.265E-01  2.360E-04  5.947E-04  2.270E+01  2.290E-04   CO
9       8        248.9   1036.9124    289.1203   49.569  6.910E-03  1.982E-01  9.664E-05  2.360E-04  1.055E+01  1.515E-04   CO
10      9        304.2   1151.9855    260.2398   57.075  2.743E-03  9.266E-02  4.055E-05  9.664E-05  4.932E+00  9.710E-05   CO
11      10       365.0   1267.0145    236.6133   65.046  1.117E-03  4.388E-02  1.744E-05  4.055E-05  2.335E+00  6.118E-05   CO
12      11       431.3   1381.9951    216.9273   72.144  4.711E-04  2.072E-02  7.558E-06  1.744E-05  1.103E+00  3.749E-05   CO
13      12       503.1   1496.9229    200.2725   80.118  1.994E-04  9.867E-03  3.330E-06  7.558E-06  5.252E-01  2.269E-05   CO
14      13       580.5   1611.7935    185.9993   80.042  9.117E-05  4.330E-03  1.361E-06  3.330E-06  2.305E-01  1.243E-05   CO
15      14       663.4   1726.6025    173.6314   81.590  3.802E-05  1.789E-03  5.268E-07  1.361E-06  9.522E-02  6.312E-06   CO
16      15       751.7   1841.3455    162.8116   92.691  1.406E-05  7.793E-04  2.161E-07  5.268E-07  4.148E-02  3.335E-06   CO
1       0         23.6    492.1607    609.1354   34.243  1.336E-02  3.155E-01  4.704E-01  3.126E-01  1.679E+01  2.578E-05   [CI]
2       1         62.5    809.3420    370.4151   30.235  1.226E-02  1.811E-01  2.170E-01  4.704E-01  9.638E+00  6.580E-05   [CI]
2       0         62.5   1301.5026    230.3433   31.636  4.778E-10  4.812E-09  2.170E-01  3.126E-01  2.561E-07  7.272E-12   [CI]
1       0          4.2     88.6316   3382.4556    2.742  4.769E-01  5.166E-03  3.775E-01  5.936E-01  2.750E-01  2.465E-09   HCN
2       1         12.8    177.2611   1691.2478    2.745  2.450E-01  1.977E-03  2.836E-02  3.775E-01  1.052E-01  7.547E-09   HCN
3       2         25.5    265.8864   1127.5207    2.895  1.713E-02  6.460E-04  4.834E-04  2.836E-02  3.438E-02  8.323E-09   HCN
4       3         42.5    354.5055    845.6638    6.028  2.649E-04  2.761E-04  3.696E-05  4.834E-04  1.470E-02  8.433E-09   HCN
5       4         63.8    443.1161    676.5550   16.546  1.514E-05  1.230E-04  1.250E-05  3.696E-05  6.547E-03  7.336E-09   HCN
6       5         89.3    531.7163    563.8203   25.291  4.415E-06  6.464E-05  5.384E-06  1.250E-05  3.440E-03  6.660E-09   HCN
