      LINE         E_UP       FREQ        WAVEL     T_EX      TAU        T_R       POP        POP       FLUX        FLUX   SPECIES
                   (K)        (GHz)       (um)      (K)                  (K)        UP        LOW      (K*km/s) (erg/cm2/s)   SPECIES
1       0          5.5    115.2712   2600.7576   66.487  1.575E+00  4.990E+01  1.941E-01  7.031E-02  2.656E+03  5.239E-05   CO
2       1         16.6    230.5380   1300.4037   45.607  7.817E+00  4.009E+01  2.538E-01  1.941E-01  2.134E+03  3.367E-04   CO
3       2         33.2    345.7960    866.9634   40.817  1.426E+01  3.304E+01  2.366E-01  2.538E-01  1.759E+03  9.365E-04   CO
4       3         55.3    461.0408    650.2515   34.176  1.803E+01  2.429E+01  1.592E-01  2.366E-01  1.293E+03  1.632E-03   CO
5       4         83.0    576.2679    520.2310   26.567  1.598E+01  1.509E+01  6.872E-02  1.592E-01  8.034E+02  1.980E-03   CO
6       5        116.2    691.4731    433.5562   19.763  8.493E+00  7.608E+00  1.515E-02  6.872E-02  4.049E+02  1.724E-03   CO
7       6        154.9    806.6518    371.6504   16.466  2.051E+00  3.552E+00  1.665E-03  1.515E-02  1.891E+02  1.278E-03   CO
8       7        199.1    921.7997    325.2252   23.274  2.093E-01  1.468E+00  2.820E-04  1.665E-03  7.812E+01  7.881E-04   CO
9       8        248.9   1036.9124    289.1203   36.031  3.086E-02  5.076E-01  7.921E-05  2.820E-04  2.702E+01  3.879E-04   CO
10      9        304.2   1151.9855    260.2398   42.152  8.372E-03  1.700E-01  2.359E-05  7.921E-05  9.046E+00  1.781E-04   CO
11      10       365.0   1267.0145    236.6133   46.436  2.469E-03  5.546E-02  6.973E-06  2.359E-05  2.952E+00  7.732E-05   CO
12      11       431.3   1381.9951    216.9273   50.804  7.224E-04  1.781E-02  2.054E-06  6.973E-06  9.479E-01  3.222E-05   CO
13      12       503.1   1496.9229    200.2725   55.726  2.097E-04  5.728E-03  6.113E-07  2.054E-06  3.049E-01  1.317E-05   CO
14      13       580.5   1611.7935    185.9993   57.031  6.342E-05  1.702E-03  1.691E-07  6.113E-07  9.060E-02  4.885E-06   CO
15      14       663.4   1726.6025    173.6314   57.692  1.786E-05  4.617E-04  4.299E-08  1.691E-07  2.458E-02  1.629E-06   CO
16      15       751.7   1841.3455    162.8116   63.174  4.447E-06  1.288E-04  1.130E-08  4.299E-08  6.857E-03  5.513E-07   CO
1       0         23.6    492.1607    609.1354   65.086  1.876E-02  1.003E+00  4.744E-01  2.273E-01  5.340E+01  8.199E-05   [CI]
2       1         62.5    809.3420    370.4151   39.849  3.365E-02  7.788E-01  2.983E-01  4.744E-01  4.145E+01  2.830E-04   [CI]
2       0         62.5   1301.5026    230.3433   46.696  9.411E-10  2.092E-08  2.983E-01  2.273E-01  1.113E-06  3.161E-11   [CI]
1       0          4.2     88.6316   3382.4556    2.774  1.489E+00  3.076E-02  3.811E-01  5.888E-01  1.637E+00  1.468E-08   HCN
2       1         12.8    177.2611   1691.2478    2.771  7.810E-01  1.180E-02  2.949E-02  3.811E-01  6.281E-01  4.506E-08   HCN
3       2         25.5    265.8864   1127.5207    2.992  5.624E-02  3.429E-03  5.804E-04  2.949E-02  1.825E-01  4.418E-08   HCN
4       3         42.5    354.5055    845.6638    6.405  9.943E-04  1.244E-03  5.241E-05  5.804E-04  6.621E-02  3.799E-08   HCN
5       4         63.8    443.1161    676.5550   14.389  7.245E-05  4.547E-04  1.461E-05  5.241E-05  2.420E-02  2.711E-08   HCN
6       5         89.3    531.7163    563.8203   21.465  1.787E-05  1.996E-04  5.259E-06  1.461E-05  1.063E-02  2.057E-08   HCN
