      LINE         E_UP       FREQ        WAVEL     T_EX      TAU        T_R       POP        POP       FLUX        FLUX   SPECIES
                   (K)        (GHz)       (um)      (K)                  (K)        UP        LOW      (K*km/s) (erg/cm2/s)   SPECIES
1       0          5.5    115.2712   2600.7576   79.512  1.456E+00  5.824E+01  1.716E-01  6.133E-02  3.100E+03  6.114E-05   CO
2       1         16.6    230.5380   1300.4037   53.304  7.571E+00  4.774E+01  2.324E-01  1.716E-01  2.541E+03  4.010E-04   CO
3       2         33.2    345.7960    866.9634   48.574  1.424E+01  4.071E+01  2.312E-01  2.324E-01  2.167E+03  1.154E-03   CO
4       3         55.3    461.0408    650.2515   41.800  1.913E+01  3.170E+01  1.751E-01  2.312E-01  1.687E+03  2.129E-03   CO
5       4         83.0    576.2679    520.2310   33.486  1.922E+01  2.154E+01  9.369E-02  1.751E-01  1.146E+03  2.825E-03   CO
6       5        116.2    691.4731    433.5562   25.146  1.313E+01  1.210E+01  2.959E-02  9.369E-02  6.441E+02  2.742E-03   CO
7       6        154.9    806.6518    371.6504   18.881  4.857E+00  5.673E+00  4.393E-03  2.959E-02  3.019E+02  2.041E-03   CO
8       7        199.1    921.7997    325.2252   19.423  7.334E-01  2.627E+00  5.104E-04  4.393E-03  1.398E+02  1.410E-03   CO
9       8        248.9   1036.9124    289.1203   32.202  7.390E-02  9.607E-01  1.216E-04  5.104E-04  5.114E+01  7.342E-04   CO
10      9        304.2   1151.9855    260.2398   41.769  1.626E-02  3.234E-01  3.579E-05  1.216E-04  1.721E+01  3.389E-04   CO
11      10       365.0   1267.0145    236.6133   46.568  4.711E-03  1.062E-01  1.062E-05  3.579E-05  5.653E+00  1.481E-04   CO
12      11       431.3   1381.9951    216.9273   50.927  1.384E-03  3.424E-02  3.139E-06  1.062E-05  1.823E+00  6.195E-05   CO
13      12       503.1   1496.9229    200.2725   55.898  4.028E-04  1.106E-02  9.376E-07  3.139E-06  5.887E-01  2.543E-05   CO
14      13       580.5   1611.7935    185.9993   57.232  1.223E-04  3.302E-03  2.607E-07  9.376E-07  1.758E-01  9.479E-06   CO
15      14       663.4   1726.6025    173.6314   58.150  3.453E-05  9.061E-04  6.701E-08  2.607E-07  4.822E-02  3.197E-06   CO
16      15       751.7   1841.3455    162.8116   63.332  8.717E-06  2.537E-04  1.767E-08  6.701E-08  1.350E-02  1.086E-06   CO
1       0         23.6    492.1607    609.1354   78.051  1.878E-02  1.243E+00  4.670E-01  2.107E-01  6.618E+01  1.016E-04   [CI]
2       1         62.5    809.3420    370.4151   44.073  3.923E-02  1.057E+00  3.224E-01  4.670E-01  5.624E+01  3.840E-04   [CI]
2       0         62.5   1301.5026    230.3433   52.758  1.033E-09  2.846E-08  3.224E-01  2.107E-01  1.515E-06  4.301E-11   [CI]
1       0          4.2     88.6316   3382.4556    2.793  1.859E+00  4.704E-02  3.833E-01  5.858E-01  2.504E+00  2.245E-08   HCN
2       1         12.8    177.2611   1691.2478    2.786  9.880E-01  1.829E-02  3.016E-02  3.833E-01  9.732E-01  6.981E-08   HCN
3       2         25.5    265.8864   1127.5207    3.049  7.233E-02  5.432E-03  6.423E-04  3.016E-02  2.891E-01  6.999E-08   HCN
4       3         42.5    354.5055    845.6638    6.723  1.371E-03  1.971E-03  6.576E-05  6.423E-04  1.049E-01  6.020E-08   HCN
5       4         63.8    443.1161    676.5550   14.436  1.143E-04  7.217E-04  1.842E-05  6.576E-05  3.841E-02  4.304E-08   HCN
6       5         89.3    531.7163    563.8203   21.437  2.838E-05  3.164E-04  6.620E-06  1.842E-05  1.684E-02  3.260E-08   HCN
