      LINE         E_UP       FREQ        WAVEL     T_EX      TAU        T_R       POP        POP       FLUX        FLUX   SPECIES
                   (K)        (GHz)       (um)      (K)                  (K)        UP        LOW      (K*km/s) (erg/cm2/s)   SPECIES
1       0          5.5    115.2712   2600.7576  407.791  3.337E+00  3.898E+02  2.075E-02  7.010E-03  2.075E+04  4.093E-04   CO
2       1         16.6    230.5380   1300.4037  402.226  1.325E+01  3.965E+02  3.364E-02  2.075E-02  2.110E+04  3.330E-03   CO
3       2         33.2    345.7960    866.9634  402.590  2.876E+01  3.943E+02  4.519E-02  3.364E-02  2.099E+04  1.118E-02   CO
4       3         55.3    461.0408    650.2515  402.547  4.864E+01  3.916E+02  5.500E-02  4.519E-02  2.084E+04  2.630E-02   CO
5       4         83.0    576.2679    520.2310  402.380  7.134E+01  3.887E+02  6.275E-02  5.500E-02  2.069E+04  5.099E-02   CO
6       5        116.2    691.4731    433.5562  402.301  9.504E+01  3.859E+02  6.829E-02  6.275E-02  2.054E+04  8.746E-02   CO
7       6        154.9    806.6518    371.6504  402.019  1.181E+02  3.830E+02  7.156E-02  6.829E-02  2.038E+04  1.378E-01   CO
8       7        199.1    921.7997    325.2252  401.737  1.388E+02  3.800E+02  7.265E-02  7.156E-02  2.023E+04  2.040E-01   CO
9       8        248.9   1036.9124    289.1203  401.254  1.559E+02  3.769E+02  7.172E-02  7.265E-02  2.006E+04  2.880E-01   CO
10      9        304.2   1151.9855    260.2398  400.610  1.684E+02  3.736E+02  6.905E-02  7.172E-02  1.988E+04  3.915E-01   CO
11      10       365.0   1267.0145    236.6133  400.032  1.758E+02  3.704E+02  6.497E-02  6.905E-02  1.971E+04  5.164E-01   CO
12      11       431.3   1381.9951    216.9273  399.261  1.779E+02  3.670E+02  5.981E-02  6.497E-02  1.953E+04  6.640E-01   CO
13      12       503.1   1496.9229    200.2725  398.512  1.750E+02  3.637E+02  5.394E-02  5.981E-02  1.936E+04  8.361E-01   CO
14      13       580.5   1611.7935    185.9993  396.720  1.681E+02  3.593E+02  4.767E-02  5.394E-02  1.912E+04  1.031E+00   CO
15      14       663.4   1726.6025    173.6314  394.607  1.575E+02  3.546E+02  4.131E-02  4.767E-02  1.887E+04  1.251E+00   CO
16      15       751.7   1841.3455    162.8116  392.165  1.441E+02  3.496E+02  3.510E-02  4.131E-02  1.861E+04  1.496E+00   CO
1       0         23.6    492.1607    609.1354  413.215  2.342E-01  8.384E+01  3.499E-01  1.235E-01  4.462E+03  6.851E-03   [CI]
2       1         62.5    809.3420    370.4151  381.630  4.856E-01  1.395E+02  5.267E-01  3.499E-01  7.422E+03  5.068E-02   [CI]
2       0         62.5   1301.5026    230.3433  392.989  1.282E-08  4.650E-06  5.267E-01  1.235E-01  2.475E-04  7.026E-09   [CI]
1       0          4.2     88.6316   3382.4556   70.446  1.381E+00  5.031E+01  1.639E-01  5.805E-02  2.678E+03  2.401E-05   HCN
2       1         12.8    177.2611   1691.2478   42.978  7.965E+00  3.846E+01  2.242E-01  1.639E-01  2.047E+03  1.468E-04   HCN
3       2         25.5    265.8864   1127.5207   38.802  1.530E+01  3.265E+01  2.259E-01  2.242E-01  1.738E+03  4.207E-04   HCN
4       3         42.5    354.5055    845.6638   33.732  2.075E+01  2.590E+01  1.754E-01  2.259E-01  1.379E+03  7.911E-04   HCN
5       4         63.8    443.1161    676.5550   28.177  2.095E+01  1.886E+01  1.008E-01  1.754E-01  1.004E+03  1.125E-03   HCN
6       5         89.3    531.7163    563.8203   22.975  1.496E+01  1.253E+01  3.922E-02  1.008E-01  6.668E+02  1.291E-03   HCN
