      LINE         E_UP       FREQ        WAVEL     T_EX      TAU        T_R       POP        POP       FLUX        FLUX   SPECIES
                   (K)        (GHz)       (um)      (K)                  (K)        UP        LOW      (K*km/s) (erg/cm2/s)   SPECIES
1       0          5.5    115.2712   2600.7576  104.993  1.190E+02  1.014E+02  7.434E-02  2.612E-02  5.398E+03  1.065E-04   CO
2       1         16.6    230.5380   1300.4037  104.993  4.396E+02  9.936E+01  1.115E-01  7.434E-02  5.289E+03  8.345E-04   CO
3       2         33.2    345.7960    866.9634  104.992  8.670E+02  9.688E+01  1.333E-01  1.115E-01  5.156E+03  2.746E-03   CO
4       3         55.3    461.0408    650.2515  104.991  1.280E+03  9.431E+01  1.388E-01  1.333E-01  5.020E+03  6.335E-03   CO
5       4         83.0    576.2679    520.2310  104.989  1.577E+03  9.177E+01  1.304E-01  1.388E-01  4.884E+03  1.204E-02   CO
6       5        116.2    691.4731    433.5562  104.986  1.698E+03  8.927E+01  1.123E-01  1.304E-01  4.751E+03  2.023E-02   CO
7       6        154.9    806.6518    371.6504  104.980  1.639E+03  8.681E+01  8.962E-02  1.123E-01  4.621E+03  3.123E-02   CO
8       7        199.1    921.7997    325.2252  104.971  1.440E+03  8.440E+01  6.664E-02  8.962E-02  4.492E+03  4.531E-02   CO
9       8        248.9   1036.9124    289.1203  104.955  1.163E+03  8.203E+01  4.636E-02  6.664E-02  4.366E+03  6.269E-02   CO
10      9        304.2   1151.9855    260.2398  104.925  8.686E+02  7.970E+01  3.025E-02  4.636E-02  4.242E+03  8.351E-02   CO
11      10       365.0   1267.0145    236.6133  104.870  6.037E+02  7.739E+01  1.855E-02  3.025E-02  4.119E+03  1.079E-01   CO
12      11       431.3   1381.9951    216.9273  104.765  3.911E+02  7.508E+01  1.071E-02  1.855E-02  3.996E+03  1.358E-01   CO
13      12       503.1   1496.9229    200.2725  104.552  2.371E+02  7.271E+01  5.817E-03  1.071E-02  3.870E+03  1.672E-01   CO
14      13       580.5   1611.7935    185.9993  104.052  1.348E+02  7.012E+01  2.971E-03  5.817E-03  3.732E+03  2.013E-01   CO
15      14       663.4   1726.6025    173.6314  102.784  7.204E+01  6.686E+01  1.418E-03  2.971E-03  3.559E+03  2.359E-01   CO
16      15       751.7   1841.3455    162.8116   99.162  3.633E+01  6.145E+01  6.192E-04  1.418E-03  3.271E+03  2.630E-01   CO
1       0         23.6    492.1607    609.1354  104.956  2.810E+00  8.795E+01  3.895E-01  1.626E-01  4.681E+03  7.187E-03   [CI]
2       1         62.5    809.3420    370.4151  104.691  4.349E+00  8.535E+01  4.479E-01  3.895E-01  4.543E+03  3.102E-02   [CI]
2       0         62.5   1301.5026    230.3433  104.791  1.296E-07  9.933E-06  4.479E-01  1.626E-01  5.287E-04  1.501E-08   [CI]
1       0          4.2     88.6316   3382.4556   56.918  3.812E+00  5.250E+01  1.446E-01  5.192E-02  2.794E+03  2.505E-05   HCN
2       1         12.8    177.2611   1691.2478   50.099  1.534E+01  4.557E+01  2.033E-01  1.446E-01  2.426E+03  1.740E-04   HCN
3       2         25.5    265.8864   1127.5207   46.695  2.973E+01  4.049E+01  2.166E-01  2.033E-01  2.155E+03  5.216E-04   HCN
4       3         42.5    354.5055    845.6638   41.564  4.238E+01  3.360E+01  1.849E-01  2.166E-01  1.788E+03  1.026E-03   HCN
5       4         63.8    443.1161    676.5550   34.968  4.772E+01  2.540E+01  1.230E-01  1.849E-01  1.352E+03  1.515E-03   HCN
6       5         89.3    531.7163    563.8203   27.590  4.128E+01  1.677E+01  5.766E-02  1.230E-01  8.925E+02  1.728E-03   HCN
