      LINE         E_UP       FREQ        WAVEL     T_EX      TAU        T_R       POP        POP       FLUX        FLUX   SPECIES
                   (K)        (GHz)       (um)      (K)                  (K)        UP        LOW      (K*km/s) (erg/cm2/s)   SPECIES
1       0          5.5    115.2712   2600.7576   16.410  2.705E+00  1.210E+01  2.015E-02  6.877E-03  6.438E+02  1.270E-05   CO
2       1         16.6    230.5380   1300.4037  -85.245  3.632E+01 -9.109E+01  2.538E-02  2.015E-02 -4.848E+03 -7.650E-04   CO
3       2         33.2    345.7960    866.9634 -273.639  6.127E-02 -1.676E+01  4.647E-02  2.538E-02 -8.922E+02 -4.751E-04   CO
4       3         55.3    461.0408    650.2515   11.871 -6.182E+01 -2.852E+27  6.498E-02  4.647E-02 -1.518E+29 -1.916E+23   CO
5       4         83.0    576.2679    520.2310   35.132 -9.595E+01 -1.079E+43  7.729E-02  6.498E-02 -5.743E+44 -1.415E+39   CO
6       5        116.2    691.4731    433.5562  236.993  1.642E+01  2.208E+02  6.435E-02  7.729E-02  1.175E+04  5.004E-02   CO
7       6        154.9    806.6518    371.6504  -25.281 -5.895E+02 -4.939E+01  7.541E-02  6.435E-02 -2.629E+03 -1.777E-02   CO
8       7        199.1    921.7997    325.2252   10.886  9.247E+02  7.735E-01  2.440E-02  7.541E-02  4.117E+01  4.153E-04   CO
9       8        248.9   1036.9124    289.1203  -31.544 -1.205E-04  7.558E-03  3.034E-02  2.440E-02  4.023E-01  5.776E-06   CO
10      9        304.2   1151.9855    260.2398   22.310  2.355E-04  1.192E-03  3.779E-02  3.034E-02  6.347E-02  1.250E-06   CO
11      10       365.0   1267.0145    236.6133  102.559 -1.624E+02 -2.609E+72  4.762E-02  3.779E-02 -1.389E+74 -3.638E+69   CO
12      11       431.3   1381.9951    216.9273 -307.184 -2.341E+01  5.007E+12  4.410E-02  4.762E-02  2.665E+14  9.058E+09   CO
13      12       503.1   1496.9229    200.2725  426.854  1.841E+01  3.919E+02  3.619E-02  4.410E-02  2.086E+04  9.011E-01   CO
14      13       580.5   1611.7935    185.9993  169.530  8.512E+01  1.338E+02  2.443E-02  3.619E-02  7.121E+03  3.840E-01   CO
15      14       663.4   1726.6025    173.6314  -92.156 -2.001E+02  1.151E+89  6.734E-02  2.443E-02  6.125E+90  4.060E+86   CO
16      15       751.7   1841.3455    162.8116  252.264  8.881E+01  2.107E+02  4.910E-02  6.734E-02  1.121E+04  9.015E-01   CO
1       0         23.6    492.1607    609.1354  539.991  4.488E-02  2.319E+01  3.512E-01  1.223E-01  1.234E+03  1.895E-03   [CI]
2       1         62.5    809.3420    370.4151  367.021  1.271E-01  4.151E+01  5.265E-01  3.512E-01  2.210E+03  1.509E-02   [CI]
2       0         62.5   1301.5026    230.3433  417.605  3.016E-09  1.168E-06  5.265E-01  1.223E-01  6.215E-05  1.764E-09   [CI]
1       0          4.2     88.6316   3382.4556   15.396  3.928E+00  1.200E+01  3.632E-01  1.596E-01  6.384E+02  5.725E-06   HCN
2       1         12.8    177.2611   1691.2478   12.765  1.201E+01  8.588E+00  3.109E-01  3.632E-01  4.571E+02  3.279E-05   HCN
3       2         25.5    265.8864   1127.5207   10.785  1.319E+01  5.515E+00  1.333E-01  3.109E-01  2.935E+02  7.106E-05   HCN
4       3         42.5    354.5055    845.6638    9.199  6.544E+00  3.139E+00  2.697E-02  1.333E-01  1.671E+02  9.586E-05   HCN
5       4         63.8    443.1161    676.5550    9.807  1.353E+00  2.030E+00  3.769E-03  2.697E-02  1.080E+02  1.210E-04   HCN
6       5         89.3    531.7163    563.8203   18.567  1.566E-01  1.252E+00  1.127E-03  3.769E-03  6.665E+01  1.290E-04   HCN
