      LINE         E_UP       FREQ        WAVEL     T_EX      TAU        T_R       POP        POP       FLUX        FLUX   SPECIES
                   (K)        (GHz)       (um)      (K)                  (K)        UP        LOW      (K*km/s) (erg/cm2/s)   SPECIES
1       0          5.5    115.2712   2600.7576  154.938  3.492E+01  1.514E+02  5.147E-02  1.778E-02  8.056E+03  1.589E-04   CO
2       1         16.6    230.5380   1300.4037  154.939  1.323E+02  1.493E+02  7.987E-02  5.147E-02  7.945E+03  1.254E-03   CO
3       2         33.2    345.7960    866.9634  154.937  2.722E+02  1.467E+02  1.005E-01  7.987E-02  7.811E+03  4.159E-03   CO
4       3         55.3    461.0408    650.2515  154.931  4.265E+02  1.441E+02  1.120E-01  1.005E-01  7.671E+03  9.681E-03   CO
5       4         83.0    576.2679    520.2310  154.921  5.666E+02  1.415E+02  1.145E-01  1.120E-01  7.532E+03  1.856E-02   CO
6       5        116.2    691.4731    433.5562  154.906  6.693E+02  1.389E+02  1.092E-01  1.145E-01  7.393E+03  3.148E-02   CO
7       6        154.9    806.6518    371.6504  154.884  7.211E+02  1.363E+02  9.814E-02  1.092E-01  7.256E+03  4.905E-02   CO
8       7        199.1    921.7997    325.2252  154.849  7.190E+02  1.338E+02  8.358E-02  9.814E-02  7.121E+03  7.183E-02   CO
9       8        248.9   1036.9124    289.1203  154.799  6.701E+02  1.312E+02  6.773E-02  8.358E-02  6.986E+03  1.003E-01   CO
10      9        304.2   1151.9855    260.2398  154.713  5.875E+02  1.287E+02  5.237E-02  6.773E-02  6.851E+03  1.349E-01   CO
11      10       365.0   1267.0145    236.6133  154.589  4.873E+02  1.262E+02  3.870E-02  5.237E-02  6.716E+03  1.759E-01   CO
12      11       431.3   1381.9951    216.9273  154.385  3.833E+02  1.236E+02  2.738E-02  3.870E-02  6.578E+03  2.236E-01   CO
13      12       503.1   1496.9229    200.2725  154.049  2.869E+02  1.209E+02  1.855E-02  2.738E-02  6.435E+03  2.780E-01   CO
14      13       580.5   1611.7935    185.9993  153.410  2.048E+02  1.180E+02  1.203E-02  1.855E-02  6.279E+03  3.386E-01   CO
15      14       663.4   1726.6025    173.6314  152.274  1.396E+02  1.146E+02  7.464E-03  1.203E-02  6.099E+03  4.043E-01   CO
16      15       751.7   1841.3455    162.8116  149.918  9.110E+01  1.100E+02  4.407E-03  7.464E-03  5.857E+03  4.709E-01   CO
1       0         23.6    492.1607    609.1354  155.141  1.106E+00  9.611E+01  3.729E-01  1.447E-01  5.115E+03  7.853E-03   [CI]
2       1         62.5    809.3420    370.4151  153.205  1.898E+00  1.144E+02  4.823E-01  3.729E-01  6.091E+03  4.159E-02   [CI]
2       0         62.5   1301.5026    230.3433  153.931  5.408E-08  6.749E-06  4.823E-01  1.447E-01  3.592E-04  1.020E-08   [CI]
1       0          4.2     88.6316   3382.4556   53.544  2.894E+00  4.753E+01  1.632E-01  5.891E-02  2.530E+03  2.268E-05   HCN
2       1         12.8    177.2611   1691.2478   43.650  1.239E+01  3.914E+01  2.239E-01  1.632E-01  2.083E+03  1.494E-04   HCN
3       2         25.5    265.8864   1127.5207   39.732  2.374E+01  3.357E+01  2.273E-01  2.239E-01  1.787E+03  4.326E-04   HCN
4       3         42.5    354.5055    845.6638   34.357  3.264E+01  2.652E+01  1.781E-01  2.273E-01  1.411E+03  8.098E-04   HCN
5       4         63.8    443.1161    676.5550   28.098  3.379E+01  1.878E+01  1.021E-01  1.781E-01  9.998E+02  1.120E-03   HCN
6       5         89.3    531.7163    563.8203   21.911  2.466E+01  1.157E+01  3.767E-02  1.021E-01  6.159E+02  1.192E-03   HCN
