      LINE         E_UP       FREQ        WAVEL     T_EX      TAU        T_R       POP        POP       FLUX        FLUX   SPECIES
                   (K)        (GHz)       (um)      (K)                  (K)        UP        LOW      (K*km/s) (erg/cm2/s)   SPECIES
1       0          5.5    115.2712   2600.7576  210.362  5.178E-01  8.357E+01  1.311E-01  4.485E-02  4.448E+03  8.774E-05   CO
2       1         16.6    230.5380   1300.4037   75.640  5.285E+00  6.969E+01  1.887E-01  1.311E-01  3.709E+03  5.853E-04   CO
3       2         33.2    345.7960    866.9634   69.375  1.070E+01  6.137E+01  2.080E-01  1.887E-01  3.266E+03  1.739E-03   CO
4       3         55.3    461.0408    650.2515   62.057  1.581E+01  5.164E+01  1.872E-01  2.080E-01  2.749E+03  3.469E-03   CO
5       4         83.0    576.2679    520.2310   52.761  1.878E+01  4.013E+01  1.355E-01  1.872E-01  2.136E+03  5.264E-03   CO
6       5        116.2    691.4731    433.5562   42.395  1.771E+01  2.794E+01  7.319E-02  1.355E-01  1.487E+03  6.333E-03   CO
7       6        154.9    806.6518    371.6504   32.368  1.211E+01  1.678E+01  2.554E-02  7.319E-02  8.932E+02  6.037E-03   CO
8       7        199.1    921.7997    325.2252   24.867  4.971E+00  8.921E+00  4.885E-03  2.554E-02  4.748E+02  4.790E-03   CO
9       8        248.9   1036.9124    289.1203   24.878  9.785E-01  4.859E+00  7.386E-04  4.885E-03  2.586E+02  3.714E-03   CO
10      9        304.2   1151.9855    260.2398   40.246  1.265E-01  2.227E+00  2.067E-04  7.386E-04  1.185E+02  2.333E-03   CO
11      10       365.0   1267.0145    236.6133   55.466  3.128E-02  9.397E-01  7.563E-05  2.067E-04  5.001E+01  1.310E-03   CO
12      11       431.3   1381.9951    216.9273   63.307  1.106E-02  3.941E-01  2.883E-05  7.563E-05  2.098E+01  7.131E-04   CO
13      12       503.1   1496.9229    200.2725   69.934  4.134E-03  1.653E-01  1.115E-05  2.883E-05  8.796E+00  3.800E-04   CO
14      13       580.5   1611.7935    185.9993   72.322  1.622E-03  6.549E-02  4.109E-06  1.115E-05  3.486E+00  1.880E-04   CO
15      14       663.4   1726.6025    173.6314   74.445  6.058E-04  2.456E-02  1.443E-06  4.109E-06  1.307E+00  8.664E-05   CO
16      15       751.7   1841.3455    162.8116   81.558  2.078E-04  9.393E-03  5.198E-07  1.443E-06  5.000E-01  4.020E-05   CO
1       0         23.6    492.1607    609.1354  151.168  1.077E-02  1.496E+00  4.444E-01  1.732E-01  7.961E+01  1.222E-04   [CI]
2       1         62.5    809.3420    370.4151   58.739  3.882E-02  1.578E+00  3.824E-01  4.444E-01  8.400E+01  5.735E-04   [CI]
2       0         62.5   1301.5026    230.3433   76.405  8.606E-10  4.250E-08  3.824E-01  1.732E-01  2.262E-06  6.422E-11   [CI]
1       0          4.2     88.6316   3382.4556    2.848  2.289E+00  9.100E-02  3.891E-01  5.776E-01  4.843E+00  4.343E-08   HCN
2       1         12.8    177.2611   1691.2478    2.832  1.260E+00  3.698E-02  3.217E-02  3.891E-01  1.968E+00  1.412E-07   HCN
3       2         25.5    265.8864   1127.5207    3.251  9.669E-02  1.269E-02  8.892E-04  3.217E-02  6.755E-01  1.635E-07   HCN
4       3         42.5    354.5055    845.6638    7.972  2.289E-03  5.145E-03  1.353E-04  8.892E-04  2.739E-01  1.571E-07   HCN
5       4         63.8    443.1161    676.5550   15.944  2.829E-04  2.149E-03  4.357E-05  1.353E-04  1.144E-01  1.282E-07   HCN
6       5         89.3    531.7163    563.8203   23.733  7.999E-05  1.057E-03  1.757E-05  4.357E-05  5.626E-02  1.089E-07   HCN
