      LINE         E_UP       FREQ        WAVEL     T_EX      TAU        T_R       POP        POP       FLUX        FLUX   SPECIES
                   (K)        (GHz)       (um)      (K)                  (K)        UP        LOW      (K*km/s) (erg/cm2/s)   SPECIES
1       0          5.5    115.2712   2600.7576 -157.448 -5.219E-01  1.104E+02  1.020E-01  3.281E-02  5.874E+03  1.159E-04   CO
2       1         16.6    230.5380   1300.4037  110.290  2.884E+00  9.880E+01  1.537E-01  1.020E-01  5.259E+03  8.298E-04   CO
3       2         33.2    345.7960    866.9634   94.807  6.578E+00  8.659E+01  1.806E-01  1.537E-01  4.609E+03  2.454E-03   CO
4       3         55.3    461.0408    650.2515   86.165  1.036E+01  7.557E+01  1.796E-01  1.806E-01  4.022E+03  5.076E-03   CO
5       4         83.0    576.2679    520.2310   75.927  1.348E+01  6.293E+01  1.525E-01  1.796E-01  3.350E+03  8.255E-03   CO
6       5        116.2    691.4731    433.5562   64.591  1.476E+01  4.941E+01  1.078E-01  1.525E-01  2.630E+03  1.120E-02   CO
7       6        154.9    806.6518    371.6504   52.477  1.334E+01  3.548E+01  5.950E-02  1.078E-01  1.888E+03  1.276E-02   CO
8       7        199.1    921.7997    325.2252   41.478  9.139E+00  2.322E+01  2.321E-02  5.950E-02  1.236E+03  1.246E-02   CO
9       8        248.9   1036.9124    289.1203   33.607  4.154E+00  1.442E+01  5.901E-03  2.321E-02  7.676E+02  1.102E-02   CO
10      9        304.2   1151.9855    260.2398   34.891  1.076E+00  9.396E+00  1.337E-03  5.901E-03  5.001E+02  9.846E-03   CO
11      10       365.0   1267.0145    236.6133   55.118  2.031E-01  5.550E+00  4.860E-04  1.337E-03  2.954E+02  7.738E-03   CO
12      11       431.3   1381.9951    216.9273   80.091  6.164E-02  3.076E+00  2.308E-04  4.860E-04  1.637E+02  5.565E-03   CO
13      12       503.1   1496.9229    200.2725   93.963  2.754E-02  1.700E+00  1.160E-04  2.308E-04  9.048E+01  3.908E-03   CO
14      13       580.5   1611.7935    185.9993   98.810  1.395E-02  9.023E-01  5.696E-05  1.160E-04  4.803E+01  2.590E-03   CO
15      14       663.4   1726.6025    173.6314  104.678  6.840E-03  4.680E-01  2.759E-05  5.696E-05  2.491E+01  1.651E-03   CO
16      15       751.7   1841.3455    162.8116  116.891  3.186E-03  2.488E-01  1.379E-05  2.759E-05  1.324E+01  1.065E-03   CO
1       0         23.6    492.1607    609.1354  391.576  3.766E-03  1.428E+00  4.228E-01  1.497E-01  7.601E+01  1.167E-04   [CI]
2       1         62.5    809.3420    370.4151   77.697  3.004E-02  1.772E+00  4.275E-01  4.228E-01  9.432E+01  6.439E-04   [CI]
2       0         62.5   1301.5026    230.3433  111.492  5.713E-10  4.751E-08  4.275E-01  1.497E-01  2.529E-06  7.180E-11   [CI]
1       0          4.2     88.6316   3382.4556    2.904  2.236E+00  1.323E-01  3.947E-01  5.692E-01  7.041E+00  6.313E-08   HCN
2       1         12.8    177.2611   1691.2478    2.884  1.274E+00  5.587E-02  3.444E-02  3.947E-01  2.973E+00  2.133E-07   HCN
3       2         25.5    265.8864   1127.5207    3.504  1.028E-01  2.189E-02  1.263E-03  3.444E-02  1.165E+00  2.820E-07   HCN
4       3         42.5    354.5055    845.6638    9.293  3.097E-03  9.940E-03  2.603E-04  1.263E-03  5.291E-01  3.036E-07   HCN
5       4         63.8    443.1161    676.5550   17.977  5.126E-04  4.809E-03  9.748E-05  2.603E-04  2.560E-01  2.868E-07   HCN
6       5         89.3    531.7163    563.8203   26.804  1.668E-04  2.675E-03  4.446E-05  9.748E-05  1.424E-01  2.757E-07   HCN
