      LINE         E_UP       FREQ        WAVEL     T_EX      TAU        T_R       POP        POP       FLUX        FLUX   SPECIES
                   (K)        (GHz)       (um)      (K)                  (K)        UP        LOW      (K*km/s) (erg/cm2/s)   SPECIES
1       0          5.5    115.2712   2600.7576  404.859  1.304E+01  4.013E+02  2.021E-02  6.829E-03  2.136E+04  4.213E-04   CO
2       1         16.6    230.5380   1300.4037  404.845  5.105E+01  3.991E+02  3.278E-02  2.021E-02  2.124E+04  3.352E-03   CO
3       2         33.2    345.7960    866.9634  404.841  1.109E+02  3.966E+02  4.404E-02  3.278E-02  2.111E+04  1.124E-02   CO
4       3         55.3    461.0408    650.2515  404.840  1.877E+02  3.939E+02  5.361E-02  4.404E-02  2.096E+04  2.646E-02   CO
5       4         83.0    576.2679    520.2310  404.829  2.752E+02  3.912E+02  6.120E-02  5.361E-02  2.082E+04  5.131E-02   CO
6       5        116.2    691.4731    433.5562  404.823  3.668E+02  3.885E+02  6.664E-02  6.120E-02  2.068E+04  8.803E-02   CO
7       6        154.9    806.6518    371.6504  404.805  4.558E+02  3.858E+02  6.988E-02  6.664E-02  2.053E+04  1.388E-01   CO
8       7        199.1    921.7997    325.2252  404.787  5.357E+02  3.831E+02  7.099E-02  6.988E-02  2.039E+04  2.057E-01   CO
9       8        248.9   1036.9124    289.1203  404.755  6.017E+02  3.804E+02  7.017E-02  7.099E-02  2.025E+04  2.907E-01   CO
10      9        304.2   1151.9855    260.2398  404.711  6.496E+02  3.777E+02  6.765E-02  7.017E-02  2.010E+04  3.958E-01   CO
11      10       365.0   1267.0145    236.6133  404.674  6.784E+02  3.750E+02  6.376E-02  6.765E-02  1.996E+04  5.229E-01   CO
12      11       431.3   1381.9951    216.9273  404.621  6.866E+02  3.724E+02  5.882E-02  6.376E-02  1.982E+04  6.737E-01   CO
13      12       503.1   1496.9229    200.2725  404.579  6.758E+02  3.697E+02  5.319E-02  5.882E-02  1.968E+04  8.501E-01   CO
14      13       580.5   1611.7935    185.9993  404.455  6.485E+02  3.670E+02  4.719E-02  5.319E-02  1.953E+04  1.053E+00   CO
15      14       663.4   1726.6025    173.6314  404.313  6.072E+02  3.643E+02  4.109E-02  4.719E-02  1.939E+04  1.285E+00   CO
16      15       751.7   1841.3455    162.8116  404.157  5.556E+02  3.616E+02  3.515E-02  4.109E-02  1.925E+04  1.547E+00   CO
1       0         23.6    492.1607    609.1354  405.627  9.477E-01  2.412E+02  3.489E-01  1.233E-01  1.284E+04  1.971E-02   [CI]
2       1         62.5    809.3420    370.4151  401.064  1.839E+00  3.212E+02  5.278E-01  3.489E-01  1.710E+04  1.167E-01   [CI]
2       0         62.5   1301.5026    230.3433  402.778  4.982E-08  1.855E-05  5.278E-01  1.233E-01  9.874E-04  2.803E-08   [CI]
1       0          4.2     88.6316   3382.4556   -1.006 -4.699E+01  1.386E+21  7.437E-02  1.764E-02  7.379E+22  6.616E+14   HCN
2       1         12.8    177.2611   1691.2478    0.230  1.163E+02 -3.924E-01  8.388E-02  7.437E-02 -2.089E+01 -1.498E-06   HCN
3       2         25.5    265.8864   1127.5207   -1.859 -1.662E+02  1.880E+73  1.490E-01  8.388E-02  1.000E+75  2.422E+68   HCN
4       3         42.5    354.5055    845.6638    0.556  2.318E+02 -3.316E-02  1.184E-01  1.490E-01 -1.765E+00 -1.013E-06   HCN
5       4         63.8    443.1161    676.5550   -1.479 -2.138E+02  1.545E+94  1.718E-01  1.184E-01  8.226E+95  9.217E+89   HCN
6       5         89.3    531.7163    563.8203    0.758  2.572E+02 -2.191E-03  1.087E-01  1.718E-01 -1.166E-01 -2.258E-07   HCN
