      LINE         E_UP       FREQ        WAVEL     T_EX      TAU        T_R       POP        POP       FLUX        FLUX   SPECIES
                   (K)        (GHz)       (um)      (K)                  (K)        UP        LOW      (K*km/s) (erg/cm2/s)   SPECIES
1       0          5.5    115.2712   2600.7576  101.709  4.467E+00  9.700E+01  8.544E-02  3.007E-02  5.163E+03  1.018E-04   CO
2       1         16.6    230.5380   1300.4037   99.125  1.687E+01  9.350E+01  1.274E-01  8.544E-02  4.977E+03  7.853E-04   CO
3       2         33.2    345.7960    866.9634   98.858  3.310E+01  9.075E+01  1.507E-01  1.274E-01  4.830E+03  2.572E-03   CO
4       3         55.3    461.0408    650.2515   97.892  4.875E+01  8.724E+01  1.546E-01  1.507E-01  4.643E+03  5.860E-03   CO
5       4         83.0    576.2679    520.2310   96.208  5.992E+01  8.304E+01  1.418E-01  1.546E-01  4.420E+03  1.089E-02   CO
6       5        116.2    691.4731    433.5562   93.360  6.443E+01  7.775E+01  1.174E-01  1.418E-01  4.138E+03  1.762E-02   CO
7       6        154.9    806.6518    371.6504   88.658  6.216E+01  7.071E+01  8.754E-02  1.174E-01  3.763E+03  2.544E-02   CO
8       7        199.1    921.7997    325.2252   81.026  5.442E+01  6.091E+01  5.747E-02  8.754E-02  3.242E+03  3.270E-02   CO
9       8        248.9   1036.9124    289.1203   69.701  4.287E+01  4.776E+01  3.146E-02  5.747E-02  2.542E+03  3.649E-02   CO
10      9        304.2   1151.9855    260.2398   55.022  2.885E+01  3.193E+01  1.273E-02  3.146E-02  1.700E+03  3.346E-02   CO
11      10       365.0   1267.0145    236.6133   39.906  1.428E+01  1.694E+01  3.037E-03  1.273E-02  9.017E+02  2.362E-02   CO
12      11       431.3   1381.9951    216.9273   28.837  3.884E+00  7.238E+00  3.310E-04  3.037E-03  3.853E+02  1.310E-02   CO
13      12       503.1   1496.9229    200.2725   31.554  4.185E-01  2.809E+00  3.668E-05  3.310E-04  1.495E+02  6.459E-03   CO
14      13       580.5   1611.7935    185.9993   48.312  4.093E-02  7.836E-01  7.946E-06  3.668E-05  4.171E+01  2.249E-03   CO
15      14       663.4   1726.6025    173.6314   54.063  8.631E-03  1.961E-01  1.834E-06  7.946E-06  1.044E+01  6.920E-04   CO
16      15       751.7   1841.3455    162.8116   57.741  1.974E-03  4.814E-02  4.226E-07  1.834E-06  2.562E+00  2.060E-04   CO
1       0         23.6    492.1607    609.1354  107.075  9.090E-02  8.315E+00  4.075E-01  1.693E-01  4.426E+02  6.795E-04   [CI]
2       1         62.5    809.3420    370.4151   82.142  1.749E-01  1.031E+01  4.232E-01  4.075E-01  5.487E+02  3.746E-03   [CI]
2       0         62.5   1301.5026    230.3433   90.073  4.754E-09  2.968E-07  4.232E-01  1.693E-01  1.580E-05  4.485E-10   [CI]
1       0          4.2     88.6316   3382.4556    4.437  8.363E+00  1.514E+00  4.838E-01  4.207E-01  8.056E+01  7.224E-07   HCN
2       1         12.8    177.2611   1691.2478    3.893  9.228E+00  6.855E-01  9.069E-02  4.838E-01  3.649E+01  2.617E-06   HCN
3       2         25.5    265.8864   1127.5207    3.756  1.695E+00  2.634E-01  4.250E-03  9.069E-02  1.402E+01  3.394E-06   HCN
4       3         42.5    354.5055    845.6638    6.654  7.222E-02  9.733E-02  4.237E-04  4.250E-03  5.181E+00  2.972E-06   HCN
5       4         63.8    443.1161    676.5550   14.123  5.905E-03  3.564E-02  1.149E-04  4.237E-04  1.897E+00  2.126E-06   HCN
6       5         89.3    531.7163    563.8203   19.091  1.489E-03  1.353E-02  3.567E-05  1.149E-04  7.201E-01  1.394E-06   HCN
