      LINE         E_UP       FREQ        WAVEL     T_EX      TAU        T_R       POP        POP       FLUX        FLUX   SPECIES
                   (K)        (GHz)       (um)      (K)                  (K)        UP        LOW      (K*km/s) (erg/cm2/s)   SPECIES
1       0          5.5    115.2712   2600.7576   12.410  6.060E+00  8.991E+00  4.591E-01  2.390E-01  4.786E+02  9.440E-06   CO
2       1         16.6    230.5380   1300.4037   10.208  1.427E+01  5.462E+00  2.589E-01  4.591E-01  2.907E+02  4.588E-05   CO
3       2         33.2    345.7960    866.9634    7.646  9.687E+00  2.100E+00  4.136E-02  2.589E-01  1.118E+02  5.952E-05   CO
4       3         55.3    461.0408    650.2515    6.248  1.613E+00  5.233E-01  1.541E-03  4.136E-02  2.785E+01  3.515E-05   CO
5       4         83.0    576.2679    520.2310    9.273  5.699E-02  8.171E-02  9.541E-05  1.541E-03  4.349E+00  1.072E-05   CO
6       5        116.2    691.4731    433.5562   13.273  3.343E-03  9.901E-03  9.255E-06  9.541E-05  5.270E-01  2.244E-06   CO
7       6        154.9    806.6518    371.6504   15.413  3.196E-04  1.092E-03  8.663E-07  9.255E-06  5.814E-02  3.930E-07   CO
8       7        199.1    921.7997    325.2252   16.901  2.981E-05  1.038E-04  7.166E-08  8.663E-07  5.526E-03  5.574E-08   CO
9       8        248.9   1036.9124    289.1203   18.118  2.462E-06  8.397E-06  5.137E-09  7.166E-08  4.470E-04  6.417E-09   CO
10      9        304.2   1151.9855    260.2398   19.041  1.764E-07  5.658E-07  3.113E-10  5.137E-09  3.012E-05  5.929E-10   CO
11      10       365.0   1267.0145    236.6133   19.813  1.069E-08  3.168E-08  1.584E-11  3.113E-10  1.686E-06  4.417E-11   CO
12      11       431.3   1381.9951    216.9273   20.579  5.430E-10  1.494E-09  6.859E-13  1.584E-11  7.953E-08  2.703E-12   CO
13      12       503.1   1496.9229    200.2725   21.638  2.340E-11  6.304E-11  2.678E-14  6.859E-13  3.355E-09  1.449E-13   CO
14      13       580.5   1611.7935    185.9993   22.025  9.119E-13  2.169E-12  8.581E-16  2.678E-14  1.155E-10  6.226E-15   CO
15      14       663.4   1726.6025    173.6314   21.794  2.920E-14  5.525E-14  2.049E-17  8.581E-16  2.940E-12  1.949E-16   CO
16      15       751.7   1841.3455    162.8116   22.642  6.920E-16  1.212E-15  4.480E-19  2.049E-17  6.453E-14  5.188E-18   CO
1       0         23.6    492.1607    609.1354   11.558  4.112E-02  1.415E-01  2.696E-01  6.936E-01  7.531E+00  1.156E-05   [CI]
2       1         62.5    809.3420    370.4151   15.519  7.084E-03  2.444E-02  3.678E-02  2.696E-01  1.301E+00  8.883E-06   [CI]
2       0         62.5   1301.5026    230.3433   13.739  9.677E-10  6.479E-10  3.678E-02  6.936E-01  3.448E-08  9.791E-13   [CI]
1       0          4.2     88.6316   3382.4556    2.729  3.809E-01  9.783E-04  3.761E-01  5.958E-01  5.207E-02  4.669E-10   HCN
2       1         12.8    177.2611   1691.2478    2.729  1.940E-01  2.902E-04  2.775E-02  3.761E-01  1.544E-02  1.108E-09   HCN
3       2         25.5    265.8864   1127.5207    2.742  1.336E-02  4.505E-05  3.700E-04  2.775E-02  2.398E-03  5.804E-10   HCN
4       3         42.5    354.5055    845.6638    3.156  1.704E-04  7.624E-06  2.168E-06  3.700E-04  4.058E-04  2.328E-10   HCN
5       4         63.8    443.1161    676.5550    7.781  9.119E-07  1.341E-06  1.723E-07  2.168E-06  7.136E-05  7.996E-11   HCN
6       5         89.3    531.7163    563.8203   12.608  6.605E-08  2.565E-07  2.691E-08  1.723E-07  1.365E-05  2.643E-11   HCN
