      LINE         E_UP       FREQ        WAVEL     T_EX      TAU        T_R       POP        POP       FLUX        FLUX   SPECIES
                   (K)        (GHz)       (um)      (K)                  (K)        UP        LOW      (K*km/s) (erg/cm2/s)   SPECIES
1       0          5.5    115.2712   2600.7576    4.999  4.316E+02  1.896E+00  4.548E-01  4.585E-01  1.009E+02  1.991E-06   CO
2       1         16.6    230.5380   1300.4037    4.996  3.796E+02  1.162E+00  8.276E-02  4.548E-01  6.184E+01  9.758E-06   CO
3       2         33.2    345.7960    866.9634    4.918  6.736E+01  5.506E-01  3.967E-03  8.276E-02  2.931E+01  1.561E-05   CO
4       3         55.3    461.0408    650.2515    3.910  3.167E+00  6.787E-02  1.779E-05  3.967E-03  3.613E+00  4.559E-06   CO
5       4         83.0    576.2679    520.2310    3.813  1.382E-02  2.542E-04  1.540E-08  1.779E-05  1.353E-02  3.334E-08   CO
6       5        116.2    691.4731    433.5562    4.183  1.172E-05  1.375E-07  6.524E-12  1.540E-08  7.319E-06  3.116E-11   CO
7       6        154.9    806.6518    371.6504    4.379  4.892E-09  2.727E-11  1.089E-15  6.524E-12  1.451E-09  9.810E-15   CO
8       7        199.1    921.7997    325.2252    5.936  8.059E-13  2.069E-14  3.101E-19  1.089E-15  1.101E-12  1.111E-17   CO
9       8        248.9   1036.9124    289.1203   90.127  7.711E-19  0.000E+00  2.014E-19  3.101E-19  0.000E+00  0.000E+00   CO
10      9        304.2   1151.9855    260.2398  134.548  6.905E-19  0.000E+00  1.491E-19  2.014E-19  0.000E+00  0.000E+00   CO
11      10       365.0   1267.0145    236.6133  163.023  6.250E-19  0.000E+00  1.139E-19  1.491E-19  0.000E+00  0.000E+00   CO
12      11       431.3   1381.9951    216.9273  195.226  5.698E-19  0.000E+00  8.942E-20  1.139E-19  0.000E+00  0.000E+00   CO
13      12       503.1   1496.9229    200.2725  229.905  5.231E-19  0.000E+00  7.184E-20  8.942E-20  0.000E+00  0.000E+00   CO
14      13       580.5   1611.7935    185.9993  267.846  4.830E-19  0.000E+00  5.892E-20  7.184E-20  0.000E+00  0.000E+00   CO
15      14       663.4   1726.6025    173.6314  309.197  4.480E-19  0.000E+00  4.921E-20  5.892E-20  0.000E+00  0.000E+00   CO
16      15       751.7   1841.3455    162.8116  353.241  4.172E-19  0.000E+00  4.176E-20  4.921E-20  0.000E+00  0.000E+00   CO
1       0         23.6    492.1607    609.1354    4.878  1.317E+00  1.346E-01  2.312E-02  9.769E-01  7.164E+00  1.100E-05   [CI]
2       1         62.5    809.3420    370.4151    4.865  1.320E-02  1.733E-04  1.313E-05  2.312E-02  9.222E-03  6.296E-08   [CI]
2       0         62.5   1301.5026    230.3433    4.870  2.748E-08  4.615E-12  1.313E-05  9.769E-01  2.456E-10  6.974E-15   [CI]
1       0          4.2     88.6316   3382.4556    2.776  7.464E+00  4.184E-02  3.819E-01  5.893E-01  2.227E+00  1.997E-08   HCN
2       1         12.8    177.2611   1691.2478    2.738  3.930E+00  5.567E-03  2.845E-02  3.819E-01  2.963E-01  2.126E-08   HCN
3       2         25.5    265.8864   1127.5207    2.731  2.733E-01  2.618E-04  3.722E-04  2.845E-02  1.394E-02  3.373E-09   HCN
4       3         42.5    354.5055    845.6638    2.737  3.431E-03  3.062E-06  9.559E-07  3.722E-04  1.630E-04  9.352E-11   HCN
5       4         63.8    443.1161    676.5550    2.793  8.579E-06  1.560E-08  5.772E-10  9.559E-07  8.301E-07  9.301E-13   HCN
6       5         89.3    531.7163    563.8203    3.235  5.087E-09  3.761E-11  2.562E-13  5.772E-10  2.002E-09  3.876E-15   HCN
