      LINE         E_UP       FREQ        WAVEL     T_EX      TAU        T_R       POP        POP       FLUX        FLUX   SPECIES
                   (K)        (GHz)       (um)      (K)                  (K)        UP        LOW      (K*km/s) (erg/cm2/s)   SPECIES
1       0          5.5    115.2712   2600.7576  379.994  7.393E+01  3.764E+02  2.145E-02  7.256E-03  2.003E+04  3.952E-04   CO
2       1         16.6    230.5380   1300.4037  379.995  2.891E+02  3.743E+02  3.473E-02  2.145E-02  1.992E+04  3.144E-03   CO
3       2         33.2    345.7960    866.9634  379.995  6.269E+02  3.717E+02  4.655E-02  3.473E-02  1.978E+04  1.054E-02   CO
4       3         55.3    461.0408    650.2515  379.995  1.057E+03  3.690E+02  5.646E-02  4.655E-02  1.964E+04  2.479E-02   CO
5       4         83.0    576.2679    520.2310  379.994  1.544E+03  3.663E+02  6.416E-02  5.646E-02  1.950E+04  4.805E-02   CO
6       5        116.2    691.4731    433.5562  379.994  2.048E+03  3.636E+02  6.949E-02  6.416E-02  1.935E+04  8.241E-02   CO
7       6        154.9    806.6518    371.6504  379.993  2.530E+03  3.610E+02  7.241E-02  6.949E-02  1.921E+04  1.299E-01   CO
8       7        199.1    921.7997    325.2252  379.993  2.954E+03  3.583E+02  7.305E-02  7.241E-02  1.907E+04  1.924E-01   CO
9       8        248.9   1036.9124    289.1203  379.992  3.292E+03  3.557E+02  7.162E-02  7.305E-02  1.893E+04  2.718E-01   CO
10      9        304.2   1151.9855    260.2398  379.990  3.524E+03  3.530E+02  6.844E-02  7.162E-02  1.879E+04  3.699E-01   CO
11      10       365.0   1267.0145    236.6133  379.989  3.646E+03  3.504E+02  6.387E-02  6.844E-02  1.865E+04  4.885E-01   CO
12      11       431.3   1381.9951    216.9273  379.987  3.652E+03  3.478E+02  5.831E-02  6.387E-02  1.851E+04  6.292E-01   CO
13      12       503.1   1496.9229    200.2725  379.985  3.555E+03  3.452E+02  5.213E-02  5.831E-02  1.837E+04  7.937E-01   CO
14      13       580.5   1611.7935    185.9993  379.980  3.370E+03  3.426E+02  4.567E-02  5.213E-02  1.824E+04  9.834E-01   CO
15      14       663.4   1726.6025    173.6314  379.975  3.115E+03  3.400E+02  3.926E-02  4.567E-02  1.810E+04  1.200E+00   CO
16      15       751.7   1841.3455    162.8116  379.969  2.811E+03  3.375E+02  3.312E-02  3.926E-02  1.796E+04  1.444E+00   CO
1       0         23.6    492.1607    609.1354  379.947  5.093E+00  3.660E+02  3.497E-01  1.241E-01  1.948E+04  2.991E-02   [CI]
2       1         62.5    809.3420    370.4151  379.820  9.729E+00  3.607E+02  5.262E-01  3.497E-01  1.920E+04  1.311E-01   [CI]
2       0         62.5   1301.5026    230.3433  379.868  2.652E-07  9.269E-05  5.262E-01  1.241E-01  4.934E-03  1.401E-07   [CI]
1       0          4.2     88.6316   3382.4556    2.724  1.044E+01 -8.650E-04  7.980E-03  5.619E-03 -4.604E-02 -4.128E-10   HCN
2       1         12.8    177.2611   1691.2478   -5.643  2.159E-17  0.000E+00  2.770E-02  7.980E-03  0.000E+00  0.000E+00   HCN
3       2         25.5    265.8864   1127.5207    1.715 -4.640E+01  1.588E+19  1.368E-02  2.770E-02  8.453E+20  2.046E+14   HCN
4       3         42.5    354.5055    845.6638  -27.354 -2.319E+01  4.346E+11  6.088E-02  1.368E-02  2.313E+13  1.327E+07   HCN
5       4         63.8    443.1161    676.5550   -3.896 -2.405E+02  6.126+105  4.344E-02  6.088E-02  3.260+107  3.653+101   HCN
6       5         89.3    531.7163    563.8203    0.277  4.160E+02 -2.191E-03  1.956E-02  4.344E-02 -1.166E-01 -2.258E-07   HCN
