      LINE         E_UP       FREQ        WAVEL     T_EX      TAU        T_R       POP        POP       FLUX        FLUX   SPECIES
                   (K)        (GHz)       (um)      (K)                  (K)        UP        LOW      (K*km/s) (erg/cm2/s)   SPECIES
1       0          5.5    115.2712   2600.7576  129.994  1.238E+02  1.264E+02  6.074E-02  2.113E-02  6.728E+03  1.327E-04   CO
2       1         16.6    230.5380   1300.4037  129.994  4.644E+02  1.243E+02  9.298E-02  6.074E-02  6.618E+03  1.044E-03   CO
3       2         33.2    345.7960    866.9634  129.994  9.392E+02  1.218E+02  1.146E-01  9.298E-02  6.485E+03  3.453E-03   CO
4       3         55.3    461.0408    650.2515  129.993  1.437E+03  1.192E+02  1.243E-01  1.146E-01  6.346E+03  8.010E-03   CO
5       4         83.0    576.2679    520.2310  129.992  1.851E+03  1.167E+02  1.228E-01  1.243E-01  6.209E+03  1.530E-02   CO
6       5        116.2    691.4731    433.5562  129.990  2.106E+03  1.141E+02  1.124E-01  1.228E-01  6.073E+03  2.586E-02   CO
7       6        154.9    806.6518    371.6504  129.988  2.171E+03  1.116E+02  9.628E-02  1.124E-01  5.939E+03  4.015E-02   CO
8       7        199.1    921.7997    325.2252  129.983  2.057E+03  1.091E+02  7.764E-02  9.628E-02  5.808E+03  5.858E-02   CO
9       8        248.9   1036.9124    289.1203  129.976  1.809E+03  1.067E+02  5.917E-02  7.764E-02  5.678E+03  8.152E-02   CO
10      9        304.2   1151.9855    260.2398  129.963  1.487E+03  1.043E+02  4.274E-02  5.917E-02  5.550E+03  1.093E-01   CO
11      10       365.0   1267.0145    236.6133  129.944  1.148E+03  1.019E+02  2.932E-02  4.274E-02  5.424E+03  1.421E-01   CO
12      11       431.3   1381.9951    216.9273  129.909  8.349E+02  9.956E+01  1.912E-02  2.932E-02  5.299E+03  1.801E-01   CO
13      12       503.1   1496.9229    200.2725  129.847  5.739E+02  9.722E+01  1.188E-02  1.912E-02  5.175E+03  2.235E-01   CO
14      13       580.5   1611.7935    185.9993  129.723  3.737E+02  9.487E+01  7.027E-03  1.188E-02  5.049E+03  2.723E-01   CO
15      14       663.4   1726.6025    173.6314  129.478  2.307E+02  9.244E+01  3.961E-03  7.027E-03  4.920E+03  3.261E-01   CO
16      15       751.7   1841.3455    162.8116  128.948  1.353E+02  8.977E+01  2.125E-03  3.961E-03  4.778E+03  3.842E-01   CO
1       0         23.6    492.1607    609.1354  129.961  3.426E+00  1.147E+02  3.795E-01  1.517E-01  6.102E+03  9.369E-03   [CI]
2       1         62.5    809.3420    370.4151  129.768  5.605E+00  1.109E+02  4.688E-01  3.795E-01  5.903E+03  4.030E-02   [CI]
2       0         62.5   1301.5026    230.3433  129.841  1.630E-07  1.648E-05  4.688E-01  1.517E-01  8.771E-04  2.490E-08   [CI]
1       0          4.2     88.6316   3382.4556    0.840  7.562E+01 -1.104E+00  1.069E-01  4.147E-02 -5.874E+01 -5.266E-07   HCN
2       1         12.8    177.2611   1691.2478   -2.596 -1.618E+02  1.782E+71  1.903E-01  1.069E-01  9.485E+72  6.804E+65   HCN
3       2         25.5    265.8864   1127.5207    0.302  3.003E+02 -1.193E-01  1.512E-01  1.903E-01 -6.349E+00 -1.537E-06   HCN
4       3         42.5    354.5055    845.6638   -1.374 -2.327E+02  1.900+102  1.966E-01  1.512E-01  1.011+104  5.802E+97   HCN
5       4         63.8    443.1161    676.5550    3.850  2.678E+02  7.650E-02  1.224E-01  1.966E-01  4.072E+00  4.563E-06   HCN
6       5         89.3    531.7163    563.8203   -9.024 -7.861E+01  3.729E+35  1.098E-01  1.224E-01  1.985E+37  3.842E+31   HCN
