      LINE         E_UP       FREQ        WAVEL     T_EX      TAU        T_R       POP        POP       FLUX        FLUX   SPECIES
                   (K)        (GHz)       (um)      (K)                  (K)        UP        LOW      (K*km/s) (erg/cm2/s)   SPECIES
1       0          5.5    115.2712   2600.7576  204.787  1.602E+01  2.012E+02  3.946E-02  1.351E-02  1.071E+04  2.112E-04   CO
2       1         16.6    230.5380   1300.4037  204.778  6.150E+01  1.991E+02  6.231E-02  3.946E-02  1.060E+04  1.672E-03   CO
3       2         33.2    345.7960    866.9634  204.772  1.293E+02  1.965E+02  8.044E-02  6.231E-02  1.046E+04  5.571E-03   CO
4       3         55.3    461.0408    650.2515  204.759  2.088E+02  1.939E+02  9.283E-02  8.044E-02  1.032E+04  1.302E-02   CO
5       4         83.0    576.2679    520.2310  204.733  2.884E+02  1.912E+02  9.912E-02  9.283E-02  1.018E+04  2.508E-02   CO
6       5        116.2    691.4731    433.5562  204.699  3.572E+02  1.886E+02  9.961E-02  9.912E-02  1.004E+04  4.273E-02   CO
7       6        154.9    806.6518    371.6504  204.644  4.072E+02  1.859E+02  9.513E-02  9.961E-02  9.894E+03  6.688E-02   CO
8       7        199.1    921.7997    325.2252  204.568  4.332E+02  1.832E+02  8.684E-02  9.513E-02  9.753E+03  9.838E-02   CO
9       8        248.9   1036.9124    289.1203  204.461  4.346E+02  1.806E+02  7.609E-02  8.684E-02  9.612E+03  1.380E-01   CO
10      9        304.2   1151.9855    260.2398  204.293  4.137E+02  1.779E+02  6.416E-02  7.609E-02  9.468E+03  1.864E-01   CO
11      10       365.0   1267.0145    236.6133  204.078  3.758E+02  1.752E+02  5.217E-02  6.416E-02  9.324E+03  2.442E-01   CO
12      11       431.3   1381.9951    216.9273  203.749  3.265E+02  1.724E+02  4.095E-02  5.217E-02  9.175E+03  3.119E-01   CO
13      12       503.1   1496.9229    200.2725  203.276  2.722E+02  1.695E+02  3.106E-02  4.095E-02  9.020E+03  3.896E-01   CO
14      13       580.5   1611.7935    185.9993  202.429  2.185E+02  1.662E+02  2.276E-02  3.106E-02  8.847E+03  4.770E-01   CO
15      14       663.4   1726.6025    173.6314  201.167  1.688E+02  1.626E+02  1.612E-02  2.276E-02  8.653E+03  5.736E-01   CO
16      15       751.7   1841.3455    162.8116  198.918  1.259E+02  1.580E+02  1.100E-02  1.612E-02  8.409E+03  6.761E-01   CO
1       0         23.6    492.1607    609.1354  205.915  6.339E-01  9.124E+01  3.641E-01  1.361E-01  4.856E+03  7.455E-03   [CI]
2       1         62.5    809.3420    370.4151  200.344  1.159E+00  1.246E+02  4.998E-01  3.641E-01  6.629E+03  4.526E-02   [CI]
2       0         62.5   1301.5026    230.3433  202.415  3.215E-08  5.555E-06  4.998E-01  1.361E-01  2.957E-04  8.395E-09   [CI]
1       0          4.2     88.6316   3382.4556   52.752  2.459E+00  4.529E+01  1.719E-01  6.213E-02  2.411E+03  2.161E-05   HCN
2       1         12.8    177.2611   1691.2478   40.772  1.103E+01  3.627E+01  2.326E-01  1.719E-01  1.931E+03  1.385E-04   HCN
3       2         25.5    265.8864   1127.5207   36.794  2.090E+01  3.066E+01  2.302E-01  2.326E-01  1.632E+03  3.951E-04   HCN
4       3         42.5    354.5055    845.6638   31.576  2.800E+01  2.380E+01  1.727E-01  2.302E-01  1.267E+03  7.267E-04   HCN
5       4         63.8    443.1161    676.5550   25.750  2.755E+01  1.656E+01  9.242E-02  1.727E-01  8.812E+02  9.874E-04   HCN
6       5         89.3    531.7163    563.8203   20.290  1.843E+01  1.014E+01  3.105E-02  9.242E-02  5.394E+02  1.044E-03   HCN
