      LINE         E_UP       FREQ        WAVEL     T_EX      TAU        T_R       POP        POP       FLUX        FLUX   SPECIES
                   (K)        (GHz)       (um)      (K)                  (K)        UP        LOW      (K*km/s) (erg/cm2/s)   SPECIES
1       0          5.5    115.2712   2600.7576  555.547  6.499E-01  2.638E+02  2.764E-02  9.304E-03  1.404E+04  2.769E-04   CO
2       1         16.6    230.5380   1300.4037  327.514  4.311E+00  3.175E+02  4.453E-02  2.764E-02  1.690E+04  2.667E-03   CO
3       2         33.2    345.7960    866.9634  323.890  9.395E+00  3.156E+02  5.923E-02  4.453E-02  1.680E+04  8.945E-03   CO
4       3         55.3    461.0408    650.2515  323.092  1.574E+01  3.121E+02  7.111E-02  5.923E-02  1.661E+04  2.097E-02   CO
5       4         83.0    576.2679    520.2310  321.248  2.286E+01  3.076E+02  7.974E-02  7.111E-02  1.637E+04  4.035E-02   CO
6       5        116.2    691.4731    433.5562  319.118  3.006E+01  3.028E+02  8.494E-02  7.974E-02  1.612E+04  6.862E-02   CO
7       6        154.9    806.6518    371.6504  315.384  3.688E+01  2.964E+02  8.668E-02  8.494E-02  1.578E+04  1.066E-01   CO
8       7        199.1    921.7997    325.2252  310.607  4.271E+01  2.890E+02  8.520E-02  8.668E-02  1.538E+04  1.552E-01   CO
9       8        248.9   1036.9124    289.1203  303.789  4.726E+01  2.796E+02  8.083E-02  8.520E-02  1.488E+04  2.137E-01   CO
10      9        304.2   1151.9855    260.2398  295.024  5.020E+01  2.682E+02  7.407E-02  8.083E-02  1.428E+04  2.811E-01   CO
11      10       365.0   1267.0145    236.6133  284.739  5.131E+01  2.554E+02  6.553E-02  7.407E-02  1.359E+04  3.561E-01   CO
12      11       431.3   1381.9951    216.9273  270.844  5.081E+01  2.390E+02  5.576E-02  6.553E-02  1.272E+04  4.325E-01   CO
13      12       503.1   1496.9229    200.2725  253.922  4.863E+01  2.197E+02  4.538E-02  5.576E-02  1.169E+04  5.051E-01   CO
14      13       580.5   1611.7935    185.9993  227.209  4.596E+01  1.907E+02  3.468E-02  4.538E-02  1.015E+04  5.474E-01   CO
15      14       663.4   1726.6025    173.6314  198.366  4.121E+01  1.598E+02  2.441E-02  3.468E-02  8.506E+03  5.638E-01   CO
16      15       751.7   1841.3455    162.8116  155.528  3.651E+01  1.155E+02  1.472E-02  2.441E-02  6.148E+03  4.943E-01   CO
1       0         23.6    492.1607    609.1354  397.295  4.972E-02  1.870E+01  3.575E-01  1.265E-01  9.955E+02  1.528E-03   [CI]
2       1         62.5    809.3420    370.4151  269.994  1.371E-01  3.216E+01  5.160E-01  3.575E-01  1.712E+03  1.169E-02   [CI]
2       0         62.5   1301.5026    230.3433  307.218  3.281E-09  9.090E-07  5.160E-01  1.265E-01  4.838E-05  1.374E-09   [CI]
1       0          4.2     88.6316   3382.4556   11.391  5.093E+00  8.214E+00  4.167E-01  2.018E-01  4.372E+02  3.920E-06   HCN
2       1         12.8    177.2611   1691.2478    9.596  1.323E+01  5.570E+00  2.862E-01  4.167E-01  2.965E+02  2.127E-05   HCN
3       2         25.5    265.8864   1127.5207    8.059  1.105E+01  3.177E+00  8.225E-02  2.862E-01  1.691E+02  4.093E-05   HCN
4       3         42.5    354.5055    845.6638    7.265  3.440E+00  1.720E+00  1.017E-02  8.225E-02  9.153E+01  5.252E-05   HCN
5       4         63.8    443.1161    676.5550   10.498  3.971E-01  1.056E+00  1.639E-03  1.017E-02  5.621E+01  6.298E-05   HCN
6       5         89.3    531.7163    563.8203   22.268  4.938E-02  5.730E-01  6.159E-04  1.639E-03  3.050E+01  5.905E-05   HCN
