      LINE         E_UP       FREQ        WAVEL     T_EX      TAU        T_R       POP        POP       FLUX        FLUX   SPECIES
                   (K)        (GHz)       (um)      (K)                  (K)        UP        LOW      (K*km/s) (erg/cm2/s)   SPECIES
1       0          5.5    115.2712   2600.7576  229.999  2.525E+02  2.264E+02  3.506E-02  1.197E-02  1.205E+04  2.377E-04   CO
2       1         16.6    230.5380   1300.4037  229.999  9.737E+02  2.243E+02  5.570E-02  3.506E-02  1.194E+04  1.884E-03   CO
3       2         33.2    345.7960    866.9634  229.999  2.062E+03  2.218E+02  7.255E-02  5.570E-02  1.180E+04  6.285E-03   CO
4       3         55.3    461.0408    650.2515  229.999  3.364E+03  2.191E+02  8.472E-02  7.255E-02  1.166E+04  1.472E-02   CO
5       4         83.0    576.2679    520.2310  229.999  4.708E+03  2.164E+02  9.181E-02  8.472E-02  1.152E+04  2.839E-02   CO
6       5        116.2    691.4731    433.5562  229.999  5.927E+03  2.138E+02  9.393E-02  9.181E-02  1.138E+04  4.845E-02   CO
7       6        154.9    806.6518    371.6504  229.999  6.885E+03  2.112E+02  9.159E-02  9.393E-02  1.124E+04  7.598E-02   CO
8       7        199.1    921.7997    325.2252  229.999  7.488E+03  2.086E+02  8.564E-02  9.159E-02  1.110E+04  1.120E-01   CO
9       8        248.9   1036.9124    289.1203  229.998  7.701E+03  2.060E+02  7.709E-02  8.564E-02  1.097E+04  1.574E-01   CO
10      9        304.2   1151.9855    260.2398  229.998  7.536E+03  2.035E+02  6.700E-02  7.709E-02  1.083E+04  2.132E-01   CO
11      10       365.0   1267.0145    236.6133  229.997  7.059E+03  2.009E+02  5.633E-02  6.700E-02  1.069E+04  2.801E-01   CO
12      11       431.3   1381.9951    216.9273  229.996  6.342E+03  1.984E+02  4.589E-02  5.633E-02  1.056E+04  3.590E-01   CO
13      12       503.1   1496.9229    200.2725  229.995  5.486E+03  1.959E+02  3.627E-02  4.589E-02  1.043E+04  4.505E-01   CO
14      13       580.5   1611.7935    185.9993  229.993  4.578E+03  1.935E+02  2.783E-02  3.627E-02  1.030E+04  5.553E-01   CO
15      14       663.4   1726.6025    173.6314  229.990  3.688E+03  1.910E+02  2.075E-02  2.783E-02  1.017E+04  6.740E-01   CO
16      15       751.7   1841.3455    162.8116  229.985  2.875E+03  1.886E+02  1.504E-02  2.075E-02  1.004E+04  8.072E-01   CO
1       0         23.6    492.1607    609.1354  229.990  1.113E+01  2.184E+02  3.601E-01  1.330E-01  1.162E+04  1.784E-02   [CI]
2       1         62.5    809.3420    370.4151  229.971  2.016E+01  2.111E+02  5.069E-01  3.601E-01  1.124E+04  7.671E-02   [CI]
2       0         62.5   1301.5026    230.3433  229.978  5.616E-07  1.124E-04  5.069E-01  1.330E-01  5.983E-03  1.699E-07   [CI]
1       0          4.2     88.6316   3382.4556  637.923  6.840E+00  6.340E+02  3.033E-02  1.051E-02  3.374E+04  3.026E-04   HCN
2       1         12.8    177.2611   1691.2478 -973.106 -1.136E+00  2.066E+03  4.930E-02  3.033E-02  1.100E+05  7.887E-03   HCN
3       2         25.5    265.8864   1127.5207  149.741  3.398E+01  1.433E+02  6.296E-02  4.930E-02  7.629E+03  1.847E-03   HCN
4       3         42.5    354.5055    845.6638  282.721  1.759E+01  2.743E+02  7.533E-02  6.296E-02  1.460E+04  8.376E-03   HCN
5       4         63.8    443.1161    676.5550   72.375  1.148E+02  6.225E+01  6.876E-02  7.533E-02  3.313E+03  3.713E-03   HCN
6       5         89.3    531.7163    563.8203  -99.684 -1.165E+02  4.666E+52  1.048E-01  6.876E-02  2.484E+54  4.808E+48   HCN
