      LINE         E_UP       FREQ        WAVEL     T_EX      TAU        T_R       POP        POP       FLUX        FLUX   SPECIES
                   (K)        (GHz)       (um)      (K)                  (K)        UP        LOW      (K*km/s) (erg/cm2/s)   SPECIES
1       0          5.5    115.2712   2600.7576  254.972  4.109E+01  2.514E+02  3.174E-02  1.081E-02  1.338E+04  2.639E-04   CO
2       1         16.6    230.5380   1300.4037  254.974  1.590E+02  2.493E+02  5.065E-02  3.174E-02  1.327E+04  2.094E-03   CO
3       2         33.2    345.7960    866.9634  254.973  3.387E+02  2.467E+02  6.644E-02  5.065E-02  1.313E+04  6.993E-03   CO
4       3         55.3    461.0408    650.2515  254.972  5.571E+02  2.441E+02  7.833E-02  6.644E-02  1.299E+04  1.639E-02   CO
5       4         83.0    576.2679    520.2310  254.969  7.880E+02  2.414E+02  8.589E-02  7.833E-02  1.285E+04  3.166E-02   CO
6       5        116.2    691.4731    433.5562  254.967  1.005E+03  2.387E+02  8.912E-02  8.589E-02  1.271E+04  5.410E-02   CO
7       6        154.9    806.6518    371.6504  254.962  1.185E+03  2.361E+02  8.835E-02  8.912E-02  1.257E+04  8.494E-02   CO
8       7        199.1    921.7997    325.2252  254.955  1.312E+03  2.335E+02  8.418E-02  8.835E-02  1.243E+04  1.254E-01   CO
9       8        248.9   1036.9124    289.1203  254.946  1.377E+03  2.309E+02  7.740E-02  8.418E-02  1.229E+04  1.764E-01   CO
10      9        304.2   1151.9855    260.2398  254.932  1.377E+03  2.283E+02  6.887E-02  7.740E-02  1.215E+04  2.392E-01   CO
11      10       365.0   1267.0145    236.6133  254.916  1.322E+03  2.257E+02  5.942E-02  6.887E-02  1.201E+04  3.147E-01   CO
12      11       431.3   1381.9951    216.9273  254.893  1.221E+03  2.232E+02  4.979E-02  5.942E-02  1.188E+04  4.038E-01   CO
13      12       503.1   1496.9229    200.2725  254.865  1.087E+03  2.206E+02  4.056E-02  4.979E-02  1.174E+04  5.073E-01   CO
14      13       580.5   1611.7935    185.9993  254.810  9.365E+02  2.181E+02  3.216E-02  4.056E-02  1.161E+04  6.259E-01   CO
15      14       663.4   1726.6025    173.6314  254.738  7.807E+02  2.155E+02  2.483E-02  3.216E-02  1.147E+04  7.605E-01   CO
16      15       751.7   1841.3455    162.8116  254.626  6.311E+02  2.130E+02  1.868E-02  2.483E-02  1.134E+04  9.115E-01   CO
1       0         23.6    492.1607    609.1354  254.975  1.980E+00  2.097E+02  3.576E-01  1.308E-01  1.116E+04  1.714E-02   [CI]
2       1         62.5    809.3420    370.4151  254.104  3.644E+00  2.290E+02  5.116E-01  3.576E-01  1.219E+04  8.323E-02   [CI]
2       0         62.5   1301.5026    230.3433  254.433  1.008E-07  2.264E-05  5.116E-01  1.308E-01  1.205E-03  3.421E-08   [CI]
1       0          4.2     88.6316   3382.4556    0.889  5.503E+01 -1.095E+00  6.446E-02  2.389E-02 -5.828E+01 -5.225E-07   HCN
2       1         12.8    177.2611   1691.2478   -2.343 -1.381E+02  8.909E+60  1.248E-01  6.446E-02  4.742E+62  3.401E+55   HCN
3       2         25.5    265.8864   1127.5207    0.409  2.488E+02 -1.193E-01  1.109E-01  1.248E-01 -6.349E+00 -1.537E-06   HCN
4       3         42.5    354.5055    845.6638   -1.641 -2.623E+02  1.383+115  1.729E-01  1.109E-01  7.362+116  4.224+110   HCN
5       4         63.8    443.1161    676.5550    0.614  3.316E+02 -8.693E-03  1.211E-01  1.729E-01 -4.627E-01 -5.185E-07   HCN
6       5         89.3    531.7163    563.8203   -1.239 -2.402E+02  5.300+105  1.507E-01  1.211E-01  2.821+107  5.462+101   HCN
