      LINE         E_UP       FREQ        WAVEL     T_EX      TAU        T_R       POP        POP       FLUX        FLUX   SPECIES
                   (K)        (GHz)       (um)      (K)                  (K)        UP        LOW      (K*km/s) (erg/cm2/s)   SPECIES
1       0          5.5    115.2712   2600.7576   14.264 -4.469E+01 -2.773E+20  7.218E-02  2.146E-02 -1.476E+22 -2.911E+14   CO
2       1         16.6    230.5380   1300.4037   -1.776  1.423E+02 -1.128E+01  7.016E-02  7.218E-02 -6.004E+02 -9.474E-05   CO
3       2         33.2    345.7960    866.9634   -3.744 -1.570E+02  2.481E+69  1.231E-01  7.016E-02  1.320E+71  7.031E+64   CO
4       3         55.3    461.0408    650.2515   -0.975  2.147E+02 -2.213E+01  9.141E-02  1.231E-01 -1.178E+03 -1.487E-03   CO
5       4         83.0    576.2679    520.2310    0.078 -1.897E+02  2.661E+79  1.383E-01  9.141E-02  1.416E+81  3.490E+75   CO
6       5        116.2    691.4731    433.5562   -1.462  2.272E+02 -3.319E+01  9.125E-02  1.383E-01 -1.766E+03 -7.521E-03   CO
7       6        154.9    806.6518    371.6504   29.606 -1.743E+02 -6.953E+76  1.189E-01  9.125E-02 -3.701E+78 -2.501E+73   CO
8       7        199.1    921.7997    325.2252   -6.227  1.982E+02 -4.428E+01  6.761E-02  1.189E-01 -2.357E+03 -2.377E-02   CO
9       8        248.9   1036.9124    289.1203   87.356 -6.233E+01 -7.588E+28  7.655E-02  6.761E-02 -4.039E+30 -5.798E+25   CO
10      9        304.2   1151.9855    260.2398  133.909  2.637E+01  1.082E+02  5.667E-02  7.655E-02  5.757E+03  1.133E-01   CO
11      10       365.0   1267.0145    236.6133  120.855  1.988E+01  9.299E+01  3.767E-02  5.667E-02  4.949E+03  1.296E-01   CO
12      11       431.3   1381.9951    216.9273  105.926  1.304E+01  7.620E+01  2.146E-02  3.767E-02  4.056E+03  1.379E-01   CO
13      12       503.1   1496.9229    200.2725   77.530  1.125E+01  4.708E+01  9.298E-03  2.146E-02  2.506E+03  1.082E-01   CO
14      13       580.5   1611.7935    185.9993   63.964  4.931E+00  3.266E+01  2.928E-03  9.298E-03  1.738E+03  9.374E-02   CO
15      14       663.4   1726.6025    173.6314   54.058  1.862E+00  1.927E+01  6.759E-04  2.928E-03  1.026E+03  6.800E-02   CO
16      15       751.7   1841.3455    162.8116   72.222  3.689E-01  1.136E+01  2.100E-04  6.759E-04  6.047E+02  4.862E-02   CO
1       0         23.6    492.1607    609.1354  754.492  6.725E-03  4.978E+00  3.708E-01  1.275E-01  2.650E+02  4.068E-04   [CI]
2       1         62.5    809.3420    370.4151  186.399  5.013E-02  8.198E+00  5.017E-01  3.708E-01  4.363E+02  2.979E-03   [CI]
2       0         62.5   1301.5026    230.3433  260.597  9.626E-10  2.220E-07  5.017E-01  1.275E-01  1.182E-05  3.355E-10   [CI]
1       0          4.2     88.6316   3382.4556    4.321  5.425E+00  1.401E+00  4.773E-01  4.258E-01  7.456E+01  6.685E-07   HCN
2       1         12.8    177.2611   1691.2478    3.885  5.748E+00  6.777E-01  8.905E-02  4.773E-01  3.607E+01  2.587E-06   HCN
3       2         25.5    265.8864   1127.5207    4.192  1.035E+00  3.346E-01  5.938E-03  8.905E-02  1.781E+01  4.311E-06   HCN
4       3         42.5    354.5055    845.6638    8.820  5.899E-02  1.638E-01  1.109E-03  5.938E-03  8.717E+00  5.002E-06   HCN
5       4         63.8    443.1161    676.5550   18.217  8.634E-03  8.252E-02  4.219E-04  1.109E-03  4.392E+00  4.921E-06   HCN
6       5         89.3    531.7163    563.8203   26.177  2.915E-03  4.499E-02  1.881E-04  4.219E-04  2.394E+00  4.636E-06   HCN
