      LINE         E_UP       FREQ        WAVEL     T_EX      TAU        T_R       POP        POP       FLUX        FLUX   SPECIES
                   (K)        (GHz)       (um)      (K)                  (K)        UP        LOW      (K*km/s) (erg/cm2/s)   SPECIES
1       0          5.5    115.2712   2600.7576   57.960  1.141E+00  3.703E+01  2.431E-01  8.915E-02  1.971E+03  3.888E-05   CO
2       1         16.6    230.5380   1300.4037   33.357  6.431E+00  2.789E+01  2.908E-01  2.431E-01  1.485E+03  2.342E-04   CO
3       2         33.2    345.7960    866.9634   28.582  1.080E+01  2.104E+01  2.278E-01  2.908E-01  1.120E+03  5.965E-04   CO
4       3         55.3    461.0408    650.2515   23.161  1.123E+01  1.383E+01  1.127E-01  2.278E-01  7.359E+02  9.288E-04   CO
5       4         83.0    576.2679    520.2310   18.213  6.841E+00  7.748E+00  3.017E-02  1.127E-01  4.124E+02  1.016E-03   CO
6       5        116.2    691.4731    433.5562   16.278  1.998E+00  4.294E+00  4.642E-03  3.017E-02  2.285E+02  9.731E-04   CO
7       6        154.9    806.6518    371.6504   23.303  2.820E-01  2.230E+00  1.017E-03  4.642E-03  1.187E+02  8.022E-04   CO
8       7        199.1    921.7997    325.2252   38.355  5.155E-02  1.025E+00  3.637E-04  1.017E-03  5.454E+01  5.502E-04   CO
9       8        248.9   1036.9124    289.1203   47.771  1.724E-02  4.638E-01  1.434E-04  3.637E-04  2.469E+01  3.545E-04   CO
10      9        304.2   1151.9855    260.2398   55.115  6.586E-03  2.102E-01  5.814E-05  1.434E-04  1.119E+01  2.202E-04   CO
11      10       365.0   1267.0145    236.6133   62.733  2.594E-03  9.627E-02  2.416E-05  5.814E-05  5.124E+00  1.342E-04   CO
12      11       431.3   1381.9951    216.9273   69.615  1.057E-03  4.399E-02  1.013E-05  2.416E-05  2.341E+00  7.959E-05   CO
13      12       503.1   1496.9229    200.2725   77.247  4.329E-04  2.026E-02  4.315E-06  1.013E-05  1.079E+00  4.659E-05   CO
14      13       580.5   1611.7935    185.9993   77.766  1.904E-04  8.645E-03  1.714E-06  4.315E-06  4.601E-01  2.481E-05   CO
15      14       663.4   1726.6025    173.6314   79.407  7.710E-05  3.473E-03  6.453E-07  1.714E-06  1.849E-01  1.226E-05   CO
16      15       751.7   1841.3455    162.8116   89.481  2.788E-05  1.462E-03  2.559E-07  6.453E-07  7.783E-02  6.258E-06   CO
1       0         23.6    492.1607    609.1354   52.042  1.248E-02  5.100E-01  4.796E-01  2.517E-01  2.714E+01  4.167E-05   [CI]
2       1         62.5    809.3420    370.4151   35.629  1.818E-02  3.543E-01  2.687E-01  4.796E-01  1.886E+01  1.288E-04   [CI]
2       0         62.5   1301.5026    230.3433   40.454  5.569E-10  9.444E-09  2.687E-01  2.517E-01  5.027E-07  1.427E-11   [CI]
1       0          4.2     88.6316   3382.4556    2.753  7.524E-01  1.195E-02  3.787E-01  5.919E-01  6.358E-01  5.701E-09   HCN
2       1         12.8    177.2611   1691.2478    2.756  3.893E-01  4.622E-03  2.880E-02  3.787E-01  2.460E-01  1.765E-08   HCN
3       2         25.5    265.8864   1127.5207    2.965  2.755E-02  1.510E-03  5.450E-04  2.880E-02  8.037E-02  1.946E-08   HCN
4       3         42.5    354.5055    845.6638    6.605  4.650E-04  6.360E-04  5.332E-05  5.450E-04  3.385E-02  1.942E-08   HCN
5       4         63.8    443.1161    676.5550   16.397  3.478E-05  2.780E-04  1.782E-05  5.332E-05  1.479E-02  1.658E-08   HCN
6       5         89.3    531.7163    563.8203   24.867  1.007E-05  1.436E-04  7.545E-06  1.782E-05  7.641E-03  1.479E-08   HCN
