      LINE         E_UP       FREQ        WAVEL     T_EX      TAU        T_R       POP        POP       FLUX        FLUX   SPECIES
                   (K)        (GHz)       (um)      (K)                  (K)        UP        LOW      (K*km/s) (erg/cm2/s)   SPECIES
1       0          5.5    115.2712   2600.7576  491.035  2.362E+00  4.415E+02  1.770E-02  5.967E-03  2.350E+04  4.635E-04   CO
2       1         16.6    230.5380   1300.4037  475.234  9.587E+00  4.695E+02  2.882E-02  1.770E-02  2.499E+04  3.943E-03   CO
3       2         33.2    345.7960    866.9634  476.124  2.090E+01  4.678E+02  3.897E-02  2.882E-02  2.490E+04  1.326E-02   CO
4       3         55.3    461.0408    650.2515  476.085  3.561E+01  4.651E+02  4.782E-02  3.897E-02  2.475E+04  3.124E-02   CO
5       4         83.0    576.2679    520.2310  475.857  5.273E+01  4.622E+02  5.515E-02  4.782E-02  2.460E+04  6.062E-02   CO
6       5        116.2    691.4731    433.5562  475.775  7.108E+01  4.594E+02  6.079E-02  5.515E-02  2.445E+04  1.041E-01   CO
7       6        154.9    806.6518    371.6504  475.407  8.955E+01  4.563E+02  6.465E-02  6.079E-02  2.429E+04  1.642E-01   CO
8       7        199.1    921.7997    325.2252  475.026  1.070E+02  4.532E+02  6.676E-02  6.465E-02  2.412E+04  2.433E-01   CO
9       8        248.9   1036.9124    289.1203  474.390  1.223E+02  4.499E+02  6.718E-02  6.676E-02  2.395E+04  3.438E-01   CO
10      9        304.2   1151.9855    260.2398  473.565  1.348E+02  4.465E+02  6.607E-02  6.718E-02  2.376E+04  4.678E-01   CO
11      10       365.0   1267.0145    236.6133  472.883  1.439E+02  4.431E+02  6.363E-02  6.607E-02  2.359E+04  6.178E-01   CO
12      11       431.3   1381.9951    216.9273  471.980  1.493E+02  4.396E+02  6.010E-02  6.363E-02  2.340E+04  7.953E-01   CO
13      12       503.1   1496.9229    200.2725  471.142  1.508E+02  4.361E+02  5.573E-02  6.010E-02  2.321E+04  1.003E+00   CO
14      13       580.5   1611.7935    185.9993  469.051  1.491E+02  4.314E+02  5.075E-02  5.573E-02  2.296E+04  1.238E+00   CO
15      14       663.4   1726.6025    173.6314  466.662  1.440E+02  4.265E+02  4.543E-02  5.075E-02  2.270E+04  1.505E+00   CO
16      15       751.7   1841.3455    162.8116  464.120  1.362E+02  4.213E+02  3.997E-02  4.543E-02  2.243E+04  1.803E+00   CO
1       0         23.6    492.1607    609.1354  491.708  1.946E-01  8.487E+01  3.474E-01  1.215E-01  4.517E+03  6.935E-03   [CI]
2       1         62.5    809.3420    370.4151  448.546  4.134E-01  1.454E+02  5.310E-01  3.474E-01  7.738E+03  5.283E-02   [CI]
2       0         62.5   1301.5026    230.3433  463.946  1.082E-08  4.688E-06  5.310E-01  1.215E-01  2.495E-04  7.085E-09   [CI]
1       0          4.2     88.6316   3382.4556   85.132  1.085E+00  5.422E+01  1.565E-01  5.484E-02  2.886E+03  2.587E-05   HCN
2       1         12.8    177.2611   1691.2478   45.577  7.210E+00  4.103E+01  2.164E-01  1.565E-01  2.184E+03  1.567E-04   HCN
3       2         25.5    265.8864   1127.5207   41.212  1.403E+01  3.504E+01  2.223E-01  2.164E-01  1.865E+03  4.515E-04   HCN
4       3         42.5    354.5055    845.6638   36.088  1.938E+01  2.821E+01  1.784E-01  2.223E-01  1.502E+03  8.616E-04   HCN
5       4         63.8    443.1161    676.5550   30.424  2.023E+01  2.101E+01  1.084E-01  1.784E-01  1.118E+03  1.253E-03   HCN
6       5         89.3    531.7163    563.8203   25.003  1.535E+01  1.438E+01  4.616E-02  1.084E-01  7.651E+02  1.481E-03   HCN
