      LINE         E_UP       FREQ        WAVEL     T_EX      TAU        T_R       POP        POP       FLUX        FLUX   SPECIES
                   (K)        (GHz)       (um)      (K)                  (K)        UP        LOW      (K*km/s) (erg/cm2/s)   SPECIES
1       0          5.5    115.2712   2600.7576   25.351  1.638E+00  1.760E+01  3.599E-01  1.492E-01  9.368E+02  1.848E-05   CO
2       1         16.6    230.5380   1300.4037   17.224  6.362E+00  1.207E+01  3.155E-01  3.599E-01  6.422E+02  1.013E-04   CO
3       2         33.2    345.7960    866.9634   14.323  7.263E+00  7.550E+00  1.387E-01  3.155E-01  4.019E+02  2.140E-04   CO
4       3         55.3    461.0408    650.2515   12.214  3.700E+00  4.208E+00  2.913E-02  1.387E-01  2.240E+02  2.827E-04   CO
5       4         83.0    576.2679    520.2310   13.963  7.772E-01  2.391E+00  4.912E-03  2.913E-02  1.273E+02  3.137E-04   CO
6       5        116.2    691.4731    433.5562   25.010  1.094E-01  1.242E+00  1.540E-03  4.912E-03  6.610E+01  2.815E-04   CO
7       6        154.9    806.6518    371.6504   37.591  2.957E-02  6.263E-01  6.346E-04  1.540E-03  3.334E+01  2.253E-04   CO
8       7        199.1    921.7997    325.2252   47.546  1.133E-02  3.246E-01  2.836E-04  6.346E-04  1.727E+01  1.743E-04   CO
9       8        248.9   1036.9124    289.1203   56.308  4.853E-03  1.697E-01  1.310E-04  2.836E-04  9.031E+00  1.297E-04   CO
10      9        304.2   1151.9855    260.2398   65.664  2.152E-03  8.997E-02  6.238E-05  1.310E-04  4.789E+00  9.428E-05   CO
11      10       365.0   1267.0145    236.6133   76.101  9.821E-04  4.879E-02  3.073E-05  6.238E-05  2.597E+00  6.803E-05   CO
12      11       431.3   1381.9951    216.9273   85.188  4.713E-04  2.652E-02  1.533E-05  3.073E-05  1.412E+00  4.798E-05   CO
13      12       503.1   1496.9229    200.2725   94.560  2.294E-04  1.448E-02  7.746E-06  1.533E-05  7.709E-01  3.330E-05   CO
14      13       580.5   1611.7935    185.9993   95.869  1.196E-04  7.455E-03  3.713E-06  7.746E-06  3.968E-01  2.140E-05   CO
15      14       663.4   1726.6025    173.6314  100.125  5.777E-05  3.717E-03  1.735E-06  3.713E-06  1.978E-01  1.311E-05   CO
16      15       751.7   1841.3455    162.8116  113.027  2.579E-05  1.922E-03  8.449E-07  1.735E-06  1.023E-01  8.226E-06   CO
1       0         23.6    492.1607    609.1354   26.560  1.162E-02  1.903E-01  4.494E-01  3.645E-01  1.013E+01  1.555E-05   [CI]
2       1         62.5    809.3420    370.4151   27.892  7.677E-03  9.820E-02  1.861E-01  4.494E-01  5.227E+00  3.568E-05   [CI]
2       0         62.5   1301.5026    230.3433   27.373  3.666E-10  2.604E-09  1.861E-01  3.645E-01  1.386E-07  3.934E-12   [CI]
1       0          4.2     88.6316   3382.4556    2.738  3.015E-01  2.621E-03  3.770E-01  5.943E-01  1.395E-01  1.251E-09   HCN
2       1         12.8    177.2611   1691.2478    2.740  1.544E-01  1.009E-03  2.818E-02  3.770E-01  5.373E-02  3.854E-09   HCN
3       2         25.5    265.8864   1127.5207    2.872  1.075E-02  3.489E-04  4.642E-04  2.818E-02  1.857E-02  4.496E-09   HCN
4       3         42.5    354.5055    845.6638    5.910  1.610E-04  1.578E-04  3.354E-05  4.642E-04  8.399E-03  4.819E-09   HCN
5       4         63.8    443.1161    676.5550   17.552  8.418E-06  7.582E-05  1.221E-05  3.354E-05  4.035E-03  4.522E-09   HCN
6       5         89.3    531.7163    563.8203   26.984  2.619E-06  4.244E-05  5.603E-06  1.221E-05  2.259E-03  4.373E-09   HCN
