      LINE         E_UP       FREQ        WAVEL     T_EX      TAU        T_R       POP        POP       FLUX        FLUX   SPECIES
                   (K)        (GHz)       (um)      (K)                  (K)        UP        LOW      (K*km/s) (erg/cm2/s)   SPECIES
1       0          5.5    115.2712   2600.7576   29.350  1.826E+01  2.583E+01  2.363E-01  9.512E-02  1.375E+03  2.712E-05   CO
2       1         16.6    230.5380   1300.4037   29.296  5.533E+01  2.392E+01  2.700E-01  2.363E-01  1.273E+03  2.009E-04   CO
3       2         33.2    345.7960    866.9634   28.935  7.889E+01  2.139E+01  2.130E-01  2.700E-01  1.138E+03  6.062E-04   CO
4       3         55.3    461.0408    650.2515   27.930  7.417E+01  1.831E+01  1.240E-01  2.130E-01  9.743E+02  1.230E-03   CO
5       4         83.0    576.2679    520.2310   25.062  5.118E+01  1.373E+01  5.028E-02  1.240E-01  7.306E+02  1.801E-03   CO
6       5        116.2    691.4731    433.5562   19.280  2.497E+01  7.227E+00  1.063E-02  5.028E-02  3.847E+02  1.638E-03   CO
7       6        154.9    806.6518    371.6504   13.042  6.005E+00  2.092E+00  6.301E-04  1.063E-02  1.113E+02  7.526E-04   CO
8       7        199.1    921.7997    325.2252   12.231  3.607E-01  3.698E-01  1.918E-05  6.301E-04  1.968E+01  1.985E-04   CO
9       8        248.9   1036.9124    289.1203   17.671  1.049E-02  3.306E-02  1.283E-06  1.918E-05  1.760E+00  2.527E-05   CO
10      9        304.2   1151.9855    260.2398   19.592  6.949E-04  2.429E-03  8.435E-08  1.283E-06  1.293E-01  2.545E-06   CO
11      10       365.0   1267.0145    236.6133   20.585  4.565E-05  1.527E-04  4.816E-09  8.435E-08  8.125E-03  2.128E-07   CO
12      11       431.3   1381.9951    216.9273   21.186  2.606E-06  7.896E-06  2.287E-10  4.816E-09  4.203E-04  1.429E-08   CO
13      12       503.1   1496.9229    200.2725   22.205  1.232E-07  3.626E-07  9.718E-12  2.287E-10  1.930E-05  8.337E-10   CO
14      13       580.5   1611.7935    185.9993   22.365  5.237E-09  1.316E-08  3.285E-13  9.718E-12  7.006E-07  3.778E-11   CO
15      14       663.4   1726.6025    173.6314   22.628  1.765E-10  3.856E-10  9.018E-15  3.285E-13  2.052E-08  1.360E-12   CO
16      15       751.7   1841.3455    162.8116   23.124  4.823E-12  9.541E-12  2.102E-16  9.018E-15  5.078E-10  4.083E-14   CO
1       0         23.6    492.1607    609.1354   26.736  2.357E-01  3.494E+00  4.615E-01  3.722E-01  1.860E+02  2.855E-04   [CI]
2       1         62.5    809.3420    370.4151   25.361  1.641E-01  1.621E+00  1.663E-01  4.615E-01  8.628E+01  5.891E-04   [CI]
2       0         62.5   1301.5026    230.3433   25.864  7.574E-09  4.643E-08  1.663E-01  3.722E-01  2.471E-06  7.016E-11   [CI]
1       0          4.2     88.6316   3382.4556    2.933  5.571E+00  1.717E-01  3.989E-01  5.670E-01  9.138E+00  8.194E-08   HCN
2       1         12.8    177.2611   1691.2478    2.846  3.241E+00  5.595E-02  3.345E-02  3.989E-01  2.978E+00  2.136E-07   HCN
3       2         25.5    265.8864   1127.5207    2.947  2.542E-01  1.144E-02  6.166E-04  3.345E-02  6.091E-01  1.475E-07   HCN
4       3         42.5    354.5055    845.6638    4.713  4.400E-03  1.932E-03  2.145E-05  6.166E-04  1.028E-01  5.899E-08   HCN
5       4         63.8    443.1161    676.5550    9.566  1.364E-04  3.509E-04  2.838E-06  2.145E-05  1.868E-02  2.093E-08   HCN
6       5         89.3    531.7163    563.8203   12.401  1.733E-05  6.473E-05  4.285E-07  2.838E-06  3.445E-03  6.670E-09   HCN
