      LINE         E_UP       FREQ        WAVEL     T_EX      TAU        T_R       POP        POP       FLUX        FLUX   SPECIES
                   (K)        (GHz)       (um)      (K)                  (K)        UP        LOW      (K*km/s) (erg/cm2/s)   SPECIES
1       0          5.5    115.2712   2600.7576 -123.035 -7.694E-01  1.467E+02  7.447E-02  2.373E-02  7.809E+03  1.540E-04   CO
2       1         16.6    230.5380   1300.4037  167.896  2.230E+00  1.448E+02  1.162E-01  7.447E-02  7.707E+03  1.216E-03   CO
3       2         33.2    345.7960    866.9634  138.749  5.534E+00  1.301E+02  1.443E-01  1.162E-01  6.923E+03  3.686E-03   CO
4       3         55.3    461.0408    650.2515  128.742  9.153E+00  1.180E+02  1.563E-01  1.443E-01  6.279E+03  7.925E-03   CO
5       4         83.0    576.2679    520.2310  117.869  1.274E+01  1.046E+02  1.511E-01  1.563E-01  5.566E+03  1.372E-02   CO
6       5        116.2    691.4731    433.5562  105.358  1.558E+01  8.963E+01  1.303E-01  1.511E-01  4.771E+03  2.031E-02   CO
7       6        154.9    806.6518    371.6504   90.623  1.703E+01  7.264E+01  9.807E-02  1.303E-01  3.866E+03  2.613E-02   CO
8       7        199.1    921.7997    325.2252   75.063  1.621E+01  5.510E+01  6.165E-02  9.807E-02  2.933E+03  2.958E-02   CO
9       8        248.9   1036.9124    289.1203   59.781  1.279E+01  3.831E+01  2.997E-02  6.165E-02  2.039E+03  2.928E-02   CO
10      9        304.2   1151.9855    260.2398   46.983  7.534E+00  2.463E+01  1.021E-02  2.997E-02  1.311E+03  2.581E-02   CO
11      10       365.0   1267.0145    236.6133   40.059  2.873E+00  1.610E+01  2.451E-03  1.021E-02  8.570E+02  2.245E-02   CO
12      11       431.3   1381.9951    216.9273   48.124  6.546E-01  1.073E+01  6.715E-04  2.451E-03  5.713E+02  1.942E-02   CO
13      12       503.1   1496.9229    200.2725   77.956  1.431E-01  6.330E+00  2.886E-04  6.715E-04  3.369E+02  1.455E-02   CO
14      13       580.5   1611.7935    185.9993   97.818  5.536E-02  3.457E+00  1.406E-04  2.886E-04  1.840E+02  9.922E-03   CO
15      14       663.4   1726.6025    173.6314  107.205  2.633E-02  1.847E+00  6.936E-05  1.406E-04  9.830E+01  6.516E-03   CO
16      15       751.7   1841.3455    162.8116  120.143  1.246E-02  1.007E+00  3.539E-05  6.936E-05  5.361E+01  4.311E-03   CO
1       0         23.6    492.1607    609.1354  743.105  2.931E-03  2.140E+00  3.997E-01  1.375E-01  1.139E+02  1.749E-04   [CI]
2       1         62.5    809.3420    370.4151  106.688  3.490E-02  3.033E+00  4.628E-01  3.997E-01  1.615E+02  1.102E-03   [CI]
2       0         62.5   1301.5026    230.3433  157.789  6.339E-10  8.153E-08  4.628E-01  1.375E-01  4.339E-06  1.232E-10   [CI]
1       0          4.2     88.6316   3382.4556    3.105  3.276E+00  3.068E-01  4.135E-01  5.423E-01  1.633E+01  1.464E-07   HCN
2       1         12.8    177.2611   1691.2478    3.027  2.098E+00  1.337E-01  4.148E-02  4.135E-01  7.116E+00  5.104E-07   HCN
3       2         25.5    265.8864   1127.5207    3.753  1.948E-01  5.683E-02  1.937E-03  4.148E-02  3.025E+00  7.322E-07   HCN
4       3         42.5    354.5055    845.6638    9.703  7.412E-03  2.607E-02  4.313E-04  1.937E-03  1.388E+00  7.962E-07   HCN
5       4         63.8    443.1161    676.5550   18.198  1.337E-03  1.281E-02  1.639E-04  4.313E-04  6.816E-01  7.637E-07   HCN
6       5         89.3    531.7163    563.8203   26.819  4.443E-04  7.130E-03  7.478E-05  1.639E-04  3.795E-01  7.347E-07   HCN
