      LINE         E_UP       FREQ        WAVEL     T_EX      TAU        T_R       POP        POP       FLUX        FLUX   SPECIES
                   (K)        (GHz)       (um)      (K)                  (K)        UP        LOW      (K*km/s) (erg/cm2/s)   SPECIES
1       0          5.5    115.2712   2600.7576  430.375  4.658E+00  4.227E+02  1.929E-02  6.514E-03  2.250E+04  4.438E-04   CO
2       1         16.6    230.5380   1300.4037  428.728  1.834E+01  4.230E+02  3.134E-02  1.929E-02  2.252E+04  3.553E-03   CO
3       2         33.2    345.7960    866.9634  428.837  3.991E+01  4.206E+02  4.220E-02  3.134E-02  2.238E+04  1.192E-02   CO
4       3         55.3    461.0408    650.2515  428.823  6.770E+01  4.178E+02  5.153E-02  4.220E-02  2.224E+04  2.807E-02   CO
5       4         83.0    576.2679    520.2310  428.745  9.963E+01  4.151E+02  5.905E-02  5.153E-02  2.209E+04  5.445E-02   CO
6       5        116.2    691.4731    433.5562  428.710  1.334E+02  4.123E+02  6.459E-02  5.905E-02  2.195E+04  9.344E-02   CO
7       6        154.9    806.6518    371.6504  428.585  1.666E+02  4.095E+02  6.809E-02  6.459E-02  2.180E+04  1.473E-01   CO
8       7        199.1    921.7997    325.2252  428.459  1.969E+02  4.067E+02  6.960E-02  6.809E-02  2.165E+04  2.184E-01   CO
9       8        248.9   1036.9124    289.1203  428.240  2.227E+02  4.038E+02  6.925E-02  6.960E-02  2.149E+04  3.086E-01   CO
10      9        304.2   1151.9855    260.2398  427.946  2.423E+02  4.009E+02  6.727E-02  6.925E-02  2.134E+04  4.201E-01   CO
11      10       365.0   1267.0145    236.6133  427.700  2.551E+02  3.980E+02  6.391E-02  6.727E-02  2.118E+04  5.549E-01   CO
12      11       431.3   1381.9951    216.9273  427.359  2.605E+02  3.951E+02  5.948E-02  6.391E-02  2.103E+04  7.147E-01   CO
13      12       503.1   1496.9229    200.2725  427.073  2.589E+02  3.922E+02  5.429E-02  5.948E-02  2.087E+04  9.016E-01   CO
14      13       580.5   1611.7935    185.9993  426.279  2.512E+02  3.888E+02  4.864E-02  5.429E-02  2.069E+04  1.116E+00   CO
15      14       663.4   1726.6025    173.6314  425.370  2.380E+02  3.853E+02  4.279E-02  4.864E-02  2.051E+04  1.359E+00   CO
16      15       751.7   1841.3455    162.8116  424.385  2.204E+02  3.817E+02  3.699E-02  4.279E-02  2.032E+04  1.634E+00   CO
1       0         23.6    492.1607    609.1354  434.826  3.509E-01  1.252E+02  3.485E-01  1.226E-01  6.664E+03  1.023E-02   [CI]
2       1         62.5    809.3420    370.4151  414.621  7.084E-01  2.007E+02  5.289E-01  3.485E-01  1.068E+04  7.295E-02   [CI]
2       0         62.5   1301.5026    230.3433  422.037  1.890E-08  7.400E-06  5.289E-01  1.226E-01  3.939E-04  1.118E-08   [CI]
1       0          4.2     88.6316   3382.4556    0.736  3.093E+01 -1.117E+00  1.135E-01  4.555E-02 -5.948E+01 -5.333E-07   HCN
2       1         12.8    177.2611   1691.2478   -2.634 -6.923E+01  1.083E+31  2.086E-01  1.135E-01  5.762E+32  4.133E+25   HCN
3       2         25.5    265.8864   1127.5207    0.576  1.284E+02 -1.193E-01  1.614E-01  2.086E-01 -6.349E+00 -1.537E-06   HCN
4       3         42.5    354.5055    845.6638   -1.378 -8.586E+01  3.298E+38  2.000E-01  1.614E-01  1.755E+40  1.007E+34   HCN
5       4         63.8    443.1161    676.5550    3.577  9.167E+01  4.718E-02  1.252E-01  2.000E-01  2.511E+00  2.814E-06   HCN
6       5         89.3    531.7163    563.8203  -54.931 -7.845E+00  1.753E+05  9.001E-02  1.252E-01  9.332E+06  1.807E+01   HCN
