      LINE         E_UP       FREQ        WAVEL     T_EX      TAU        T_R       POP        POP       FLUX        FLUX   SPECIES
                   (K)        (GHz)       (um)      (K)                  (K)        UP        LOW      (K*km/s) (erg/cm2/s)   SPECIES
1       0          5.5    115.2712   2600.7576 -424.877 -4.557E-01  2.474E+02  2.992E-02  9.843E-03  1.317E+04  2.597E-04   CO
2       1         16.6    230.5380   1300.4037  421.765  1.823E+00  3.489E+02  4.857E-02  2.992E-02  1.857E+04  2.930E-03   CO
3       2         33.2    345.7960    866.9634  353.489  4.716E+00  3.421E+02  6.488E-02  4.857E-02  1.821E+04  9.697E-03   CO
4       3         55.3    461.0408    650.2515  343.331  8.150E+00  3.323E+02  7.821E-02  6.488E-02  1.769E+04  2.232E-02   CO
5       4         83.0    576.2679    520.2310  336.739  1.204E+01  3.231E+02  8.805E-02  7.821E-02  1.720E+04  4.238E-02   CO
6       5        116.2    691.4731    433.5562  329.489  1.614E+01  3.132E+02  9.409E-02  8.805E-02  1.667E+04  7.097E-02   CO
7       6        154.9    806.6518    371.6504  319.192  2.024E+01  3.002E+02  9.617E-02  9.409E-02  1.598E+04  1.080E-01   CO
8       7        199.1    921.7997    325.2252  306.444  2.405E+01  2.849E+02  9.434E-02  9.617E-02  1.516E+04  1.529E-01   CO
9       8        248.9   1036.9124    289.1203  290.440  2.733E+01  2.663E+02  8.883E-02  9.434E-02  1.417E+04  2.035E-01   CO
10      9        304.2   1151.9855    260.2398  271.921  2.977E+01  2.452E+02  8.012E-02  8.883E-02  1.305E+04  2.570E-01   CO
11      10       365.0   1267.0145    236.6133  251.677  3.105E+01  2.225E+02  6.892E-02  8.012E-02  1.184E+04  3.102E-01   CO
12      11       431.3   1381.9951    216.9273  228.715  3.104E+01  1.972E+02  5.605E-02  6.892E-02  1.049E+04  3.567E-01   CO
13      12       503.1   1496.9229    200.2725  202.881  2.965E+01  1.691E+02  4.248E-02  5.605E-02  8.999E+03  3.887E-01   CO
14      13       580.5   1611.7935    185.9993  172.965  2.695E+01  1.372E+02  2.918E-02  4.248E-02  7.300E+03  3.937E-01   CO
15      14       663.4   1726.6025    173.6314  142.366  2.246E+01  1.049E+02  1.743E-02  2.918E-02  5.585E+03  3.702E-01   CO
16      15       751.7   1841.3455    162.8116  114.067  1.625E+01  7.553E+01  8.549E-03  1.743E-02  4.020E+03  3.232E-01   CO
1       0         23.6    492.1607    609.1354  646.256  1.518E-02  9.562E+00  3.585E-01  1.239E-01  5.089E+02  7.813E-04   [CI]
2       1         62.5    809.3420    370.4151  270.886  6.868E-02  1.672E+01  5.176E-01  3.585E-01  8.900E+02  6.076E-03   [CI]
2       0         62.5   1301.5026    230.3433  347.131  1.442E-09  4.570E-07  5.176E-01  1.239E-01  2.432E-05  6.906E-10   [CI]
1       0          4.2     88.6316   3382.4556    6.906  5.564E+00  3.851E+00  4.830E-01  2.981E-01  2.049E+02  1.838E-06   HCN
2       1         12.8    177.2611   1691.2478    5.898  9.979E+00  2.240E+00  1.903E-01  4.830E-01  1.192E+02  8.554E-06   HCN
3       2         25.5    265.8864   1127.5207    5.310  4.214E+00  1.132E+00  2.409E-02  1.903E-01  6.026E+01  1.459E-05   HCN
4       3         42.5    354.5055    845.6638    7.068  5.083E-01  6.579E-01  2.789E-03  2.409E-02  3.502E+01  2.009E-05   HCN
5       4         63.8    443.1161    676.5550   16.168  4.602E-02  3.505E-01  9.150E-04  2.789E-03  1.865E+01  2.090E-05   HCN
6       5         89.3    531.7163    563.8203   25.904  1.269E-02  1.918E-01  4.038E-04  9.150E-04  1.021E+01  1.976E-05   HCN
