      LINE         E_UP       FREQ        WAVEL     T_EX      TAU        T_R       POP        POP       FLUX        FLUX   SPECIES
                   (K)        (GHz)       (um)      (K)                  (K)        UP        LOW      (K*km/s) (erg/cm2/s)   SPECIES
1       0          5.5    115.2712   2600.7576  549.795  6.040E-01  2.476E+02  3.200E-02  1.077E-02  1.318E+04  2.600E-04   CO
2       1         16.6    230.5380   1300.4037  298.153  4.349E+00  2.887E+02  5.139E-02  3.200E-02  1.537E+04  2.424E-03   CO
3       2         33.2    345.7960    866.9634  294.187  9.458E+00  2.859E+02  6.800E-02  5.139E-02  1.522E+04  8.103E-03   CO
4       3         55.3    461.0408    650.2515  292.977  1.578E+01  2.820E+02  8.107E-02  6.800E-02  1.501E+04  1.895E-02   CO
5       4         83.0    576.2679    520.2310  290.665  2.277E+01  2.771E+02  9.009E-02  8.107E-02  1.475E+04  3.634E-02   CO
6       5        116.2    691.4731    433.5562  287.772  2.975E+01  2.715E+02  9.488E-02  9.009E-02  1.445E+04  6.153E-02   CO
7       6        154.9    806.6518    371.6504  283.129  3.620E+01  2.642E+02  9.548E-02  9.488E-02  1.406E+04  9.506E-02   CO
8       7        199.1    921.7997    325.2252  277.070  4.154E+01  2.555E+02  9.224E-02  9.548E-02  1.360E+04  1.372E-01   CO
9       8        248.9   1036.9124    289.1203  268.745  4.547E+01  2.446E+02  8.567E-02  9.224E-02  1.302E+04  1.869E-01   CO
10      9        304.2   1151.9855    260.2398  258.146  4.767E+01  2.315E+02  7.643E-02  8.567E-02  1.232E+04  2.426E-01   CO
11      10       365.0   1267.0145    236.6133  245.579  4.797E+01  2.164E+02  6.535E-02  7.643E-02  1.152E+04  3.017E-01   CO
12      11       431.3   1381.9951    216.9273  229.893  4.644E+01  1.983E+02  5.323E-02  6.535E-02  1.056E+04  3.588E-01   CO
13      12       503.1   1496.9229    200.2725  210.456  4.328E+01  1.766E+02  4.086E-02  5.323E-02  9.398E+03  4.060E-01   CO
14      13       580.5   1611.7935    185.9993  185.544  3.885E+01  1.495E+02  2.893E-02  4.086E-02  7.960E+03  4.292E-01   CO
15      14       663.4   1726.6025    173.6314  157.534  3.271E+01  1.197E+02  1.827E-02  2.893E-02  6.372E+03  4.224E-01   CO
16      15       751.7   1841.3455    162.8116  128.541  2.490E+01  8.938E+01  9.782E-03  1.827E-02  4.757E+03  3.825E-01   CO
1       0         23.6    492.1607    609.1354  376.193  4.216E-02  1.505E+01  3.607E-01  1.280E-01  8.009E+02  1.230E-03   [CI]
2       1         62.5    809.3420    370.4151  239.775  1.226E-01  2.549E+01  5.113E-01  3.607E-01  1.357E+03  9.263E-03   [CI]
2       0         62.5   1301.5026    230.3433  277.880  2.887E-09  7.154E-07  5.113E-01  1.280E-01  3.808E-05  1.081E-09   [CI]
1       0          4.2     88.6316   3382.4556    9.172  5.717E+00  6.058E+00  4.518E-01  2.395E-01  3.225E+02  2.891E-06   HCN
2       1         12.8    177.2611   1691.2478    7.749  1.291E+01  3.866E+00  2.512E-01  4.518E-01  2.058E+02  1.476E-05   HCN
3       2         25.5    265.8864   1127.5207    6.583  8.300E+00  2.025E+00  5.062E-02  2.512E-01  1.078E+02  2.610E-05   HCN
4       3         42.5    354.5055    845.6638    6.604  1.719E+00  1.122E+00  4.950E-03  5.062E-02  5.974E+01  3.428E-05   HCN
5       4         63.8    443.1161    676.5550   12.381  1.451E-01  6.273E-01  1.086E-03  4.950E-03  3.339E+01  3.741E-05   HCN
6       5         89.3    531.7163    563.8203   23.739  2.509E-02  3.276E-01  4.380E-04  1.086E-03  1.744E+01  3.376E-05   HCN
