      LINE         E_UP       FREQ        WAVEL     T_EX      TAU        T_R       POP        POP       FLUX        FLUX   SPECIES
                   (K)        (GHz)       (um)      (K)                  (K)        UP        LOW      (K*km/s) (erg/cm2/s)   SPECIES
1       0          5.5    115.2712   2600.7576   12.590  4.708E+00  9.106E+00  4.571E-01  2.365E-01  4.847E+02  9.560E-06   CO
2       1         16.6    230.5380   1300.4037   10.242  1.126E+01  5.493E+00  2.587E-01  4.571E-01  2.924E+02  4.613E-05   CO
3       2         33.2    345.7960    866.9634    7.949  7.603E+00  2.309E+00  4.489E-02  2.587E-01  1.229E+02  6.545E-05   CO
4       3         55.3    461.0408    650.2515    7.092  1.369E+00  7.571E-01  2.548E-03  4.489E-02  4.030E+01  5.086E-05   CO
5       4         83.0    576.2679    520.2310   11.346  7.198E-02  1.838E-01  2.722E-04  2.548E-03  9.784E+00  2.411E-05   CO
6       5        116.2    691.4731    433.5562   17.075  7.070E-03  3.907E-02  4.606E-05  2.722E-04  2.080E+00  8.855E-06   CO
7       6        154.9    806.6518    371.6504   20.446  1.168E-03  8.010E-03  8.002E-06  4.606E-05  4.264E-01  2.882E-06   CO
8       7        199.1    921.7997    325.2252   23.029  2.014E-04  1.528E-03  1.328E-06  8.002E-06  8.134E-02  8.205E-07   CO
9       8        248.9   1036.9124    289.1203   25.258  3.333E-05  2.687E-04  2.070E-07  1.328E-06  1.430E-02  2.054E-07   CO
10      9        304.2   1151.9855    260.2398   26.962  5.205E-06  4.250E-05  2.943E-08  2.070E-07  2.262E-03  4.453E-08   CO
11      10       365.0   1267.0145    236.6133   28.729  7.407E-07  6.168E-06  3.882E-09  2.943E-08  3.283E-04  8.599E-09   CO
12      11       431.3   1381.9951    216.9273   30.447  9.762E-08  8.267E-07  4.778E-10  3.882E-09  4.400E-05  1.496E-09   CO
13      12       503.1   1496.9229    200.2725   33.873  1.182E-08  1.157E-07  6.188E-11  4.778E-10  6.159E-06  2.661E-10   CO
14      13       580.5   1611.7935    185.9993   34.254  1.545E-09  1.395E-08  6.948E-12  6.188E-11  7.426E-07  4.004E-11   CO
15      14       663.4   1726.6025    173.6314   32.884  1.766E-10  1.281E-09  5.976E-13  6.948E-12  6.816E-08  4.518E-12   CO
16      15       751.7   1841.3455    162.8116   36.523  1.492E-11  1.288E-10  5.659E-14  5.976E-13  6.853E-09  5.510E-13   CO
1       0         23.6    492.1607    609.1354   13.807  2.674E-02  1.374E-01  3.271E-01  6.033E-01  7.313E+00  1.123E-05   [CI]
2       1         62.5    809.3420    370.4151   18.867  6.487E-03  3.674E-02  6.957E-02  3.271E-01  1.955E+00  1.335E-05   [CI]
2       0         62.5   1301.5026    230.3433   16.570  6.602E-10  9.735E-10  6.957E-02  6.033E-01  5.181E-08  1.471E-12   [CI]
1       0          4.2     88.6316   3382.4556    2.730  3.025E-01  8.746E-04  3.761E-01  5.957E-01  4.655E-02  4.174E-10   HCN
2       1         12.8    177.2611   1691.2478    2.730  1.541E-01  2.893E-04  2.778E-02  3.761E-01  1.540E-02  1.104E-09   HCN
3       2         25.5    265.8864   1127.5207    2.752  1.062E-02  5.803E-05  3.766E-04  2.778E-02  3.089E-03  7.477E-10   HCN
4       3         42.5    354.5055    845.6638    3.545  1.373E-04  1.485E-05  3.989E-06  3.766E-04  7.904E-04  4.535E-10   HCN
5       4         63.8    443.1161    676.5550   10.232  1.247E-06  3.782E-06  6.100E-07  3.989E-06  2.013E-04  2.256E-10   HCN
6       5         89.3    531.7163    563.8203   16.427  1.688E-07  1.155E-06  1.525E-07  6.100E-07  6.147E-05  1.190E-10   HCN
