      LINE         E_UP       FREQ        WAVEL     T_EX      TAU        T_R       POP        POP       FLUX        FLUX   SPECIES
                   (K)        (GHz)       (um)      (K)                  (K)        UP        LOW      (K*km/s) (erg/cm2/s)   SPECIES
1       0          5.5    115.2712   2600.7576  154.996  1.386E+02  1.514E+02  5.135E-02  1.774E-02  8.059E+03  1.590E-04   CO
2       1         16.6    230.5380   1300.4037  154.996  5.254E+02  1.493E+02  7.968E-02  5.135E-02  7.948E+03  1.254E-03   CO
3       2         33.2    345.7960    866.9634  154.996  1.081E+03  1.468E+02  1.002E-01  7.968E-02  7.814E+03  4.161E-03   CO
4       3         55.3    461.0408    650.2515  154.996  1.693E+03  1.442E+02  1.117E-01  1.002E-01  7.674E+03  9.686E-03   CO
5       4         83.0    576.2679    520.2310  154.995  2.250E+03  1.416E+02  1.142E-01  1.117E-01  7.535E+03  1.857E-02   CO
6       5        116.2    691.4731    433.5562  154.994  2.657E+03  1.390E+02  1.090E-01  1.142E-01  7.398E+03  3.150E-02   CO
7       6        154.9    806.6518    371.6504  154.993  2.863E+03  1.364E+02  9.796E-02  1.090E-01  7.262E+03  4.909E-02   CO
8       7        199.1    921.7997    325.2252  154.990  2.855E+03  1.339E+02  8.345E-02  9.796E-02  7.128E+03  7.190E-02   CO
9       8        248.9   1036.9124    289.1203  154.987  2.661E+03  1.314E+02  6.765E-02  8.345E-02  6.996E+03  1.004E-01   CO
10      9        304.2   1151.9855    260.2398  154.982  2.333E+03  1.290E+02  5.234E-02  6.765E-02  6.865E+03  1.352E-01   CO
11      10       365.0   1267.0145    236.6133  154.974  1.935E+03  1.266E+02  3.872E-02  5.234E-02  6.736E+03  1.764E-01   CO
12      11       431.3   1381.9951    216.9273  154.961  1.522E+03  1.242E+02  2.743E-02  3.872E-02  6.608E+03  2.246E-01   CO
13      12       503.1   1496.9229    200.2725  154.940  1.139E+03  1.218E+02  1.863E-02  2.743E-02  6.482E+03  2.800E-01   CO
14      13       580.5   1611.7935    185.9993  154.900  8.131E+02  1.194E+02  1.215E-02  1.863E-02  6.357E+03  3.428E-01   CO
15      14       663.4   1726.6025    173.6314  154.832  5.540E+02  1.171E+02  7.603E-03  1.215E-02  6.231E+03  4.131E-01   CO
16      15       751.7   1841.3455    162.8116  154.699  3.610E+02  1.147E+02  4.572E-03  7.603E-03  6.105E+03  4.908E-01   CO
1       0         23.6    492.1607    609.1354  154.967  4.403E+00  1.417E+02  3.724E-01  1.446E-01  7.542E+03  1.158E-02   [CI]
2       1         62.5    809.3420    370.4151  154.846  7.477E+00  1.362E+02  4.830E-01  3.724E-01  7.247E+03  4.948E-02   [CI]
2       0         62.5   1301.5026    230.3433  154.892  2.139E-07  2.690E-05  4.830E-01  1.446E-01  1.432E-03  4.066E-08   [CI]
1       0          4.2     88.6316   3382.4556    0.924  8.466E+01 -1.088E+00  7.701E-02  2.880E-02 -5.788E+01 -5.190E-07   HCN
2       1         12.8    177.2611   1691.2478   -2.467 -1.964E+02  1.885E+86  1.432E-01  7.701E-02  1.003E+88  7.195E+80   HCN
3       2         25.5    265.8864   1127.5207    0.370  3.588E+02 -1.193E-01  1.215E-01  1.432E-01 -6.349E+00 -1.537E-06   HCN
4       3         42.5    354.5055    845.6638   -1.690 -3.471E+02 -1.705E+01  1.820E-01  1.215E-01 -9.074E+02 -5.206E-04   HCN
5       4         63.8    443.1161    676.5550    0.592  4.392E+02 -8.693E-03  1.196E-01  1.820E-01 -4.627E-01 -5.185E-07   HCN
6       5         89.3    531.7163    563.8203    0.068 -2.707E+02  8.287+114  1.392E-01  1.196E-01  4.411+116  8.539+110   HCN
