      LINE         E_UP       FREQ        WAVEL     T_EX      TAU        T_R       POP        POP       FLUX        FLUX   SPECIES
                   (K)        (GHz)       (um)      (K)                  (K)        UP        LOW      (K*km/s) (erg/cm2/s)   SPECIES
1       0          5.5    115.2712   2600.7576 -334.944 -2.376E-01  9.079E+01  1.232E-01  4.038E-02  4.832E+03  9.532E-05   CO
2       1         16.6    230.5380   1300.4037   85.115  3.533E+00  7.719E+01  1.802E-01  1.232E-01  4.108E+03  6.482E-04   CO
3       2         33.2    345.7960    866.9634   74.730  7.599E+00  6.667E+01  2.021E-01  1.802E-01  3.548E+03  1.890E-03   CO
4       3         55.3    461.0408    650.2515   66.783  1.147E+01  5.632E+01  1.865E-01  2.021E-01  2.998E+03  3.783E-03   CO
5       4         83.0    576.2679    520.2310   57.225  1.396E+01  4.451E+01  1.406E-01  1.865E-01  2.369E+03  5.838E-03   CO
6       5        116.2    691.4731    433.5562   47.085  1.360E+01  3.242E+01  8.213E-02  1.406E-01  1.726E+03  7.348E-03   CO
7       6        154.9    806.6518    371.6504   37.200  1.001E+01  2.114E+01  3.347E-02  8.213E-02  1.125E+03  7.606E-03   CO
8       7        199.1    921.7997    325.2252   29.793  4.816E+00  1.285E+01  8.593E-03  3.347E-02  6.840E+02  6.900E-03   CO
9       8        248.9   1036.9124    289.1203   29.329  1.291E+00  8.097E+00  1.760E-03  8.593E-03  4.310E+02  6.188E-03   CO
10      9        304.2   1151.9855    260.2398   44.826  2.272E-01  4.619E+00  5.667E-04  1.760E-03  2.458E+02  4.840E-03   CO
11      10       365.0   1267.0145    236.6133   67.478  6.077E-02  2.452E+00  2.521E-04  5.667E-04  1.305E+02  3.418E-03   CO
12      11       431.3   1381.9951    216.9273   80.821  2.525E-02  1.300E+00  1.206E-04  2.521E-04  6.920E+01  2.352E-03   CO
13      12       503.1   1496.9229    200.2725   90.918  1.168E-02  6.933E-01  5.910E-05  1.206E-04  3.690E+01  1.594E-03   CO
14      13       580.5   1611.7935    185.9993   93.979  5.832E-03  3.521E-01  2.787E-05  5.910E-05  1.874E+01  1.011E-03   CO
15      14       663.4   1726.6025    173.6314   98.365  2.768E-03  1.732E-01  1.283E-05  2.787E-05  9.221E+00  6.113E-04   CO
16      15       751.7   1841.3455    162.8116  110.105  1.224E-03  8.782E-02  6.121E-06  1.283E-05  4.674E+00  3.758E-04   CO
1       0         23.6    492.1607    609.1354  236.631  5.238E-03  1.176E+00  4.385E-01  1.615E-01  6.257E+01  9.606E-05   [CI]
2       1         62.5    809.3420    370.4151   64.431  2.848E-02  1.318E+00  4.000E-01  4.385E-01  7.015E+01  4.790E-04   [CI]
2       0         62.5   1301.5026    230.3433   88.893  5.761E-10  3.531E-08  4.000E-01  1.615E-01  1.879E-06  5.336E-11   [CI]
1       0          4.2     88.6316   3382.4556    2.844  1.820E+00  8.200E-02  3.885E-01  5.779E-01  4.364E+00  3.913E-08   HCN
2       1         12.8    177.2611   1691.2478    2.837  9.987E-01  3.394E-02  3.227E-02  3.885E-01  1.807E+00  1.296E-07   HCN
3       2         25.5    265.8864   1127.5207    3.355  7.682E-02  1.270E-02  1.007E-03  3.227E-02  6.759E-01  1.636E-07   HCN
4       3         42.5    354.5055    845.6638    8.800  1.998E-03  5.678E-03  1.873E-04  1.007E-03  3.022E-01  1.734E-07   HCN
5       4         63.8    443.1161    676.5550   17.640  2.959E-04  2.688E-03  6.858E-05  1.873E-04  1.431E-01  1.603E-07   HCN
6       5         89.3    531.7163    563.8203   26.406  9.407E-05  1.474E-03  3.084E-05  6.858E-05  7.844E-02  1.519E-07   HCN
