      LINE         E_UP       FREQ        WAVEL     T_EX      TAU        T_R       POP        POP       FLUX        FLUX   SPECIES
                   (K)        (GHz)       (um)      (K)                  (K)        UP        LOW      (K*km/s) (erg/cm2/s)   SPECIES
1       0          5.5    115.2712   2600.7576  697.859  1.110E-01  7.292E+01  1.491E-01  5.008E-02  3.881E+03  7.656E-05   CO
2       1         16.6    230.5380   1300.4037   65.813  4.312E+00  5.943E+01  2.100E-01  1.491E-01  3.163E+03  4.992E-04   CO
3       2         33.2    345.7960    866.9634   58.237  8.756E+00  5.029E+01  2.211E-01  2.100E-01  2.677E+03  1.425E-03   CO
4       3         55.3    461.0408    650.2515   50.864  1.247E+01  4.059E+01  1.840E-01  2.211E-01  2.161E+03  2.727E-03   CO
5       4         83.0    576.2679    520.2310   42.200  1.372E+01  2.987E+01  1.168E-01  1.840E-01  1.590E+03  3.918E-03   CO
6       5        116.2    691.4731    433.5562   33.636  1.113E+01  1.973E+01  5.145E-02  1.168E-01  1.050E+03  4.471E-03   CO
7       6        154.9    806.6518    371.6504   26.515  5.911E+00  1.168E+01  1.379E-02  5.145E-02  6.215E+02  4.201E-03   CO
8       7        199.1    921.7997    325.2252   24.484  1.703E+00  7.106E+00  2.565E-03  1.379E-02  3.782E+02  3.815E-03   CO
9       8        248.9   1036.9124    289.1203   35.399  2.830E-01  3.984E+00  7.028E-04  2.565E-03  2.120E+02  3.044E-03   CO
10      9        304.2   1151.9855    260.2398   55.309  6.426E-02  2.004E+00  2.859E-04  7.028E-04  1.066E+02  2.100E-03   CO
11      10       365.0   1267.0145    236.6133   68.023  2.423E-02  1.008E+00  1.281E-04  2.859E-04  5.363E+01  1.405E-03   CO
12      11       431.3   1381.9951    216.9273   77.465  1.047E-02  5.101E-01  5.913E-05  1.281E-04  2.715E+01  9.229E-04   CO
13      12       503.1   1496.9229    200.2725   86.365  4.705E-03  2.599E-01  2.780E-05  5.913E-05  1.383E+01  5.976E-04   CO
14      13       580.5   1611.7935    185.9993   88.254  2.268E-03  1.249E-01  1.243E-05  2.780E-05  6.650E+00  3.586E-04   CO
15      14       663.4   1726.6025    173.6314   91.547  1.025E-03  5.768E-02  5.373E-06  1.243E-05  3.070E+00  2.035E-04   CO
16      15       751.7   1841.3455    162.8116  102.589  4.262E-04  2.756E-02  2.417E-06  5.373E-06  1.467E+00  1.179E-04   CO
1       0         23.6    492.1607    609.1354  146.936  7.161E-03  9.664E-01  4.543E-01  1.778E-01  5.144E+01  7.897E-05   [CI]
2       1         62.5    809.3420    370.4151   53.818  2.661E-02  9.639E-01  3.679E-01  4.543E-01  5.130E+01  3.503E-04   [CI]
2       0         62.5   1301.5026    230.3433   70.780  5.852E-10  2.580E-08  3.679E-01  1.778E-01  1.373E-06  3.899E-11   [CI]
1       0          4.2     88.6316   3382.4556    2.804  1.469E+00  5.003E-02  3.843E-01  5.839E-01  2.663E+00  2.387E-08   HCN
2       1         12.8    177.2611   1691.2478    2.803  7.862E-01  2.029E-02  3.079E-02  3.843E-01  1.080E+00  7.745E-08   HCN
3       2         25.5    265.8864   1127.5207    3.220  5.844E-02  7.257E-03  8.191E-04  3.079E-02  3.863E-01  9.351E-08   HCN
4       3         42.5    354.5055    845.6638    8.206  1.319E-03  3.183E-03  1.325E-04  8.191E-04  1.694E-01  9.722E-08   HCN
5       4         63.8    443.1161    676.5550   17.239  1.682E-04  1.468E-03  4.715E-05  1.325E-04  7.813E-02  8.754E-08   HCN
6       5         89.3    531.7163    563.8203   25.898  5.197E-05  7.898E-04  2.080E-05  4.715E-05  4.204E-02  8.138E-08   HCN
