      LINE         E_UP       FREQ        WAVEL     T_EX      TAU        T_R       POP        POP       FLUX        FLUX   SPECIES
                   (K)        (GHz)       (um)      (K)                  (K)        UP        LOW      (K*km/s) (erg/cm2/s)   SPECIES
1       0          5.5    115.2712   2600.7576  518.653  1.250E+00  3.674E+02  1.974E-02  6.652E-03  1.956E+04  3.858E-04   CO
2       1         16.6    230.5380   1300.4037  441.760  5.761E+00  4.347E+02  3.209E-02  1.974E-02  2.314E+04  3.651E-03   CO
3       2         33.2    345.7960    866.9634  442.655  1.253E+01  4.344E+02  4.328E-02  3.209E-02  2.312E+04  1.231E-02   CO
4       3         55.3    461.0408    650.2515  442.655  2.128E+01  4.317E+02  5.293E-02  4.328E-02  2.298E+04  2.900E-02   CO
5       4         83.0    576.2679    520.2310  442.032  3.142E+01  4.283E+02  6.077E-02  5.293E-02  2.280E+04  5.619E-02   CO
6       5        116.2    691.4731    433.5562  441.626  4.217E+01  4.252E+02  6.662E-02  6.077E-02  2.263E+04  9.637E-02   CO
7       6        154.9    806.6518    371.6504  440.477  5.292E+01  4.214E+02  7.040E-02  6.662E-02  2.243E+04  1.516E-01   CO
8       7        199.1    921.7997    325.2252  439.169  6.289E+01  4.174E+02  7.214E-02  7.040E-02  2.222E+04  2.241E-01   CO
9       8        248.9   1036.9124    289.1203  437.120  7.159E+01  4.127E+02  7.195E-02  7.214E-02  2.197E+04  3.154E-01   CO
10      9        304.2   1151.9855    260.2398  434.553  7.846E+01  4.075E+02  7.003E-02  7.195E-02  2.169E+04  4.270E-01   CO
11      10       365.0   1267.0145    236.6133  432.113  8.318E+01  4.024E+02  6.663E-02  7.003E-02  2.142E+04  5.611E-01   CO
12      11       431.3   1381.9951    216.9273  429.022  8.558E+01  3.967E+02  6.205E-02  6.663E-02  2.112E+04  7.178E-01   CO
13      12       503.1   1496.9229    200.2725  425.380  8.572E+01  3.905E+02  5.660E-02  6.205E-02  2.078E+04  8.978E-01   CO
14      13       580.5   1611.7935    185.9993  418.656  8.419E+01  3.812E+02  5.053E-02  5.660E-02  2.029E+04  1.094E+00   CO
15      14       663.4   1726.6025    173.6314  410.552  8.074E+01  3.705E+02  4.415E-02  5.053E-02  1.972E+04  1.307E+00   CO
16      15       751.7   1841.3455    162.8116  401.037  7.567E+01  3.585E+02  3.770E-02  4.415E-02  1.908E+04  1.534E+00   CO
1       0         23.6    492.1607    609.1354  479.681  1.006E-01  4.478E+01  3.494E-01  1.224E-01  2.384E+03  3.659E-03   [CI]
2       1         62.5    809.3420    370.4151  397.620  2.338E-01  7.890E+01  5.282E-01  3.494E-01  4.200E+03  2.867E-02   [CI]
2       0         62.5   1301.5026    230.3433  425.121  5.922E-09  2.337E-06  5.282E-01  1.224E-01  1.244E-04  3.532E-09   [CI]
1       0          4.2     88.6316   3382.4556   31.066  2.489E+00  2.554E+01  2.501E-01  9.561E-02  1.360E+03  1.219E-05   HCN
2       1         12.8    177.2611   1691.2478   23.779  1.020E+01  1.939E+01  2.915E-01  2.501E-01  1.032E+03  7.401E-05   HCN
3       2         25.5    265.8864   1127.5207   20.699  1.637E+01  1.485E+01  2.203E-01  2.915E-01  7.904E+02  1.913E-04   HCN
4       3         42.5    354.5055    845.6638   17.269  1.605E+01  1.010E+01  1.058E-01  2.203E-01  5.378E+02  3.086E-04   HCN
5       4         63.8    443.1161    676.5550   14.325  9.243E+00  6.222E+00  2.929E-02  1.058E-01  3.312E+02  3.711E-04   HCN
6       5         89.3    531.7163    563.8203   13.182  2.781E+00  4.034E+00  4.995E-03  2.929E-02  2.147E+02  4.157E-04   HCN
