      LINE         E_UP       FREQ        WAVEL     T_EX      TAU        T_R       POP        POP       FLUX        FLUX   SPECIES
                   (K)        (GHz)       (um)      (K)                  (K)        UP        LOW      (K*km/s) (erg/cm2/s)   SPECIES
1       0          5.5    115.2712   2600.7576   10.891  2.940E+00  7.124E+00  4.748E-01  2.630E-01  3.792E+02  7.479E-06   CO
2       1         16.6    230.5380   1300.4037    8.672  6.399E+00  4.084E+00  2.209E-01  4.748E-01  2.174E+02  3.430E-05   CO
3       2         33.2    345.7960    866.9634    7.598  3.297E+00  1.991E+00  3.482E-02  2.209E-01  1.060E+02  5.643E-05   CO
4       3         55.3    461.0408    650.2515    9.601  5.011E-01  9.642E-01  4.467E-03  3.482E-02  5.132E+01  6.477E-05   CO
5       4         83.0    576.2679    520.2310   18.442  5.383E-02  4.164E-01  1.219E-03  4.467E-03  2.216E+01  5.462E-05   CO
6       5        116.2    691.4731    433.5562   28.228  1.280E-02  1.885E-01  4.445E-04  1.219E-03  1.003E+01  4.271E-05   CO
7       6        154.9    806.6518    371.6504   35.848  4.393E-03  8.726E-02  1.742E-04  4.445E-04  4.645E+00  3.140E-05   CO
8       7        199.1    921.7997    325.2252   43.985  1.633E-03  4.162E-02  7.221E-05  1.742E-04  2.215E+00  2.234E-05   CO
9       8        248.9   1036.9124    289.1203   51.031  6.574E-04  1.980E-02  3.044E-05  7.221E-05  1.054E+00  1.513E-05   CO
10      9        304.2   1151.9855    260.2398   58.600  2.689E-04  9.475E-03  1.310E-05  3.044E-05  5.043E-01  9.929E-06   CO
11      10       365.0   1267.0145    236.6133   67.136  1.119E-04  4.616E-03  5.798E-06  1.310E-05  2.457E-01  6.436E-06   CO
12      11       431.3   1381.9951    216.9273   73.960  4.879E-05  2.229E-03  2.570E-06  5.798E-06  1.186E-01  4.033E-06   CO
13      12       503.1   1496.9229    200.2725   82.427  2.107E-05  1.088E-03  1.161E-06  2.570E-06  5.793E-02  2.502E-06   CO
14      13       580.5   1611.7935    185.9993   81.410  9.953E-06  4.854E-04  4.823E-07  1.161E-06  2.584E-02  1.393E-06   CO
15      14       663.4   1726.6025    173.6314   82.860  4.224E-06  2.037E-04  1.896E-07  4.823E-07  1.084E-02  7.186E-07   CO
16      15       751.7   1841.3455    162.8116   95.083  1.577E-06  9.088E-05  7.970E-08  1.896E-07  4.837E-03  3.889E-07   CO
1       0         23.6    492.1607    609.1354   15.159  1.179E-02  7.374E-02  3.476E-01  5.505E-01  3.925E+00  6.026E-06   [CI]
2       1         62.5    809.3420    370.4151   22.345  3.264E-03  2.700E-02  1.019E-01  3.476E-01  1.437E+00  9.813E-06   [CI]
2       0         62.5   1301.5026    230.3433   18.948  2.976E-10  7.144E-10  1.019E-01  5.505E-01  3.802E-08  1.080E-12   [CI]
1       0          4.2     88.6316   3382.4556    2.730  1.516E-01  5.628E-04  3.762E-01  5.955E-01  2.995E-02  2.686E-10   HCN
2       1         12.8    177.2611   1691.2478    2.732  7.726E-02  2.118E-04  2.784E-02  3.762E-01  1.127E-02  8.086E-10   HCN
3       2         25.5    265.8864   1127.5207    2.786  5.330E-03  6.887E-05  3.998E-04  2.784E-02  3.665E-03  8.873E-10   HCN
4       3         42.5    354.5055    845.6638    4.646  7.176E-05  2.979E-05  1.320E-05  3.998E-04  1.586E-03  9.098E-10   HCN
5       4         63.8    443.1161    676.5550   16.170  1.729E-06  1.348E-05  4.330E-06  1.320E-05  7.173E-04  8.038E-10   HCN
6       5         89.3    531.7163    563.8203   25.664  4.797E-07  7.187E-06  1.893E-06  4.330E-06  3.825E-04  7.406E-10   HCN
