      LINE         E_UP       FREQ        WAVEL     T_EX      TAU        T_R       POP        POP       FLUX        FLUX   SPECIES
                   (K)        (GHz)       (um)      (K)                  (K)        UP        LOW      (K*km/s) (erg/cm2/s)   SPECIES
1       0          5.5    115.2712   2600.7576  154.848  2.211E+01  1.513E+02  5.163E-02  1.783E-02  8.051E+03  1.588E-04   CO
2       1         16.6    230.5380   1300.4037  154.847  8.380E+01  1.492E+02  8.011E-02  5.163E-02  7.940E+03  1.253E-03   CO
3       2         33.2    345.7960    866.9634  154.841  1.724E+02  1.467E+02  1.008E-01  8.011E-02  7.806E+03  4.157E-03   CO
4       3         55.3    461.0408    650.2515  154.828  2.700E+02  1.440E+02  1.123E-01  1.008E-01  7.666E+03  9.674E-03   CO
5       4         83.0    576.2679    520.2310  154.803  3.588E+02  1.414E+02  1.148E-01  1.123E-01  7.525E+03  1.855E-02   CO
6       5        116.2    691.4731    433.5562  154.766  4.238E+02  1.388E+02  1.095E-01  1.148E-01  7.386E+03  3.145E-02   CO
7       6        154.9    806.6518    371.6504  154.710  4.566E+02  1.362E+02  9.836E-02  1.095E-01  7.247E+03  4.899E-02   CO
8       7        199.1    921.7997    325.2252  154.623  4.553E+02  1.336E+02  8.374E-02  9.836E-02  7.109E+03  7.171E-02   CO
9       8        248.9   1036.9124    289.1203  154.497  4.243E+02  1.309E+02  6.782E-02  8.374E-02  6.970E+03  1.001E-01   CO
10      9        304.2   1151.9855    260.2398  154.282  3.720E+02  1.283E+02  5.238E-02  6.782E-02  6.828E+03  1.344E-01   CO
11      10       365.0   1267.0145    236.6133  153.973  3.086E+02  1.256E+02  3.865E-02  5.238E-02  6.683E+03  1.751E-01   CO
12      11       431.3   1381.9951    216.9273  153.458  2.427E+02  1.227E+02  2.727E-02  3.865E-02  6.529E+03  2.220E-01   CO
13      12       503.1   1496.9229    200.2725  152.595  1.816E+02  1.195E+02  1.839E-02  2.727E-02  6.359E+03  2.747E-01   CO
14      13       580.5   1611.7935    185.9993  150.920  1.298E+02  1.155E+02  1.183E-02  1.839E-02  6.149E+03  3.316E-01   CO
15      14       663.4   1726.6025    173.6314  147.775  8.858E+01  1.102E+02  7.219E-03  1.183E-02  5.865E+03  3.888E-01   CO
16      15       751.7   1841.3455    162.8116  141.249  5.806E+01  1.016E+02  4.111E-03  7.219E-03  5.410E+03  4.350E-01   CO
1       0         23.6    492.1607    609.1354  155.513  6.971E-01  7.228E+01  3.734E-01  1.449E-01  3.847E+03  5.906E-03   [CI]
2       1         62.5    809.3420    370.4151  151.524  1.211E+00  9.334E+01  4.817E-01  3.734E-01  4.968E+03  3.392E-02   [CI]
2       0         62.5   1301.5026    230.3433  153.008  3.432E-08  4.252E-06  4.817E-01  1.449E-01  2.263E-04  6.426E-09   [CI]
1       0          4.2     88.6316   3382.4556   36.008  3.642E+00  3.193E+01  2.147E-01  8.054E-02  1.700E+03  1.524E-05   HCN
2       1         12.8    177.2611   1691.2478   30.366  1.419E+01  2.592E+01  2.704E-01  2.147E-01  1.380E+03  9.895E-05   HCN
3       2         25.5    265.8864   1127.5207   26.690  2.502E+01  2.070E+01  2.347E-01  2.704E-01  1.102E+03  2.667E-04   HCN
4       3         42.5    354.5055    845.6638   22.035  2.928E+01  1.458E+01  1.394E-01  2.347E-01  7.760E+02  4.452E-04   HCN
5       4         63.8    443.1161    676.5550   17.318  2.223E+01  8.800E+00  4.990E-02  1.394E-01  4.684E+02  5.248E-04   HCN
6       5         89.3    531.7163    563.8203   13.579  9.361E+00  4.596E+00  9.006E-03  4.990E-02  2.446E+02  4.736E-04   HCN
