      LINE         E_UP       FREQ        WAVEL     T_EX      TAU        T_R       POP        POP       FLUX        FLUX   SPECIES
                   (K)        (GHz)       (um)      (K)                  (K)        UP        LOW      (K*km/s) (erg/cm2/s)   SPECIES
1       0          5.5    115.2712   2600.7576    7.730  6.211E+00  4.445E+00  5.044E-01  3.440E-01  2.366E+02  4.667E-06   CO
2       1         16.6    230.5380   1300.4037    6.257  9.847E+00  2.082E+00  1.435E-01  5.044E-01  1.108E+02  1.749E-05   CO
3       2         33.2    345.7960    866.9634    5.102  2.920E+00  5.958E-01  7.766E-03  1.435E-01  3.171E+01  1.689E-05   CO
4       3         55.3    461.0408    650.2515    6.580  1.509E-01  1.103E-01  3.459E-04  7.766E-03  5.870E+00  7.408E-06   CO
5       4         83.0    576.2679    520.2310   10.787  6.235E-03  1.434E-02  3.256E-05  3.459E-04  7.630E-01  1.880E-06   CO
6       5        116.2    691.4731    433.5562   13.510  5.694E-04  1.772E-03  3.299E-06  3.256E-05  9.429E-02  4.015E-07   CO
7       6        154.9    806.6518    371.6504   15.298  5.720E-05  1.915E-04  3.031E-07  3.299E-06  1.019E-02  6.891E-08   CO
8       7        199.1    921.7997    325.2252   16.863  5.229E-06  1.809E-05  2.492E-08  3.031E-07  9.630E-04  9.714E-09   CO
9       8        248.9   1036.9124    289.1203   17.984  4.297E-07  1.434E-06  1.750E-09  2.492E-08  7.632E-05  1.096E-09   CO
10      9        304.2   1151.9855    260.2398   18.904  3.016E-08  9.461E-08  1.038E-10  1.750E-09  5.035E-06  9.914E-11   CO
11      10       365.0   1267.0145    236.6133   19.725  1.789E-09  5.226E-09  5.213E-12  1.038E-10  2.781E-07  7.285E-12   CO
12      11       431.3   1381.9951    216.9273   20.429  8.964E-11  2.407E-10  2.204E-13  5.213E-12  1.281E-08  4.354E-13   CO
13      12       503.1   1496.9229    200.2725   21.648  3.769E-12  1.017E-11  8.619E-15  2.204E-13  5.413E-10  2.338E-14   CO
14      13       580.5   1611.7935    185.9993   21.972  1.472E-13  3.469E-13  2.739E-16  8.619E-15  1.846E-11  9.956E-16   CO
15      14       663.4   1726.6025    173.6314   21.685  4.672E-15  8.652E-15  6.413E-18  2.739E-16  4.605E-13  3.053E-17   CO
16      15       751.7   1841.3455    162.8116   22.356  1.087E-16  1.920E-16  1.328E-19  6.413E-18  1.022E-14  8.218E-19   CO
1       0         23.6    492.1607    609.1354    9.035  2.543E-02  4.675E-02  1.765E-01  8.038E-01  2.489E+00  3.821E-06   [CI]
2       1         62.5    809.3420    370.4151   14.344  2.363E-03  6.550E-03  1.962E-02  1.765E-01  3.486E-01  2.380E-06   [CI]
2       0         62.5   1301.5026    230.3433   11.736  5.653E-10  1.732E-10  1.962E-02  8.038E-01  9.219E-09  2.618E-13   [CI]
1       0          4.2     88.6316   3382.4556    2.727  1.911E-01  2.515E-04  3.759E-01  5.961E-01  1.338E-02  1.200E-10   HCN
2       1         12.8    177.2611   1691.2478    2.727  9.720E-02  7.377E-05  2.768E-02  3.759E-01  3.926E-03  2.816E-10   HCN
3       2         25.5    265.8864   1127.5207    2.734  6.677E-03  1.132E-05  3.639E-04  2.768E-02  6.025E-04  1.459E-10   HCN
4       3         42.5    354.5055    845.6638    2.974  8.413E-05  1.915E-06  1.533E-06  3.639E-04  1.019E-04  5.848E-11   HCN
5       4         63.8    443.1161    676.5550    6.916  3.297E-07  3.366E-07  8.653E-08  1.533E-06  1.792E-05  2.007E-11   HCN
6       5         89.3    531.7163    563.8203   12.595  1.663E-08  6.442E-08  1.348E-08  8.653E-08  3.428E-06  6.638E-12   HCN
