      LINE         E_UP       FREQ        WAVEL     T_EX      TAU        T_R       POP        POP       FLUX        FLUX   SPECIES
                   (K)        (GHz)       (um)      (K)                  (K)        UP        LOW      (K*km/s) (erg/cm2/s)   SPECIES
1       0          5.5    115.2712   2600.7576  179.232  4.100E-01  5.908E+01  1.760E-01  6.052E-02  3.145E+03  6.203E-05   CO
2       1         16.6    230.5380   1300.4037   52.631  4.957E+00  4.677E+01  2.378E-01  1.760E-01  2.489E+03  3.928E-04   CO
3       2         33.2    345.7960    866.9634   46.328  9.563E+00  3.848E+01  2.327E-01  2.378E-01  2.048E+03  1.091E-03   CO
4       3         55.3    461.0408    650.2515   39.489  1.267E+01  2.945E+01  1.708E-01  2.327E-01  1.567E+03  1.978E-03   CO
5       4         83.0    576.2679    520.2310   31.864  1.221E+01  2.001E+01  8.764E-02  1.708E-01  1.065E+03  2.625E-03   CO
6       5        116.2    691.4731    433.5562   25.086  7.760E+00  1.204E+01  2.759E-02  8.764E-02  6.410E+02  2.729E-03   CO
7       6        154.9    806.6518    371.6504   21.240  2.749E+00  6.984E+00  5.144E-03  2.759E-02  3.717E+02  2.513E-03   CO
8       7        199.1    921.7997    325.2252   26.722  4.885E-01  4.036E+00  1.113E-03  5.144E-03  2.148E+02  2.167E-03   CO
9       8        248.9   1036.9124    289.1203   44.332  8.720E-02  2.005E+00  4.050E-04  1.113E-03  1.067E+02  1.532E-03   CO
10      9        304.2   1151.9855    260.2398   57.450  2.876E-02  9.689E-01  1.710E-04  4.050E-04  5.157E+01  1.015E-03   CO
11      10       365.0   1267.0145    236.6133   66.774  1.164E-02  4.737E-01  7.534E-05  1.710E-04  2.521E+01  6.605E-04   CO
12      11       431.3   1381.9951    216.9273   75.195  4.984E-03  2.329E-01  3.390E-05  7.534E-05  1.240E+01  4.214E-04   CO
13      12       503.1   1496.9229    200.2725   83.493  2.189E-03  1.151E-01  1.548E-05  3.390E-05  6.129E+00  2.647E-04   CO
14      13       580.5   1611.7935    185.9993   84.677  1.029E-03  5.330E-02  6.671E-06  1.548E-05  2.837E+00  1.530E-04   CO
15      14       663.4   1726.6025    173.6314   87.210  4.503E-04  2.352E-02  2.757E-06  6.671E-06  1.252E+00  8.298E-05   CO
16      15       751.7   1841.3455    162.8116   98.000  1.787E-04  1.079E-02  1.191E-06  2.757E-06  5.743E-01  4.617E-05   CO
1       0         23.6    492.1607    609.1354  100.889  8.837E-03  7.877E-01  4.666E-01  1.965E-01  4.193E+01  6.437E-05   [CI]
2       1         62.5    809.3420    370.4151   46.442  2.393E-02  7.021E-01  3.369E-01  4.666E-01  3.737E+01  2.551E-04   [CI]
2       0         62.5   1301.5026    230.3433   58.350  5.759E-10  1.877E-08  3.369E-01  1.965E-01  9.989E-07  2.836E-11   [CI]
1       0          4.2     88.6316   3382.4556    2.780  1.179E+00  3.133E-02  3.817E-01  5.875E-01  1.668E+00  1.495E-08   HCN
2       1         12.8    177.2611   1691.2478    2.782  6.210E-01  1.249E-02  2.989E-02  3.817E-01  6.650E-01  4.770E-08   HCN
3       2         25.5    265.8864   1127.5207    3.120  4.516E-02  4.333E-03  7.010E-04  2.989E-02  2.306E-01  5.582E-08   HCN
4       3         42.5    354.5055    845.6638    7.690  9.137E-04  1.879E-03  9.863E-05  7.010E-04  1.000E-01  5.738E-08   HCN
5       4         63.8    443.1161    676.5550   16.984  1.002E-04  8.522E-04  3.446E-05  9.863E-05  4.536E-02  5.082E-08   HCN
6       5         89.3    531.7163    563.8203   25.604  3.037E-05  4.534E-04  1.503E-05  3.446E-05  2.413E-02  4.672E-08   HCN
