      LINE         E_UP       FREQ        WAVEL     T_EX      TAU        T_R       POP        POP       FLUX        FLUX   SPECIES
                   (K)        (GHz)       (um)      (K)                  (K)        UP        LOW      (K*km/s) (erg/cm2/s)   SPECIES
1       0          5.5    115.2712   2600.7576    5.000  6.836E+04  1.897E+00  4.546E-01  4.582E-01  1.010E+02  1.992E-06   CO
2       1         16.6    230.5380   1300.4037    5.000  6.013E+04  1.165E+00  8.289E-02  4.546E-01  6.199E+01  9.782E-06   CO
3       2         33.2    345.7960    866.9634    5.000  1.067E+04  5.853E-01  4.199E-03  8.289E-02  3.115E+01  1.659E-05   CO
4       3         55.3    461.0408    650.2515    5.000  5.268E+02  2.615E-01  6.460E-05  4.199E-03  1.392E+01  1.756E-05   CO
5       4         83.0    576.2679    520.2310    4.985  7.931E+00  1.070E-01  3.076E-07  6.460E-05  5.698E+00  1.404E-05   CO
6       5        116.2    691.4731    433.5562    4.902  3.709E-02  1.383E-03  4.175E-10  3.076E-07  7.361E-02  3.134E-07   CO
7       6        154.9    806.6518    371.6504    4.931  4.961E-05  7.466E-07  1.875E-13  4.175E-10  3.974E-05  2.686E-10   CO
8       7        199.1    921.7997    325.2252    4.863  2.201E-08  1.090E-10  2.095E-17  1.875E-13  5.800E-09  5.850E-14   CO
9       8        248.9   1036.9124    289.1203   19.654  3.034E-12  1.304E-11  1.400E-18  2.095E-17  6.940E-10  9.964E-15   CO
10      9        304.2   1151.9855    260.2398  291.850  9.600E-15  2.531E-12  1.286E-18  1.400E-18  1.347E-10  2.652E-15   CO
11      10       365.0   1267.0145    236.6133  326.347  8.495E-15  2.538E-12  1.173E-18  1.286E-18  1.351E-10  3.538E-15   CO
12      11       431.3   1381.9951    216.9273  357.528  7.599E-15  2.457E-12  1.063E-18  1.173E-18  1.307E-10  4.444E-15   CO
13      12       503.1   1496.9229    200.2725  376.093  6.960E-15  2.387E-12  9.518E-19  1.063E-18  1.271E-10  5.489E-15   CO
14      13       580.5   1611.7935    185.9993  521.987  4.889E-15  2.366E-12  8.847E-19  9.518E-19  1.259E-10  6.790E-15   CO
15      14       663.4   1726.6025    173.6314  541.675  4.604E-15  2.282E-12  8.146E-19  8.847E-19  1.215E-10  8.051E-15   CO
16      15       751.7   1841.3455    162.8116  578.455  4.168E-15  2.259E-12  7.471E-19  8.146E-19  1.202E-10  9.666E-15   CO
1       0         23.6    492.1607    609.1354    5.000  2.079E+02  2.075E-01  2.595E-02  9.740E-01  1.105E+01  1.696E-05   [CI]
2       1         62.5    809.3420    370.4151    4.999  2.347E+00  1.482E-02  1.827E-05  2.595E-02  7.890E-01  5.387E-06   [CI]
2       0         62.5   1301.5026    230.3433    5.000  4.343E-06  1.018E-09  1.827E-05  9.740E-01  5.416E-08  1.538E-12   [CI]
1       0          4.2     88.6316   3382.4556    4.993  5.425E+02  2.034E+00  4.728E-01  3.694E-01  1.083E+02  9.707E-07   HCN
2       1         12.8    177.2611   1691.2478    4.993  6.602E+02  1.500E+00  1.434E-01  4.728E-01  7.984E+01  5.727E-06   HCN
3       2         25.5    265.8864   1127.5207    4.820  2.047E+02  8.536E-01  1.422E-02  1.434E-01  4.544E+01  1.100E-05   HCN
4       3         42.5    354.5055    845.6638    3.755  2.059E+01  1.521E-01  1.970E-04  1.422E-02  8.097E+00  4.646E-06   HCN
5       4         63.8    443.1161    676.5550    3.139  2.799E-01  3.820E-03  2.752E-07  1.970E-04  2.033E-01  2.278E-07   HCN
6       5         89.3    531.7163    563.8203    3.747  3.840E-04  9.961E-06  3.582E-10  2.752E-07  5.302E-04  1.026E-09   HCN
