      LINE         E_UP       FREQ        WAVEL     T_EX      TAU        T_R       POP        POP       FLUX        FLUX   SPECIES
                   (K)        (GHz)       (um)      (K)                  (K)        UP        LOW      (K*km/s) (erg/cm2/s)   SPECIES
1       0          5.5    115.2712   2600.7576  124.001  5.355E-01  4.993E+01  1.989E-01  6.931E-02  2.657E+03  5.242E-05   CO
2       1         16.6    230.5380   1300.4037   44.501  5.164E+00  3.878E+01  2.585E-01  1.989E-01  2.064E+03  3.257E-04   CO
3       2         33.2    345.7960    866.9634   38.748  9.555E+00  3.100E+01  2.358E-01  2.585E-01  1.650E+03  8.786E-04   CO
4       3         55.3    461.0408    650.2515   32.466  1.175E+01  2.264E+01  1.534E-01  2.358E-01  1.205E+03  1.521E-03   CO
5       4         83.0    576.2679    520.2310   25.896  9.851E+00  1.448E+01  6.442E-02  1.534E-01  7.708E+02  1.900E-03   CO
6       5        116.2    691.4731    433.5562   20.876  4.916E+00  8.442E+00  1.553E-02  6.442E-02  4.494E+02  1.913E-03   CO
7       6        154.9    806.6518    371.6504   20.793  1.239E+00  5.058E+00  2.785E-03  1.553E-02  2.692E+02  1.820E-03   CO
8       7        199.1    921.7997    325.2252   32.932  1.919E-01  2.727E+00  8.236E-04  2.785E-03  1.452E+02  1.464E-03   CO
9       8        248.9   1036.9124    289.1203   49.385  4.823E-02  1.347E+00  3.360E-04  8.236E-04  7.170E+01  1.029E-03   CO
10      9        304.2   1151.9855    260.2398   59.644  1.853E-02  6.650E-01  1.470E-04  3.360E-04  3.539E+01  6.968E-04   CO
11      10       365.0   1267.0145    236.6133   68.999  7.791E-03  3.337E-01  6.669E-05  1.470E-04  1.776E+01  4.653E-04   CO
12      11       431.3   1381.9951    216.9273   77.622  3.436E-03  1.685E-01  3.085E-05  6.669E-05  8.967E+00  3.048E-04   CO
13      12       503.1   1496.9229    200.2725   86.185  1.551E-03  8.553E-02  1.447E-05  3.085E-05  4.552E+00  1.966E-04   CO
14      13       580.5   1611.7935    185.9993   87.329  7.500E-04  4.070E-02  6.411E-06  1.447E-05  2.166E+00  1.168E-04   CO
15      14       663.4   1726.6025    173.6314   90.114  3.370E-04  1.851E-02  2.732E-06  6.411E-06  9.854E-01  6.532E-05   CO
16      15       751.7   1841.3455    162.8116  101.611  1.376E-04  8.770E-03  1.219E-06  2.732E-06  4.668E-01  3.753E-05   CO
1       0         23.6    492.1607    609.1354   79.254  9.369E-03  6.344E-01  4.732E-01  2.125E-01  3.377E+01  5.184E-05   [CI]
2       1         62.5    809.3420    370.4151   42.236  2.045E-02  5.213E-01  3.144E-01  4.732E-01  2.775E+01  1.894E-04   [CI]
2       0         62.5   1301.5026    230.3433   51.296  5.299E-10  1.391E-08  3.144E-01  2.125E-01  7.404E-07  2.102E-11   [CI]
1       0          4.2     88.6316   3382.4556    2.768  9.413E-01  2.114E-02  3.803E-01  5.895E-01  1.125E+00  1.009E-08   HCN
2       1         12.8    177.2611   1691.2478    2.771  4.917E-01  8.361E-03  2.941E-02  3.803E-01  4.450E-01  3.192E-08   HCN
3       2         25.5    265.8864   1127.5207    3.069  3.533E-02  2.893E-03  6.435E-04  2.941E-02  1.540E-01  3.728E-08   HCN
4       3         42.5    354.5055    845.6638    7.434  6.723E-04  1.268E-03  8.390E-05  6.435E-04  6.748E-02  3.872E-08   HCN
5       4         63.8    443.1161    676.5550   17.166  6.735E-05  5.835E-04  2.971E-05  8.390E-05  3.106E-02  3.480E-08   HCN
6       5         89.3    531.7163    563.8203   25.942  2.064E-05  3.145E-04  1.313E-05  2.971E-05  1.674E-02  3.241E-08   HCN
