      LINE         E_UP       FREQ        WAVEL     T_EX      TAU        T_R       POP        POP       FLUX        FLUX   SPECIES
                   (K)        (GHz)       (um)      (K)                  (K)        UP        LOW      (K*km/s) (erg/cm2/s)   SPECIES
1       0          5.5    115.2712   2600.7576   80.000  1.016E+03  7.643E+01  9.567E-02  3.417E-02  4.068E+03  8.024E-05   CO
2       1         16.6    230.5380   1300.4037   80.000  3.662E+03  7.440E+01  1.389E-01  9.567E-02  3.960E+03  6.249E-04   CO
3       2         33.2    345.7960    866.9634   80.000  6.933E+03  7.195E+01  1.580E-01  1.389E-01  3.830E+03  2.039E-03   CO
4       3         55.3    461.0408    650.2515   80.000  9.672E+03  6.944E+01  1.540E-01  1.580E-01  3.696E+03  4.664E-03   CO
5       4         83.0    576.2679    520.2310   80.000  1.107E+04  6.697E+01  1.332E-01  1.540E-01  3.564E+03  8.784E-03   CO
6       5        116.2    691.4731    433.5562   80.000  1.089E+04  6.455E+01  1.040E-01  1.332E-01  3.436E+03  1.463E-02   CO
7       6        154.9    806.6518    371.6504   80.000  9.462E+03  6.220E+01  7.396E-02  1.040E-01  3.310E+03  2.238E-02   CO
8       7        199.1    921.7997    325.2252   79.999  7.358E+03  5.991E+01  4.822E-02  7.396E-02  3.189E+03  3.216E-02   CO
9       8        248.9   1036.9124    289.1203   79.999  5.173E+03  5.768E+01  2.893E-02  4.822E-02  3.070E+03  4.408E-02   CO
10      9        304.2   1151.9855    260.2398   79.997  3.310E+03  5.551E+01  1.602E-02  2.893E-02  2.955E+03  5.817E-02   CO
11      10       365.0   1267.0145    236.6133   79.994  1.939E+03  5.341E+01  8.205E-03  1.602E-02  2.843E+03  7.446E-02   CO
12      11       431.3   1381.9951    216.9273   79.988  1.042E+03  5.136E+01  3.892E-03  8.205E-03  2.733E+03  9.292E-02   CO
13      12       503.1   1496.9229    200.2725   79.972  5.152E+02  4.936E+01  1.712E-03  3.892E-03  2.627E+03  1.135E-01   CO
14      13       580.5   1611.7935    185.9993   79.927  2.351E+02  4.739E+01  6.985E-04  1.712E-03  2.523E+03  1.360E-01   CO
15      14       663.4   1726.6025    173.6314   79.789  9.909E+01  4.540E+01  2.643E-04  6.985E-04  2.417E+03  1.602E-01   CO
16      15       751.7   1841.3455    162.8116   79.338  3.865E+01  4.319E+01  9.236E-05  2.643E-04  2.299E+03  1.848E-01   CO
1       0         23.6    492.1607    609.1354   79.998  1.989E+01  6.876E+01  4.043E-01  1.811E-01  3.660E+03  5.619E-03   [CI]
2       1         62.5    809.3420    370.4151   79.994  2.808E+01  6.214E+01  4.146E-01  4.043E-01  3.307E+03  2.258E-02   [CI]
2       0         62.5   1301.5026    230.3433   79.995  8.730E-07  4.609E-05  4.146E-01  1.811E-01  2.453E-03  6.964E-08   [CI]
1       0          4.2     88.6316   3382.4556  130.911  4.526E+00  1.263E+02  8.046E-02  2.770E-02  6.721E+03  6.027E-05   HCN
2       1         12.8    177.2611   1691.2478   56.783  3.813E+01  5.224E+01  1.154E-01  8.046E-02  2.781E+03  1.995E-04   HCN
3       2         25.5    265.8864   1127.5207   97.544  4.339E+01  9.118E+01  1.418E-01  1.154E-01  4.853E+03  1.175E-03   HCN
4       3         42.5    354.5055    845.6638   54.928  1.103E+02  4.683E+01  1.337E-01  1.418E-01  2.492E+03  1.430E-03   HCN
5       4         63.8    443.1161    676.5550   95.505  7.578E+01  8.526E+01  1.308E-01  1.337E-01  4.538E+03  5.085E-03   HCN
6       5         89.3    531.7163    563.8203   23.651  2.407E+02  1.314E+01  5.256E-02  1.308E-01  6.994E+02  1.354E-03   HCN
