      LINE         E_UP       FREQ        WAVEL     T_EX      TAU        T_R       POP        POP       FLUX        FLUX   SPECIES
                   (K)        (GHz)       (um)      (K)                  (K)        UP        LOW      (K*km/s) (erg/cm2/s)   SPECIES
1       0          5.5    115.2712   2600.7576   20.366  1.817E+00  1.414E+01  3.927E-01  1.717E-01  7.528E+02  1.485E-05   CO
2       1         16.6    230.5380   1300.4037   14.415  6.235E+00  9.371E+00  3.038E-01  3.927E-01  4.988E+02  7.870E-05   CO
3       2         33.2    345.7960    866.9634   12.053  6.053E+00  5.551E+00  1.073E-01  3.038E-01  2.955E+02  1.573E-04   CO
4       3         55.3    461.0408    650.2515   10.991  2.356E+00  3.082E+00  1.843E-02  1.073E-01  1.640E+02  2.070E-04   CO
5       4         83.0    576.2679    520.2310   15.203  3.797E-01  1.691E+00  3.653E-03  1.843E-02  8.999E+01  2.218E-04   CO
6       5        116.2    691.4731    433.5562   27.909  6.119E-02  8.624E-01  1.315E-03  3.653E-03  4.590E+01  1.954E-04   CO
7       6        154.9    806.6518    371.6504   38.987  1.963E-02  4.428E-01  5.620E-04  1.315E-03  2.357E+01  1.593E-04   CO
8       7        199.1    921.7997    325.2252   48.934  7.832E-03  2.348E-01  2.579E-04  5.620E-04  1.250E+01  1.261E-04   CO
9       8        248.9   1036.9124    289.1203   58.116  3.437E-03  1.261E-01  1.224E-04  2.579E-04  6.710E+00  9.634E-05   CO
10      9        304.2   1151.9855    260.2398   67.883  1.564E-03  6.868E-02  5.993E-05  1.224E-04  3.656E+00  7.197E-05   CO
11      10       365.0   1267.0145    236.6133   78.935  7.317E-04  3.833E-02  3.038E-05  5.993E-05  2.040E+00  5.343E-05   CO
12      11       431.3   1381.9951    216.9273   88.349  3.613E-04  2.142E-02  1.559E-05  3.038E-05  1.140E+00  3.875E-05   CO
13      12       503.1   1496.9229    200.2725   98.146  1.807E-04  1.203E-02  8.097E-06  1.559E-05  6.401E-01  2.765E-05   CO
14      13       580.5   1611.7935    185.9993  100.346  9.637E-05  6.417E-03  4.023E-06  8.097E-06  3.416E-01  1.842E-05   CO
15      14       663.4   1726.6025    173.6314  105.755  4.799E-05  3.344E-03  1.964E-06  4.023E-06  1.780E-01  1.180E-05   CO
16      15       751.7   1841.3455    162.8116  118.579  2.247E-05  1.794E-03  9.925E-07  1.964E-06  9.547E-02  7.676E-06   CO
1       0         23.6    492.1607    609.1354   22.889  1.116E-02  1.450E-01  4.310E-01  4.032E-01  7.718E+00  1.185E-05   [CI]
2       1         62.5    809.3420    370.4151   26.485  5.987E-03  6.954E-02  1.657E-01  4.310E-01  3.701E+00  2.527E-05   [CI]
2       0         62.5   1301.5026    230.3433   25.000  3.293E-10  1.842E-09  1.657E-01  4.032E-01  9.805E-08  2.784E-12   [CI]
1       0          4.2     88.6316   3382.4556    2.736  2.397E-01  1.763E-03  3.768E-01  5.946E-01  9.384E-02  8.414E-10   HCN
2       1         12.8    177.2611   1691.2478    2.738  1.226E-01  6.786E-04  2.809E-02  3.768E-01  3.612E-02  2.591E-09   HCN
3       2         25.5    265.8864   1127.5207    2.852  8.512E-03  2.370E-04  4.486E-04  2.809E-02  1.262E-02  3.054E-09   HCN
4       3         42.5    354.5055    845.6638    5.699  1.244E-04  1.084E-04  2.913E-05  4.486E-04  5.771E-03  3.312E-09   HCN
5       4         63.8    443.1161    676.5550   17.721  5.779E-06  5.292E-05  1.072E-05  2.913E-05  2.817E-03  3.156E-09   HCN
6       5         89.3    531.7163    563.8203   27.362  1.813E-06  3.001E-05  4.988E-06  1.072E-05  1.597E-03  3.092E-09   HCN
