      LINE         E_UP       FREQ        WAVEL     T_EX      TAU        T_R       POP        POP       FLUX        FLUX   SPECIES
                   (K)        (GHz)       (um)      (K)                  (K)        UP        LOW      (K*km/s) (erg/cm2/s)   SPECIES
1       0          5.5    115.2712   2600.7576  204.679  1.277E+01  2.011E+02  3.958E-02  1.355E-02  1.070E+04  2.111E-04   CO
2       1         16.6    230.5380   1300.4037  204.648  4.903E+01  1.990E+02  6.249E-02  3.958E-02  1.059E+04  1.671E-03   CO
3       2         33.2    345.7960    866.9634  204.640  1.031E+02  1.964E+02  8.067E-02  6.249E-02  1.045E+04  5.567E-03   CO
4       3         55.3    461.0408    650.2515  204.619  1.664E+02  1.937E+02  9.309E-02  8.067E-02  1.031E+04  1.301E-02   CO
5       4         83.0    576.2679    520.2310  204.579  2.299E+02  1.911E+02  9.939E-02  9.309E-02  1.017E+04  2.506E-02   CO
6       5        116.2    691.4731    433.5562  204.524  2.848E+02  1.884E+02  9.987E-02  9.939E-02  1.003E+04  4.269E-02   CO
7       6        154.9    806.6518    371.6504  204.439  3.246E+02  1.857E+02  9.536E-02  9.987E-02  9.883E+03  6.681E-02   CO
8       7        199.1    921.7997    325.2252  204.319  3.453E+02  1.830E+02  8.703E-02  9.536E-02  9.740E+03  9.825E-02   CO
9       8        248.9   1036.9124    289.1203  204.150  3.464E+02  1.803E+02  7.623E-02  8.703E-02  9.595E+03  1.378E-01   CO
10      9        304.2   1151.9855    260.2398  203.885  3.297E+02  1.775E+02  6.424E-02  7.623E-02  9.447E+03  1.860E-01   CO
11      10       365.0   1267.0145    236.6133  203.546  2.995E+02  1.747E+02  5.219E-02  6.424E-02  9.296E+03  2.435E-01   CO
12      11       431.3   1381.9951    216.9273  203.026  2.602E+02  1.717E+02  4.092E-02  5.219E-02  9.137E+03  3.106E-01   CO
13      12       503.1   1496.9229    200.2725  202.271  2.170E+02  1.685E+02  3.098E-02  4.092E-02  8.967E+03  3.874E-01   CO
14      13       580.5   1611.7935    185.9993  200.922  1.742E+02  1.647E+02  2.264E-02  3.098E-02  8.767E+03  4.728E-01   CO
15      14       663.4   1726.6025    173.6314  198.868  1.346E+02  1.603E+02  1.596E-02  2.264E-02  8.532E+03  5.656E-01   CO
16      15       751.7   1841.3455    162.8116  195.171  1.005E+02  1.543E+02  1.080E-02  1.596E-02  8.213E+03  6.604E-01   CO
1       0         23.6    492.1607    609.1354  206.411  5.027E-01  7.697E+01  3.644E-01  1.362E-01  4.097E+03  6.290E-03   [CI]
2       1         62.5    809.3420    370.4151  198.720  9.278E-01  1.088E+02  4.995E-01  3.644E-01  5.790E+03  3.953E-02   [CI]
2       0         62.5   1301.5026    230.3433  201.560  2.565E-08  4.409E-06  4.995E-01  1.362E-01  2.347E-04  6.663E-09   [CI]
1       0          4.2     88.6316   3382.4556   42.070  2.855E+00  3.661E+01  1.983E-01  7.315E-02  1.949E+03  1.747E-05   HCN
2       1         12.8    177.2611   1691.2478   33.699  1.197E+01  2.923E+01  2.568E-01  1.983E-01  1.556E+03  1.116E-04   HCN
3       2         25.5    265.8864   1127.5207   29.926  2.171E+01  2.388E+01  2.347E-01  2.568E-01  1.271E+03  3.077E-04   HCN
4       3         42.5    354.5055    845.6638   25.136  2.677E+01  1.755E+01  1.534E-01  2.347E-01  9.340E+02  5.359E-04   HCN
5       4         63.8    443.1161    676.5550   20.137  2.255E+01  1.133E+01  6.520E-02  1.534E-01  6.032E+02  6.759E-04   HCN
6       5         89.3    531.7163    563.8203   15.928  1.153E+01  6.436E+00  1.552E-02  6.520E-02  3.426E+02  6.632E-04   HCN
