      LINE         E_UP       FREQ        WAVEL     T_EX      TAU        T_R       POP        POP       FLUX        FLUX   SPECIES
                   (K)        (GHz)       (um)      (K)                  (K)        UP        LOW      (K*km/s) (erg/cm2/s)   SPECIES
1       0          5.5    115.2712   2600.7576   54.911  4.237E+01  5.136E+01  1.351E-01  4.982E-02  2.733E+03  5.392E-05   CO
2       1         16.6    230.5380   1300.4037   54.912  1.458E+02  4.937E+01  1.841E-01  1.351E-01  2.628E+03  4.146E-04   CO
3       2         33.2    345.7960    866.9634   54.896  2.554E+02  4.698E+01  1.905E-01  1.841E-01  2.500E+03  1.332E-03   CO
4       3         55.3    461.0408    650.2515   54.858  3.197E+02  4.453E+01  1.637E-01  1.905E-01  2.370E+03  2.991E-03   CO
5       4         83.0    576.2679    520.2310   54.785  3.182E+02  4.211E+01  1.207E-01  1.637E-01  2.242E+03  5.524E-03   CO
6       5        116.2    691.4731    433.5562   54.631  2.641E+02  3.971E+01  7.773E-02  1.207E-01  2.113E+03  8.999E-03   CO
7       6        154.9    806.6518    371.6504   54.295  1.875E+02  3.722E+01  4.396E-02  7.773E-02  1.981E+03  1.339E-02   CO
8       7        199.1    921.7997    325.2252   53.442  1.156E+02  3.434E+01  2.177E-02  4.396E-02  1.828E+03  1.844E-02   CO
9       8        248.9   1036.9124    289.1203   50.899  6.278E+01  3.001E+01  9.154E-03  2.177E-02  1.597E+03  2.293E-02   CO
10      9        304.2   1151.9855    260.2398   43.974  2.997E+01  2.198E+01  2.878E-03  9.154E-03  1.170E+03  2.303E-02   CO
11      10       365.0   1267.0145    236.6133   32.561  1.103E+01  1.111E+01  4.870E-04  2.878E-03  5.915E+02  1.549E-02   CO
12      11       431.3   1381.9951    216.9273   23.639  2.056E+00  3.722E+00  3.200E-05  4.870E-04  1.981E+02  6.734E-03   CO
13      12       503.1   1496.9229    200.2725   28.363  1.313E-01  7.625E-01  2.745E-06  3.200E-05  4.058E+01  1.753E-03   CO
14      13       580.5   1611.7935    185.9993   35.307  1.077E-02  1.044E-01  3.297E-07  2.745E-06  5.555E+00  2.995E-04   CO
15      14       663.4   1726.6025    173.6314   36.293  1.297E-03  1.220E-02  3.593E-08  3.297E-07  6.491E-01  4.303E-05   CO
16      15       751.7   1841.3455    162.8116   38.141  1.407E-04  1.359E-03  3.770E-09  3.593E-08  7.236E-02  5.818E-06   CO
1       0         23.6    492.1607    609.1354   54.659  6.679E-01  2.129E+01  4.323E-01  2.220E-01  1.133E+03  1.740E-03   [CI]
2       1         62.5    809.3420    370.4151   52.897  8.101E-01  1.989E+01  3.457E-01  4.323E-01  1.059E+03  7.229E-03   [CI]
2       0         62.5   1301.5026    230.3433   53.550  2.713E-08  7.667E-07  3.457E-01  2.220E-01  4.081E-05  1.159E-09   [CI]
1       0          4.2     88.6316   3382.4556    8.420  1.060E+01  5.341E+00  4.745E-01  2.621E-01  2.842E+02  2.549E-06   HCN
2       1         12.8    177.2611   1691.2478    6.913  2.283E+01  3.118E+00  2.310E-01  4.745E-01  1.660E+02  1.191E-05   HCN
3       2         25.5    265.8864   1127.5207    5.435  1.278E+01  1.229E+00  3.091E-02  2.310E-01  6.542E+01  1.584E-05   HCN
4       3         42.5    354.5055    845.6638    4.904  1.745E+00  4.240E-01  1.238E-03  3.091E-02  2.257E+01  1.295E-05   HCN
5       4         63.8    443.1161    676.5550    8.896  6.369E-02  1.318E-01  1.386E-04  1.238E-03  7.013E+00  7.858E-06   HCN
6       5         89.3    531.7163    563.8203   15.426  6.232E-03  3.747E-02  3.132E-05  1.386E-04  1.995E+00  3.862E-06   HCN
