      LINE         E_UP       FREQ        WAVEL     T_EX      TAU        T_R       POP        POP       FLUX        FLUX   SPECIES
                   (K)        (GHz)       (um)      (K)                  (K)        UP        LOW      (K*km/s) (erg/cm2/s)   SPECIES
1       0          5.5    115.2712   2600.7576 -242.788 -3.962E-01  1.198E+02  9.423E-02  3.070E-02  6.376E+03  1.258E-04   CO
2       1         16.6    230.5380   1300.4037  118.702  3.128E+00  1.081E+02  1.431E-01  9.423E-02  5.754E+03  9.080E-04   CO
3       2         33.2    345.7960    866.9634  104.451  7.052E+00  9.625E+01  1.709E-01  1.431E-01  5.123E+03  2.728E-03   CO
4       3         55.3    461.0408    650.2515   96.054  1.121E+01  8.541E+01  1.745E-01  1.709E-01  4.546E+03  5.737E-03   CO
5       4         83.0    576.2679    520.2310   85.776  1.488E+01  7.269E+01  1.545E-01  1.745E-01  3.869E+03  9.535E-03   CO
6       5        116.2    691.4731    433.5562   73.975  1.693E+01  5.862E+01  1.166E-01  1.545E-01  3.120E+03  1.328E-02   CO
7       6        154.9    806.6518    371.6504   60.817  1.639E+01  4.350E+01  7.117E-02  1.166E-01  2.315E+03  1.565E-02   CO
8       7        199.1    921.7997    325.2252   48.040  1.263E+01  2.927E+01  3.212E-02  7.117E-02  1.558E+03  1.571E-02   CO
9       8        248.9   1036.9124    289.1203   37.334  6.896E+00  1.780E+01  9.465E-03  3.212E-02  9.476E+02  1.361E-02   CO
10      9        304.2   1151.9855    260.2398   32.492  2.234E+00  1.101E+01  1.908E-03  9.465E-03  5.862E+02  1.154E-02   CO
11      10       365.0   1267.0145    236.6133   43.236  4.122E-01  6.667E+00  5.121E-04  1.908E-03  3.549E+02  9.295E-03   CO
12      11       431.3   1381.9951    216.9273   69.985  8.892E-02  3.572E+00  2.158E-04  5.121E-04  1.901E+02  6.463E-03   CO
13      12       503.1   1496.9229    200.2725   86.880  3.412E-02  1.874E+00  1.019E-04  2.158E-04  9.974E+01  4.308E-03   CO
14      13       580.5   1611.7935    185.9993   91.764  1.619E-02  9.387E-01  4.712E-05  1.019E-04  4.996E+01  2.694E-03   CO
15      14       663.4   1726.6025    173.6314   96.721  7.496E-03  4.565E-01  2.138E-05  4.712E-05  2.430E+01  1.611E-03   CO
16      15       751.7   1841.3455    162.8116  107.759  3.280E-03  2.277E-01  1.003E-05  2.138E-05  1.212E+01  9.745E-04   CO
1       0         23.6    492.1607    609.1354  388.166  4.720E-03  1.773E+00  4.172E-01  1.478E-01  9.436E+01  1.449E-04   [CI]
2       1         62.5    809.3420    370.4151   82.870  3.548E-02  2.265E+00  4.351E-01  4.172E-01  1.205E+02  8.229E-04   [CI]
2       0         62.5   1301.5026    230.3433  117.950  6.805E-10  6.088E-08  4.351E-01  1.478E-01  3.240E-06  9.200E-11   [CI]
1       0          4.2     88.6316   3382.4556    2.958  2.756E+00  1.814E-01  4.001E-01  5.618E-01  9.655E+00  8.657E-08   HCN
2       1         12.8    177.2611   1691.2478    2.920  1.623E+00  7.702E-02  3.621E-02  4.001E-01  4.100E+00  2.941E-07   HCN
3       2         25.5    265.8864   1127.5207    3.543  1.359E-01  3.034E-02  1.383E-03  3.621E-02  1.615E+00  3.909E-07   HCN
4       3         42.5    354.5055    845.6638    9.211  4.283E-03  1.347E-02  2.805E-04  1.383E-03  7.170E-01  4.114E-07   HCN
5       4         63.8    443.1161    676.5550   17.552  7.038E-04  6.337E-03  1.021E-04  2.805E-04  3.373E-01  3.779E-07   HCN
6       5         89.3    531.7163    563.8203   26.021  2.238E-04  3.426E-03  4.523E-05  1.021E-04  1.824E-01  3.530E-07   HCN
