      LINE         E_UP       FREQ        WAVEL     T_EX      TAU        T_R       POP        POP       FLUX        FLUX   SPECIES
                   (K)        (GHz)       (um)      (K)                  (K)        UP        LOW      (K*km/s) (erg/cm2/s)   SPECIES
1       0          5.5    115.2712   2600.7576 -292.495 -3.705E-01  1.328E+02  8.416E-02  2.753E-02  7.068E+03  1.394E-04   CO
2       1         16.6    230.5380   1300.4037  134.238  3.127E+00  1.229E+02  1.292E-01  8.416E-02  6.544E+03  1.033E-03   CO
3       2         33.2    345.7960    866.9634  119.282  7.087E+00  1.110E+02  1.573E-01  1.292E-01  5.910E+03  3.147E-03   CO
4       3         55.3    461.0408    650.2515  111.048  1.141E+01  1.003E+02  1.658E-01  1.573E-01  5.341E+03  6.740E-03   CO
5       4         83.0    576.2679    520.2310  100.862  1.549E+01  8.766E+01  1.540E-01  1.658E-01  4.666E+03  1.150E-02   CO
6       5        116.2    691.4731    433.5562   88.818  1.833E+01  7.326E+01  1.253E-01  1.540E-01  3.899E+03  1.660E-02   CO
7       6        154.9    806.6518    371.6504   74.796  1.902E+01  5.710E+01  8.614E-02  1.253E-01  3.039E+03  2.054E-02   CO
8       7        199.1    921.7997    325.2252   60.261  1.663E+01  4.082E+01  4.685E-02  8.614E-02  2.173E+03  2.192E-02   CO
9       8        248.9   1036.9124    289.1203   46.669  1.128E+01  2.613E+01  1.803E-02  4.685E-02  1.391E+03  1.997E-02   CO
10      9        304.2   1151.9855    260.2398   36.519  5.109E+00  1.550E+01  4.384E-03  1.803E-02  8.252E+02  1.625E-02   CO
11      10       365.0   1267.0145    236.6133   35.550  1.294E+00  9.739E+00  8.681E-04  4.384E-03  5.184E+02  1.358E-02   CO
12      11       431.3   1381.9951    216.9273   54.828  2.174E-01  5.510E+00  2.814E-04  8.681E-04  2.933E+02  9.969E-03   CO
13      12       503.1   1496.9229    200.2725   80.704  5.871E-02  2.854E+00  1.248E-04  2.814E-04  1.519E+02  6.561E-03   CO
14      13       580.5   1611.7935    185.9993   88.841  2.547E-02  1.401E+00  5.612E-05  1.248E-04  7.456E+01  4.021E-03   CO
15      14       663.4   1726.6025    173.6314   94.067  1.144E-02  6.669E-01  2.486E-05  5.612E-05  3.549E+01  2.353E-03   CO
16      15       751.7   1841.3455    162.8116  104.557  4.894E-03  3.247E-01  1.137E-05  2.486E-05  1.728E+01  1.390E-03   CO
1       0         23.6    492.1607    609.1354  416.301  5.418E-03  2.186E+00  4.087E-01  1.442E-01  1.164E+02  1.786E-04   [CI]
2       1         62.5    809.3420    370.4151   92.225  4.020E-02  2.923E+00  4.471E-01  4.087E-01  1.556E+02  1.062E-03   [CI]
2       0         62.5   1301.5026    230.3433  130.699  7.725E-10  7.875E-08  4.471E-01  1.442E-01  4.192E-06  1.190E-10   [CI]
1       0          4.2     88.6316   3382.4556    3.051  3.347E+00  2.625E-01  4.089E-01  5.496E-01  1.397E+01  1.253E-07   HCN
2       1         12.8    177.2611   1691.2478    2.982  2.080E+00  1.124E-01  3.932E-02  4.089E-01  5.984E+00  4.293E-07   HCN
3       2         25.5    265.8864   1127.5207    3.623  1.854E-01  4.552E-02  1.626E-03  3.932E-02  2.423E+00  5.865E-07   HCN
4       3         42.5    354.5055    845.6638    9.244  6.328E-03  2.004E-02  3.318E-04  1.626E-03  1.067E+00  6.121E-07   HCN
5       4         63.8    443.1161    676.5550   17.407  1.053E-03  9.341E-03  1.195E-04  3.318E-04  4.972E-01  5.571E-07   HCN
6       5         89.3    531.7163    563.8203   25.632  3.328E-04  4.976E-03  5.219E-05  1.195E-04  2.649E-01  5.128E-07   HCN
