      LINE         E_UP       FREQ        WAVEL     T_EX      TAU        T_R       POP        POP       FLUX        FLUX   SPECIES
                   (K)        (GHz)       (um)      (K)                  (K)        UP        LOW      (K*km/s) (erg/cm2/s)   SPECIES
1       0          5.5    115.2712   2600.7576 -757.094 -2.930E-01  2.590E+02  2.714E-02  8.982E-03  1.378E+04  2.719E-04   CO
2       1         16.6    230.5380   1300.4037  435.921  2.016E+00  3.729E+02  4.411E-02  2.714E-02  1.985E+04  3.132E-03   CO
3       2         33.2    345.7960    866.9634  379.778  5.026E+00  3.691E+02  5.911E-02  4.411E-02  1.964E+04  1.046E-02   CO
4       3         55.3    461.0408    650.2515  371.982  8.649E+00  3.610E+02  7.161E-02  5.911E-02  1.921E+04  2.425E-02   CO
5       4         83.0    576.2679    520.2310  366.858  1.278E+01  3.532E+02  8.117E-02  7.161E-02  1.880E+04  4.633E-02   CO
6       5        116.2    691.4731    433.5562  361.186  1.716E+01  3.448E+02  8.751E-02  8.117E-02  1.835E+04  7.815E-02   CO
7       6        154.9    806.6518    371.6504  352.716  2.157E+01  3.337E+02  9.047E-02  8.751E-02  1.776E+04  1.201E-01   CO
8       7        199.1    921.7997    325.2252  342.092  2.570E+01  3.204E+02  9.010E-02  9.047E-02  1.706E+04  1.720E-01   CO
9       8        248.9   1036.9124    289.1203  328.440  2.934E+01  3.042E+02  8.654E-02  9.010E-02  1.619E+04  2.325E-01   CO
10      9        304.2   1151.9855    260.2398  312.419  3.218E+01  2.856E+02  8.013E-02  8.654E-02  1.520E+04  2.993E-01   CO
11      10       365.0   1267.0145    236.6133  294.780  3.395E+01  2.654E+02  7.141E-02  8.013E-02  1.413E+04  3.700E-01   CO
12      11       431.3   1381.9951    216.9273  274.256  3.455E+01  2.424E+02  6.094E-02  7.141E-02  1.290E+04  4.386E-01   CO
13      12       503.1   1496.9229    200.2725  250.409  3.394E+01  2.162E+02  4.940E-02  6.094E-02  1.151E+04  4.971E-01   CO
14      13       580.5   1611.7935    185.9993  221.232  3.229E+01  1.848E+02  3.741E-02  4.940E-02  9.836E+03  5.304E-01   CO
15      14       663.4   1726.6025    173.6314  189.826  2.905E+01  1.514E+02  2.584E-02  3.741E-02  8.058E+03  5.342E-01   CO
16      15       751.7   1841.3455    162.8116  158.514  2.404E+01  1.184E+02  1.575E-02  2.584E-02  6.303E+03  5.067E-01   CO
1       0         23.6    492.1607    609.1354  608.999  2.017E-02  1.193E+01  3.560E-01  1.234E-01  6.348E+02  9.745E-04   [CI]
2       1         62.5    809.3420    370.4151  297.056  7.879E-02  2.107E+01  5.206E-01  3.560E-01  1.121E+03  7.656E-03   [CI]
2       0         62.5   1301.5026    230.3433  368.417  1.712E-09  5.786E-07  5.206E-01  1.234E-01  3.080E-05  8.744E-10   [CI]
1       0          4.2     88.6316   3382.4556    8.302  5.293E+00  5.199E+00  4.643E-01  2.583E-01  2.767E+02  2.481E-06   HCN
2       1         12.8    177.2611   1691.2478    7.029  1.110E+01  3.221E+00  2.307E-01  4.643E-01  1.714E+02  1.230E-05   HCN
3       2         25.5    265.8864   1127.5207    6.119  6.194E+00  1.687E+00  4.013E-02  2.307E-01  8.982E+01  2.174E-05   HCN
4       3         42.5    354.5055    845.6638    6.840  1.074E+00  9.938E-01  4.289E-03  4.013E-02  5.290E+01  3.035E-05   HCN
5       4         63.8    443.1161    676.5550   14.298  9.423E-02  5.575E-01  1.184E-03  4.289E-03  2.967E+01  3.325E-05   HCN
6       5         89.3    531.7163    563.8203   25.516  2.087E-02  3.066E-01  5.149E-04  1.184E-03  1.632E+01  3.159E-05   HCN
