      LINE         E_UP       FREQ        WAVEL     T_EX      TAU        T_R       POP        POP       FLUX        FLUX   SPECIES
                   (K)        (GHz)       (um)      (K)                  (K)        UP        LOW      (K*km/s) (erg/cm2/s)   SPECIES
1       0          5.5    115.2712   2600.7576 -886.970 -1.310E-01  1.247E+02  8.968E-02  2.971E-02  6.636E+03  1.309E-04   CO
2       1         16.6    230.5380   1300.4037  121.199  3.675E+00  1.126E+02  1.364E-01  8.968E-02  5.995E+03  9.459E-04   CO
3       2         33.2    345.7960    866.9634  110.295  8.050E+00  1.021E+02  1.643E-01  1.364E-01  5.436E+03  2.895E-03   CO
4       3         55.3    461.0408    650.2515  102.634  1.280E+01  9.196E+01  1.703E-01  1.643E-01  4.895E+03  6.177E-03   CO
5       4         83.0    576.2679    520.2310   92.776  1.710E+01  7.963E+01  1.545E-01  1.703E-01  4.238E+03  1.045E-02   CO
6       5        116.2    691.4731    433.5562   80.964  1.983E+01  6.550E+01  1.212E-01  1.545E-01  3.486E+03  1.484E-02   CO
7       6        154.9    806.6518    371.6504   67.343  1.991E+01  4.983E+01  7.869E-02  1.212E-01  2.652E+03  1.793E-02   CO
8       7        199.1    921.7997    325.2252   53.404  1.645E+01  3.430E+01  3.895E-02  7.869E-02  1.826E+03  1.842E-02   CO
9       8        248.9   1036.9124    289.1203   40.814  1.008E+01  2.087E+01  1.286E-02  3.895E-02  1.111E+03  1.595E-02   CO
10      9        304.2   1151.9855    260.2398   32.364  3.827E+00  1.197E+01  2.575E-03  1.286E-02  6.369E+02  1.254E-02   CO
11      10       365.0   1267.0145    236.6133   35.519  7.603E-01  7.132E+00  5.092E-04  2.575E-03  3.796E+02  9.944E-03   CO
12      11       431.3   1381.9951    216.9273   58.544  1.232E-01  3.653E+00  1.783E-04  5.092E-04  1.945E+02  6.610E-03   CO
13      12       503.1   1496.9229    200.2725   78.101  3.794E-02  1.773E+00  7.674E-05  1.783E-04  9.435E+01  4.076E-03   CO
14      13       580.5   1611.7935    185.9993   83.485  1.627E-02  8.183E-01  3.263E-05  7.674E-05  4.355E+01  2.349E-03   CO
15      14       663.4   1726.6025    173.6314   87.602  6.946E-03  3.642E-01  1.355E-05  3.263E-05  1.938E+01  1.285E-03   CO
16      15       751.7   1841.3455    162.8116   96.742  2.799E-03  1.654E-01  5.784E-06  1.355E-05  8.806E+00  7.080E-04   CO
1       0         23.6    492.1607    609.1354  321.750  7.152E-03  2.210E+00  4.135E-01  1.483E-01  1.176E+02  1.806E-04   [CI]
2       1         62.5    809.3420    370.4151   85.749  4.311E-02  2.860E+00  4.381E-01  4.135E-01  1.522E+02  1.039E-03   [CI]
2       0         62.5   1301.5026    230.3433  118.662  8.561E-10  7.718E-08  4.381E-01  1.483E-01  4.108E-06  1.166E-10   [CI]
1       0          4.2     88.6316   3382.4556    3.026  3.380E+00  2.424E-01  4.067E-01  5.530E-01  1.290E+01  1.157E-07   HCN
2       1         12.8    177.2611   1691.2478    2.962  2.071E+00  1.028E-01  3.835E-02  4.067E-01  5.474E+00  3.926E-07   HCN
3       2         25.5    265.8864   1127.5207    3.558  1.812E-01  4.045E-02  1.487E-03  3.835E-02  2.153E+00  5.212E-07   HCN
4       3         42.5    354.5055    845.6638    8.986  5.844E-03  1.738E-02  2.878E-04  1.487E-03  9.250E-01  5.307E-07   HCN
5       4         63.8    443.1161    676.5550   16.967  9.251E-04  7.850E-03  1.004E-04  2.878E-04  4.178E-01  4.682E-07   HCN
6       5         89.3    531.7163    563.8203   24.961  2.840E-04  4.072E-03  4.270E-05  1.004E-04  2.167E-01  4.196E-07   HCN
