      LINE         E_UP       FREQ        WAVEL     T_EX      TAU        T_R       POP        POP       FLUX        FLUX   SPECIES
                   (K)        (GHz)       (um)      (K)                  (K)        UP        LOW      (K*km/s) (erg/cm2/s)   SPECIES
1       0          5.5    115.2712   2600.7576   29.928  5.382E+01  2.641E+01  2.251E-01  9.027E-02  1.406E+03  2.773E-05   CO
2       1         16.6    230.5380   1300.4037   29.925  1.638E+02  2.454E+01  2.592E-01  2.251E-01  1.306E+03  2.061E-04   CO
3       2         33.2    345.7960    866.9634   29.890  2.338E+02  2.232E+01  2.083E-01  2.592E-01  1.188E+03  6.326E-04   CO
4       3         55.3    461.0408    650.2515   29.795  2.197E+02  2.008E+01  1.274E-01  2.083E-01  1.069E+03  1.349E-03   CO
5       4         83.0    576.2679    520.2310   29.527  1.513E+02  1.783E+01  6.105E-02  1.274E-01  9.487E+02  2.338E-03   CO
6       5        116.2    691.4731    433.5562   28.567  8.023E+01  1.512E+01  2.258E-02  6.105E-02  8.046E+02  3.426E-03   CO
7       6        154.9    806.6518    371.6504   24.886  3.356E+01  1.036E+01  5.498E-03  2.258E-02  5.512E+02  3.726E-03   CO
8       7        199.1    921.7997    325.2252   17.929  9.361E+00  4.098E+00  5.284E-04  5.498E-03  2.181E+02  2.200E-03   CO
9       8        248.9   1036.9124    289.1203   13.795  9.459E-01  8.487E-01  1.602E-05  5.284E-04  4.517E+01  6.486E-04   CO
10      9        304.2   1151.9855    260.2398   18.312  2.775E-02  7.771E-02  8.648E-07  1.602E-05  4.136E+00  8.143E-05   CO
11      10       365.0   1267.0145    236.6133   20.570  1.480E-03  4.935E-03  4.927E-08  8.648E-07  2.627E-01  6.881E-06   CO
12      11       431.3   1381.9951    216.9273   21.680  8.402E-05  2.743E-04  2.513E-09  4.927E-08  1.460E-02  4.963E-07   CO
13      12       503.1   1496.9229    200.2725   22.427  4.276E-06  1.301E-05  1.103E-10  2.513E-09  6.924E-04  2.991E-08   CO
14      13       580.5   1611.7935    185.9993   22.697  1.876E-07  4.967E-07  3.920E-12  1.103E-10  2.644E-05  1.426E-09   CO
15      14       663.4   1726.6025    173.6314   22.999  6.652E-09  1.544E-08  1.142E-13  3.920E-12  8.215E-07  5.446E-11   CO
16      15       751.7   1841.3455    162.8116   23.371  1.929E-10  3.977E-10  2.770E-15  1.142E-13  2.117E-08  1.702E-12   CO
1       0         23.6    492.1607    609.1354   29.148  6.540E-01  9.078E+00  4.602E-01  3.450E-01  4.832E+02  7.418E-04   [CI]
2       1         62.5    809.3420    370.4151   28.338  4.925E-01  5.141E+00  1.948E-01  4.602E-01  2.736E+02  1.868E-03   [CI]
2       0         62.5   1301.5026    230.3433   28.639  2.163E-08  1.720E-07  1.948E-01  3.450E-01  9.153E-06  2.599E-10   [CI]
1       0          4.2     88.6316   3382.4556    4.111  1.173E+01  1.214E+00  4.778E-01  4.481E-01  6.463E+01  5.795E-07   HCN
2       1         12.8    177.2611   1691.2478    3.540  1.176E+01  4.535E-01  7.202E-02  4.778E-01  2.414E+01  1.731E-06   HCN
3       2         25.5    265.8864   1127.5207    3.258  1.719E+00  1.148E-01  2.007E-03  7.202E-02  6.108E+00  1.479E-06   HCN
4       3         42.5    354.5055    845.6638    4.811  4.518E-02  2.108E-02  7.514E-05  2.007E-03  1.122E+00  6.438E-07   HCN
5       4         63.8    443.1161    676.5550    9.774  1.502E-03  4.074E-03  1.043E-05  7.514E-05  2.168E-01  2.430E-07   HCN
6       5         89.3    531.7163    563.8203   11.929  2.036E-04  6.930E-04  1.451E-06  1.043E-05  3.688E-02  7.141E-08   HCN
