      LINE         E_UP       FREQ        WAVEL     T_EX      TAU        T_R       POP        POP       FLUX        FLUX   SPECIES
                   (K)        (GHz)       (um)      (K)                  (K)        UP        LOW      (K*km/s) (erg/cm2/s)   SPECIES
1       0          5.5    115.2712   2600.7576   29.726  2.771E+01  2.621E+01  2.295E-01  9.216E-02  1.395E+03  2.752E-05   CO
2       1         16.6    230.5380   1300.4037   29.707  8.419E+01  2.432E+01  2.636E-01  2.295E-01  1.295E+03  2.043E-04   CO
3       2         33.2    345.7960    866.9634   29.570  1.201E+02  2.201E+01  2.105E-01  2.636E-01  1.171E+03  6.237E-04   CO
4       3         55.3    461.0408    650.2515   29.172  1.129E+02  1.949E+01  1.268E-01  2.105E-01  1.037E+03  1.309E-03   CO
5       4         83.0    576.2679    520.2310   27.996  7.788E+01  1.641E+01  5.770E-02  1.268E-01  8.733E+02  2.152E-03   CO
6       5        116.2    691.4731    433.5562   24.274  4.122E+01  1.135E+01  1.738E-02  5.770E-02  6.041E+02  2.572E-03   CO
7       6        154.9    806.6518    371.6504   17.655  1.458E+01  4.864E+00  2.238E-03  1.738E-02  2.589E+02  1.750E-03   CO
8       7        199.1    921.7997    325.2252   12.481  2.026E+00  1.142E+00  7.326E-05  2.238E-03  6.080E+01  6.133E-04   CO
9       8        248.9   1036.9124    289.1203   15.647  6.475E-02  1.353E-01  3.404E-06  7.326E-05  7.204E+00  1.034E-04   CO
10      9        304.2   1151.9855    260.2398   19.443  2.926E-03  9.986E-03  2.190E-07  3.404E-06  5.315E-01  1.046E-05   CO
11      10       365.0   1267.0145    236.6133   20.607  1.878E-04  6.302E-04  1.255E-08  2.190E-07  3.354E-02  8.786E-07   CO
12      11       431.3   1381.9951    216.9273   21.494  1.074E-05  3.409E-05  6.231E-10  1.255E-08  1.815E-03  6.168E-08   CO
13      12       503.1   1496.9229    200.2725   22.111  5.324E-07  1.544E-06  2.612E-11  6.231E-10  8.220E-05  3.551E-09   CO
14      13       580.5   1611.7935    185.9993   22.674  2.227E-08  5.877E-08  9.254E-13  2.612E-11  3.128E-06  1.687E-10   CO
15      14       663.4   1726.6025    173.6314   22.617  7.882E-10  1.718E-09  2.536E-14  9.254E-13  9.147E-08  6.063E-12   CO
16      15       751.7   1841.3455    162.8116   23.341  2.148E-11  4.406E-11  6.124E-16  2.536E-14  2.345E-09  1.885E-13   CO
1       0         23.6    492.1607    609.1354   28.030  3.483E-01  5.252E+00  4.618E-01  3.575E-01  2.795E+02  4.292E-04   [CI]
2       1         62.5    809.3420    370.4151   26.800  2.540E-01  2.673E+00  1.807E-01  4.618E-01  1.423E+02  9.712E-04   [CI]
2       0         62.5   1301.5026    230.3433   27.252  1.138E-08  7.994E-08  1.807E-01  3.575E-01  4.255E-06  1.208E-10   [CI]
1       0          4.2     88.6316   3382.4556    3.188  8.023E+00  3.899E-01  4.230E-01  5.354E-01  2.075E+01  1.861E-07   HCN
2       1         12.8    177.2611   1691.2478    2.984  5.404E+00  1.287E-01  4.074E-02  4.230E-01  6.852E+00  4.915E-07   HCN
3       2         25.5    265.8864   1127.5207    3.040  4.897E-01  2.920E-02  8.571E-04  4.074E-02  1.554E+00  3.762E-07   HCN
4       3         42.5    354.5055    845.6638    4.899  9.654E-03  4.916E-03  3.419E-05  8.571E-04  2.616E-01  1.501E-07   HCN
5       4         63.8    443.1161    676.5550    9.726  3.430E-04  9.197E-04  4.694E-06  3.419E-05  4.895E-02  5.485E-08   HCN
6       5         89.3    531.7163    563.8203   12.199  4.565E-05  1.640E-04  6.848E-07  4.694E-06  8.727E-03  1.690E-08   HCN
