      LINE         E_UP       FREQ        WAVEL     T_EX      TAU        T_R       POP        POP       FLUX        FLUX   SPECIES
                   (K)        (GHz)       (um)      (K)                  (K)        UP        LOW      (K*km/s) (erg/cm2/s)   SPECIES
1       0          5.5    115.2712   2600.7576   79.997  2.027E+02  7.643E+01  9.570E-02  3.418E-02  4.068E+03  8.024E-05   CO
2       1         16.6    230.5380   1300.4037   79.997  7.308E+02  7.440E+01  1.389E-01  9.570E-02  3.960E+03  6.248E-04   CO
3       2         33.2    345.7960    866.9634   79.997  1.384E+03  7.195E+01  1.580E-01  1.389E-01  3.829E+03  2.039E-03   CO
4       3         55.3    461.0408    650.2515   79.996  1.930E+03  6.944E+01  1.541E-01  1.580E-01  3.696E+03  4.664E-03   CO
5       4         83.0    576.2679    520.2310   79.995  2.209E+03  6.696E+01  1.333E-01  1.541E-01  3.564E+03  8.783E-03   CO
6       5        116.2    691.4731    433.5562   79.992  2.174E+03  6.454E+01  1.040E-01  1.333E-01  3.435E+03  1.463E-02   CO
7       6        154.9    806.6518    371.6504   79.988  1.888E+03  6.219E+01  7.397E-02  1.040E-01  3.310E+03  2.237E-02   CO
8       7        199.1    921.7997    325.2252   79.980  1.468E+03  5.989E+01  4.822E-02  7.397E-02  3.188E+03  3.215E-02   CO
9       8        248.9   1036.9124    289.1203   79.965  1.033E+03  5.765E+01  2.892E-02  4.822E-02  3.068E+03  4.405E-02   CO
10      9        304.2   1151.9855    260.2398   79.932  6.606E+02  5.545E+01  1.601E-02  2.892E-02  2.951E+03  5.811E-02   CO
11      10       365.0   1267.0145    236.6133   79.858  3.869E+02  5.328E+01  8.187E-03  1.601E-02  2.836E+03  7.428E-02   CO
12      11       431.3   1381.9951    216.9273   79.689  2.079E+02  5.107E+01  3.872E-03  8.187E-03  2.718E+03  9.241E-02   CO
13      12       503.1   1496.9229    200.2725   79.256  1.028E+02  4.869E+01  1.689E-03  3.872E-03  2.591E+03  1.119E-01   CO
14      13       580.5   1611.7935    185.9993   77.856  4.701E+01  4.548E+01  6.717E-04  1.689E-03  2.421E+03  1.305E-01   CO
15      14       663.4   1726.6025    173.6314   72.716  2.001E+01  3.899E+01  2.297E-04  6.717E-04  2.075E+03  1.376E-01   CO
16      15       751.7   1841.3455    162.8116   60.498  7.663E+00  2.669E+01  5.675E-05  2.297E-04  1.421E+03  1.142E-01   CO
1       0         23.6    492.1607    609.1354   79.969  3.972E+00  6.744E+01  4.044E-01  1.811E-01  3.590E+03  5.511E-03   [CI]
2       1         62.5    809.3420    370.4151   79.851  5.612E+00  6.177E+01  4.144E-01  4.044E-01  3.288E+03  2.245E-02   [CI]
2       0         62.5   1301.5026    230.3433   79.896  1.744E-07  9.190E-06  4.144E-01  1.811E-01  4.892E-04  1.389E-08   [CI]
1       0          4.2     88.6316   3382.4556   47.271  5.158E+00  4.379E+01  1.612E-01  5.879E-02  2.331E+03  2.090E-05   HCN
2       1         12.8    177.2611   1691.2478   43.458  1.948E+01  3.895E+01  2.209E-01  1.612E-01  2.073E+03  1.487E-04   HCN
3       2         25.5    265.8864   1127.5207   40.315  3.666E+01  3.415E+01  2.253E-01  2.209E-01  1.818E+03  4.400E-04   HCN
4       3         42.5    354.5055    845.6638   35.487  5.000E+01  2.762E+01  1.794E-01  2.253E-01  1.470E+03  8.436E-04   HCN
5       4         63.8    443.1161    676.5550   29.260  5.248E+01  1.990E+01  1.060E-01  1.794E-01  1.059E+03  1.187E-03   HCN
6       5         89.3    531.7163    563.8203   22.425  4.005E+01  1.203E+01  4.015E-02  1.060E-01  6.404E+02  1.240E-03   HCN
