      LINE         E_UP       FREQ        WAVEL     T_EX      TAU        T_R       POP        POP       FLUX        FLUX   SPECIES
                   (K)        (GHz)       (um)      (K)                  (K)        UP        LOW      (K*km/s) (erg/cm2/s)   SPECIES
1       0          5.5    115.2712   2600.7576 -428.952 -2.611E-01  1.291E+02  8.672E-02  2.854E-02  6.869E+03  1.355E-04   CO
2       1         16.6    230.5380   1300.4037  127.852  3.376E+00  1.180E+02  1.325E-01  8.672E-02  6.282E+03  9.913E-04   CO
3       2         33.2    345.7960    866.9634  114.982  7.525E+00  1.068E+02  1.606E-01  1.325E-01  5.684E+03  3.027E-03   CO
4       3         55.3    461.0408    650.2515  107.025  1.205E+01  9.634E+01  1.679E-01  1.606E-01  5.127E+03  6.471E-03   CO
5       4         83.0    576.2679    520.2310   96.987  1.624E+01  8.381E+01  1.543E-01  1.679E-01  4.461E+03  1.099E-02   CO
6       5        116.2    691.4731    433.5562   85.046  1.903E+01  6.953E+01  1.235E-01  1.543E-01  3.701E+03  1.576E-02   CO
7       6        154.9    806.6518    371.6504   71.207  1.946E+01  5.360E+01  8.272E-02  1.235E-01  2.853E+03  1.928E-02   CO
8       7        199.1    921.7997    325.2252   56.946  1.658E+01  3.766E+01  4.311E-02  8.272E-02  2.005E+03  2.022E-02   CO
9       8        248.9   1036.9124    289.1203   43.817  1.074E+01  2.355E+01  1.548E-02  4.311E-02  1.253E+03  1.799E-02   CO
10      9        304.2   1151.9855    260.2398   34.434  4.495E+00  1.373E+01  3.434E-03  1.548E-02  7.310E+02  1.439E-02   CO
11      10       365.0   1267.0145    236.6133   35.327  1.016E+00  8.448E+00  6.726E-04  3.434E-03  4.496E+02  1.178E-02   CO
12      11       431.3   1381.9951    216.9273   56.718  1.655E-01  4.558E+00  2.271E-04  6.726E-04  2.426E+02  8.247E-03   CO
13      12       503.1   1496.9229    200.2725   79.687  4.774E-02  2.288E+00  9.955E-05  2.271E-04  1.218E+02  5.262E-03   CO
14      13       580.5   1611.7935    185.9993   86.241  2.069E-02  1.091E+00  4.360E-05  9.955E-05  5.807E+01  3.131E-03   CO
15      14       663.4   1726.6025    173.6314   90.831  9.080E-03  5.027E-01  1.872E-05  4.360E-05  2.676E+01  1.774E-03   CO
16      15       751.7   1841.3455    162.8116  100.671  3.774E-03  2.368E-01  8.283E-06  1.872E-05  1.260E+01  1.013E-03   CO
1       0         23.6    492.1607    609.1354  366.995  6.204E-03  2.197E+00  4.110E-01  1.461E-01  1.170E+02  1.796E-04   [CI]
2       1         62.5    809.3420    370.4151   89.055  4.158E-02  2.893E+00  4.429E-01  4.110E-01  1.540E+02  1.051E-03   [CI]
2       0         62.5   1301.5026    230.3433  124.795  8.113E-10  7.801E-08  4.429E-01  1.461E-01  4.152E-06  1.179E-10   [CI]
1       0          4.2     88.6316   3382.4556    3.038  3.363E+00  2.527E-01  4.078E-01  5.512E-01  1.345E+01  1.206E-07   HCN
2       1         12.8    177.2611   1691.2478    2.972  2.076E+00  1.078E-01  3.885E-02  4.078E-01  5.735E+00  4.114E-07   HCN
3       2         25.5    265.8864   1127.5207    3.592  1.833E-01  4.306E-02  1.558E-03  3.885E-02  2.292E+00  5.548E-07   HCN
4       3         42.5    354.5055    845.6638    9.124  6.092E-03  1.874E-02  3.103E-04  1.558E-03  9.977E-01  5.724E-07   HCN
5       4         63.8    443.1161    676.5550   17.190  9.909E-04  8.604E-03  1.101E-04  3.103E-04  4.580E-01  5.131E-07   HCN
6       5         89.3    531.7163    563.8203   25.316  3.088E-04  4.527E-03  4.748E-05  1.101E-04  2.410E-01  4.665E-07   HCN
