      LINE         E_UP       FREQ        WAVEL     T_EX      TAU        T_R       POP        POP       FLUX        FLUX   SPECIES
                   (K)        (GHz)       (um)      (K)                  (K)        UP        LOW      (K*km/s) (erg/cm2/s)   SPECIES
1       0          5.5    115.2712   2600.7576  379.996  9.306E+01  3.764E+02  2.145E-02  7.256E-03  2.003E+04  3.952E-04   CO
2       1         16.6    230.5380   1300.4037  379.997  3.640E+02  3.743E+02  3.473E-02  2.145E-02  1.992E+04  3.144E-03   CO
3       2         33.2    345.7960    866.9634  379.997  7.892E+02  3.717E+02  4.654E-02  3.473E-02  1.978E+04  1.054E-02   CO
4       3         55.3    461.0408    650.2515  379.997  1.331E+03  3.690E+02  5.646E-02  4.654E-02  1.964E+04  2.479E-02   CO
5       4         83.0    576.2679    520.2310  379.996  1.944E+03  3.663E+02  6.416E-02  5.646E-02  1.950E+04  4.805E-02   CO
6       5        116.2    691.4731    433.5562  379.996  2.578E+03  3.636E+02  6.948E-02  6.416E-02  1.935E+04  8.241E-02   CO
7       6        154.9    806.6518    371.6504  379.996  3.185E+03  3.610E+02  7.241E-02  6.948E-02  1.921E+04  1.299E-01   CO
8       7        199.1    921.7997    325.2252  379.995  3.718E+03  3.583E+02  7.304E-02  7.241E-02  1.907E+04  1.924E-01   CO
9       8        248.9   1036.9124    289.1203  379.995  4.144E+03  3.557E+02  7.162E-02  7.304E-02  1.893E+04  2.718E-01   CO
10      9        304.2   1151.9855    260.2398  379.994  4.436E+03  3.530E+02  6.844E-02  7.162E-02  1.879E+04  3.699E-01   CO
11      10       365.0   1267.0145    236.6133  379.993  4.590E+03  3.504E+02  6.387E-02  6.844E-02  1.865E+04  4.885E-01   CO
12      11       431.3   1381.9951    216.9273  379.992  4.597E+03  3.478E+02  5.831E-02  6.387E-02  1.851E+04  6.292E-01   CO
13      12       503.1   1496.9229    200.2725  379.990  4.475E+03  3.452E+02  5.212E-02  5.831E-02  1.837E+04  7.937E-01   CO
14      13       580.5   1611.7935    185.9993  379.988  4.243E+03  3.426E+02  4.567E-02  5.212E-02  1.824E+04  9.834E-01   CO
15      14       663.4   1726.6025    173.6314  379.984  3.921E+03  3.401E+02  3.926E-02  4.567E-02  1.810E+04  1.200E+00   CO
16      15       751.7   1841.3455    162.8116  379.980  3.538E+03  3.375E+02  3.312E-02  3.926E-02  1.796E+04  1.444E+00   CO
1       0         23.6    492.1607    609.1354  379.962  6.412E+00  3.677E+02  3.497E-01  1.241E-01  1.957E+04  3.004E-02   [CI]
2       1         62.5    809.3420    370.4151  379.886  1.225E+01  3.608E+02  5.262E-01  3.497E-01  1.920E+04  1.311E-01   [CI]
2       0         62.5   1301.5026    230.3433  379.915  3.339E-07  1.167E-04  5.262E-01  1.241E-01  6.211E-03  1.763E-07   [CI]
1       0          4.2     88.6316   3382.4556   -1.141  6.797E-17 -6.537E-16  1.387E-02  2.808E-03 -3.479E-14 -3.120E-22   HCN
2       1         12.8    177.2611   1691.2478    1.856  2.718E-17  0.000E+00  9.837E-03  1.387E-02  0.000E+00  0.000E+00   HCN
3       2         25.5    265.8864   1127.5207   -2.668  1.748E-17  0.000E+00  1.354E-01  9.837E-03  0.000E+00  0.000E+00   HCN
4       3         42.5    354.5055    845.6638   10.263  1.295E-17  0.000E+00  2.080E-02  1.354E-01  0.000E+00  0.000E+00   HCN
5       4         63.8    443.1161    676.5550   -9.118  1.030E-17  0.000E+00  3.811E-02  2.080E-02  0.000E+00  0.000E+00   HCN
6       5         89.3    531.7163    563.8203  -49.155 -3.068E+04 -6.302E+01  1.968E+00  3.811E-02 -3.354E+03 -6.493E-03   HCN
