      LINE         E_UP       FREQ        WAVEL     T_EX      TAU        T_R       POP        POP       FLUX        FLUX   SPECIES
                   (K)        (GHz)       (um)      (K)                  (K)        UP        LOW      (K*km/s) (erg/cm2/s)   SPECIES
1       0          5.5    115.2712   2600.7576  130.000  6.203E+02  1.264E+02  6.072E-02  2.112E-02  6.729E+03  1.327E-04   CO
2       1         16.6    230.5380   1300.4037  130.000  2.327E+03  1.244E+02  9.295E-02  6.072E-02  6.619E+03  1.044E-03   CO
3       2         33.2    345.7960    866.9634  130.000  4.706E+03  1.218E+02  1.145E-01  9.295E-02  6.485E+03  3.453E-03   CO
4       3         55.3    461.0408    650.2515  130.000  7.198E+03  1.192E+02  1.242E-01  1.145E-01  6.347E+03  8.010E-03   CO
5       4         83.0    576.2679    520.2310  130.000  9.274E+03  1.167E+02  1.227E-01  1.242E-01  6.209E+03  1.530E-02   CO
6       5        116.2    691.4731    433.5562  130.000  1.055E+04  1.141E+02  1.124E-01  1.227E-01  6.074E+03  2.586E-02   CO
7       6        154.9    806.6518    371.6504  130.000  1.088E+04  1.116E+02  9.625E-02  1.124E-01  5.940E+03  4.015E-02   CO
8       7        199.1    921.7997    325.2252  129.999  1.030E+04  1.091E+02  7.762E-02  9.625E-02  5.809E+03  5.859E-02   CO
9       8        248.9   1036.9124    289.1203  129.999  9.064E+03  1.067E+02  5.916E-02  7.762E-02  5.679E+03  8.154E-02   CO
10      9        304.2   1151.9855    260.2398  129.999  7.448E+03  1.043E+02  4.274E-02  5.916E-02  5.552E+03  1.093E-01   CO
11      10       365.0   1267.0145    236.6133  129.998  5.752E+03  1.020E+02  2.932E-02  4.274E-02  5.427E+03  1.421E-01   CO
12      11       431.3   1381.9951    216.9273  129.996  4.183E+03  9.964E+01  1.913E-02  2.932E-02  5.303E+03  1.803E-01   CO
13      12       503.1   1496.9229    200.2725  129.994  2.875E+03  9.737E+01  1.189E-02  1.913E-02  5.182E+03  2.239E-01   CO
14      13       580.5   1611.7935    185.9993  129.989  1.872E+03  9.513E+01  7.044E-03  1.189E-02  5.063E+03  2.730E-01   CO
15      14       663.4   1726.6025    173.6314  129.979  1.156E+03  9.292E+01  3.980E-03  7.044E-03  4.946E+03  3.278E-01   CO
16      15       751.7   1841.3455    162.8116  129.959  6.775E+02  9.074E+01  2.146E-03  3.980E-03  4.830E+03  3.883E-01   CO
1       0         23.6    492.1607    609.1354  129.997  1.716E+01  1.185E+02  3.794E-01  1.517E-01  6.309E+03  9.686E-03   [CI]
2       1         62.5    809.3420    370.4151  129.990  2.804E+01  1.115E+02  4.690E-01  3.794E-01  5.936E+03  4.053E-02   [CI]
2       0         62.5   1301.5026    230.3433  129.993  8.159E-07  8.261E-05  4.690E-01  1.517E-01  4.397E-03  1.248E-07   [CI]
1       0          4.2     88.6316   3382.4556  125.563  5.197E+00  1.216E+02  5.588E-02  1.927E-02  6.474E+03  5.805E-05   HCN
2       1         12.8    177.2611   1691.2478  121.467  2.040E+01  1.169E+02  8.683E-02  5.588E-02  6.220E+03  4.462E-04   HCN
3       2         25.5    265.8864   1127.5207  121.418  4.208E+01  1.150E+02  1.094E-01  8.683E-02  6.122E+03  1.482E-03   HCN
4       3         42.5    354.5055    845.6638  120.713  6.657E+01  1.124E+02  1.222E-01  1.094E-01  5.981E+03  3.432E-03   HCN
5       4         63.8    443.1161    676.5550  119.590  8.956E+01  1.093E+02  1.250E-01  1.222E-01  5.816E+03  6.516E-03   HCN
6       5         89.3    531.7163    563.8203  117.749  1.076E+02  1.054E+02  1.190E-01  1.250E-01  5.612E+03  1.087E-02   HCN
