      LINE         E_UP       FREQ        WAVEL     T_EX      TAU        T_R       POP        POP       FLUX        FLUX   SPECIES
                   (K)        (GHz)       (um)      (K)                  (K)        UP        LOW      (K*km/s) (erg/cm2/s)   SPECIES
1       0          5.5    115.2712   2600.7576   10.066  3.308E+00  6.470E+00  4.828E-01  2.788E-01  3.444E+02  6.793E-06   CO
2       1         16.6    230.5380   1300.4037    8.112  6.719E+00  3.602E+00  2.057E-01  4.828E-01  1.917E+02  3.025E-05   CO
3       2         33.2    345.7960    866.9634    7.113  3.124E+00  1.668E+00  2.793E-02  2.057E-01  8.877E+01  4.727E-05   CO
4       3         55.3    461.0408    650.2515    9.305  4.052E-01  7.513E-01  3.331E-03  2.793E-02  3.999E+01  5.047E-05   CO
5       4         83.0    576.2679    520.2310   17.936  4.061E-02  2.996E-01  8.710E-04  3.331E-03  1.594E+01  3.929E-05   CO
6       5        116.2    691.4731    433.5562   26.547  9.443E-03  1.252E-01  2.949E-04  8.710E-04  6.665E+00  2.838E-05   CO
7       6        154.9    806.6518    371.6504   33.293  3.033E-03  5.332E-02  1.064E-04  2.949E-04  2.838E+00  1.918E-05   CO
8       7        199.1    921.7997    325.2252   40.334  1.047E-03  2.321E-02  4.026E-05  1.064E-04  1.235E+00  1.246E-05   CO
9       8        248.9   1036.9124    289.1203   46.432  3.869E-04  1.002E-02  1.541E-05  4.026E-05  5.335E-01  7.660E-06   CO
10      9        304.2   1151.9855    260.2398   52.876  1.445E-04  4.331E-03  5.985E-06  1.541E-05  2.305E-01  4.538E-06   CO
11      10       365.0   1267.0145    236.6133   59.877  5.474E-05  1.890E-03  2.374E-06  5.985E-06  1.006E-01  2.636E-06   CO
12      11       431.3   1381.9951    216.9273   65.440  2.150E-05  8.122E-04  9.366E-07  2.374E-06  4.323E-02  1.469E-06   CO
13      12       503.1   1496.9229    200.2725   73.182  8.252E-06  3.552E-04  3.790E-07  9.366E-07  1.891E-02  8.167E-07   CO
14      13       580.5   1611.7935    185.9993   72.447  3.476E-06  1.409E-04  1.399E-07  3.790E-07  7.497E-03  4.043E-07   CO
15      14       663.4   1726.6025    173.6314   73.204  1.314E-06  5.180E-05  4.823E-08  1.399E-07  2.757E-03  1.828E-07   CO
16      15       751.7   1841.3455    162.8116   83.559  4.324E-07  2.033E-05  1.783E-08  4.823E-08  1.082E-03  8.701E-08   CO
1       0         23.6    492.1607    609.1354   14.319  1.262E-02  7.038E-02  3.319E-01  5.759E-01  3.746E+00  5.751E-06   [CI]
2       1         62.5    809.3420    370.4151   21.673  3.152E-03  2.443E-02  9.216E-02  3.319E-01  1.300E+00  8.878E-06   [CI]
2       0         62.5   1301.5026    230.3433   18.148  3.129E-10  6.463E-10  9.216E-02  5.759E-01  3.440E-08  9.767E-13   [CI]
1       0          4.2     88.6316   3382.4556    2.730  1.516E-01  4.854E-04  3.761E-01  5.956E-01  2.583E-02  2.316E-10   HCN
2       1         12.8    177.2611   1691.2478    2.731  7.725E-02  1.803E-04  2.781E-02  3.761E-01  9.597E-03  6.884E-10   HCN
3       2         25.5    265.8864   1127.5207    2.775  5.325E-03  5.556E-05  3.918E-04  2.781E-02  2.957E-03  7.159E-10   HCN
4       3         42.5    354.5055    845.6638    4.382  7.070E-05  2.294E-05  1.037E-05  3.918E-04  1.221E-03  7.006E-10   HCN
5       4         63.8    443.1161    676.5550   15.252  1.397E-06  9.786E-06  3.144E-06  1.037E-05  5.208E-04  5.836E-10   HCN
6       5         89.3    531.7163    563.8203   24.434  3.583E-07  4.964E-06  1.308E-06  3.144E-06  2.642E-04  5.115E-10   HCN
