      LINE         E_UP       FREQ        WAVEL     T_EX      TAU        T_R       POP        POP       FLUX        FLUX   SPECIES
                   (K)        (GHz)       (um)      (K)                  (K)        UP        LOW      (K*km/s) (erg/cm2/s)   SPECIES
1       0          5.5    115.2712   2600.7576  129.661  1.582E+01  1.261E+02  6.151E-02  2.140E-02  6.711E+03  1.324E-04   CO
2       1         16.6    230.5380   1300.4037  129.648  5.935E+01  1.240E+02  9.413E-02  6.151E-02  6.600E+03  1.041E-03   CO
3       2         33.2    345.7960    866.9634  129.633  1.200E+02  1.215E+02  1.159E-01  9.413E-02  6.465E+03  3.443E-03   CO
4       3         55.3    461.0408    650.2515  129.593  1.836E+02  1.188E+02  1.257E-01  1.159E-01  6.325E+03  7.983E-03   CO
5       4         83.0    576.2679    520.2310  129.522  2.365E+02  1.162E+02  1.241E-01  1.257E-01  6.184E+03  1.524E-02   CO
6       5        116.2    691.4731    433.5562  129.409  2.690E+02  1.135E+02  1.135E-01  1.241E-01  6.042E+03  2.573E-02   CO
7       6        154.9    806.6518    371.6504  129.236  2.773E+02  1.108E+02  9.702E-02  1.135E-01  5.900E+03  3.988E-02   CO
8       7        199.1    921.7997    325.2252  128.955  2.627E+02  1.081E+02  7.803E-02  9.702E-02  5.753E+03  5.804E-02   CO
9       8        248.9   1036.9124    289.1203  128.516  2.310E+02  1.052E+02  5.921E-02  7.803E-02  5.601E+03  8.042E-02   CO
10      9        304.2   1151.9855    260.2398  127.732  1.899E+02  1.021E+02  4.245E-02  5.921E-02  5.433E+03  1.070E-01   CO
11      10       365.0   1267.0145    236.6133  126.442  1.466E+02  9.847E+01  2.874E-02  4.245E-02  5.241E+03  1.373E-01   CO
12      11       431.3   1381.9951    216.9273  124.050  1.067E+02  9.383E+01  1.830E-02  2.874E-02  4.994E+03  1.698E-01   CO
13      12       503.1   1496.9229    200.2725  119.292  7.362E+01  8.696E+01  1.082E-02  1.830E-02  4.628E+03  1.999E-01   CO
14      13       580.5   1611.7935    185.9993  109.829  4.825E+01  7.566E+01  5.749E-03  1.082E-02  4.027E+03  2.171E-01   CO
15      14       663.4   1726.6025    173.6314   93.899  2.946E+01  5.848E+01  2.543E-03  5.749E-03  3.113E+03  2.063E-01   CO
16      15       751.7   1841.3455    162.8116   72.972  1.547E+01  3.749E+01  8.063E-04  2.543E-03  1.996E+03  1.605E-01   CO
1       0         23.6    492.1607    609.1354  130.912  4.307E-01  4.180E+01  3.819E-01  1.525E-01  2.225E+03  3.416E-03   [CI]
2       1         62.5    809.3420    370.4151  124.273  7.369E-01  5.520E+01  4.656E-01  3.819E-01  2.938E+03  2.006E-02   [CI]
2       0         62.5   1301.5026    230.3433  126.703  2.102E-08  2.060E-06  4.656E-01  1.525E-01  1.097E-04  3.114E-09   [CI]
1       0          4.2     88.6316   3382.4556   18.579  5.699E+00  1.535E+01  3.267E-01  1.369E-01  8.170E+02  7.326E-06   HCN
2       1         12.8    177.2611   1691.2478   15.974  1.829E+01  1.170E+01  3.196E-01  3.267E-01  6.229E+02  4.468E-05   HCN
3       2         25.5    265.8864   1127.5207   13.150  2.423E+01  7.667E+00  1.696E-01  3.196E-01  4.081E+02  9.878E-05   HCN
4       3         42.5    354.5055    845.6638   10.348  1.590E+01  4.041E+00  4.212E-02  1.696E-01  2.151E+02  1.234E-04   HCN
5       4         63.8    443.1161    676.5550    8.578  4.361E+00  1.912E+00  4.314E-03  4.212E-02  1.018E+02  1.140E-04   HCN
6       5         89.3    531.7163    563.8203   11.213  4.295E-01  1.019E+00  5.237E-04  4.314E-03  5.425E+01  1.050E-04   HCN
