      LINE         E_UP       FREQ        WAVEL     T_EX      TAU        T_R       POP        POP       FLUX        FLUX   SPECIES
                   (K)        (GHz)       (um)      (K)                  (K)        UP        LOW      (K*km/s) (erg/cm2/s)   SPECIES
1       0          5.5    115.2712   2600.7576  179.939  3.269E+01  1.764E+02  4.456E-02  1.532E-02  9.386E+03  1.851E-04   CO
2       1         16.6    230.5380   1300.4037  179.940  1.248E+02  1.743E+02  6.984E-02  4.456E-02  9.276E+03  1.464E-03   CO
3       2         33.2    345.7960    866.9634  179.938  2.599E+02  1.717E+02  8.916E-02  6.984E-02  9.140E+03  4.867E-03   CO
4       3         55.3    461.0408    650.2515  179.933  4.143E+02  1.691E+02  1.014E-01  8.916E-02  9.000E+03  1.136E-02   CO
5       4         83.0    576.2679    520.2310  179.925  5.628E+02  1.665E+02  1.062E-01  1.014E-01  8.859E+03  2.183E-02   CO
6       5        116.2    691.4731    433.5562  179.914  6.830E+02  1.638E+02  1.044E-01  1.062E-01  8.720E+03  3.713E-02   CO
7       6        154.9    806.6518    371.6504  179.896  7.599E+02  1.612E+02  9.715E-02  1.044E-01  8.582E+03  5.801E-02   CO
8       7        199.1    921.7997    325.2252  179.870  7.862E+02  1.587E+02  8.610E-02  9.715E-02  8.444E+03  8.518E-02   CO
9       8        248.9   1036.9124    289.1203  179.833  7.641E+02  1.561E+02  7.297E-02  8.610E-02  8.308E+03  1.193E-01   CO
10      9        304.2   1151.9855    260.2398  179.772  7.020E+02  1.535E+02  5.930E-02  7.297E-02  8.172E+03  1.609E-01   CO
11      10       365.0   1267.0145    236.6133  179.691  6.132E+02  1.510E+02  4.630E-02  5.930E-02  8.037E+03  2.105E-01   CO
12      11       431.3   1381.9951    216.9273  179.563  5.104E+02  1.484E+02  3.478E-02  4.630E-02  7.901E+03  2.686E-01   CO
13      12       503.1   1496.9229    200.2725  179.368  4.063E+02  1.458E+02  2.517E-02  3.478E-02  7.762E+03  3.353E-01   CO
14      13       580.5   1611.7935    185.9993  179.014  3.100E+02  1.431E+02  1.755E-02  2.517E-02  7.617E+03  4.108E-01   CO
15      14       663.4   1726.6025    173.6314  178.454  2.268E+02  1.402E+02  1.179E-02  1.755E-02  7.463E+03  4.947E-01   CO
16      15       751.7   1841.3455    162.8116  177.415  1.596E+02  1.369E+02  7.627E-03  1.179E-02  7.286E+03  5.858E-01   CO
1       0         23.6    492.1607    609.1354  180.150  1.169E+00  1.162E+02  3.676E-01  1.397E-01  6.187E+03  9.498E-03   [CI]
2       1         62.5    809.3420    370.4151  178.212  2.060E+00  1.392E+02  4.927E-01  3.676E-01  7.407E+03  5.057E-02   [CI]
2       0         62.5   1301.5026    230.3433  178.940  5.804E-08  8.679E-06  4.927E-01  1.397E-01  4.619E-04  1.312E-08   [CI]
1       0          4.2     88.6316   3382.4556   -1.482 -4.489E+01  1.767E+20  1.643E-01  4.743E-02  9.403E+21  8.431E+13   HCN
2       1         12.8    177.2611   1691.2478    0.582  1.146E+02 -3.924E-01  1.702E-01  1.643E-01 -2.089E+01 -1.498E-06   HCN
3       2         25.5    265.8864   1127.5207   -3.146 -9.410E+01  9.671E+41  2.279E-01  1.702E-01  5.147E+43  1.246E+37   HCN
4       3         42.5    354.5055    845.6638    2.378  1.222E+02 -1.985E-02  1.649E-01  2.279E-01 -1.057E+00 -6.063E-07   HCN
5       4         63.8    443.1161    676.5550  -39.602 -1.610E+01  5.007E+08  1.334E-01  1.649E-01  2.665E+10  2.986E+04   HCN
6       5         89.3    531.7163    563.8203   39.307  5.141E+01  2.792E+01  6.421E-02  1.334E-01  1.486E+03  2.877E-03   HCN
