      LINE         E_UP       FREQ        WAVEL     T_EX      TAU        T_R       POP        POP       FLUX        FLUX   SPECIES
                   (K)        (GHz)       (um)      (K)                  (K)        UP        LOW      (K*km/s) (erg/cm2/s)   SPECIES
1       0          5.5    115.2712   2600.7576 -137.693 -5.842E-01  1.121E+02  1.001E-01  3.204E-02  5.969E+03  1.177E-04   CO
2       1         16.6    230.5380   1300.4037  113.884  2.745E+00  1.013E+02  1.513E-01  1.001E-01  5.391E+03  8.507E-04   CO
3       2         33.2    345.7960    866.9634   96.998  6.343E+00  8.874E+01  1.786E-01  1.513E-01  4.723E+03  2.515E-03   CO
4       3         55.3    461.0408    650.2515   88.184  1.004E+01  7.757E+01  1.786E-01  1.786E-01  4.129E+03  5.211E-03   CO
5       4         83.0    576.2679    520.2310   77.878  1.313E+01  6.487E+01  1.531E-01  1.786E-01  3.452E+03  8.509E-03   CO
6       5        116.2    691.4731    433.5562   66.472  1.449E+01  5.125E+01  1.098E-01  1.531E-01  2.728E+03  1.162E-02   CO
7       6        154.9    806.6518    371.6504   54.231  1.329E+01  3.716E+01  6.205E-02  1.098E-01  1.978E+03  1.337E-02   CO
8       7        199.1    921.7997    325.2252   43.024  9.334E+00  2.463E+01  2.515E-02  6.205E-02  1.311E+03  1.322E-02   CO
9       8        248.9   1036.9124    289.1203   34.769  4.433E+00  1.544E+01  6.717E-03  2.515E-02  8.220E+02  1.180E-02   CO
10      9        304.2   1151.9855    260.2398   35.107  1.221E+00  1.018E+01  1.537E-03  6.717E-03  5.418E+02  1.067E-02   CO
11      10       365.0   1267.0145    236.6133   54.192  2.356E-01  6.163E+00  5.482E-04  1.537E-03  3.280E+02  8.593E-03   CO
12      11       431.3   1381.9951    216.9273   80.572  6.927E-02  3.474E+00  2.616E-04  5.482E-04  1.849E+02  6.285E-03   CO
13      12       503.1   1496.9229    200.2725   95.517  3.088E-02  1.948E+00  1.332E-04  2.616E-04  1.037E+02  4.479E-03   CO
14      13       580.5   1611.7935    185.9993  100.970  1.579E-02  1.052E+00  6.649E-05  1.332E-04  5.601E+01  3.020E-03   CO
15      14       663.4   1726.6025    173.6314  107.375  7.852E-03  5.570E-01  3.285E-05  6.649E-05  2.965E+01  1.965E-03   CO
16      15       751.7   1841.3455    162.8116  119.821  3.731E-03  3.017E-01  1.673E-05  3.285E-05  1.606E+01  1.291E-03   CO
1       0         23.6    492.1607    609.1354  426.614  3.434E-03  1.423E+00  4.211E-01  1.484E-01  7.571E+01  1.162E-04   [CI]
2       1         62.5    809.3420    370.4151   79.477  2.940E-02  1.785E+00  4.305E-01  4.211E-01  9.502E+01  6.488E-04   [CI]
2       0         62.5   1301.5026    230.3433  114.802  5.539E-10  4.785E-08  4.305E-01  1.484E-01  2.547E-06  7.231E-11   [CI]
1       0          4.2     88.6316   3382.4556    2.909  2.231E+00  1.361E-01  3.952E-01  5.684E-01  7.242E+00  6.493E-08   HCN
2       1         12.8    177.2611   1691.2478    2.889  1.275E+00  5.760E-02  3.465E-02  3.952E-01  3.066E+00  2.199E-07   HCN
3       2         25.5    265.8864   1127.5207    3.524  1.034E-01  2.274E-02  1.298E-03  3.465E-02  1.211E+00  2.930E-07   HCN
4       3         42.5    354.5055    845.6638    9.382  3.172E-03  1.040E-02  2.722E-04  1.298E-03  5.533E-01  3.175E-07   HCN
5       4         63.8    443.1161    676.5550   18.110  5.339E-04  5.072E-03  1.028E-04  2.722E-04  2.700E-01  3.025E-07   HCN
6       5         89.3    531.7163    563.8203   27.002  1.752E-04  2.841E-03  4.722E-05  1.028E-04  1.512E-01  2.928E-07   HCN
