      LINE         E_UP       FREQ        WAVEL     T_EX      TAU        T_R       POP        POP       FLUX        FLUX   SPECIES
                   (K)        (GHz)       (um)      (K)                  (K)        UP        LOW      (K*km/s) (erg/cm2/s)   SPECIES
1       0          5.5    115.2712   2600.7576  455.930  4.164E+00  4.453E+02  1.827E-02  6.166E-03  2.370E+04  4.675E-04   CO
2       1         16.6    230.5380   1300.4037  453.469  1.643E+01  4.478E+02  2.972E-02  1.827E-02  2.383E+04  3.761E-03   CO
3       2         33.2    345.7960    866.9634  453.638  3.583E+01  4.454E+02  4.012E-02  2.972E-02  2.370E+04  1.262E-02   CO
4       3         55.3    461.0408    650.2515  453.623  6.092E+01  4.426E+02  4.912E-02  4.012E-02  2.356E+04  2.973E-02   CO
5       4         83.0    576.2679    520.2310  453.536  8.994E+01  4.398E+02  5.649E-02  4.912E-02  2.341E+04  5.770E-02   CO
6       5        116.2    691.4731    433.5562  453.500  1.208E+02  4.371E+02  6.205E-02  5.649E-02  2.327E+04  9.906E-02   CO
7       6        154.9    806.6518    371.6504  453.361  1.516E+02  4.343E+02  6.574E-02  6.205E-02  2.311E+04  1.562E-01   CO
8       7        199.1    921.7997    325.2252  453.224  1.802E+02  4.315E+02  6.757E-02  6.574E-02  2.296E+04  2.316E-01   CO
9       8        248.9   1036.9124    289.1203  452.983  2.050E+02  4.286E+02  6.766E-02  6.757E-02  2.281E+04  3.275E-01   CO
10      9        304.2   1151.9855    260.2398  452.662  2.246E+02  4.256E+02  6.619E-02  6.766E-02  2.265E+04  4.460E-01   CO
11      10       365.0   1267.0145    236.6133  452.402  2.382E+02  4.227E+02  6.337E-02  6.619E-02  2.250E+04  5.893E-01   CO
12      11       431.3   1381.9951    216.9273  452.041  2.452E+02  4.197E+02  5.948E-02  6.337E-02  2.234E+04  7.593E-01   CO
13      12       503.1   1496.9229    200.2725  451.747  2.459E+02  4.168E+02  5.480E-02  5.948E-02  2.218E+04  9.583E-01   CO
14      13       580.5   1611.7935    185.9993  450.906  2.409E+02  4.133E+02  4.958E-02  5.480E-02  2.200E+04  1.186E+00   CO
15      14       663.4   1726.6025    173.6314  449.954  2.305E+02  4.098E+02  4.408E-02  4.958E-02  2.181E+04  1.446E+00   CO
16      15       751.7   1841.3455    162.8116  448.954  2.159E+02  4.062E+02  3.854E-02  4.408E-02  2.162E+04  1.738E+00   CO
1       0         23.6    492.1607    609.1354  460.486  3.300E-01  1.262E+02  3.477E-01  1.220E-01  6.715E+03  1.031E-02   [CI]
2       1         62.5    809.3420    370.4151  437.931  6.708E-01  2.047E+02  5.303E-01  3.477E-01  1.089E+04  7.438E-02   [CI]
2       0         62.5   1301.5026    230.3433  446.196  1.785E-08  7.420E-06  5.303E-01  1.220E-01  3.949E-04  1.121E-08   [CI]
1       0          4.2     88.6316   3382.4556    0.738  3.008E+01 -1.117E+00  1.112E-01  4.441E-02 -5.946E+01 -5.332E-07   HCN
2       1         12.8    177.2611   1691.2478   -2.615 -6.847E+01  5.017E+30  2.055E-01  1.112E-01  2.670E+32  1.915E+25   HCN
3       2         25.5    265.8864   1127.5207    0.494  1.271E+02 -1.193E-01  1.601E-01  2.055E-01 -6.349E+00 -1.537E-06   HCN
4       3         42.5    354.5055    845.6638   -1.263 -8.781E+01  2.323E+39  2.005E-01  1.601E-01  1.237E+41  7.095E+34   HCN
5       4         63.8    443.1161    676.5550    3.769  9.417E+01  6.699E-02  1.256E-01  2.005E-01  3.565E+00  3.995E-06   HCN
6       5         89.3    531.7163    563.8203  -40.630 -1.024E+01  1.532E+06  9.270E-02  1.256E-01  8.154E+07  1.579E+02   HCN
