      LINE         E_UP       FREQ        WAVEL     T_EX      TAU        T_R       POP        POP       FLUX        FLUX   SPECIES
                   (K)        (GHz)       (um)      (K)                  (K)        UP        LOW      (K*km/s) (erg/cm2/s)   SPECIES
1       0          5.5    115.2712   2600.7576 -8.587E+03 -3.096E-02  2.701E+02  2.576E-02  8.580E-03  1.438E+04  2.836E-04   CO
2       1         16.6    230.5380   1300.4037  416.714  2.518E+00  3.779E+02  4.180E-02  2.576E-02  2.011E+04  3.173E-03   CO
3       2         33.2    345.7960    866.9634  384.881  5.919E+00  3.756E+02  5.605E-02  4.180E-02  1.999E+04  1.065E-02   CO
4       3         55.3    461.0408    650.2515  380.847  1.009E+01  3.699E+02  6.800E-02  5.605E-02  1.969E+04  2.485E-02   CO
5       4         83.0    576.2679    520.2310  377.404  1.487E+01  3.637E+02  7.724E-02  6.800E-02  1.936E+04  4.771E-02   CO
6       5        116.2    691.4731    433.5562  373.452  1.991E+01  3.571E+02  8.352E-02  7.724E-02  1.901E+04  8.093E-02   CO
7       6        154.9    806.6518    371.6504  367.103  2.496E+01  3.481E+02  8.673E-02  8.352E-02  1.853E+04  1.252E-01   CO
8       7        199.1    921.7997    325.2252  359.028  2.964E+01  3.374E+02  8.690E-02  8.673E-02  1.796E+04  1.811E-01   CO
9       8        248.9   1036.9124    289.1203  348.316  3.374E+01  3.240E+02  8.419E-02  8.690E-02  1.725E+04  2.476E-01   CO
10      9        304.2   1151.9855    260.2398  335.489  3.692E+01  3.086E+02  7.891E-02  8.419E-02  1.643E+04  3.234E-01   CO
11      10       365.0   1267.0145    236.6133  321.260  3.894E+01  2.918E+02  7.152E-02  7.891E-02  1.553E+04  4.068E-01   CO
12      11       431.3   1381.9951    216.9273  304.237  3.973E+01  2.723E+02  6.252E-02  7.152E-02  1.449E+04  4.926E-01   CO
13      12       503.1   1496.9229    200.2725  283.823  3.930E+01  2.494E+02  5.242E-02  6.252E-02  1.328E+04  5.735E-01   CO
14      13       580.5   1611.7935    185.9993  257.441  3.793E+01  2.207E+02  4.169E-02  5.242E-02  1.175E+04  6.334E-01   CO
15      14       663.4   1726.6025    173.6314  227.916  3.513E+01  1.890E+02  3.098E-02  4.169E-02  1.006E+04  6.668E-01   CO
16      15       751.7   1841.3455    162.8116  196.908  3.070E+01  1.560E+02  2.105E-02  3.098E-02  8.304E+03  6.677E-01   CO
1       0         23.6    492.1607    609.1354  544.995  2.835E-02  1.491E+01  3.549E-01  1.235E-01  7.934E+02  1.218E-03   [CI]
2       1         62.5    809.3420    370.4151  308.895  9.532E-02  2.636E+01  5.216E-01  3.549E-01  1.403E+03  9.577E-03   [CI]
2       0         62.5   1301.5026    230.3433  369.412  2.152E-09  7.298E-07  5.216E-01  1.235E-01  3.884E-05  1.103E-09   [CI]
1       0          4.2     88.6316   3382.4556    9.956  5.013E+00  6.804E+00  4.386E-01  2.241E-01  3.622E+02  3.247E-06   HCN
2       1         12.8    177.2611   1691.2478    8.389  1.199E+01  4.449E+00  2.651E-01  4.386E-01  2.368E+02  1.699E-05   HCN
3       2         25.5    265.8864   1127.5207    7.151  8.514E+00  2.455E+00  6.233E-02  2.651E-01  1.307E+02  3.163E-05   HCN
4       3         42.5    354.5055    845.6638    6.993  2.090E+00  1.405E+00  7.034E-03  6.233E-02  7.480E+01  4.292E-05   HCN
5       4         63.8    443.1161    676.5550   12.198  2.074E-01  8.428E-01  1.504E-03  7.034E-03  4.486E+01  5.026E-05   HCN
6       5         89.3    531.7163    563.8203   24.429  3.420E-02  4.656E-01  6.253E-04  1.504E-03  2.478E+01  4.798E-05   HCN
