      LINE         E_UP       FREQ        WAVEL     T_EX      TAU        T_R       POP        POP       FLUX        FLUX   SPECIES
                   (K)        (GHz)       (um)      (K)                  (K)        UP        LOW      (K*km/s) (erg/cm2/s)   SPECIES
1       0          5.5    115.2712   2600.7576 -137.204 -7.062E-01  1.445E+02  7.605E-02  2.435E-02  7.692E+03  1.517E-04   CO
2       1         16.6    230.5380   1300.4037  161.042  2.371E+00  1.409E+02  1.183E-01  7.605E-02  7.498E+03  1.183E-03   CO
3       2         33.2    345.7960    866.9634  135.179  5.775E+00  1.266E+02  1.465E-01  1.183E-01  6.739E+03  3.589E-03   CO
4       3         55.3    461.0408    650.2515  125.568  9.506E+00  1.148E+02  1.580E-01  1.465E-01  6.111E+03  7.712E-03   CO
5       4         83.0    576.2679    520.2310  114.820  1.317E+01  1.015E+02  1.517E-01  1.580E-01  5.405E+03  1.332E-02   CO
6       5        116.2    691.4731    433.5562  102.396  1.603E+01  8.670E+01  1.297E-01  1.517E-01  4.614E+03  1.965E-02   CO
7       6        154.9    806.6518    371.6504   87.774  1.738E+01  6.984E+01  9.627E-02  1.297E-01  3.717E+03  2.513E-02   CO
8       7        199.1    921.7997    325.2252   72.373  1.634E+01  5.249E+01  5.921E-02  9.627E-02  2.794E+03  2.818E-02   CO
9       8        248.9   1036.9124    289.1203   57.348  1.261E+01  3.602E+01  2.779E-02  5.921E-02  1.917E+03  2.753E-02   CO
10      9        304.2   1151.9855    260.2398   44.955  7.145E+00  2.282E+01  8.978E-03  2.779E-02  1.215E+03  2.392E-02   CO
11      10       365.0   1267.0145    236.6133   38.881  2.557E+00  1.485E+01  2.058E-03  8.978E-03  7.903E+02  2.070E-02   CO
12      11       431.3   1381.9951    216.9273   48.909  5.454E-01  9.678E+00  5.764E-04  2.058E-03  5.151E+02  1.751E-02   CO
13      12       503.1   1496.9229    200.2725   79.252  1.216E-01  5.574E+00  2.515E-04  5.764E-04  2.967E+02  1.282E-02   CO
14      13       580.5   1611.7935    185.9993   96.484  4.868E-02  2.990E+00  1.212E-04  2.515E-04  1.591E+02  8.580E-03   CO
15      14       663.4   1726.6025    173.6314  104.819  2.304E-02  1.567E+00  5.874E-05  1.212E-04  8.339E+01  5.528E-03   CO
16      15       751.7   1841.3455    162.8116  117.377  1.072E-02  8.391E-01  2.945E-05  5.874E-05  4.466E+01  3.591E-03   CO
1       0         23.6    492.1607    609.1354  664.719  3.295E-03  2.148E+00  4.012E-01  1.386E-01  1.143E+02  1.755E-04   [CI]
2       1         62.5    809.3420    370.4151  103.934  3.580E-02  3.015E+00  4.602E-01  4.012E-01  1.605E+02  1.096E-03   [CI]
2       0         62.5   1301.5026    230.3433  152.625  6.563E-10  8.106E-08  4.602E-01  1.386E-01  4.315E-06  1.225E-10   [CI]
1       0          4.2     88.6316   3382.4556    3.095  3.289E+00  2.985E-01  4.127E-01  5.437E-01  1.589E+01  1.425E-07   HCN
2       1         12.8    177.2611   1691.2478    3.019  2.095E+00  1.297E-01  4.108E-02  4.127E-01  6.904E+00  4.952E-07   HCN
3       2         25.5    265.8864   1127.5207    3.729  1.931E-01  5.470E-02  1.878E-03  4.108E-02  2.912E+00  7.048E-07   HCN
4       3         42.5    354.5055    845.6638    9.627  7.207E-03  2.493E-02  4.125E-04  1.878E-03  1.327E+00  7.613E-07   HCN
5       4         63.8    443.1161    676.5550   18.067  1.284E-03  1.214E-02  1.554E-04  4.125E-04  6.463E-01  7.242E-07   HCN
6       5         89.3    531.7163    563.8203   26.622  4.231E-04  6.713E-03  7.041E-05  1.554E-04  3.573E-01  6.917E-07   HCN
