      LINE         E_UP       FREQ        WAVEL     T_EX      TAU        T_R       POP        POP       FLUX        FLUX   SPECIES
                   (K)        (GHz)       (um)      (K)                  (K)        UP        LOW      (K*km/s) (erg/cm2/s)   SPECIES
1       0          5.5    115.2712   2600.7576  121.634  8.537E-01  6.778E+01  1.558E-01  5.435E-02  3.608E+03  7.116E-05   CO
2       1         16.6    230.5380   1300.4037   60.898  6.092E+00  5.521E+01  2.165E-01  1.558E-01  2.939E+03  4.637E-04   CO
3       2         33.2    345.7960    866.9634   55.353  1.187E+01  4.743E+01  2.246E-01  2.165E-01  2.525E+03  1.344E-03   CO
4       3         55.3    461.0408    650.2515   48.234  1.663E+01  3.801E+01  1.825E-01  2.246E-01  2.023E+03  2.553E-03   CO
5       4         83.0    576.2679    520.2310   39.524  1.794E+01  2.729E+01  1.108E-01  1.825E-01  1.453E+03  3.580E-03   CO
6       5        116.2    691.4731    433.5562   30.534  1.405E+01  1.689E+01  4.417E-02  1.108E-01  8.989E+02  3.828E-03   CO
7       6        154.9    806.6518    371.6504   23.064  6.768E+00  8.874E+00  9.513E-03  4.417E-02  4.723E+02  3.193E-03   CO
8       7        199.1    921.7997    325.2252   20.631  1.562E+00  4.640E+00  1.263E-03  9.513E-03  2.469E+02  2.491E-03   CO
9       8        248.9   1036.9124    289.1203   31.024  1.857E-01  2.123E+00  2.839E-04  1.263E-03  1.130E+02  1.622E-03   CO
10      9        304.2   1151.9855    260.2398   46.324  3.603E-02  8.511E-01  9.511E-05  2.839E-04  4.530E+01  8.919E-04   CO
11      10       365.0   1267.0145    236.6133   53.819  1.162E-02  3.354E-01  3.366E-05  9.511E-05  1.785E+01  4.676E-04   CO
12      11       431.3   1381.9951    216.9273   59.678  4.040E-03  1.312E-01  1.204E-05  3.366E-05  6.982E+00  2.373E-04   CO
13      12       503.1   1496.9229    200.2725   65.748  1.419E-03  5.141E-02  4.360E-06  1.204E-05  2.736E+00  1.182E-04   CO
14      13       580.5   1611.7935    185.9993   67.501  5.232E-04  1.886E-02  1.489E-06  4.360E-06  1.004E+00  5.413E-05   CO
15      14       663.4   1726.6025    173.6314   69.181  1.813E-04  6.495E-03  4.804E-07  1.489E-06  3.457E-01  2.292E-05   CO
16      15       751.7   1841.3455    162.8116   75.754  5.720E-05  2.286E-03  1.593E-07  4.804E-07  1.217E-01  9.784E-06   CO
1       0         23.6    492.1607    609.1354  107.061  1.289E-02  1.225E+00  4.589E-01  1.907E-01  6.522E+01  1.001E-04   [CI]
2       1         62.5    809.3420    370.4151   49.766  3.566E-02  1.151E+00  3.504E-01  4.589E-01  6.124E+01  4.181E-04   [CI]
2       0         62.5   1301.5026    230.3433   62.392  8.525E-10  3.094E-08  3.504E-01  1.907E-01  1.647E-06  4.675E-11   [CI]
1       0          4.2     88.6316   3382.4556    2.806  1.849E+00  5.593E-02  3.846E-01  5.838E-01  2.977E+00  2.669E-08   HCN
2       1         12.8    177.2611   1691.2478    2.799  9.908E-01  2.224E-02  3.069E-02  3.846E-01  1.184E+00  8.492E-08   HCN
3       2         25.5    265.8864   1127.5207    3.133  7.347E-02  7.205E-03  7.315E-04  3.069E-02  3.835E-01  9.283E-08   HCN
4       3         42.5    354.5055    845.6638    7.396  1.527E-03  2.840E-03  9.427E-05  7.315E-04  1.512E-01  8.674E-08   HCN
5       4         63.8    443.1161    676.5550   15.508  1.586E-04  1.146E-03  2.924E-05  9.427E-05  6.098E-02  6.833E-08   HCN
6       5         89.3    531.7163    563.8203   23.144  4.324E-05  5.483E-04  1.147E-05  2.924E-05  2.919E-02  5.650E-08   HCN
