      LINE         E_UP       FREQ        WAVEL     T_EX      TAU        T_R       POP        POP       FLUX        FLUX   SPECIES
                   (K)        (GHz)       (um)      (K)                  (K)        UP        LOW      (K*km/s) (erg/cm2/s)   SPECIES
1       0          5.5    115.2712   2600.7576 -5.418E+03 -3.578E-02  1.975E+02  4.719E-02  1.571E-02  1.051E+04  2.074E-04   CO
2       1         16.6    230.5380   1300.4037  229.164  3.303E+00  2.153E+02  7.494E-02  4.719E-02  1.146E+04  1.808E-03   CO
3       2         33.2    345.7960    866.9634  215.184  7.430E+00  2.068E+02  9.713E-02  7.494E-02  1.101E+04  5.862E-03   CO
4       3         55.3    461.0408    650.2515  210.285  1.232E+01  1.994E+02  1.124E-01  9.713E-02  1.061E+04  1.339E-02   CO
5       4         83.0    576.2679    520.2310  203.918  1.757E+01  1.904E+02  1.200E-01  1.124E-01  1.013E+04  2.498E-02   CO
6       5        116.2    691.4731    433.5562  195.719  2.258E+01  1.796E+02  1.197E-01  1.200E-01  9.559E+03  4.070E-02   CO
7       6        154.9    806.6518    371.6504  184.506  2.692E+01  1.658E+02  1.119E-01  1.197E-01  8.826E+03  5.966E-02   CO
8       7        199.1    921.7997    325.2252  170.565  3.002E+01  1.494E+02  9.788E-02  1.119E-01  7.952E+03  8.021E-02   CO
9       8        248.9   1036.9124    289.1203  153.451  3.147E+01  1.299E+02  7.910E-02  9.788E-02  6.915E+03  9.928E-02   CO
10      9        304.2   1151.9855    260.2398  133.746  3.078E+01  1.080E+02  5.782E-02  7.910E-02  5.748E+03  1.132E-01   CO
11      10       365.0   1267.0145    236.6133  112.653  2.748E+01  8.497E+01  3.691E-02  5.782E-02  4.523E+03  1.185E-01   CO
12      11       431.3   1381.9951    216.9273   90.958  2.157E+01  6.179E+01  1.935E-02  3.691E-02  3.289E+03  1.118E-01   CO
13      12       503.1   1496.9229    200.2725   70.529  1.384E+01  4.060E+01  7.547E-03  1.935E-02  2.161E+03  9.336E-02   CO
14      13       580.5   1611.7935    185.9993   53.552  6.402E+00  2.384E+01  1.912E-03  7.547E-03  1.269E+03  6.842E-02   CO
15      14       663.4   1726.6025    173.6314   47.160  1.741E+00  1.425E+01  3.526E-04  1.912E-03  7.584E+02  5.028E-02   CO
16      15       751.7   1841.3455    162.8116   66.818  2.822E-01  7.894E+00  1.000E-04  3.526E-04  4.201E+02  3.378E-02   CO
1       0         23.6    492.1607    609.1354  396.176  1.654E-02  6.307E+00  3.749E-01  1.327E-01  3.357E+02  5.153E-04   [CI]
2       1         62.5    809.3420    370.4151  162.979  7.195E-02  1.002E+01  4.924E-01  3.749E-01  5.333E+02  3.641E-03   [CI]
2       0         62.5   1301.5026    230.3433  209.642  1.524E-09  2.743E-07  4.924E-01  1.327E-01  1.460E-05  4.145E-10   [CI]
1       0          4.2     88.6316   3382.4556    4.622  6.250E+00  1.683E+00  4.849E-01  4.057E-01  8.959E+01  8.033E-07   HCN
2       1         12.8    177.2611   1691.2478    4.094  7.241E+00  8.245E-01  1.012E-01  4.849E-01  4.389E+01  3.148E-06   HCN
3       2         25.5    265.8864   1127.5207    4.163  1.482E+00  3.904E-01  6.608E-03  1.012E-01  2.078E+01  5.030E-06   HCN
4       3         42.5    354.5055    845.6638    8.031  8.508E-02  1.869E-01  1.021E-03  6.608E-03  9.947E+00  5.707E-06   HCN
5       4         63.8    443.1161    676.5550   17.183  1.031E-02  8.908E-02  3.621E-04  1.021E-03  4.741E+00  5.312E-06   HCN
6       5         89.3    531.7163    563.8203   24.483  3.274E-03  4.543E-02  1.509E-04  3.621E-04  2.418E+00  4.681E-06   HCN
