      LINE         E_UP       FREQ        WAVEL     T_EX      TAU        T_R       POP        POP       FLUX        FLUX   SPECIES
                   (K)        (GHz)       (um)      (K)                  (K)        UP        LOW      (K*km/s) (erg/cm2/s)   SPECIES
1       0          5.5    115.2712   2600.7576    4.998  3.430E+02  1.895E+00  4.548E-01  4.586E-01  1.009E+02  1.990E-06   CO
2       1         16.6    230.5380   1300.4037    4.993  3.016E+02  1.160E+00  8.268E-02  4.548E-01  6.175E+01  9.744E-06   CO
3       2         33.2    345.7960    866.9634    4.870  5.352E+01  5.306E-01  3.833E-03  8.268E-02  2.824E+01  1.504E-05   CO
4       3         55.3    461.0408    650.2515    3.736  2.433E+00  4.816E-02  1.319E-05  3.833E-03  2.563E+00  3.235E-06   CO
5       4         83.0    576.2679    520.2310    3.825  8.140E-03  1.537E-04  1.168E-08  1.319E-05  8.181E-03  2.016E-08   CO
6       5        116.2    691.4731    433.5562    4.139  7.060E-06  7.608E-08  4.550E-12  1.168E-08  4.049E-06  1.724E-11   CO
7       6        154.9    806.6518    371.6504    4.391  2.710E-09  1.548E-11  7.782E-16  4.550E-12  8.241E-10  5.570E-15   CO
8       7        199.1    921.7997    325.2252    5.302  4.577E-13  4.816E-15  7.790E-20  7.782E-16  2.564E-13  2.586E-18   CO
9       8        248.9   1036.9124    289.1203   68.757  6.125E-19  0.000E+00  4.666E-20  7.790E-20  0.000E+00  0.000E+00   CO
10      9        304.2   1151.9855    260.2398  133.820  5.485E-19  0.000E+00  3.593E-20  4.666E-20  0.000E+00  0.000E+00   CO
11      10       365.0   1267.0145    236.6133  162.216  4.965E-19  0.000E+00  2.872E-20  3.593E-20  0.000E+00  0.000E+00   CO
12      11       431.3   1381.9951    216.9273  194.386  4.526E-19  0.000E+00  2.372E-20  2.872E-20  0.000E+00  0.000E+00   CO
13      12       503.1   1496.9229    200.2725  228.947  4.155E-19  0.000E+00  2.014E-20  2.372E-20  0.000E+00  0.000E+00   CO
14      13       580.5   1611.7935    185.9993  266.661  3.837E-19  0.000E+00  1.751E-20  2.014E-20  0.000E+00  0.000E+00   CO
15      14       663.4   1726.6025    173.6314  307.848  3.559E-19  0.000E+00  1.554E-20  1.751E-20  0.000E+00  0.000E+00   CO
16      15       751.7   1841.3455    162.8116  351.686  3.314E-19  0.000E+00  1.402E-20  1.554E-20  0.000E+00  0.000E+00   CO
1       0         23.6    492.1607    609.1354    4.838  1.048E+00  1.145E-01  2.223E-02  9.778E-01  6.096E+00  9.359E-06   [CI]
2       1         62.5    809.3420    370.4151    4.839  1.009E-02  1.270E-04  1.210E-05  2.223E-02  6.762E-03  4.617E-08   [CI]
2       0         62.5   1301.5026    230.3433    4.839  2.185E-08  3.379E-12  1.210E-05  9.778E-01  1.799E-10  5.106E-15   [CI]
1       0          4.2     88.6316   3382.4556    2.759  5.969E+00  2.719E-02  3.798E-01  5.917E-01  1.447E+00  1.298E-08   HCN
2       1         12.8    177.2611   1691.2478    2.734  3.105E+00  3.648E-03  2.817E-02  3.798E-01  1.942E-01  1.393E-08   HCN
3       2         25.5    265.8864   1127.5207    2.730  2.149E-01  1.654E-04  3.678E-04  2.817E-02  8.806E-03  2.132E-09   HCN
4       3         42.5    354.5055    845.6638    2.735  2.693E-03  1.920E-06  9.396E-07  3.678E-04  1.022E-04  5.864E-11   HCN
5       4         63.8    443.1161    676.5550    2.781  6.697E-06  9.770E-09  5.480E-10  9.396E-07  5.200E-07  5.827E-13   HCN
6       5         89.3    531.7163    563.8203    3.179  3.835E-09  2.359E-11  2.116E-13  5.480E-10  1.256E-09  2.431E-15   HCN
