      LINE         E_UP       FREQ        WAVEL     T_EX      TAU        T_R       POP        POP       FLUX        FLUX   SPECIES
                   (K)        (GHz)       (um)      (K)                  (K)        UP        LOW      (K*km/s) (erg/cm2/s)   SPECIES
1       0          5.5    115.2712   2600.7576  479.989  4.642E+01  4.764E+02  1.704E-02  5.747E-03  2.536E+04  5.002E-04   CO
2       1         16.6    230.5380   1300.4037  479.990  1.824E+02  4.743E+02  2.776E-02  1.704E-02  2.524E+04  3.983E-03   CO
3       2         33.2    345.7960    866.9634  479.990  3.985E+02  4.717E+02  3.754E-02  2.776E-02  2.511E+04  1.337E-02   CO
4       3         55.3    461.0408    650.2515  479.990  6.792E+02  4.690E+02  4.609E-02  3.754E-02  2.496E+04  3.150E-02   CO
5       4         83.0    576.2679    520.2310  479.989  1.006E+03  4.663E+02  5.318E-02  4.609E-02  2.482E+04  6.117E-02   CO
6       5        116.2    691.4731    433.5562  479.989  1.356E+03  4.636E+02  5.865E-02  5.318E-02  2.467E+04  1.051E-01   CO
7       6        154.9    806.6518    371.6504  479.988  1.708E+03  4.609E+02  6.243E-02  5.865E-02  2.453E+04  1.658E-01   CO
8       7        199.1    921.7997    325.2252  479.987  2.040E+03  4.582E+02  6.453E-02  6.243E-02  2.439E+04  2.460E-01   CO
9       8        248.9   1036.9124    289.1203  479.985  2.333E+03  4.555E+02  6.501E-02  6.453E-02  2.425E+04  3.481E-01   CO
10      9        304.2   1151.9855    260.2398  479.983  2.570E+03  4.529E+02  6.404E-02  6.501E-02  2.410E+04  4.746E-01   CO
11      10       365.0   1267.0145    236.6133  479.981  2.745E+03  4.502E+02  6.179E-02  6.404E-02  2.396E+04  6.277E-01   CO
12      11       431.3   1381.9951    216.9273  479.979  2.847E+03  4.476E+02  5.850E-02  6.179E-02  2.382E+04  8.098E-01   CO
13      12       503.1   1496.9229    200.2725  479.977  2.878E+03  4.450E+02  5.440E-02  5.850E-02  2.368E+04  1.023E+00   CO
14      13       580.5   1611.7935    185.9993  479.971  2.842E+03  4.423E+02  4.973E-02  5.440E-02  2.354E+04  1.270E+00   CO
15      14       663.4   1726.6025    173.6314  479.964  2.744E+03  4.397E+02  4.473E-02  4.973E-02  2.340E+04  1.551E+00   CO
16      15       751.7   1841.3455    162.8116  479.958  2.595E+03  4.371E+02  3.961E-02  4.473E-02  2.327E+04  1.871E+00   CO
1       0         23.6    492.1607    609.1354  479.911  3.967E+00  4.593E+02  3.464E-01  1.213E-01  2.445E+04  3.753E-02   [CI]
2       1         62.5    809.3420    370.4151  479.668  7.710E+00  4.603E+02  5.324E-01  3.464E-01  2.450E+04  1.673E-01   [CI]
2       0         62.5   1301.5026    230.3433  479.760  2.088E-07  9.378E-05  5.324E-01  1.213E-01  4.991E-03  1.417E-07   [CI]
1       0          4.2     88.6316   3382.4556   -1.838 -7.609E+01  6.508E+33  2.036E-02  5.149E-03  3.464E+35  3.106E+27   HCN
2       1         12.8    177.2611   1691.2478    0.881  1.937E+02 -3.919E-01  1.784E-02  2.036E-02 -2.086E+01 -1.496E-06   HCN
3       2         25.5    265.8864   1127.5207   -1.909 -1.720E+02  6.329E+75  1.396E-01  1.784E-02  3.369E+77  8.155E+70   HCN
4       3         42.5    354.5055    845.6638   14.766  1.394E+02  7.825E+00  4.642E-02  1.396E-01  4.165E+02  2.390E-04   HCN
5       4         63.8    443.1161    676.5550  -11.122 -2.816E+02  4.998+123  5.686E-02  4.642E-02  2.660+125  2.981+119   HCN
6       5         89.3    531.7163    563.8203    0.689  5.048E+02 -2.191E-03  3.025E-02  5.686E-02 -1.166E-01 -2.258E-07   HCN
