      LINE         E_UP       FREQ        WAVEL     T_EX      TAU        T_R       POP        POP       FLUX        FLUX   SPECIES
                   (K)        (GHz)       (um)      (K)                  (K)        UP        LOW      (K*km/s) (erg/cm2/s)   SPECIES
1       0          5.5    115.2712   2600.7576  103.598  8.024E+00  9.999E+01  7.838E-02  2.756E-02  5.322E+03  1.050E-04   CO
2       1         16.6    230.5380   1300.4037  103.294  2.970E+01  9.767E+01  1.174E-01  7.838E-02  5.198E+03  8.202E-04   CO
3       2         33.2    345.7960    866.9634  103.211  5.849E+01  9.510E+01  1.399E-01  1.174E-01  5.062E+03  2.695E-03   CO
4       3         55.3    461.0408    650.2515  102.942  8.631E+01  9.227E+01  1.451E-01  1.399E-01  4.911E+03  6.198E-03   CO
5       4         83.0    576.2679    520.2310  102.471  1.062E+02  8.926E+01  1.354E-01  1.451E-01  4.751E+03  1.171E-02   CO
6       5        116.2    691.4731    433.5562  101.680  1.143E+02  8.599E+01  1.154E-01  1.354E-01  4.577E+03  1.949E-02   CO
7       6        154.9    806.6518    371.6504  100.367  1.103E+02  8.225E+01  9.057E-02  1.154E-01  4.378E+03  2.959E-02   CO
8       7        199.1    921.7997    325.2252   98.022  9.699E+01  7.756E+01  6.537E-02  9.057E-02  4.128E+03  4.164E-02   CO
9       8        248.9   1036.9124    289.1203   93.780  7.850E+01  7.109E+01  4.297E-02  6.537E-02  3.784E+03  5.433E-02   CO
10      9        304.2   1151.9855    260.2398   85.978  5.884E+01  6.128E+01  2.497E-02  4.297E-02  3.261E+03  6.421E-02   CO
11      10       365.0   1267.0145    236.6133   73.787  4.011E+01  4.751E+01  1.200E-02  2.497E-02  2.529E+03  6.624E-02   CO
12      11       431.3   1381.9951    216.9273   57.686  2.324E+01  3.074E+01  4.129E-03  1.200E-02  1.636E+03  5.562E-02   CO
13      12       503.1   1496.9229    200.2725   41.435  9.558E+00  1.541E+01  7.876E-04  4.129E-03  8.201E+02  3.543E-02   CO
14      13       580.5   1611.7935    185.9993   31.678  2.005E+00  6.378E+00  7.359E-05  7.876E-04  3.395E+02  1.831E-02   CO
15      14       663.4   1726.6025    173.6314   40.722  1.769E-01  2.019E+00  1.028E-05  7.359E-05  1.075E+02  7.125E-03   CO
16      15       751.7   1841.3455    162.8116   56.136  2.234E-02  5.102E-01  2.267E-06  1.028E-05  2.715E+01  2.183E-03   CO
1       0         23.6    492.1607    609.1354  106.528  1.783E-01  1.554E+01  3.983E-01  1.657E-01  8.272E+02  1.270E-03   [CI]
2       1         62.5    809.3420    370.4151   92.328  3.110E-01  1.985E+01  4.359E-01  3.983E-01  1.056E+03  7.212E-03   [CI]
2       0         62.5   1301.5026    230.3433   97.229  8.799E-09  6.099E-07  4.359E-01  1.657E-01  3.246E-05  9.217E-10   [CI]
1       0          4.2     88.6316   3382.4556    6.995  8.773E+00  3.951E+00  4.888E-01  2.993E-01  2.103E+02  1.885E-06   HCN
2       1         12.8    177.2611   1691.2478    5.855  1.606E+01  2.205E+00  1.906E-01  4.888E-01  1.174E+02  8.418E-06   HCN
3       2         25.5    265.8864   1127.5207    4.903  6.810E+00  9.004E-01  1.976E-02  1.906E-01  4.792E+01  1.160E-05   HCN
4       3         42.5    354.5055    845.6638    5.527  6.928E-01  3.937E-01  1.169E-03  1.976E-02  2.096E+01  1.202E-05   HCN
5       4         63.8    443.1161    676.5550   12.171  3.450E-02  1.519E-01  2.490E-04  1.169E-03  8.085E+00  9.059E-06   HCN
6       5         89.3    531.7163    563.8203   18.963  6.462E-03  5.785E-02  7.662E-05  2.490E-04  3.079E+00  5.961E-06   HCN
