      LINE         E_UP       FREQ        WAVEL     T_EX      TAU        T_R       POP        POP       FLUX        FLUX   SPECIES
                   (K)        (GHz)       (um)      (K)                  (K)        UP        LOW      (K*km/s) (erg/cm2/s)   SPECIES
1       0          5.5    115.2712   2600.7576 -492.643 -2.490E-01  1.403E+02  3.861E-02  1.260E-02  7.470E+03  1.473E-04   CO
2       1         16.6    230.5380   1300.4037 -141.270 -2.675E+00  1.988E+03  6.334E-02  3.861E-02  1.058E+05  1.670E-02   CO
3       2         33.2    345.7960    866.9634  -22.467  1.906E+01 -3.182E+01  8.076E-02  6.334E-02 -1.693E+03 -9.017E-04   CO
4       3         55.3    461.0408    650.2515  -89.748 -1.700E+01  2.446E+09  9.997E-02  8.076E-02  1.302E+11  1.643E+05   CO
5       4         83.0    576.2679    520.2310 -126.990  4.670E+01 -1.413E+02  1.033E-01  9.997E-02 -7.522E+03 -1.854E-02   CO
6       5        116.2    691.4731    433.5562 -231.196 -1.501E+01  8.229E+08  1.123E-01  1.033E-01  4.380E+10  1.865E+05   CO
7       6        154.9    806.6518    371.6504  451.931  4.111E+01  4.329E+02  1.065E-01  1.123E-01  2.304E+04  1.557E-01   CO
8       7        199.1    921.7997    325.2252  310.084  1.120E+01  2.885E+02  1.010E-01  1.065E-01  1.535E+04  1.549E-01   CO
9       8        248.9   1036.9124    289.1203  196.450  2.890E+01  1.726E+02  8.787E-02  1.010E-01  9.188E+03  1.319E-01   CO
10      9        304.2   1151.9855    260.2398  183.003  2.594E+01  1.567E+02  7.182E-02  8.787E-02  8.343E+03  1.643E-01   CO
11      10       365.0   1267.0145    236.6133  168.034  2.514E+01  1.395E+02  5.383E-02  7.182E-02  7.423E+03  1.944E-01   CO
12      11       431.3   1381.9951    216.9273  134.179  2.383E+01  1.037E+02  3.577E-02  5.383E-02  5.521E+03  1.877E-01   CO
13      12       503.1   1496.9229    200.2725  113.479  1.867E+01  8.132E+01  2.014E-02  3.577E-02  4.328E+03  1.870E-01   CO
14      13       580.5   1611.7935    185.9993   85.876  1.345E+01  5.293E+01  8.662E-03  2.014E-02  2.817E+03  1.519E-01   CO
15      14       663.4   1726.6025    173.6314   65.012  7.170E+00  3.213E+01  2.571E-03  8.662E-03  1.710E+03  1.134E-01   CO
16      15       751.7   1841.3455    162.8116   57.246  2.377E+00  2.177E+01  5.916E-04  2.571E-03  1.159E+03  9.318E-02   CO
1       0         23.6    492.1607    609.1354  695.771  9.079E-03  6.182E+00  3.662E-01  1.263E-01  3.291E+02  5.052E-04   [CI]
2       1         62.5    809.3420    370.4151  210.583  5.582E-02  1.041E+01  5.075E-01  3.662E-01  5.541E+02  3.783E-03   [CI]
2       0         62.5   1301.5026    230.3433  286.001  1.105E-09  2.827E-07  5.075E-01  1.263E-01  1.505E-05  4.272E-10   [CI]
1       0          4.2     88.6316   3382.4556    4.943  5.689E+00  1.980E+00  4.885E-01  3.850E-01  1.054E+02  9.451E-07   HCN
2       1         12.8    177.2611   1691.2478    4.353  7.157E+00  1.010E+00  1.153E-01  4.885E-01  5.378E+01  3.858E-06   HCN
3       2         25.5    265.8864   1127.5207    4.391  1.675E+00  5.030E-01  8.828E-03  1.153E-01  2.677E+01  6.481E-06   HCN
4       3         42.5    354.5055    845.6638    8.224  1.129E-01  2.590E-01  1.434E-03  8.828E-03  1.379E+01  7.911E-06   HCN
5       4         63.8    443.1161    676.5550   17.951  1.416E-02  1.316E-01  5.360E-04  1.434E-03  7.006E+00  7.850E-06   HCN
6       5         89.3    531.7163    563.8203   26.029  4.678E-03  7.150E-02  2.377E-04  5.360E-04  3.806E+00  7.368E-06   HCN
