      LINE         E_UP       FREQ        WAVEL     T_EX      TAU        T_R       POP        POP       FLUX        FLUX   SPECIES
                   (K)        (GHz)       (um)      (K)                  (K)        UP        LOW      (K*km/s) (erg/cm2/s)   SPECIES
1       0          5.5    115.2712   2600.7576   34.150  1.325E+00  2.248E+01  3.207E-01  1.257E-01  1.197E+03  2.361E-05   CO
2       1         16.6    230.5380   1300.4037   21.244  6.115E+00  1.596E+01  3.175E-01  3.207E-01  8.495E+02  1.340E-04   CO
3       2         33.2    345.7960    866.9634   17.750  8.147E+00  1.069E+01  1.745E-01  3.175E-01  5.688E+02  3.029E-04   CO
4       3         55.3    461.0408    650.2515   14.636  5.463E+00  6.226E+00  4.948E-02  1.745E-01  3.314E+02  4.182E-04   CO
5       4         83.0    576.2679    520.2310   13.995  1.661E+00  3.604E+00  8.383E-03  4.948E-02  1.918E+02  4.727E-04   CO
6       5        116.2    691.4731    433.5562   21.550  2.513E-01  2.013E+00  2.124E-03  8.383E-03  1.071E+02  4.561E-04   CO
7       6        154.9    806.6518    371.6504   35.988  5.260E-02  1.027E+00  8.358E-04  2.124E-03  5.465E+01  3.694E-04   CO
8       7        199.1    921.7997    325.2252   47.194  1.887E-02  5.325E-01  3.710E-04  8.358E-04  2.834E+01  2.859E-04   CO
9       8        248.9   1036.9124    289.1203   56.117  8.009E-03  2.781E-01  1.708E-04  3.710E-04  1.480E+01  2.125E-04   CO
10      9        304.2   1151.9855    260.2398   65.612  3.535E-03  1.475E-01  8.129E-05  1.708E-04  7.851E+00  1.546E-04   CO
11      10       365.0   1267.0145    236.6133   76.049  1.612E-03  7.999E-02  4.002E-05  8.129E-05  4.257E+00  1.115E-04   CO
12      11       431.3   1381.9951    216.9273   85.300  7.722E-04  4.353E-02  1.999E-05  4.002E-05  2.317E+00  7.876E-05   CO
13      12       503.1   1496.9229    200.2725   94.707  3.762E-04  2.380E-02  1.011E-05  1.999E-05  1.267E+00  5.472E-05   CO
14      13       580.5   1611.7935    185.9993   96.161  1.962E-04  1.228E-02  4.859E-06  1.011E-05  6.537E-01  3.525E-05   CO
15      14       663.4   1726.6025    173.6314  100.474  9.497E-05  6.142E-03  2.277E-06  4.859E-06  3.269E-01  2.167E-05   CO
16      15       751.7   1841.3455    162.8116  113.295  4.254E-05  3.182E-03  1.111E-06  2.277E-06  1.694E-01  1.362E-05   CO
1       0         23.6    492.1607    609.1354   32.505  1.128E-02  2.481E-01  4.652E-01  3.207E-01  1.320E+01  2.027E-05   [CI]
2       1         62.5    809.3420    370.4151   30.173  9.639E-03  1.420E-01  2.140E-01  4.652E-01  7.561E+00  5.162E-05   [CI]
2       0         62.5   1301.5026    230.3433   31.014  3.919E-10  3.770E-09  2.140E-01  3.207E-01  2.007E-07  5.697E-12   [CI]
1       0          4.2     88.6316   3382.4556    2.741  3.789E-01  4.112E-03  3.774E-01  5.937E-01  2.189E-01  1.963E-09   HCN
2       1         12.8    177.2611   1691.2478    2.745  1.945E-01  1.592E-03  2.834E-02  3.774E-01  8.471E-02  6.076E-09   HCN
3       2         25.5    265.8864   1127.5207    2.907  1.360E-02  5.529E-04  4.920E-04  2.834E-02  2.943E-02  7.124E-09   HCN
4       3         42.5    354.5055    845.6638    6.273  2.126E-04  2.501E-04  4.199E-05  4.920E-04  1.331E-02  7.637E-09   HCN
5       4         63.8    443.1161    676.5550   17.634  1.324E-05  1.202E-04  1.537E-05  4.199E-05  6.396E-03  7.167E-09   HCN
6       5         89.3    531.7163    563.8203   26.980  4.152E-06  6.726E-05  7.053E-06  1.537E-05  3.580E-03  6.931E-09   HCN
