      LINE         E_UP       FREQ        WAVEL     T_EX      TAU        T_R       POP        POP       FLUX        FLUX   SPECIES
                   (K)        (GHz)       (um)      (K)                  (K)        UP        LOW      (K*km/s) (erg/cm2/s)   SPECIES
1       0          5.5    115.2712   2600.7576   79.705  2.066E+01  7.613E+01  9.719E-02  3.472E-02  4.052E+03  7.993E-05   CO
2       1         16.6    230.5380   1300.4037   79.703  7.447E+01  7.410E+01  1.410E-01  9.719E-02  3.944E+03  6.224E-04   CO
3       2         33.2    345.7960    866.9634   79.674  1.410E+02  7.163E+01  1.603E-01  1.410E-01  3.812E+03  2.030E-03   CO
4       3         55.3    461.0408    650.2515   79.603  1.966E+02  6.905E+01  1.560E-01  1.603E-01  3.675E+03  4.638E-03   CO
5       4         83.0    576.2679    520.2310   79.477  2.250E+02  6.645E+01  1.347E-01  1.560E-01  3.537E+03  8.716E-03   CO
6       5        116.2    691.4731    433.5562   79.248  2.214E+02  6.381E+01  1.047E-01  1.347E-01  3.396E+03  1.446E-02   CO
7       6        154.9    806.6518    371.6504   78.842  1.922E+02  6.106E+01  7.394E-02  1.047E-01  3.250E+03  2.197E-02   CO
8       7        199.1    921.7997    325.2252   78.034  1.495E+02  5.799E+01  4.753E-02  7.394E-02  3.087E+03  3.114E-02   CO
9       8        248.9   1036.9124    289.1203   76.331  1.052E+02  5.413E+01  2.768E-02  4.753E-02  2.881E+03  4.137E-02   CO
10      9        304.2   1151.9855    260.2398   72.252  6.772E+01  4.810E+01  1.423E-02  2.768E-02  2.560E+03  5.040E-02   CO
11      10       365.0   1267.0145    236.6133   63.770  3.968E+01  3.813E+01  6.008E-03  1.423E-02  2.029E+03  5.316E-02   CO
12      11       431.3   1381.9951    216.9273   50.277  1.978E+01  2.420E+01  1.746E-03  6.008E-03  1.288E+03  4.379E-02   CO
13      12       503.1   1496.9229    200.2725   35.801  6.733E+00  1.114E+01  2.535E-04  1.746E-03  5.932E+02  2.562E-02   CO
14      13       580.5   1611.7935    185.9993   29.517  1.039E+00  3.921E+00  1.981E-05  2.535E-04  2.087E+02  1.126E-02   CO
15      14       663.4   1726.6025    173.6314   40.256  7.571E-02  8.841E-01  2.703E-06  1.981E-05  4.706E+01  3.119E-03   CO
16      15       751.7   1841.3455    162.8116   48.532  9.840E-03  1.671E-01  4.658E-07  2.703E-06  8.896E+00  7.153E-04   CO
1       0         23.6    492.1607    609.1354   80.045  4.016E-01  2.276E+01  4.093E-01  1.833E-01  1.211E+03  1.860E-03   [CI]
2       1         62.5    809.3420    370.4151   75.357  5.939E-01  2.579E+01  4.074E-01  4.093E-01  1.373E+03  9.373E-03   [CI]
2       0         62.5   1301.5026    230.3433   77.064  1.807E-08  9.035E-07  4.074E-01  1.833E-01  4.809E-05  1.365E-09   [CI]
1       0          4.2     88.6316   3382.4556    9.275  9.056E+00  6.179E+00  4.580E-01  2.415E-01  3.289E+02  2.949E-06   HCN
2       1         12.8    177.2611   1691.2478    7.713  2.079E+01  3.833E+00  2.533E-01  4.580E-01  2.040E+02  1.463E-05   HCN
3       2         25.5    265.8864   1127.5207    6.140  1.356E+01  1.706E+00  4.438E-02  2.533E-01  9.079E+01  2.198E-05   HCN
4       3         42.5    354.5055    845.6638    5.406  2.474E+00  6.693E-01  2.452E-03  4.438E-02  3.562E+01  2.044E-05   HCN
5       4         63.8    443.1161    676.5550    9.043  1.257E-01  2.632E-01  2.853E-04  2.452E-03  1.401E+01  1.570E-05   HCN
6       5         89.3    531.7163    563.8203   17.150  1.228E-02  9.084E-02  7.614E-05  2.853E-04  4.835E+00  9.360E-06   HCN
