      LINE         E_UP       FREQ        WAVEL     T_EX      TAU        T_R       POP        POP       FLUX        FLUX   SPECIES
                   (K)        (GHz)       (um)      (K)                  (K)        UP        LOW      (K*km/s) (erg/cm2/s)   SPECIES
1       0          5.5    115.2712   2600.7576  404.777  6.579E+00  4.006E+02  2.035E-02  6.875E-03  2.132E+04  4.206E-04   CO
2       1         16.6    230.5380   1300.4037  404.356  2.579E+01  3.987E+02  3.299E-02  2.035E-02  2.122E+04  3.348E-03   CO
3       2         33.2    345.7960    866.9634  404.375  5.604E+01  3.961E+02  4.434E-02  3.299E-02  2.108E+04  1.123E-02   CO
4       3         55.3    461.0408    650.2515  404.369  9.480E+01  3.934E+02  5.397E-02  4.434E-02  2.094E+04  2.643E-02   CO
5       4         83.0    576.2679    520.2310  404.323  1.390E+02  3.907E+02  6.160E-02  5.397E-02  2.079E+04  5.124E-02   CO
6       5        116.2    691.4731    433.5562  404.303  1.853E+02  3.879E+02  6.706E-02  6.160E-02  2.065E+04  8.792E-02   CO
7       6        154.9    806.6518    371.6504  404.231  2.302E+02  3.852E+02  7.031E-02  6.706E-02  2.050E+04  1.386E-01   CO
8       7        199.1    921.7997    325.2252  404.158  2.706E+02  3.824E+02  7.142E-02  7.031E-02  2.036E+04  2.053E-01   CO
9       8        248.9   1036.9124    289.1203  404.032  3.039E+02  3.797E+02  7.058E-02  7.142E-02  2.021E+04  2.901E-01   CO
10      9        304.2   1151.9855    260.2398  403.861  3.281E+02  3.768E+02  6.803E-02  7.058E-02  2.006E+04  3.949E-01   CO
11      10       365.0   1267.0145    236.6133  403.714  3.427E+02  3.741E+02  6.409E-02  6.803E-02  1.991E+04  5.215E-01   CO
12      11       431.3   1381.9951    216.9273  403.508  3.468E+02  3.713E+02  5.910E-02  6.409E-02  1.976E+04  6.717E-01   CO
13      12       503.1   1496.9229    200.2725  403.335  3.413E+02  3.685E+02  5.342E-02  5.910E-02  1.961E+04  8.472E-01   CO
14      13       580.5   1611.7935    185.9993  402.855  3.276E+02  3.654E+02  4.735E-02  5.342E-02  1.945E+04  1.049E+00   CO
15      14       663.4   1726.6025    173.6314  402.300  3.067E+02  3.623E+02  4.119E-02  4.735E-02  1.928E+04  1.278E+00   CO
16      15       751.7   1841.3455    162.8116  401.685  2.807E+02  3.591E+02  3.519E-02  4.119E-02  1.911E+04  1.537E+00   CO
1       0         23.6    492.1607    609.1354  407.864  4.727E-01  1.492E+02  3.492E-01  1.233E-01  7.943E+03  1.219E-02   [CI]
2       1         62.5    809.3420    370.4151  394.676  9.366E-01  2.284E+02  5.275E-01  3.492E-01  1.215E+04  8.299E-02   [CI]
2       0         62.5   1301.5026    230.3433  399.561  2.517E-08  9.291E-06  5.275E-01  1.233E-01  4.945E-04  1.404E-08   [CI]
1       0          4.2     88.6316   3382.4556   -1.307 -3.674E+01  5.000E+16  1.251E-01  3.190E-02  2.661E+18  2.386E+10   HCN
2       1         12.8    177.2611   1691.2478    0.182  9.718E+01 -3.924E-01  1.334E-01  1.251E-01 -2.089E+01 -1.498E-06   HCN
3       2         25.5    265.8864   1127.5207   -2.080 -1.185E+02  3.735E+52  2.149E-01  1.334E-01  1.988E+54  4.812E+47   HCN
4       3         42.5    354.5055    845.6638    1.237  1.657E+02 -3.314E-02  1.440E-01  2.149E-01 -1.764E+00 -1.012E-06   HCN
5       4         63.8    443.1161    676.5550   -1.001 -8.930E+01  1.291E+40  1.629E-01  1.440E-01  6.870E+41  7.698E+35   HCN
6       5         89.3    531.7163    563.8203    3.184  8.862E+01  6.252E-03  9.492E-02  1.629E-01  3.328E-01  6.443E-07   HCN
