      LINE         E_UP       FREQ        WAVEL     T_EX      TAU        T_R       POP        POP       FLUX        FLUX   SPECIES
                   (K)        (GHz)       (um)      (K)                  (K)        UP        LOW      (K*km/s) (erg/cm2/s)   SPECIES
1       0          5.5    115.2712   2600.7576    5.000  5.430E+03  1.897E+00  4.546E-01  4.582E-01  1.010E+02  1.992E-06   CO
2       1         16.6    230.5380   1300.4037    5.000  4.777E+03  1.165E+00  8.289E-02  4.546E-01  6.199E+01  9.781E-06   CO
3       2         33.2    345.7960    866.9634    5.000  8.477E+02  5.852E-01  4.198E-03  8.289E-02  3.115E+01  1.659E-05   CO
4       3         55.3    461.0408    650.2515    4.980  4.185E+01  2.567E-01  6.347E-05  4.198E-03  1.366E+01  1.724E-05   CO
5       4         83.0    576.2679    520.2310    4.481  6.199E-01  2.624E-02  1.620E-07  6.347E-05  1.396E+00  3.442E-06   CO
6       5        116.2    691.4731    433.5562    4.597  1.552E-03  3.748E-05  1.403E-10  1.620E-07  1.995E-03  8.493E-09   CO
7       6        154.9    806.6518    371.6504    4.583  1.324E-06  1.097E-08  3.474E-14  1.403E-10  5.840E-07  3.947E-12   CO
8       7        199.1    921.7997    325.2252    4.564  3.239E-10  8.837E-13  1.182E-18  3.474E-14  4.704E-11  4.745E-16   CO
9       8        248.9   1036.9124    289.1203   44.754  1.273E-14  3.114E-13  1.447E-19  1.182E-18  1.658E-11  2.380E-16   CO
10      9        304.2   1151.9855    260.2398  153.913  8.693E-18  0.000E+00  1.145E-19  1.447E-19  0.000E+00  0.000E+00   CO
11      10       365.0   1267.0145    236.6133  180.421  7.869E-18  0.000E+00  9.203E-20  1.145E-19  0.000E+00  0.000E+00   CO
12      11       431.3   1381.9951    216.9273  211.003  7.174E-18  0.000E+00  7.534E-20  9.203E-20  0.000E+00  0.000E+00   CO
13      12       503.1   1496.9229    200.2725  243.938  6.585E-18  0.000E+00  6.272E-20  7.534E-20  0.000E+00  0.000E+00   CO
14      13       580.5   1611.7935    185.9993  285.109  6.081E-18  0.000E+00  5.326E-20  6.272E-20  0.000E+00  0.000E+00   CO
15      14       663.4   1726.6025    173.6314  323.973  5.640E-18  0.000E+00  4.587E-20  5.326E-20  0.000E+00  0.000E+00   CO
16      15       751.7   1841.3455    162.8116  366.267  5.253E-18  0.000E+00  4.003E-20  4.587E-20  0.000E+00  0.000E+00   CO
1       0         23.6    492.1607    609.1354    4.999  1.652E+01  2.072E-01  2.591E-02  9.741E-01  1.103E+01  1.693E-05   [CI]
2       1         62.5    809.3420    370.4151    4.986  1.862E-01  2.728E-03  1.787E-05  2.591E-02  1.452E-01  9.913E-07   [CI]
2       0         62.5   1301.5026    230.3433    4.991  3.450E-07  7.909E-11  1.787E-05  9.741E-01  4.210E-09  1.195E-13   [CI]
1       0          4.2     88.6316   3382.4556    4.462  5.343E+01  1.537E+00  4.942E-01  4.274E-01  8.181E+01  7.335E-07   HCN
2       1         12.8    177.2611   1691.2478    3.593  6.073E+01  4.868E-01  7.715E-02  4.942E-01  2.591E+01  1.858E-06   HCN
3       2         25.5    265.8864   1127.5207    2.895  9.301E+00  3.803E-02  1.315E-03  7.715E-02  2.024E+00  4.900E-07   HCN
4       3         42.5    354.5055    845.6638    2.815  1.525E-01  1.033E-03  4.012E-06  1.315E-03  5.500E-02  3.156E-08   HCN
5       4         63.8    443.1161    676.5550    3.023  4.530E-04  4.557E-06  4.321E-09  4.012E-06  2.425E-04  2.718E-10   HCN
6       5         89.3    531.7163    563.8203    3.751  4.789E-07  1.254E-08  5.671E-12  4.321E-09  6.673E-07  1.292E-12   HCN
