      LINE         E_UP       FREQ        WAVEL     T_EX      TAU        T_R       POP        POP       FLUX        FLUX   SPECIES
                   (K)        (GHz)       (um)      (K)                  (K)        UP        LOW      (K*km/s) (erg/cm2/s)   SPECIES
1       0          5.5    115.2712   2600.7576   29.982  1.065E+02  2.646E+01  2.237E-01  8.966E-02  1.409E+03  2.778E-05   CO
2       1         16.6    230.5380   1300.4037   29.981  3.241E+02  2.459E+01  2.577E-01  2.237E-01  1.309E+03  2.066E-04   CO
3       2         33.2    345.7960    866.9634   29.972  4.629E+02  2.240E+01  2.074E-01  2.577E-01  1.192E+03  6.348E-04   CO
4       3         55.3    461.0408    650.2515   29.949  4.350E+02  2.023E+01  1.274E-01  2.074E-01  1.077E+03  1.359E-03   CO
5       4         83.0    576.2679    520.2310   29.884  2.996E+02  1.816E+01  6.171E-02  1.274E-01  9.665E+02  2.382E-03   CO
6       5        116.2    691.4731    433.5562   29.677  1.585E+02  1.611E+01  2.384E-02  6.171E-02  8.576E+02  3.652E-03   CO
7       6        154.9    806.6518    371.6504   28.772  6.626E+01  1.363E+01  7.162E-03  2.384E-02  7.255E+02  4.904E-03   CO
8       7        199.1    921.7997    325.2252   24.769  2.213E+01  8.909E+00  1.361E-03  7.162E-03  4.742E+02  4.783E-03   CO
9       8        248.9   1036.9124    289.1203   17.613  4.699E+00  3.107E+00  9.014E-05  1.361E-03  1.654E+02  2.375E-03   CO
10      9        304.2   1151.9855    260.2398   16.012  3.172E-01  4.913E-01  3.154E-06  9.014E-05  2.615E+01  5.148E-04   CO
11      10       365.0   1267.0145    236.6133   20.485  1.078E-02  3.531E-02  1.775E-07  3.154E-06  1.879E+00  4.923E-05   CO
12      11       431.3   1381.9951    216.9273   21.736  6.037E-04  1.987E-03  9.125E-09  1.775E-07  1.058E-01  3.595E-06   CO
13      12       503.1   1496.9229    200.2725   22.756  3.092E-05  9.873E-05  4.194E-10  9.125E-09  5.255E-03  2.270E-07   CO
14      13       580.5   1611.7935    185.9993   22.902  1.422E-06  3.886E-06  1.537E-11  4.194E-10  2.068E-04  1.115E-08   CO
15      14       663.4   1726.6025    173.6314   23.216  5.199E-08  1.249E-07  4.630E-13  1.537E-11  6.649E-06  4.407E-10   CO
16      15       751.7   1841.3455    162.8116   23.613  1.560E-09  3.345E-09  1.168E-14  4.630E-13  1.780E-07  1.432E-11   CO
1       0         23.6    492.1607    609.1354   29.673  1.267E+00  1.394E+01  4.586E-01  3.389E-01  7.421E+02  1.139E-03   [CI]
2       1         62.5    809.3420    370.4151   29.237  9.649E-01  8.662E+00  2.024E-01  4.586E-01  4.610E+02  3.148E-03   [CI]
2       0         62.5   1301.5026    230.3433   29.400  4.208E-08  3.566E-07  2.024E-01  3.389E-01  1.898E-05  5.389E-10   [CI]
1       0          4.2     88.6316   3382.4556    6.178  1.349E+01  3.163E+00  5.043E-01  3.346E-01  1.683E+02  1.509E-06   HCN
2       1         12.8    177.2611   1691.2478    4.979  2.229E+01  1.489E+00  1.522E-01  5.043E-01  7.927E+01  5.686E-06   HCN
3       2         25.5    265.8864   1127.5207    3.978  7.097E+00  4.185E-01  8.624E-03  1.522E-01  2.227E+01  5.392E-06   HCN
4       3         42.5    354.5055    845.6638    4.342  3.911E-01  1.009E-01  2.203E-04  8.624E-03  5.373E+00  3.083E-06   HCN
5       4         63.8    443.1161    676.5550    8.817  9.025E-03  1.874E-02  2.414E-05  2.203E-04  9.972E-01  1.117E-06   HCN
6       5         89.3    531.7163    563.8203   12.186  9.351E-04  3.349E-03  3.515E-06  2.414E-05  1.782E-01  3.451E-07   HCN
