      LINE         E_UP       FREQ        WAVEL     T_EX      TAU        T_R       POP        POP       FLUX        FLUX   SPECIES
                   (K)        (GHz)       (um)      (K)                  (K)        UP        LOW      (K*km/s) (erg/cm2/s)   SPECIES
1       0          5.5    115.2712   2600.7576  329.912  1.958E+01  3.263E+02  2.469E-02  8.371E-03  1.737E+04  3.426E-04   CO
2       1         16.6    230.5380   1300.4037  329.914  7.631E+01  3.242E+02  3.980E-02  2.469E-02  1.726E+04  2.723E-03   CO
3       2         33.2    345.7960    866.9634  329.911  1.646E+02  3.216E+02  5.299E-02  3.980E-02  1.712E+04  9.116E-03   CO
4       3         55.3    461.0408    650.2515  329.909  2.754E+02  3.190E+02  6.371E-02  5.299E-02  1.698E+04  2.143E-02   CO
5       4         83.0    576.2679    520.2310  329.902  3.983E+02  3.163E+02  7.160E-02  6.371E-02  1.683E+04  4.149E-02   CO
6       5        116.2    691.4731    433.5562  329.897  5.218E+02  3.136E+02  7.652E-02  7.160E-02  1.669E+04  7.107E-02   CO
7       6        154.9    806.6518    371.6504  329.884  6.354E+02  3.109E+02  7.852E-02  7.652E-02  1.655E+04  1.119E-01   CO
8       7        199.1    921.7997    325.2252  329.870  7.298E+02  3.082E+02  7.782E-02  7.852E-02  1.641E+04  1.655E-01   CO
9       8        248.9   1036.9124    289.1203  329.848  7.983E+02  3.056E+02  7.479E-02  7.782E-02  1.627E+04  2.335E-01   CO
10      9        304.2   1151.9855    260.2398  329.817  8.369E+02  3.029E+02  6.991E-02  7.479E-02  1.612E+04  3.175E-01   CO
11      10       365.0   1267.0145    236.6133  329.786  8.461E+02  3.003E+02  6.367E-02  6.991E-02  1.598E+04  4.187E-01   CO
12      11       431.3   1381.9951    216.9273  329.742  8.264E+02  2.977E+02  5.660E-02  6.367E-02  1.584E+04  5.386E-01   CO
13      12       503.1   1496.9229    200.2725  329.698  7.826E+02  2.951E+02  4.916E-02  5.660E-02  1.571E+04  6.784E-01   CO
14      13       580.5   1611.7935    185.9993  329.597  7.203E+02  2.924E+02  4.176E-02  4.916E-02  1.556E+04  8.393E-01   CO
15      14       663.4   1726.6025    173.6314  329.475  6.448E+02  2.898E+02  3.471E-02  4.176E-02  1.542E+04  1.022E+00   CO
16      15       751.7   1841.3455    162.8116  329.316  5.624E+02  2.871E+02  2.825E-02  3.471E-02  1.528E+04  1.229E+00   CO
1       0         23.6    492.1607    609.1354  330.270  1.183E+00  2.210E+02  3.523E-01  1.261E-01  1.176E+04  1.806E-02   [CI]
2       1         62.5    809.3420    370.4151  327.517  2.250E+00  2.760E+02  5.215E-01  3.523E-01  1.469E+04  1.003E-01   [CI]
2       0         62.5   1301.5026    230.3433  328.552  6.145E-08  1.833E-05  5.215E-01  1.261E-01  9.756E-04  2.770E-08   [CI]
1       0          4.2     88.6316   3382.4556   -3.143 -1.653E+01  1.037E+08  5.466E-02  1.684E-02  5.519E+09  4.948E+01   HCN
2       1         12.8    177.2611   1691.2478    1.781  4.761E+01 -3.202E-01  6.872E-02  5.466E-02 -1.704E+01 -1.222E-06   HCN
3       2         25.5    265.8864   1127.5207  -11.435 -3.089E+01  4.992E+14  8.681E-02  6.872E-02  2.657E+16  6.432E+09   HCN
4       3         42.5    354.5055    845.6638   -8.049  5.397E+01 -1.938E+01  7.588E-02  8.681E-02 -1.032E+03 -5.920E-04   HCN
5       4         63.8    443.1161    676.5550   20.876  3.173E+01  1.201E+01  2.587E-02  7.588E-02  6.392E+02  7.162E-04   HCN
6       5         89.3    531.7163    563.8203  -12.077 -1.656E+02  2.465E+73  2.736E-01  2.587E-02  1.312E+75  2.540E+69   HCN
