      LINE         E_UP       FREQ        WAVEL     T_EX      TAU        T_R       POP        POP       FLUX        FLUX   SPECIES
                   (K)        (GHz)       (um)      (K)                  (K)        UP        LOW      (K*km/s) (erg/cm2/s)   SPECIES
1       0          5.5    115.2712   2600.7576    9.586  4.501E+00  6.179E+00  4.895E-01  2.906E-01  3.289E+02  6.487E-06   CO
2       1         16.6    230.5380   1300.4037    7.786  8.740E+00  3.327E+00  1.970E-01  4.895E-01  1.771E+02  2.794E-05   CO
3       2         33.2    345.7960    866.9634    6.446  3.853E+00  1.303E+00  2.101E-02  1.970E-01  6.934E+01  3.692E-05   CO
4       3         55.3    461.0408    650.2515    7.763  3.984E-01  4.441E-01  1.562E-03  2.101E-02  2.364E+01  2.983E-05   CO
5       4         83.0    576.2679    520.2310   14.238  2.613E-02  1.193E-01  2.737E-04  1.562E-03  6.352E+00  1.566E-05   CO
6       5        116.2    691.4731    433.5562   19.731  4.262E-03  3.225E-02  6.017E-05  2.737E-04  1.717E+00  7.309E-06   CO
7       6        154.9    806.6518    371.6504   23.574  9.141E-04  8.490E-03  1.344E-05  6.017E-05  4.519E-01  3.054E-06   CO
8       7        199.1    921.7997    325.2252   27.002  2.014E-04  2.148E-03  2.959E-06  1.344E-05  1.144E-01  1.153E-06   CO
9       8        248.9   1036.9124    289.1203   29.937  4.412E-05  5.140E-04  6.274E-07  2.959E-06  2.736E-02  3.928E-07   CO
10      9        304.2   1151.9855    260.2398   32.411  9.351E-06  1.147E-04  1.259E-07  6.274E-07  6.107E-03  1.202E-07   CO
11      10       365.0   1267.0145    236.6133   35.233  1.869E-06  2.462E-05  2.456E-08  1.259E-07  1.310E-03  3.432E-08   CO
12      11       431.3   1381.9951    216.9273   37.723  3.636E-07  5.022E-06  4.600E-09  2.456E-08  2.673E-04  9.086E-09   CO
13      12       503.1   1496.9229    200.2725   43.114  6.618E-08  1.108E-06  9.387E-10  4.600E-09  5.895E-05  2.547E-09   CO
14      13       580.5   1611.7935    185.9993   43.112  1.377E-08  2.124E-07  1.676E-10  9.387E-10  1.130E-05  6.096E-10   CO
15      14       663.4   1726.6025    173.6314   41.615  2.525E-09  3.308E-08  2.446E-11  1.676E-10  1.761E-06  1.167E-10   CO
16      15       751.7   1841.3455    162.8116   47.063  3.583E-10  5.718E-09  3.983E-12  2.446E-11  3.043E-07  2.447E-11   CO
1       0         23.6    492.1607    609.1354   12.608  1.849E-02  7.846E-02  2.949E-01  6.400E-01  4.176E+00  6.412E-06   [CI]
2       1         62.5    809.3420    370.4151   19.216  3.669E-03  2.172E-02  6.511E-02  2.949E-01  1.156E+00  7.894E-06   [CI]
2       0         62.5   1301.5026    230.3433   16.038  4.431E-10  5.748E-10  6.511E-02  6.400E-01  3.060E-08  8.687E-13   [CI]
1       0          4.2     88.6316   3382.4556    2.729  1.910E-01  4.345E-04  3.760E-01  5.958E-01  2.312E-02  2.073E-10   HCN
2       1         12.8    177.2611   1691.2478    2.729  9.723E-02  1.495E-04  2.774E-02  3.760E-01  7.960E-03  5.709E-10   HCN
3       2         25.5    265.8864   1127.5207    2.750  6.691E-03  3.432E-05  3.751E-04  2.774E-02  1.826E-03  4.421E-10   HCN
4       3         42.5    354.5055    845.6638    3.615  8.621E-05  1.051E-05  4.356E-06  3.751E-04  5.595E-04  3.210E-10   HCN
5       4         63.8    443.1161    676.5550   11.329  8.320E-07  3.189E-06  8.148E-07  4.356E-06  1.697E-04  1.902E-10   HCN
6       5         89.3    531.7163    563.8203   18.706  1.343E-07  1.176E-06  2.461E-07  8.148E-07  6.260E-05  1.212E-10   HCN
