      LINE         E_UP       FREQ        WAVEL     T_EX      TAU        T_R       POP        POP       FLUX        FLUX   SPECIES
                   (K)        (GHz)       (um)      (K)                  (K)        UP        LOW      (K*km/s) (erg/cm2/s)   SPECIES
1       0          5.5    115.2712   2600.7576  329.977  3.899E+01  3.264E+02  2.466E-02  8.358E-03  1.737E+04  3.427E-04   CO
2       1         16.6    230.5380   1300.4037  329.978  1.520E+02  3.243E+02  3.974E-02  2.466E-02  1.726E+04  2.723E-03   CO
3       2         33.2    345.7960    866.9634  329.978  3.278E+02  3.217E+02  5.291E-02  3.974E-02  1.712E+04  9.118E-03   CO
4       3         55.3    461.0408    650.2515  329.977  5.486E+02  3.190E+02  6.361E-02  5.291E-02  1.698E+04  2.143E-02   CO
5       4         83.0    576.2679    520.2310  329.975  7.933E+02  3.163E+02  7.150E-02  6.361E-02  1.684E+04  4.150E-02   CO
6       5        116.2    691.4731    433.5562  329.974  1.039E+03  3.137E+02  7.641E-02  7.150E-02  1.669E+04  7.108E-02   CO
7       6        154.9    806.6518    371.6504  329.971  1.266E+03  3.110E+02  7.841E-02  7.641E-02  1.655E+04  1.119E-01   CO
8       7        199.1    921.7997    325.2252  329.967  1.454E+03  3.083E+02  7.771E-02  7.841E-02  1.641E+04  1.655E-01   CO
9       8        248.9   1036.9124    289.1203  329.962  1.590E+03  3.057E+02  7.469E-02  7.771E-02  1.627E+04  2.336E-01   CO
10      9        304.2   1151.9855    260.2398  329.954  1.667E+03  3.031E+02  6.982E-02  7.469E-02  1.613E+04  3.176E-01   CO
11      10       365.0   1267.0145    236.6133  329.946  1.685E+03  3.005E+02  6.360E-02  6.982E-02  1.599E+04  4.189E-01   CO
12      11       431.3   1381.9951    216.9273  329.935  1.646E+03  2.979E+02  5.654E-02  6.360E-02  1.585E+04  5.389E-01   CO
13      12       503.1   1496.9229    200.2725  329.924  1.559E+03  2.953E+02  4.912E-02  5.654E-02  1.572E+04  6.790E-01   CO
14      13       580.5   1611.7935    185.9993  329.898  1.435E+03  2.927E+02  4.173E-02  4.912E-02  1.558E+04  8.402E-01   CO
15      14       663.4   1726.6025    173.6314  329.868  1.284E+03  2.902E+02  3.470E-02  4.173E-02  1.544E+04  1.024E+00   CO
16      15       751.7   1841.3455    162.8116  329.827  1.120E+03  2.876E+02  2.825E-02  3.470E-02  1.531E+04  1.231E+00   CO
1       0         23.6    492.1607    609.1354  329.936  2.363E+00  2.883E+02  3.522E-01  1.261E-01  1.534E+04  2.356E-02   [CI]
2       1         62.5    809.3420    370.4151  329.255  4.465E+00  3.066E+02  5.217E-01  3.522E-01  1.632E+04  1.114E-01   [CI]
2       0         62.5   1301.5026    230.3433  329.512  1.222E-07  3.658E-05  5.217E-01  1.261E-01  1.947E-03  5.528E-08   [CI]
1       0          4.2     88.6316   3382.4556    0.974  5.336E+01 -1.076E+00  3.328E-02  1.391E-02 -5.727E+01 -5.135E-07   HCN
2       1         12.8    177.2611   1691.2478   -2.562 -1.180E+02  1.633E+52  6.918E-02  3.328E-02  8.692E+53  6.235E+46   HCN
3       2         25.5    265.8864   1127.5207    0.426  2.181E+02 -1.193E-01  5.413E-02  6.918E-02 -6.349E+00 -1.537E-06   HCN
4       3         42.5    354.5055    845.6638   -1.817 -1.745E+02  1.083E+77  7.969E-02  5.413E-02  5.765E+78  3.308E+72   HCN
5       4         63.8    443.1161    676.5550    6.770  1.720E+02  9.521E-01  5.847E-02  7.969E-02  5.067E+01  5.678E-05   HCN
6       5         89.3    531.7163    563.8203  -51.494 -2.429E+01  2.308E+12  3.550E-02  5.847E-02  1.228E+14  2.378E+08   HCN
