      LINE         E_UP       FREQ        WAVEL     T_EX      TAU        T_R       POP        POP       FLUX        FLUX   SPECIES
                   (K)        (GHz)       (um)      (K)                  (K)        UP        LOW      (K*km/s) (erg/cm2/s)   SPECIES
1       0          5.5    115.2712   2600.7576   55.000  1.328E+03  5.144E+01  1.342E-01  4.945E-02  2.738E+03  5.401E-05   CO
2       1         16.6    230.5380   1300.4037   55.000  4.570E+03  4.946E+01  1.828E-01  1.342E-01  2.632E+03  4.154E-04   CO
3       2         33.2    345.7960    866.9634   55.000  8.009E+03  4.708E+01  1.893E-01  1.828E-01  2.506E+03  1.334E-03   CO
4       3         55.3    461.0408    650.2515   55.000  1.002E+04  4.467E+01  1.628E-01  1.893E-01  2.378E+03  3.001E-03   CO
5       4         83.0    576.2679    520.2310   55.000  9.978E+03  4.232E+01  1.203E-01  1.628E-01  2.253E+03  5.552E-03   CO
6       5        116.2    691.4731    433.5562   55.000  8.283E+03  4.007E+01  7.778E-02  1.203E-01  2.132E+03  9.080E-03   CO
7       6        154.9    806.6518    371.6504   54.999  5.881E+03  3.789E+01  4.439E-02  7.778E-02  2.017E+03  1.363E-02   CO
8       7        199.1    921.7997    325.2252   54.999  3.625E+03  3.581E+01  2.251E-02  4.439E-02  1.906E+03  1.923E-02   CO
9       8        248.9   1036.9124    289.1203   54.997  1.959E+03  3.382E+01  1.018E-02  2.251E-02  1.800E+03  2.584E-02   CO
10      9        304.2   1151.9855    260.2398   54.991  9.337E+02  3.190E+01  4.116E-03  1.018E-02  1.698E+03  3.343E-02   CO
11      10       365.0   1267.0145    236.6133   54.974  3.950E+02  3.006E+01  1.492E-03  4.116E-03  1.600E+03  4.192E-02   CO
12      11       431.3   1381.9951    216.9273   54.917  1.486E+02  2.827E+01  4.845E-04  1.492E-03  1.505E+03  5.115E-02   CO
13      12       503.1   1496.9229    200.2725   54.714  4.991E+01  2.644E+01  1.408E-04  4.845E-04  1.407E+03  6.079E-02   CO
14      13       580.5   1611.7935    185.9993   53.462  1.504E+01  2.380E+01  3.558E-05  1.408E-04  1.267E+03  6.831E-02   CO
15      14       663.4   1726.6025    173.6314   47.909  4.055E+00  1.755E+01  6.745E-06  3.558E-05  9.343E+02  6.194E-02   CO
16      15       751.7   1841.3455    162.8116   42.366  8.114E-01  6.965E+00  8.917E-07  6.745E-06  3.707E+02  2.980E-02   CO
1       0         23.6    492.1607    609.1354   54.999  2.077E+01  4.403E+01  4.283E-01  2.194E-01  2.343E+03  3.598E-03   [CI]
2       1         62.5    809.3420    370.4151   54.994  2.472E+01  3.784E+01  3.523E-01  4.283E-01  2.014E+03  1.375E-02   [CI]
2       0         62.5   1301.5026    230.3433   54.996  8.359E-07  2.470E-05  3.523E-01  2.194E-01  1.315E-03  3.733E-08   [CI]
1       0          4.2     88.6316   3382.4556   50.716  1.199E+01  4.749E+01  1.275E-01  4.622E-02  2.528E+03  2.266E-05   HCN
2       1         12.8    177.2611   1691.2478   50.254  4.267E+01  4.573E+01  1.794E-01  1.275E-01  2.434E+03  1.746E-04   HCN
3       2         25.5    265.8864   1127.5207   49.576  7.875E+01  4.335E+01  1.942E-01  1.794E-01  2.307E+03  5.585E-04   HCN
4       3         42.5    354.5055    845.6638   48.209  1.064E+02  4.017E+01  1.754E-01  1.942E-01  2.138E+03  1.227E-03   HCN
5       4         63.8    443.1161    676.5550   45.729  1.168E+02  3.591E+01  1.347E-01  1.754E-01  1.911E+03  2.142E-03   HCN
6       5         89.3    531.7163    563.8203   41.349  1.090E+02  2.989E+01  8.585E-02  1.347E-01  1.591E+03  3.080E-03   HCN
