      LINE         E_UP       FREQ        WAVEL     T_EX      TAU        T_R       POP        POP       FLUX        FLUX   SPECIES
                   (K)        (GHz)       (um)      (K)                  (K)        UP        LOW      (K*km/s) (erg/cm2/s)   SPECIES
1       0          5.5    115.2712   2600.7576    5.000  4.313E+04  1.897E+00  4.546E-01  4.582E-01  1.010E+02  1.992E-06   CO
2       1         16.6    230.5380   1300.4037    5.000  3.794E+04  1.165E+00  8.289E-02  4.546E-01  6.199E+01  9.782E-06   CO
3       2         33.2    345.7960    866.9634    5.000  6.733E+03  5.853E-01  4.199E-03  8.289E-02  3.115E+01  1.659E-05   CO
4       3         55.3    461.0408    650.2515    5.000  3.324E+02  2.614E-01  6.460E-05  4.199E-03  1.391E+01  1.756E-05   CO
5       4         83.0    576.2679    520.2310    4.965  5.004E+00  1.039E-01  3.007E-07  6.460E-05  5.532E+00  1.363E-05   CO
6       5        116.2    691.4731    433.5562    4.859  2.288E-02  8.088E-04  3.843E-10  3.007E-07  4.305E-02  1.833E-07   CO
7       6        154.9    806.6518    371.6504    4.897  2.882E-05  4.108E-07  1.635E-13  3.843E-10  2.187E-05  1.478E-10   CO
8       7        199.1    921.7997    325.2252    4.818  1.211E-08  5.507E-11  2.094E-17  1.635E-13  2.931E-09  2.957E-14   CO
9       8        248.9   1036.9124    289.1203   37.480  1.153E-12  2.070E-11  3.170E-18  2.094E-17  1.102E-09  1.582E-14   CO
10      9        304.2   1151.9855    260.2398  264.064  6.905E-17  2.635E-14  2.848E-18  3.170E-18  1.403E-12  2.762E-17   CO
11      10       365.0   1267.0145    236.6133  291.543  6.250E-17  2.911E-14  2.536E-18  2.848E-18  1.549E-12  4.058E-17   CO
12      11       431.3   1381.9951    216.9273  320.940  5.698E-17  3.208E-14  2.247E-18  2.536E-18  1.707E-12  5.803E-17   CO
13      12       503.1   1496.9229    200.2725  346.109  5.231E-17  0.000E+00  1.976E-18  2.247E-18  0.000E+00  0.000E+00   CO
14      13       580.5   1611.7935    185.9993  445.613  4.830E-17  0.000E+00  1.787E-18  1.976E-18  0.000E+00  0.000E+00   CO
15      14       663.4   1726.6025    173.6314  471.747  4.480E-17  0.000E+00  1.605E-18  1.787E-18  0.000E+00  0.000E+00   CO
16      15       751.7   1841.3455    162.8116  509.660  4.172E-17  0.000E+00  1.439E-18  1.605E-18  0.000E+00  0.000E+00   CO
1       0         23.6    492.1607    609.1354    5.000  1.312E+02  2.075E-01  2.594E-02  9.740E-01  1.105E+01  1.696E-05   [CI]
2       1         62.5    809.3420    370.4151    4.999  1.481E+00  1.265E-02  1.825E-05  2.594E-02  6.734E-01  4.598E-06   [CI]
2       0         62.5   1301.5026    230.3433    4.999  2.740E-06  6.415E-10  1.825E-05  9.740E-01  3.414E-08  9.694E-13   [CI]
1       0          4.2     88.6316   3382.4556    4.983  3.441E+02  2.025E+00  4.738E-01  3.709E-01  1.078E+02  9.662E-07   HCN
2       1         12.8    177.2611   1691.2478    4.979  4.179E+02  1.489E+00  1.430E-01  4.738E-01  7.926E+01  5.686E-06   HCN
3       2         25.5    265.8864   1127.5207    4.556  1.302E+02  7.063E-01  1.217E-02  1.430E-01  3.759E+01  9.100E-06   HCN
4       3         42.5    354.5055    845.6638    3.346  1.117E+01  7.279E-02  9.682E-05  1.217E-02  3.875E+00  2.223E-06   HCN
5       4         63.8    443.1161    676.5550    3.153  8.681E-02  1.361E-03  1.393E-07  9.682E-05  7.243E-02  8.115E-08   HCN
6       5         89.3    531.7163    563.8203    3.650  1.226E-04  2.613E-06  1.514E-10  1.393E-07  1.391E-04  2.692E-10   HCN
