      LINE         E_UP       FREQ        WAVEL     T_EX      TAU        T_R       POP        POP       FLUX        FLUX   SPECIES
                   (K)        (GHz)       (um)      (K)                  (K)        UP        LOW      (K*km/s) (erg/cm2/s)   SPECIES
1       0          5.5    115.2712   2600.7576  429.927  1.830E+01  4.263E+02  1.902E-02  6.423E-03  2.269E+04  4.476E-04   CO
2       1         16.6    230.5380   1300.4037  429.927  7.177E+01  4.242E+02  3.090E-02  1.902E-02  2.258E+04  3.563E-03   CO
3       2         33.2    345.7960    866.9634  429.925  1.563E+02  4.216E+02  4.162E-02  3.090E-02  2.244E+04  1.195E-02   CO
4       3         55.3    461.0408    650.2515  429.925  2.651E+02  4.189E+02  5.083E-02  4.162E-02  2.230E+04  2.814E-02   CO
5       4         83.0    576.2679    520.2310  429.919  3.902E+02  4.162E+02  5.825E-02  5.083E-02  2.215E+04  5.460E-02   CO
6       5        116.2    691.4731    433.5562  429.917  5.223E+02  4.135E+02  6.373E-02  5.825E-02  2.201E+04  9.372E-02   CO
7       6        154.9    806.6518    371.6504  429.909  6.523E+02  4.108E+02  6.720E-02  6.373E-02  2.187E+04  1.478E-01   CO
8       7        199.1    921.7997    325.2252  429.901  7.713E+02  4.082E+02  6.871E-02  6.720E-02  2.172E+04  2.191E-01   CO
9       8        248.9   1036.9124    289.1203  429.887  8.720E+02  4.055E+02  6.840E-02  6.871E-02  2.158E+04  3.099E-01   CO
10      9        304.2   1151.9855    260.2398  429.868  9.486E+02  4.028E+02  6.648E-02  6.840E-02  2.144E+04  4.221E-01   CO
11      10       365.0   1267.0145    236.6133  429.852  9.990E+02  4.002E+02  6.321E-02  6.648E-02  2.130E+04  5.579E-01   CO
12      11       431.3   1381.9951    216.9273  429.829  1.020E+03  3.975E+02  5.888E-02  6.321E-02  2.116E+04  7.192E-01   CO
13      12       503.1   1496.9229    200.2725  429.812  1.014E+03  3.949E+02  5.380E-02  5.888E-02  2.102E+04  9.079E-01   CO
14      13       580.5   1611.7935    185.9993  429.760  9.838E+02  3.922E+02  4.827E-02  5.380E-02  2.088E+04  1.126E+00   CO
15      14       663.4   1726.6025    173.6314  429.700  9.316E+02  3.896E+02  4.255E-02  4.827E-02  2.074E+04  1.375E+00   CO
16      15       751.7   1841.3455    162.8116  429.637  8.630E+02  3.870E+02  3.687E-02  4.255E-02  2.060E+04  1.656E+00   CO
1       0         23.6    492.1607    609.1354  430.126  1.410E+00  3.163E+02  3.479E-01  1.225E-01  1.683E+04  2.585E-02   [CI]
2       1         62.5    809.3420    370.4151  427.851  2.732E+00  3.821E+02  5.296E-01  3.479E-01  2.034E+04  1.389E-01   [CI]
2       0         62.5   1301.5026    230.3433  428.709  7.407E-08  2.950E-05  5.296E-01  1.225E-01  1.570E-03  4.458E-08   [CI]
1       0          4.2     88.6316   3382.4556   -1.472 -4.160E+01  6.602E+18  4.763E-02  1.229E-02  3.514E+20  3.150E+12   HCN
2       1         12.8    177.2611   1691.2478    0.447  1.123E+02 -3.924E-01  5.014E-02  4.763E-02 -2.089E+01 -1.498E-06   HCN
3       2         25.5    265.8864   1127.5207   -2.780 -1.093E+02  3.876E+48  7.453E-02  5.014E-02  2.063E+50  4.994E+43   HCN
4       3         42.5    354.5055    845.6638    5.946  1.196E+02  9.991E-01  6.094E-02  7.453E-02  5.318E+01  3.051E-05   HCN
5       4         63.8    443.1161    676.5550  -30.174 -2.336E+01  5.861E+11  4.810E-02  6.094E-02  3.120E+13  3.496E+07   HCN
6       5         89.3    531.7163    563.8203  -29.149 -9.851E+01  2.663E+44  1.845E-01  4.810E-02  1.417E+46  2.744E+40   HCN
