      LINE         E_UP       FREQ        WAVEL     T_EX      TAU        T_R       POP        POP       FLUX        FLUX   SPECIES
                   (K)        (GHz)       (um)      (K)                  (K)        UP        LOW      (K*km/s) (erg/cm2/s)   SPECIES
1       0          5.5    115.2712   2600.7576  204.991  7.972E+01  2.014E+02  3.922E-02  1.343E-02  1.072E+04  2.114E-04   CO
2       1         16.6    230.5380   1300.4037  204.991  3.061E+02  1.993E+02  6.194E-02  3.922E-02  1.061E+04  1.674E-03   CO
3       2         33.2    345.7960    866.9634  204.991  6.434E+02  1.968E+02  7.997E-02  6.194E-02  1.047E+04  5.577E-03   CO
4       3         55.3    461.0408    650.2515  204.990  1.039E+03  1.941E+02  9.229E-02  7.997E-02  1.033E+04  1.304E-02   CO
5       4         83.0    576.2679    520.2310  204.989  1.435E+03  1.915E+02  9.857E-02  9.229E-02  1.019E+04  2.512E-02   CO
6       5        116.2    691.4731    433.5562  204.988  1.778E+03  1.888E+02  9.908E-02  9.857E-02  1.005E+04  4.280E-02   CO
7       6        154.9    806.6518    371.6504  204.986  2.027E+03  1.862E+02  9.465E-02  9.908E-02  9.913E+03  6.700E-02   CO
8       7        199.1    921.7997    325.2252  204.983  2.156E+03  1.837E+02  8.644E-02  9.465E-02  9.775E+03  9.860E-02   CO
9       8        248.9   1036.9124    289.1203  204.978  2.163E+03  1.811E+02  7.579E-02  8.644E-02  9.639E+03  1.384E-01   CO
10      9        304.2   1151.9855    260.2398  204.972  2.059E+03  1.786E+02  6.396E-02  7.579E-02  9.504E+03  1.871E-01   CO
11      10       365.0   1267.0145    236.6133  204.963  1.871E+03  1.761E+02  5.207E-02  6.396E-02  9.371E+03  2.455E-01   CO
12      11       431.3   1381.9951    216.9273  204.950  1.625E+03  1.736E+02  4.095E-02  5.207E-02  9.238E+03  3.140E-01   CO
13      12       503.1   1496.9229    200.2725  204.931  1.355E+03  1.711E+02  3.115E-02  4.095E-02  9.107E+03  3.934E-01   CO
14      13       580.5   1611.7935    185.9993  204.897  1.087E+03  1.686E+02  2.294E-02  3.115E-02  8.976E+03  4.840E-01   CO
15      14       663.4   1726.6025    173.6314  204.848  8.398E+02  1.662E+02  1.636E-02  2.294E-02  8.846E+03  5.864E-01   CO
16      15       751.7   1841.3455    162.8116  204.762  6.257E+02  1.637E+02  1.131E-02  1.636E-02  8.715E+03  7.007E-01   CO
1       0         23.6    492.1607    609.1354  204.949  3.186E+00  1.854E+02  3.633E-01  1.359E-01  9.866E+03  1.515E-02   [CI]
2       1         62.5    809.3420    370.4151  204.671  5.683E+00  1.852E+02  5.008E-01  3.633E-01  9.859E+03  6.731E-02   [CI]
2       0         62.5   1301.5026    230.3433  204.776  1.593E-07  2.790E-05  5.008E-01  1.359E-01  1.485E-03  4.216E-08   [CI]
1       0          4.2     88.6316   3382.4556  -11.876 -6.300E+00  8.299E+03  5.521E-02  1.817E-02  4.417E+05  3.960E-03   HCN
2       1         12.8    177.2611   1691.2478 -999.042  2.158E+01 -1.004E+03  7.971E-02  5.521E-02 -5.342E+04 -3.832E-03   HCN
3       2         25.5    265.8864   1127.5207  294.254  3.500E+00  2.791E+02  9.874E-02  7.971E-02  1.486E+04  3.596E-03   HCN
4       3         42.5    354.5055    845.6638   27.777  7.454E+01  2.010E+01  6.888E-02  9.874E-02  1.070E+03  6.138E-04   HCN
5       4         63.8    443.1161    676.5550  -23.841 -1.464E+02  1.399E+65  2.040E-01  6.888E-02  7.449E+66  8.346E+60   HCN
6       5         89.3    531.7163    563.8203   57.997  1.064E+02  4.617E+01  1.557E-01  2.040E-01  2.457E+03  4.757E-03   HCN
