      LINE         E_UP       FREQ        WAVEL     T_EX      TAU        T_R       POP        POP       FLUX        FLUX   SPECIES
                   (K)        (GHz)       (um)      (K)                  (K)        UP        LOW      (K*km/s) (erg/cm2/s)   SPECIES
1       0          5.5    115.2712   2600.7576  322.368  1.389E+00  2.393E+02  3.416E-02  1.158E-02  1.274E+04  2.512E-04   CO
2       1         16.6    230.5380   1300.4037  262.462  6.622E+00  2.564E+02  5.458E-02  3.416E-02  1.365E+04  2.154E-03   CO
3       2         33.2    345.7960    866.9634  262.926  1.410E+01  2.547E+02  7.174E-02  5.458E-02  1.356E+04  7.218E-03   CO
4       3         55.3    461.0408    650.2515  262.300  2.330E+01  2.514E+02  8.477E-02  7.174E-02  1.338E+04  1.689E-02   CO
5       4         83.0    576.2679    520.2310  260.978  3.321E+01  2.474E+02  9.319E-02  8.477E-02  1.317E+04  3.245E-02   CO
6       5        116.2    691.4731    433.5562  259.317  4.272E+01  2.431E+02  9.690E-02  9.319E-02  1.294E+04  5.509E-02   CO
7       6        154.9    806.6518    371.6504  256.603  5.101E+01  2.377E+02  9.615E-02  9.690E-02  1.265E+04  8.553E-02   CO
8       7        199.1    921.7997    325.2252  252.998  5.725E+01  2.315E+02  9.149E-02  9.615E-02  1.232E+04  1.243E-01   CO
9       8        248.9   1036.9124    289.1203  247.864  6.110E+01  2.238E+02  8.366E-02  9.149E-02  1.191E+04  1.710E-01   CO
10      9        304.2   1151.9855    260.2398  240.914  6.234E+01  2.143E+02  7.350E-02  8.366E-02  1.141E+04  2.246E-01   CO
11      10       365.0   1267.0145    236.6133  232.222  6.100E+01  2.031E+02  6.196E-02  7.350E-02  1.081E+04  2.832E-01   CO
12      11       431.3   1381.9951    216.9273  220.622  5.743E+01  1.891E+02  4.986E-02  6.196E-02  1.007E+04  3.422E-01   CO
13      12       503.1   1496.9229    200.2725  205.286  5.210E+01  1.715E+02  3.795E-02  4.986E-02  9.126E+03  3.942E-01   CO
14      13       580.5   1611.7935    185.9993  184.425  4.563E+01  1.484E+02  2.679E-02  3.795E-02  7.901E+03  4.261E-01   CO
15      14       663.4   1726.6025    173.6314  159.478  3.779E+01  1.216E+02  1.704E-02  2.679E-02  6.473E+03  4.291E-01   CO
16      15       751.7   1841.3455    162.8116  131.822  2.871E+01  9.254E+01  9.276E-03  1.704E-02  4.925E+03  3.960E-01   CO
1       0         23.6    492.1607    609.1354  305.214  6.621E-02  1.881E+01  3.624E-01  1.305E-01  1.001E+03  1.537E-03   [CI]
2       1         62.5    809.3420    370.4151  221.869  1.666E-01  3.115E+01  5.070E-01  3.624E-01  1.658E+03  1.132E-02   [CI]
2       0         62.5   1301.5026    230.3433  247.418  4.106E-09  8.932E-07  5.070E-01  1.305E-01  4.754E-05  1.350E-09   [CI]
1       0          4.2     88.6316   3382.4556   10.687  5.652E+00  7.544E+00  4.283E-01  2.125E-01  4.015E+02  3.600E-06   HCN
2       1         12.8    177.2611   1691.2478    9.017  1.412E+01  5.030E+00  2.779E-01  4.283E-01  2.677E+02  1.921E-05   HCN
3       2         25.5    265.8864   1127.5207    7.534  1.102E+01  2.754E+00  7.151E-02  2.779E-01  1.466E+02  3.549E-05   HCN
4       3         42.5    354.5055    845.6638    6.857  3.032E+00  1.447E+00  7.690E-03  7.151E-02  7.700E+01  4.418E-05   HCN
5       4         63.8    443.1161    676.5550   10.539  3.000E-01  8.428E-01  1.250E-03  7.690E-03  4.486E+01  5.026E-05   HCN
6       5         89.3    531.7163    563.8203   22.032  3.786E-02  4.340E-01  4.638E-04  1.250E-03  2.310E+01  4.472E-05   HCN
