      LINE         E_UP       FREQ        WAVEL     T_EX      TAU        T_R       POP        POP       FLUX        FLUX   SPECIES
                   (K)        (GHz)       (um)      (K)                  (K)        UP        LOW      (K*km/s) (erg/cm2/s)   SPECIES
1       0          5.5    115.2712   2600.7576  104.988  9.453E+01  1.014E+02  7.436E-02  2.613E-02  5.398E+03  1.065E-04   CO
2       1         16.6    230.5380   1300.4037  104.989  3.493E+02  9.936E+01  1.115E-01  7.436E-02  5.288E+03  8.345E-04   CO
3       2         33.2    345.7960    866.9634  104.988  6.889E+02  9.687E+01  1.333E-01  1.115E-01  5.156E+03  2.746E-03   CO
4       3         55.3    461.0408    650.2515  104.986  1.017E+03  9.430E+01  1.388E-01  1.333E-01  5.019E+03  6.335E-03   CO
5       4         83.0    576.2679    520.2310  104.983  1.253E+03  9.176E+01  1.304E-01  1.388E-01  4.884E+03  1.204E-02   CO
6       5        116.2    691.4731    433.5562  104.977  1.349E+03  8.926E+01  1.123E-01  1.304E-01  4.751E+03  2.023E-02   CO
7       6        154.9    806.6518    371.6504  104.969  1.302E+03  8.680E+01  8.964E-02  1.123E-01  4.620E+03  3.123E-02   CO
8       7        199.1    921.7997    325.2252  104.954  1.144E+03  8.438E+01  6.665E-02  8.964E-02  4.491E+03  4.530E-02   CO
9       8        248.9   1036.9124    289.1203  104.929  9.241E+02  8.201E+01  4.636E-02  6.665E-02  4.365E+03  6.267E-02   CO
10      9        304.2   1151.9855    260.2398  104.881  6.902E+02  7.965E+01  3.024E-02  4.636E-02  4.240E+03  8.347E-02   CO
11      10       365.0   1267.0145    236.6133  104.795  4.797E+02  7.731E+01  1.854E-02  3.024E-02  4.115E+03  1.078E-01   CO
12      11       431.3   1381.9951    216.9273  104.627  3.108E+02  7.495E+01  1.069E-02  1.854E-02  3.989E+03  1.356E-01   CO
13      12       503.1   1496.9229    200.2725  104.286  1.884E+02  7.246E+01  5.798E-03  1.069E-02  3.857E+03  1.666E-01   CO
14      13       580.5   1611.7935    185.9993  103.466  1.072E+02  6.956E+01  2.949E-03  5.798E-03  3.703E+03  1.997E-01   CO
15      14       663.4   1726.6025    173.6314  101.298  5.734E+01  6.545E+01  1.391E-03  2.949E-03  3.484E+03  2.309E-01   CO
16      15       751.7   1841.3455    162.8116   95.292  2.901E+01  5.784E+01  5.858E-04  1.391E-03  3.079E+03  2.475E-01   CO
1       0         23.6    492.1607    609.1354  104.953  2.233E+00  8.354E+01  3.896E-01  1.626E-01  4.447E+03  6.827E-03   [CI]
2       1         62.5    809.3420    370.4151  104.533  3.460E+00  8.360E+01  4.478E-01  3.896E-01  4.450E+03  3.038E-02   [CI]
2       0         62.5   1301.5026    230.3433  104.691  1.030E-07  7.888E-06  4.478E-01  1.626E-01  4.198E-04  1.192E-08   [CI]
1       0          4.2     88.6316   3382.4556   49.160  3.996E+00  4.509E+01  1.638E-01  5.953E-02  2.400E+03  2.152E-05   HCN
2       1         12.8    177.2611   1691.2478   43.225  1.579E+01  3.872E+01  2.242E-01  1.638E-01  2.061E+03  1.478E-04   HCN
3       2         25.5    265.8864   1127.5207   39.629  2.999E+01  3.347E+01  2.275E-01  2.242E-01  1.782E+03  4.313E-04   HCN
4       3         42.5    354.5055    845.6638   34.420  4.105E+01  2.658E+01  1.784E-01  2.275E-01  1.415E+03  8.117E-04   HCN
5       4         63.8    443.1161    676.5550   28.075  4.263E+01  1.876E+01  1.022E-01  1.784E-01  9.987E+02  1.119E-03   HCN
6       5         89.3    531.7163    563.8203   21.540  3.134E+01  1.124E+01  3.695E-02  1.022E-01  5.983E+02  1.158E-03   HCN
