      LINE         E_UP       FREQ        WAVEL     T_EX      TAU        T_R       POP        POP       FLUX        FLUX   SPECIES
                   (K)        (GHz)       (um)      (K)                  (K)        UP        LOW      (K*km/s) (erg/cm2/s)   SPECIES
1       0          5.5    115.2712   2600.7576  304.594  7.327E+00  3.008E+02  2.696E-02  9.153E-03  1.601E+04  3.158E-04   CO
2       1         16.6    230.5380   1300.4037  304.290  2.853E+01  2.986E+02  4.334E-02  2.696E-02  1.589E+04  2.508E-03   CO
3       2         33.2    345.7960    866.9634  304.300  6.130E+01  2.960E+02  5.745E-02  4.334E-02  1.576E+04  8.391E-03   CO
4       3         55.3    461.0408    650.2515  304.277  1.021E+02  2.933E+02  6.868E-02  5.745E-02  1.561E+04  1.970E-02   CO
5       4         83.0    576.2679    520.2310  304.220  1.467E+02  2.906E+02  7.665E-02  6.868E-02  1.547E+04  3.812E-02   CO
6       5        116.2    691.4731    433.5562  304.171  1.908E+02  2.879E+02  8.122E-02  7.665E-02  1.532E+04  6.524E-02   CO
7       6        154.9    806.6518    371.6504  304.064  2.303E+02  2.851E+02  8.252E-02  8.122E-02  1.518E+04  1.026E-01   CO
8       7        199.1    921.7997    325.2252  303.941  2.618E+02  2.824E+02  8.085E-02  8.252E-02  1.503E+04  1.516E-01   CO
9       8        248.9   1036.9124    289.1203  303.751  2.830E+02  2.795E+02  7.671E-02  8.085E-02  1.488E+04  2.136E-01   CO
10      9        304.2   1151.9855    260.2398  303.480  2.929E+02  2.767E+02  7.066E-02  7.671E-02  1.473E+04  2.899E-01   CO
11      10       365.0   1267.0145    236.6133  303.194  2.919E+02  2.738E+02  6.333E-02  7.066E-02  1.457E+04  3.817E-01   CO
12      11       431.3   1381.9951    216.9273  302.794  2.806E+02  2.708E+02  5.529E-02  6.333E-02  1.442E+04  4.900E-01   CO
13      12       503.1   1496.9229    200.2725  302.345  2.611E+02  2.678E+02  4.709E-02  5.529E-02  1.426E+04  6.158E-01   CO
14      13       580.5   1611.7935    185.9993  301.424  2.361E+02  2.644E+02  3.913E-02  4.709E-02  1.407E+04  7.589E-01   CO
15      14       663.4   1726.6025    173.6314  300.269  2.072E+02  2.607E+02  3.174E-02  3.913E-02  1.388E+04  9.199E-01   CO
16      15       751.7   1841.3455    162.8116  298.663  1.770E+02  2.567E+02  2.513E-02  3.174E-02  1.366E+04  1.098E+00   CO
1       0         23.6    492.1607    609.1354  307.998  4.048E-01  9.865E+01  3.545E-01  1.276E-01  5.251E+03  8.061E-03   [CI]
2       1         62.5    809.3420    370.4151  294.459  7.911E-01  1.506E+02  5.179E-01  3.545E-01  8.015E+03  5.472E-02   [CI]
2       0         62.5   1301.5026    230.3433  299.436  2.137E-08  5.756E-06  5.179E-01  1.276E-01  3.064E-04  8.698E-09   [CI]
1       0          4.2     88.6316   3382.4556   73.441  1.549E+00  5.528E+01  1.525E-01  5.386E-02  2.942E+03  2.638E-05   HCN
2       1         12.8    177.2611   1691.2478   47.425  8.528E+00  4.290E+01  2.124E-01  1.525E-01  2.283E+03  1.638E-04   HCN
3       2         25.5    265.8864   1127.5207   43.115  1.668E+01  3.693E+01  2.212E-01  2.124E-01  1.966E+03  4.758E-04   HCN
4       3         42.5    354.5055    845.6638   37.740  2.343E+01  2.984E+01  1.812E-01  2.212E-01  1.588E+03  9.112E-04   HCN
5       4         63.8    443.1161    676.5550   31.616  2.518E+01  2.216E+01  1.130E-01  1.812E-01  1.179E+03  1.321E-03   HCN
6       5         89.3    531.7163    563.8203   25.548  1.990E+01  1.488E+01  4.919E-02  1.130E-01  7.918E+02  1.533E-03   HCN
