      LINE         E_UP       FREQ        WAVEL     T_EX      TAU        T_R       POP        POP       FLUX        FLUX   SPECIES
                   (K)        (GHz)       (um)      (K)                  (K)        UP        LOW      (K*km/s) (erg/cm2/s)   SPECIES
1       0          5.5    115.2712   2600.7576  209.384  1.265E+00  1.477E+02  6.359E-02  2.177E-02  7.862E+03  1.551E-04   CO
2       1         16.6    230.5380   1300.4037  149.139  6.753E+00  1.433E+02  9.841E-02  6.359E-02  7.628E+03  1.204E-03   CO
3       2         33.2    345.7960    866.9634  147.786  1.396E+01  1.396E+02  1.231E-01  9.841E-02  7.431E+03  3.957E-03   CO
4       3         55.3    461.0408    650.2515  145.138  2.211E+01  1.343E+02  1.359E-01  1.231E-01  7.151E+03  9.025E-03   CO
5       4         83.0    576.2679    520.2310  140.888  2.985E+01  1.275E+02  1.365E-01  1.359E-01  6.787E+03  1.673E-02   CO
6       5        116.2    691.4731    433.5562  134.715  3.598E+01  1.188E+02  1.261E-01  1.365E-01  6.323E+03  2.692E-02   CO
7       6        154.9    806.6518    371.6504  126.024  3.965E+01  1.077E+02  1.070E-01  1.261E-01  5.730E+03  3.873E-02   CO
8       7        199.1    921.7997    325.2252  114.427  4.028E+01  9.373E+01  8.241E-02  1.070E-01  4.989E+03  5.032E-02   CO
9       8        248.9   1036.9124    289.1203   99.701  3.760E+01  7.688E+01  5.591E-02  8.241E-02  4.092E+03  5.875E-02   CO
10      9        304.2   1151.9855    260.2398   82.249  3.145E+01  5.768E+01  3.155E-02  5.591E-02  3.070E+03  6.044E-02   CO
11      10       365.0   1267.0145    236.6133   63.936  2.206E+01  3.828E+01  1.335E-02  3.155E-02  2.038E+03  5.337E-02   CO
12      11       431.3   1381.9951    216.9273   47.263  1.137E+01  2.161E+01  3.567E-03  1.335E-02  1.150E+03  3.910E-02   CO
13      12       503.1   1496.9229    200.2725   36.244  3.442E+00  1.111E+01  5.307E-04  3.567E-03  5.914E+02  2.555E-02   CO
14      13       580.5   1611.7935    185.9993   41.153  4.992E-01  5.476E+00  8.701E-05  5.307E-04  2.915E+02  1.572E-02   CO
15      14       663.4   1726.6025    173.6314   64.705  6.915E-02  2.130E+00  2.584E-05  8.701E-05  1.134E+02  7.516E-03   CO
16      15       751.7   1841.3455    162.8116   77.447  1.919E-02  7.885E-01  8.790E-06  2.584E-05  4.197E+01  3.374E-03   CO
1       0         23.6    492.1607    609.1354  201.264  3.488E-02  6.502E+00  3.901E-01  1.462E-01  3.461E+02  5.313E-04   [CI]
2       1         62.5    809.3420    370.4151  114.908  1.013E-01  9.300E+00  4.637E-01  3.901E-01  4.950E+02  3.380E-03   [CI]
2       0         62.5   1301.5026    230.3433  137.163  2.385E-09  2.583E-07  4.637E-01  1.462E-01  1.375E-05  3.903E-10   [CI]
1       0          4.2     88.6316   3382.4556    4.257  6.997E+00  1.346E+00  4.775E-01  4.324E-01  7.166E+01  6.425E-07   HCN
2       1         12.8    177.2611   1691.2478    3.798  7.283E+00  6.209E-01  8.475E-02  4.775E-01  3.305E+01  2.371E-06   HCN
3       2         25.5    265.8864   1127.5207    3.881  1.253E+00  2.685E-01  4.431E-03  8.475E-02  1.429E+01  3.459E-06   HCN
4       3         42.5    354.5055    845.6638    7.624  5.788E-02  1.132E-01  6.115E-04  4.431E-03  6.024E+00  3.457E-06   HCN
5       4         63.8    443.1161    676.5550   15.864  6.423E-03  4.821E-02  1.956E-04  6.115E-04  2.566E+00  2.875E-06   HCN
6       5         89.3    531.7163    563.8203   22.080  1.872E-03  2.193E-02  7.278E-05  1.956E-04  1.167E+00  2.259E-06   HCN
