      LINE         E_UP       FREQ        WAVEL     T_EX      TAU        T_R       POP        POP       FLUX        FLUX   SPECIES
                   (K)        (GHz)       (um)      (K)                  (K)        UP        LOW      (K*km/s) (erg/cm2/s)   SPECIES
1       0          5.5    115.2712   2600.7576 -519.261 -3.848E-01  2.454E+02  3.084E-02  1.017E-02  1.306E+04  2.577E-04   CO
2       1         16.6    230.5380   1300.4037  393.479  2.012E+00  3.359E+02  4.997E-02  3.084E-02  1.788E+04  2.821E-03   CO
3       2         33.2    345.7960    866.9634  339.234  5.051E+00  3.288E+02  6.662E-02  4.997E-02  1.750E+04  9.320E-03   CO
4       3         55.3    461.0408    650.2515  330.833  8.674E+00  3.198E+02  8.011E-02  6.662E-02  1.702E+04  2.148E-02   CO
5       4         83.0    576.2679    520.2310  324.702  1.277E+01  3.111E+02  8.992E-02  8.011E-02  1.656E+04  4.080E-02   CO
6       5        116.2    691.4731    433.5562  317.743  1.706E+01  3.014E+02  9.573E-02  8.992E-02  1.604E+04  6.831E-02   CO
7       6        154.9    806.6518    371.6504  307.768  2.131E+01  2.888E+02  9.740E-02  9.573E-02  1.537E+04  1.039E-01   CO
8       7        199.1    921.7997    325.2252  295.364  2.520E+01  2.738E+02  9.503E-02  9.740E-02  1.457E+04  1.470E-01   CO
9       8        248.9   1036.9124    289.1203  279.711  2.850E+01  2.556E+02  8.890E-02  9.503E-02  1.360E+04  1.953E-01   CO
10      9        304.2   1151.9855    260.2398  261.502  3.086E+01  2.348E+02  7.953E-02  8.890E-02  1.250E+04  2.461E-01   CO
11      10       365.0   1267.0145    236.6133  241.504  3.196E+01  2.124E+02  6.772E-02  7.953E-02  1.130E+04  2.961E-01   CO
12      11       431.3   1381.9951    216.9273  218.776  3.169E+01  1.873E+02  5.436E-02  6.772E-02  9.968E+03  3.388E-01   CO
13      12       503.1   1496.9229    200.2725  193.185  2.994E+01  1.595E+02  4.047E-02  5.436E-02  8.489E+03  3.667E-01   CO
14      13       580.5   1611.7935    185.9993  163.631  2.682E+01  1.280E+02  2.710E-02  4.047E-02  6.812E+03  3.673E-01   CO
15      14       663.4   1726.6025    173.6314  133.572  2.185E+01  9.640E+01  1.558E-02  2.710E-02  5.131E+03  3.401E-01   CO
16      15       751.7   1841.3455    162.8116  106.107  1.522E+01  6.798E+01  7.209E-03  1.558E-02  3.618E+03  2.909E-01   CO
1       0         23.6    492.1607    609.1354  603.568  1.632E-02  9.581E+00  3.594E-01  1.246E-01  5.100E+02  7.829E-04   [CI]
2       1         62.5    809.3420    370.4151  260.705  7.135E-02  1.665E+01  5.161E-01  3.594E-01  8.861E+02  6.050E-03   [CI]
2       0         62.5   1301.5026    230.3433  332.028  1.510E-09  4.556E-07  5.161E-01  1.246E-01  2.425E-05  6.885E-10   [CI]
1       0          4.2     88.6316   3382.4556    6.827  5.662E+00  3.776E+00  4.840E-01  3.008E-01  2.010E+02  1.802E-06   HCN
2       1         12.8    177.2611   1691.2478    5.834  1.005E+01  2.187E+00  1.877E-01  4.840E-01  1.164E+02  8.349E-06   HCN
3       2         25.5    265.8864   1127.5207    5.256  4.167E+00  1.098E+00  2.318E-02  1.877E-01  5.844E+01  1.415E-05   HCN
4       3         42.5    354.5055    845.6638    7.045  4.895E-01  6.335E-01  2.663E-03  2.318E-02  3.372E+01  1.935E-05   HCN
5       4         63.8    443.1161    676.5550   16.157  4.395E-02  3.347E-01  8.729E-04  2.663E-03  1.781E+01  1.996E-05   HCN
6       5         89.3    531.7163    563.8203   25.735  1.216E-02  1.818E-01  3.827E-04  8.729E-04  9.677E+00  1.873E-05   HCN
