      LINE         E_UP       FREQ        WAVEL     T_EX      TAU        T_R       POP        POP       FLUX        FLUX   SPECIES
                   (K)        (GHz)       (um)      (K)                  (K)        UP        LOW      (K*km/s) (erg/cm2/s)   SPECIES
1       0          5.5    115.2712   2600.7576  179.904  2.600E+01  1.763E+02  4.461E-02  1.534E-02  9.384E+03  1.851E-04   CO
2       1         16.6    230.5380   1300.4037  179.904  9.927E+01  1.742E+02  6.992E-02  4.461E-02  9.274E+03  1.463E-03   CO
3       2         33.2    345.7960    866.9634  179.901  2.067E+02  1.717E+02  8.926E-02  6.992E-02  9.138E+03  4.866E-03   CO
4       3         55.3    461.0408    650.2515  179.894  3.295E+02  1.691E+02  1.015E-01  8.926E-02  8.998E+03  1.136E-02   CO
5       4         83.0    576.2679    520.2310  179.882  4.476E+02  1.664E+02  1.064E-01  1.015E-01  8.857E+03  2.183E-02   CO
6       5        116.2    691.4731    433.5562  179.863  5.433E+02  1.638E+02  1.045E-01  1.064E-01  8.717E+03  3.712E-02   CO
7       6        154.9    806.6518    371.6504  179.835  6.044E+02  1.612E+02  9.724E-02  1.045E-01  8.578E+03  5.799E-02   CO
8       7        199.1    921.7997    325.2252  179.794  6.253E+02  1.586E+02  8.617E-02  9.724E-02  8.440E+03  8.514E-02   CO
9       8        248.9   1036.9124    289.1203  179.736  6.077E+02  1.560E+02  7.301E-02  8.617E-02  8.303E+03  1.192E-01   CO
10      9        304.2   1151.9855    260.2398  179.640  5.583E+02  1.534E+02  5.932E-02  7.301E-02  8.165E+03  1.608E-01   CO
11      10       365.0   1267.0145    236.6133  179.512  4.877E+02  1.508E+02  4.630E-02  5.932E-02  8.027E+03  2.103E-01   CO
12      11       431.3   1381.9951    216.9273  179.309  4.060E+02  1.482E+02  3.477E-02  4.630E-02  7.887E+03  2.681E-01   CO
13      12       503.1   1496.9229    200.2725  178.999  3.231E+02  1.455E+02  2.514E-02  3.477E-02  7.743E+03  3.345E-01   CO
14      13       580.5   1611.7935    185.9993  178.436  2.465E+02  1.425E+02  1.750E-02  2.514E-02  7.587E+03  4.091E-01   CO
15      14       663.4   1726.6025    173.6314  177.538  1.804E+02  1.393E+02  1.173E-02  1.750E-02  7.415E+03  4.915E-01   CO
16      15       751.7   1841.3455    162.8116  175.842  1.270E+02  1.353E+02  7.555E-03  1.173E-02  7.204E+03  5.792E-01   CO
1       0         23.6    492.1607    609.1354  180.318  9.284E-01  1.021E+02  3.678E-01  1.398E-01  5.432E+03  8.340E-03   [CI]
2       1         62.5    809.3420    370.4151  177.466  1.643E+00  1.281E+02  4.925E-01  3.678E-01  6.816E+03  4.654E-02   [CI]
2       0         62.5   1301.5026    230.3433  178.534  4.621E-08  6.891E-06  4.925E-01  1.398E-01  3.668E-04  1.041E-08   [CI]
1       0          4.2     88.6316   3382.4556   59.793  2.456E+00  5.171E+01  1.553E-01  5.560E-02  2.752E+03  2.468E-05   HCN
2       1         12.8    177.2611   1691.2478   46.480  1.114E+01  4.196E+01  2.156E-01  1.553E-01  2.233E+03  1.602E-04   HCN
3       2         25.5    265.8864   1127.5207   42.453  2.160E+01  3.627E+01  2.235E-01  2.156E-01  1.931E+03  4.673E-04   HCN
4       3         42.5    354.5055    845.6638   36.982  3.029E+01  2.909E+01  1.814E-01  2.235E-01  1.548E+03  8.884E-04   HCN
5       4         63.8    443.1161    676.5550   30.582  3.248E+01  2.116E+01  1.106E-01  1.814E-01  1.126E+03  1.262E-03   HCN
6       5         89.3    531.7163    563.8203   24.133  2.532E+01  1.358E+01  4.540E-02  1.106E-01  7.228E+02  1.399E-03   HCN
