      LINE         E_UP       FREQ        WAVEL     T_EX      TAU        T_R       POP        POP       FLUX        FLUX   SPECIES
                   (K)        (GHz)       (um)      (K)                  (K)        UP        LOW      (K*km/s) (erg/cm2/s)   SPECIES
1       0          5.5    115.2712   2600.7576  488.252  4.088E-01  1.626E+02  6.079E-02  2.049E-02  8.657E+03  1.708E-04   CO
2       1         16.6    230.5380   1300.4037  168.115  4.568E+00  1.608E+02  9.487E-02  6.079E-02  8.557E+03  1.350E-03   CO
3       2         33.2    345.7960    866.9634  162.495  9.772E+00  1.543E+02  1.199E-01  9.487E-02  8.212E+03  4.373E-03   CO
4       3         55.3    461.0408    650.2515  158.161  1.579E+01  1.473E+02  1.341E-01  1.199E-01  7.843E+03  9.898E-03   CO
5       4         83.0    576.2679    520.2310  151.803  2.185E+01  1.384E+02  1.366E-01  1.341E-01  7.366E+03  1.815E-02   CO
6       5        116.2    691.4731    433.5562  143.229  2.707E+01  1.273E+02  1.280E-01  1.366E-01  6.774E+03  2.884E-02   CO
7       6        154.9    806.6518    371.6504  131.776  3.076E+01  1.134E+02  1.101E-01  1.280E-01  6.034E+03  4.079E-02   CO
8       7        199.1    921.7997    325.2252  117.550  3.219E+01  9.681E+01  8.564E-02  1.101E-01  5.153E+03  5.198E-02   CO
9       8        248.9   1036.9124    289.1203  100.611  3.082E+01  7.777E+01  5.837E-02  8.564E-02  4.139E+03  5.943E-02   CO
10      9        304.2   1151.9855    260.2398   81.926  2.615E+01  5.737E+01  3.285E-02  5.837E-02  3.053E+03  6.012E-02   CO
11      10       365.0   1267.0145    236.6133   63.506  1.832E+01  3.788E+01  1.381E-02  3.285E-02  2.016E+03  5.281E-02   CO
12      11       431.3   1381.9951    216.9273   47.645  9.306E+00  2.194E+01  3.732E-03  1.381E-02  1.168E+03  3.969E-02   CO
13      12       503.1   1496.9229    200.2725   38.410  2.806E+00  1.229E+01  6.209E-04  3.732E-03  6.543E+02  2.827E-02   CO
14      13       580.5   1611.7935    185.9993   46.761  4.428E-01  6.544E+00  1.275E-04  6.209E-04  3.483E+02  1.878E-02   CO
15      14       663.4   1726.6025    173.6314   72.840  7.575E-02  2.852E+00  4.370E-05  1.275E-04  1.518E+02  1.006E-02   CO
16      15       751.7   1841.3455    162.8116   87.546  2.407E-02  1.205E+00  1.695E-05  4.370E-05  6.415E+01  5.158E-03   CO
1       0         23.6    492.1607    609.1354  278.707  1.955E-02  5.171E+00  3.877E-01  1.406E-01  2.753E+02  4.226E-04   [CI]
2       1         62.5    809.3420    370.4151  123.460  7.522E-02  7.612E+00  4.717E-01  3.877E-01  4.052E+02  2.766E-03   [CI]
2       0         62.5   1301.5026    230.3433  156.405  1.640E-09  2.087E-07  4.717E-01  1.406E-01  1.111E-05  3.154E-10   [CI]
1       0          4.2     88.6316   3382.4556    3.928  6.165E+00  1.044E+00  4.654E-01  4.582E-01  5.559E+01  4.985E-07   HCN
2       1         12.8    177.2611   1691.2478    3.573  5.727E+00  4.730E-01  7.173E-02  4.654E-01  2.517E+01  1.806E-06   HCN
3       2         25.5    265.8864   1127.5207    3.868  8.431E-01  2.108E-01  3.709E-03  7.173E-02  1.122E+01  2.716E-06   HCN
4       3         42.5    354.5055    845.6638    8.279  3.759E-02  9.098E-02  6.108E-04  3.709E-03  4.843E+00  2.779E-06   HCN
5       4         63.8    443.1161    676.5550   16.611  4.984E-03  4.066E-02  2.075E-04  6.108E-04  2.164E+00  2.425E-06   HCN
6       5         89.3    531.7163    563.8203   23.426  1.528E-03  1.975E-02  8.251E-05  2.075E-04  1.051E+00  2.035E-06   HCN
