      LINE         E_UP       FREQ        WAVEL     T_EX      TAU        T_R       POP        POP       FLUX        FLUX   SPECIES
                   (K)        (GHz)       (um)      (K)                  (K)        UP        LOW      (K*km/s) (erg/cm2/s)   SPECIES
1       0          5.5    115.2712   2600.7576  858.135  3.944E-01  2.785E+02  2.595E-02  8.707E-03  1.482E+04  2.924E-04   CO
2       1         16.6    230.5380   1300.4037  373.709  3.556E+00  3.575E+02  4.199E-02  2.595E-02  1.903E+04  3.002E-03   CO
3       2         33.2    345.7960    866.9634  364.176  7.902E+00  3.558E+02  5.617E-02  4.199E-02  1.894E+04  1.008E-02   CO
4       3         55.3    461.0408    650.2515  362.996  1.334E+01  3.520E+02  6.795E-02  5.617E-02  1.874E+04  2.365E-02   CO
5       4         83.0    576.2679    520.2310  360.901  1.953E+01  3.472E+02  7.692E-02  6.795E-02  1.848E+04  4.555E-02   CO
6       5        116.2    691.4731    433.5562  358.507  2.596E+01  3.422E+02  8.287E-02  7.692E-02  1.821E+04  7.754E-02   CO
7       6        154.9    806.6518    371.6504  354.324  3.224E+01  3.353E+02  8.573E-02  8.287E-02  1.785E+04  1.206E-01   CO
8       7        199.1    921.7997    325.2252  348.962  3.788E+01  3.273E+02  8.559E-02  8.573E-02  1.742E+04  1.757E-01   CO
9       8        248.9   1036.9124    289.1203  341.526  4.261E+01  3.172E+02  8.269E-02  8.559E-02  1.689E+04  2.424E-01   CO
10      9        304.2   1151.9855    260.2398  332.336  4.605E+01  3.055E+02  7.738E-02  8.269E-02  1.626E+04  3.201E-01   CO
11      10       365.0   1267.0145    236.6133  322.014  4.797E+01  2.926E+02  7.017E-02  7.738E-02  1.557E+04  4.079E-01   CO
12      11       431.3   1381.9951    216.9273  309.213  4.836E+01  2.772E+02  6.155E-02  7.017E-02  1.476E+04  5.016E-01   CO
13      12       503.1   1496.9229    200.2725  293.260  4.733E+01  2.588E+02  5.203E-02  6.155E-02  1.377E+04  5.950E-01   CO
14      13       580.5   1611.7935    185.9993  271.242  4.532E+01  2.344E+02  4.202E-02  5.203E-02  1.248E+04  6.728E-01   CO
15      14       663.4   1726.6025    173.6314  245.566  4.188E+01  2.065E+02  3.205E-02  4.202E-02  1.099E+04  7.284E-01   CO
16      15       751.7   1841.3455    162.8116  217.219  3.696E+01  1.760E+02  2.271E-02  3.205E-02  9.369E+03  7.533E-01   CO
1       0         23.6    492.1607    609.1354  460.461  4.244E-02  1.865E+01  3.552E-01  1.246E-01  9.926E+02  1.524E-03   [CI]
2       1         62.5    809.3420    370.4151  300.813  1.231E-01  3.264E+01  5.202E-01  3.552E-01  1.738E+03  1.186E-02   [CI]
2       0         62.5   1301.5026    230.3433  346.204  2.901E-09  9.164E-07  5.202E-01  1.246E-01  4.877E-05  1.385E-09   [CI]
1       0          4.2     88.6316   3382.4556   11.818  4.797E+00  8.617E+00  4.102E-01  1.960E-01  4.586E+02  4.112E-06   HCN
2       1         12.8    177.2611   1691.2478    9.933  1.274E+01  5.886E+00  2.903E-01  4.102E-01  3.133E+02  2.247E-05   HCN
3       2         25.5    265.8864   1127.5207    8.366  1.104E+01  3.429E+00  8.843E-02  2.903E-01  1.825E+02  4.418E-05   HCN
4       3         42.5    354.5055    845.6638    7.508  3.668E+00  1.886E+00  1.179E-02  8.843E-02  1.004E+02  5.760E-05   HCN
5       4         63.8    443.1161    676.5550   10.486  4.607E-01  1.186E+00  1.896E-03  1.179E-02  6.313E+01  7.074E-05   HCN
6       5         89.3    531.7163    563.8203   22.287  5.710E-02  6.610E-01  7.131E-04  1.896E-03  3.518E+01  6.811E-05   HCN
