      LINE         E_UP       FREQ        WAVEL     T_EX      TAU        T_R       POP        POP       FLUX        FLUX   SPECIES
                   (K)        (GHz)       (um)      (K)                  (K)        UP        LOW      (K*km/s) (erg/cm2/s)   SPECIES
1       0          5.5    115.2712   2600.7576   15.799  3.301E+00  1.190E+01  4.218E-01  1.995E-01  6.335E+02  1.250E-05   CO
2       1         16.6    230.5380   1300.4037   12.546  9.220E+00  7.622E+00  2.910E-01  4.218E-01  4.057E+02  6.401E-05   CO
3       2         33.2    345.7960    866.9634   10.060  7.889E+00  3.907E+00  7.828E-02  2.910E-01  2.080E+02  1.107E-04   CO
4       3         55.3    461.0408    650.2515    8.715  2.300E+00  1.701E+00  7.946E-03  7.828E-02  9.052E+01  1.142E-04   CO
5       4         83.0    576.2679    520.2310   12.538  2.188E-01  6.728E-01  1.070E-03  7.946E-03  3.581E+01  8.825E-05   CO
6       5        116.2    691.4731    433.5562   21.719  2.540E-02  2.306E-01  2.744E-04  1.070E-03  1.227E+01  5.226E-05   CO
7       6        154.9    806.6518    371.6504   27.989  6.137E-03  7.928E-02  7.939E-05  2.744E-04  4.220E+00  2.852E-05   CO
8       7        199.1    921.7997    325.2252   32.821  1.733E-03  2.688E-02  2.337E-05  7.939E-05  1.431E+00  1.443E-05   CO
9       8        248.9   1036.9124    289.1203   37.355  5.018E-04  8.950E-03  6.894E-06  2.337E-05  4.764E-01  6.839E-06   CO
10      9        304.2   1151.9855    260.2398   41.435  1.466E-04  2.897E-03  2.007E-06  6.894E-06  1.542E-01  3.036E-06   CO
11      10       365.0   1267.0145    236.6133   45.780  4.221E-05  9.250E-04  5.823E-07  2.007E-06  4.923E-02  1.290E-06   CO
12      11       431.3   1381.9951    216.9273   49.526  1.218E-05  2.870E-04  1.659E-07  5.823E-07  1.527E-02  5.192E-07   CO
13      12       503.1   1496.9229    200.2725   55.610  3.381E-06  9.203E-05  4.921E-08  1.659E-07  4.898E-03  2.116E-07   CO
14      13       580.5   1611.7935    185.9993   55.762  1.030E-06  2.651E-05  1.320E-08  4.921E-08  1.411E-03  7.610E-08   CO
15      14       663.4   1726.6025    173.6314   55.615  2.827E-07  6.816E-06  3.181E-09  1.320E-08  3.628E-04  2.405E-08   CO
16      15       751.7   1841.3455    162.8116   62.344  6.605E-08  1.867E-06  8.205E-10  3.181E-09  9.936E-05  7.989E-09   CO
1       0         23.6    492.1607    609.1354   18.583  1.853E-02  1.690E-01  4.007E-01  4.761E-01  8.998E+00  1.381E-05   [CI]
2       1         62.5    809.3420    370.4151   22.980  7.428E-03  6.502E-02  1.232E-01  4.007E-01  3.461E+00  2.363E-05   [CI]
2       0         62.5   1301.5026    230.3433   21.093  5.057E-10  1.724E-09  1.232E-01  4.761E-01  9.175E-08  2.605E-12   [CI]
1       0          4.2     88.6316   3382.4556    2.732  3.022E-01  1.398E-03  3.764E-01  5.953E-01  7.442E-02  6.673E-10   HCN
2       1         12.8    177.2611   1691.2478    2.733  1.542E-01  5.061E-04  2.790E-02  3.764E-01  2.694E-02  1.932E-09   HCN
3       2         25.5    265.8864   1127.5207    2.786  1.066E-02  1.368E-04  4.005E-04  2.790E-02  7.281E-03  1.762E-09   HCN
4       3         42.5    354.5055    845.6638    4.441  1.440E-04  4.953E-05  1.117E-05  4.005E-04  2.636E-03  1.513E-09   HCN
5       4         63.8    443.1161    676.5550   13.747  3.141E-06  1.804E-05  2.905E-06  1.117E-05  9.601E-04  1.076E-09   HCN
6       5         89.3    531.7163    563.8203   21.526  7.079E-07  7.948E-06  1.049E-06  2.905E-06  4.230E-04  8.190E-10   HCN
