      LINE         E_UP       FREQ        WAVEL     T_EX      TAU        T_R       POP        POP       FLUX        FLUX   SPECIES
                   (K)        (GHz)       (um)      (K)                  (K)        UP        LOW      (K*km/s) (erg/cm2/s)   SPECIES
1       0          5.5    115.2712   2600.7576  254.995  4.275E+00  2.479E+02  3.303E-02  1.125E-02  1.319E+04  2.603E-04   CO
2       1         16.6    230.5380   1300.4037  252.301  1.672E+01  2.466E+02  5.268E-02  3.303E-02  1.313E+04  2.071E-03   CO
3       2         33.2    345.7960    866.9634  252.448  3.557E+01  2.442E+02  6.907E-02  5.268E-02  1.300E+04  6.921E-03   CO
4       3         55.3    461.0408    650.2515  252.331  5.849E+01  2.414E+02  8.134E-02  6.907E-02  1.285E+04  1.622E-02   CO
5       4         83.0    576.2679    520.2310  252.105  8.272E+01  2.385E+02  8.909E-02  8.134E-02  1.270E+04  3.129E-02   CO
6       5        116.2    691.4731    433.5562  251.835  1.054E+02  2.356E+02  9.229E-02  8.909E-02  1.254E+04  5.339E-02   CO
7       6        154.9    806.6518    371.6504  251.376  1.244E+02  2.325E+02  9.129E-02  9.229E-02  1.238E+04  8.365E-02   CO
8       7        199.1    921.7997    325.2252  250.780  1.376E+02  2.293E+02  8.673E-02  9.129E-02  1.221E+04  1.231E-01   CO
9       8        248.9   1036.9124    289.1203  249.914  1.444E+02  2.259E+02  7.943E-02  8.673E-02  1.202E+04  1.726E-01   CO
10      9        304.2   1151.9855    260.2398  248.649  1.445E+02  2.220E+02  7.029E-02  7.943E-02  1.182E+04  2.327E-01   CO
11      10       365.0   1267.0145    236.6133  247.129  1.387E+02  2.180E+02  6.019E-02  7.029E-02  1.160E+04  3.039E-01   CO
12      11       431.3   1381.9951    216.9273  244.939  1.280E+02  2.133E+02  4.991E-02  6.019E-02  1.135E+04  3.859E-01   CO
13      12       503.1   1496.9229    200.2725  241.883  1.140E+02  2.077E+02  4.005E-02  4.991E-02  1.106E+04  4.776E-01   CO
14      13       580.5   1611.7935    185.9993  236.609  9.848E+01  2.000E+02  3.102E-02  4.005E-02  1.065E+04  5.741E-01   CO
15      14       663.4   1726.6025    173.6314  229.022  8.232E+01  1.901E+02  2.309E-02  3.102E-02  1.012E+04  6.707E-01   CO
16      15       751.7   1841.3455    162.8116  217.577  6.680E+01  1.764E+02  1.638E-02  2.309E-02  9.388E+03  7.548E-01   CO
1       0         23.6    492.1607    609.1354  262.059  1.938E-01  4.411E+01  3.602E-01  1.314E-01  2.348E+03  3.604E-03   [CI]
2       1         62.5    809.3420    370.4151  233.878  3.962E-01  7.033E+01  5.084E-01  3.602E-01  3.743E+03  2.556E-02   [CI]
2       0         62.5   1301.5026    230.3433  243.792  1.052E-08  2.250E-06  5.084E-01  1.314E-01  1.197E-04  3.400E-09   [CI]
1       0          4.2     88.6316   3382.4556   23.923  3.741E+00  2.024E+01  2.835E-01  1.129E-01  1.077E+03  9.658E-06   HCN
2       1         12.8    177.2611   1691.2478   19.877  1.339E+01  1.553E+01  3.080E-01  2.835E-01  8.268E+02  5.930E-05   HCN
3       2         25.5    265.8864   1127.5207   16.923  1.990E+01  1.122E+01  2.029E-01  3.080E-01  5.971E+02  1.445E-04   HCN
4       3         42.5    354.5055    845.6638   13.763  1.673E+01  6.932E+00  7.576E-02  2.029E-01  3.690E+02  2.117E-04   HCN
5       4         63.8    443.1161    676.5550   11.323  7.253E+00  3.826E+00  1.416E-02  7.576E-02  2.037E+02  2.282E-04   HCN
6       5         89.3    531.7163    563.8203   11.590  1.397E+00  2.387E+00  1.851E-03  1.416E-02  1.271E+02  2.460E-04   HCN
